0xabdc3982bf998c17 17844 1 -2 3 -4 5 6 7 -8 -9 -10 11 -12 -13 14 15 16 17 -18 -19 -20
0xb2521dac32d5cb44 17844 1 -2 3 -4 5 6 7 -8 -9 -10 11 -12 -13 14 15 16 17 -18 -19 -20
0x6706299eec4c53de 17844 1 -2 3 -4 5 6 7 -8 -9 -10 11 -12 -13 14 15 16 17 -18 -19 -20
0x9e74846332d29ccd 17844 1 -2 3 -4 5 6 7 -8 -9 -10 11 -12 -13 14 15 16 17 -18 -19 -20
0xf3656dc146f69088 17844 1 -2 3 -4 5 6 7 -8 -9 -10 11 -12 -13 14 15 16 17 -18 -19 -20
0xc07f115429fabc27 17844 1 -2 3 -4 5 6 7 -8 -9 -10 11 -12 -13 14 15 16 17 -18 -19 -20
0x1e211d732e1f854d 17844 1 -2 3 -4 5 6 7 -8 -9 -10 11 -12 -13 14 15 16 17 -18 -19 -20
0x8115e2e35dde7880 17844 1 -2 3 -4 5 6 7 -8 -9 -10 11 -12 -13 14 15 16 17 -18 -19 -20
0x2c5e40020e5e7081 17844 1 -2 3 -4 5 6 7 -8 -9 -10 11 -12 -13 14 15 16 17 -18 -19 -20
0x612c6bfe4731bcac 17844 1 -2 3 -4 5 6 7 -8 -9 -10 11 -12 -13 14 15 16 17 -18 -19 -20
0x14af0eb57d986101 17844 1 -2 3 -4 5 6 7 -8 -9 -10 11 -12 -13 14 15 16 17 -18 -19 -20
0x836e583da04017a3 17844 1 -2 3 -4 5 6 7 -8 -9 -10 11 -12 -13 14 15 16 17 -18 -19 -20
0x49568626a826259 17844 1 -2 3 -4 5 6 7 -8 -9 -10 11 -12 -13 14 15 16 17 -18 -19 -20
0x59c0ddea09dcdadf 17844 1 -2 3 -4 5 6 7 -8 -9 -10 11 -12 -13 14 15 16 17 -18 -19 -20
0x745f1f3f2b4e5f36 17844 1 -2 3 -4 5 6 7 -8 -9 -10 11 -12 -13 14 15 16 17 -18 -19 -20
0xfb7b9d7af5413604 17844 1 -2 3 -4 5 6 7 -8 -9 -10 11 -12 -13 14 15 16 17 -18 -19 -20
0x409456e58c64d0b5 17844 1 -2 3 -4 5 6 7 -8 -9 -10 11 -12 -13 14 15 16 17 -18 -19 -20
0xa4648e3950eefe1c 17844 1 -2 3 -4 5 6 7 -8 -9 -10 11 -12 -13 14 15 16 17 -18 -19 -20
0xf0e0570d64016bf0 17844 1 -2 3 -4 5 6 7 -8 -9 -10 11 -12 -13 14 15 16 17 -18 -19 -20
0x95431059d7e2bdd8 17844 1 -2 3 -4 5 6 7 -8 -9 -10 11 -12 -13 14 15 16 17 -18 -19 -20
0xb0bb9314a011bf4e 17844 1 -2 3 -4 5 6 7 -8 -9 -10 11 -12 -13 14 15 16 17 -18 -19 -20
0x6fe274a5f7d762ef 17844 1 -2 3 -4 5 6 7 -8 -9 -10 11 -12 -13 14 15 16 17 -18 -19 -20
0x30f12138b426a8a3 17844 1 -2 3 -4 5 6 7 -8 -9 -10 11 -12 -13 14 15 16 17 -18 -19 -20
0x52f2a219ca53633e 17844 1 -2 3 -4 5 6 7 -8 -9 -10 11 -12 -13 14 15 16 17 -18 -19 -20
0x758799af166e1493 17844 1 -2 3 -4 5 6 7 -8 -9 -10 11 -12 -13 14 15 16 17 -18 -19 -20
0xee927a7fdfacef6b 17844 1 -2 3 -4 5 6 7 -8 -9 -10 11 -12 -13 14 15 16 17 -18 -19 -20
0xa1adb8d12799935e 17844 1 -2 3 -4 5 6 7 -8 -9 -10 11 -12 -13 14 15 16 17 -18 -19 -20
0x948042d7a12faadf 17844 1 -2 3 -4 5 6 7 -8 -9 -10 11 -12 -13 14 15 16 17 -18 -19 -20
0x8385ae2ba37cf5df 17844 1 -2 3 -4 5 6 7 -8 -9 -10 11 -12 -13 14 15 16 17 -18 -19 -20
0x9b98d2244090cb31 17844 1 -2 3 -4 5 6 7 -8 -9 -10 11 -12 -13 14 15 16 17 -18 -19 -20