0x7c5faf909b7d557c 46357 -1 -2 3 -4 5 6 7 8 9 -10 -11 12 -13 14 15 16 -17 -18 19 -20
0x96387af6a9b93375 46357 -1 -2 3 -4 5 6 7 8 9 -10 -11 12 -13 14 15 16 -17 -18 19 -20
0xe9e2d5d3908f3def 46357 -1 -2 3 -4 5 6 7 8 9 -10 -11 12 -13 14 15 16 -17 -18 19 -20
0xc94da4a4763ee93b 46357 -1 -2 3 -4 5 6 7 8 9 -10 -11 12 -13 14 15 16 -17 -18 19 -20
0x698226fc4b07582 46357 -1 -2 3 -4 5 6 7 8 9 -10 -11 12 -13 14 15 16 -17 -18 19 -20
0xf0543b74db8f905d 46357 -1 -2 3 -4 5 6 7 8 9 -10 -11 12 -13 14 15 16 -17 -18 19 -20
0xe12b6c04967237e9 46357 -1 -2 3 -4 5 6 7 8 9 -10 -11 12 -13 14 15 16 -17 -18 19 -20
0x6dbdfc073e5a1045 46357 -1 -2 3 -4 5 6 7 8 9 -10 -11 12 -13 14 15 16 -17 -18 19 -20
0x89000a7337a74915 46357 -1 -2 3 -4 5 6 7 8 9 -10 -11 12 -13 14 15 16 -17 -18 19 -20
0x4c9268d87f231303 46357 -1 -2 3 -4 5 6 7 8 9 -10 -11 12 -13 14 15 16 -17 -18 19 -20
0x4fd546d79d07a53b 46357 -1 -2 3 -4 5 6 7 8 9 -10 -11 12 -13 14 15 16 -17 -18 19 -20
0xedb2ada9212bd2ed 46357 -1 -2 3 -4 5 6 7 8 9 -10 -11 12 -13 14 15 16 -17 -18 19 -20
0x865ecb92ffb830cd 46357 -1 -2 3 -4 5 6 7 8 9 -10 -11 12 -13 14 15 16 -17 -18 19 -20
0xaf8c0f77420bca94 46357 -1 -2 3 -4 5 6 7 8 9 -10 -11 12 -13 14 15 16 -17 -18 19 -20
0x62d1144473b6687e 46357 -1 -2 3 -4 5 6 7 8 9 -10 -11 12 -13 14 15 16 -17 -18 19 -20
0x8f3e5c80ffae64cb 46357 -1 -2 3 -4 5 6 7 8 9 -10 -11 12 -13 14 15 16 -17 -18 19 -20
0x61ddc856281141 46357 -1 -2 3 -4 5 6 7 8 9 -10 -11 12 -13 14 15 16 -17 -18 19 -20
0x52365c472fb4aca7 46357 -1 -2 3 -4 5 6 7 8 9 -10 -11 12 -13 14 15 16 -17 -18 19 -20
0xa6bc963f968ee849 46357 -1 -2 3 -4 5 6 7 8 9 -10 -11 12 -13 14 15 16 -17 -18 19 -20
0xe63e7b92e3b267b2 46357 -1 -2 3 -4 5 6 7 8 9 -10 -11 12 -13 14 15 16 -17 -18 19 -20
0xbcb20e2d1a3242cd 46357 -1 -2 3 -4 5 6 7 8 9 -10 -11 12 -13 14 15 16 -17 -18 19 -20
0x207815486b7b78f0 46357 -1 -2 3 -4 5 6 7 8 9 -10 -11 12 -13 14 15 16 -17 -18 19 -20
0xf33e12eb05d7144a 46357 -1 -2 3 -4 5 6 7 8 9 -10 -11 12 -13 14 15 16 -17 -18 19 -20
0x61f9f590c9c4846a 46357 -1 -2 3 -4 5 6 7 8 9 -10 -11 12 -13 14 15 16 -17 -18 19 -20
0xb23757a8a4eaa7c7 46357 -1 -2 3 -4 5 6 7 8 9 -10 -11 12 -13 14 15 16 -17 -18 19 -20
0x6bc80f153d31e539 46357 -1 -2 3 -4 5 6 7 8 9 -10 -11 12 -13 14 15 16 -17 -18 19 -20
0xc3e60cae06fd557f 46357 -1 -2 3 -4 5 6 7 8 9 -10 -11 12 -13 14 15 16 -17 -18 19 -20
0x57807800614d20e4 46357 -1 -2 3 -4 5 6 7 8 9 -10 -11 12 -13 14 15 16 -17 -18 19 -20
0x13805adc4937056d 46357 -1 -2 3 -4 5 6 7 8 9 -10 -11 12 -13 14 15 16 -17 -18 19 -20
0x1441c3130d142038 46357 -1 -2 3 -4 5 6 7 8 9 -10 -11 12 -13 14 15 16 -17 -18 19 -20