0xa2473e0d6dec8d73 27162 1 2 -3 -4 -5 -6 7 -8 9 -10 11 12 13 14 -15 16 17 18 19 20
0xd7226715ea14e94e 27162 -1 2 -3 -4 5 -6 7 -8 9 -10 11 -12 13 -14 15 16 17 -18 -19 -20
0xe28ae4b6a5fb7cba 27162 1 2 -3 -4 -5 -6 7 -8 9 -10 11 12 13 14 -15 16 17 18 19 20
0x192c595abe7bee20 27162 -1 2 -3 -4 5 -6 7 -8 9 -10 11 -12 13 -14 15 16 17 -18 -19 -20
0x997537ce63f2c98c 27162 -1 2 -3 -4 5 -6 7 -8 9 -10 11 -12 13 -14 15 16 17 -18 -19 -20
0xfd63b62f75e03dd1 27162 1 2 -3 -4 -5 -6 7 -8 9 -10 11 12 13 14 -15 16 17 18 19 20
0x6c0d81725ef48a06 27162 1 2 -3 -4 -5 -6 7 -8 9 -10 11 12 13 14 -15 16 17 18 19 20
0xc00a40e05c8efb05 27162 -1 2 -3 -4 5 -6 7 -8 9 -10 11 -12 13 -14 15 16 17 -18 -19 -20
0x831ee9928db578ec 27162 1 2 -3 -4 -5 -6 7 -8 9 -10 11 12 13 14 -15 16 17 18 19 20
0xb0c7e1fc9dcaa49e 27162 -1 2 -3 -4 5 -6 7 -8 9 -10 11 -12 13 -14 15 16 17 -18 -19 -20
0x1a7ff55faf888542 27162 1 2 -3 -4 -5 -6 7 -8 9 -10 11 12 13 14 -15 16 17 18 19 20
0xe9e217565505c5c0 27162 -1 2 -3 -4 5 -6 7 -8 9 -10 11 -12 13 -14 15 16 17 -18 -19 -20
0x1603f747e1cb8249 27162 -1 2 -3 -4 5 -6 7 -8 9 -10 11 -12 13 -14 15 16 17 -18 -19 -20
0x54b093505d01938c 27162 1 2 -3 -4 -5 -6 7 -8 9 -10 11 12 13 14 -15 16 17 18 19 20
0xc6f1e2fa6621189 27162 -1 2 -3 -4 5 -6 7 -8 9 -10 11 -12 13 -14 15 16 17 -18 -19 -20
0xd3abe36693e342a4 27162 -1 2 -3 -4 5 -6 7 -8 9 -10 11 -12 13 -14 15 16 17 -18 -19 -20
0xf7b76293ee048799 27162 -1 2 -3 -4 5 -6 7 -8 9 -10 11 -12 13 -14 15 16 17 -18 -19 -20
0xa0f4624b43985a9b 27162 -1 2 -3 -4 5 -6 7 -8 9 -10 11 -12 13 -14 15 16 17 -18 -19 -20
0x689d640bdf6384e9 27162 1 2 -3 -4 -5 -6 7 -8 9 -10 11 12 13 14 -15 16 17 18 19 20
0xca952c0139022a3f 27162 -1 2 -3 -4 5 -6 7 -8 9 -10 11 -12 13 -14 15 16 17 -18 -19 -20
0x5424be0c30a49418 27162 -1 2 -3 -4 5 -6 7 -8 9 -10 11 -12 13 -14 15 16 17 -18 -19 -20
0x1a4a232564c3ffec 27162 1 2 -3 -4 -5 -6 7 -8 9 -10 11 12 13 14 -15 16 17 18 19 20
0xae93a9aad274a7b7 27162 1 2 -3 -4 -5 -6 7 -8 9 -10 11 12 13 14 -15 16 17 18 19 20
0x24a2dfb86404a34f 27162 1 2 -3 -4 -5 -6 7 -8 9 -10 11 12 13 14 -15 16 17 18 19 20
0xd02c34449acf7f11 27162 1 2 -3 -4 -5 -6 7 -8 9 -10 11 12 13 14 -15 16 17 18 19 20
0x8c3fccb9cb19aebe 27162 -1 2 -3 -4 5 -6 7 -8 9 -10 11 -12 13 -14 15 16 17 -18 -19 -20
0x1ac84778fc456fd 27162 -1 2 -3 -4 5 -6 7 -8 9 -10 11 -12 13 -14 15 16 17 -18 -19 -20
0x4dae3c50a7f226d6 27162 -1 2 -3 -4 5 -6 7 -8 9 -10 11 -12 13 -14 15 16 17 -18 -19 -20
0x8cf57a0d0c934137 27162 1 2 -3 -4 -5 -6 7 -8 9 -10 11 12 13 14 -15 16 17 18 19 20
0x307439633216c5ce 27162 -1 2 -3 -4 5 -6 7 -8 9 -10 11 -12 13 -14 15 16 17 -18 -19 -20