0x9b1ce363a39e7867 13587 1 -2 3 4 -5 -6 -7 8 9 10 -11 12 -13 -14 15 16 17 -18 -19 20
0x64fcd6210da7dd87 13587 1 -2 3 4 -5 -6 -7 8 9 10 -11 12 -13 -14 15 16 17 -18 -19 20
0xc9eb8ee42818a5dd 13587 1 -2 3 4 -5 -6 -7 8 9 10 -11 12 -13 -14 15 16 17 -18 -19 20
0x139f733a42f3a23f 13587 1 -2 3 4 -5 -6 -7 8 9 10 -11 12 -13 -14 15 16 17 -18 -19 20
0x76b811d2ddfe94f7 13587 1 -2 3 4 -5 -6 -7 8 9 10 -11 12 -13 -14 15 16 17 -18 -19 20
0x759a7ecd270e6316 13587 1 -2 3 4 -5 -6 -7 8 9 10 -11 12 -13 -14 15 16 17 -18 -19 20
0x7dcddb859e5f41f 13587 1 -2 3 4 -5 -6 -7 8 9 10 -11 12 -13 -14 15 16 17 -18 -19 20
0x5d74c2f84db9b1d8 13587 1 -2 3 4 -5 -6 -7 8 9 10 -11 12 -13 -14 15 16 17 -18 -19 20
0x4a297745177b45cc 13587 1 -2 3 4 -5 -6 -7 8 9 10 -11 12 -13 -14 15 16 17 -18 -19 20
0xc6ef0b29eb25e6c8 13587 1 -2 3 4 -5 -6 -7 8 9 10 -11 12 -13 -14 15 16 17 -18 -19 20
0x6b13caeb89021c10 13587 1 -2 3 4 -5 -6 -7 8 9 10 -11 12 -13 -14 15 16 17 -18 -19 20
0x39d57bfdf8f0747a 13587 1 -2 3 4 -5 -6 -7 8 9 10 -11 12 -13 -14 15 16 17 -18 -19 20
0x440d97df346ee187 13587 1 -2 3 4 -5 -6 -7 8 9 10 -11 12 -13 -14 15 16 17 -18 -19 20
0xf301917dedc8702c 13587 1 -2 3 4 -5 -6 -7 8 9 10 -11 12 -13 -14 15 16 17 -18 -19 20
0x8f5ac73e614da5c3 13587 1 -2 3 4 -5 -6 -7 8 9 10 -11 12 -13 -14 15 16 17 -18 -19 20
0x809a62757e77a98a 13587 1 -2 3 4 -5 -6 -7 8 9 10 -11 12 -13 -14 15 16 17 -18 -19 20
0x970c86eeab207e21 13587 1 -2 3 4 -5 -6 -7 8 9 10 -11 12 -13 -14 15 16 17 -18 -19 20
0x63f6b718c3ccab1a 13587 1 -2 3 4 -5 -6 -7 8 9 10 -11 12 -13 -14 15 16 17 -18 -19 20
0xcdfa92862262736 13587 1 -2 3 4 -5 -6 -7 8 9 10 -11 12 -13 -14 15 16 17 -18 -19 20
0xbb512acc74c04e7a 13587 1 -2 3 4 -5 -6 -7 8 9 10 -11 12 -13 -14 15 16 17 -18 -19 20
0x44362f62546f1dbb 13587 1 -2 3 4 -5 -6 -7 8 9 10 -11 12 -13 -14 15 16 17 -18 -19 20
0xa7eba0c5c9ac6066 13587 1 -2 3 4 -5 -6 -7 8 9 10 -11 12 -13 -14 15 16 17 -18 -19 20
0x84cdf848afa4e72b 13587 1 -2 3 4 -5 -6 -7 8 9 10 -11 12 -13 -14 15 16 17 -18 -19 20
0xd394b16f3e302ade 13587 1 -2 3 4 -5 -6 -7 8 9 10 -11 12 -13 -14 15 16 17 -18 -19 20
0xdab371735dab1df5 13587 1 -2 3 4 -5 -6 -7 8 9 10 -11 12 -13 -14 15 16 17 -18 -19 20
0x1bd7ec02faf0e0d 13587 1 -2 3 4 -5 -6 -7 8 9 10 -11 12 -13 -14 15 16 17 -18 -19 20
0xbc798877d5ba9564 13587 1 -2 3 4 -5 -6 -7 8 9 10 -11 12 -13 -14 15 16 17 -18 -19 20
0x8493bdf06d229c5d 13587 1 -2 3 4 -5 -6 -7 8 9 10 -11 12 -13 -14 15 16 17 -18 -19 20
0x901c362fbde16b01 13587 1 -2 3 4 -5 -6 -7 8 9 10 -11 12 -13 -14 15 16 17 -18 -19 20
0xedfc6639840e5fce 13587 1 -2 3 4 -5 -6 -7 8 9 10 -11 12 -13 -14 15 16 17 -18 -19 20