0x11c892edb52829cd 16906 1 2 3 4 -5 -6 -7 -8 9 10 -11 12 -13 14 15 -16 -17 -18 19 -20
0x7c09f0d943467355 16906 1 2 3 4 -5 -6 -7 -8 9 10 -11 12 -13 14 15 -16 -17 -18 19 -20
0xd94587db89c4368c 16906 1 2 3 4 -5 -6 -7 -8 9 10 -11 12 -13 14 15 -16 -17 -18 19 -20
0x92ff4480bb9cbfc4 16906 1 2 3 4 -5 -6 -7 -8 9 10 -11 12 -13 14 15 -16 -17 -18 19 -20
0xfc1bf2b010c818f9 16906 1 2 3 4 -5 -6 -7 -8 9 10 -11 12 -13 14 15 -16 -17 -18 19 -20
0x17ea3c14dd59646c 16906 1 2 3 4 -5 -6 -7 -8 9 10 -11 12 -13 14 15 -16 -17 -18 19 -20
0x541c9cc7f3674092 16906 1 2 3 4 -5 -6 -7 -8 9 10 -11 12 -13 14 15 -16 -17 -18 19 -20
0xaff990c9ca0c6d12 16906 1 2 3 4 -5 -6 -7 -8 9 10 -11 12 -13 14 15 -16 -17 -18 19 -20
0x8139f460830eb165 16906 1 2 3 4 -5 -6 -7 -8 9 10 -11 12 -13 14 15 -16 -17 -18 19 -20
0xf8c069f28a7e795c 16906 1 2 3 4 -5 -6 -7 -8 9 10 -11 12 -13 14 15 -16 -17 -18 19 -20
0xb78ae21008236b9a 16906 1 2 3 4 -5 -6 -7 -8 9 10 -11 12 -13 14 15 -16 -17 -18 19 -20
0x60b3dbd78772a48e 16906 1 2 3 4 -5 -6 -7 -8 9 10 -11 12 -13 14 15 -16 -17 -18 19 -20
0xb2a763f93c41a5cd 16906 1 2 3 4 -5 -6 -7 -8 9 10 -11 12 -13 14 15 -16 -17 -18 19 -20
0xc9207ef983f7d785 16906 1 2 3 4 -5 -6 -7 -8 9 10 -11 12 -13 14 15 -16 -17 -18 19 -20
0xec0ec0356a90f869 16906 1 2 3 4 -5 -6 -7 -8 9 10 -11 12 -13 14 15 -16 -17 -18 19 -20
0xc3184fd5c4a07c29 16906 1 2 3 4 -5 -6 -7 -8 9 10 -11 12 -13 14 15 -16 -17 -18 19 -20
0xeeba7d0d6503cbd4 16906 1 2 3 4 -5 -6 -7 -8 9 10 -11 12 -13 14 15 -16 -17 -18 19 -20
0x5c005867906b4956 16906 1 2 3 4 -5 -6 -7 -8 9 10 -11 12 -13 14 15 -16 -17 -18 19 -20
0x73c3f878b3afd79 16906 1 2 3 4 -5 -6 -7 -8 9 10 -11 12 -13 14 15 -16 -17 -18 19 -20
0xc86acd0a1de05309 16906 1 2 3 4 -5 -6 -7 -8 9 10 -11 12 -13 14 15 -16 -17 -18 19 -20
0xfc0756b0d5c36c53 16906 1 2 3 4 -5 -6 -7 -8 9 10 -11 12 -13 14 15 -16 -17 -18 19 -20
0xab7bb2db5eb1fffa 16906 1 2 3 4 -5 -6 -7 -8 9 10 -11 12 -13 14 15 -16 -17 -18 19 -20
0x9c703437a425d8d8 16906 1 2 3 4 -5 -6 -7 -8 9 10 -11 12 -13 14 15 -16 -17 -18 19 -20
0x812a44bfefa448b6 16906 1 2 3 4 -5 -6 -7 -8 9 10 -11 12 -13 14 15 -16 -17 -18 19 -20
0x331bce3de2ed86a3 16906 1 2 3 4 -5 -6 -7 -8 9 10 -11 12 -13 14 15 -16 -17 -18 19 -20
0x3b221dd2b5288c71 16906 1 2 3 4 -5 -6 -7 -8 9 10 -11 12 -13 14 15 -16 -17 -18 19 -20
0xb2099771983b8437 16906 1 2 3 4 -5 -6 -7 -8 9 10 -11 12 -13 14 15 -16 -17 -18 19 -20
0x925657e4ae0e3671 16906 1 2 3 4 -5 -6 -7 -8 9 10 -11 12 -13 14 15 -16 -17 -18 19 -20
0xa23fa7753819ca7b 16906 1 2 3 4 -5 -6 -7 -8 9 10 -11 12 -13 14 15 -16 -17 -18 19 -20
0xfae86eaf92643699 16906 1 2 3 4 -5 -6 -7 -8 9 10 -11 12 -13 14 15 -16 -17 -18 19 -20