0x4e114184f9056a0e 9393 -1 -2 -3 -4 -5 -6 7 -8 -9 10 -11 12 -13 -14 -15 16 -17 18 19 20
0xbd8db19ad2a93a15 9393 -1 -2 -3 -4 -5 -6 7 -8 -9 10 -11 12 -13 -14 -15 16 -17 18 19 20
0xe187ec1e40e7f909 9393 -1 -2 -3 -4 -5 6 7 -8 -9 10 -11 12 -13 -14 -15 -16 -17 18 19 20
0x99ffd5f7cc1610a 9393 -1 -2 -3 -4 -5 -6 7 -8 -9 10 -11 12 -13 -14 -15 16 -17 18 19 20
0xf3aed750a0e273b3 9393 -1 -2 -3 -4 -5 6 7 -8 -9 10 -11 12 -13 -14 -15 -16 -17 18 19 20
0xb6a37169dc48f573 9393 -1 -2 -3 -4 -5 -6 7 -8 -9 10 -11 12 -13 -14 -15 16 -17 18 19 20
0x73988032a4e22440 9393 -1 -2 -3 -4 -5 6 7 -8 -9 10 -11 12 -13 -14 -15 -16 -17 18 19 20
0xa182447b772a31d3 9393 -1 -2 -3 -4 -5 -6 7 -8 -9 10 -11 12 -13 -14 -15 16 -17 18 19 20
0x9fce7bd48b54947d 9393 -1 -2 -3 -4 -5 -6 7 -8 -9 10 -11 12 -13 -14 -15 16 -17 18 19 20
0x3da713f039651641 9393 -1 -2 -3 -4 -5 6 7 -8 -9 10 -11 12 -13 -14 -15 -16 -17 18 19 20
0x163825dc919c3fb5 9393 -1 -2 -3 -4 -5 6 7 -8 -9 10 -11 12 -13 -14 -15 -16 -17 18 19 20
0x501b221e754b0dd1 9393 -1 -2 -3 -4 -5 6 7 -8 -9 10 -11 12 -13 -14 -15 -16 -17 18 19 20
0x2c9f3028a8709b74 9393 -1 -2 -3 -4 -5 6 7 -8 -9 10 -11 12 -13 -14 -15 -16 -17 18 19 20
0xc696061bf6f6ac0e 9393 -1 -2 -3 -4 -5 6 7 -8 -9 10 -11 12 -13 -14 -15 -16 -17 18 19 20
0x45d4a71ebf6e7a52 9393 -1 -2 -3 -4 -5 -6 7 -8 -9 10 -11 12 -13 -14 -15 16 -17 18 19 20
0x6d4ac74f06b1aed9 9393 -1 -2 -3 -4 -5 -6 7 -8 -9 10 -11 12 -13 -14 -15 16 -17 18 19 20
0xca70832cf0b5f0c7 9393 -1 -2 -3 -4 -5 6 7 -8 -9 10 -11 12 -13 -14 -15 -16 -17 18 19 20
0xbc8d269c0464b0e 9393 -1 -2 -3 -4 -5 6 7 -8 -9 10 -11 12 -13 -14 -15 -16 -17 18 19 20
0xf58e2c19920fb63b 9393 -1 -2 -3 -4 -5 -6 7 -8 -9 10 -11 12 -13 -14 -15 16 -17 18 19 20
0x7c87e4251f074d74 9393 -1 -2 -3 -4 -5 6 7 -8 -9 10 -11 12 -13 -14 -15 -16 -17 18 19 20
0xb4aa08818bfabe 9393 -1 -2 -3 -4 -5 -6 7 -8 -9 10 -11 12 -13 -14 -15 16 -17 18 19 20
0xf665fc79931ca3af 9393 -1 -2 -3 -4 -5 -6 7 -8 -9 10 -11 12 -13 -14 -15 16 -17 18 19 20
0x28757b4caf950c72 9393 -1 -2 -3 -4 -5 -6 7 -8 -9 10 -11 12 -13 -14 -15 16 -17 18 19 20
0x2a4e4e83c3816d14 9393 -1 -2 -3 -4 -5 -6 7 -8 -9 10 -11 12 -13 -14 -15 16 -17 18 19 20
0xa499fbb46b7ecda4 9393 -1 -2 -3 -4 -5 -6 7 -8 -9 10 -11 12 -13 -14 -15 16 -17 18 19 20
0xe1d63187fed7abb8 9393 -1 -2 -3 -4 -5 -6 7 -8 -9 10 -11 12 -13 -14 -15 16 -17 18 19 20
0xcaee633d78a02fe8 9393 -1 -2 -3 -4 -5 6 7 -8 -9 10 -11 12 -13 -14 -15 -16 -17 18 19 20
0x99734255537f350 9393 -1 -2 -3 -4 -5 -6 7 -8 -9 10 -11 12 -13 -14 -15 16 -17 18 19 20
0x9b69b32586575511 9393 -1 -2 -3 -4 -5 6 7 -8 -9 10 -11 12 -13 -14 -15 -16 -17 18 19 20
0x4bacc40a047c0dba 9393 -1 -2 -3 -4 -5 6 7 -8 -9 10 -11 12 -13 -14 -15 -16 -17 18 19 20