0x4bc9023a327f25d1 10146 -1 2 3 4 -5 6 -7 8 9 10 -11 12 13 14 15 16 -17 18 19 20
0xb90e2c6282afce5d 10146 -1 2 3 4 -5 6 -7 8 9 10 -11 12 13 14 15 16 -17 18 19 20
0x78e5b706eae83995 10146 -1 2 3 4 -5 6 -7 8 9 10 -11 12 13 14 15 16 -17 18 19 20
0xcb375c223bd79042 10146 -1 2 3 4 -5 6 -7 8 9 10 -11 12 13 14 15 16 -17 18 19 20
0x1104a0c11e00f3de 10146 -1 2 3 4 -5 6 -7 8 9 10 -11 12 13 14 15 16 -17 18 19 20
0xa11bace2fd6af7f2 10146 -1 2 3 4 -5 6 -7 8 9 10 -11 12 13 14 15 16 -17 18 19 20
0x7a0fb0dd04abf1e1 10146 -1 2 3 4 -5 6 -7 8 9 10 -11 12 13 14 15 16 -17 18 19 20
0x6c2124b6857d76b2 10146 -1 2 3 4 -5 6 -7 8 9 10 -11 12 13 14 15 16 -17 18 19 20
0xf5da7fadde537c91 10146 -1 2 3 4 -5 6 -7 8 9 10 -11 12 13 14 15 16 -17 18 19 20
0x39153fb43c3d8c4d 10146 -1 2 3 4 -5 6 -7 8 9 10 -11 12 13 14 15 16 -17 18 19 20
0xbc5540eba96802d9 10146 -1 2 3 4 -5 6 -7 8 9 10 -11 12 13 14 15 16 -17 18 19 20
0x43a8652fbed362cc 10146 -1 2 3 4 -5 6 -7 8 9 10 -11 12 13 14 15 16 -17 18 19 20
0x9b788b8cce17b5e3 10146 -1 2 3 4 -5 6 -7 8 9 10 -11 12 13 14 15 16 -17 18 19 20
0xb6fdd7c36e49fe7c 10146 -1 2 3 4 -5 6 -7 8 9 10 -11 12 13 14 15 16 -17 18 19 20
0x33f49c80559b91b 10146 -1 2 3 4 -5 6 -7 8 9 10 -11 12 13 14 15 16 -17 18 19 20
0x46cfa5442d7c6de7 10146 -1 2 3 4 -5 6 -7 8 9 10 -11 12 13 14 15 16 -17 18 19 20
0xd5b4a913b47d522c 10146 -1 2 3 4 -5 6 -7 8 9 10 -11 12 13 14 15 16 -17 18 19 20
0x482696ca6906f9d8 10146 -1 2 3 4 -5 6 -7 8 9 10 -11 12 13 14 15 16 -17 18 19 20
0x42160a28f83d1900 10146 -1 2 3 4 -5 6 -7 8 9 10 -11 12 13 14 15 16 -17 18 19 20
0x30a620aac43c555b 10146 -1 2 3 4 -5 6 -7 8 9 10 -11 12 13 14 15 16 -17 18 19 20
0xdd222215df8a63db 10146 -1 2 3 4 -5 6 -7 8 9 10 -11 12 13 14 15 16 -17 18 19 20
0xa36c5280061ecdba 10146 -1 2 3 4 -5 6 -7 8 9 10 -11 12 13 14 15 16 -17 18 19 20
0xfe4f4c86ca34ae1 10146 -1 2 3 4 -5 6 -7 8 9 10 -11 12 13 14 15 16 -17 18 19 20
0x7285c71e215d7a80 10146 -1 2 3 4 -5 6 -7 8 9 10 -11 12 13 14 15 16 -17 18 19 20
0xed11affec4bc3103 10146 -1 2 3 4 -5 6 -7 8 9 10 -11 12 13 14 15 16 -17 18 19 20
0x3bf5949d72556d78 10146 -1 2 3 4 -5 6 -7 8 9 10 -11 12 13 14 15 16 -17 18 19 20
0x4f78b05c13189b14 10146 -1 2 3 4 -5 6 -7 8 9 10 -11 12 13 14 15 16 -17 18 19 20
0x52148bbc63b8fcba 10146 -1 2 3 4 -5 6 -7 8 9 10 -11 12 13 14 15 16 -17 18 19 20
0xe66cd694524a30f8 10146 -1 2 3 4 -5 6 -7 8 9 10 -11 12 13 14 15 16 -17 18 19 20
0xabca959b474825df 10146 -1 2 3 4 -5 6 -7 8 9 10 -11 12 13 14 15 16 -17 18 19 20