0xfe80efc235f86457 13993 -1 2 -3 -4 -5 -6 7 -8 -9 10 11 12 -13 14 -15 16 -17 18 -19 20
0xe4d1b7ffa1ee4bb1 13993 -1 2 -3 -4 -5 -6 7 -8 -9 10 11 12 -13 14 -15 16 -17 18 -19 20
0xe9ce945ef51cee05 13993 -1 2 -3 -4 -5 -6 7 -8 -9 10 11 12 -13 14 -15 16 -17 18 -19 20
0xe7434f77db90813d 13993 -1 2 -3 -4 -5 -6 7 -8 -9 10 11 12 -13 14 -15 16 -17 18 -19 20
0x3db60fb74c9ecc86 13993 -1 2 -3 -4 -5 -6 7 -8 -9 10 11 12 -13 14 -15 16 -17 18 -19 20
0xfc14badaf11f85d3 13993 -1 2 -3 -4 -5 -6 7 -8 -9 10 11 12 -13 14 -15 16 -17 18 -19 20
0x9b972977d7013f5b 13993 -1 2 -3 -4 -5 -6 7 -8 -9 10 11 12 -13 14 -15 16 -17 18 -19 20
0xf0f42a770000e518 13993 -1 2 -3 -4 -5 -6 7 -8 -9 10 11 12 -13 14 -15 16 -17 18 -19 20
0x2d4756933989ca48 13993 -1 2 -3 -4 -5 -6 7 -8 -9 10 11 12 -13 14 -15 16 -17 18 -19 20
0xba45b3dae40446ee 13993 -1 2 -3 -4 -5 -6 7 -8 -9 10 11 12 -13 14 -15 16 -17 18 -19 20
0x669f2934e018e551 13993 -1 2 -3 -4 -5 -6 7 -8 -9 10 11 12 -13 14 -15 16 -17 18 -19 20
0xb8aac1d6c0ae1f79 13993 -1 2 -3 -4 -5 -6 7 -8 -9 10 11 12 -13 14 -15 16 -17 18 -19 20
0xfd643b7bac8451f5 13993 -1 2 -3 -4 -5 -6 7 -8 -9 10 11 12 -13 14 -15 16 -17 18 -19 20
0x366eeaa04220ee01 13993 -1 2 -3 -4 -5 -6 7 -8 -9 10 11 12 -13 14 -15 16 -17 18 -19 20
0x54aa8b2d25e5f8a1 13993 -1 2 -3 -4 -5 -6 7 -8 -9 10 11 12 -13 14 -15 16 -17 18 -19 20
0x7dc00e1de51b2ed 13993 -1 2 -3 -4 -5 -6 7 -8 -9 10 11 12 -13 14 -15 16 -17 18 -19 20
0x3bf2ccec97af5f53 13993 -1 2 -3 -4 -5 -6 7 -8 -9 10 11 12 -13 14 -15 16 -17 18 -19 20
0x90e6f15e26eef7a8 13993 -1 2 -3 -4 -5 -6 7 -8 -9 10 11 12 -13 14 -15 16 -17 18 -19 20
0x3e669b3ab7576ead 13993 -1 2 -3 -4 -5 -6 7 -8 -9 10 11 12 -13 14 -15 16 -17 18 -19 20
0xb7ae56c8be5b49f0 13993 -1 2 -3 -4 -5 -6 7 -8 -9 10 11 12 -13 14 -15 16 -17 18 -19 20
0xada79f276e955ccd 13993 -1 2 -3 -4 -5 -6 7 -8 -9 10 11 12 -13 14 -15 16 -17 18 -19 20
0xec2cbec14075a918 13993 -1 2 -3 -4 -5 -6 7 -8 -9 10 11 12 -13 14 -15 16 -17 18 -19 20
0x658bc4cf61838153 13993 -1 2 -3 -4 -5 -6 7 -8 -9 10 11 12 -13 14 -15 16 -17 18 -19 20
0x8b38f4030e38398e 13993 -1 2 -3 -4 -5 -6 7 -8 -9 10 11 12 -13 14 -15 16 -17 18 -19 20
0xb326fac82e343d37 13993 -1 2 -3 -4 -5 -6 7 -8 -9 10 11 12 -13 14 -15 16 -17 18 -19 20
0xadfb323ee98eae30 13993 -1 2 -3 -4 -5 -6 7 -8 -9 10 11 12 -13 14 -15 16 -17 18 -19 20
0x760f1e76e8cb74bc 13993 -1 2 -3 -4 -5 -6 7 -8 -9 10 11 12 -13 14 -15 16 -17 18 -19 20
0x49c45990f3087f46 13993 -1 2 -3 -4 -5 -6 7 -8 -9 10 11 12 -13 14 -15 16 -17 18 -19 20
0x3104ff8da2716b69 13993 -1 2 -3 -4 -5 -6 7 -8 -9 10 11 12 -13 14 -15 16 -17 18 -19 20
0x78a3364aa70f8100 13993 -1 2 -3 -4 -5 -6 7 -8 -9 10 11 12 -13 14 -15 16 -17 18 -19 20