0xf0bb3a87a5d04d59 21669 -1 2 3 4 5 6 7 -8 -9 10 -11 12 13 -14 -15 16 -17 18 19 -20
0x4b1f172a07423f29 21669 -1 2 3 4 5 6 7 -8 -9 10 -11 12 13 -14 -15 16 -17 18 19 -20
0xdaf71c98490a81b5 21669 -1 2 3 4 5 6 7 -8 -9 10 -11 12 13 -14 -15 16 -17 18 19 -20
0x1491564bbb89597e 21669 -1 2 3 4 5 6 7 -8 -9 10 -11 12 13 -14 -15 16 -17 18 19 -20
0x7d66032803bfb88b 21669 -1 2 3 4 5 6 7 -8 -9 10 -11 12 13 -14 -15 16 -17 18 19 -20
0xbe983322e0cc91ac 21669 -1 2 3 4 5 6 7 -8 -9 10 -11 12 13 -14 -15 16 -17 18 19 -20
0x11c9f7693fca540d 21669 -1 2 3 4 5 6 7 -8 -9 10 -11 12 13 -14 -15 16 -17 18 19 -20
0x46fa233de83243de 21669 -1 2 3 4 5 6 7 -8 -9 10 -11 12 13 -14 -15 16 -17 18 19 -20
0x5aa5726cffa1d280 21669 -1 2 3 4 5 6 7 -8 -9 10 -11 12 13 -14 -15 16 -17 18 19 -20
0xed45337bd28beb9b 21669 -1 2 3 4 5 6 7 -8 -9 10 -11 12 13 -14 -15 16 -17 18 19 -20
0x3b80cbac722a5b7a 21669 -1 2 3 4 5 6 7 -8 -9 10 -11 12 13 -14 -15 16 -17 18 19 -20
0x50435d4137d966e 21669 -1 2 3 4 5 6 7 -8 -9 10 -11 12 13 -14 -15 16 -17 18 19 -20
0xe662cdddb1b25e4c 21669 -1 2 3 4 5 6 7 -8 -9 10 -11 12 13 -14 -15 16 -17 18 19 -20
0xf4ddec472b66f7eb 21669 -1 2 3 4 5 6 7 -8 -9 10 -11 12 13 -14 -15 16 -17 18 19 -20
0xe5cd51a0f4b5f0a9 21669 -1 2 3 4 5 6 7 -8 -9 10 -11 12 13 -14 -15 16 -17 18 19 -20
0xcb76c4d0e3f3e6dd 21669 -1 2 3 4 5 6 7 -8 -9 10 -11 12 13 -14 -15 16 -17 18 19 -20
0x260ea65a577f8028 21669 -1 2 3 4 5 6 7 -8 -9 10 -11 12 13 -14 -15 16 -17 18 19 -20
0xd069ffa14cb449d2 21669 -1 2 3 4 5 6 7 -8 -9 10 -11 12 13 -14 -15 16 -17 18 19 -20
0xcc1e507b516b3f96 21669 -1 2 3 4 5 6 7 -8 -9 10 -11 12 13 -14 -15 16 -17 18 19 -20
0x41c703329c966898 21669 -1 2 3 4 5 6 7 -8 -9 10 -11 12 13 -14 -15 16 -17 18 19 -20
0xcf8fec0977c620db 21669 -1 2 3 4 5 6 7 -8 -9 10 -11 12 13 -14 -15 16 -17 18 19 -20
0xda5b18af0eaf72ca 21669 -1 2 3 4 5 6 7 -8 -9 10 -11 12 13 -14 -15 16 -17 18 19 -20
0xc6b0c126245b4073 21669 -1 2 3 4 5 6 7 -8 -9 10 -11 12 13 -14 -15 16 -17 18 19 -20
0x79556e661d5a1f3d 21669 -1 2 3 4 5 6 7 -8 -9 10 -11 12 13 -14 -15 16 -17 18 19 -20
0x4aa0966bc153e669 21669 -1 2 3 4 5 6 7 -8 -9 10 -11 12 13 -14 -15 16 -17 18 19 -20
0x1c3f00dca7631ed7 21669 -1 2 3 4 5 6 7 -8 -9 10 -11 12 13 -14 -15 16 -17 18 19 -20
0x2376f473659964ec 21669 -1 2 3 4 5 6 7 -8 -9 10 -11 12 13 -14 -15 16 -17 18 19 -20
0xff88127a9104de11 21669 -1 2 3 4 5 6 7 -8 -9 10 -11 12 13 -14 -15 16 -17 18 19 -20
0x4065025904d33e31 21669 -1 2 3 4 5 6 7 -8 -9 10 -11 12 13 -14 -15 16 -17 18 19 -20
0x98a15dd5e1775dc 21669 -1 2 3 4 5 6 7 -8 -9 10 -11 12 13 -14 -15 16 -17 18 19 -20