0x18185b79799108bc 12168 -1 2 3 4 -5 6 -7 -8 9 -10 11 12 -13 14 -15 16 17 -18 -19 20
0xac3776b0eff6977f 12168 -1 2 3 4 -5 6 -7 -8 9 -10 11 12 -13 14 -15 16 17 -18 -19 20
0x5afeae7dcd0f4096 12168 -1 2 3 4 -5 6 -7 -8 9 -10 11 12 -13 14 -15 16 17 -18 -19 20
0x1b9e8dfbafd2eab7 12168 -1 2 3 4 -5 6 -7 -8 9 -10 11 12 -13 14 -15 16 17 -18 -19 20
0x2214f6762b05828d 12168 -1 2 3 4 -5 6 -7 -8 9 -10 11 12 -13 14 -15 16 17 -18 -19 20
0x40ed989742c2209b 12168 -1 2 3 4 -5 6 -7 -8 9 -10 11 12 -13 14 -15 16 17 -18 -19 20
0xd3f184f7c670cc2 12168 -1 2 3 4 -5 6 -7 -8 9 -10 11 12 -13 14 -15 16 17 -18 -19 20
0x6ffbd71c392a84f4 12168 -1 2 3 4 -5 6 -7 -8 9 -10 11 12 -13 14 -15 16 17 -18 -19 20
0xefa91d985e344b87 12168 -1 2 3 4 -5 6 -7 -8 9 -10 11 12 -13 14 -15 16 17 -18 -19 20
0x403798e115151f7 12168 -1 2 3 4 -5 6 -7 -8 9 -10 11 12 -13 14 -15 16 17 -18 -19 20
0x134057ea6e02a64 12168 -1 2 3 4 -5 6 -7 -8 9 -10 11 12 -13 14 -15 16 17 -18 -19 20
0xbbb400208dd58910 12168 -1 2 3 4 -5 6 -7 -8 9 -10 11 12 -13 14 -15 16 17 -18 -19 20
0xe90cb3dd556ed5e3 12168 -1 2 3 4 -5 6 -7 -8 9 -10 11 12 -13 14 -15 16 17 -18 -19 20
0x30e1ae4e4668cdea 12168 -1 2 3 4 -5 6 -7 -8 9 -10 11 12 -13 14 -15 16 17 -18 -19 20
0xc8f347c6ffd034d2 12168 -1 2 3 4 -5 6 -7 -8 9 -10 11 12 -13 14 -15 16 17 -18 -19 20
0x648e6fd8663fcc76 12168 -1 2 3 4 -5 6 -7 -8 9 -10 11 12 -13 14 -15 16 17 -18 -19 20
0x8887f71420f1881e 12168 -1 2 3 4 -5 6 -7 -8 9 -10 11 12 -13 14 -15 16 17 -18 -19 20
0xb9ef6f472328b5b8 12168 -1 2 3 4 -5 6 -7 -8 9 -10 11 12 -13 14 -15 16 17 -18 -19 20
0x58c878da202e3427 12168 -1 2 3 4 -5 6 -7 -8 9 -10 11 12 -13 14 -15 16 17 -18 -19 20
0x65bd16c0c6f83577 12168 -1 2 3 4 -5 6 -7 -8 9 -10 11 12 -13 14 -15 16 17 -18 -19 20
0x3a92e93634027da8 12168 -1 2 3 4 -5 6 -7 -8 9 -10 11 12 -13 14 -15 16 17 -18 -19 20
0xb2122abd286730bc 12168 -1 2 3 4 -5 6 -7 -8 9 -10 11 12 -13 14 -15 16 17 -18 -19 20
0xca61345a6f128bd1 12168 -1 2 3 4 -5 6 -7 -8 9 -10 11 12 -13 14 -15 16 17 -18 -19 20
0x828d54add31d65d9 12168 -1 2 3 4 -5 6 -7 -8 9 -10 11 12 -13 14 -15 16 17 -18 -19 20
0x78cef6e995ee81c9 12168 -1 2 3 4 -5 6 -7 -8 9 -10 11 12 -13 14 -15 16 17 -18 -19 20
0xf9a825753a06d1d3 12168 -1 2 3 4 -5 6 -7 -8 9 -10 11 12 -13 14 -15 16 17 -18 -19 20
0xb3dcc6076ff88aae 12168 -1 2 3 4 -5 6 -7 -8 9 -10 11 12 -13 14 -15 16 17 -18 -19 20
0xd138f27302342611 12168 -1 2 3 4 -5 6 -7 -8 9 -10 11 12 -13 14 -15 16 17 -18 -19 20
0xbe2dbc081a576ed7 12168 -1 2 3 4 -5 6 -7 -8 9 -10 11 12 -13 14 -15 16 17 -18 -19 20
0x94ce99101dbd76e9 12168 -1 2 3 4 -5 6 -7 -8 9 -10 11 12 -13 14 -15 16 17 -18 -19 20