0xac4101d6f2d5eaa 15689 1 -2 3 -4 5 6 7 -8 -9 -10 -11 12 -13 -14 -15 -16 17 18 -19 20
0x134fd0b54a6e7ac0 15689 1 -2 3 -4 5 6 7 -8 -9 -10 -11 12 -13 -14 -15 -16 17 18 -19 20
0x72440cdea4c0a6dc 15689 1 -2 3 -4 5 6 7 -8 -9 -10 -11 12 -13 -14 -15 -16 17 18 -19 20
0x3e1abd9696fe64c4 15689 1 -2 3 -4 5 6 7 -8 -9 -10 -11 12 -13 -14 -15 -16 17 18 -19 20
0xf2d49d527520cca2 15689 1 -2 3 -4 5 6 7 -8 -9 -10 -11 12 -13 -14 -15 -16 17 18 -19 20
0xa7c34776579bf682 15689 1 -2 3 -4 5 6 7 -8 -9 -10 -11 12 -13 -14 -15 -16 17 18 -19 20
0x606aa7dddf8873d7 15689 1 -2 3 -4 5 6 7 -8 -9 -10 -11 12 -13 -14 -15 -16 17 18 -19 20
0xb507ba58920fd8f5 15689 1 -2 3 -4 5 6 7 -8 -9 -10 -11 12 -13 -14 -15 -16 17 18 -19 20
0x828a9a29b9d25696 15689 1 -2 3 -4 5 6 7 -8 -9 -10 -11 12 -13 -14 -15 -16 17 18 -19 20
0x3d11e187673b6357 15689 1 -2 3 -4 5 6 7 -8 -9 -10 -11 12 -13 -14 -15 -16 17 18 -19 20
0xe335591beafb753a 15689 1 -2 3 -4 5 6 7 -8 -9 -10 -11 12 -13 -14 -15 -16 17 18 -19 20
0x6badf788001ccb23 15689 1 -2 3 -4 5 6 7 -8 -9 -10 -11 12 -13 -14 -15 -16 17 18 -19 20
0x45bd847993a65f1b 15689 1 -2 3 -4 5 6 7 -8 -9 -10 -11 12 -13 -14 -15 -16 17 18 -19 20
0x47f43a0d996390fe 15689 1 -2 3 -4 5 6 7 -8 -9 -10 -11 12 -13 -14 -15 -16 17 18 -19 20
0xe7006112434b2278 15689 1 -2 3 -4 5 6 7 -8 -9 -10 -11 12 -13 -14 -15 -16 17 18 -19 20
0xad831ee1dc7d06e9 15689 1 -2 3 -4 5 6 7 -8 -9 -10 -11 12 -13 -14 -15 -16 17 18 -19 20
0xb9b69bc6b6d43afc 15689 1 -2 3 -4 5 6 7 -8 -9 -10 -11 12 -13 -14 -15 -16 17 18 -19 20
0x7dfd3dfbdd106c24 15689 1 -2 3 -4 5 6 7 -8 -9 -10 -11 12 -13 -14 -15 -16 17 18 -19 20
0xb7224f60f54e2071 15689 1 -2 3 -4 5 6 7 -8 -9 -10 -11 12 -13 -14 -15 -16 17 18 -19 20
0xec65fe33c161fedb 15689 1 -2 3 -4 5 6 7 -8 -9 -10 -11 12 -13 -14 -15 -16 17 18 -19 20
0x196ca3c5255ec76d 15689 1 -2 3 -4 5 6 7 -8 -9 -10 -11 12 -13 -14 -15 -16 17 18 -19 20
0xb75259ddbcd6b6c1 15689 1 -2 3 -4 5 6 7 -8 -9 -10 -11 12 -13 -14 -15 -16 17 18 -19 20
0x8c7c433c03fc4e1 15689 1 -2 3 -4 5 6 7 -8 -9 -10 -11 12 -13 -14 -15 -16 17 18 -19 20
0x7717ef16e99a78bc 14729 1 -2 3 -4 5 -6 -7 -8 9 -10 -11 12 -13 14 15 -16 17 18 -19 -20
0x4611089c4a95b273 15689 1 -2 3 -4 5 6 7 -8 -9 -10 -11 12 -13 -14 -15 -16 17 18 -19 20
0x45116e8afe1059ce 15689 1 -2 3 -4 5 6 7 -8 -9 -10 -11 12 -13 -14 -15 -16 17 18 -19 20
0x43e365e17a837fb9 15689 1 -2 3 -4 5 6 7 -8 -9 -10 -11 12 -13 -14 -15 -16 17 18 -19 20
0x4ea1224edad68fc3 15689 1 -2 3 -4 5 6 7 -8 -9 -10 -11 12 -13 -14 -15 -16 17 18 -19 20
0x808f1dba79f3919f 15689 1 -2 3 -4 5 6 7 -8 -9 -10 -11 12 -13 -14 -15 -16 17 18 -19 20
0x551abfbaa3b17aa5 15689 1 -2 3 -4 5 6 7 -8 -9 -10 -11 12 -13 -14 -15 -16 17 18 -19 20