0x9beee8ee7ea97aa3 17666 -1 2 3 4 5 6 7 -8 9 10 -11 12 13 14 15 -16 17 -18 19 -20
0x9c1d1d007c764944 17666 -1 2 3 4 5 6 7 -8 9 10 -11 12 13 14 15 -16 17 -18 19 -20
0x1bf8114f26233a36 17666 -1 2 3 4 5 6 7 -8 9 10 -11 12 13 14 15 -16 17 -18 19 -20
0xda9d8b99f350e407 17666 -1 2 3 4 5 6 7 -8 9 10 -11 12 13 14 15 -16 17 -18 19 -20
0xd841d8a597039223 17666 -1 2 3 4 5 6 7 -8 9 10 -11 12 13 14 15 -16 17 -18 19 -20
0x51c6784dffdf461 17666 -1 2 3 4 5 6 7 -8 9 10 -11 12 13 14 15 -16 17 -18 19 -20
0x32a8b0532e0ead91 17666 -1 2 3 4 5 6 7 -8 9 10 -11 12 13 14 15 -16 17 -18 19 -20
0x4fc8cfe91fd4cd0b 17666 -1 2 3 4 5 6 7 -8 9 10 -11 12 13 14 15 -16 17 -18 19 -20
0x4f1aa813fd68135b 17666 -1 2 3 4 5 6 7 -8 9 10 -11 12 13 14 15 -16 17 -18 19 -20
0x5203edd0cce9feed 17666 -1 2 3 4 5 6 7 -8 9 10 -11 12 13 14 15 -16 17 -18 19 -20
0x1f8edd9971b9687b 17666 -1 2 3 4 5 6 7 -8 9 10 -11 12 13 14 15 -16 17 -18 19 -20
0x9af74d17b3e81bde 17666 -1 2 3 4 5 6 7 -8 9 10 -11 12 13 14 15 -16 17 -18 19 -20
0xba3372b105b4c997 17666 -1 2 3 4 5 6 7 -8 9 10 -11 12 13 14 15 -16 17 -18 19 -20
0x13fafcf605ad0849 17666 -1 2 3 4 5 6 7 -8 9 10 -11 12 13 14 15 -16 17 -18 19 -20
0xe77a7a325f0d663b 17666 -1 2 3 4 5 6 7 -8 9 10 -11 12 13 14 15 -16 17 -18 19 -20
0x67e730d405123084 17666 -1 2 3 4 5 6 7 -8 9 10 -11 12 13 14 15 -16 17 -18 19 -20
0x4a4e5bb415a8ce6e 17666 -1 2 3 4 5 6 7 -8 9 10 -11 12 13 14 15 -16 17 -18 19 -20
0x546664dd51686b65 17666 -1 2 3 4 5 6 7 -8 9 10 -11 12 13 14 15 -16 17 -18 19 -20
0x240069d30313c569 17666 -1 2 3 4 5 6 7 -8 9 10 -11 12 13 14 15 -16 17 -18 19 -20
0x8e42c4785cac63e0 17666 -1 2 3 4 5 6 7 -8 9 10 -11 12 13 14 15 -16 17 -18 19 -20
0x29103b416687b2d1 17666 -1 2 3 4 5 6 7 -8 9 10 -11 12 13 14 15 -16 17 -18 19 -20
0x7274a15281590bd4 17666 -1 2 3 4 5 6 7 -8 9 10 -11 12 13 14 15 -16 17 -18 19 -20
0x1d1c17607ea5d1e6 17666 -1 2 3 4 5 6 7 -8 9 10 -11 12 13 14 15 -16 17 -18 19 -20
0x1b68f12d5342ee9a 17666 -1 2 3 4 5 6 7 -8 9 10 -11 12 13 14 15 -16 17 -18 19 -20
0x50de96581e33e46c 17666 -1 2 3 4 5 6 7 -8 9 10 -11 12 13 14 15 -16 17 -18 19 -20
0x5dc2961f8f593e9 17666 -1 2 3 4 5 6 7 -8 9 10 -11 12 13 14 15 -16 17 -18 19 -20
0x15039ce395040fb6 17666 -1 2 3 4 5 6 7 -8 9 10 -11 12 13 14 15 -16 17 -18 19 -20
0xcd3994dbc5df3cab 17666 -1 2 3 4 5 6 7 -8 9 10 -11 12 13 14 15 -16 17 -18 19 -20
0x5760b68bc1ad70a6 17666 -1 2 3 4 5 6 7 -8 9 10 -11 12 13 14 15 -16 17 -18 19 -20
0xfd951e3a3f64e315 17666 -1 2 3 4 5 6 7 -8 9 10 -11 12 13 14 15 -16 17 -18 19 -20