0xb011cc1f87a71dc6 5894 -1 2 -3 -4 -5 6 -7 -8 -9 -10 11 -12 13 14 -15 16 17 18 19 -20
0x25b1123ac7af591e 5894 -1 2 -3 -4 -5 6 -7 -8 -9 -10 11 -12 13 14 -15 16 17 18 19 -20
0x7a24f068ec41d8ed 5894 -1 2 -3 -4 -5 6 -7 -8 -9 -10 11 -12 13 14 -15 16 17 18 19 -20
0x4e363f37220ed631 5894 -1 2 -3 -4 -5 6 -7 -8 -9 -10 11 -12 13 14 -15 16 17 18 19 -20
0x438599473653a7c5 5894 -1 2 -3 -4 -5 6 -7 -8 -9 -10 11 -12 13 14 -15 16 17 18 19 -20
0x87b1e102ce1694 5894 -1 2 -3 -4 -5 6 -7 -8 -9 -10 11 -12 13 14 -15 16 17 18 19 -20
0xf07d4159fe012cd9 5894 -1 2 -3 -4 -5 6 -7 -8 -9 -10 11 -12 13 14 -15 16 17 18 19 -20
0x75ae9a7d9c60f037 5894 -1 2 -3 -4 -5 6 -7 -8 -9 -10 11 -12 13 14 -15 16 17 18 19 -20
0xa5c82a0b2841ab33 5894 -1 2 -3 -4 -5 6 -7 -8 -9 -10 11 -12 13 14 -15 16 17 18 19 -20
0xd9924634618846b6 5894 -1 2 -3 -4 -5 6 -7 -8 -9 -10 11 -12 13 14 -15 16 17 18 19 -20
0x4a124e213111b38e 5894 -1 2 -3 -4 -5 6 -7 -8 -9 -10 11 -12 13 14 -15 16 17 18 19 -20
0xf863196a9e0763ec 5894 -1 2 -3 -4 -5 6 -7 -8 -9 -10 11 -12 13 14 -15 16 17 18 19 -20
0x213623b2cc91c5f2 5894 -1 2 -3 -4 -5 6 -7 -8 -9 -10 11 -12 13 14 -15 16 17 18 19 -20
0x89f79095edb3b1ea 5894 -1 2 -3 -4 -5 6 -7 -8 -9 -10 11 -12 13 14 -15 16 17 18 19 -20
0xeda43d83cc53dc48 5894 -1 2 -3 -4 -5 6 -7 -8 -9 -10 11 -12 13 14 -15 16 17 18 19 -20
0xbd24dc36949f392a 5894 -1 2 -3 -4 -5 6 -7 -8 -9 -10 11 -12 13 14 -15 16 17 18 19 -20
0xaf7c52ef31828dff 5894 -1 2 -3 -4 -5 6 -7 -8 -9 -10 11 -12 13 14 -15 16 17 18 19 -20
0x3cbe4b546c1b9183 5894 -1 2 -3 -4 -5 6 -7 -8 -9 -10 11 -12 13 14 -15 16 17 18 19 -20
0x3aaf8db6b5c33a67 5894 -1 2 -3 -4 -5 6 -7 -8 -9 -10 11 -12 13 14 -15 16 17 18 19 -20
0xb6547718ac11dbc8 5894 -1 2 -3 -4 -5 6 -7 -8 -9 -10 11 -12 13 14 -15 16 17 18 19 -20
0x4757722f0ac2c27f 5894 -1 2 -3 -4 -5 6 -7 -8 -9 -10 11 -12 13 14 -15 16 17 18 19 -20
0x138fefcc88a980b1 5894 -1 2 -3 -4 -5 6 -7 -8 -9 -10 11 -12 13 14 -15 16 17 18 19 -20
0x68e1a07c3257fe43 5894 -1 2 -3 -4 -5 6 -7 -8 -9 -10 11 -12 13 14 -15 16 17 18 19 -20
0xaaea1c70cc7bc2f7 5894 -1 2 -3 -4 -5 6 -7 -8 -9 -10 11 -12 13 14 -15 16 17 18 19 -20
0x1cf3beb8c0074efc 5894 -1 2 -3 -4 -5 6 -7 -8 -9 -10 11 -12 13 14 -15 16 17 18 19 -20
0x969bbfef34259d42 5894 -1 2 -3 -4 -5 6 -7 -8 -9 -10 11 -12 13 14 -15 16 17 18 19 -20
0xe4de4c8c52ebd016 5894 -1 2 -3 -4 -5 6 -7 -8 -9 -10 11 -12 13 14 -15 16 17 18 19 -20
0xc45380dc54bc9f04 5894 -1 2 -3 -4 -5 6 -7 -8 -9 -10 11 -12 13 14 -15 16 17 18 19 -20
0xb4284c7daaa6345f 5894 -1 2 -3 -4 -5 6 -7 -8 -9 -10 11 -12 13 14 -15 16 17 18 19 -20
0xf11c25e745ac9abe 5894 -1 2 -3 -4 -5 6 -7 -8 -9 -10 11 -12 13 14 -15 16 17 18 19 -20