0x37b1d8057ef2373d 5898 1 2 3 4 -5 6 -7 8 -9 10 -11 -12 -13 14 -15 -16 17 18 19 20
0x150ca2fafe47bd6 5898 1 2 3 4 -5 6 -7 8 -9 10 -11 -12 -13 14 -15 -16 17 18 19 20
0x525156edab1311ed 5898 1 2 3 4 -5 6 -7 8 -9 10 -11 -12 -13 14 -15 -16 17 18 19 20
0xbcdb3943602d7bd5 5898 1 2 3 4 -5 6 -7 8 -9 10 -11 -12 -13 14 -15 -16 17 18 19 20
0x2555a5ea1531c585 5898 1 2 3 4 -5 6 -7 8 -9 10 -11 -12 -13 14 -15 -16 17 18 19 20
0xa6d8c2cdc619661a 5898 1 2 3 4 -5 6 -7 8 -9 10 -11 -12 -13 14 -15 -16 17 18 19 20
0x328f6e90c4b83152 5898 1 2 3 4 -5 6 -7 8 -9 10 -11 -12 -13 14 -15 -16 17 18 19 20
0x58f75806a8235911 5898 1 2 3 4 -5 6 -7 8 -9 10 -11 -12 -13 14 -15 -16 17 18 19 20
0x632d65ba21367ede 5898 1 2 3 4 -5 6 -7 8 -9 10 -11 -12 -13 14 -15 -16 17 18 19 20
0xfde707fab630b4b1 5898 1 2 3 4 -5 6 -7 8 -9 10 -11 -12 -13 14 -15 -16 17 18 19 20
0x21227997b3f5270e 5898 1 2 3 4 -5 6 -7 8 -9 10 -11 -12 -13 14 -15 -16 17 18 19 20
0xf665b84b9d3bc781 5898 1 2 3 4 -5 6 -7 8 -9 10 -11 -12 -13 14 -15 -16 17 18 19 20
0x7302b7cc4ac941ba 5898 1 2 3 4 -5 6 -7 8 -9 10 -11 -12 -13 14 -15 -16 17 18 19 20
0xbb8d1aadfafb7810 5898 1 2 3 4 -5 6 -7 8 -9 10 -11 -12 -13 14 -15 -16 17 18 19 20
0x5b88cb64b1359b2d 5898 1 2 3 4 -5 6 -7 8 -9 10 -11 -12 -13 14 -15 -16 17 18 19 20
0xc601622ddc676272 5898 1 2 3 4 -5 6 -7 8 -9 10 -11 -12 -13 14 -15 -16 17 18 19 20
0x9de3d679bc86377a 5898 1 2 3 4 -5 6 -7 8 -9 10 -11 -12 -13 14 -15 -16 17 18 19 20
0x4cb1a79df20da42c 5898 1 2 3 4 -5 6 -7 8 -9 10 -11 -12 -13 14 -15 -16 17 18 19 20
0x58e41545cc84aff6 5898 1 2 3 4 -5 6 -7 8 -9 10 -11 -12 -13 14 -15 -16 17 18 19 20
0x4f0d6715296a90a 5898 1 2 3 4 -5 6 -7 8 -9 10 -11 -12 -13 14 -15 -16 17 18 19 20
0x2249b88335571848 5898 1 2 3 4 -5 6 -7 8 -9 10 -11 -12 -13 14 -15 -16 17 18 19 20
0x1a4c88f384c41eae 5898 1 2 3 4 -5 6 -7 8 -9 10 -11 -12 -13 14 -15 -16 17 18 19 20
0xe9ae1cd77f8ba14 5898 1 2 3 4 -5 6 -7 8 -9 10 -11 -12 -13 14 -15 -16 17 18 19 20
0x483d0240830a371e 5898 1 2 3 4 -5 6 -7 8 -9 10 -11 -12 -13 14 -15 -16 17 18 19 20
0xfe80474f7841563e 5898 1 2 3 4 -5 6 -7 8 -9 10 -11 -12 -13 14 -15 -16 17 18 19 20
0x695b9a621e115da1 5898 1 2 3 4 -5 6 -7 8 -9 10 -11 -12 -13 14 -15 -16 17 18 19 20
0x36217280c94bc7a8 5898 1 2 3 4 -5 6 -7 8 -9 10 -11 -12 -13 14 -15 -16 17 18 19 20
0xabb06f7e6f12b317 5898 1 2 3 4 -5 6 -7 8 -9 10 -11 -12 -13 14 -15 -16 17 18 19 20
0x96fdb316c602f8e8 5898 1 2 3 4 -5 6 -7 8 -9 10 -11 -12 -13 14 -15 -16 17 18 19 20
0xca2c2aea420e8aa2 5898 1 2 3 4 -5 6 -7 8 -9 10 -11 -12 -13 14 -15 -16 17 18 19 20