0xdee3c161ee00c7cf 19755 1 -2 3 4 5 6 -7 8 9 -10 11 12 13 -14 -15 -16 -17 18 -19 -20
0x570372ff978a749f 19755 1 -2 3 4 5 6 -7 8 9 -10 11 12 13 -14 -15 -16 -17 18 -19 -20
0x43e5a26a129a2a05 19755 1 -2 3 4 5 6 -7 8 9 -10 11 12 13 -14 -15 -16 -17 18 -19 -20
0xc8335765d2d4d4bf 19755 1 -2 3 4 5 6 -7 8 9 -10 11 12 13 -14 -15 -16 -17 18 -19 -20
0xf959ee7491a0a651 19755 1 -2 3 4 5 6 -7 8 9 -10 11 12 13 -14 -15 -16 -17 18 -19 -20
0xf4a3a07dcc38c30b 19755 1 -2 3 4 5 6 -7 8 9 -10 11 12 13 -14 -15 -16 -17 18 -19 -20
0x133acfafb4ad6519 19755 1 -2 3 4 5 6 -7 8 9 -10 11 12 13 -14 -15 -16 -17 18 -19 -20
0x6471ef80e3cff37d 19755 1 -2 3 4 5 6 -7 8 9 -10 11 12 13 -14 -15 -16 -17 18 -19 -20
0x2b32e2f2553d5c50 19755 1 -2 3 4 5 6 -7 8 9 -10 11 12 13 -14 -15 -16 -17 18 -19 -20
0xfa2be369916093a5 19755 1 -2 3 4 5 6 -7 8 9 -10 11 12 13 -14 -15 -16 -17 18 -19 -20
0x432b568579cc6ae3 19755 1 -2 3 4 5 6 -7 8 9 -10 11 12 13 -14 -15 -16 -17 18 -19 -20
0x3247bbaacc85e42b 19755 1 -2 3 4 5 6 -7 8 9 -10 11 12 13 -14 -15 -16 -17 18 -19 -20
0x2bb2e6f388a5ea0c 19755 1 -2 3 4 5 6 -7 8 9 -10 11 12 13 -14 -15 -16 -17 18 -19 -20
0x811b053b6429376a 19755 1 -2 3 4 5 6 -7 8 9 -10 11 12 13 -14 -15 -16 -17 18 -19 -20
0x2b32580a0cb7bac 19755 1 -2 3 4 5 6 -7 8 9 -10 11 12 13 -14 -15 -16 -17 18 -19 -20
0xdd90438460fd0726 19755 1 -2 3 4 5 6 -7 8 9 -10 11 12 13 -14 -15 -16 -17 18 -19 -20
0x36370f9fdea08bc6 19755 1 -2 3 4 5 6 -7 8 9 -10 11 12 13 -14 -15 -16 -17 18 -19 -20
0xc841efe4d788be02 19755 1 -2 3 4 5 6 -7 8 9 -10 11 12 13 -14 -15 -16 -17 18 -19 -20
0xb42df67a37e3e201 19755 1 -2 3 4 5 6 -7 8 9 -10 11 12 13 -14 -15 -16 -17 18 -19 -20
0x6fe0c9319d259109 19755 1 -2 3 4 5 6 -7 8 9 -10 11 12 13 -14 -15 -16 -17 18 -19 -20
0x6698b66d24cd4328 19755 1 -2 3 4 5 6 -7 8 9 -10 11 12 13 -14 -15 -16 -17 18 -19 -20
0x56f373310de26927 19755 1 -2 3 4 5 6 -7 8 9 -10 11 12 13 -14 -15 -16 -17 18 -19 -20
0x82cf3e88c26522ac 19755 1 -2 3 4 5 6 -7 8 9 -10 11 12 13 -14 -15 -16 -17 18 -19 -20
0xa23d661cb384dcae 19755 1 -2 3 4 5 6 -7 8 9 -10 11 12 13 -14 -15 -16 -17 18 -19 -20
0x91cc6813286c641f 19755 1 -2 3 4 5 6 -7 8 9 -10 11 12 13 -14 -15 -16 -17 18 -19 -20
0x725b2e25581d38d4 19755 1 -2 3 4 5 6 -7 8 9 -10 11 12 13 -14 -15 -16 -17 18 -19 -20
0x6eae1e03536a2cb8 19755 1 -2 3 4 5 6 -7 8 9 -10 11 12 13 -14 -15 -16 -17 18 -19 -20
0x5e61faeae0e39b32 19755 1 -2 3 4 5 6 -7 8 9 -10 11 12 13 -14 -15 -16 -17 18 -19 -20
0xc7d7d48741b5c4d4 19755 1 -2 3 4 5 6 -7 8 9 -10 11 12 13 -14 -15 -16 -17 18 -19 -20
0x50907f0838541b45 19755 1 -2 3 4 5 6 -7 8 9 -10 11 12 13 -14 -15 -16 -17 18 -19 -20