0xde261d78f2560761 10806 1 2 3 -4 5 -6 7 -8 9 10 -11 -12 -13 -14 15 16 -17 -18 -19 -20
0xb4512476f0347ae8 10806 1 2 3 -4 5 -6 7 -8 9 10 -11 -12 -13 -14 15 16 -17 -18 -19 -20
0x657f62fec393e734 10806 1 2 3 -4 5 -6 7 -8 9 10 -11 -12 -13 -14 15 16 -17 -18 -19 -20
0x4dbab07027ee6573 10806 1 2 3 -4 5 -6 7 -8 9 10 -11 -12 -13 -14 15 16 -17 -18 -19 -20
0x4491053a640ffd4c 10806 1 2 3 -4 5 -6 7 -8 9 10 -11 -12 -13 -14 15 16 -17 -18 -19 -20
0xf5c3c1021aa7759e 10806 1 2 3 -4 5 -6 7 -8 9 10 -11 -12 -13 -14 15 16 -17 -18 -19 -20
0xb18349532dcc0f69 10806 1 2 3 -4 5 -6 7 -8 9 10 -11 -12 -13 -14 15 16 -17 -18 -19 -20
0xe630689a69f95f12 10806 1 2 3 -4 5 -6 7 -8 9 10 -11 -12 -13 -14 15 16 -17 -18 -19 -20
0x72ac3c610971a3f5 10806 1 2 3 -4 5 -6 7 -8 9 10 -11 -12 -13 -14 15 16 -17 -18 -19 -20
0x96558ecb87d24a2c 10806 1 2 3 -4 5 -6 7 -8 9 10 -11 -12 -13 -14 15 16 -17 -18 -19 -20
0x6c5bb751cf96829f 10806 1 2 3 -4 5 -6 7 -8 9 10 -11 -12 -13 -14 15 16 -17 -18 -19 -20
0x26545ebcee401d4d 10806 1 2 3 -4 5 -6 7 -8 9 10 -11 -12 -13 -14 15 16 -17 -18 -19 -20
0xba5e6af73e186890 10806 1 2 3 -4 5 -6 7 -8 9 10 -11 -12 -13 -14 15 16 -17 -18 -19 -20
0x339a62dc324ffa1a 10806 1 2 3 -4 5 -6 7 -8 9 10 -11 -12 -13 -14 15 16 -17 -18 -19 -20
0xf55caa864dedff0d 10806 1 2 3 -4 5 -6 7 -8 9 10 -11 -12 -13 -14 15 16 -17 -18 -19 -20
0x7f84489cd13a9379 10806 1 2 3 -4 5 -6 7 -8 9 10 -11 -12 -13 -14 15 16 -17 -18 -19 -20
0x3f439afeab071530 10806 1 2 3 -4 5 -6 7 -8 9 10 -11 -12 -13 -14 15 16 -17 -18 -19 -20
0xa105dd96e41cd46a 10806 1 2 3 -4 5 -6 7 -8 9 10 -11 -12 -13 -14 15 16 -17 -18 -19 -20
0x7f53464c22f79c5f 10806 1 2 3 -4 5 -6 7 -8 9 10 -11 -12 -13 -14 15 16 -17 -18 -19 -20
0xba022027ce136826 10806 1 2 3 -4 5 -6 7 -8 9 10 -11 -12 -13 -14 15 16 -17 -18 -19 -20
0xff3034852087ed05 10806 1 2 3 -4 5 -6 7 -8 9 10 -11 -12 -13 -14 15 16 -17 -18 -19 -20
0x23b32c627dc0e757 10806 1 2 3 -4 5 -6 7 -8 9 10 -11 -12 -13 -14 15 16 -17 -18 -19 -20
0x5ddf4f909b96e14f 10806 1 2 3 -4 5 -6 7 -8 9 10 -11 -12 -13 -14 15 16 -17 -18 -19 -20
0x1c16d02dc76e0da9 10806 1 2 3 -4 5 -6 7 -8 9 10 -11 -12 -13 -14 15 16 -17 -18 -19 -20
0x9d4c42de7174608b 10806 1 2 3 -4 5 -6 7 -8 9 10 -11 -12 -13 -14 15 16 -17 -18 -19 -20
0x3cda580ca90dc7d2 10806 1 2 3 -4 5 -6 7 -8 9 10 -11 -12 -13 -14 15 16 -17 -18 -19 -20
0x653bac669fdea389 10806 1 2 3 -4 5 -6 7 -8 9 10 -11 -12 -13 -14 15 16 -17 -18 -19 -20
0x82b85679a345539b 10806 1 2 3 -4 5 -6 7 -8 9 10 -11 -12 -13 -14 15 16 -17 -18 -19 -20
0x726477a95d271bee 10806 1 2 3 -4 5 -6 7 -8 9 10 -11 -12 -13 -14 15 16 -17 -18 -19 -20
0x89e0eaea574271e3 10806 1 2 3 -4 5 -6 7 -8 9 10 -11 -12 -13 -14 15 16 -17 -18 -19 -20