0x6d6b551f1bea8f4f 14996 -1 2 -3 4 -5 6 7 8 9 10 11 -12 13 -14 15 16 17 18 -19 20
0xf2af584931282b6a 14996 -1 2 -3 4 -5 6 7 8 9 10 11 -12 13 -14 15 16 17 18 -19 20
0x7eb34339af7fc182 14996 -1 2 -3 4 -5 6 7 8 9 10 11 -12 13 -14 15 16 17 18 -19 20
0xbfb5c32e51633916 14996 -1 2 -3 4 -5 6 7 8 9 10 11 -12 13 -14 15 16 17 18 -19 20
0x84da1b27036f6a54 14996 -1 2 -3 4 -5 6 7 8 9 10 11 -12 13 -14 15 16 17 18 -19 20
0x540719914695f0d2 14996 -1 2 -3 4 -5 6 7 8 9 10 11 -12 13 -14 15 16 17 18 -19 20
0x45622fc522cf2e0e 14996 -1 2 -3 4 -5 6 7 8 9 10 11 -12 13 -14 15 16 17 18 -19 20
0x7ef973b1b88b5e04 14996 -1 2 -3 4 -5 6 7 8 9 10 11 -12 13 -14 15 16 17 18 -19 20
0xa40cf7ed5d1d3954 14996 -1 2 -3 4 -5 6 7 8 9 10 11 -12 13 -14 15 16 17 18 -19 20
0x8d8db45537f9e884 14996 -1 2 -3 4 -5 6 7 8 9 10 11 -12 13 -14 15 16 17 18 -19 20
0xcc44275047a41cc1 14996 -1 2 -3 4 -5 6 7 8 9 10 11 -12 13 -14 15 16 17 18 -19 20
0xf4616728ef112e43 14996 -1 2 -3 4 -5 6 7 8 9 10 11 -12 13 -14 15 16 17 18 -19 20
0x161192498013dbbc 14996 -1 2 -3 4 -5 6 7 8 9 10 11 -12 13 -14 15 16 17 18 -19 20
0xbb7d99786d9b3d13 14996 -1 2 -3 4 -5 6 7 8 9 10 11 -12 13 -14 15 16 17 18 -19 20
0x9d8475537aebf12e 14996 -1 2 -3 4 -5 6 7 8 9 10 11 -12 13 -14 15 16 17 18 -19 20
0x89c3230ddf67a201 14996 -1 2 -3 4 -5 6 7 8 9 10 11 -12 13 -14 15 16 17 18 -19 20
0x5094c46fbda70ad7 14996 -1 2 -3 4 -5 6 7 8 9 10 11 -12 13 -14 15 16 17 18 -19 20
0x8c357f0a1532ece1 14996 -1 2 -3 4 -5 6 7 8 9 10 11 -12 13 -14 15 16 17 18 -19 20
0x8eff6ba6c3c9dfd 14996 -1 2 -3 4 -5 6 7 8 9 10 11 -12 13 -14 15 16 17 18 -19 20
0x94767f611c971dc8 14996 -1 2 -3 4 -5 6 7 8 9 10 11 -12 13 -14 15 16 17 18 -19 20
0x277e61e0ab1ddce6 14996 -1 2 -3 4 -5 6 7 8 9 10 11 -12 13 -14 15 16 17 18 -19 20
0x3ba4d05a3ceea291 14996 -1 2 -3 4 -5 6 7 8 9 10 11 -12 13 -14 15 16 17 18 -19 20
0xcfd265a4e8a03c61 14996 -1 2 -3 4 -5 6 7 8 9 10 11 -12 13 -14 15 16 17 18 -19 20
0x19fb4c10c52fe45b 14996 -1 2 -3 4 -5 6 7 8 9 10 11 -12 13 -14 15 16 17 18 -19 20
0x457f675b9afb893c 14996 -1 2 -3 4 -5 6 7 8 9 10 11 -12 13 -14 15 16 17 18 -19 20
0x54cf1df48f076507 14996 -1 2 -3 4 -5 6 7 8 9 10 11 -12 13 -14 15 16 17 18 -19 20
0x5a969d7204418dcd 14996 -1 2 -3 4 -5 6 7 8 9 10 11 -12 13 -14 15 16 17 18 -19 20
0xd7959a9a408470af 14996 -1 2 -3 4 -5 6 7 8 9 10 11 -12 13 -14 15 16 17 18 -19 20
0xe0a4db60fa689baf 14996 -1 2 -3 4 -5 6 7 8 9 10 11 -12 13 -14 15 16 17 18 -19 20
0x26520fdd984f3ef5 14996 -1 2 -3 4 -5 6 7 8 9 10 11 -12 13 -14 15 16 17 18 -19 20