0x5d7efb542463f2ca 6848 1 -2 3 4 5 6 7 8 9 -10 11 12 13 14 15 -16 -17 18 19 20
0x9eedea4767199cb5 6848 1 -2 3 4 5 6 7 8 9 -10 11 12 13 14 15 -16 -17 18 19 20
0x45666c8af0cda3ec 6848 1 -2 3 4 5 6 7 8 9 -10 11 12 13 14 15 -16 -17 18 19 20
0x67cfab17b2a83da2 6848 1 -2 3 4 5 6 7 8 9 -10 11 12 13 14 15 -16 -17 18 19 20
0xff87847a564bce8c 6848 1 -2 3 4 5 6 7 8 9 -10 11 12 13 14 15 -16 -17 18 19 20
0xda9ea6bafce698ea 6848 1 -2 3 4 5 6 7 8 9 -10 11 12 13 14 15 -16 -17 18 19 20
0xf8ec8108de98f159 6848 1 -2 3 4 5 6 7 8 9 -10 11 12 13 14 15 -16 -17 18 19 20
0xe3d66e7b981befd7 6848 1 -2 3 4 5 6 7 8 9 -10 11 12 13 14 15 -16 -17 18 19 20
0xe17f719f7242a7f9 6848 1 -2 3 4 5 6 7 8 9 -10 11 12 13 14 15 -16 -17 18 19 20
0x23f19cfb93c39e5f 6848 1 -2 3 4 5 6 7 8 9 -10 11 12 13 14 15 -16 -17 18 19 20
0x960af0c1b3b22b2e 6848 1 -2 3 4 5 6 7 8 9 -10 11 12 13 14 15 -16 -17 18 19 20
0x3b2c93633d4395b6 6848 1 -2 3 4 5 6 7 8 9 -10 11 12 13 14 15 -16 -17 18 19 20
0x53fdb981d333e96b 6848 1 -2 3 4 5 6 7 8 9 -10 11 12 13 14 15 -16 -17 18 19 20
0x88dd4d78e8a74763 6848 1 -2 3 4 5 6 7 8 9 -10 11 12 13 14 15 -16 -17 18 19 20
0x25173dd18fe7bb30 6848 1 -2 3 4 5 6 7 8 9 -10 11 12 13 14 15 -16 -17 18 19 20
0x6b47e0ecc24f82ea 6848 1 -2 3 4 5 6 7 8 9 -10 11 12 13 14 15 -16 -17 18 19 20
0xec99289446a845fa 6848 1 -2 3 4 5 6 7 8 9 -10 11 12 13 14 15 -16 -17 18 19 20
0xb0de922332a48953 6848 1 -2 3 4 5 6 7 8 9 -10 11 12 13 14 15 -16 -17 18 19 20
0x808bae98802a4c8 6848 1 -2 3 4 5 6 7 8 9 -10 11 12 13 14 15 -16 -17 18 19 20
0x7e356fa9d7505c95 6848 1 -2 3 4 5 6 7 8 9 -10 11 12 13 14 15 -16 -17 18 19 20
0x80810c1a92dd8ad6 6848 1 -2 3 4 5 6 7 8 9 -10 11 12 13 14 15 -16 -17 18 19 20
0x48e72a672513d90d 6848 1 -2 3 4 5 6 7 8 9 -10 11 12 13 14 15 -16 -17 18 19 20
0x82c0a2adb7a9899f 6848 1 -2 3 4 5 6 7 8 9 -10 11 12 13 14 15 -16 -17 18 19 20
0x6cacda818b655155 6848 1 -2 3 4 5 6 7 8 9 -10 11 12 13 14 15 -16 -17 18 19 20
0x7f46469ca6940dd 6848 1 -2 3 4 5 6 7 8 9 -10 11 12 13 14 15 -16 -17 18 19 20
0x28b2ef60e13abe47 6848 1 -2 3 4 5 6 7 8 9 -10 11 12 13 14 15 -16 -17 18 19 20
0xf5568655a4fd8e8b 6848 1 -2 3 4 5 6 7 8 9 -10 11 12 13 14 15 -16 -17 18 19 20
0x1a6f66498664f1a6 6848 1 -2 3 4 5 6 7 8 9 -10 11 12 13 14 15 -16 -17 18 19 20
0x24c2df0259c48713 6848 1 -2 3 4 5 6 7 8 9 -10 11 12 13 14 15 -16 -17 18 19 20
0x16bc594954e0b8da 6848 1 -2 3 4 5 6 7 8 9 -10 11 12 13 14 15 -16 -17 18 19 20