0xe24d6c16251d665d 6705 -1 2 -3 4 5 6 7 8 9 10 -11 12 13 14 15 16 17 18 -19 20
0xf74367d4a19ad08a 6705 -1 2 -3 4 5 6 7 8 9 10 -11 12 13 14 15 16 17 18 -19 20
0x571843815c57ade9 6705 -1 2 -3 4 5 6 7 8 9 10 -11 12 13 14 15 16 17 18 -19 20
0xdb7ea76b9fc0b6e9 6705 -1 2 -3 4 5 6 7 8 9 10 -11 12 13 14 15 16 17 18 -19 20
0xaf25335902badaad 6705 -1 2 -3 4 5 6 7 8 9 10 -11 12 13 14 15 16 17 18 -19 20
0xc95d46620231804e 6705 -1 2 -3 4 5 6 7 8 9 10 -11 12 13 14 15 16 17 18 -19 20
0xae4b2a4363ac42df 6705 -1 2 -3 4 5 6 7 8 9 10 -11 12 13 14 15 16 17 18 -19 20
0xd11ef47f04565f1c 6705 -1 2 -3 4 5 6 7 8 9 10 -11 12 13 14 15 16 17 18 -19 20
0x37647f79d47b7086 6705 -1 2 -3 4 5 6 7 8 9 10 -11 12 13 14 15 16 17 18 -19 20
0x21881e8acc9e0f27 6705 -1 2 -3 4 5 6 7 8 9 10 -11 12 13 14 15 16 17 18 -19 20
0xec2ebd8e87d3e9ec 6705 -1 2 -3 4 5 6 7 8 9 10 -11 12 13 14 15 16 17 18 -19 20
0x9f48cf74c823f437 6705 -1 2 -3 4 5 6 7 8 9 10 -11 12 13 14 15 16 17 18 -19 20
0x94c5037b5c9cfc90 6705 -1 2 -3 4 5 6 7 8 9 10 -11 12 13 14 15 16 17 18 -19 20
0x146e288772a1e75e 6705 -1 2 -3 4 5 6 7 8 9 10 -11 12 13 14 15 16 17 18 -19 20
0xf049650a1a0d28bf 6705 -1 2 -3 4 5 6 7 8 9 10 -11 12 13 14 15 16 17 18 -19 20
0x630e2b0e4171e53e 6705 -1 2 -3 4 5 6 7 8 9 10 -11 12 13 14 15 16 17 18 -19 20
0x7a8e08e501205a18 6705 -1 2 -3 4 5 6 7 8 9 10 -11 12 13 14 15 16 17 18 -19 20
0x28382df6011d032e 6705 -1 2 -3 4 5 6 7 8 9 10 -11 12 13 14 15 16 17 18 -19 20
0x81ad00925c931d96 6705 -1 2 -3 4 5 6 7 8 9 10 -11 12 13 14 15 16 17 18 -19 20
0xbea76712caf2b09e 6705 -1 2 -3 4 5 6 7 8 9 10 -11 12 13 14 15 16 17 18 -19 20
0x4b94fb3803aee4a9 6705 -1 2 -3 4 5 6 7 8 9 10 -11 12 13 14 15 16 17 18 -19 20
0x4f1f780c4079dc8 6705 -1 2 -3 4 5 6 7 8 9 10 -11 12 13 14 15 16 17 18 -19 20
0x42b641b0b0864990 6705 -1 2 -3 4 5 6 7 8 9 10 -11 12 13 14 15 16 17 18 -19 20
0xb32742e1ec2d4db2 6705 -1 2 -3 4 5 6 7 8 9 10 -11 12 13 14 15 16 17 18 -19 20
0x5041ac256e9deac4 6705 -1 2 -3 4 5 6 7 8 9 10 -11 12 13 14 15 16 17 18 -19 20
0x4a0085fbe646d5be 6705 -1 2 -3 4 5 6 7 8 9 10 -11 12 13 14 15 16 17 18 -19 20
0x3076a43f5555d621 6705 -1 2 -3 4 5 6 7 8 9 10 -11 12 13 14 15 16 17 18 -19 20
0x3b6c42ac2c40d265 6705 -1 2 -3 4 5 6 7 8 9 10 -11 12 13 14 15 16 17 18 -19 20
0x97421fabdf97ef00 6705 -1 2 -3 4 5 6 7 8 9 10 -11 12 13 14 15 16 17 18 -19 20
0x89a17cb944b5bee5 6705 -1 2 -3 4 5 6 7 8 9 10 -11 12 13 14 15 16 17 18 -19 20