0x3438600d2bb70364 6441 1 2 3 4 -5 6 -7 -8 9 10 11 12 13 14 15 16 17 -18 -19 20
0xa171858b776c4520 6441 1 2 3 4 -5 6 -7 -8 9 10 11 12 13 14 15 16 17 -18 -19 20
0x220e1824c00fd0c0 6441 1 2 3 4 -5 6 -7 -8 9 10 11 12 13 14 15 16 17 -18 -19 20
0x92bcf3c57d31d84d 6441 1 2 3 4 -5 6 -7 -8 9 10 11 12 13 14 15 16 17 -18 -19 20
0x788aaabca0deb69b 6441 1 2 3 4 -5 6 -7 -8 9 10 11 12 13 14 15 16 17 -18 -19 20
0x6e3cd22080c1cc38 6441 1 2 3 4 -5 6 -7 -8 9 10 11 12 13 14 15 16 17 -18 -19 20
0xe0904e417e70c58d 6441 1 2 3 4 -5 6 -7 -8 9 10 11 12 13 14 15 16 17 -18 -19 20
0xea29297d25927d85 6441 1 2 3 4 -5 6 -7 -8 9 10 11 12 13 14 15 16 17 -18 -19 20
0x32618f6fbe490fae 6441 1 2 3 4 -5 6 -7 -8 9 10 11 12 13 14 15 16 17 -18 -19 20
0x93c59a358d188ea5 6441 1 2 3 4 -5 6 -7 -8 9 10 11 12 13 14 15 16 17 -18 -19 20
0x25296a5ad34d97bb 6441 1 2 3 4 -5 6 -7 -8 9 10 11 12 13 14 15 16 17 -18 -19 20
0x91b315ed6383ba4d 6441 1 2 3 4 -5 6 -7 -8 9 10 11 12 13 14 15 16 17 -18 -19 20
0xa03ae2300ab7bc5d 6441 1 2 3 4 -5 6 -7 -8 9 10 11 12 13 14 15 16 17 -18 -19 20
0x8bd04f807eee836f 6441 1 2 3 4 -5 6 -7 -8 9 10 11 12 13 14 15 16 17 -18 -19 20
0xba5c74c95a8b0a0b 6441 1 2 3 4 -5 6 -7 -8 9 10 11 12 13 14 15 16 17 -18 -19 20
0x513bcd8911965e85 6441 1 2 3 4 -5 6 -7 -8 9 10 11 12 13 14 15 16 17 -18 -19 20
0x1003ceff58027 6441 1 2 3 4 -5 6 -7 -8 9 10 11 12 13 14 15 16 17 -18 -19 20
0xbd29c91b88dc042 6441 1 2 3 4 -5 6 -7 -8 9 10 11 12 13 14 15 16 17 -18 -19 20
0xa6400aaa3d8a7e14 6441 1 2 3 4 -5 6 -7 -8 9 10 11 12 13 14 15 16 17 -18 -19 20
0xbb2492d996c44701 6441 1 2 3 4 -5 6 -7 -8 9 10 11 12 13 14 15 16 17 -18 -19 20
0x82e9c52a7b03e810 6441 1 2 3 4 -5 6 -7 -8 9 10 11 12 13 14 15 16 17 -18 -19 20
0xe822859184ffea79 6441 1 2 3 4 -5 6 -7 -8 9 10 11 12 13 14 15 16 17 -18 -19 20
0x8597ac7d61bb7975 6441 1 2 3 4 -5 6 -7 -8 9 10 11 12 13 14 15 16 17 -18 -19 20
0x7e22fb42af51f3fa 6441 1 2 3 4 -5 6 -7 -8 9 10 11 12 13 14 15 16 17 -18 -19 20
0x969fd3190e6ca53a 6441 1 2 3 4 -5 6 -7 -8 9 10 11 12 13 14 15 16 17 -18 -19 20
0x4eccba4a4c2b99e8 6441 1 2 3 4 -5 6 -7 -8 9 10 11 12 13 14 15 16 17 -18 -19 20
0x2bdf77b28dea55bd 6441 1 2 3 4 -5 6 -7 -8 9 10 11 12 13 14 15 16 17 -18 -19 20
0x389a5e75051fc32b 6441 1 2 3 4 -5 6 -7 -8 9 10 11 12 13 14 15 16 17 -18 -19 20
0xb4f7aa677d56de35 6441 1 2 3 4 -5 6 -7 -8 9 10 11 12 13 14 15 16 17 -18 -19 20
0x375a44172b22f614 6441 1 2 3 4 -5 6 -7 -8 9 10 11 12 13 14 15 16 17 -18 -19 20