0xaa205079d87d23f 7856 1 2 3 4 5 6 7 8 9 -10 11 12 -13 14 15 16 17 -18 19 20
0x1cd6cf48a4dd678f 7856 1 2 3 4 5 6 7 8 9 -10 11 12 -13 14 15 16 17 -18 19 20
0x92091c22ada27a3e 7856 1 2 3 4 5 6 7 8 9 -10 11 12 -13 14 15 16 17 -18 19 20
0x3fcec57e7eb808a9 7856 1 2 3 4 5 6 7 8 9 -10 11 12 -13 14 15 16 17 -18 19 20
0xa869dce74f91630c 7856 1 2 3 4 5 6 7 8 9 -10 11 12 -13 14 15 16 17 -18 19 20
0x68cc937ed169be23 7856 1 2 3 4 5 6 7 8 9 -10 11 12 -13 14 15 16 17 -18 19 20
0xe2bd789150bcc87d 7856 1 2 3 4 5 6 7 8 9 -10 11 12 -13 14 15 16 17 -18 19 20
0xa2ee0ebda01d436c 7856 1 2 3 4 5 6 7 8 9 -10 11 12 -13 14 15 16 17 -18 19 20
0xf031afe602333d02 7856 1 2 3 4 5 6 7 8 9 -10 11 12 -13 14 15 16 17 -18 19 20
0xfd6c81adaf3c977a 7856 1 2 3 4 5 6 7 8 9 -10 11 12 -13 14 15 16 17 -18 19 20
0xb86d274c627cb962 7856 1 2 3 4 5 6 7 8 9 -10 11 12 -13 14 15 16 17 -18 19 20
0xc52cc6d04243cde4 7856 1 2 3 4 5 6 7 8 9 -10 11 12 -13 14 15 16 17 -18 19 20
0x81cc145993cf76ab 7856 1 2 3 4 5 6 7 8 9 -10 11 12 -13 14 15 16 17 -18 19 20
0x8b1fcda03c106168 7856 1 2 3 4 5 6 7 8 9 -10 11 12 -13 14 15 16 17 -18 19 20
0xd7f3056c84b96d50 7856 1 2 3 4 5 6 7 8 9 -10 11 12 -13 14 15 16 17 -18 19 20
0x257d3f1dc13e609a 7856 1 2 3 4 5 6 7 8 9 -10 11 12 -13 14 15 16 17 -18 19 20
0x8cca5a2663a82e04 7856 1 2 3 4 5 6 7 8 9 -10 11 12 -13 14 15 16 17 -18 19 20
0x6e124d88dd64ca4d 7856 1 2 3 4 5 6 7 8 9 -10 11 12 -13 14 15 16 17 -18 19 20
0x6c3eb3634c7891bb 7856 1 2 3 4 5 6 7 8 9 -10 11 12 -13 14 15 16 17 -18 19 20
0xf81c246071b73d94 7856 1 2 3 4 5 6 7 8 9 -10 11 12 -13 14 15 16 17 -18 19 20
0xe7f56342c0ea69a6 7856 1 2 3 4 5 6 7 8 9 -10 11 12 -13 14 15 16 17 -18 19 20
0xcd965860880ba9c1 7856 1 2 3 4 5 6 7 8 9 -10 11 12 -13 14 15 16 17 -18 19 20
0xc829b6ef2479f9b0 7856 1 2 3 4 5 6 7 8 9 -10 11 12 -13 14 15 16 17 -18 19 20
0x1bdc879b8b7733c3 7856 1 2 3 4 5 6 7 8 9 -10 11 12 -13 14 15 16 17 -18 19 20
0x3d4125a80812b428 7856 1 2 3 4 5 6 7 8 9 -10 11 12 -13 14 15 16 17 -18 19 20
0x3084d920361bdb5b 7856 1 2 3 4 5 6 7 8 9 -10 11 12 -13 14 15 16 17 -18 19 20
0xa9a9366512be9f8a 7856 1 2 3 4 5 6 7 8 9 -10 11 12 -13 14 15 16 17 -18 19 20
0xccf6315f7158a53d 7856 1 2 3 4 5 6 7 8 9 -10 11 12 -13 14 15 16 17 -18 19 20
0xcb021e9b50c2acda 7856 1 2 3 4 5 6 7 8 9 -10 11 12 -13 14 15 16 17 -18 19 20
0x786c395ddad65ae2 7856 1 2 3 4 5 6 7 8 9 -10 11 12 -13 14 15 16 17 -18 19 20