0x28d8e9cf82d40a29 4237 1 2 -3 4 -5 6 7 8 9 10 11 12 -13 -14 15 16 -17 18 19 20
0x491db28aa8b6aeee 4237 1 2 -3 4 -5 6 7 8 9 10 11 12 -13 -14 15 16 -17 18 19 20
0x105a5d3b71858f1b 4237 1 2 -3 4 -5 6 7 8 9 10 11 12 -13 -14 15 16 -17 18 19 20
0xbbdfc61d88c9630a 4237 1 2 -3 4 -5 6 7 8 9 10 11 12 -13 -14 15 16 -17 18 19 20
0x5b6c0e7b4d525718 4237 1 2 -3 4 -5 6 7 8 9 10 11 12 -13 -14 15 16 -17 18 19 20
0xb56524b1fe6423d9 4237 1 2 -3 4 -5 6 7 8 9 10 11 12 -13 -14 15 16 -17 18 19 20
0x6be0c86435c5c09a 4237 1 2 -3 4 -5 6 7 8 9 10 11 12 -13 -14 15 16 -17 18 19 20
0xe66bfeee27958352 4237 1 2 -3 4 -5 6 7 8 9 10 11 12 -13 -14 15 16 -17 18 19 20
0xac3257005e162860 4237 1 2 -3 4 -5 6 7 8 9 10 11 12 -13 -14 15 16 -17 18 19 20
0xc9fa4ade954c9efe 4237 1 2 -3 4 -5 6 7 8 9 10 11 12 -13 -14 15 16 -17 18 19 20
0xf2ab8e2ecbf58bfe 4237 1 2 -3 4 -5 6 7 8 9 10 11 12 -13 -14 15 16 -17 18 19 20
0x8fd6a4124cd09a7b 4237 1 2 -3 4 -5 6 7 8 9 10 11 12 -13 -14 15 16 -17 18 19 20
0x314629d899fff70 4237 1 2 -3 4 -5 6 7 8 9 10 11 12 -13 -14 15 16 -17 18 19 20
0xe3f4225e423fb340 4237 1 2 -3 4 -5 6 7 8 9 10 11 12 -13 -14 15 16 -17 18 19 20
0xff05e6d53bd747da 4237 1 2 -3 4 -5 6 7 8 9 10 11 12 -13 -14 15 16 -17 18 19 20
0xc21211d585a26bb0 4237 1 2 -3 4 -5 6 7 8 9 10 11 12 -13 -14 15 16 -17 18 19 20
0x6acee6f25f539de8 4237 1 2 -3 4 -5 6 7 8 9 10 11 12 -13 -14 15 16 -17 18 19 20
0x638af251a637c528 4237 1 2 -3 4 -5 6 7 8 9 10 11 12 -13 -14 15 16 -17 18 19 20
0x994f6b5082d7653e 4237 1 2 -3 4 -5 6 7 8 9 10 11 12 -13 -14 15 16 -17 18 19 20
0xd0b1bc01afea5097 4237 1 2 -3 4 -5 6 7 8 9 10 11 12 -13 -14 15 16 -17 18 19 20
0x342b58a7ab5b69c8 4237 1 2 -3 4 -5 6 7 8 9 10 11 12 -13 -14 15 16 -17 18 19 20
0x925e73e21f27507 4237 1 2 -3 4 -5 6 7 8 9 10 11 12 -13 -14 15 16 -17 18 19 20
0x29f4dd252ef82f3a 4237 1 2 -3 4 -5 6 7 8 9 10 11 12 -13 -14 15 16 -17 18 19 20
0x42fd578c6d43fe68 4237 1 2 -3 4 -5 6 7 8 9 10 11 12 -13 -14 15 16 -17 18 19 20
0x89bea15b5cca1563 4237 1 2 -3 4 -5 6 7 8 9 10 11 12 -13 -14 15 16 -17 18 19 20
0xbed43bf50ccb5856 4237 1 2 -3 4 -5 6 7 8 9 10 11 12 -13 -14 15 16 -17 18 19 20
0x7ff0efb46c76b847 4237 1 2 -3 4 -5 6 7 8 9 10 11 12 -13 -14 15 16 -17 18 19 20
0xb25d1e5e7eaea88c 4237 1 2 -3 4 -5 6 7 8 9 10 11 12 -13 -14 15 16 -17 18 19 20
0x80a587c40d098d11 4237 1 2 -3 4 -5 6 7 8 9 10 11 12 -13 -14 15 16 -17 18 19 20
0xd6f4b42e9a93146f 4237 1 2 -3 4 -5 6 7 8 9 10 11 12 -13 -14 15 16 -17 18 19 20