0xf8a8a5ec6786014e 5023 1 2 3 4 5 6 7 8 9 10 -11 12 -13 14 15 16 17 -18 -19 20
0xaa242e3331fa8939 5023 1 2 3 4 5 6 7 8 9 10 -11 12 -13 14 15 16 17 -18 -19 20
0x4bc68ea9fc43149c 5023 1 2 3 4 5 6 7 8 9 10 -11 12 -13 14 15 16 17 -18 -19 20
0x719f3b21bf40e9f0 5023 1 2 3 4 5 6 7 8 9 10 -11 12 -13 14 15 16 17 -18 -19 20
0xaa7c9682191115f2 5023 1 2 3 4 5 6 7 8 9 10 -11 12 -13 14 15 16 17 -18 -19 20
0xdedcef6f4a40f8b4 5023 1 2 3 4 5 6 7 8 9 10 -11 12 -13 14 15 16 17 -18 -19 20
0xbe02c81740ba5a 5023 1 2 3 4 5 6 7 8 9 10 -11 12 -13 14 15 16 17 -18 -19 20
0x197ca2e10432dd6f 5023 1 2 3 4 5 6 7 8 9 10 -11 12 -13 14 15 16 17 -18 -19 20
0x946caf2baf388bf1 5023 1 2 3 4 5 6 7 8 9 10 -11 12 -13 14 15 16 17 -18 -19 20
0x1de957fbe76a9a6a 5023 1 2 3 4 5 6 7 8 9 10 -11 12 -13 14 15 16 17 -18 -19 20
0x3bdac137d1969a8f 5023 1 2 3 4 5 6 7 8 9 10 -11 12 -13 14 15 16 17 -18 -19 20
0xaf1a4394d0f852a4 5023 1 2 3 4 5 6 7 8 9 10 -11 12 -13 14 15 16 17 -18 -19 20
0xb40a5c014c81f7b0 5023 1 2 3 4 5 6 7 8 9 10 -11 12 -13 14 15 16 17 -18 -19 20
0x4daec34a17cdd1c0 5023 1 2 3 4 5 6 7 8 9 10 -11 12 -13 14 15 16 17 -18 -19 20
0xd435513cb9a34116 5023 1 2 3 4 5 6 7 8 9 10 -11 12 -13 14 15 16 17 -18 -19 20
0x1fb4a11966404325 5023 1 2 3 4 5 6 7 8 9 10 -11 12 -13 14 15 16 17 -18 -19 20
0x2c22d0f2db0801a2 5023 1 2 3 4 5 6 7 8 9 10 -11 12 -13 14 15 16 17 -18 -19 20
0xceb0853195685007 5023 1 2 3 4 5 6 7 8 9 10 -11 12 -13 14 15 16 17 -18 -19 20
0x1f14bc12c227b915 5023 1 2 3 4 5 6 7 8 9 10 -11 12 -13 14 15 16 17 -18 -19 20
0x3867712383621c4c 5023 1 2 3 4 5 6 7 8 9 10 -11 12 -13 14 15 16 17 -18 -19 20
0x9e6910c9bbb9db73 5023 1 2 3 4 5 6 7 8 9 10 -11 12 -13 14 15 16 17 -18 -19 20
0xf554bbbc75839814 5023 1 2 3 4 5 6 7 8 9 10 -11 12 -13 14 15 16 17 -18 -19 20
0xe3d86bd3377dfde6 5023 1 2 3 4 5 6 7 8 9 10 -11 12 -13 14 15 16 17 -18 -19 20
0x58766a411cf3c870 5023 1 2 3 4 5 6 7 8 9 10 -11 12 -13 14 15 16 17 -18 -19 20
0xffd925facfdea9a2 5023 1 2 3 4 5 6 7 8 9 10 -11 12 -13 14 15 16 17 -18 -19 20
0xfd98960e4a06e337 5023 1 2 3 4 5 6 7 8 9 10 -11 12 -13 14 15 16 17 -18 -19 20
0xa33bf63a79beaf8e 5023 1 2 3 4 5 6 7 8 9 10 -11 12 -13 14 15 16 17 -18 -19 20
0x454afe462d1a18f5 5023 1 2 3 4 5 6 7 8 9 10 -11 12 -13 14 15 16 17 -18 -19 20
0xa4af559e30f818cb 5023 1 2 3 4 5 6 7 8 9 10 -11 12 -13 14 15 16 17 -18 -19 20
0x9d206eb50e721f7 5023 1 2 3 4 5 6 7 8 9 10 -11 12 -13 14 15 16 17 -18 -19 20