0x2ce61b9fc6faa0d7 4642 -1 2 3 4 5 6 7 8 9 10 -11 12 13 -14 15 16 17 -18 19 -20
0xb1a2fe76d4e56009 4642 -1 2 3 4 5 6 7 8 9 10 -11 12 13 -14 15 16 17 -18 19 -20
0xafbb622ac6469c48 4642 -1 2 3 4 5 6 7 8 9 10 -11 12 13 -14 15 16 17 -18 19 -20
0xff696c4f9dc5d522 4642 -1 2 3 4 5 6 7 8 9 10 -11 12 13 -14 15 16 17 -18 19 -20
0xaf48f9a6c023d1f7 4642 -1 2 3 4 5 6 7 8 9 10 -11 12 13 -14 15 16 17 -18 19 -20
0x694b2323e172b449 4642 -1 2 3 4 5 6 7 8 9 10 -11 12 13 -14 15 16 17 -18 19 -20
0x3a37257030f58940 4642 -1 2 3 4 5 6 7 8 9 10 -11 12 13 -14 15 16 17 -18 19 -20
0x93a8e90a73d5afd4 4642 -1 2 3 4 5 6 7 8 9 10 -11 12 13 -14 15 16 17 -18 19 -20
0xa8e344c98fb0bb51 4642 -1 2 3 4 5 6 7 8 9 10 -11 12 13 -14 15 16 17 -18 19 -20
0x419596963cd42c05 4642 -1 2 3 4 5 6 7 8 9 10 -11 12 13 -14 15 16 17 -18 19 -20
0x770eca519ed52208 4642 -1 2 3 4 5 6 7 8 9 10 -11 12 13 -14 15 16 17 -18 19 -20
0x13c2d09060344268 4642 -1 2 3 4 5 6 7 8 9 10 -11 12 13 -14 15 16 17 -18 19 -20
0xafa6aa648e1556d 4642 -1 2 3 4 5 6 7 8 9 10 -11 12 13 -14 15 16 17 -18 19 -20
0x45aae61cba1e7da 4642 -1 2 3 4 5 6 7 8 9 10 -11 12 13 -14 15 16 17 -18 19 -20
0xe96c9e2b9e75a013 4642 -1 2 3 4 5 6 7 8 9 10 -11 12 13 -14 15 16 17 -18 19 -20
0x646bbcf64eebf3f9 4642 -1 2 3 4 5 6 7 8 9 10 -11 12 13 -14 15 16 17 -18 19 -20
0x215520d40beb184a 4642 -1 2 3 4 5 6 7 8 9 10 -11 12 13 -14 15 16 17 -18 19 -20
0x8c62119be12e02d2 4642 -1 2 3 4 5 6 7 8 9 10 -11 12 13 -14 15 16 17 -18 19 -20
0xd78930ba53228c21 4642 -1 2 3 4 5 6 7 8 9 10 -11 12 13 -14 15 16 17 -18 19 -20
0x89e302db01927f74 4642 -1 2 3 4 5 6 7 8 9 10 -11 12 13 -14 15 16 17 -18 19 -20
0x22049582743ca75a 4642 -1 2 3 4 5 6 7 8 9 10 -11 12 13 -14 15 16 17 -18 19 -20
0xa7d8773d3c30b815 4642 -1 2 3 4 5 6 7 8 9 10 -11 12 13 -14 15 16 17 -18 19 -20
0x9eba1bf59e70c50a 4642 -1 2 3 4 5 6 7 8 9 10 -11 12 13 -14 15 16 17 -18 19 -20
0x522fe6ea7b5f4747 4642 -1 2 3 4 5 6 7 8 9 10 -11 12 13 -14 15 16 17 -18 19 -20
0x399b6e7b0ee7b9bd 4642 -1 2 3 4 5 6 7 8 9 10 -11 12 13 -14 15 16 17 -18 19 -20
0xc76380354b10fd73 4642 -1 2 3 4 5 6 7 8 9 10 -11 12 13 -14 15 16 17 -18 19 -20
0x1865088b02776aaf 4642 -1 2 3 4 5 6 7 8 9 10 -11 12 13 -14 15 16 17 -18 19 -20
0x95d13f784361e007 4642 -1 2 3 4 5 6 7 8 9 10 -11 12 13 -14 15 16 17 -18 19 -20
0x207c96310fd56de8 4642 -1 2 3 4 5 6 7 8 9 10 -11 12 13 -14 15 16 17 -18 19 -20
0xc0d8b471988b3bb8 4642 -1 2 3 4 5 6 7 8 9 10 -11 12 13 -14 15 16 17 -18 19 -20