0xbbab0045d48fa518 3741 1 -2 -3 4 -5 6 -7 8 9 10 11 12 13 -14 15 -16 17 18 19 20
0x6fc70dcdb4649620 3741 1 -2 -3 4 -5 6 -7 8 9 10 11 12 13 -14 15 -16 17 18 19 20
0xc9e1e666580fcd6c 3741 1 -2 -3 4 -5 6 -7 8 9 10 11 12 13 -14 15 -16 17 18 19 20
0x7cb77d2b350f34dd 3741 1 -2 -3 4 -5 6 -7 8 9 10 11 12 13 -14 15 -16 17 18 19 20
0xed0f5ed3dcbffe72 3741 1 -2 -3 4 -5 6 -7 8 9 10 11 12 13 -14 15 -16 17 18 19 20
0x14fd3b46657b0ae0 3741 1 -2 -3 4 -5 6 -7 8 9 10 11 12 13 -14 15 -16 17 18 19 20
0x4d252e9c9b6a0cbe 3741 1 -2 -3 4 -5 6 -7 8 9 10 11 12 13 -14 15 -16 17 18 19 20
0x9470ae8e2cb0e4f7 3741 1 -2 -3 4 -5 6 -7 8 9 10 11 12 13 -14 15 -16 17 18 19 20
0xa7169dd5164d31f9 3741 1 -2 -3 4 -5 6 -7 8 9 10 11 12 13 -14 15 -16 17 18 19 20
0xbf30e71ce4c253e8 3741 1 -2 -3 4 -5 6 -7 8 9 10 11 12 13 -14 15 -16 17 18 19 20
0xad3cb444a522bb43 3741 1 -2 -3 4 -5 6 -7 8 9 10 11 12 13 -14 15 -16 17 18 19 20
0xad71d561da82162d 3741 1 -2 -3 4 -5 6 -7 8 9 10 11 12 13 -14 15 -16 17 18 19 20
0x2cfead922fb4b18 3741 1 -2 -3 4 -5 6 -7 8 9 10 11 12 13 -14 15 -16 17 18 19 20
0x26babaec84d7f739 3741 1 -2 -3 4 -5 6 -7 8 9 10 11 12 13 -14 15 -16 17 18 19 20
0x2df06a63a52f0739 3741 1 -2 -3 4 -5 6 -7 8 9 10 11 12 13 -14 15 -16 17 18 19 20
0xb0bc451d1db352cd 3741 1 -2 -3 4 -5 6 -7 8 9 10 11 12 13 -14 15 -16 17 18 19 20
0x4f0332e4452903dc 3741 1 -2 -3 4 -5 6 -7 8 9 10 11 12 13 -14 15 -16 17 18 19 20
0x2cd9de81b5680617 3741 1 -2 -3 4 -5 6 -7 8 9 10 11 12 13 -14 15 -16 17 18 19 20
0xb0eed7f8d0d8f0 3741 1 -2 -3 4 -5 6 -7 8 9 10 11 12 13 -14 15 -16 17 18 19 20
0x3aafedf415797da 3741 1 -2 -3 4 -5 6 -7 8 9 10 11 12 13 -14 15 -16 17 18 19 20
0xfc8430d767798f6d 3741 1 -2 -3 4 -5 6 -7 8 9 10 11 12 13 -14 15 -16 17 18 19 20
0xd39b5a883cf280fe 3741 1 -2 -3 4 -5 6 -7 8 9 10 11 12 13 -14 15 -16 17 18 19 20
0x4625810c5c8b2fc4 3741 1 -2 -3 4 -5 6 -7 8 9 10 11 12 13 -14 15 -16 17 18 19 20
0x28fa21fbdb63163b 3741 1 -2 -3 4 -5 6 -7 8 9 10 11 12 13 -14 15 -16 17 18 19 20
0xb768126064f27bfe 3741 1 -2 -3 4 -5 6 -7 8 9 10 11 12 13 -14 15 -16 17 18 19 20
0xb0105d14e27f0bec 3741 1 -2 -3 4 -5 6 -7 8 9 10 11 12 13 -14 15 -16 17 18 19 20
0xf8b52889f757b5d1 3741 1 -2 -3 4 -5 6 -7 8 9 10 11 12 13 -14 15 -16 17 18 19 20
0xb04bb0ed3fd36df8 3741 1 -2 -3 4 -5 6 -7 8 9 10 11 12 13 -14 15 -16 17 18 19 20
0x3b61cb98b9713e62 3741 1 -2 -3 4 -5 6 -7 8 9 10 11 12 13 -14 15 -16 17 18 19 20
0xacbeae2dcdf23b88 3741 1 -2 -3 4 -5 6 -7 8 9 10 11 12 13 -14 15 -16 17 18 19 20