0x1495092713e131aa 4964 1 2 3 4 5 -6 7 8 9 -10 11 12 -13 14 15 -16 17 18 19 20
0xf79169944ca7a1b3 4964 1 2 3 4 5 -6 7 8 9 -10 11 12 -13 14 15 -16 17 18 19 20
0x984a9646a859770 4964 1 2 3 4 5 -6 7 8 9 -10 11 12 -13 14 15 -16 17 18 19 20
0x8842f6779d6f5ad7 4964 1 2 3 4 5 -6 7 8 9 -10 11 12 -13 14 15 -16 17 18 19 20
0x9f6aced9409e2881 4964 1 2 3 4 5 -6 7 8 9 -10 11 12 -13 14 15 -16 17 18 19 20
0xa58d77dbddcc5e01 4964 1 2 3 4 5 -6 7 8 9 -10 11 12 -13 14 15 -16 17 18 19 20
0x3e337c57d4cdbb40 4964 1 2 3 4 5 -6 7 8 9 -10 11 12 -13 14 15 -16 17 18 19 20
0xcefb73239d78eea6 4964 1 2 3 4 5 -6 7 8 9 -10 11 12 -13 14 15 -16 17 18 19 20
0xfad598691e63eb28 4964 1 2 3 4 5 -6 7 8 9 -10 11 12 -13 14 15 -16 17 18 19 20
0xea77e93f9f2ba884 4964 1 2 3 4 5 -6 7 8 9 -10 11 12 -13 14 15 -16 17 18 19 20
0x4dd7576f1de6f450 4964 1 2 3 4 5 -6 7 8 9 -10 11 12 -13 14 15 -16 17 18 19 20
0xf0b7b79501f6e4bd 4964 1 2 3 4 5 -6 7 8 9 -10 11 12 -13 14 15 -16 17 18 19 20
0xe4ceb962249909ac 4964 1 2 3 4 5 -6 7 8 9 -10 11 12 -13 14 15 -16 17 18 19 20
0x6db2a58ad24389e6 4964 1 2 3 4 5 -6 7 8 9 -10 11 12 -13 14 15 -16 17 18 19 20
0x18678d1549e0b8e5 4964 1 2 3 4 5 -6 7 8 9 -10 11 12 -13 14 15 -16 17 18 19 20
0x1817e7f48a23f807 4964 1 2 3 4 5 -6 7 8 9 -10 11 12 -13 14 15 -16 17 18 19 20
0x967e44974c36700c 4964 1 2 3 4 5 -6 7 8 9 -10 11 12 -13 14 15 -16 17 18 19 20
0xe14c475a6c1eda9a 4964 1 2 3 4 5 -6 7 8 9 -10 11 12 -13 14 15 -16 17 18 19 20
0x3d5cfa0f529a5bba 4964 1 2 3 4 5 -6 7 8 9 -10 11 12 -13 14 15 -16 17 18 19 20
0x73c06b7f7e5c6b5a 4964 1 2 3 4 5 -6 7 8 9 -10 11 12 -13 14 15 -16 17 18 19 20
0xefee9ee2ecebcecb 4964 1 2 3 4 5 -6 7 8 9 -10 11 12 -13 14 15 -16 17 18 19 20
0x81afcb6bdd92a243 4964 1 2 3 4 5 -6 7 8 9 -10 11 12 -13 14 15 -16 17 18 19 20
0x797a73779550599b 4964 1 2 3 4 5 -6 7 8 9 -10 11 12 -13 14 15 -16 17 18 19 20
0xd7441741ec4c59ac 4964 1 2 3 4 5 -6 7 8 9 -10 11 12 -13 14 15 -16 17 18 19 20
0xc9bb45dd082520d9 4964 1 2 3 4 5 -6 7 8 9 -10 11 12 -13 14 15 -16 17 18 19 20
0x6a0a86b59953c34f 4964 1 2 3 4 5 -6 7 8 9 -10 11 12 -13 14 15 -16 17 18 19 20
0xa071808c2fe52402 4964 1 2 3 4 5 -6 7 8 9 -10 11 12 -13 14 15 -16 17 18 19 20
0x358b2cf422a2e227 4964 1 2 3 4 5 -6 7 8 9 -10 11 12 -13 14 15 -16 17 18 19 20
0x7a60bd782e6a3047 4964 1 2 3 4 5 -6 7 8 9 -10 11 12 -13 14 15 -16 17 18 19 20
0xd9ce369a9a9de6fb 4964 1 2 3 4 5 -6 7 8 9 -10 11 12 -13 14 15 -16 17 18 19 20