0x5f97ef5bb8498c7f 7864 1 2 3 4 5 -6 7 8 -9 10 11 -12 13 14 15 16 17 18 19 20
0xc8b572ac2b52589c 7864 1 2 3 4 5 -6 7 8 -9 10 11 -12 13 14 15 16 17 18 19 20
0xae3acdcac39f35b1 7864 1 2 3 4 5 -6 7 8 -9 10 11 -12 13 14 15 16 17 18 19 20
0xb5958ae5726e9353 7864 1 2 3 4 5 -6 7 8 -9 10 11 -12 13 14 15 16 17 18 19 20
0x468197981af500f4 7864 1 2 3 4 5 -6 7 8 -9 10 11 -12 13 14 15 16 17 18 19 20
0xa800e23b6d4c930c 7864 1 2 3 4 5 -6 7 8 -9 10 11 -12 13 14 15 16 17 18 19 20
0x332c197e5339142c 7864 1 2 3 4 5 -6 7 8 -9 10 11 -12 13 14 15 16 17 18 19 20
0xf3e75245e4db8b06 7864 1 2 3 4 5 -6 7 8 -9 10 11 -12 13 14 15 16 17 18 19 20
0x23500fcab6819311 7864 1 2 3 4 5 -6 7 8 -9 10 11 -12 13 14 15 16 17 18 19 20
0x1973f69f3ca7b2f0 7864 1 2 3 4 5 -6 7 8 -9 10 11 -12 13 14 15 16 17 18 19 20
0xe1ae74d5d46ab9ab 7864 1 2 3 4 5 -6 7 8 -9 10 11 -12 13 14 15 16 17 18 19 20
0xb7ae29895f0aaa11 7864 1 2 3 4 5 -6 7 8 -9 10 11 -12 13 14 15 16 17 18 19 20
0xb49846360c8e1fd 7864 1 2 3 4 5 -6 7 8 -9 10 11 -12 13 14 15 16 17 18 19 20
0xeb515c5ef4c63ee 7864 1 2 3 4 5 -6 7 8 -9 10 11 -12 13 14 15 16 17 18 19 20
0x7bb2a6459fcbd889 7864 1 2 3 4 5 -6 7 8 -9 10 11 -12 13 14 15 16 17 18 19 20
0x12f3a69218240b5 7864 1 2 3 4 5 -6 7 8 -9 10 11 -12 13 14 15 16 17 18 19 20
0x195d79b2860e1ec8 7864 1 2 3 4 5 -6 7 8 -9 10 11 -12 13 14 15 16 17 18 19 20
0x7a0b70ae06a0622 7864 1 2 3 4 5 -6 7 8 -9 10 11 -12 13 14 15 16 17 18 19 20
0x425e9e2b6a6f9d39 7864 1 2 3 4 5 -6 7 8 -9 10 11 -12 13 14 15 16 17 18 19 20
0x6216db3be84b9c39 7864 1 2 3 4 5 -6 7 8 -9 10 11 -12 13 14 15 16 17 18 19 20
0x6b1dc64f4f79c6e5 7864 1 2 3 4 5 -6 7 8 -9 10 11 -12 13 14 15 16 17 18 19 20
0x3b4e3ae59523449b 7864 1 2 3 4 5 -6 7 8 -9 10 11 -12 13 14 15 16 17 18 19 20
0x4dcab443d6d2b23c 7864 1 2 3 4 5 -6 7 8 -9 10 11 -12 13 14 15 16 17 18 19 20
0x948a31a6c482421f 7864 1 2 3 4 5 -6 7 8 -9 10 11 -12 13 14 15 16 17 18 19 20
0x5ed44ac88cf606c6 7864 1 2 3 4 5 -6 7 8 -9 10 11 -12 13 14 15 16 17 18 19 20
0x2c99a586d8bf8c78 7864 1 2 3 4 5 -6 7 8 -9 10 11 -12 13 14 15 16 17 18 19 20
0x84b2f4dbfa13bc0f 7864 1 2 3 4 5 -6 7 8 -9 10 11 -12 13 14 15 16 17 18 19 20
0x8235342303b2b0cb 7864 1 2 3 4 5 -6 7 8 -9 10 11 -12 13 14 15 16 17 18 19 20
0x9314f8d94e43268c 7864 1 2 3 4 5 -6 7 8 -9 10 11 -12 13 14 15 16 17 18 19 20
0x8c3ca939a8994803 7864 1 2 3 4 5 -6 7 8 -9 10 11 -12 13 14 15 16 17 18 19 20