0x60fdaf3775d8d8d7 6110 1 -2 3 4 5 6 7 8 9 10 11 12 -13 -14 -15 16 17 18 -19 -20
0x788039135ac6e978 6110 1 -2 3 4 5 6 7 8 9 10 11 12 -13 -14 -15 16 17 18 -19 -20
0xc51ed0f7b10fce9b 6110 1 -2 3 4 5 6 7 8 9 10 11 12 -13 -14 -15 16 17 18 -19 -20
0x77b8c6c17f9d8d2a 6110 1 -2 3 4 5 6 7 -8 9 10 11 12 -13 -14 -15 16 17 18 19 -20
0xe590e4917665593a 6110 1 -2 3 4 5 6 7 -8 9 10 11 12 -13 -14 -15 16 17 18 19 -20
0x17593921872010c4 6110 1 -2 3 4 5 6 7 -8 9 10 11 12 -13 -14 -15 16 17 18 19 -20
0xf8708460c232bce1 6110 1 -2 3 4 5 6 7 8 9 10 11 12 -13 -14 -15 16 17 18 -19 -20
0xdd5f2209cc65181d 6110 1 -2 3 4 5 6 7 8 9 10 11 12 -13 -14 -15 16 17 18 -19 -20
0xb9c0d43d57d9a8ae 6110 1 -2 3 4 5 6 7 8 9 10 11 12 -13 -14 -15 16 17 18 -19 -20
0x5a16596d32ac2710 6110 1 -2 3 4 5 6 7 8 9 10 11 12 -13 -14 -15 16 17 18 -19 -20
0xab26bf9e1794a6cd 6110 1 -2 3 4 5 6 7 8 9 10 11 12 -13 -14 -15 16 17 18 -19 -20
0x6125546449ab83f7 6110 1 -2 3 4 5 6 7 8 9 10 11 12 -13 -14 -15 16 17 18 -19 -20
0x9923adcdfd5e1f78 6110 1 -2 3 4 5 6 7 -8 9 10 11 12 -13 -14 -15 16 17 18 19 -20
0x760b630fae0cf5a7 6110 1 -2 3 4 5 6 7 8 9 10 11 12 -13 -14 -15 16 17 18 -19 -20
0x69241db3770dc89e 6110 1 -2 3 4 5 6 7 -8 9 10 11 12 -13 -14 -15 16 17 18 19 -20
0x741fed113ff02dbb 6110 1 -2 3 4 5 6 7 8 9 10 11 12 -13 -14 -15 16 17 18 -19 -20
0x9f6669dc5660ab21 6110 1 -2 3 4 5 6 7 -8 9 10 11 12 -13 -14 -15 16 17 18 19 -20
0xe37ca996ae306536 6110 1 -2 3 4 5 6 7 8 9 10 11 12 -13 -14 -15 16 17 18 -19 -20
0xe5a80218a8475c24 6110 1 -2 3 4 5 6 7 8 9 10 11 12 -13 -14 -15 16 17 18 -19 -20
0xc1299d0f4187395a 6110 1 -2 3 4 5 6 7 -8 9 10 11 12 -13 -14 -15 16 17 18 19 -20
0xa7b0db77e2e4ad0b 6110 1 -2 3 4 5 6 7 8 9 10 11 12 -13 -14 -15 16 17 18 -19 -20
0x6ce28928bc3d5bac 6110 1 -2 3 4 5 6 7 8 9 10 11 12 -13 -14 -15 16 17 18 -19 -20
0x1212e0489bb05b78 6110 1 -2 3 4 5 6 7 8 9 10 11 12 -13 -14 -15 16 17 18 -19 -20
0x20905cd3937f41ed 6110 1 -2 3 4 5 6 7 -8 9 10 11 12 -13 -14 -15 16 17 18 19 -20
0x121d601a78bdc14e 6110 1 -2 3 4 5 6 7 -8 9 10 11 12 -13 -14 -15 16 17 18 19 -20
0x45058fdcb5e1e17f 6110 1 -2 3 4 5 6 7 8 9 10 11 12 -13 -14 -15 16 17 18 -19 -20
0x36047fbb502684b1 6110 1 -2 3 4 5 6 7 -8 9 10 11 12 -13 -14 -15 16 17 18 19 -20
0x1fc24d9a915a40af 6110 1 -2 3 4 5 6 7 -8 9 10 11 12 -13 -14 -15 16 17 18 19 -20
0xae1aab4eac231c23 6110 1 -2 3 4 5 6 7 -8 9 10 11 12 -13 -14 -15 16 17 18 19 -20
0x3ccb4ebd0a673eb4 6110 1 -2 3 4 5 6 7 -8 9 10 11 12 -13 -14 -15 16 17 18 19 -20