0xb26a8896055a91de 7549 1 2 -3 4 -5 6 7 8 9 10 11 12 13 14 15 16 17 18 -19 20
0xc21c8318e8910f5 7549 1 2 -3 4 -5 6 7 8 9 10 11 12 13 14 15 16 17 18 -19 20
0xb4b00a5519d69a0a 7549 1 2 -3 4 -5 6 7 8 9 10 11 12 13 14 15 16 17 18 -19 20
0xc77a8e25cc5e4321 7549 1 2 -3 4 -5 6 7 8 9 10 11 12 13 14 15 16 17 18 -19 20
0xf07d9a2d971f0607 7549 1 2 -3 4 -5 6 7 8 9 10 11 12 13 14 15 16 17 18 -19 20
0xad294dafb8f8236d 7549 1 2 -3 4 -5 6 7 8 9 10 11 12 13 14 15 16 17 18 -19 20
0x130703f7df989f1c 7549 1 2 -3 4 -5 6 7 8 9 10 11 12 13 14 15 16 17 18 -19 20
0x60dcc6ef65e1c302 7549 1 2 -3 4 -5 6 7 8 9 10 11 12 13 14 15 16 17 18 -19 20
0x194a6c15cc3b366 7549 1 2 -3 4 -5 6 7 8 9 10 11 12 13 14 15 16 17 18 -19 20
0x7f09ef8a9958a66f 7549 1 2 -3 4 -5 6 7 8 9 10 11 12 13 14 15 16 17 18 -19 20
0x265364c08e9854b5 7549 1 2 -3 4 -5 6 7 8 9 10 11 12 13 14 15 16 17 18 -19 20
0x6211b93cbf951555 7549 1 2 -3 4 -5 6 7 8 9 10 11 12 13 14 15 16 17 18 -19 20
0x2b9635edf9dd60f 7549 1 2 -3 4 -5 6 7 8 9 10 11 12 13 14 15 16 17 18 -19 20
0xb9c93cd263a5908f 7549 1 2 -3 4 -5 6 7 8 9 10 11 12 13 14 15 16 17 18 -19 20
0x1e429b7577ca726e 7549 1 2 -3 4 -5 6 7 8 9 10 11 12 13 14 15 16 17 18 -19 20
0x5324f8cba6100b5a 7549 1 2 -3 4 -5 6 7 8 9 10 11 12 13 14 15 16 17 18 -19 20
0x6e40d403aa412928 7549 1 2 -3 4 -5 6 7 8 9 10 11 12 13 14 15 16 17 18 -19 20
0x3f31d6cf922f28b0 7549 1 2 -3 4 -5 6 7 8 9 10 11 12 13 14 15 16 17 18 -19 20
0x26f2d37f9a95c8c 7549 1 2 -3 4 -5 6 7 8 9 10 11 12 13 14 15 16 17 18 -19 20
0xad60fd196b41c58e 7549 1 2 -3 4 -5 6 7 8 9 10 11 12 13 14 15 16 17 18 -19 20
0xa5108d43fe6cf4e3 7549 1 2 -3 4 -5 6 7 8 9 10 11 12 13 14 15 16 17 18 -19 20
0xa74fc7c6c940c363 7549 1 2 -3 4 -5 6 7 8 9 10 11 12 13 14 15 16 17 18 -19 20
0xc07a613bc125d5d3 7549 1 2 -3 4 -5 6 7 8 9 10 11 12 13 14 15 16 17 18 -19 20
0x99bd50070f49a8db 7549 1 2 -3 4 -5 6 7 8 9 10 11 12 13 14 15 16 17 18 -19 20
0x6c035adb666c5282 7549 1 2 -3 4 -5 6 7 8 9 10 11 12 13 14 15 16 17 18 -19 20
0x4664c0865cba87c2 7549 1 2 -3 4 -5 6 7 8 9 10 11 12 13 14 15 16 17 18 -19 20
0xf75430ebc469b8ad 7549 1 2 -3 4 -5 6 7 8 9 10 11 12 13 14 15 16 17 18 -19 20
0xc771f3bde2993240 7549 1 2 -3 4 -5 6 7 8 9 10 11 12 13 14 15 16 17 18 -19 20
0xc20e6cb6af403a90 7549 1 2 -3 4 -5 6 7 8 9 10 11 12 13 14 15 16 17 18 -19 20
0xcac1f360d662a9b8 7549 1 2 -3 4 -5 6 7 8 9 10 11 12 13 14 15 16 17 18 -19 20