0x6fbc7150c18315af 7827 1 2 3 4 5 6 7 8 9 -10 -11 -12 13 14 -15 16 -17 18 19 20
0xe109fbe70e0c59e8 7827 1 2 3 4 5 6 7 8 9 -10 -11 -12 13 14 -15 16 -17 18 19 20
0xd6c20c1ca13168ec 7827 1 2 3 4 5 6 7 8 9 -10 -11 -12 13 14 -15 16 -17 18 19 20
0x385c16594c10241f 7827 1 2 3 4 5 6 7 8 9 -10 -11 -12 13 14 -15 16 -17 18 19 20
0x1e4060b414de0d1a 7827 1 2 3 4 5 6 7 8 9 -10 -11 -12 13 14 -15 16 -17 18 19 20
0xbaf9033bfedf4c93 7827 1 2 3 4 5 6 7 8 9 -10 -11 -12 13 14 -15 16 -17 18 19 20
0xe61e7ce230dfd2a3 7827 1 2 3 4 5 6 7 8 9 -10 -11 -12 13 14 -15 16 -17 18 19 20
0x8854666d61d7aae1 7827 1 2 3 4 5 6 7 8 9 -10 -11 -12 13 14 -15 16 -17 18 19 20
0xfd2dd9c2b3f853b6 7827 1 2 3 4 5 6 7 8 9 -10 -11 -12 13 14 -15 16 -17 18 19 20
0x301c695d6c05979 7827 1 2 3 4 5 6 7 8 9 -10 -11 -12 13 14 -15 16 -17 18 19 20
0xffa339d397243acc 7827 1 2 3 4 5 6 7 8 9 -10 -11 -12 13 14 -15 16 -17 18 19 20
0x3e1abbab74d3c0f4 7827 1 2 3 4 5 6 7 8 9 -10 -11 -12 13 14 -15 16 -17 18 19 20
0x11abeab1590d675e 7827 1 2 3 4 5 6 7 8 9 -10 -11 -12 13 14 -15 16 -17 18 19 20
0x96041a9a855dde3 7827 1 2 3 4 5 6 7 8 9 -10 -11 -12 13 14 -15 16 -17 18 19 20
0xa54656882988956b 7827 1 2 3 4 5 6 7 8 9 -10 -11 -12 13 14 -15 16 -17 18 19 20
0xed600e7fc34762d5 7827 1 2 3 4 5 6 7 8 9 -10 -11 -12 13 14 -15 16 -17 18 19 20
0xac094da6c7aee9fb 7827 1 2 3 4 5 6 7 8 9 -10 -11 -12 13 14 -15 16 -17 18 19 20
0x62fbdf7fd39a5b7 7827 1 2 3 4 5 6 7 8 9 -10 -11 -12 13 14 -15 16 -17 18 19 20
0x4e19d59fdd1b597d 7827 1 2 3 4 5 6 7 8 9 -10 -11 -12 13 14 -15 16 -17 18 19 20
0x6c06337175944ad2 7827 1 2 3 4 5 6 7 8 9 -10 -11 -12 13 14 -15 16 -17 18 19 20
0x31ddc1ff506e1068 7827 1 2 3 4 5 6 7 8 9 -10 -11 -12 13 14 -15 16 -17 18 19 20
0xb577f9a33e8516 7827 1 2 3 4 5 6 7 8 9 -10 -11 -12 13 14 -15 16 -17 18 19 20
0xed1e04fe5b32c655 7827 1 2 3 4 5 6 7 8 9 -10 -11 -12 13 14 -15 16 -17 18 19 20
0x8ae34cbf1ce71621 7827 1 2 3 4 5 6 7 8 9 -10 -11 -12 13 14 -15 16 -17 18 19 20
0x2b8d228263abb07a 7827 1 2 3 4 5 6 7 8 9 -10 -11 -12 13 14 -15 16 -17 18 19 20
0xb75891c756e12cd5 7827 1 2 3 4 5 6 7 8 9 -10 -11 -12 13 14 -15 16 -17 18 19 20
0xd10aeb2b9d983bb1 7827 1 2 3 4 5 6 7 8 9 -10 -11 -12 13 14 -15 16 -17 18 19 20
0x46ca3438de4f7118 7827 1 2 3 4 5 6 7 8 9 -10 -11 -12 13 14 -15 16 -17 18 19 20
0xa629ca3bf9acc66 7827 1 2 3 4 5 6 7 8 9 -10 -11 -12 13 14 -15 16 -17 18 19 20
0xaed12c0288900572 7827 1 2 3 4 5 6 7 8 9 -10 -11 -12 13 14 -15 16 -17 18 19 20