0xac5e3bca695f65ad 8242 -1 -2 3 4 5 6 7 8 9 10 11 -12 13 14 15 16 17 18 19 20
0x760b2c8be28cd2e6 8242 -1 -2 3 4 5 6 7 8 9 10 11 -12 13 14 15 16 17 18 19 20
0x4123b7a05b02c650 8242 -1 -2 3 4 5 6 7 8 9 10 11 -12 13 14 15 16 17 18 19 20
0x6baf303db4286b8a 8242 -1 -2 3 4 5 6 7 8 9 10 11 -12 13 14 15 16 17 18 19 20
0x3e28fbc059cd4d4e 8242 -1 -2 3 4 5 6 7 8 9 10 11 -12 13 14 15 16 17 18 19 20
0xb6f03bb0ff9bd305 8242 -1 -2 3 4 5 6 7 8 9 10 11 -12 13 14 15 16 17 18 19 20
0x43b0c9fa2f39b737 8242 -1 -2 3 4 5 6 7 8 9 10 11 -12 13 14 15 16 17 18 19 20
0x1ce3f6d0c0d3ad8f 8242 -1 -2 3 4 5 6 7 8 9 10 11 -12 13 14 15 16 17 18 19 20
0x7198d9aaa6e83412 8242 -1 -2 3 4 5 6 7 8 9 10 11 -12 13 14 15 16 17 18 19 20
0x6d769db04459e465 8242 -1 -2 3 4 5 6 7 8 9 10 11 -12 13 14 15 16 17 18 19 20
0x9557e35f75968772 8242 -1 -2 3 4 5 6 7 8 9 10 11 -12 13 14 15 16 17 18 19 20
0x1a597563d9ef8c51 8242 -1 -2 3 4 5 6 7 8 9 10 11 -12 13 14 15 16 17 18 19 20
0xfaf0b40599744b4c 8242 -1 -2 3 4 5 6 7 8 9 10 11 -12 13 14 15 16 17 18 19 20
0x970ae1d2c0f9743e 8242 -1 -2 3 4 5 6 7 8 9 10 11 -12 13 14 15 16 17 18 19 20
0xd3113dc001b0366b 8242 -1 -2 3 4 5 6 7 8 9 10 11 -12 13 14 15 16 17 18 19 20
0x68bbd97a919b0e02 8242 -1 -2 3 4 5 6 7 8 9 10 11 -12 13 14 15 16 17 18 19 20
0x6d2aa81c5c65e8ad 8242 -1 -2 3 4 5 6 7 8 9 10 11 -12 13 14 15 16 17 18 19 20
0xce7682a80047483c 8242 -1 -2 3 4 5 6 7 8 9 10 11 -12 13 14 15 16 17 18 19 20
0xcfe71cc53fbcf12b 8242 -1 -2 3 4 5 6 7 8 9 10 11 -12 13 14 15 16 17 18 19 20
0x3e83c704002b068 8242 -1 -2 3 4 5 6 7 8 9 10 11 -12 13 14 15 16 17 18 19 20
0x8b23110d47adf91e 8242 -1 -2 3 4 5 6 7 8 9 10 11 -12 13 14 15 16 17 18 19 20
0xfa9cc473f905d476 8242 -1 -2 3 4 5 6 7 8 9 10 11 -12 13 14 15 16 17 18 19 20
0x20246ffa53c2c26b 8242 -1 -2 3 4 5 6 7 8 9 10 11 -12 13 14 15 16 17 18 19 20
0xd6add2bcae2c2061 8242 -1 -2 3 4 5 6 7 8 9 10 11 -12 13 14 15 16 17 18 19 20
0x752b4f1cd98afb1d 8242 -1 -2 3 4 5 6 7 8 9 10 11 -12 13 14 15 16 17 18 19 20
0xaadb8cab7c0d87b5 8242 -1 -2 3 4 5 6 7 8 9 10 11 -12 13 14 15 16 17 18 19 20
0x1ebc880a403887eb 8242 -1 -2 3 4 5 6 7 8 9 10 11 -12 13 14 15 16 17 18 19 20
0xe31ccfdc8a21f030 8242 -1 -2 3 4 5 6 7 8 9 10 11 -12 13 14 15 16 17 18 19 20
0xdfd706ede5ee9e4f 8242 -1 -2 3 4 5 6 7 8 9 10 11 -12 13 14 15 16 17 18 19 20
0xf318ffc72ce5d88c 8242 -1 -2 3 4 5 6 7 8 9 10 11 -12 13 14 15 16 17 18 19 20