0xa45c6d1c05dd9088 8811 1 2 3 -4 5 6 7 -8 9 10 11 -12 13 14 15 16 17 18 19 20
0x22842ec9c446e2c1 8811 1 2 3 -4 5 6 7 -8 9 10 11 -12 13 14 15 16 17 18 19 20
0xef78bfaed9ac569f 8811 1 2 3 -4 5 6 7 -8 9 10 11 -12 13 14 15 16 17 18 19 20
0x4ca14c00125e28ca 8811 1 2 3 -4 5 6 7 -8 9 10 11 -12 13 14 15 16 17 18 19 20
0x8869eaa75421df13 8811 1 2 3 -4 5 6 7 -8 9 10 11 -12 13 14 15 16 17 18 19 20
0x3e8d10908b3a952a 8811 1 2 3 -4 5 6 7 -8 9 10 11 -12 13 14 15 16 17 18 19 20
0x4651b196d0866ea9 8811 1 2 3 -4 5 6 7 -8 9 10 11 -12 13 14 15 16 17 18 19 20
0x6cf31c5bb9ab4763 8811 1 2 3 -4 5 6 7 -8 9 10 11 -12 13 14 15 16 17 18 19 20
0x4ebf61b3c8543668 8811 1 2 3 -4 5 6 7 -8 9 10 11 -12 13 14 15 16 17 18 19 20
0xb47a37125e3d1cf1 8811 1 2 3 -4 5 6 7 -8 9 10 11 -12 13 14 15 16 17 18 19 20
0xbf8c8b064107d34c 8811 1 2 3 -4 5 6 7 -8 9 10 11 -12 13 14 15 16 17 18 19 20
0xac4fefeb8df19600 8811 1 2 3 -4 5 6 7 -8 9 10 11 -12 13 14 15 16 17 18 19 20
0x86b04606976abb4f 8811 1 2 3 -4 5 6 7 -8 9 10 11 -12 13 14 15 16 17 18 19 20
0x219ee0887c31af4d 8811 1 2 3 -4 5 6 7 -8 9 10 11 -12 13 14 15 16 17 18 19 20
0xae32f5a026fd97ad 8811 1 2 3 -4 5 6 7 -8 9 10 11 -12 13 14 15 16 17 18 19 20
0x935950ae7bdd417a 8811 1 2 3 -4 5 6 7 -8 9 10 11 -12 13 14 15 16 17 18 19 20
0x297f9337df342060 8811 1 2 3 -4 5 6 7 -8 9 10 11 -12 13 14 15 16 17 18 19 20
0x24cd03d282fd4e2c 8811 1 2 3 -4 5 6 7 -8 9 10 11 -12 13 14 15 16 17 18 19 20
0x7151d91786339a9a 8811 1 2 3 -4 5 6 7 -8 9 10 11 -12 13 14 15 16 17 18 19 20
0x23f5a895f6fe009d 8811 1 2 3 -4 5 6 7 -8 9 10 11 -12 13 14 15 16 17 18 19 20
0x33411c2cff87e7ba 8811 1 2 3 -4 5 6 7 -8 9 10 11 -12 13 14 15 16 17 18 19 20
0x368b624157c79524 8811 1 2 3 -4 5 6 7 -8 9 10 11 -12 13 14 15 16 17 18 19 20
0x8495ba80ff8bba2 8811 1 2 3 -4 5 6 7 -8 9 10 11 -12 13 14 15 16 17 18 19 20
0x860ed7c6d0e22029 8811 1 2 3 -4 5 6 7 -8 9 10 11 -12 13 14 15 16 17 18 19 20
0xe885c4f5572388ab 8811 1 2 3 -4 5 6 7 -8 9 10 11 -12 13 14 15 16 17 18 19 20
0x5521f844709c5157 8811 1 2 3 -4 5 6 7 -8 9 10 11 -12 13 14 15 16 17 18 19 20
0x54197732611f4b62 8811 1 2 3 -4 5 6 7 -8 9 10 11 -12 13 14 15 16 17 18 19 20
0x46e4fd4cfd569838 8811 1 2 3 -4 5 6 7 -8 9 10 11 -12 13 14 15 16 17 18 19 20
0x94a8e3131440e35d 8811 1 2 3 -4 5 6 7 -8 9 10 11 -12 13 14 15 16 17 18 19 20
0x7a2fa9f250d76647 8811 1 2 3 -4 5 6 7 -8 9 10 11 -12 13 14 15 16 17 18 19 20