0x2f56eb1a4e23bc65 7605 1 -2 3 4 -5 6 7 8 -9 10 11 12 13 -14 15 16 17 18 -19 20
0xdaedb15ffbef2770 7605 1 -2 3 4 -5 6 7 8 -9 10 11 12 13 -14 15 16 17 18 -19 20
0xada944102343fc7 7605 1 -2 3 4 -5 6 7 8 -9 10 11 12 13 -14 15 16 17 18 -19 20
0x93f9cc30ccf0b764 7605 1 -2 3 4 -5 6 7 8 -9 10 11 12 13 -14 15 16 17 18 -19 20
0x76f887bec3293cd2 7605 1 -2 3 4 -5 6 7 8 -9 10 11 12 13 -14 15 16 17 18 -19 20
0xd14d1b82a1ab544b 7605 1 -2 3 4 -5 6 7 8 -9 10 11 12 13 -14 15 16 17 18 -19 20
0x92168aabd591a39 7605 1 -2 3 4 -5 6 7 8 -9 10 11 12 13 -14 15 16 17 18 -19 20
0x964ac9faf6aed5ea 7605 1 -2 3 4 -5 6 7 8 -9 10 11 12 13 -14 15 16 17 18 -19 20
0x5c12b69d841cd8d8 7605 1 -2 3 4 -5 6 7 8 -9 10 11 12 13 -14 15 16 17 18 -19 20
0x7f2005631acccb3 7605 1 -2 3 4 -5 6 7 8 -9 10 11 12 13 -14 15 16 17 18 -19 20
0xb0364712de35285 7605 1 -2 3 4 -5 6 7 8 -9 10 11 12 13 -14 15 16 17 18 -19 20
0xdb1114332174d8fb 7605 1 -2 3 4 -5 6 7 8 -9 10 11 12 13 -14 15 16 17 18 -19 20
0x851bffad557dd026 7605 1 -2 3 4 -5 6 7 8 -9 10 11 12 13 -14 15 16 17 18 -19 20
0x2b0e81d00b6fac2d 7605 1 -2 3 4 -5 6 7 8 -9 10 11 12 13 -14 15 16 17 18 -19 20
0xe423cfb541b6d9ab 7605 1 -2 3 4 -5 6 7 8 -9 10 11 12 13 -14 15 16 17 18 -19 20
0xaee5aca55cae391c 7605 1 -2 3 4 -5 6 7 8 -9 10 11 12 13 -14 15 16 17 18 -19 20
0x79a9c134086179bb 7605 1 -2 3 4 -5 6 7 8 -9 10 11 12 13 -14 15 16 17 18 -19 20
0x5ade25db4f335ebc 7605 1 -2 3 4 -5 6 7 8 -9 10 11 12 13 -14 15 16 17 18 -19 20
0xe9be595f70bb963e 7605 1 -2 3 4 -5 6 7 8 -9 10 11 12 13 -14 15 16 17 18 -19 20
0x5eaf9497baa5f207 7605 1 -2 3 4 -5 6 7 8 -9 10 11 12 13 -14 15 16 17 18 -19 20
0x85ae096338584a64 7605 1 -2 3 4 -5 6 7 8 -9 10 11 12 13 -14 15 16 17 18 -19 20
0xa9f5ee55d9f683f5 7605 1 -2 3 4 -5 6 7 8 -9 10 11 12 13 -14 15 16 17 18 -19 20
0x10bfd7939f7e28c1 7605 1 -2 3 4 -5 6 7 8 -9 10 11 12 13 -14 15 16 17 18 -19 20
0x82bdb2ca3dd93ca2 7605 1 -2 3 4 -5 6 7 8 -9 10 11 12 13 -14 15 16 17 18 -19 20
0xc57cce586a2ba819 7605 1 -2 3 4 -5 6 7 8 -9 10 11 12 13 -14 15 16 17 18 -19 20
0xbeccf0d335d539c9 7605 1 -2 3 4 -5 6 7 8 -9 10 11 12 13 -14 15 16 17 18 -19 20
0x75d3c0865cb1b7f8 7605 1 -2 3 4 -5 6 7 8 -9 10 11 12 13 -14 15 16 17 18 -19 20
0x835c70cc747b7605 7605 1 -2 3 4 -5 6 7 8 -9 10 11 12 13 -14 15 16 17 18 -19 20
0x6340f026e114a37e 7605 1 -2 3 4 -5 6 7 8 -9 10 11 12 13 -14 15 16 17 18 -19 20
0x48ca28504740bbcc 7605 1 -2 3 4 -5 6 7 8 -9 10 11 12 13 -14 15 16 17 18 -19 20