0xe66d66daf09b957d 2247 1 2 -3 4 5 6 7 -8 9 10 11 12 13 14 15 16 17 18 19 20
0xb2d9119646f00a4e 2247 1 2 -3 4 5 6 7 -8 9 10 11 12 13 14 15 16 17 18 19 20
0xf943bc4fed946542 2247 1 2 -3 4 5 6 7 -8 9 10 11 12 13 14 15 16 17 18 19 20
0xe6ef3ad7218b9f6c 2247 1 2 -3 4 5 6 7 -8 9 10 11 12 13 14 15 16 17 18 19 20
0x3d4824e8e887f022 2247 1 2 -3 4 5 6 7 -8 9 10 11 12 13 14 15 16 17 18 19 20
0x69353a42751dd3f3 2247 1 2 -3 4 5 6 7 -8 9 10 11 12 13 14 15 16 17 18 19 20
0x5b3de38eb22e25b 2247 1 2 -3 4 5 6 7 -8 9 10 11 12 13 14 15 16 17 18 19 20
0xbad17597774e7fde 2247 1 2 -3 4 5 6 7 -8 9 10 11 12 13 14 15 16 17 18 19 20
0xa7680dfade49b9b9 2247 1 2 -3 4 5 6 7 -8 9 10 11 12 13 14 15 16 17 18 19 20
0x5068d8b5c0d752b5 2247 1 2 -3 4 5 6 7 -8 9 10 11 12 13 14 15 16 17 18 19 20
0x1aba5f76931a52d8 2247 1 2 -3 4 5 6 7 -8 9 10 11 12 13 14 15 16 17 18 19 20
0x674af2c73fa20312 2247 1 2 -3 4 5 6 7 -8 9 10 11 12 13 14 15 16 17 18 19 20
0x3424a041a0edeff8 2247 1 2 -3 4 5 6 7 -8 9 10 11 12 13 14 15 16 17 18 19 20
0x314373eb4aecbfc7 2247 1 2 -3 4 5 6 7 -8 9 10 11 12 13 14 15 16 17 18 19 20
0x410d96c153e558ef 2247 1 2 -3 4 5 6 7 -8 9 10 11 12 13 14 15 16 17 18 19 20
0xec22f6966989982 2247 1 2 -3 4 5 6 7 -8 9 10 11 12 13 14 15 16 17 18 19 20
0x9c8e4d1d1f78ec56 2247 1 2 -3 4 5 6 7 -8 9 10 11 12 13 14 15 16 17 18 19 20
0x89d12307d2ff0a9c 2247 1 2 -3 4 5 6 7 -8 9 10 11 12 13 14 15 16 17 18 19 20
0xbdfb87c943cffb6b 2247 1 2 -3 4 5 6 7 -8 9 10 11 12 13 14 15 16 17 18 19 20
0x810635c5e82f79af 2247 1 2 -3 4 5 6 7 -8 9 10 11 12 13 14 15 16 17 18 19 20
0x1d3d5f05aa34cdab 2247 1 2 -3 4 5 6 7 -8 9 10 11 12 13 14 15 16 17 18 19 20
0x87488c790a9e31e7 2247 1 2 -3 4 5 6 7 -8 9 10 11 12 13 14 15 16 17 18 19 20
0xd5455091c16451b9 2247 1 2 -3 4 5 6 7 -8 9 10 11 12 13 14 15 16 17 18 19 20
0x483d6aed71c64dc0 2247 1 2 -3 4 5 6 7 -8 9 10 11 12 13 14 15 16 17 18 19 20
0xce80786e4de4be40 2247 1 2 -3 4 5 6 7 -8 9 10 11 12 13 14 15 16 17 18 19 20
0x2e50189fbb5abd51 2247 1 2 -3 4 5 6 7 -8 9 10 11 12 13 14 15 16 17 18 19 20
0x6d6dd4a1160b30e6 2247 1 2 -3 4 5 6 7 -8 9 10 11 12 13 14 15 16 17 18 19 20
0xcaf27a67e0739fa2 2247 1 2 -3 4 5 6 7 -8 9 10 11 12 13 14 15 16 17 18 19 20
0x5c4bae4c70ce6a40 2247 1 2 -3 4 5 6 7 -8 9 10 11 12 13 14 15 16 17 18 19 20
0x8d8c14c136851653 2247 1 2 -3 4 5 6 7 -8 9 10 11 12 13 14 15 16 17 18 19 20