0x6ba9324f1a563be 1800 1 2 -3 4 5 -6 7 8 -9 -10 -11 12 13 14 15 16 17 18 19 20
0xbb39d66b30985c93 1800 1 2 -3 4 5 -6 7 8 -9 -10 -11 12 13 14 15 16 17 18 19 20
0x15fde276ee937a3b 1800 1 2 -3 4 5 -6 7 8 -9 -10 -11 12 13 14 15 16 17 18 19 20
0x7cbd371df487f375 1800 1 2 -3 4 5 -6 7 8 -9 -10 -11 12 13 14 15 16 17 18 19 20
0xd25c2596c6ea5dec 1800 1 2 -3 4 5 -6 7 8 -9 -10 -11 12 13 14 15 16 17 18 19 20
0x2ff28f532f89166b 1800 1 2 -3 4 5 -6 7 8 -9 -10 -11 12 13 14 15 16 17 18 19 20
0x93ff9acf006cdb02 1800 1 2 -3 4 5 -6 7 8 -9 -10 -11 12 13 14 15 16 17 18 19 20
0x36de6e66590d0c06 1800 1 2 -3 4 5 -6 7 8 -9 -10 -11 12 13 14 15 16 17 18 19 20
0x358f5f10ce826a8c 1800 1 2 -3 4 5 -6 7 8 -9 -10 -11 12 13 14 15 16 17 18 19 20
0x2335e67f0ce8c764 1800 1 2 -3 4 5 -6 7 8 -9 -10 -11 12 13 14 15 16 17 18 19 20
0x97d48f518b09582f 1800 1 2 -3 4 5 -6 7 8 -9 -10 -11 12 13 14 15 16 17 18 19 20
0xfc59159860bf1fa5 1800 1 2 -3 4 5 -6 7 8 -9 -10 -11 12 13 14 15 16 17 18 19 20
0x6ee879faaaafa72e 1800 1 2 -3 4 5 -6 7 8 -9 -10 -11 12 13 14 15 16 17 18 19 20
0xd0159a58d6ed7bfa 1800 1 2 -3 4 5 -6 7 8 -9 -10 -11 12 13 14 15 16 17 18 19 20
0xacc2dd4719abc169 1800 1 2 -3 4 5 -6 7 8 -9 -10 -11 12 13 14 15 16 17 18 19 20
0x390575bf8892a824 1800 1 2 -3 4 5 -6 7 8 -9 -10 -11 12 13 14 15 16 17 18 19 20
0xfd691d870279fca3 1800 1 2 -3 4 5 -6 7 8 -9 -10 -11 12 13 14 15 16 17 18 19 20
0x6da865467e89f5e1 1800 1 2 -3 4 5 -6 7 8 -9 -10 -11 12 13 14 15 16 17 18 19 20
0xf72f7411aef345ac 1800 1 2 -3 4 5 -6 7 8 -9 -10 -11 12 13 14 15 16 17 18 19 20
0xf08c4e02a702d97d 1800 1 2 -3 4 5 -6 7 8 -9 -10 -11 12 13 14 15 16 17 18 19 20
0x41d06faf6912926b 1800 1 2 -3 4 5 -6 7 8 -9 -10 -11 12 13 14 15 16 17 18 19 20
0xdde40b95b06e3a95 1800 1 2 -3 4 5 -6 7 8 -9 -10 -11 12 13 14 15 16 17 18 19 20
0xcbec7c7acea1af5d 1800 1 2 -3 4 5 -6 7 8 -9 -10 -11 12 13 14 15 16 17 18 19 20
0x9ce0fafe6b3f1637 1800 1 2 -3 4 5 -6 7 8 -9 -10 -11 12 13 14 15 16 17 18 19 20
0x1aff81fc40b7b9c7 1800 1 2 -3 4 5 -6 7 8 -9 -10 -11 12 13 14 15 16 17 18 19 20
0x44eeffef817d4923 1800 1 2 -3 4 5 -6 7 8 -9 -10 -11 12 13 14 15 16 17 18 19 20
0x48ae8518680c6b17 1800 1 2 -3 4 5 -6 7 8 -9 -10 -11 12 13 14 15 16 17 18 19 20
0xd9faecf584a02ce 1800 1 2 -3 4 5 -6 7 8 -9 -10 -11 12 13 14 15 16 17 18 19 20
0xf859097f4e446cb1 1800 1 2 -3 4 5 -6 7 8 -9 -10 -11 12 13 14 15 16 17 18 19 20
0xfb5851f9f79d7ffd 1800 1 2 -3 4 5 -6 7 8 -9 -10 -11 12 13 14 15 16 17 18 19 20