0xb8bcb9db0bf7ae78 2198 1 2 3 4 5 6 7 8 9 10 11 -12 -13 14 15 16 17 18 19 20
0xac491e7d3e3ecfbb 2198 1 2 3 4 5 6 7 8 9 10 11 -12 -13 14 15 16 17 18 19 20
0xf7c83d6c9e06af74 2198 1 2 3 4 5 6 7 8 9 10 11 -12 -13 14 15 16 17 18 19 20
0x1db5f31e40945854 2198 1 2 3 4 5 6 7 8 9 10 11 -12 -13 14 15 16 17 18 19 20
0xcc73da6354eea90 2198 1 2 3 4 5 6 7 8 9 10 11 -12 -13 14 15 16 17 18 19 20
0xb2b9efbb6ae07d84 2198 1 2 3 4 5 6 7 8 9 10 11 -12 -13 14 15 16 17 18 19 20
0xe739f2d2e5d20123 2198 1 2 3 4 5 6 7 8 9 10 11 -12 -13 14 15 16 17 18 19 20
0x91701f48e5c93c70 2198 1 2 3 4 5 6 7 8 9 10 11 -12 -13 14 15 16 17 18 19 20
0x2912858e7df217e4 2198 1 2 3 4 5 6 7 8 9 10 11 -12 -13 14 15 16 17 18 19 20
0xe193c746a83e23fb 2198 1 2 3 4 5 6 7 8 9 10 11 -12 -13 14 15 16 17 18 19 20
0xd6df11bb69af6ce9 2198 1 2 3 4 5 6 7 8 9 10 11 -12 -13 14 15 16 17 18 19 20
0xb4073eb38d416b75 2198 1 2 3 4 5 6 7 8 9 10 11 -12 -13 14 15 16 17 18 19 20
0xba9fb83792554be8 2198 1 2 3 4 5 6 7 8 9 10 11 -12 -13 14 15 16 17 18 19 20
0xe09aff448040d762 2198 1 2 3 4 5 6 7 8 9 10 11 -12 -13 14 15 16 17 18 19 20
0x781a553720c55b63 2198 1 2 3 4 5 6 7 8 9 10 11 -12 -13 14 15 16 17 18 19 20
0x82d6812cb8b4c139 2198 1 2 3 4 5 6 7 8 9 10 11 -12 -13 14 15 16 17 18 19 20
0xd95076a235edb603 2198 1 2 3 4 5 6 7 8 9 10 11 -12 -13 14 15 16 17 18 19 20
0xdcfe7d2142125449 2198 1 2 3 4 5 6 7 8 9 10 11 -12 -13 14 15 16 17 18 19 20
0x37b9456049f21697 2198 1 2 3 4 5 6 7 8 9 10 11 -12 -13 14 15 16 17 18 19 20
0xa05f3c0df536ad7c 2198 1 2 3 4 5 6 7 8 9 10 11 -12 -13 14 15 16 17 18 19 20
0x52d00ad4d4715e1b 2198 1 2 3 4 5 6 7 8 9 10 11 -12 -13 14 15 16 17 18 19 20
0x3028d4427a996b57 2198 1 2 3 4 5 6 7 8 9 10 11 -12 -13 14 15 16 17 18 19 20
0x6e977cd08f4bddfc 2198 1 2 3 4 5 6 7 8 9 10 11 -12 -13 14 15 16 17 18 19 20
0x716a87c768b7b0ab 2198 1 2 3 4 5 6 7 8 9 10 11 -12 -13 14 15 16 17 18 19 20
0x9a198fd9afd343d4 2198 1 2 3 4 5 6 7 8 9 10 11 -12 -13 14 15 16 17 18 19 20
0x18e751fc8ec4633f 2198 1 2 3 4 5 6 7 8 9 10 11 -12 -13 14 15 16 17 18 19 20
0x5fbd8975e9a8d400 2198 1 2 3 4 5 6 7 8 9 10 11 -12 -13 14 15 16 17 18 19 20
0xaa798693d48b2aa4 2198 1 2 3 4 5 6 7 8 9 10 11 -12 -13 14 15 16 17 18 19 20
0xa251a3195d55e291 2198 1 2 3 4 5 6 7 8 9 10 11 -12 -13 14 15 16 17 18 19 20
0x632872700b551417 2198 1 2 3 4 5 6 7 8 9 10 11 -12 -13 14 15 16 17 18 19 20