0xadedf654746a4713 1954 1 2 3 4 -5 -6 7 8 9 10 11 -12 13 -14 15 16 17 18 19 20
0x7b3d71d62e4a33cb 1954 1 2 3 4 -5 -6 7 8 9 10 11 -12 13 -14 15 16 17 18 19 20
0xe7d274576f628b31 1954 1 2 3 4 -5 -6 7 8 9 10 11 -12 13 -14 15 16 17 18 19 20
0x86aaaa7699b2507 1954 1 2 3 4 -5 -6 7 8 9 10 11 -12 13 -14 15 16 17 18 19 20
0x1951ea6a5a81b352 1954 1 2 3 4 -5 -6 7 8 9 10 11 -12 13 -14 15 16 17 18 19 20
0x9bd140c41d6fe167 1954 1 2 3 4 -5 -6 7 8 9 10 11 -12 13 -14 15 16 17 18 19 20
0xdfc610d81b322a44 1954 1 2 3 4 -5 -6 7 8 9 10 11 -12 13 -14 15 16 17 18 19 20
0x8b07fec95fbc7422 1954 1 2 3 4 -5 -6 7 8 9 10 11 -12 13 -14 15 16 17 18 19 20
0x37e7bc6c9db513fd 1954 1 2 3 4 -5 -6 7 8 9 10 11 -12 13 -14 15 16 17 18 19 20
0xde1f23231df56edf 1954 1 2 3 4 -5 -6 7 8 9 10 11 -12 13 -14 15 16 17 18 19 20
0xf605e9d923689fb2 1954 1 2 3 4 -5 -6 7 8 9 10 11 -12 13 -14 15 16 17 18 19 20
0xb624221285b33423 1954 1 2 3 4 -5 -6 7 8 9 10 11 -12 13 -14 15 16 17 18 19 20
0x6c2ce5d0a5b012a5 1954 1 2 3 4 -5 -6 7 8 9 10 11 -12 13 -14 15 16 17 18 19 20
0x79ab29884f12175 1954 1 2 3 4 -5 -6 7 8 9 10 11 -12 13 -14 15 16 17 18 19 20
0x7b3adfa452db840c 1954 1 2 3 4 -5 -6 7 8 9 10 11 -12 13 -14 15 16 17 18 19 20
0xdac9c7ee42de6a87 1954 1 2 3 4 -5 -6 7 8 9 10 11 -12 13 -14 15 16 17 18 19 20
0xd94b77f1ae38a07d 1954 1 2 3 4 -5 -6 7 8 9 10 11 -12 13 -14 15 16 17 18 19 20
0x2696d037bd983ac5 1954 1 2 3 4 -5 -6 7 8 9 10 11 -12 13 -14 15 16 17 18 19 20
0xcee44f0ae425ebed 1954 1 2 3 4 -5 -6 7 8 9 10 11 -12 13 -14 15 16 17 18 19 20
0x8fbc64c405a661f1 1954 1 2 3 4 -5 -6 7 8 9 10 11 -12 13 -14 15 16 17 18 19 20
0x432ef8ed3714cbfc 1954 1 2 3 4 -5 -6 7 8 9 10 11 -12 13 -14 15 16 17 18 19 20
0xd7a21f0f1bd97b82 1954 1 2 3 4 -5 -6 7 8 9 10 11 -12 13 -14 15 16 17 18 19 20
0x288aea5ac29bef4f 1954 1 2 3 4 -5 -6 7 8 9 10 11 -12 13 -14 15 16 17 18 19 20
0x36d55eb511560759 1954 1 2 3 4 -5 -6 7 8 9 10 11 -12 13 -14 15 16 17 18 19 20
0x12b55eb7b6a3bb37 1954 1 2 3 4 -5 -6 7 8 9 10 11 -12 13 -14 15 16 17 18 19 20
0x343a1c59413ca9c8 1954 1 2 3 4 -5 -6 7 8 9 10 11 -12 13 -14 15 16 17 18 19 20
0x56638c9d389417ff 1954 1 2 3 4 -5 -6 7 8 9 10 11 -12 13 -14 15 16 17 18 19 20
0x24231820269b05e0 1954 1 2 3 4 -5 -6 7 8 9 10 11 -12 13 -14 15 16 17 18 19 20
0x9b5f9ab4b9ddd666 1954 1 2 3 4 -5 -6 7 8 9 10 11 -12 13 -14 15 16 17 18 19 20
0x9f7b776cae787935 1954 1 2 3 4 -5 -6 7 8 9 10 11 -12 13 -14 15 16 17 18 19 20