0x711e9e895ae603c 2088 1 2 3 4 5 -6 -7 8 9 10 11 12 13 14 15 16 17 -18 -19 20
0xcd1c1b3385f238cc 2088 1 2 3 4 5 -6 -7 8 9 10 11 12 13 14 15 16 17 -18 -19 20
0x13d075df2967f832 2088 1 2 3 4 5 -6 -7 8 9 10 11 12 13 14 15 16 17 -18 -19 20
0xf0448dabf7637139 2088 1 2 3 4 5 -6 -7 8 9 10 11 12 13 14 15 16 17 -18 -19 20
0xf81dea02e0ab9d2a 2088 1 2 3 4 5 -6 -7 8 9 10 11 12 13 14 15 16 17 -18 -19 20
0x531b3592b763e05c 2088 1 2 3 4 5 -6 -7 8 9 10 11 12 13 14 15 16 17 -18 -19 20
0x371ffa6d089d2c83 2088 1 2 3 4 5 -6 -7 8 9 10 11 12 13 14 15 16 17 -18 -19 20
0x51e5b7e3f6d13a9e 2088 1 2 3 4 5 -6 -7 8 9 10 11 12 13 14 15 16 17 -18 -19 20
0xe647986ebc7ad8fb 2088 1 2 3 4 5 -6 -7 8 9 10 11 12 13 14 15 16 17 -18 -19 20
0x7b095ea909b62ac4 2088 1 2 3 4 5 -6 -7 8 9 10 11 12 13 14 15 16 17 -18 -19 20
0xbfd1b9b36d5080f 2088 1 2 3 4 5 -6 -7 8 9 10 11 12 13 14 15 16 17 -18 -19 20
0x9923d86e09d40ab4 2088 1 2 3 4 5 -6 -7 8 9 10 11 12 13 14 15 16 17 -18 -19 20
0x144706445295dcee 2088 1 2 3 4 5 -6 -7 8 9 10 11 12 13 14 15 16 17 -18 -19 20
0xdb1ad114dfbb1a23 2088 1 2 3 4 5 -6 -7 8 9 10 11 12 13 14 15 16 17 -18 -19 20
0x1f52b3d645a1d574 2088 1 2 3 4 5 -6 -7 8 9 10 11 12 13 14 15 16 17 -18 -19 20
0x88413d828b622cc5 2088 1 2 3 4 5 -6 -7 8 9 10 11 12 13 14 15 16 17 -18 -19 20
0x72c836e17236782d 2088 1 2 3 4 5 -6 -7 8 9 10 11 12 13 14 15 16 17 -18 -19 20
0x9e46bebd350b995 2088 1 2 3 4 5 -6 -7 8 9 10 11 12 13 14 15 16 17 -18 -19 20
0x58112cb88a5d144e 2088 1 2 3 4 5 -6 -7 8 9 10 11 12 13 14 15 16 17 -18 -19 20
0xb10c9c3ed728c5e4 2088 1 2 3 4 5 -6 -7 8 9 10 11 12 13 14 15 16 17 -18 -19 20
0x69c9154009446522 2088 1 2 3 4 5 -6 -7 8 9 10 11 12 13 14 15 16 17 -18 -19 20
0x415e78a7d187da28 2088 1 2 3 4 5 -6 -7 8 9 10 11 12 13 14 15 16 17 -18 -19 20
0x451f972ec46134d7 2088 1 2 3 4 5 -6 -7 8 9 10 11 12 13 14 15 16 17 -18 -19 20
0x88be7f14b5fdbdff 2088 1 2 3 4 5 -6 -7 8 9 10 11 12 13 14 15 16 17 -18 -19 20
0xe15750f17f394530 2088 1 2 3 4 5 -6 -7 8 9 10 11 12 13 14 15 16 17 -18 -19 20
0xa6e5f4d4f0757580 2088 1 2 3 4 5 -6 -7 8 9 10 11 12 13 14 15 16 17 -18 -19 20
0xf1789c8c9f42769b 2088 1 2 3 4 5 -6 -7 8 9 10 11 12 13 14 15 16 17 -18 -19 20
0xc484c03199831ea 2088 1 2 3 4 5 -6 -7 8 9 10 11 12 13 14 15 16 17 -18 -19 20
0x998a4994cc233442 2088 1 2 3 4 5 -6 -7 8 9 10 11 12 13 14 15 16 17 -18 -19 20
0xb4721a5eb806635a 2088 1 2 3 4 5 -6 -7 8 9 10 11 12 13 14 15 16 17 -18 -19 20