0x52198c55246ad5fb 1592 -1 2 3 4 -5 6 7 8 9 10 11 -12 13 14 15 16 17 -18 -19 -20
0x3038ef76435ed8aa 1592 -1 2 3 4 -5 6 7 8 9 10 11 -12 13 14 15 16 17 -18 -19 -20
0x9e5a9ba4a6fd5687 1592 -1 2 3 4 -5 6 7 8 9 10 11 -12 13 14 15 16 17 -18 -19 -20
0x93593aba84305aba 1592 -1 2 3 4 -5 6 7 8 9 10 11 -12 13 14 15 16 17 -18 -19 -20
0xb92312e51139271a 1592 -1 2 3 4 -5 6 7 8 9 10 11 -12 13 14 15 16 17 -18 -19 -20
0xa93d6d5ce77b9a05 1592 -1 2 3 4 -5 6 7 8 9 10 11 -12 13 14 15 16 17 -18 -19 -20
0x449e758f2aa53d8 1592 -1 2 3 4 -5 6 7 8 9 10 11 -12 13 14 15 16 17 -18 -19 -20
0x559b90aff9036ff1 1592 -1 2 3 4 -5 6 7 8 9 10 11 -12 13 14 15 16 17 -18 -19 -20
0xb570e794fe7691c 1592 -1 2 3 4 -5 6 7 8 9 10 11 -12 13 14 15 16 17 -18 -19 -20
0xc2d7fae69df29241 1592 -1 2 3 4 -5 6 7 8 9 10 11 -12 13 14 15 16 17 -18 -19 -20
0x5e1afe62b988ef4b 1592 -1 2 3 4 -5 6 7 8 9 10 11 -12 13 14 15 16 17 -18 -19 -20
0xaeb378ecfbe6743 1592 -1 2 3 4 -5 6 7 8 9 10 11 -12 13 14 15 16 17 -18 -19 -20
0x947ca0929a134596 1592 -1 2 3 4 -5 6 7 8 9 10 11 -12 13 14 15 16 17 -18 -19 -20
0xfd5346719190e9e1 1592 -1 2 3 4 -5 6 7 8 9 10 11 -12 13 14 15 16 17 -18 -19 -20
0xf5b9745eb6cf1410 1592 -1 2 3 4 -5 6 7 8 9 10 11 -12 13 14 15 16 17 -18 -19 -20
0x4a4f35e1a1cbffd9 1592 -1 2 3 4 -5 6 7 8 9 10 11 -12 13 14 15 16 17 -18 -19 -20
0x9909aad5ec678f0c 1592 -1 2 3 4 -5 6 7 8 9 10 11 -12 13 14 15 16 17 -18 -19 -20
0xe96eda9f86f4221d 1592 -1 2 3 4 -5 6 7 8 9 10 11 -12 13 14 15 16 17 -18 -19 -20
0xc0c9e2b09681caf0 1592 -1 2 3 4 -5 6 7 8 9 10 11 -12 13 14 15 16 17 -18 -19 -20
0xf569f5ced3e92437 1592 -1 2 3 4 -5 6 7 8 9 10 11 -12 13 14 15 16 17 -18 -19 -20
0xa90669c2079f6d30 1592 -1 2 3 4 -5 6 7 8 9 10 11 -12 13 14 15 16 17 -18 -19 -20
0xc083d81587cf6ec4 1592 -1 2 3 4 -5 6 7 8 9 10 11 -12 13 14 15 16 17 -18 -19 -20
0x2f0acd5318152813 1592 -1 2 3 4 -5 6 7 8 9 10 11 -12 13 14 15 16 17 -18 -19 -20
0xa89668650a3917fd 1592 -1 2 3 4 -5 6 7 8 9 10 11 -12 13 14 15 16 17 -18 -19 -20
0x673dfca656005b1a 1592 -1 2 3 4 -5 6 7 8 9 10 11 -12 13 14 15 16 17 -18 -19 -20
0x3026d9159cc12875 1592 -1 2 3 4 -5 6 7 8 9 10 11 -12 13 14 15 16 17 -18 -19 -20
0xd03d87bfb1419243 1592 -1 2 3 4 -5 6 7 8 9 10 11 -12 13 14 15 16 17 -18 -19 -20
0x766b324af317a493 1592 -1 2 3 4 -5 6 7 8 9 10 11 -12 13 14 15 16 17 -18 -19 -20
0x444fc9fd2d081771 1592 -1 2 3 4 -5 6 7 8 9 10 11 -12 13 14 15 16 17 -18 -19 -20
0x58215dbe9ef89574 1592 -1 2 3 4 -5 6 7 8 9 10 11 -12 13 14 15 16 17 -18 -19 -20