0x29c2e88a47cc9ace 1914 -1 2 3 4 5 -6 7 8 -9 -10 11 12 13 14 15 16 17 18 19 20
0xee1aa13bb3553345 1914 -1 2 3 4 5 -6 7 8 -9 -10 11 12 13 14 15 16 17 18 19 20
0xe3e098f0c200335f 1914 -1 2 3 4 5 -6 7 8 -9 -10 11 12 13 14 15 16 17 18 19 20
0xea02b18aee5cf4aa 1914 -1 2 3 4 5 -6 7 8 -9 -10 11 12 13 14 15 16 17 18 19 20
0x7f13e3c8bb84f87c 1914 -1 2 3 4 5 -6 7 8 -9 -10 11 12 13 14 15 16 17 18 19 20
0x10640fa62450d688 1914 -1 2 3 4 5 -6 7 8 -9 -10 11 12 13 14 15 16 17 18 19 20
0x41a078f850f61aa2 1914 -1 2 3 4 5 -6 7 8 -9 -10 11 12 13 14 15 16 17 18 19 20
0xe92402e710707f3e 1914 -1 2 3 4 5 -6 7 8 -9 -10 11 12 13 14 15 16 17 18 19 20
0x90d31a18c3b06046 1914 -1 2 3 4 5 -6 7 8 -9 -10 11 12 13 14 15 16 17 18 19 20
0x764d07ea4a59f4c3 1914 -1 2 3 4 5 -6 7 8 -9 -10 11 12 13 14 15 16 17 18 19 20
0xa688824dfd886e5 1914 -1 2 3 4 5 -6 7 8 -9 -10 11 12 13 14 15 16 17 18 19 20
0x1606611b7f825ff5 1914 -1 2 3 4 5 -6 7 8 -9 -10 11 12 13 14 15 16 17 18 19 20
0x481740fe7ac8b07d 1914 -1 2 3 4 5 -6 7 8 -9 -10 11 12 13 14 15 16 17 18 19 20
0xb4b5dc838ea6c0b6 1914 -1 2 3 4 5 -6 7 8 -9 -10 11 12 13 14 15 16 17 18 19 20
0xca983f43d2182dc8 1914 -1 2 3 4 5 -6 7 8 -9 -10 11 12 13 14 15 16 17 18 19 20
0x1422b38525191270 1914 -1 2 3 4 5 -6 7 8 -9 -10 11 12 13 14 15 16 17 18 19 20
0x6cd06e0f06e997d 1914 -1 2 3 4 5 -6 7 8 -9 -10 11 12 13 14 15 16 17 18 19 20
0xe92eb2cdf831a76f 1914 -1 2 3 4 5 -6 7 8 -9 -10 11 12 13 14 15 16 17 18 19 20
0x557a162452f790fe 1914 -1 2 3 4 5 -6 7 8 -9 -10 11 12 13 14 15 16 17 18 19 20
0x59b78185c295ec9f 1914 -1 2 3 4 5 -6 7 8 -9 -10 11 12 13 14 15 16 17 18 19 20
0x84408ffb98e5b7b2 1914 -1 2 3 4 5 -6 7 8 -9 -10 11 12 13 14 15 16 17 18 19 20
0x83ddfac3b2c125ce 1914 -1 2 3 4 5 -6 7 8 -9 -10 11 12 13 14 15 16 17 18 19 20
0xfc99f84251cebd8b 1914 -1 2 3 4 5 -6 7 8 -9 -10 11 12 13 14 15 16 17 18 19 20
0x3a78265cb9e6347 1914 -1 2 3 4 5 -6 7 8 -9 -10 11 12 13 14 15 16 17 18 19 20
0xb25e24c5a3dd4318 1914 -1 2 3 4 5 -6 7 8 -9 -10 11 12 13 14 15 16 17 18 19 20
0x16032ffc89f556f7 1914 -1 2 3 4 5 -6 7 8 -9 -10 11 12 13 14 15 16 17 18 19 20
0x82040b032fd3c677 1914 -1 2 3 4 5 -6 7 8 -9 -10 11 12 13 14 15 16 17 18 19 20
0x7511b210ab3f98ad 1914 -1 2 3 4 5 -6 7 8 -9 -10 11 12 13 14 15 16 17 18 19 20
0x56a2d398c441ef26 1914 -1 2 3 4 5 -6 7 8 -9 -10 11 12 13 14 15 16 17 18 19 20
0x761d810f6994631 1914 -1 2 3 4 5 -6 7 8 -9 -10 11 12 13 14 15 16 17 18 19 20