0xa923fc33aa01422a 12328 1 2 3 -4 5 6 7 8 9 10 11 12 -13 14 15 16 17 18 19 -20
0x6ad916c5acb52e6f 12328 1 2 3 -4 5 6 7 8 9 10 11 12 -13 14 15 16 17 18 19 -20
0xfb98b30621054aa5 12328 1 2 3 -4 5 6 7 8 9 10 11 12 -13 14 15 16 17 18 19 -20
0xeeaa7e66a6f7e4cf 12328 1 2 3 -4 5 6 7 8 9 10 11 12 -13 14 15 16 17 18 19 -20
0xecb4d795a1de889c 12328 1 2 3 -4 5 6 7 8 9 10 11 12 -13 14 15 16 17 18 19 -20
0x6fb3967b580b12e9 12328 1 2 3 -4 5 6 7 8 9 10 11 12 -13 14 15 16 17 18 19 -20
0x58573f1b2a3c6d07 12328 1 2 3 -4 5 6 7 8 9 10 11 12 -13 14 15 16 17 18 19 -20
0x8cbe1969a9f249f 12328 1 2 3 -4 5 6 7 8 9 10 11 12 -13 14 15 16 17 18 19 -20
0x7c2315f89dfbd8ac 12328 1 2 3 -4 5 6 7 8 9 10 11 12 -13 14 15 16 17 18 19 -20
0xa31393cd83aa0dd0 12328 1 2 3 -4 5 6 7 8 9 10 11 12 -13 14 15 16 17 18 19 -20
0xca90fcbc82b22be 12328 1 2 3 -4 5 6 7 8 9 10 11 12 -13 14 15 16 17 18 19 -20
0xef935deaf57a7a5c 12328 1 2 3 -4 5 6 7 8 9 10 11 12 -13 14 15 16 17 18 19 -20
0xa5d5faaa0648212f 12328 1 2 3 -4 5 6 7 8 9 10 11 12 -13 14 15 16 17 18 19 -20
0xe122fed901e006cd 12328 1 2 3 -4 5 6 7 8 9 10 11 12 -13 14 15 16 17 18 19 -20
0xa0260c09b48c9a05 12328 1 2 3 -4 5 6 7 8 9 10 11 12 -13 14 15 16 17 18 19 -20
0x43512f1ec987940b 12328 1 2 3 -4 5 6 7 8 9 10 11 12 -13 14 15 16 17 18 19 -20
0xd73a1f823982710 12328 1 2 3 -4 5 6 7 8 9 10 11 12 -13 14 15 16 17 18 19 -20
0x6351d00322291149 12328 1 2 3 -4 5 6 7 8 9 10 11 12 -13 14 15 16 17 18 19 -20
0xfeb5c1d01135a46c 12328 1 2 3 -4 5 6 7 8 9 10 11 12 -13 14 15 16 17 18 19 -20
0x84df37adbebd421f 12328 1 2 3 -4 5 6 7 8 9 10 11 12 -13 14 15 16 17 18 19 -20
0x53493a90f5bf98e0 12328 1 2 3 -4 5 6 7 8 9 10 11 12 -13 14 15 16 17 18 19 -20
0xfb646159973dc3da 12328 1 2 3 -4 5 6 7 8 9 10 11 12 -13 14 15 16 17 18 19 -20
0xc3bb35400172f06 12328 1 2 3 -4 5 6 7 8 9 10 11 12 -13 14 15 16 17 18 19 -20
0xd34eb021ed2c5463 12328 1 2 3 -4 5 6 7 8 9 10 11 12 -13 14 15 16 17 18 19 -20
0x597938b05621e9a3 12328 1 2 3 -4 5 6 7 8 9 10 11 12 -13 14 15 16 17 18 19 -20
0x25ede990b23a882b 12328 1 2 3 -4 5 6 7 8 9 10 11 12 -13 14 15 16 17 18 19 -20
0x5f9a2e18546c51e4 12328 1 2 3 -4 5 6 7 8 9 10 11 12 -13 14 15 16 17 18 19 -20
0x6fc95a52e815fa66 12328 1 2 3 -4 5 6 7 8 9 10 11 12 -13 14 15 16 17 18 19 -20
0x5872721351c13da5 12328 1 2 3 -4 5 6 7 8 9 10 11 12 -13 14 15 16 17 18 19 -20
0x6e71cac81f1978ba 12328 1 2 3 -4 5 6 7 8 9 10 11 12 -13 14 15 16 17 18 19 -20