0x3060c2a31d948e5 11454 1 2 3 4 5 6 -7 8 -9 10 11 12 13 14 -15 16 17 18 19 20
0x1d12bc4c92086310 11454 1 2 3 4 5 6 -7 8 -9 10 11 12 13 14 -15 16 17 18 19 20
0x951784cf91545f89 11454 1 2 3 4 5 6 -7 8 -9 10 11 12 13 14 -15 16 17 18 19 20
0x3dc533789bd2f9f2 11454 1 2 3 4 5 6 -7 8 -9 10 11 12 13 14 -15 16 17 18 19 20
0xd483fdeaee01fa3e 11454 1 2 3 4 5 6 -7 8 -9 10 11 12 13 14 -15 16 17 18 19 20
0xc83014b59442f3be 11454 1 2 3 4 5 6 -7 8 -9 10 11 12 13 14 -15 16 17 18 19 20
0xf5111433956bfad0 11454 1 2 3 4 5 6 -7 8 -9 10 11 12 13 14 -15 16 17 18 19 20
0x732073cbdef4d3e1 11454 1 2 3 4 5 6 -7 8 -9 10 11 12 13 14 -15 16 17 18 19 20
0xbd298ff9f40488e0 11454 1 2 3 4 5 6 -7 8 -9 10 11 12 13 14 -15 16 17 18 19 20
0x68a5173e1add85e 11454 1 2 3 4 5 6 -7 8 -9 10 11 12 13 14 -15 16 17 18 19 20
0x1da9b6aec0a62160 11454 1 2 3 4 5 6 -7 8 -9 10 11 12 13 14 -15 16 17 18 19 20
0x8abbbad6558c3395 11454 1 2 3 4 5 6 -7 8 -9 10 11 12 13 14 -15 16 17 18 19 20
0xe129fbc54be763a9 11454 1 2 3 4 5 6 -7 8 -9 10 11 12 13 14 -15 16 17 18 19 20
0x34258ab88ce1f533 11454 1 2 3 4 5 6 -7 8 -9 10 11 12 13 14 -15 16 17 18 19 20
0xa850da246ab673cb 11454 1 2 3 4 5 6 -7 8 -9 10 11 12 13 14 -15 16 17 18 19 20
0xe14adb1e098274cc 11454 1 2 3 4 5 6 -7 8 -9 10 11 12 13 14 -15 16 17 18 19 20
0xca991b6f33248c5e 11454 1 2 3 4 5 6 -7 8 -9 10 11 12 13 14 -15 16 17 18 19 20
0x5ceb8f2a334f7835 11454 1 2 3 4 5 6 -7 8 -9 10 11 12 13 14 -15 16 17 18 19 20
0x5fa2e2c9e5503d7b 11454 1 2 3 4 5 6 -7 8 -9 10 11 12 13 14 -15 16 17 18 19 20
0xac5cf28e7ae9a2fd 11454 1 2 3 4 5 6 -7 8 -9 10 11 12 13 14 -15 16 17 18 19 20
0x79f26312393a5394 11454 1 2 3 4 5 6 -7 8 -9 10 11 12 13 14 -15 16 17 18 19 20
0xe06241e3375a8991 11454 1 2 3 4 5 6 -7 8 -9 10 11 12 13 14 -15 16 17 18 19 20
0xedb7d794cd39d527 11454 1 2 3 4 5 6 -7 8 -9 10 11 12 13 14 -15 16 17 18 19 20
0x9c1671377ed40595 11454 1 2 3 4 5 6 -7 8 -9 10 11 12 13 14 -15 16 17 18 19 20
0xd8746c8f4f201cc5 11454 1 2 3 4 5 6 -7 8 -9 10 11 12 13 14 -15 16 17 18 19 20
0xbacf292b9aeb2b3e 11454 1 2 3 4 5 6 -7 8 -9 10 11 12 13 14 -15 16 17 18 19 20
0x68a7821cb91409a3 11454 1 2 3 4 5 6 -7 8 -9 10 11 12 13 14 -15 16 17 18 19 20
0xf47c5264c69f7cf6 11454 1 2 3 4 5 6 -7 8 -9 10 11 12 13 14 -15 16 17 18 19 20
0x7fb2d5ccf07f1c43 11454 1 2 3 4 5 6 -7 8 -9 10 11 12 13 14 -15 16 17 18 19 20
0x680885d0c662daf0 11454 1 2 3 4 5 6 -7 8 -9 10 11 12 13 14 -15 16 17 18 19 20