0x7e193bdee3963762 27 1 2 -3 4 5 -6 -7 -8 -9 -10 11 -12 -13 14 -15 16 17 18 19 20 21 -22 23 -24 -25 26 -27 28 -29 30 -31 32 33 34 -35 36 -37 -38 -39 40 41 -42 -43 44 -45 46 47 -48 49 50
0xfff29de3ab3d900e 27 1 2 -3 4 5 -6 -7 -8 -9 -10 11 -12 -13 14 -15 16 17 18 19 20 21 -22 23 -24 -25 26 -27 28 -29 30 -31 32 33 34 -35 36 -37 -38 -39 40 41 -42 -43 44 -45 46 47 -48 49 50
0x8f01a1e220b323ec 27 1 2 -3 4 5 -6 -7 -8 -9 -10 11 -12 -13 14 -15 16 17 18 19 20 21 -22 23 -24 -25 26 -27 28 -29 30 -31 32 33 34 -35 36 -37 -38 -39 40 41 -42 -43 44 -45 46 47 -48 49 50
0x4fe1514a83cb3825 6802 -1 -2 3 -4 -5 -6 -7 -8 -9 -10 11 -12 13 -14 15 16 17 -18 19 -20 -21 22 -23 24 -25 -26 -27 -28 29 30 -31 32 33 34 35 -36 -37 -38 39 40 -41 42 -43 44 -45 46 -47 48 49 -50
0xc259689d58d126b 27 1 2 -3 4 5 -6 -7 -8 -9 -10 11 -12 -13 14 -15 16 17 18 19 20 21 -22 23 -24 -25 26 -27 28 -29 30 -31 32 33 34 -35 36 -37 -38 -39 40 41 -42 -43 44 -45 46 47 -48 49 50
0x834f0548dde61629 27 1 2 -3 4 5 -6 -7 -8 -9 -10 11 -12 -13 14 -15 16 17 18 19 20 21 -22 23 -24 -25 26 -27 28 -29 30 -31 32 33 34 -35 36 -37 -38 -39 40 41 -42 -43 44 -45 46 47 -48 49 50
0x871da146dd837b92 27 1 2 -3 4 5 -6 -7 -8 -9 -10 11 -12 -13 14 -15 16 17 18 19 20 21 -22 23 -24 -25 26 -27 28 -29 30 -31 32 33 34 -35 36 -37 -38 -39 40 41 -42 -43 44 -45 46 47 -48 49 50
0xfd8e3a83198f09e9 27 1 2 -3 4 5 -6 -7 -8 -9 -10 11 -12 -13 14 -15 16 17 18 19 20 21 -22 23 -24 -25 26 -27 28 -29 30 -31 32 33 34 -35 36 -37 -38 -39 40 41 -42 -43 44 -45 46 47 -48 49 50
0xeb5889da217741d 27 1 2 -3 4 5 -6 -7 -8 -9 -10 11 -12 -13 14 -15 16 17 18 19 20 21 -22 23 -24 -25 26 -27 28 -29 30 -31 32 33 34 -35 36 -37 -38 -39 40 41 -42 -43 44 -45 46 47 -48 49 50
0x47cf06cc5c615d6c 27 1 2 -3 4 5 -6 -7 -8 -9 -10 11 -12 -13 14 -15 16 17 18 19 20 21 -22 23 -24 -25 26 -27 28 -29 30 -31 32 33 34 -35 36 -37 -38 -39 40 41 -42 -43 44 -45 46 47 -48 49 50
0x95ff912bae47d041 27 1 2 -3 4 5 -6 -7 -8 -9 -10 11 -12 -13 14 -15 16 17 18 19 20 21 -22 23 -24 -25 26 -27 28 -29 30 -31 32 33 34 -35 36 -37 -38 -39 40 41 -42 -43 44 -45 46 47 -48 49 50
0x1cebf54167762d1 7479 -1 2 -3 4 -5 -6 7 -8 9 10 11 -12 13 -14 15 16 -17 -18 19 -20 -21 22 -23 24 -25 -26 -27 28 29 -30 31 -32 33 34 -35 -36 -37 -38 39 -40 -41 42 -43 -44 -45 -46 47 -48 -49 50
0x2383547be7a20343 27 1 2 -3 4 5 -6 -7 -8 -9 -10 11 -12 -13 14 -15 16 17 18 19 20 21 -22 23 -24 -25 26 -27 28 -29 30 -31 32 33 34 -35 36 -37 -38 -39 40 41 -42 -43 44 -45 46 47 -48 49 50
0xf18d17aaf57654c8 27 1 2 -3 4 5 -6 -7 -8 -9 -10 11 -12 -13 14 -15 16 17 18 19 20 21 -22 23 -24 -25 26 -27 28 -29 30 -31 32 33 34 -35 36 -37 -38 -39 40 41 -42 -43 44 -45 46 47 -48 49 50
0xec28bbc18afdf0cc 27 1 2 -3 4 5 -6 -7 -8 -9 -10 11 -12 -13 14 -15 16 17 18 19 20 21 -22 23 -24 -25 26 -27 28 -29 30 -31 32 33 34 -35 36 -37 -38 -39 40 41 -42 -43 44 -45 46 47 -48 49 50
0xa9334536be4024c1 27 1 2 -3 4 5 -6 -7 -8 -9 -10 11 -12 -13 14 -15 16 17 18 19 20 21 -22 23 -24 -25 26 -27 28 -29 30 -31 32 33 34 -35 36 -37 -38 -39 40 41 -42 -43 44 -45 46 47 -48 49 50
0x3b8f55951238179a 27 1 2 -3 4 5 -6 -7 -8 -9 -10 11 -12 -13 14 -15 16 17 18 19 20 21 -22 23 -24 -25 26 -27 28 -29 30 -31 32 33 34 -35 36 -37 -38 -39 40 41 -42 -43 44 -45 46 47 -48 49 50
0x93de46fa4e5a7f50 27 1 2 -3 4 5 -6 -7 -8 -9 -10 11 -12 -13 14 -15 16 17 18 19 20 21 -22 23 -24 -25 26 -27 28 -29 30 -31 32 33 34 -35 36 -37 -38 -39 40 41 -42 -43 44 -45 46 47 -48 49 50
0xde4b1796d790e65f 27 1 2 -3 4 5 -6 -7 -8 -9 -10 11 -12 -13 14 -15 16 17 18 19 20 21 -22 23 -24 -25 26 -27 28 -29 30 -31 32 33 34 -35 36 -37 -38 -39 40 41 -42 -43 44 -45 46 47 -48 49 50
0xb665253122d08148 27 1 2 -3 4 5 -6 -7 -8 -9 -10 11 -12 -13 14 -15 16 17 18 19 20 21 -22 23 -24 -25 26 -27 28 -29 30 -31 32 33 34 -35 36 -37 -38 -39 40 41 -42 -43 44 -45 46 47 -48 49 50
0x1748b8a3fdb2940f 27 1 2 -3 4 5 -6 -7 -8 -9 -10 11 -12 -13 14 -15 16 17 18 19 20 21 -22 23 -24 -25 26 -27 28 -29 30 -31 32 33 34 -35 36 -37 -38 -39 40 41 -42 -43 44 -45 46 47 -48 49 50
0x3393615c65b467bc 27 1 2 -3 4 5 -6 -7 -8 -9 -10 11 -12 -13 14 -15 16 17 18 19 20 21 -22 23 -24 -25 26 -27 28 -29 30 -31 32 33 34 -35 36 -37 -38 -39 40 41 -42 -43 44 -45 46 47 -48 49 50
0xdde220dc7b04cfdb 27 1 2 -3 4 5 -6 -7 -8 -9 -10 11 -12 -13 14 -15 16 17 18 19 20 21 -22 23 -24 -25 26 -27 28 -29 30 -31 32 33 34 -35 36 -37 -38 -39 40 41 -42 -43 44 -45 46 47 -48 49 50
0xdfd76639c8053ffe 27 1 2 -3 4 5 -6 -7 -8 -9 -10 11 -12 -13 14 -15 16 17 18 19 20 21 -22 23 -24 -25 26 -27 28 -29 30 -31 32 33 34 -35 36 -37 -38 -39 40 41 -42 -43 44 -45 46 47 -48 49 50
0x8ae6d99e9ae47138 27 1 2 -3 4 5 -6 -7 -8 -9 -10 11 -12 -13 14 -15 16 17 18 19 20 21 -22 23 -24 -25 26 -27 28 -29 30 -31 32 33 34 -35 36 -37 -38 -39 40 41 -42 -43 44 -45 46 47 -48 49 50
0xf364f7c88af897a1 27 1 2 -3 4 5 -6 -7 -8 -9 -10 11 -12 -13 14 -15 16 17 18 19 20 21 -22 23 -24 -25 26 -27 28 -29 30 -31 32 33 34 -35 36 -37 -38 -39 40 41 -42 -43 44 -45 46 47 -48 49 50
0xa3987d8b77bf27d7 27 1 2 -3 4 5 -6 -7 -8 -9 -10 11 -12 -13 14 -15 16 17 18 19 20 21 -22 23 -24 -25 26 -27 28 -29 30 -31 32 33 34 -35 36 -37 -38 -39 40 41 -42 -43 44 -45 46 47 -48 49 50
0x29cba3495ba82c7a 27 1 2 -3 4 5 -6 -7 -8 -9 -10 11 -12 -13 14 -15 16 17 18 19 20 21 -22 23 -24 -25 26 -27 28 -29 30 -31 32 33 34 -35 36 -37 -38 -39 40 41 -42 -43 44 -45 46 47 -48 49 50
0xb19b287f31132bad 27 1 2 -3 4 5 -6 -7 -8 -9 -10 11 -12 -13 14 -15 16 17 18 19 20 21 -22 23 -24 -25 26 -27 28 -29 30 -31 32 33 34 -35 36 -37 -38 -39 40 41 -42 -43 44 -45 46 47 -48 49 50
0xde012f38e4239c9a 27 1 2 -3 4 5 -6 -7 -8 -9 -10 11 -12 -13 14 -15 16 17 18 19 20 21 -22 23 -24 -25 26 -27 28 -29 30 -31 32 33 34 -35 36 -37 -38 -39 40 41 -42 -43 44 -45 46 47 -48 49 50