0xd04edb4bf1718acf 2276 1 2 3 4 5 -6 7 8 9 -10 11 -12 13 14 -15 16 -17 -18 -19 -20 -21 22 23 -24 -25 26 27 28 -29 30 31 32 33 34 -35 -36 37 38 -39 40 41 42 -43 -44 45 -46 47 -48 49 50
0x1d5cac6955a2dfe5 2153 1 2 3 4 5 -6 7 -8 9 10 11 -12 13 14 -15 16 -17 -18 -19 -20 -21 22 23 -24 -25 26 27 28 -29 30 31 32 33 34 -35 -36 37 38 -39 40 41 42 -43 -44 45 -46 47 -48 49 50
0xf86514b235d7193 2276 1 2 3 4 5 -6 7 8 9 -10 11 -12 13 14 -15 16 -17 -18 -19 -20 -21 22 23 -24 -25 26 27 28 -29 30 31 32 33 34 -35 -36 37 38 -39 40 41 42 -43 -44 45 -46 47 -48 49 50
0xfb4cd3d1042730fe 2276 1 2 3 4 5 -6 7 8 9 -10 11 -12 13 14 -15 16 -17 -18 -19 -20 -21 22 23 -24 -25 26 27 28 -29 30 31 32 33 34 -35 -36 37 38 -39 40 41 42 -43 -44 45 -46 47 -48 49 50
0x5ea2334ea214c9af 2276 1 2 3 4 5 -6 7 8 9 -10 11 -12 13 14 -15 16 -17 -18 -19 -20 -21 22 23 -24 -25 26 27 28 -29 30 31 32 33 34 -35 -36 37 38 -39 40 41 42 -43 -44 45 -46 47 -48 49 50
0xf6db040b1ef78b14 1983 1 2 3 4 5 -6 7 8 9 -10 11 -12 13 14 -15 16 -17 -18 -19 -20 -21 22 23 -24 -25 26 27 28 -29 30 31 32 33 34 -35 -36 37 38 -39 40 41 42 -43 -44 45 -46 47 -48 -49 50
0x94075ebfc26861fe 2276 1 2 3 4 5 -6 7 8 9 -10 11 -12 13 14 -15 16 -17 -18 -19 -20 -21 22 23 -24 -25 26 27 28 -29 30 31 32 33 34 -35 -36 37 38 -39 40 41 42 -43 -44 45 -46 47 -48 49 50
0x9441201d5125e223 2276 1 2 3 4 5 -6 7 8 9 -10 11 -12 13 14 -15 16 -17 -18 -19 -20 -21 22 23 -24 -25 26 27 28 -29 30 31 32 33 34 -35 -36 37 38 -39 40 41 42 -43 -44 45 -46 47 -48 49 50
0xa4bd7845527b5f9b 2153 1 2 3 4 5 -6 7 -8 9 10 11 -12 13 14 -15 16 -17 -18 -19 -20 -21 22 23 -24 -25 26 27 28 -29 30 31 32 33 34 -35 -36 37 38 -39 40 41 42 -43 -44 45 -46 47 -48 49 50
0x91afca4e72a71865 2276 1 2 3 4 5 -6 7 8 9 -10 11 -12 13 14 -15 16 -17 -18 -19 -20 -21 22 23 -24 -25 26 27 28 -29 30 31 32 33 34 -35 -36 37 38 -39 40 41 42 -43 -44 45 -46 47 -48 49 50
0xe3014614f8a78fd 2276 1 2 3 4 5 -6 7 8 9 -10 11 -12 13 14 -15 16 -17 -18 -19 -20 -21 22 23 -24 -25 26 27 28 -29 30 31 32 33 34 -35 -36 37 38 -39 40 41 42 -43 -44 45 -46 47 -48 49 50
0x8daeee5e47005630 2153 1 2 3 4 5 -6 7 -8 9 10 11 -12 13 14 -15 16 -17 -18 -19 -20 -21 22 23 -24 -25 26 27 28 -29 30 31 32 33 34 -35 -36 37 38 -39 40 41 42 -43 -44 45 -46 47 -48 49 50
0x1e03b828e27281e5 2045 1 2 3 -4 5 -6 7 -8 9 10 11 -12 13 14 -15 16 -17 -18 -19 -20 -21 22 23 -24 -25 26 27 28 -29 30 31 32 33 34 -35 -36 37 38 -39 40 41 42 -43 -44 45 -46 47 -48 49 50
0xd76333b387f06717 2276 1 2 3 4 5 -6 7 8 9 -10 11 -12 13 14 -15 16 -17 -18 -19 -20 -21 22 23 -24 -25 26 27 28 -29 30 31 32 33 34 -35 -36 37 38 -39 40 41 42 -43 -44 45 -46 47 -48 49 50
0x4fc28c4086d17cb4 2276 1 2 3 4 5 -6 7 8 9 -10 11 -12 13 14 -15 16 -17 -18 -19 -20 -21 22 23 -24 -25 26 27 28 -29 30 31 32 33 34 -35 -36 37 38 -39 40 41 42 -43 -44 45 -46 47 -48 49 50
0xdb78b5f1937fe3b2 2153 1 2 3 4 5 -6 7 -8 9 10 11 -12 13 14 -15 16 -17 -18 -19 -20 -21 22 23 -24 -25 26 27 28 -29 30 31 32 33 34 -35 -36 37 38 -39 40 41 42 -43 -44 45 -46 47 -48 49 50
0xaf3d8066cf69337a 2153 1 2 3 4 5 -6 7 -8 9 10 11 -12 13 14 -15 16 -17 -18 -19 -20 -21 22 23 -24 -25 26 27 28 -29 30 31 32 33 34 -35 -36 37 38 -39 40 41 42 -43 -44 45 -46 47 -48 49 50
0x511be0553836d176 2276 1 2 3 4 5 -6 7 8 9 -10 11 -12 13 14 -15 16 -17 -18 -19 -20 -21 22 23 -24 -25 26 27 28 -29 30 31 32 33 34 -35 -36 37 38 -39 40 41 42 -43 -44 45 -46 47 -48 49 50
0x5c79c361b7e95af2 2276 1 2 3 4 5 -6 7 8 9 -10 11 -12 13 14 -15 16 -17 -18 -19 -20 -21 22 23 -24 -25 26 27 28 -29 30 31 32 33 34 -35 -36 37 38 -39 40 41 42 -43 -44 45 -46 47 -48 49 50
0x289a7fa9048f1ea0 2276 1 2 3 4 5 -6 7 8 9 -10 11 -12 13 14 -15 16 -17 -18 -19 -20 -21 22 23 -24 -25 26 27 28 -29 30 31 32 33 34 -35 -36 37 38 -39 40 41 42 -43 -44 45 -46 47 -48 49 50
0x2c269339811da616 2276 1 2 3 4 5 -6 7 8 9 -10 11 -12 13 14 -15 16 -17 -18 -19 -20 -21 22 23 -24 -25 26 27 28 -29 30 31 32 33 34 -35 -36 37 38 -39 40 41 42 -43 -44 45 -46 47 -48 49 50
0x7756ea6bbe910d37 2276 1 2 3 4 5 -6 7 8 9 -10 11 -12 13 14 -15 16 -17 -18 -19 -20 -21 22 23 -24 -25 26 27 28 -29 30 31 32 33 34 -35 -36 37 38 -39 40 41 42 -43 -44 45 -46 47 -48 49 50
0xc4969c7c6a204537 2276 1 2 3 4 5 -6 7 8 9 -10 11 -12 13 14 -15 16 -17 -18 -19 -20 -21 22 23 -24 -25 26 27 28 -29 30 31 32 33 34 -35 -36 37 38 -39 40 41 42 -43 -44 45 -46 47 -48 49 50
0x788c740c89e49312 2276 1 2 3 4 5 -6 7 8 9 -10 11 -12 13 14 -15 16 -17 -18 -19 -20 -21 22 23 -24 -25 26 27 28 -29 30 31 32 33 34 -35 -36 37 38 -39 40 41 42 -43 -44 45 -46 47 -48 49 50
0x6a160bd9969af9b3 2276 1 2 3 4 5 -6 7 8 9 -10 11 -12 13 14 -15 16 -17 -18 -19 -20 -21 22 23 -24 -25 26 27 28 -29 30 31 32 33 34 -35 -36 37 38 -39 40 41 42 -43 -44 45 -46 47 -48 49 50
0xb274f3ed2fcd5336 2276 1 2 3 4 5 -6 7 8 9 -10 11 -12 13 14 -15 16 -17 -18 -19 -20 -21 22 23 -24 -25 26 27 28 -29 30 31 32 33 34 -35 -36 37 38 -39 40 41 42 -43 -44 45 -46 47 -48 49 50
0xa989a6b1f463616d 2153 1 2 3 4 5 -6 7 -8 9 10 11 -12 13 14 -15 16 -17 -18 -19 -20 -21 22 23 -24 -25 26 27 28 -29 30 31 32 33 34 -35 -36 37 38 -39 40 41 42 -43 -44 45 -46 47 -48 49 50
0xfbdd3933d8fc78cc 2276 1 2 3 4 5 -6 7 8 9 -10 11 -12 13 14 -15 16 -17 -18 -19 -20 -21 22 23 -24 -25 26 27 28 -29 30 31 32 33 34 -35 -36 37 38 -39 40 41 42 -43 -44 45 -46 47 -48 49 50
0xe0e2491108cc0ccd 2276 1 2 3 4 5 -6 7 8 9 -10 11 -12 13 14 -15 16 -17 -18 -19 -20 -21 22 23 -24 -25 26 27 28 -29 30 31 32 33 34 -35 -36 37 38 -39 40 41 42 -43 -44 45 -46 47 -48 49 50
0xdc1de7f9019af56a 2276 1 2 3 4 5 -6 7 8 9 -10 11 -12 13 14 -15 16 -17 -18 -19 -20 -21 22 23 -24 -25 26 27 28 -29 30 31 32 33 34 -35 -36 37 38 -39 40 41 42 -43 -44 45 -46 47 -48 49 50