0x6885774467f9638d 1049 -1 2 3 4 -5 -6 -7 8 9 10 11 12 -13 14 -15 16 17 18 -19 20 21 22 23 -24 25 26 27 28 -29 -30 -31 -32 33 34 35 -36 -37 38 39 40 41 -42 -43 44 -45 46 47 -48 49 50
0x4d6485db4a8445d7 1049 -1 2 3 4 -5 -6 -7 8 9 10 11 12 -13 14 -15 16 17 18 -19 20 21 22 23 -24 25 26 27 28 -29 -30 -31 -32 33 34 35 -36 -37 38 39 40 41 -42 -43 44 -45 46 47 -48 49 50
0x66901ad06afccf37 1049 -1 2 3 4 -5 -6 -7 8 9 10 11 12 -13 14 -15 16 17 18 -19 20 21 22 23 -24 25 26 27 28 -29 -30 -31 -32 33 34 35 -36 -37 38 39 40 41 -42 -43 44 -45 46 47 -48 49 50
0xf51bcfd292d5d312 1049 -1 2 3 4 -5 -6 -7 8 9 10 11 12 -13 14 -15 16 17 18 -19 20 21 22 23 -24 25 26 27 28 -29 -30 -31 -32 33 34 35 -36 -37 38 39 40 41 -42 -43 44 -45 46 47 -48 49 50
0x481b93eea8d22a37 1049 -1 2 3 4 -5 -6 -7 8 9 10 11 12 -13 14 -15 16 17 18 -19 20 21 22 23 -24 25 26 27 28 -29 -30 -31 -32 33 34 35 -36 -37 38 39 40 41 -42 -43 44 -45 46 47 -48 49 50
0xa478303e61a8123f 1049 -1 2 3 4 -5 -6 -7 8 9 10 11 12 -13 14 -15 16 17 18 -19 20 21 22 23 -24 25 26 27 28 -29 -30 -31 -32 33 34 35 -36 -37 38 39 40 41 -42 -43 44 -45 46 47 -48 49 50
0x198037cbe493c4e7 1049 -1 2 3 4 -5 -6 -7 8 9 10 11 12 -13 14 -15 16 17 18 -19 20 21 22 23 -24 25 26 27 28 -29 -30 -31 -32 33 34 35 -36 -37 38 39 40 41 -42 -43 44 -45 46 47 -48 49 50
0xae6ac37985e91caa 709 -1 2 3 4 -5 -6 -7 8 9 10 11 12 -13 14 -15 16 17 18 -19 20 21 22 23 -24 25 26 -27 28 -29 -30 -31 -32 33 34 35 -36 -37 38 39 40 41 -42 -43 44 -45 46 47 -48 49 50
0x9a7e1bfc1e45af2c 1049 -1 2 3 4 -5 -6 -7 8 9 10 11 12 -13 14 -15 16 17 18 -19 20 21 22 23 -24 25 26 27 28 -29 -30 -31 -32 33 34 35 -36 -37 38 39 40 41 -42 -43 44 -45 46 47 -48 49 50
0xbeed18fa7dd175ae 1049 -1 2 3 4 -5 -6 -7 8 9 10 11 12 -13 14 -15 16 17 18 -19 20 21 22 23 -24 25 26 27 28 -29 -30 -31 -32 33 34 35 -36 -37 38 39 40 41 -42 -43 44 -45 46 47 -48 49 50
0x18473ebbca79f52b 1049 -1 2 3 4 -5 -6 -7 8 9 10 11 12 -13 14 -15 16 17 18 -19 20 21 22 23 -24 25 26 27 28 -29 -30 -31 -32 33 34 35 -36 -37 38 39 40 41 -42 -43 44 -45 46 47 -48 49 50
0xd21e76e68155e70 1049 -1 2 3 4 -5 -6 -7 8 9 10 11 12 -13 14 -15 16 17 18 -19 20 21 22 23 -24 25 26 27 28 -29 -30 -31 -32 33 34 35 -36 -37 38 39 40 41 -42 -43 44 -45 46 47 -48 49 50
0x91d2d0db0f1e5905 1049 -1 2 3 4 -5 -6 -7 8 9 10 11 12 -13 14 -15 16 17 18 -19 20 21 22 23 -24 25 26 27 28 -29 -30 -31 -32 33 34 35 -36 -37 38 39 40 41 -42 -43 44 -45 46 47 -48 49 50
0xfbb3061a9d28d895 1049 -1 2 3 4 -5 -6 -7 8 9 10 11 12 -13 14 -15 16 17 18 -19 20 21 22 23 -24 25 26 27 28 -29 -30 -31 -32 33 34 35 -36 -37 38 39 40 41 -42 -43 44 -45 46 47 -48 49 50
0x8b8a153600f3a852 709 -1 2 3 4 -5 -6 -7 8 9 10 11 12 -13 14 -15 -16 17 18 -19 20 21 22 23 -24 25 26 27 28 -29 -30 -31 -32 33 34 35 -36 -37 38 39 40 41 -42 -43 44 -45 46 47 -48 49 50
0x5be2939d943a1e8c 1049 -1 2 3 4 -5 -6 -7 8 9 10 11 12 -13 14 -15 16 17 18 -19 20 21 22 23 -24 25 26 27 28 -29 -30 -31 -32 33 34 35 -36 -37 38 39 40 41 -42 -43 44 -45 46 47 -48 49 50
0x7bb3d0b421bb201c 1049 -1 2 3 4 -5 -6 -7 8 9 10 11 12 -13 14 -15 16 17 18 -19 20 21 22 23 -24 25 26 27 28 -29 -30 -31 -32 33 34 35 -36 -37 38 39 40 41 -42 -43 44 -45 46 47 -48 49 50
0x6baaff122af423bf 1049 -1 2 3 4 -5 -6 -7 8 9 10 11 12 -13 14 -15 16 17 18 -19 20 21 22 23 -24 25 26 27 28 -29 -30 -31 -32 33 34 35 -36 -37 38 39 40 41 -42 -43 44 -45 46 47 -48 49 50
0xdbfb7ea6b7a8bbd3 709 -1 2 3 4 -5 -6 -7 8 9 10 11 12 -13 14 -15 16 17 18 -19 20 21 -22 23 -24 25 26 27 28 -29 -30 -31 -32 33 34 35 -36 -37 38 39 40 41 -42 -43 44 -45 46 47 -48 49 50
0xd2c0d0949abbdc 1049 -1 2 3 4 -5 -6 -7 8 9 10 11 12 -13 14 -15 16 17 18 -19 20 21 22 23 -24 25 26 27 28 -29 -30 -31 -32 33 34 35 -36 -37 38 39 40 41 -42 -43 44 -45 46 47 -48 49 50
0x417aa29bad1b86bc 1049 -1 2 3 4 -5 -6 -7 8 9 10 11 12 -13 14 -15 16 17 18 -19 20 21 22 23 -24 25 26 27 28 -29 -30 -31 -32 33 34 35 -36 -37 38 39 40 41 -42 -43 44 -45 46 47 -48 49 50
0x433933058aaefc38 1049 -1 2 3 4 -5 -6 -7 8 9 10 11 12 -13 14 -15 16 17 18 -19 20 21 22 23 -24 25 26 27 28 -29 -30 -31 -32 33 34 35 -36 -37 38 39 40 41 -42 -43 44 -45 46 47 -48 49 50
0xc1e982822288d279 709 -1 2 3 4 -5 -6 -7 8 9 10 11 12 -13 14 -15 -16 17 18 -19 20 21 22 23 -24 25 26 27 28 -29 -30 -31 -32 33 34 35 -36 -37 38 39 40 41 -42 -43 44 -45 46 47 -48 49 50
0x535dc27838a0ff8d 1049 -1 2 3 4 -5 -6 -7 8 9 10 11 12 -13 14 -15 16 17 18 -19 20 21 22 23 -24 25 26 27 28 -29 -30 -31 -32 33 34 35 -36 -37 38 39 40 41 -42 -43 44 -45 46 47 -48 49 50
0xb6d8b4c11a9532e5 709 -1 2 3 4 -5 -6 -7 8 9 10 11 12 -13 14 -15 -16 17 18 -19 20 21 22 23 -24 25 26 27 28 -29 -30 -31 -32 33 34 35 -36 -37 38 39 40 41 -42 -43 44 -45 46 47 -48 49 50
0x4d2c6b2deecd5ed7 1049 -1 2 3 4 -5 -6 -7 8 9 10 11 12 -13 14 -15 16 17 18 -19 20 21 22 23 -24 25 26 27 28 -29 -30 -31 -32 33 34 35 -36 -37 38 39 40 41 -42 -43 44 -45 46 47 -48 49 50
0xc94c57006699521b 5450 -1 -2 -3 -4 -5 6 7 -8 9 -10 11 12 -13 14 -15 16 17 18 19 -20 -21 -22 -23 -24 25 26 27 28 29 30 -31 -32 33 34 -35 36 -37 -38 -39 -40 41 -42 -43 44 -45 46 47 48 49 50
0x1460a86f4c3d6150 1049 -1 2 3 4 -5 -6 -7 8 9 10 11 12 -13 14 -15 16 17 18 -19 20 21 22 23 -24 25 26 27 28 -29 -30 -31 -32 33 34 35 -36 -37 38 39 40 41 -42 -43 44 -45 46 47 -48 49 50
0x86dd50ca819975c0 1049 -1 2 3 4 -5 -6 -7 8 9 10 11 12 -13 14 -15 16 17 18 -19 20 21 22 23 -24 25 26 27 28 -29 -30 -31 -32 33 34 35 -36 -37 38 39 40 41 -42 -43 44 -45 46 47 -48 49 50
0x65aa2936943f2b05 1049 -1 2 3 4 -5 -6 -7 8 9 10 11 12 -13 14 -15 16 17 18 -19 20 21 22 23 -24 25 26 27 28 -29 -30 -31 -32 33 34 35 -36 -37 38 39 40 41 -42 -43 44 -45 46 47 -48 49 50