0x7a0472a55c0d4a7b 8101 1 -2 3 4 -5 -6 7 8 -9 -10 11 -12 13 -14 15 -16 17 18 19 20 -21 -22 23 24 25 26 -27 -28 29 -30 31 32 -33 -34 35 -36 -37 38 39 -40 41 42 -43 44 45 -46 -47 48 49 50
0x6ff90e7ce9c9248d 8101 1 -2 3 4 -5 -6 7 8 -9 -10 11 -12 13 -14 15 -16 17 18 19 20 -21 -22 23 24 25 26 -27 -28 29 -30 31 32 -33 -34 35 -36 -37 38 39 -40 41 42 -43 44 45 -46 -47 48 49 50
0xa8e92c9ffb3b75df 8101 1 -2 3 4 -5 -6 7 8 -9 -10 11 -12 13 -14 15 -16 17 18 19 20 -21 -22 23 24 25 26 -27 -28 29 -30 31 32 -33 -34 35 -36 -37 38 39 -40 41 42 -43 44 45 -46 -47 48 49 50
0x155689f331a6a454 8101 1 -2 3 4 -5 -6 7 8 -9 -10 11 -12 13 -14 15 -16 17 18 19 20 -21 -22 23 24 25 26 -27 -28 29 -30 31 32 -33 -34 35 -36 -37 38 39 -40 41 42 -43 44 45 -46 -47 48 49 50
0x82a46c47a6cfc489 7836 1 -2 3 4 -5 -6 7 8 -9 -10 11 -12 13 -14 -15 -16 17 18 19 20 -21 -22 23 24 25 26 -27 -28 29 -30 31 32 -33 -34 35 -36 -37 38 39 -40 41 42 -43 44 45 -46 -47 48 49 50
0xc225f232dadffc8 7761 1 -2 3 4 -5 -6 7 8 -9 -10 11 -12 13 -14 15 -16 17 18 19 20 -21 -22 23 24 25 -26 -27 -28 29 -30 31 32 -33 -34 35 -36 -37 38 39 -40 41 42 -43 44 45 -46 -47 48 49 50
0xc687b2e24003d405 8101 1 -2 3 4 -5 -6 7 8 -9 -10 11 -12 13 -14 15 -16 17 18 19 20 -21 -22 23 24 25 26 -27 -28 29 -30 31 32 -33 -34 35 -36 -37 38 39 -40 41 42 -43 44 45 -46 -47 48 49 50
0xd368906f8c0bba4c 8101 1 -2 3 4 -5 -6 7 8 -9 -10 11 -12 13 -14 15 -16 17 18 19 20 -21 -22 23 24 25 26 -27 -28 29 -30 31 32 -33 -34 35 -36 -37 38 39 -40 41 42 -43 44 45 -46 -47 48 49 50
0xe40b12d9e1f82ec4 8101 1 -2 3 4 -5 -6 7 8 -9 -10 11 -12 13 -14 15 -16 17 18 19 20 -21 -22 23 24 25 26 -27 -28 29 -30 31 32 -33 -34 35 -36 -37 38 39 -40 41 42 -43 44 45 -46 -47 48 49 50
0xf975c343bc408419 8101 1 -2 3 4 -5 -6 7 8 -9 -10 11 -12 13 -14 15 -16 17 18 19 20 -21 -22 23 24 25 26 -27 -28 29 -30 31 32 -33 -34 35 -36 -37 38 39 -40 41 42 -43 44 45 -46 -47 48 49 50
0x914bdbc433756de1 8101 1 -2 3 4 -5 -6 7 8 -9 -10 11 -12 13 -14 15 -16 17 18 19 20 -21 -22 23 24 25 26 -27 -28 29 -30 31 32 -33 -34 35 -36 -37 38 39 -40 41 42 -43 44 45 -46 -47 48 49 50
0x9175542636872e56 8101 1 -2 3 4 -5 -6 7 8 -9 -10 11 -12 13 -14 15 -16 17 18 19 20 -21 -22 23 24 25 26 -27 -28 29 -30 31 32 -33 -34 35 -36 -37 38 39 -40 41 42 -43 44 45 -46 -47 48 49 50
0xa2ea8c649ef8ee6c 8101 1 -2 3 4 -5 -6 7 8 -9 -10 11 -12 13 -14 15 -16 17 18 19 20 -21 -22 23 24 25 26 -27 -28 29 -30 31 32 -33 -34 35 -36 -37 38 39 -40 41 42 -43 44 45 -46 -47 48 49 50
0xa7f8ae6a526172b0 8101 1 -2 3 4 -5 -6 7 8 -9 -10 11 -12 13 -14 15 -16 17 18 19 20 -21 -22 23 24 25 26 -27 -28 29 -30 31 32 -33 -34 35 -36 -37 38 39 -40 41 42 -43 44 45 -46 -47 48 49 50
0xf007248e435d2915 8101 1 -2 3 4 -5 -6 7 8 -9 -10 11 -12 13 -14 15 -16 17 18 19 20 -21 -22 23 24 25 26 -27 -28 29 -30 31 32 -33 -34 35 -36 -37 38 39 -40 41 42 -43 44 45 -46 -47 48 49 50
0x648859226a1cb26f 8101 1 -2 3 4 -5 -6 7 8 -9 -10 11 -12 13 -14 15 -16 17 18 19 20 -21 -22 23 24 25 26 -27 -28 29 -30 31 32 -33 -34 35 -36 -37 38 39 -40 41 42 -43 44 45 -46 -47 48 49 50
0x5f1dc5e6a1ac7bf8 8101 1 -2 3 4 -5 -6 7 8 -9 -10 11 -12 13 -14 15 -16 17 18 19 20 -21 -22 23 24 25 26 -27 -28 29 -30 31 32 -33 -34 35 -36 -37 38 39 -40 41 42 -43 44 45 -46 -47 48 49 50
0xf458c0075f9458e6 8101 1 -2 3 4 -5 -6 7 8 -9 -10 11 -12 13 -14 15 -16 17 18 19 20 -21 -22 23 24 25 26 -27 -28 29 -30 31 32 -33 -34 35 -36 -37 38 39 -40 41 42 -43 44 45 -46 -47 48 49 50
0x206c68bc2bd4f3e8 8101 1 -2 3 4 -5 -6 7 8 -9 -10 11 -12 13 -14 15 -16 17 18 19 20 -21 -22 23 24 25 26 -27 -28 29 -30 31 32 -33 -34 35 -36 -37 38 39 -40 41 42 -43 44 45 -46 -47 48 49 50
0x5228930ee7eeaadf 7836 1 -2 3 4 -5 -6 7 8 -9 -10 11 -12 13 -14 -15 -16 17 18 19 20 -21 -22 23 24 25 26 -27 -28 29 -30 31 32 -33 -34 35 -36 -37 38 39 -40 41 42 -43 44 45 -46 -47 48 49 50
0x995919fddeb85323 8101 1 -2 3 4 -5 -6 7 8 -9 -10 11 -12 13 -14 15 -16 17 18 19 20 -21 -22 23 24 25 26 -27 -28 29 -30 31 32 -33 -34 35 -36 -37 38 39 -40 41 42 -43 44 45 -46 -47 48 49 50
0x6777b098ac9fba92 8101 1 -2 3 4 -5 -6 7 8 -9 -10 11 -12 13 -14 15 -16 17 18 19 20 -21 -22 23 24 25 26 -27 -28 29 -30 31 32 -33 -34 35 -36 -37 38 39 -40 41 42 -43 44 45 -46 -47 48 49 50
0xdb202d33834df622 7836 1 -2 3 4 -5 -6 7 8 -9 -10 11 -12 13 -14 -15 -16 17 18 19 20 -21 -22 23 24 25 26 -27 -28 29 -30 31 32 -33 -34 35 -36 -37 38 39 -40 41 42 -43 44 45 -46 -47 48 49 50
0xd9c092ff9ce7add7 8101 1 -2 3 4 -5 -6 7 8 -9 -10 11 -12 13 -14 15 -16 17 18 19 20 -21 -22 23 24 25 26 -27 -28 29 -30 31 32 -33 -34 35 -36 -37 38 39 -40 41 42 -43 44 45 -46 -47 48 49 50
0x92c6bdd7e2e28a90 7836 1 -2 3 4 -5 -6 7 8 -9 -10 11 -12 13 -14 -15 -16 17 18 19 20 -21 -22 23 24 25 26 -27 -28 29 -30 31 32 -33 -34 35 -36 -37 38 39 -40 41 42 -43 44 45 -46 -47 48 49 50
0xc6d71c1009067ad8 7836 1 -2 3 4 -5 -6 7 8 -9 -10 11 -12 13 -14 -15 -16 17 18 19 20 -21 -22 23 24 25 26 -27 -28 29 -30 31 32 -33 -34 35 -36 -37 38 39 -40 41 42 -43 44 45 -46 -47 48 49 50
0x152950ee324c311c 8101 1 -2 3 4 -5 -6 7 8 -9 -10 11 -12 13 -14 15 -16 17 18 19 20 -21 -22 23 24 25 26 -27 -28 29 -30 31 32 -33 -34 35 -36 -37 38 39 -40 41 42 -43 44 45 -46 -47 48 49 50
0xfabd242bf3941d2d 8101 1 -2 3 4 -5 -6 7 8 -9 -10 11 -12 13 -14 15 -16 17 18 19 20 -21 -22 23 24 25 26 -27 -28 29 -30 31 32 -33 -34 35 -36 -37 38 39 -40 41 42 -43 44 45 -46 -47 48 49 50
0x2804c17b4c3075c0 7836 1 -2 3 4 -5 -6 7 8 -9 -10 11 -12 13 -14 -15 -16 17 18 19 20 -21 -22 23 24 25 26 -27 -28 29 -30 31 32 -33 -34 35 -36 -37 38 39 -40 41 42 -43 44 45 -46 -47 48 49 50
0xbad247fc08f851ef 7836 1 -2 3 4 -5 -6 7 8 -9 -10 11 -12 13 -14 -15 -16 17 18 19 20 -21 -22 23 24 25 26 -27 -28 29 -30 31 32 -33 -34 35 -36 -37 38 39 -40 41 42 -43 44 45 -46 -47 48 49 50