0x603e66b96e4066d8 10548 1 2 3 -4 5 6 -7 8 9 10 11 12 -13 14 15 -16 17 -18 -19 20 21 22 23 24 -25 26 -27 28 29 -30 31 -32 33 -34 35 36 -37 38 -39 40 -41 42 -43 -44 -45 46 -47 48 49 50
0x59a559ce038c351a 10548 1 2 3 -4 5 6 -7 8 9 10 11 12 -13 14 15 -16 17 -18 -19 20 21 22 23 24 -25 26 -27 28 29 -30 31 -32 33 -34 35 36 -37 38 -39 40 -41 42 -43 -44 -45 46 -47 48 49 50
0x2bef2222d025c83e 10544 1 2 3 -4 5 6 -7 8 9 10 11 12 -13 14 15 -16 17 -18 -19 20 21 -22 23 24 -25 26 -27 28 29 -30 31 -32 33 -34 35 36 -37 38 -39 40 -41 42 -43 -44 -45 46 -47 48 49 50
0xb13ad44f9ac69228 10548 1 2 3 -4 5 6 -7 8 9 10 11 12 -13 14 15 -16 17 -18 -19 20 21 22 23 24 -25 26 -27 28 29 -30 31 -32 33 -34 35 36 -37 38 -39 40 -41 42 -43 -44 -45 46 -47 48 49 50
0x15c62c38935d8a29 10175 1 2 3 -4 5 6 -7 8 9 10 11 12 -13 14 15 -16 17 -18 -19 20 21 -22 23 -24 -25 26 -27 28 29 -30 31 -32 33 -34 35 36 -37 38 -39 40 -41 42 -43 -44 -45 46 -47 48 49 50
0xc40f2e79db08045 3624 -1 -2 -3 4 5 -6 -7 -8 9 -10 11 -12 -13 -14 -15 16 17 18 19 -20 -21 22 23 -24 25 26 27 28 -29 30 -31 -32 33 -34 35 36 37 -38 -39 -40 41 -42 43 44 -45 46 47 -48 -49 50
0x93ee152f57a9277b 10548 1 2 3 -4 5 6 -7 8 9 10 11 12 -13 14 15 -16 17 -18 -19 20 21 22 23 24 -25 26 -27 28 29 -30 31 -32 33 -34 35 36 -37 38 -39 40 -41 42 -43 -44 -45 46 -47 48 49 50
0x4615c8cb381544be 10548 1 2 3 -4 5 6 -7 8 9 10 11 12 -13 14 15 -16 17 -18 -19 20 21 22 23 24 -25 26 -27 28 29 -30 31 -32 33 -34 35 36 -37 38 -39 40 -41 42 -43 -44 -45 46 -47 48 49 50
0xaed83faad756e302 10175 1 2 3 -4 5 6 -7 8 9 10 11 12 -13 14 15 -16 17 -18 -19 20 21 -22 23 -24 -25 26 -27 28 29 -30 31 -32 33 -34 35 36 -37 38 -39 40 -41 42 -43 -44 -45 46 -47 48 49 50
0xcb2802a92bccbdb6 3624 -1 -2 -3 4 5 -6 -7 -8 9 -10 11 -12 -13 -14 -15 16 17 18 19 -20 -21 22 23 -24 25 26 27 28 -29 30 -31 -32 33 -34 35 36 37 -38 -39 -40 41 -42 43 44 -45 46 47 -48 -49 50
0x63f7adf6192c722f 10548 1 2 3 -4 5 6 -7 8 9 10 11 12 -13 14 15 -16 17 -18 -19 20 21 22 23 24 -25 26 -27 28 29 -30 31 -32 33 -34 35 36 -37 38 -39 40 -41 42 -43 -44 -45 46 -47 48 49 50
0x8346d01c14d64388 3624 -1 -2 -3 4 5 -6 -7 -8 9 -10 11 -12 -13 -14 -15 16 17 18 19 -20 -21 22 23 -24 25 26 27 28 -29 30 -31 -32 33 -34 35 36 37 -38 -39 -40 41 -42 43 44 -45 46 47 -48 -49 50
0x17af88761a44c944 3624 -1 -2 -3 4 5 -6 -7 -8 9 -10 11 -12 -13 -14 -15 16 17 18 19 -20 -21 22 23 -24 25 26 27 28 -29 30 -31 -32 33 -34 35 36 37 -38 -39 -40 41 -42 43 44 -45 46 47 -48 -49 50
0x915fe8174902677b 3470 -1 -2 -3 4 5 -6 -7 -8 9 -10 11 -12 -13 -14 -15 16 17 18 19 -20 -21 22 23 -24 25 26 27 28 -29 30 -31 -32 33 -34 35 36 37 -38 -39 -40 41 -42 43 44 -45 46 -47 -48 -49 50
0xd88b4d59908245d6 10548 1 2 3 -4 5 6 -7 8 9 10 11 12 -13 14 15 -16 17 -18 -19 20 21 22 23 24 -25 26 -27 28 29 -30 31 -32 33 -34 35 36 -37 38 -39 40 -41 42 -43 -44 -45 46 -47 48 49 50
0x635b453ee0e34587 3624 -1 -2 -3 4 5 -6 -7 -8 9 -10 11 -12 -13 -14 -15 16 17 18 19 -20 -21 22 23 -24 25 26 27 28 -29 30 -31 -32 33 -34 35 36 37 -38 -39 -40 41 -42 43 44 -45 46 47 -48 -49 50
0x9e6d2a83ec703786 3624 -1 -2 -3 4 5 -6 -7 -8 9 -10 11 -12 -13 -14 -15 16 17 18 19 -20 -21 22 23 -24 25 26 27 28 -29 30 -31 -32 33 -34 35 36 37 -38 -39 -40 41 -42 43 44 -45 46 47 -48 -49 50
0x2bfd53954aeb68cd 10548 1 2 3 -4 5 6 -7 8 9 10 11 12 -13 14 15 -16 17 -18 -19 20 21 22 23 24 -25 26 -27 28 29 -30 31 -32 33 -34 35 36 -37 38 -39 40 -41 42 -43 -44 -45 46 -47 48 49 50
0x9ee6095758668b70 10544 1 2 3 -4 5 6 -7 8 9 10 11 12 -13 14 15 -16 17 -18 -19 20 21 -22 23 24 -25 26 -27 28 29 -30 31 -32 33 -34 35 36 -37 38 -39 40 -41 42 -43 -44 -45 46 -47 48 49 50
0xfc320c4b408fef46 10544 1 2 3 -4 5 6 -7 8 9 10 11 12 -13 14 15 -16 17 -18 -19 20 21 -22 23 24 -25 26 -27 28 29 -30 31 -32 33 -34 35 36 -37 38 -39 40 -41 42 -43 -44 -45 46 -47 48 49 50
0xcad3ef0446067218 10179 1 2 3 -4 5 6 -7 8 9 10 11 12 -13 14 15 -16 17 -18 -19 20 21 22 23 -24 -25 26 -27 28 29 -30 31 -32 33 -34 35 36 -37 38 -39 40 -41 42 -43 -44 -45 46 -47 48 49 50
0xef4d51088fe4ad94 10548 1 2 3 -4 5 6 -7 8 9 10 11 12 -13 14 15 -16 17 -18 -19 20 21 22 23 24 -25 26 -27 28 29 -30 31 -32 33 -34 35 36 -37 38 -39 40 -41 42 -43 -44 -45 46 -47 48 49 50
0xb2ecce55ae4cf0cc 3624 -1 -2 -3 4 5 -6 -7 -8 9 -10 11 -12 -13 -14 -15 16 17 18 19 -20 -21 22 23 -24 25 26 27 28 -29 30 -31 -32 33 -34 35 36 37 -38 -39 -40 41 -42 43 44 -45 46 47 -48 -49 50
0x15e13ed861a849b3 10175 1 2 3 -4 5 6 -7 8 9 10 11 12 -13 14 15 -16 17 -18 -19 20 21 -22 23 -24 -25 26 -27 28 29 -30 31 -32 33 -34 35 36 -37 38 -39 40 -41 42 -43 -44 -45 46 -47 48 49 50
0xfdf045f2cd4e9ea5 10548 1 2 3 -4 5 6 -7 8 9 10 11 12 -13 14 15 -16 17 -18 -19 20 21 22 23 24 -25 26 -27 28 29 -30 31 -32 33 -34 35 36 -37 38 -39 40 -41 42 -43 -44 -45 46 -47 48 49 50
0x7ede31fda88dd7de 10175 1 2 3 -4 5 6 -7 8 9 10 11 12 -13 14 15 -16 17 -18 -19 20 21 -22 23 -24 -25 26 -27 28 29 -30 31 -32 33 -34 35 36 -37 38 -39 40 -41 42 -43 -44 -45 46 -47 48 49 50
0x9cd52bc2834618ff 10548 1 2 3 -4 5 6 -7 8 9 10 11 12 -13 14 15 -16 17 -18 -19 20 21 22 23 24 -25 26 -27 28 29 -30 31 -32 33 -34 35 36 -37 38 -39 40 -41 42 -43 -44 -45 46 -47 48 49 50
0x8459b601cd910a8f 10548 1 2 3 -4 5 6 -7 8 9 10 11 12 -13 14 15 -16 17 -18 -19 20 21 22 23 24 -25 26 -27 28 29 -30 31 -32 33 -34 35 36 -37 38 -39 40 -41 42 -43 -44 -45 46 -47 48 49 50
0x469a7cec042a3375 3624 -1 -2 -3 4 5 -6 -7 -8 9 -10 11 -12 -13 -14 -15 16 17 18 19 -20 -21 22 23 -24 25 26 27 28 -29 30 -31 -32 33 -34 35 36 37 -38 -39 -40 41 -42 43 44 -45 46 47 -48 -49 50
0xb42975aa2d8e6281 3624 -1 -2 -3 4 5 -6 -7 -8 9 -10 11 -12 -13 -14 -15 16 17 18 19 -20 -21 22 23 -24 25 26 27 28 -29 30 -31 -32 33 -34 35 36 37 -38 -39 -40 41 -42 43 44 -45 46 47 -48 -49 50