0x7507313cbdc43cf7 17787 -1 2 3 4 5 -6 -7 8 -9 10 11 12 13 14 15 16 17 -18 19 20 -21 22 -23 -24 -25 26 27 -28 -29 -30 31 -32 -33 -34 -35 -36 37 -38 39 40 -41 -42 43 -44 -45 46 47 48 -49 50
0xcec3faf3e71cd12f 18759 -1 2 3 -4 5 -6 -7 8 -9 10 11 12 13 14 15 16 17 18 19 20 -21 22 -23 -24 -25 26 27 -28 -29 -30 31 -32 33 -34 35 -36 37 -38 39 40 -41 -42 43 -44 -45 46 47 48 -49 50
0xf10a06aea33d17c8 18217 -1 2 3 -4 5 -6 -7 8 -9 10 11 12 13 14 15 16 17 -18 19 20 -21 22 -23 -24 -25 26 27 -28 -29 -30 31 -32 33 -34 35 -36 37 -38 39 40 -41 -42 43 -44 -45 46 47 48 -49 50
0xb01f335d0ff71abc 17787 -1 2 3 4 5 -6 -7 8 -9 10 11 12 13 14 15 16 17 -18 19 20 -21 22 -23 -24 -25 26 27 -28 -29 -30 31 -32 -33 -34 -35 -36 37 -38 39 40 -41 -42 43 -44 -45 46 47 48 -49 50
0x28a9289cc00f5c5d 19065 -1 2 3 -4 5 -6 -7 8 -9 10 11 12 13 14 15 16 17 18 19 20 -21 22 -23 -24 -25 26 27 -28 -29 -30 31 -32 33 -34 35 -36 37 -38 39 40 -41 -42 43 -44 45 46 47 48 -49 50
0x3b9d14e472b93f42 18759 -1 2 3 -4 5 -6 -7 8 -9 10 11 12 13 14 15 16 17 18 19 20 -21 22 -23 -24 -25 26 27 -28 -29 -30 31 -32 33 -34 35 -36 37 -38 39 40 -41 -42 43 -44 -45 46 47 48 -49 50
0x5c4030f979f403c5 18759 -1 2 3 -4 5 -6 -7 8 -9 10 11 12 13 14 15 16 17 18 19 20 -21 22 -23 -24 -25 26 27 -28 -29 -30 31 -32 33 -34 35 -36 37 -38 39 40 -41 -42 43 -44 -45 46 47 48 -49 50
0x11a9137809a05584 19065 -1 2 3 -4 5 -6 -7 8 -9 10 11 12 13 14 15 16 17 18 19 20 -21 22 -23 -24 -25 26 27 -28 -29 -30 31 -32 33 -34 35 -36 37 -38 39 40 -41 -42 43 -44 45 46 47 48 -49 50
0xb55fd450fb9468e2 18759 -1 2 3 -4 5 -6 -7 8 -9 10 11 12 13 14 15 16 17 18 19 20 -21 22 -23 -24 -25 26 27 -28 -29 -30 31 -32 33 -34 35 -36 37 -38 39 40 -41 -42 43 -44 -45 46 47 48 -49 50
0xe1fb00486534a885 18759 -1 2 3 -4 5 -6 -7 8 -9 10 11 12 13 14 15 16 17 18 19 20 -21 22 -23 -24 -25 26 27 -28 -29 -30 31 -32 33 -34 35 -36 37 -38 39 40 -41 -42 43 -44 -45 46 47 48 -49 50
0xa5d75c738356f2d8 19065 -1 2 3 -4 5 -6 -7 8 -9 10 11 12 13 14 15 16 17 18 19 20 -21 22 -23 -24 -25 26 27 -28 -29 -30 31 -32 33 -34 35 -36 37 -38 39 40 -41 -42 43 -44 45 46 47 48 -49 50
0xe74879c301766788 17042 -1 2 3 -4 5 -6 -7 8 -9 10 11 12 13 14 15 16 -17 18 19 20 -21 22 -23 -24 -25 26 27 -28 -29 -30 31 -32 33 -34 -35 -36 37 -38 39 40 -41 -42 43 -44 45 46 47 48 -49 50
0x78e01872797dc508 18329 -1 2 3 4 5 -6 -7 8 -9 10 11 12 13 14 15 16 17 18 19 20 -21 22 -23 -24 -25 26 27 -28 -29 -30 31 -32 -33 -34 -35 -36 37 -38 39 40 -41 -42 43 -44 -45 46 47 48 -49 50
0x25aa5b9739ae5610 17963 -1 2 3 -4 5 -6 -7 8 -9 10 11 12 13 14 15 16 17 18 19 20 -21 22 -23 -24 -25 26 27 -28 -29 -30 31 -32 -33 -34 -35 -36 37 -38 39 40 -41 -42 43 -44 -45 46 47 48 -49 50
0x7e7ccc99e6696f18 19065 -1 2 3 -4 5 -6 -7 8 -9 10 11 12 13 14 15 16 17 18 19 20 -21 22 -23 -24 -25 26 27 -28 -29 -30 31 -32 33 -34 35 -36 37 -38 39 40 -41 -42 43 -44 45 46 47 48 -49 50
0x6ab62eb56de27bdf 18363 -1 2 3 4 5 -6 -7 8 -9 10 11 12 13 14 15 16 -17 18 19 20 -21 22 -23 -24 -25 26 27 -28 -29 -30 31 -32 -33 -34 -35 -36 37 -38 39 40 -41 -42 43 44 -45 46 47 48 -49 50
0x700d2278fbff9ce8 19065 -1 2 3 -4 5 -6 -7 8 -9 10 11 12 13 14 15 16 17 18 19 20 -21 22 -23 -24 -25 26 27 -28 -29 -30 31 -32 33 -34 35 -36 37 -38 39 40 -41 -42 43 -44 45 46 47 48 -49 50
0x4e4b994b2ceed4fa 18363 -1 2 3 4 5 -6 -7 8 -9 10 11 12 13 14 15 16 -17 18 19 20 -21 22 -23 -24 -25 26 27 -28 -29 -30 31 -32 -33 -34 -35 -36 37 -38 39 40 -41 -42 43 44 -45 46 47 48 -49 50
0xed1518e0a535c69d 18329 -1 2 3 4 5 -6 -7 8 -9 10 11 12 13 14 15 16 17 18 19 20 -21 22 -23 -24 -25 26 27 -28 -29 -30 31 -32 -33 -34 -35 -36 37 -38 39 40 -41 -42 43 -44 -45 46 47 48 -49 50
0xb315cec7764201a2 18363 -1 2 3 4 5 -6 -7 8 -9 10 11 12 13 14 15 16 -17 18 19 20 -21 22 -23 -24 -25 26 27 -28 -29 -30 31 -32 -33 -34 -35 -36 37 -38 39 40 -41 -42 43 44 -45 46 47 48 -49 50
0x2f3873df4ebfe09a 17293 -1 2 -3 4 -5 -6 -7 -8 -9 10 11 12 13 14 15 -16 17 18 19 20 21 22 23 -24 25 26 -27 28 -29 -30 31 -32 -33 -34 -35 36 37 -38 -39 40 -41 -42 -43 44 -45 46 47 48 -49 -50
0x85c0ffda663df65b 18329 -1 2 3 4 5 -6 -7 8 -9 10 11 12 13 14 15 16 17 18 19 20 -21 22 -23 -24 -25 26 27 -28 -29 -30 31 -32 -33 -34 -35 -36 37 -38 39 40 -41 -42 43 -44 -45 46 47 48 -49 50
0x546a2cc25be30b81 18217 -1 2 3 -4 5 -6 -7 8 -9 10 11 12 13 14 15 16 17 -18 19 20 -21 22 -23 -24 -25 26 27 -28 -29 -30 31 -32 33 -34 35 -36 37 -38 39 40 -41 -42 43 -44 -45 46 47 48 -49 50
0xb9e3ca71e03cabe8 18428 -1 2 3 -4 5 -6 -7 8 -9 10 11 12 13 14 15 16 17 18 19 20 -21 22 -23 -24 -25 26 27 -28 -29 -30 31 -32 33 -34 -35 -36 37 -38 39 40 -41 -42 43 -44 45 46 47 48 -49 50
0xde4fe218fa6c4435 18428 -1 2 3 -4 5 -6 -7 8 -9 10 11 12 13 14 15 16 17 18 19 20 -21 22 -23 -24 -25 26 27 -28 -29 -30 31 -32 33 -34 -35 -36 37 -38 39 40 -41 -42 43 -44 45 46 47 48 -49 50
0xc39ca9bd0938cf4c 17334 -1 2 -3 4 -5 -6 -7 -8 -9 10 11 12 13 14 15 -16 17 18 19 20 21 22 23 -24 25 26 -27 28 -29 -30 31 -32 -33 -34 -35 36 37 -38 -39 40 -41 -42 -43 44 -45 46 47 48 49 -50
0x45d947b548cb13d9 19065 -1 2 3 -4 5 -6 -7 8 -9 10 11 12 13 14 15 16 17 18 19 20 -21 22 -23 -24 -25 26 27 -28 -29 -30 31 -32 33 -34 35 -36 37 -38 39 40 -41 -42 43 -44 45 46 47 48 -49 50
0xce3662ba61a71ca 18759 -1 2 3 -4 5 -6 -7 8 -9 10 11 12 13 14 15 16 17 18 19 20 -21 22 -23 -24 -25 26 27 -28 -29 -30 31 -32 33 -34 35 -36 37 -38 39 40 -41 -42 43 -44 -45 46 47 48 -49 50
0xc20b96a201503fd1 19065 -1 2 3 -4 5 -6 -7 8 -9 10 11 12 13 14 15 16 17 18 19 20 -21 22 -23 -24 -25 26 27 -28 -29 -30 31 -32 33 -34 35 -36 37 -38 39 40 -41 -42 43 -44 45 46 47 48 -49 50
0x258e856bb0a7b8e5 17580 -1 2 3 -4 5 -6 -7 8 -9 10 11 12 13 14 15 16 17 -18 19 20 -21 22 -23 -24 -25 26 27 -28 -29 -30 31 -32 33 -34 -35 -36 37 -38 39 40 -41 -42 43 -44 -45 46 47 48 -49 50