0xb5cc5aa0c8cdd6a0 3566 1 -2 3 4 5 -6 7 8 9 -10 11 -12 -13 -14 15 -16 -17 18 19 20 21 -22 -23 -24 25 26 -27 -28 29 30 -31 -32 -33 -34 -35 36 37 -38 -39 -40 -41 -42 43 44 -45 46 -47 48 -49 50
0x1e8da16556ae6db6 3566 1 -2 3 4 5 -6 7 8 9 -10 11 -12 -13 -14 15 -16 -17 18 19 20 21 -22 -23 -24 25 26 -27 -28 29 30 -31 -32 -33 -34 -35 36 37 -38 -39 -40 -41 -42 43 44 -45 46 -47 48 -49 50
0x6ccb03ffe5e36eaf 3566 1 -2 3 4 5 -6 7 8 9 -10 11 -12 -13 -14 15 -16 -17 18 19 20 21 -22 -23 -24 25 26 -27 -28 29 30 -31 -32 -33 -34 -35 36 37 -38 -39 -40 -41 -42 43 44 -45 46 -47 48 -49 50
0xbee77bfffe06c895 3566 1 -2 3 4 5 -6 7 8 9 -10 11 -12 -13 -14 15 -16 -17 18 19 20 21 -22 -23 -24 25 26 -27 -28 29 30 -31 -32 -33 -34 -35 36 37 -38 -39 -40 -41 -42 43 44 -45 46 -47 48 -49 50
0x48133f060d5c5a26 3566 1 -2 3 4 5 -6 7 8 9 -10 11 -12 -13 -14 15 -16 -17 18 19 20 21 -22 -23 -24 25 26 -27 -28 29 30 -31 -32 -33 -34 -35 36 37 -38 -39 -40 -41 -42 43 44 -45 46 -47 48 -49 50
0xdaade3c2e10f5bb9 3566 1 -2 3 4 5 -6 7 8 9 -10 11 -12 -13 -14 15 -16 -17 18 19 20 21 -22 -23 -24 25 26 -27 -28 29 30 -31 -32 -33 -34 -35 36 37 -38 -39 -40 -41 -42 43 44 -45 46 -47 48 -49 50
0x92655d3037fcdfaf 3566 1 -2 3 4 5 -6 7 8 9 -10 11 -12 -13 -14 15 -16 -17 18 19 20 21 -22 -23 -24 25 26 -27 -28 29 30 -31 -32 -33 -34 -35 36 37 -38 -39 -40 -41 -42 43 44 -45 46 -47 48 -49 50
0xe90520902b1077df 3566 1 -2 3 4 5 -6 7 8 9 -10 11 -12 -13 -14 15 -16 -17 18 19 20 21 -22 -23 -24 25 26 -27 -28 29 30 -31 -32 -33 -34 -35 36 37 -38 -39 -40 -41 -42 43 44 -45 46 -47 48 -49 50
0xa0196d5eead9e26f 3566 1 -2 3 4 5 -6 7 8 9 -10 11 -12 -13 -14 15 -16 -17 18 19 20 21 -22 -23 -24 25 26 -27 -28 29 30 -31 -32 -33 -34 -35 36 37 -38 -39 -40 -41 -42 43 44 -45 46 -47 48 -49 50
0xc4ced6767f25628a 3566 1 -2 3 4 5 -6 7 8 9 -10 11 -12 -13 -14 15 -16 -17 18 19 20 21 -22 -23 -24 25 26 -27 -28 29 30 -31 -32 -33 -34 -35 36 37 -38 -39 -40 -41 -42 43 44 -45 46 -47 48 -49 50
0x4d437b65bdddf88a 3566 1 -2 3 4 5 -6 7 8 9 -10 11 -12 -13 -14 15 -16 -17 18 19 20 21 -22 -23 -24 25 26 -27 -28 29 30 -31 -32 -33 -34 -35 36 37 -38 -39 -40 -41 -42 43 44 -45 46 -47 48 -49 50
0xf958167a97075d1c 3566 1 -2 3 4 5 -6 7 8 9 -10 11 -12 -13 -14 15 -16 -17 18 19 20 21 -22 -23 -24 25 26 -27 -28 29 30 -31 -32 -33 -34 -35 36 37 -38 -39 -40 -41 -42 43 44 -45 46 -47 48 -49 50
0xdbcc05663b5f2eaa 3566 1 -2 3 4 5 -6 7 8 9 -10 11 -12 -13 -14 15 -16 -17 18 19 20 21 -22 -23 -24 25 26 -27 -28 29 30 -31 -32 -33 -34 -35 36 37 -38 -39 -40 -41 -42 43 44 -45 46 -47 48 -49 50
0x6bacf91d78cac1fb 3566 1 -2 3 4 5 -6 7 8 9 -10 11 -12 -13 -14 15 -16 -17 18 19 20 21 -22 -23 -24 25 26 -27 -28 29 30 -31 -32 -33 -34 -35 36 37 -38 -39 -40 -41 -42 43 44 -45 46 -47 48 -49 50
0x87112305325c4042 3566 1 -2 3 4 5 -6 7 8 9 -10 11 -12 -13 -14 15 -16 -17 18 19 20 21 -22 -23 -24 25 26 -27 -28 29 30 -31 -32 -33 -34 -35 36 37 -38 -39 -40 -41 -42 43 44 -45 46 -47 48 -49 50
0xd57ff236c7bcd058 3566 1 -2 3 4 5 -6 7 8 9 -10 11 -12 -13 -14 15 -16 -17 18 19 20 21 -22 -23 -24 25 26 -27 -28 29 30 -31 -32 -33 -34 -35 36 37 -38 -39 -40 -41 -42 43 44 -45 46 -47 48 -49 50
0x75710b003098f836 3566 1 -2 3 4 5 -6 7 8 9 -10 11 -12 -13 -14 15 -16 -17 18 19 20 21 -22 -23 -24 25 26 -27 -28 29 30 -31 -32 -33 -34 -35 36 37 -38 -39 -40 -41 -42 43 44 -45 46 -47 48 -49 50
0x334b8e5fab8f0e7c 3566 1 -2 3 4 5 -6 7 8 9 -10 11 -12 -13 -14 15 -16 -17 18 19 20 21 -22 -23 -24 25 26 -27 -28 29 30 -31 -32 -33 -34 -35 36 37 -38 -39 -40 -41 -42 43 44 -45 46 -47 48 -49 50
0x3ed3b18d1df5bbef 3566 1 -2 3 4 5 -6 7 8 9 -10 11 -12 -13 -14 15 -16 -17 18 19 20 21 -22 -23 -24 25 26 -27 -28 29 30 -31 -32 -33 -34 -35 36 37 -38 -39 -40 -41 -42 43 44 -45 46 -47 48 -49 50
0x4b34a56f08108cf5 3566 1 -2 3 4 5 -6 7 8 9 -10 11 -12 -13 -14 15 -16 -17 18 19 20 21 -22 -23 -24 25 26 -27 -28 29 30 -31 -32 -33 -34 -35 36 37 -38 -39 -40 -41 -42 43 44 -45 46 -47 48 -49 50
0xf514ce234f889319 3566 1 -2 3 4 5 -6 7 8 9 -10 11 -12 -13 -14 15 -16 -17 18 19 20 21 -22 -23 -24 25 26 -27 -28 29 30 -31 -32 -33 -34 -35 36 37 -38 -39 -40 -41 -42 43 44 -45 46 -47 48 -49 50
0x31624a7a183f168b 3566 1 -2 3 4 5 -6 7 8 9 -10 11 -12 -13 -14 15 -16 -17 18 19 20 21 -22 -23 -24 25 26 -27 -28 29 30 -31 -32 -33 -34 -35 36 37 -38 -39 -40 -41 -42 43 44 -45 46 -47 48 -49 50
0x66c5cb7971d0579f 3566 1 -2 3 4 5 -6 7 8 9 -10 11 -12 -13 -14 15 -16 -17 18 19 20 21 -22 -23 -24 25 26 -27 -28 29 30 -31 -32 -33 -34 -35 36 37 -38 -39 -40 -41 -42 43 44 -45 46 -47 48 -49 50
0xaae9bbd8c65c604b 3566 1 -2 3 4 5 -6 7 8 9 -10 11 -12 -13 -14 15 -16 -17 18 19 20 21 -22 -23 -24 25 26 -27 -28 29 30 -31 -32 -33 -34 -35 36 37 -38 -39 -40 -41 -42 43 44 -45 46 -47 48 -49 50
0x6c03b786b56be5ab 3566 1 -2 3 4 5 -6 7 8 9 -10 11 -12 -13 -14 15 -16 -17 18 19 20 21 -22 -23 -24 25 26 -27 -28 29 30 -31 -32 -33 -34 -35 36 37 -38 -39 -40 -41 -42 43 44 -45 46 -47 48 -49 50
0x964e53235c07397f 3566 1 -2 3 4 5 -6 7 8 9 -10 11 -12 -13 -14 15 -16 -17 18 19 20 21 -22 -23 -24 25 26 -27 -28 29 30 -31 -32 -33 -34 -35 36 37 -38 -39 -40 -41 -42 43 44 -45 46 -47 48 -49 50
0x4613382f9554ba9 3566 1 -2 3 4 5 -6 7 8 9 -10 11 -12 -13 -14 15 -16 -17 18 19 20 21 -22 -23 -24 25 26 -27 -28 29 30 -31 -32 -33 -34 -35 36 37 -38 -39 -40 -41 -42 43 44 -45 46 -47 48 -49 50
0xc095752f6558bbb2 3566 1 -2 3 4 5 -6 7 8 9 -10 11 -12 -13 -14 15 -16 -17 18 19 20 21 -22 -23 -24 25 26 -27 -28 29 30 -31 -32 -33 -34 -35 36 37 -38 -39 -40 -41 -42 43 44 -45 46 -47 48 -49 50
0x4ce463e4eda0fa44 3566 1 -2 3 4 5 -6 7 8 9 -10 11 -12 -13 -14 15 -16 -17 18 19 20 21 -22 -23 -24 25 26 -27 -28 29 30 -31 -32 -33 -34 -35 36 37 -38 -39 -40 -41 -42 43 44 -45 46 -47 48 -49 50
0xcdee8213e2057ab0 3566 1 -2 3 4 5 -6 7 8 9 -10 11 -12 -13 -14 15 -16 -17 18 19 20 21 -22 -23 -24 25 26 -27 -28 29 30 -31 -32 -33 -34 -35 36 37 -38 -39 -40 -41 -42 43 44 -45 46 -47 48 -49 50