0x72d0f949f557eed3 2239 1 -2 3 4 5 6 7 8 9 10 -11 12 13 -14 15 -16 17 -18 19 20 21 22 -23 24 25 26 -27 -28 -29 30 -31 32 -33 34 35 -36 37 38 -39 40 -41 42 43 -44 45 46 47 48 -49 50
0xe8e5cd08b0ddf596 2239 1 -2 3 4 5 6 7 8 9 10 -11 12 13 -14 15 -16 17 -18 19 20 21 22 -23 24 25 26 -27 -28 -29 30 -31 32 -33 34 35 -36 37 38 -39 40 -41 42 43 -44 45 46 47 48 -49 50
0x3ee825306d576235 2239 1 -2 3 4 5 6 7 8 9 10 -11 12 13 -14 15 -16 17 -18 19 20 21 22 -23 24 25 26 -27 -28 -29 30 -31 32 -33 34 35 -36 37 38 -39 40 -41 42 43 -44 45 46 47 48 -49 50
0xb650b0f8e5348cef 2239 1 -2 3 4 5 6 7 8 9 10 -11 12 13 -14 15 -16 17 -18 19 20 21 22 -23 24 25 26 -27 -28 -29 30 -31 32 -33 34 35 -36 37 38 -39 40 -41 42 43 -44 45 46 47 48 -49 50
0xff4c369d9cb9c079 2239 1 -2 3 4 5 6 7 8 9 10 -11 12 13 -14 15 -16 17 -18 19 20 21 22 -23 24 25 26 -27 -28 -29 30 -31 32 -33 34 35 -36 37 38 -39 40 -41 42 43 -44 45 46 47 48 -49 50
0xb0ac1a64392126fe 2239 1 -2 3 4 5 6 7 8 9 10 -11 12 13 -14 15 -16 17 -18 19 20 21 22 -23 24 25 26 -27 -28 -29 30 -31 32 -33 34 35 -36 37 38 -39 40 -41 42 43 -44 45 46 47 48 -49 50
0x219b70a66e2cedd7 2239 1 -2 3 4 5 6 7 8 9 10 -11 12 13 -14 15 -16 17 -18 19 20 21 22 -23 24 25 26 -27 -28 -29 30 -31 32 -33 34 35 -36 37 38 -39 40 -41 42 43 -44 45 46 47 48 -49 50
0xe718727c947b2f4e 2239 1 -2 3 4 5 6 7 8 9 10 -11 12 13 -14 15 -16 17 -18 19 20 21 22 -23 24 25 26 -27 -28 -29 30 -31 32 -33 34 35 -36 37 38 -39 40 -41 42 43 -44 45 46 47 48 -49 50
0xd3b261481ac6c47d 2239 1 -2 3 4 5 6 7 8 9 10 -11 12 13 -14 15 -16 17 -18 19 20 21 22 -23 24 25 26 -27 -28 -29 30 -31 32 -33 34 35 -36 37 38 -39 40 -41 42 43 -44 45 46 47 48 -49 50
0x1ccc84a3fba4db84 2239 1 -2 3 4 5 6 7 8 9 10 -11 12 13 -14 15 -16 17 -18 19 20 21 22 -23 24 25 26 -27 -28 -29 30 -31 32 -33 34 35 -36 37 38 -39 40 -41 42 43 -44 45 46 47 48 -49 50
0xb4f6f498709c5c90 2239 1 -2 3 4 5 6 7 8 9 10 -11 12 13 -14 15 -16 17 -18 19 20 21 22 -23 24 25 26 -27 -28 -29 30 -31 32 -33 34 35 -36 37 38 -39 40 -41 42 43 -44 45 46 47 48 -49 50
0xae0875a0162bd534 2239 1 -2 3 4 5 6 7 8 9 10 -11 12 13 -14 15 -16 17 -18 19 20 21 22 -23 24 25 26 -27 -28 -29 30 -31 32 -33 34 35 -36 37 38 -39 40 -41 42 43 -44 45 46 47 48 -49 50
0x49a23d76527da81f 2239 1 -2 3 4 5 6 7 8 9 10 -11 12 13 -14 15 -16 17 -18 19 20 21 22 -23 24 25 26 -27 -28 -29 30 -31 32 -33 34 35 -36 37 38 -39 40 -41 42 43 -44 45 46 47 48 -49 50
0x14dfc3a63d649e56 2239 1 -2 3 4 5 6 7 8 9 10 -11 12 13 -14 15 -16 17 -18 19 20 21 22 -23 24 25 26 -27 -28 -29 30 -31 32 -33 34 35 -36 37 38 -39 40 -41 42 43 -44 45 46 47 48 -49 50
0xb40807aedccbf527 2239 1 -2 3 4 5 6 7 8 9 10 -11 12 13 -14 15 -16 17 -18 19 20 21 22 -23 24 25 26 -27 -28 -29 30 -31 32 -33 34 35 -36 37 38 -39 40 -41 42 43 -44 45 46 47 48 -49 50
0x59fc740e85a69525 2239 1 -2 3 4 5 6 7 8 9 10 -11 12 13 -14 15 -16 17 -18 19 20 21 22 -23 24 25 26 -27 -28 -29 30 -31 32 -33 34 35 -36 37 38 -39 40 -41 42 43 -44 45 46 47 48 -49 50
0xb3028a10bc667098 2239 1 -2 3 4 5 6 7 8 9 10 -11 12 13 -14 15 -16 17 -18 19 20 21 22 -23 24 25 26 -27 -28 -29 30 -31 32 -33 34 35 -36 37 38 -39 40 -41 42 43 -44 45 46 47 48 -49 50
0xd905a1cd74ff383a 2239 1 -2 3 4 5 6 7 8 9 10 -11 12 13 -14 15 -16 17 -18 19 20 21 22 -23 24 25 26 -27 -28 -29 30 -31 32 -33 34 35 -36 37 38 -39 40 -41 42 43 -44 45 46 47 48 -49 50
0x5e1f6c6edc57a0b6 2239 1 -2 3 4 5 6 7 8 9 10 -11 12 13 -14 15 -16 17 -18 19 20 21 22 -23 24 25 26 -27 -28 -29 30 -31 32 -33 34 35 -36 37 38 -39 40 -41 42 43 -44 45 46 47 48 -49 50
0x17bbbc61a6af60a8 2239 1 -2 3 4 5 6 7 8 9 10 -11 12 13 -14 15 -16 17 -18 19 20 21 22 -23 24 25 26 -27 -28 -29 30 -31 32 -33 34 35 -36 37 38 -39 40 -41 42 43 -44 45 46 47 48 -49 50
0xb610f908b11d835b 2239 1 -2 3 4 5 6 7 8 9 10 -11 12 13 -14 15 -16 17 -18 19 20 21 22 -23 24 25 26 -27 -28 -29 30 -31 32 -33 34 35 -36 37 38 -39 40 -41 42 43 -44 45 46 47 48 -49 50
0x3d3c477894da13f3 2239 1 -2 3 4 5 6 7 8 9 10 -11 12 13 -14 15 -16 17 -18 19 20 21 22 -23 24 25 26 -27 -28 -29 30 -31 32 -33 34 35 -36 37 38 -39 40 -41 42 43 -44 45 46 47 48 -49 50
0xc36e1d87a4d1fd0b 2239 1 -2 3 4 5 6 7 8 9 10 -11 12 13 -14 15 -16 17 -18 19 20 21 22 -23 24 25 26 -27 -28 -29 30 -31 32 -33 34 35 -36 37 38 -39 40 -41 42 43 -44 45 46 47 48 -49 50
0x83f64682907569f3 2239 1 -2 3 4 5 6 7 8 9 10 -11 12 13 -14 15 -16 17 -18 19 20 21 22 -23 24 25 26 -27 -28 -29 30 -31 32 -33 34 35 -36 37 38 -39 40 -41 42 43 -44 45 46 47 48 -49 50
0x9dfdd8df2e74f415 2239 1 -2 3 4 5 6 7 8 9 10 -11 12 13 -14 15 -16 17 -18 19 20 21 22 -23 24 25 26 -27 -28 -29 30 -31 32 -33 34 35 -36 37 38 -39 40 -41 42 43 -44 45 46 47 48 -49 50
0xb5f4ff0880778625 2239 1 -2 3 4 5 6 7 8 9 10 -11 12 13 -14 15 -16 17 -18 19 20 21 22 -23 24 25 26 -27 -28 -29 30 -31 32 -33 34 35 -36 37 38 -39 40 -41 42 43 -44 45 46 47 48 -49 50
0x9b8a2cab5397ab9b 2239 1 -2 3 4 5 6 7 8 9 10 -11 12 13 -14 15 -16 17 -18 19 20 21 22 -23 24 25 26 -27 -28 -29 30 -31 32 -33 34 35 -36 37 38 -39 40 -41 42 43 -44 45 46 47 48 -49 50
0xff60de44261277b6 2239 1 -2 3 4 5 6 7 8 9 10 -11 12 13 -14 15 -16 17 -18 19 20 21 22 -23 24 25 26 -27 -28 -29 30 -31 32 -33 34 35 -36 37 38 -39 40 -41 42 43 -44 45 46 47 48 -49 50
0x32d5a16edb7cc116 2239 1 -2 3 4 5 6 7 8 9 10 -11 12 13 -14 15 -16 17 -18 19 20 21 22 -23 24 25 26 -27 -28 -29 30 -31 32 -33 34 35 -36 37 38 -39 40 -41 42 43 -44 45 46 47 48 -49 50
0xad02251be654071d 1503 1 -2 3 4 5 6 7 8 -9 10 -11 12 13 -14 15 -16 17 -18 19 20 21 22 -23 24 25 26 -27 -28 -29 30 -31 32 -33 34 35 -36 37 38 -39 40 -41 42 43 -44 45 46 47 48 -49 50