0xb70a48de5178a881 6599 -1 -2 3 -4 5 -6 7 8 -9 10 -11 12 13 14 15 -16 -17 18 -19 -20 21 -22 23 -24 -25 26 27 28 -29 30 31 32 -33 34 -35 36 37 -38 -39 40 -41 42 43 -44 45 46 -47 48 -49 -50
0x6cecee46b4c27a 6599 -1 -2 3 -4 5 -6 7 8 -9 10 -11 12 13 14 15 -16 -17 18 -19 -20 21 -22 23 -24 -25 26 27 28 -29 30 31 32 -33 34 -35 36 37 -38 -39 40 -41 42 43 -44 45 46 -47 48 -49 -50
0x246eef8f56887c05 6599 -1 -2 3 -4 5 -6 7 8 -9 10 -11 12 13 14 15 -16 -17 18 -19 -20 21 -22 23 -24 -25 26 27 28 -29 30 31 32 -33 34 -35 36 37 -38 -39 40 -41 42 43 -44 45 46 -47 48 -49 -50
0xa5e9152b42c38267 6599 -1 -2 3 -4 5 -6 7 8 -9 10 -11 12 13 14 15 -16 -17 18 -19 -20 21 -22 23 -24 -25 26 27 28 -29 30 31 32 -33 34 -35 36 37 -38 -39 40 -41 42 43 -44 45 46 -47 48 -49 -50
0xaf26c0cfb8a00199 6599 -1 -2 3 -4 5 -6 7 8 -9 10 -11 12 13 14 15 -16 -17 18 -19 -20 21 -22 23 -24 -25 26 27 28 -29 30 31 32 -33 34 -35 36 37 -38 -39 40 -41 42 43 -44 45 46 -47 48 -49 -50
0x2a1c6a8afa74856c 6067 -1 -2 -3 -4 5 6 7 8 -9 10 -11 12 13 14 15 -16 17 18 -19 -20 21 -22 23 -24 -25 26 27 28 -29 30 31 32 -33 34 35 36 37 38 -39 40 -41 42 -43 -44 45 46 -47 48 -49 -50
0x245828f697dd0658 6599 -1 -2 3 -4 5 -6 7 8 -9 10 -11 12 13 14 15 -16 -17 18 -19 -20 21 -22 23 -24 -25 26 27 28 -29 30 31 32 -33 34 -35 36 37 -38 -39 40 -41 42 43 -44 45 46 -47 48 -49 -50
0xaba8e6c85509c159 6599 -1 -2 3 -4 5 -6 7 8 -9 10 -11 12 13 14 15 -16 -17 18 -19 -20 21 -22 23 -24 -25 26 27 28 -29 30 31 32 -33 34 -35 36 37 -38 -39 40 -41 42 43 -44 45 46 -47 48 -49 -50
0x855b1e429a100d6f 6067 -1 -2 -3 -4 5 6 7 8 -9 10 -11 12 13 14 15 -16 17 18 -19 -20 21 -22 23 -24 -25 26 27 28 -29 30 31 32 -33 34 35 36 37 38 -39 40 -41 42 -43 -44 45 46 -47 48 -49 -50
0x988364c147fcc11f 6599 -1 -2 3 -4 5 -6 7 8 -9 10 -11 12 13 14 15 -16 -17 18 -19 -20 21 -22 23 -24 -25 26 27 28 -29 30 31 32 -33 34 -35 36 37 -38 -39 40 -41 42 43 -44 45 46 -47 48 -49 -50
0x7ed4c632544e27f2 6599 -1 -2 3 -4 5 -6 7 8 -9 10 -11 12 13 14 15 -16 -17 18 -19 -20 21 -22 23 -24 -25 26 27 28 -29 30 31 32 -33 34 -35 36 37 -38 -39 40 -41 42 43 -44 45 46 -47 48 -49 -50
0x2cc0f0965fbb87f3 6599 -1 -2 3 -4 5 -6 7 8 -9 10 -11 12 13 14 15 -16 -17 18 -19 -20 21 -22 23 -24 -25 26 27 28 -29 30 31 32 -33 34 -35 36 37 -38 -39 40 -41 42 43 -44 45 46 -47 48 -49 -50
0x56e02f8429703733 6599 -1 -2 3 -4 5 -6 7 8 -9 10 -11 12 13 14 15 -16 -17 18 -19 -20 21 -22 23 -24 -25 26 27 28 -29 30 31 32 -33 34 -35 36 37 -38 -39 40 -41 42 43 -44 45 46 -47 48 -49 -50
0x27df37a544204146 6599 -1 -2 3 -4 5 -6 7 8 -9 10 -11 12 13 14 15 -16 -17 18 -19 -20 21 -22 23 -24 -25 26 27 28 -29 30 31 32 -33 34 -35 36 37 -38 -39 40 -41 42 43 -44 45 46 -47 48 -49 -50
0xff70c236ce9c9cc6 6599 -1 -2 3 -4 5 -6 7 8 -9 10 -11 12 13 14 15 -16 -17 18 -19 -20 21 -22 23 -24 -25 26 27 28 -29 30 31 32 -33 34 -35 36 37 -38 -39 40 -41 42 43 -44 45 46 -47 48 -49 -50
0x5000f88d25ccf0cd 6599 -1 -2 3 -4 5 -6 7 8 -9 10 -11 12 13 14 15 -16 -17 18 -19 -20 21 -22 23 -24 -25 26 27 28 -29 30 31 32 -33 34 -35 36 37 -38 -39 40 -41 42 43 -44 45 46 -47 48 -49 -50
0x4628af8b9234ea7d 6599 -1 -2 3 -4 5 -6 7 8 -9 10 -11 12 13 14 15 -16 -17 18 -19 -20 21 -22 23 -24 -25 26 27 28 -29 30 31 32 -33 34 -35 36 37 -38 -39 40 -41 42 43 -44 45 46 -47 48 -49 -50
0xcfc1f7e370cbda8a 6599 -1 -2 3 -4 5 -6 7 8 -9 10 -11 12 13 14 15 -16 -17 18 -19 -20 21 -22 23 -24 -25 26 27 28 -29 30 31 32 -33 34 -35 36 37 -38 -39 40 -41 42 43 -44 45 46 -47 48 -49 -50
0xb41639387f4e2c83 6599 -1 -2 3 -4 5 -6 7 8 -9 10 -11 12 13 14 15 -16 -17 18 -19 -20 21 -22 23 -24 -25 26 27 28 -29 30 31 32 -33 34 -35 36 37 -38 -39 40 -41 42 43 -44 45 46 -47 48 -49 -50
0xffe4ab735d694e6 6599 -1 -2 3 -4 5 -6 7 8 -9 10 -11 12 13 14 15 -16 -17 18 -19 -20 21 -22 23 -24 -25 26 27 28 -29 30 31 32 -33 34 -35 36 37 -38 -39 40 -41 42 43 -44 45 46 -47 48 -49 -50
0xd467633b4adac747 6067 -1 -2 -3 -4 5 6 7 8 -9 10 -11 12 13 14 15 -16 17 18 -19 -20 21 -22 23 -24 -25 26 27 28 -29 30 31 32 -33 34 35 36 37 38 -39 40 -41 42 -43 -44 45 46 -47 48 -49 -50
0xa87796cf25b35e64 6599 -1 -2 3 -4 5 -6 7 8 -9 10 -11 12 13 14 15 -16 -17 18 -19 -20 21 -22 23 -24 -25 26 27 28 -29 30 31 32 -33 34 -35 36 37 -38 -39 40 -41 42 43 -44 45 46 -47 48 -49 -50
0x2ab41e33ea254d9c 6599 -1 -2 3 -4 5 -6 7 8 -9 10 -11 12 13 14 15 -16 -17 18 -19 -20 21 -22 23 -24 -25 26 27 28 -29 30 31 32 -33 34 -35 36 37 -38 -39 40 -41 42 43 -44 45 46 -47 48 -49 -50
0x3e35ee6041e36271 6599 -1 -2 3 -4 5 -6 7 8 -9 10 -11 12 13 14 15 -16 -17 18 -19 -20 21 -22 23 -24 -25 26 27 28 -29 30 31 32 -33 34 -35 36 37 -38 -39 40 -41 42 43 -44 45 46 -47 48 -49 -50
0xc1a9ffbd39dd60b 6067 -1 -2 -3 -4 5 6 7 8 -9 10 -11 12 13 14 15 -16 17 18 -19 -20 21 -22 23 -24 -25 26 27 28 -29 30 31 32 -33 34 35 36 37 38 -39 40 -41 42 -43 -44 45 46 -47 48 -49 -50
0xd09fa6e33575eeb6 6599 -1 -2 3 -4 5 -6 7 8 -9 10 -11 12 13 14 15 -16 -17 18 -19 -20 21 -22 23 -24 -25 26 27 28 -29 30 31 32 -33 34 -35 36 37 -38 -39 40 -41 42 43 -44 45 46 -47 48 -49 -50
0xf295d9a79eebb161 6599 -1 -2 3 -4 5 -6 7 8 -9 10 -11 12 13 14 15 -16 -17 18 -19 -20 21 -22 23 -24 -25 26 27 28 -29 30 31 32 -33 34 -35 36 37 -38 -39 40 -41 42 43 -44 45 46 -47 48 -49 -50
0x431b490eac9ba31f 6599 -1 -2 3 -4 5 -6 7 8 -9 10 -11 12 13 14 15 -16 -17 18 -19 -20 21 -22 23 -24 -25 26 27 28 -29 30 31 32 -33 34 -35 36 37 -38 -39 40 -41 42 43 -44 45 46 -47 48 -49 -50
0x9ac967902e629aa8 6599 -1 -2 3 -4 5 -6 7 8 -9 10 -11 12 13 14 15 -16 -17 18 -19 -20 21 -22 23 -24 -25 26 27 28 -29 30 31 32 -33 34 -35 36 37 -38 -39 40 -41 42 43 -44 45 46 -47 48 -49 -50
0x58c580d936bda1d7 6599 -1 -2 3 -4 5 -6 7 8 -9 10 -11 12 13 14 15 -16 -17 18 -19 -20 21 -22 23 -24 -25 26 27 28 -29 30 31 32 -33 34 -35 36 37 -38 -39 40 -41 42 43 -44 45 46 -47 48 -49 -50