0x7ea207aea511ee24 3132 1 -2 -3 4 -5 -6 7 -8 9 -10 11 -12 -13 -14 -15 16 17 -18 19 20 -21 22 23 -24 -25 -26 27 -28 -29 -30 -31 -32 -33 34 35 36 37 -38 -39 -40 41 -42 43 44 45 46 47 48 49 50
0x4244a73c65807a42 3132 1 -2 -3 4 -5 -6 7 -8 9 -10 11 -12 -13 -14 -15 16 17 -18 19 20 -21 22 23 -24 -25 -26 27 -28 -29 -30 -31 -32 -33 34 35 36 37 -38 -39 -40 41 -42 43 44 45 46 47 48 49 50
0x65e15af377d203b6 3132 1 -2 -3 4 -5 -6 7 -8 9 -10 11 -12 -13 -14 -15 16 17 -18 19 20 -21 22 23 -24 -25 -26 27 -28 -29 -30 -31 -32 -33 34 35 36 37 -38 -39 -40 41 -42 43 44 45 46 47 48 49 50
0xf4b9da3f2ac03c59 3132 1 -2 -3 4 -5 -6 7 -8 9 -10 11 -12 -13 -14 -15 16 17 -18 19 20 -21 22 23 -24 -25 -26 27 -28 -29 -30 -31 -32 -33 34 35 36 37 -38 -39 -40 41 -42 43 44 45 46 47 48 49 50
0x51ea3cba4596926e 3132 1 -2 -3 4 -5 -6 7 -8 9 -10 11 -12 -13 -14 -15 16 17 -18 19 20 -21 22 23 -24 -25 -26 27 -28 -29 -30 -31 -32 -33 34 35 36 37 -38 -39 -40 41 -42 43 44 45 46 47 48 49 50
0xbe34c532aea023fe 3132 1 -2 -3 4 -5 -6 7 -8 9 -10 11 -12 -13 -14 -15 16 17 -18 19 20 -21 22 23 -24 -25 -26 27 -28 -29 -30 -31 -32 -33 34 35 36 37 -38 -39 -40 41 -42 43 44 45 46 47 48 49 50
0x9288d88a57848b00 3132 1 -2 -3 4 -5 -6 7 -8 9 -10 11 -12 -13 -14 -15 16 17 -18 19 20 -21 22 23 -24 -25 -26 27 -28 -29 -30 -31 -32 -33 34 35 36 37 -38 -39 -40 41 -42 43 44 45 46 47 48 49 50
0x8fe5b295d78aed73 3132 1 -2 -3 4 -5 -6 7 -8 9 -10 11 -12 -13 -14 -15 16 17 -18 19 20 -21 22 23 -24 -25 -26 27 -28 -29 -30 -31 -32 -33 34 35 36 37 -38 -39 -40 41 -42 43 44 45 46 47 48 49 50
0x59ab6e906d88527b 3132 1 -2 -3 4 -5 -6 7 -8 9 -10 11 -12 -13 -14 -15 16 17 -18 19 20 -21 22 23 -24 -25 -26 27 -28 -29 -30 -31 -32 -33 34 35 36 37 -38 -39 -40 41 -42 43 44 45 46 47 48 49 50
0xdc7cdac131f0fb08 3132 1 -2 -3 4 -5 -6 7 -8 9 -10 11 -12 -13 -14 -15 16 17 -18 19 20 -21 22 23 -24 -25 -26 27 -28 -29 -30 -31 -32 -33 34 35 36 37 -38 -39 -40 41 -42 43 44 45 46 47 48 49 50
0xa171e80bbd70131 3132 1 -2 -3 4 -5 -6 7 -8 9 -10 11 -12 -13 -14 -15 16 17 -18 19 20 -21 22 23 -24 -25 -26 27 -28 -29 -30 -31 -32 -33 34 35 36 37 -38 -39 -40 41 -42 43 44 45 46 47 48 49 50
0x9e38adfe505d5da3 3132 1 -2 -3 4 -5 -6 7 -8 9 -10 11 -12 -13 -14 -15 16 17 -18 19 20 -21 22 23 -24 -25 -26 27 -28 -29 -30 -31 -32 -33 34 35 36 37 -38 -39 -40 41 -42 43 44 45 46 47 48 49 50
0xf6c8d3992c3a33e6 3132 1 -2 -3 4 -5 -6 7 -8 9 -10 11 -12 -13 -14 -15 16 17 -18 19 20 -21 22 23 -24 -25 -26 27 -28 -29 -30 -31 -32 -33 34 35 36 37 -38 -39 -40 41 -42 43 44 45 46 47 48 49 50
0x5bf1d83cd848df9c 3132 1 -2 -3 4 -5 -6 7 -8 9 -10 11 -12 -13 -14 -15 16 17 -18 19 20 -21 22 23 -24 -25 -26 27 -28 -29 -30 -31 -32 -33 34 35 36 37 -38 -39 -40 41 -42 43 44 45 46 47 48 49 50
0xce25c9571ae2266b 3132 1 -2 -3 4 -5 -6 7 -8 9 -10 11 -12 -13 -14 -15 16 17 -18 19 20 -21 22 23 -24 -25 -26 27 -28 -29 -30 -31 -32 -33 34 35 36 37 -38 -39 -40 41 -42 43 44 45 46 47 48 49 50
0xf9740adfebceeaf6 3132 1 -2 -3 4 -5 -6 7 -8 9 -10 11 -12 -13 -14 -15 16 17 -18 19 20 -21 22 23 -24 -25 -26 27 -28 -29 -30 -31 -32 -33 34 35 36 37 -38 -39 -40 41 -42 43 44 45 46 47 48 49 50
0xa43efd8f1cc89be 3132 1 -2 -3 4 -5 -6 7 -8 9 -10 11 -12 -13 -14 -15 16 17 -18 19 20 -21 22 23 -24 -25 -26 27 -28 -29 -30 -31 -32 -33 34 35 36 37 -38 -39 -40 41 -42 43 44 45 46 47 48 49 50
0x775d4c5116ff4e87 3132 1 -2 -3 4 -5 -6 7 -8 9 -10 11 -12 -13 -14 -15 16 17 -18 19 20 -21 22 23 -24 -25 -26 27 -28 -29 -30 -31 -32 -33 34 35 36 37 -38 -39 -40 41 -42 43 44 45 46 47 48 49 50
0xc9395d48af7b61e6 3132 1 -2 -3 4 -5 -6 7 -8 9 -10 11 -12 -13 -14 -15 16 17 -18 19 20 -21 22 23 -24 -25 -26 27 -28 -29 -30 -31 -32 -33 34 35 36 37 -38 -39 -40 41 -42 43 44 45 46 47 48 49 50
0x2570dbabadbf84d4 3132 1 -2 -3 4 -5 -6 7 -8 9 -10 11 -12 -13 -14 -15 16 17 -18 19 20 -21 22 23 -24 -25 -26 27 -28 -29 -30 -31 -32 -33 34 35 36 37 -38 -39 -40 41 -42 43 44 45 46 47 48 49 50
0xe73c5df3010c1784 2776 1 -2 -3 4 -5 -6 7 -8 -9 -10 11 -12 -13 -14 -15 16 17 -18 19 20 -21 22 23 -24 -25 -26 27 -28 -29 -30 -31 -32 -33 34 35 36 37 -38 -39 -40 41 -42 43 44 45 46 47 48 49 50
0x3186b394a2244f4d 3132 1 -2 -3 4 -5 -6 7 -8 9 -10 11 -12 -13 -14 -15 16 17 -18 19 20 -21 22 23 -24 -25 -26 27 -28 -29 -30 -31 -32 -33 34 35 36 37 -38 -39 -40 41 -42 43 44 45 46 47 48 49 50
0xeba0c03c60d60374 3132 1 -2 -3 4 -5 -6 7 -8 9 -10 11 -12 -13 -14 -15 16 17 -18 19 20 -21 22 23 -24 -25 -26 27 -28 -29 -30 -31 -32 -33 34 35 36 37 -38 -39 -40 41 -42 43 44 45 46 47 48 49 50
0x5c49adae8bcff86 3132 1 -2 -3 4 -5 -6 7 -8 9 -10 11 -12 -13 -14 -15 16 17 -18 19 20 -21 22 23 -24 -25 -26 27 -28 -29 -30 -31 -32 -33 34 35 36 37 -38 -39 -40 41 -42 43 44 45 46 47 48 49 50
0x25e5c5949125bbfb 3132 1 -2 -3 4 -5 -6 7 -8 9 -10 11 -12 -13 -14 -15 16 17 -18 19 20 -21 22 23 -24 -25 -26 27 -28 -29 -30 -31 -32 -33 34 35 36 37 -38 -39 -40 41 -42 43 44 45 46 47 48 49 50
0xd714bbd5ff591af2 2776 1 -2 -3 4 -5 -6 7 -8 -9 -10 11 -12 -13 -14 -15 16 17 -18 19 20 -21 22 23 -24 -25 -26 27 -28 -29 -30 -31 -32 -33 34 35 36 37 -38 -39 -40 41 -42 43 44 45 46 47 48 49 50
0xbf9b8afb08c800 3132 1 -2 -3 4 -5 -6 7 -8 9 -10 11 -12 -13 -14 -15 16 17 -18 19 20 -21 22 23 -24 -25 -26 27 -28 -29 -30 -31 -32 -33 34 35 36 37 -38 -39 -40 41 -42 43 44 45 46 47 48 49 50
0xf3e7bcb2f4e2abc 3132 1 -2 -3 4 -5 -6 7 -8 9 -10 11 -12 -13 -14 -15 16 17 -18 19 20 -21 22 23 -24 -25 -26 27 -28 -29 -30 -31 -32 -33 34 35 36 37 -38 -39 -40 41 -42 43 44 45 46 47 48 49 50
0x57702d16476a5344 3132 1 -2 -3 4 -5 -6 7 -8 9 -10 11 -12 -13 -14 -15 16 17 -18 19 20 -21 22 23 -24 -25 -26 27 -28 -29 -30 -31 -32 -33 34 35 36 37 -38 -39 -40 41 -42 43 44 45 46 47 48 49 50
0xb1cde4212551b3dc 3132 1 -2 -3 4 -5 -6 7 -8 9 -10 11 -12 -13 -14 -15 16 17 -18 19 20 -21 22 23 -24 -25 -26 27 -28 -29 -30 -31 -32 -33 34 35 36 37 -38 -39 -40 41 -42 43 44 45 46 47 48 49 50