0xa100fd311d9079c0 10288 1 2 3 4 5 6 7 -8 9 10 11 -12 -13 14 -15 16 -17 -18 19 20 21 -22 23 24 -25 26 27 -28 -29 30 31 -32 -33 34 -35 36 37 -38 39 -40 -41 42 -43 44 -45 46 -47 48 -49 -50
0xad0cba6cb6198e60 9487 1 2 3 4 5 6 7 -8 9 10 11 -12 -13 14 -15 16 -17 -18 19 20 21 -22 23 24 -25 26 27 -28 -29 30 31 -32 -33 34 -35 36 37 -38 39 -40 -41 -42 -43 44 -45 46 -47 48 -49 -50
0xd21c0ef124eb0f87 10288 1 2 3 4 5 6 7 -8 9 10 11 -12 -13 14 -15 16 -17 -18 19 20 21 -22 23 24 -25 26 27 -28 -29 30 31 -32 -33 34 -35 36 37 -38 39 -40 -41 42 -43 44 -45 46 -47 48 -49 -50
0x34d2555ed254503d 10288 1 2 3 4 5 6 7 -8 9 10 11 -12 -13 14 -15 16 -17 -18 19 20 21 -22 23 24 -25 26 27 -28 -29 30 31 -32 -33 34 -35 36 37 -38 39 -40 -41 42 -43 44 -45 46 -47 48 -49 -50
0x5576b1695fdcb21f 10288 1 2 3 4 5 6 7 -8 9 10 11 -12 -13 14 -15 16 -17 -18 19 20 21 -22 23 24 -25 26 27 -28 -29 30 31 -32 -33 34 -35 36 37 -38 39 -40 -41 42 -43 44 -45 46 -47 48 -49 -50
0x49e6ded4ac2a2253 9345 1 2 3 4 5 6 7 -8 9 10 11 -12 -13 14 -15 16 -17 -18 19 20 21 -22 23 24 -25 26 27 -28 -29 30 31 -32 -33 34 -35 36 -37 -38 39 -40 -41 42 -43 44 -45 46 -47 48 -49 -50
0x83c3225b6fcf4345 9286 1 2 3 4 5 -6 7 -8 9 10 11 -12 -13 -14 -15 16 -17 -18 19 20 21 -22 23 24 -25 26 27 -28 -29 30 31 -32 -33 34 -35 36 37 -38 39 -40 -41 42 -43 44 -45 46 -47 48 -49 -50
0xdbcf0a1298e86ecd 9103 -1 2 3 4 -5 6 7 -8 -9 10 11 -12 -13 -14 -15 16 -17 -18 19 20 21 -22 23 24 -25 26 27 -28 -29 30 31 -32 -33 34 -35 36 37 -38 39 -40 -41 42 -43 44 -45 46 -47 48 -49 -50
0xe9c0f94932737de6 10288 1 2 3 4 5 6 7 -8 9 10 11 -12 -13 14 -15 16 -17 -18 19 20 21 -22 23 24 -25 26 27 -28 -29 30 31 -32 -33 34 -35 36 37 -38 39 -40 -41 42 -43 44 -45 46 -47 48 -49 -50
0x57dd6fff69aa3a30 10288 1 2 3 4 5 6 7 -8 9 10 11 -12 -13 14 -15 16 -17 -18 19 20 21 -22 23 24 -25 26 27 -28 -29 30 31 -32 -33 34 -35 36 37 -38 39 -40 -41 42 -43 44 -45 46 -47 48 -49 -50
0x6b80a268f8b4df6d 10288 1 2 3 4 5 6 7 -8 9 10 11 -12 -13 14 -15 16 -17 -18 19 20 21 -22 23 24 -25 26 27 -28 -29 30 31 -32 -33 34 -35 36 37 -38 39 -40 -41 42 -43 44 -45 46 -47 48 -49 -50
0x9ec460710a4aad05 9286 1 2 3 4 5 -6 7 -8 9 10 11 -12 -13 -14 -15 16 -17 -18 19 20 21 -22 23 24 -25 26 27 -28 -29 30 31 -32 -33 34 -35 36 37 -38 39 -40 -41 42 -43 44 -45 46 -47 48 -49 -50
0x16b04d3308168784 10288 1 2 3 4 5 6 7 -8 9 10 11 -12 -13 14 -15 16 -17 -18 19 20 21 -22 23 24 -25 26 27 -28 -29 30 31 -32 -33 34 -35 36 37 -38 39 -40 -41 42 -43 44 -45 46 -47 48 -49 -50
0x6e8c7ded526bd6db 10288 1 2 3 4 5 6 7 -8 9 10 11 -12 -13 14 -15 16 -17 -18 19 20 21 -22 23 24 -25 26 27 -28 -29 30 31 -32 -33 34 -35 36 37 -38 39 -40 -41 42 -43 44 -45 46 -47 48 -49 -50
0xf9d85a242d338fb8 9410 1 2 3 4 5 -6 7 -8 9 10 11 -12 -13 14 -15 16 -17 -18 19 20 21 -22 23 24 -25 26 27 -28 -29 30 31 -32 -33 34 -35 36 37 -38 39 -40 -41 42 -43 44 -45 46 -47 48 -49 -50
0x85430ee1f809721f 9487 1 2 3 4 5 6 7 -8 9 10 11 -12 -13 14 -15 16 -17 -18 19 20 21 -22 23 24 -25 26 27 -28 -29 30 31 -32 -33 34 -35 36 37 -38 39 -40 -41 -42 -43 44 -45 46 -47 48 -49 -50
0xd9482b4dbd039226 10288 1 2 3 4 5 6 7 -8 9 10 11 -12 -13 14 -15 16 -17 -18 19 20 21 -22 23 24 -25 26 27 -28 -29 30 31 -32 -33 34 -35 36 37 -38 39 -40 -41 42 -43 44 -45 46 -47 48 -49 -50
0xb4b9b328e6349ee4 10288 1 2 3 4 5 6 7 -8 9 10 11 -12 -13 14 -15 16 -17 -18 19 20 21 -22 23 24 -25 26 27 -28 -29 30 31 -32 -33 34 -35 36 37 -38 39 -40 -41 42 -43 44 -45 46 -47 48 -49 -50
0xd28d8a425eb7a7f7 10288 1 2 3 4 5 6 7 -8 9 10 11 -12 -13 14 -15 16 -17 -18 19 20 21 -22 23 24 -25 26 27 -28 -29 30 31 -32 -33 34 -35 36 37 -38 39 -40 -41 42 -43 44 -45 46 -47 48 -49 -50
0xed2ab000380772fe 10288 1 2 3 4 5 6 7 -8 9 10 11 -12 -13 14 -15 16 -17 -18 19 20 21 -22 23 24 -25 26 27 -28 -29 30 31 -32 -33 34 -35 36 37 -38 39 -40 -41 42 -43 44 -45 46 -47 48 -49 -50
0x5f744adcc207611e 9487 1 2 3 4 5 6 7 -8 9 10 11 -12 -13 14 -15 16 -17 -18 19 20 21 -22 23 24 -25 26 27 -28 -29 30 31 -32 -33 34 -35 36 37 -38 39 -40 -41 -42 -43 44 -45 46 -47 48 -49 -50
0x91083e6c063e480 10288 1 2 3 4 5 6 7 -8 9 10 11 -12 -13 14 -15 16 -17 -18 19 20 21 -22 23 24 -25 26 27 -28 -29 30 31 -32 -33 34 -35 36 37 -38 39 -40 -41 42 -43 44 -45 46 -47 48 -49 -50
0x58a9323ffc3085cf 9227 -1 2 3 4 -5 6 7 -8 -9 10 11 -12 -13 14 -15 16 -17 -18 19 20 21 -22 23 24 -25 26 27 -28 -29 30 31 -32 -33 34 -35 36 37 -38 39 -40 -41 42 -43 44 -45 46 -47 48 -49 -50
0xd424569cdce979bc 9410 1 2 3 4 5 -6 7 -8 9 10 11 -12 -13 14 -15 16 -17 -18 19 20 21 -22 23 24 -25 26 27 -28 -29 30 31 -32 -33 34 -35 36 37 -38 39 -40 -41 42 -43 44 -45 46 -47 48 -49 -50
0x241266c8f83ec67b 10288 1 2 3 4 5 6 7 -8 9 10 11 -12 -13 14 -15 16 -17 -18 19 20 21 -22 23 24 -25 26 27 -28 -29 30 31 -32 -33 34 -35 36 37 -38 39 -40 -41 42 -43 44 -45 46 -47 48 -49 -50
0x8cd06920a44ef945 10288 1 2 3 4 5 6 7 -8 9 10 11 -12 -13 14 -15 16 -17 -18 19 20 21 -22 23 24 -25 26 27 -28 -29 30 31 -32 -33 34 -35 36 37 -38 39 -40 -41 42 -43 44 -45 46 -47 48 -49 -50
0xdd1be0168c376bd7 10288 1 2 3 4 5 6 7 -8 9 10 11 -12 -13 14 -15 16 -17 -18 19 20 21 -22 23 24 -25 26 27 -28 -29 30 31 -32 -33 34 -35 36 37 -38 39 -40 -41 42 -43 44 -45 46 -47 48 -49 -50
0x2f1685b1132019f0 10288 1 2 3 4 5 6 7 -8 9 10 11 -12 -13 14 -15 16 -17 -18 19 20 21 -22 23 24 -25 26 27 -28 -29 30 31 -32 -33 34 -35 36 37 -38 39 -40 -41 42 -43 44 -45 46 -47 48 -49 -50
0x3e579e09235e4e66 9487 1 2 3 4 5 6 7 -8 9 10 11 -12 -13 14 -15 16 -17 -18 19 20 21 -22 23 24 -25 26 27 -28 -29 30 31 -32 -33 34 -35 36 37 -38 39 -40 -41 -42 -43 44 -45 46 -47 48 -49 -50
0x28d344023bd2b7dc 9410 1 2 3 4 5 -6 7 -8 9 10 11 -12 -13 14 -15 16 -17 -18 19 20 21 -22 23 24 -25 26 27 -28 -29 30 31 -32 -33 34 -35 36 37 -38 39 -40 -41 42 -43 44 -45 46 -47 48 -49 -50