0xf36c4dd5b60827e3 4360 -1 -2 3 -4 -5 -6 -7 8 9 -10 11 -12 -13 14 15 -16 17 18 -19 20 21 -22 23 -24 25 -26 -27 28 -29 30 -31 -32 33 -34 -35 36 -37 38 -39 -40 -41 42 43 -44 45 -46 47 -48 49 -50
0xeb522afeb31f5eb0 4360 -1 -2 3 -4 -5 -6 -7 8 9 -10 11 -12 -13 14 15 -16 17 18 -19 20 21 -22 23 -24 25 -26 -27 28 -29 30 -31 -32 33 -34 -35 36 -37 38 -39 -40 -41 42 43 -44 45 -46 47 -48 49 -50
0x8e1cba27a921c662 4360 -1 -2 3 -4 -5 -6 -7 8 9 -10 11 -12 -13 14 15 -16 17 18 -19 20 21 -22 23 -24 25 -26 -27 28 -29 30 -31 -32 33 -34 -35 36 -37 38 -39 -40 -41 42 43 -44 45 -46 47 -48 49 -50
0x7b4a8f4717baac56 4156 -1 -2 3 -4 -5 -6 -7 8 9 -10 11 -12 -13 14 15 -16 17 18 -19 20 21 -22 23 -24 -25 -26 -27 28 -29 30 -31 -32 33 -34 -35 36 -37 38 -39 -40 -41 42 43 -44 45 -46 47 -48 49 -50
0x52f0d4c854cfa54e 4360 -1 -2 3 -4 -5 -6 -7 8 9 -10 11 -12 -13 14 15 -16 17 18 -19 20 21 -22 23 -24 25 -26 -27 28 -29 30 -31 -32 33 -34 -35 36 -37 38 -39 -40 -41 42 43 -44 45 -46 47 -48 49 -50
0x70124b08971856ef 4156 -1 -2 3 -4 -5 -6 -7 8 9 -10 11 -12 -13 14 15 -16 17 18 -19 20 21 -22 23 -24 -25 -26 -27 28 -29 30 -31 -32 33 -34 -35 36 -37 38 -39 -40 -41 42 43 -44 45 -46 47 -48 49 -50
0x92c197dd84275143 4360 -1 -2 3 -4 -5 -6 -7 8 9 -10 11 -12 -13 14 15 -16 17 18 -19 20 21 -22 23 -24 25 -26 -27 28 -29 30 -31 -32 33 -34 -35 36 -37 38 -39 -40 -41 42 43 -44 45 -46 47 -48 49 -50
0x4e1ce60d1fd9f836 4360 -1 -2 3 -4 -5 -6 -7 8 9 -10 11 -12 -13 14 15 -16 17 18 -19 20 21 -22 23 -24 25 -26 -27 28 -29 30 -31 -32 33 -34 -35 36 -37 38 -39 -40 -41 42 43 -44 45 -46 47 -48 49 -50
0xd170d4cf9d657d1a 4360 -1 -2 3 -4 -5 -6 -7 8 9 -10 11 -12 -13 14 15 -16 17 18 -19 20 21 -22 23 -24 25 -26 -27 28 -29 30 -31 -32 33 -34 -35 36 -37 38 -39 -40 -41 42 43 -44 45 -46 47 -48 49 -50
0xdf10b7584c76e825 4360 -1 -2 3 -4 -5 -6 -7 8 9 -10 11 -12 -13 14 15 -16 17 18 -19 20 21 -22 23 -24 25 -26 -27 28 -29 30 -31 -32 33 -34 -35 36 -37 38 -39 -40 -41 42 43 -44 45 -46 47 -48 49 -50
0x76b22445af1c31ef 4360 -1 -2 3 -4 -5 -6 -7 8 9 -10 11 -12 -13 14 15 -16 17 18 -19 20 21 -22 23 -24 25 -26 -27 28 -29 30 -31 -32 33 -34 -35 36 -37 38 -39 -40 -41 42 43 -44 45 -46 47 -48 49 -50
0xe459d531af6c6cf7 4360 -1 -2 3 -4 -5 -6 -7 8 9 -10 11 -12 -13 14 15 -16 17 18 -19 20 21 -22 23 -24 25 -26 -27 28 -29 30 -31 -32 33 -34 -35 36 -37 38 -39 -40 -41 42 43 -44 45 -46 47 -48 49 -50
0x8827d626ee24ff1e 4360 -1 -2 3 -4 -5 -6 -7 8 9 -10 11 -12 -13 14 15 -16 17 18 -19 20 21 -22 23 -24 25 -26 -27 28 -29 30 -31 -32 33 -34 -35 36 -37 38 -39 -40 -41 42 43 -44 45 -46 47 -48 49 -50
0xc69105233db1eb28 4360 -1 -2 3 -4 -5 -6 -7 8 9 -10 11 -12 -13 14 15 -16 17 18 -19 20 21 -22 23 -24 25 -26 -27 28 -29 30 -31 -32 33 -34 -35 36 -37 38 -39 -40 -41 42 43 -44 45 -46 47 -48 49 -50
0x23d3e1988f572a40 4360 -1 -2 3 -4 -5 -6 -7 8 9 -10 11 -12 -13 14 15 -16 17 18 -19 20 21 -22 23 -24 25 -26 -27 28 -29 30 -31 -32 33 -34 -35 36 -37 38 -39 -40 -41 42 43 -44 45 -46 47 -48 49 -50
0x98b6abefe2711573 4360 -1 -2 3 -4 -5 -6 -7 8 9 -10 11 -12 -13 14 15 -16 17 18 -19 20 21 -22 23 -24 25 -26 -27 28 -29 30 -31 -32 33 -34 -35 36 -37 38 -39 -40 -41 42 43 -44 45 -46 47 -48 49 -50
0xb1dcd5032801df32 4360 -1 -2 3 -4 -5 -6 -7 8 9 -10 11 -12 -13 14 15 -16 17 18 -19 20 21 -22 23 -24 25 -26 -27 28 -29 30 -31 -32 33 -34 -35 36 -37 38 -39 -40 -41 42 43 -44 45 -46 47 -48 49 -50
0x641bda187021cd2 4156 -1 -2 3 -4 -5 -6 -7 8 9 -10 11 -12 -13 14 15 -16 17 18 -19 20 21 -22 23 -24 -25 -26 -27 28 -29 30 -31 -32 33 -34 -35 36 -37 38 -39 -40 -41 42 43 -44 45 -46 47 -48 49 -50
0x4a6c60e002a600d 4360 -1 -2 3 -4 -5 -6 -7 8 9 -10 11 -12 -13 14 15 -16 17 18 -19 20 21 -22 23 -24 25 -26 -27 28 -29 30 -31 -32 33 -34 -35 36 -37 38 -39 -40 -41 42 43 -44 45 -46 47 -48 49 -50
0x302ad7e1a2be081 4360 -1 -2 3 -4 -5 -6 -7 8 9 -10 11 -12 -13 14 15 -16 17 18 -19 20 21 -22 23 -24 25 -26 -27 28 -29 30 -31 -32 33 -34 -35 36 -37 38 -39 -40 -41 42 43 -44 45 -46 47 -48 49 -50
0xde40419e018e352e 4360 -1 -2 3 -4 -5 -6 -7 8 9 -10 11 -12 -13 14 15 -16 17 18 -19 20 21 -22 23 -24 25 -26 -27 28 -29 30 -31 -32 33 -34 -35 36 -37 38 -39 -40 -41 42 43 -44 45 -46 47 -48 49 -50
0x53da5e0d61a81dfa 4360 -1 -2 3 -4 -5 -6 -7 8 9 -10 11 -12 -13 14 15 -16 17 18 -19 20 21 -22 23 -24 25 -26 -27 28 -29 30 -31 -32 33 -34 -35 36 -37 38 -39 -40 -41 42 43 -44 45 -46 47 -48 49 -50
0x92233bdd2e695d2e 4156 -1 -2 3 -4 -5 -6 -7 8 9 -10 11 -12 -13 14 15 -16 17 18 -19 20 21 -22 23 -24 -25 -26 -27 28 -29 30 -31 -32 33 -34 -35 36 -37 38 -39 -40 -41 42 43 -44 45 -46 47 -48 49 -50
0x47451114a0eba0f8 4360 -1 -2 3 -4 -5 -6 -7 8 9 -10 11 -12 -13 14 15 -16 17 18 -19 20 21 -22 23 -24 25 -26 -27 28 -29 30 -31 -32 33 -34 -35 36 -37 38 -39 -40 -41 42 43 -44 45 -46 47 -48 49 -50
0xba4a002fcb007cea 4360 -1 -2 3 -4 -5 -6 -7 8 9 -10 11 -12 -13 14 15 -16 17 18 -19 20 21 -22 23 -24 25 -26 -27 28 -29 30 -31 -32 33 -34 -35 36 -37 38 -39 -40 -41 42 43 -44 45 -46 47 -48 49 -50
0x34b9579d60327377 4360 -1 -2 3 -4 -5 -6 -7 8 9 -10 11 -12 -13 14 15 -16 17 18 -19 20 21 -22 23 -24 25 -26 -27 28 -29 30 -31 -32 33 -34 -35 36 -37 38 -39 -40 -41 42 43 -44 45 -46 47 -48 49 -50
0x3698213da4ef0f7b 4360 -1 -2 3 -4 -5 -6 -7 8 9 -10 11 -12 -13 14 15 -16 17 18 -19 20 21 -22 23 -24 25 -26 -27 28 -29 30 -31 -32 33 -34 -35 36 -37 38 -39 -40 -41 42 43 -44 45 -46 47 -48 49 -50
0x99db01ebded00db2 4360 -1 -2 3 -4 -5 -6 -7 8 9 -10 11 -12 -13 14 15 -16 17 18 -19 20 21 -22 23 -24 25 -26 -27 28 -29 30 -31 -32 33 -34 -35 36 -37 38 -39 -40 -41 42 43 -44 45 -46 47 -48 49 -50
0xed9768ef2339963e 4360 -1 -2 3 -4 -5 -6 -7 8 9 -10 11 -12 -13 14 15 -16 17 18 -19 20 21 -22 23 -24 25 -26 -27 28 -29 30 -31 -32 33 -34 -35 36 -37 38 -39 -40 -41 42 43 -44 45 -46 47 -48 49 -50
0xec820f88fbc38623 4360 -1 -2 3 -4 -5 -6 -7 8 9 -10 11 -12 -13 14 15 -16 17 18 -19 20 21 -22 23 -24 25 -26 -27 28 -29 30 -31 -32 33 -34 -35 36 -37 38 -39 -40 -41 42 43 -44 45 -46 47 -48 49 -50