0xa5a05733e1a444a5 1092 -1 2 -3 4 -5 -6 -7 8 9 10 -11 12 13 -14 -15 16 -17 -18 -19 20 21 -22 23 24 25 26 27 28 29 -30 -31 32 33 -34 35 -36 -37 -38 39 40 -41 -42 43 -44 -45 -46 47 48 -49 50
0xd80b9319fbb3ac02 1092 -1 2 -3 4 -5 -6 -7 8 9 10 -11 12 13 -14 -15 16 -17 -18 -19 20 21 -22 23 24 25 26 27 28 29 -30 -31 32 33 -34 35 -36 -37 -38 39 40 -41 -42 43 -44 -45 -46 47 48 -49 50
0x47a5ae99c22b7209 1092 -1 2 -3 4 -5 -6 -7 8 9 10 -11 12 13 -14 -15 16 -17 -18 -19 20 21 -22 23 24 25 26 27 28 29 -30 -31 32 33 -34 35 -36 -37 -38 39 40 -41 -42 43 -44 -45 -46 47 48 -49 50
0x809c2f1111305309 1092 -1 2 -3 4 -5 -6 -7 8 9 10 -11 12 13 -14 -15 16 -17 -18 -19 20 21 -22 23 24 25 26 27 28 29 -30 -31 32 33 -34 35 -36 -37 -38 39 40 -41 -42 43 -44 -45 -46 47 48 -49 50
0x835e9994275831cf 1092 -1 2 -3 4 -5 -6 -7 8 9 10 -11 12 13 -14 -15 16 -17 -18 -19 20 21 -22 23 24 25 26 27 28 29 -30 -31 32 33 -34 35 -36 -37 -38 39 40 -41 -42 43 -44 -45 -46 47 48 -49 50
0x616b0258fef9372c 1092 -1 2 -3 4 -5 -6 -7 8 9 10 -11 12 13 -14 -15 16 -17 -18 -19 20 21 -22 23 24 25 26 27 28 29 -30 -31 32 33 -34 35 -36 -37 -38 39 40 -41 -42 43 -44 -45 -46 47 48 -49 50
0xc9ffad6ec9bb1301 1092 -1 2 -3 4 -5 -6 -7 8 9 10 -11 12 13 -14 -15 16 -17 -18 -19 20 21 -22 23 24 25 26 27 28 29 -30 -31 32 33 -34 35 -36 -37 -38 39 40 -41 -42 43 -44 -45 -46 47 48 -49 50
0xe9bfbe1c77db34e5 1092 -1 2 -3 4 -5 -6 -7 8 9 10 -11 12 13 -14 -15 16 -17 -18 -19 20 21 -22 23 24 25 26 27 28 29 -30 -31 32 33 -34 35 -36 -37 -38 39 40 -41 -42 43 -44 -45 -46 47 48 -49 50
0x64255e1b263a29fa 1092 -1 2 -3 4 -5 -6 -7 8 9 10 -11 12 13 -14 -15 16 -17 -18 -19 20 21 -22 23 24 25 26 27 28 29 -30 -31 32 33 -34 35 -36 -37 -38 39 40 -41 -42 43 -44 -45 -46 47 48 -49 50
0x55b18063e0a665e4 1092 -1 2 -3 4 -5 -6 -7 8 9 10 -11 12 13 -14 -15 16 -17 -18 -19 20 21 -22 23 24 25 26 27 28 29 -30 -31 32 33 -34 35 -36 -37 -38 39 40 -41 -42 43 -44 -45 -46 47 48 -49 50
0xba554a859b94dd4b 1092 -1 2 -3 4 -5 -6 -7 8 9 10 -11 12 13 -14 -15 16 -17 -18 -19 20 21 -22 23 24 25 26 27 28 29 -30 -31 32 33 -34 35 -36 -37 -38 39 40 -41 -42 43 -44 -45 -46 47 48 -49 50
0x85bfebc13429298d 1092 -1 2 -3 4 -5 -6 -7 8 9 10 -11 12 13 -14 -15 16 -17 -18 -19 20 21 -22 23 24 25 26 27 28 29 -30 -31 32 33 -34 35 -36 -37 -38 39 40 -41 -42 43 -44 -45 -46 47 48 -49 50
0x8ae9449e93dd8e1 1092 -1 2 -3 4 -5 -6 -7 8 9 10 -11 12 13 -14 -15 16 -17 -18 -19 20 21 -22 23 24 25 26 27 28 29 -30 -31 32 33 -34 35 -36 -37 -38 39 40 -41 -42 43 -44 -45 -46 47 48 -49 50
0x3798b7897936353e 1092 -1 2 -3 4 -5 -6 -7 8 9 10 -11 12 13 -14 -15 16 -17 -18 -19 20 21 -22 23 24 25 26 27 28 29 -30 -31 32 33 -34 35 -36 -37 -38 39 40 -41 -42 43 -44 -45 -46 47 48 -49 50
0xb5adf8069373df73 1092 -1 2 -3 4 -5 -6 -7 8 9 10 -11 12 13 -14 -15 16 -17 -18 -19 20 21 -22 23 24 25 26 27 28 29 -30 -31 32 33 -34 35 -36 -37 -38 39 40 -41 -42 43 -44 -45 -46 47 48 -49 50
0xfc6255605435f93c 1092 -1 2 -3 4 -5 -6 -7 8 9 10 -11 12 13 -14 -15 16 -17 -18 -19 20 21 -22 23 24 25 26 27 28 29 -30 -31 32 33 -34 35 -36 -37 -38 39 40 -41 -42 43 -44 -45 -46 47 48 -49 50
0x7dbcc37fa2fa9584 1092 -1 2 -3 4 -5 -6 -7 8 9 10 -11 12 13 -14 -15 16 -17 -18 -19 20 21 -22 23 24 25 26 27 28 29 -30 -31 32 33 -34 35 -36 -37 -38 39 40 -41 -42 43 -44 -45 -46 47 48 -49 50
0x56e1681b38c3cc4a 1092 -1 2 -3 4 -5 -6 -7 8 9 10 -11 12 13 -14 -15 16 -17 -18 -19 20 21 -22 23 24 25 26 27 28 29 -30 -31 32 33 -34 35 -36 -37 -38 39 40 -41 -42 43 -44 -45 -46 47 48 -49 50
0x58e4645e31a3a87b 1092 -1 2 -3 4 -5 -6 -7 8 9 10 -11 12 13 -14 -15 16 -17 -18 -19 20 21 -22 23 24 25 26 27 28 29 -30 -31 32 33 -34 35 -36 -37 -38 39 40 -41 -42 43 -44 -45 -46 47 48 -49 50
0x884860c876c14bcb 1092 -1 2 -3 4 -5 -6 -7 8 9 10 -11 12 13 -14 -15 16 -17 -18 -19 20 21 -22 23 24 25 26 27 28 29 -30 -31 32 33 -34 35 -36 -37 -38 39 40 -41 -42 43 -44 -45 -46 47 48 -49 50
0x6d73c0adc684dc30 1092 -1 2 -3 4 -5 -6 -7 8 9 10 -11 12 13 -14 -15 16 -17 -18 -19 20 21 -22 23 24 25 26 27 28 29 -30 -31 32 33 -34 35 -36 -37 -38 39 40 -41 -42 43 -44 -45 -46 47 48 -49 50
0x5c98a5b5ff860163 1092 -1 2 -3 4 -5 -6 -7 8 9 10 -11 12 13 -14 -15 16 -17 -18 -19 20 21 -22 23 24 25 26 27 28 29 -30 -31 32 33 -34 35 -36 -37 -38 39 40 -41 -42 43 -44 -45 -46 47 48 -49 50
0x7b6dc35d9842f264 1092 -1 2 -3 4 -5 -6 -7 8 9 10 -11 12 13 -14 -15 16 -17 -18 -19 20 21 -22 23 24 25 26 27 28 29 -30 -31 32 33 -34 35 -36 -37 -38 39 40 -41 -42 43 -44 -45 -46 47 48 -49 50
0xbc560274e5e612f4 1092 -1 2 -3 4 -5 -6 -7 8 9 10 -11 12 13 -14 -15 16 -17 -18 -19 20 21 -22 23 24 25 26 27 28 29 -30 -31 32 33 -34 35 -36 -37 -38 39 40 -41 -42 43 -44 -45 -46 47 48 -49 50
0x2fd4f49ee4a0211b 1092 -1 2 -3 4 -5 -6 -7 8 9 10 -11 12 13 -14 -15 16 -17 -18 -19 20 21 -22 23 24 25 26 27 28 29 -30 -31 32 33 -34 35 -36 -37 -38 39 40 -41 -42 43 -44 -45 -46 47 48 -49 50
0xee6e17d39c5cf2a2 1092 -1 2 -3 4 -5 -6 -7 8 9 10 -11 12 13 -14 -15 16 -17 -18 -19 20 21 -22 23 24 25 26 27 28 29 -30 -31 32 33 -34 35 -36 -37 -38 39 40 -41 -42 43 -44 -45 -46 47 48 -49 50
0x33ba25c805487eda 1092 -1 2 -3 4 -5 -6 -7 8 9 10 -11 12 13 -14 -15 16 -17 -18 -19 20 21 -22 23 24 25 26 27 28 29 -30 -31 32 33 -34 35 -36 -37 -38 39 40 -41 -42 43 -44 -45 -46 47 48 -49 50
0xb5902e56263b49c4 1092 -1 2 -3 4 -5 -6 -7 8 9 10 -11 12 13 -14 -15 16 -17 -18 -19 20 21 -22 23 24 25 26 27 28 29 -30 -31 32 33 -34 35 -36 -37 -38 39 40 -41 -42 43 -44 -45 -46 47 48 -49 50
0xdb58b1fb492b110d 1092 -1 2 -3 4 -5 -6 -7 8 9 10 -11 12 13 -14 -15 16 -17 -18 -19 20 21 -22 23 24 25 26 27 28 29 -30 -31 32 33 -34 35 -36 -37 -38 39 40 -41 -42 43 -44 -45 -46 47 48 -49 50
0xfa5c0f365e134292 1092 -1 2 -3 4 -5 -6 -7 8 9 10 -11 12 13 -14 -15 16 -17 -18 -19 20 21 -22 23 24 25 26 27 28 29 -30 -31 32 33 -34 35 -36 -37 -38 39 40 -41 -42 43 -44 -45 -46 47 48 -49 50