0xdb4321558196b26b 4457 1 2 3 -4 -5 6 -7 -8 -9 -10 11 12 -13 -14 -15 -16 17 18 -19 20 21 -22 -23 24 25 -26 -27 -28 29 30 -31 32 -33 -34 35 -36 37 38 -39 40 41 -42 43 -44 45 46 -47 48 -49 50
0x674fe850ebd849fd 4457 1 2 3 -4 -5 6 -7 -8 -9 -10 11 12 -13 -14 -15 -16 17 18 -19 20 21 -22 -23 24 25 -26 -27 -28 29 30 -31 32 -33 -34 35 -36 37 38 -39 40 41 -42 43 -44 45 46 -47 48 -49 50
0x7e2347637bcabc40 4457 1 2 3 -4 -5 6 -7 -8 -9 -10 11 12 -13 -14 -15 -16 17 18 -19 20 21 -22 -23 24 25 -26 -27 -28 29 30 -31 32 -33 -34 35 -36 37 38 -39 40 41 -42 43 -44 45 46 -47 48 -49 50
0x6334feb5edd7f7c7 4457 1 2 3 -4 -5 6 -7 -8 -9 -10 11 12 -13 -14 -15 -16 17 18 -19 20 21 -22 -23 24 25 -26 -27 -28 29 30 -31 32 -33 -34 35 -36 37 38 -39 40 41 -42 43 -44 45 46 -47 48 -49 50
0xb4a4160471b6ce4c 4457 1 2 3 -4 -5 6 -7 -8 -9 -10 11 12 -13 -14 -15 -16 17 18 -19 20 21 -22 -23 24 25 -26 -27 -28 29 30 -31 32 -33 -34 35 -36 37 38 -39 40 41 -42 43 -44 45 46 -47 48 -49 50
0x84ab902d51175c2d 4457 1 2 3 -4 -5 6 -7 -8 -9 -10 11 12 -13 -14 -15 -16 17 18 -19 20 21 -22 -23 24 25 -26 -27 -28 29 30 -31 32 -33 -34 35 -36 37 38 -39 40 41 -42 43 -44 45 46 -47 48 -49 50
0xede62d80377eee61 4457 1 2 3 -4 -5 6 -7 -8 -9 -10 11 12 -13 -14 -15 -16 17 18 -19 20 21 -22 -23 24 25 -26 -27 -28 29 30 -31 32 -33 -34 35 -36 37 38 -39 40 41 -42 43 -44 45 46 -47 48 -49 50
0x8bff3f5edf1e90d1 4457 1 2 3 -4 -5 6 -7 -8 -9 -10 11 12 -13 -14 -15 -16 17 18 -19 20 21 -22 -23 24 25 -26 -27 -28 29 30 -31 32 -33 -34 35 -36 37 38 -39 40 41 -42 43 -44 45 46 -47 48 -49 50
0x2b2223fd874a1783 4457 1 2 3 -4 -5 6 -7 -8 -9 -10 11 12 -13 -14 -15 -16 17 18 -19 20 21 -22 -23 24 25 -26 -27 -28 29 30 -31 32 -33 -34 35 -36 37 38 -39 40 41 -42 43 -44 45 46 -47 48 -49 50
0x54e4469a09575ca3 4457 1 2 3 -4 -5 6 -7 -8 -9 -10 11 12 -13 -14 -15 -16 17 18 -19 20 21 -22 -23 24 25 -26 -27 -28 29 30 -31 32 -33 -34 35 -36 37 38 -39 40 41 -42 43 -44 45 46 -47 48 -49 50
0xa15999245d714d00 4457 1 2 3 -4 -5 6 -7 -8 -9 -10 11 12 -13 -14 -15 -16 17 18 -19 20 21 -22 -23 24 25 -26 -27 -28 29 30 -31 32 -33 -34 35 -36 37 38 -39 40 41 -42 43 -44 45 46 -47 48 -49 50
0x9d54c02357b90b5b 4457 1 2 3 -4 -5 6 -7 -8 -9 -10 11 12 -13 -14 -15 -16 17 18 -19 20 21 -22 -23 24 25 -26 -27 -28 29 30 -31 32 -33 -34 35 -36 37 38 -39 40 41 -42 43 -44 45 46 -47 48 -49 50
0xd5e13e7014c08746 4457 1 2 3 -4 -5 6 -7 -8 -9 -10 11 12 -13 -14 -15 -16 17 18 -19 20 21 -22 -23 24 25 -26 -27 -28 29 30 -31 32 -33 -34 35 -36 37 38 -39 40 41 -42 43 -44 45 46 -47 48 -49 50
0x9da9c7b82a9829bf 4457 1 2 3 -4 -5 6 -7 -8 -9 -10 11 12 -13 -14 -15 -16 17 18 -19 20 21 -22 -23 24 25 -26 -27 -28 29 30 -31 32 -33 -34 35 -36 37 38 -39 40 41 -42 43 -44 45 46 -47 48 -49 50
0x33df1ed7bce0c27f 4457 1 2 3 -4 -5 6 -7 -8 -9 -10 11 12 -13 -14 -15 -16 17 18 -19 20 21 -22 -23 24 25 -26 -27 -28 29 30 -31 32 -33 -34 35 -36 37 38 -39 40 41 -42 43 -44 45 46 -47 48 -49 50
0xdc69b2c2f0795dc2 4457 1 2 3 -4 -5 6 -7 -8 -9 -10 11 12 -13 -14 -15 -16 17 18 -19 20 21 -22 -23 24 25 -26 -27 -28 29 30 -31 32 -33 -34 35 -36 37 38 -39 40 41 -42 43 -44 45 46 -47 48 -49 50
0xe04f59fd574519c9 4457 1 2 3 -4 -5 6 -7 -8 -9 -10 11 12 -13 -14 -15 -16 17 18 -19 20 21 -22 -23 24 25 -26 -27 -28 29 30 -31 32 -33 -34 35 -36 37 38 -39 40 41 -42 43 -44 45 46 -47 48 -49 50
0xc186de20aa928c57 4457 1 2 3 -4 -5 6 -7 -8 -9 -10 11 12 -13 -14 -15 -16 17 18 -19 20 21 -22 -23 24 25 -26 -27 -28 29 30 -31 32 -33 -34 35 -36 37 38 -39 40 41 -42 43 -44 45 46 -47 48 -49 50
0x99b7575d68cab836 4457 1 2 3 -4 -5 6 -7 -8 -9 -10 11 12 -13 -14 -15 -16 17 18 -19 20 21 -22 -23 24 25 -26 -27 -28 29 30 -31 32 -33 -34 35 -36 37 38 -39 40 41 -42 43 -44 45 46 -47 48 -49 50
0x98a157f33f4d92b1 4457 1 2 3 -4 -5 6 -7 -8 -9 -10 11 12 -13 -14 -15 -16 17 18 -19 20 21 -22 -23 24 25 -26 -27 -28 29 30 -31 32 -33 -34 35 -36 37 38 -39 40 41 -42 43 -44 45 46 -47 48 -49 50
0xcc2fe7b855a2191a 3924 1 2 -3 -4 -5 6 -7 -8 -9 -10 11 12 -13 -14 -15 -16 17 18 -19 20 21 -22 -23 24 25 -26 -27 -28 29 30 -31 32 -33 -34 35 -36 37 38 -39 40 41 -42 43 -44 45 46 -47 48 -49 50
0xb020fbe543d16222 4457 1 2 3 -4 -5 6 -7 -8 -9 -10 11 12 -13 -14 -15 -16 17 18 -19 20 21 -22 -23 24 25 -26 -27 -28 29 30 -31 32 -33 -34 35 -36 37 38 -39 40 41 -42 43 -44 45 46 -47 48 -49 50
0x3bfdca6ba3dbf139 4457 1 2 3 -4 -5 6 -7 -8 -9 -10 11 12 -13 -14 -15 -16 17 18 -19 20 21 -22 -23 24 25 -26 -27 -28 29 30 -31 32 -33 -34 35 -36 37 38 -39 40 41 -42 43 -44 45 46 -47 48 -49 50
0x162c089937df8ce1 4457 1 2 3 -4 -5 6 -7 -8 -9 -10 11 12 -13 -14 -15 -16 17 18 -19 20 21 -22 -23 24 25 -26 -27 -28 29 30 -31 32 -33 -34 35 -36 37 38 -39 40 41 -42 43 -44 45 46 -47 48 -49 50
0x646219b405267461 4457 1 2 3 -4 -5 6 -7 -8 -9 -10 11 12 -13 -14 -15 -16 17 18 -19 20 21 -22 -23 24 25 -26 -27 -28 29 30 -31 32 -33 -34 35 -36 37 38 -39 40 41 -42 43 -44 45 46 -47 48 -49 50
0xe3e5d83b7a196025 4457 1 2 3 -4 -5 6 -7 -8 -9 -10 11 12 -13 -14 -15 -16 17 18 -19 20 21 -22 -23 24 25 -26 -27 -28 29 30 -31 32 -33 -34 35 -36 37 38 -39 40 41 -42 43 -44 45 46 -47 48 -49 50
0xbcd69d5dd181b33b 4457 1 2 3 -4 -5 6 -7 -8 -9 -10 11 12 -13 -14 -15 -16 17 18 -19 20 21 -22 -23 24 25 -26 -27 -28 29 30 -31 32 -33 -34 35 -36 37 38 -39 40 41 -42 43 -44 45 46 -47 48 -49 50
0x8ad98814fcbbcd8 4457 1 2 3 -4 -5 6 -7 -8 -9 -10 11 12 -13 -14 -15 -16 17 18 -19 20 21 -22 -23 24 25 -26 -27 -28 29 30 -31 32 -33 -34 35 -36 37 38 -39 40 41 -42 43 -44 45 46 -47 48 -49 50
0xa16fb5cd74a4055e 4457 1 2 3 -4 -5 6 -7 -8 -9 -10 11 12 -13 -14 -15 -16 17 18 -19 20 21 -22 -23 24 25 -26 -27 -28 29 30 -31 32 -33 -34 35 -36 37 38 -39 40 41 -42 43 -44 45 46 -47 48 -49 50
0x524eb9eaa1bd821e 4457 1 2 3 -4 -5 6 -7 -8 -9 -10 11 12 -13 -14 -15 -16 17 18 -19 20 21 -22 -23 24 25 -26 -27 -28 29 30 -31 32 -33 -34 35 -36 37 38 -39 40 41 -42 43 -44 45 46 -47 48 -49 50