0x2562d0d98e31f71 8211 -1 -2 -3 -4 5 -6 7 8 9 10 11 -12 13 14 -15 16 -17 18 -19 20 21 22 23 24 25 26 27 -28 -29 30 31 -32 33 -34 35 -36 -37 38 39 -40 -41 42 43 -44 45 46 47 48 49 50
0x5acb555f34f1737c 8211 -1 -2 -3 -4 5 -6 7 8 9 10 11 -12 13 14 -15 16 -17 18 -19 20 21 22 23 24 25 26 27 -28 -29 30 31 -32 33 -34 35 -36 -37 38 39 -40 -41 42 43 -44 45 46 47 48 49 50
0x4411a5f96f42cded 8211 -1 -2 -3 -4 5 -6 7 8 9 10 11 -12 13 14 -15 16 -17 18 -19 20 21 22 23 24 25 26 27 -28 -29 30 31 -32 33 -34 35 -36 -37 38 39 -40 -41 42 43 -44 45 46 47 48 49 50
0xf8a9d994797a366b 8211 -1 -2 -3 -4 5 -6 7 8 9 10 11 -12 13 14 -15 16 -17 18 -19 20 21 22 23 24 25 26 27 -28 -29 30 31 -32 33 -34 35 -36 -37 38 39 -40 -41 42 43 -44 45 46 47 48 49 50
0xd615a6f9f75b85ce 8211 -1 -2 -3 -4 5 -6 7 8 9 10 11 -12 13 14 -15 16 -17 18 -19 20 21 22 23 24 25 26 27 -28 -29 30 31 -32 33 -34 35 -36 -37 38 39 -40 -41 42 43 -44 45 46 47 48 49 50
0x1e33d4e830a4bf99 8211 -1 -2 -3 -4 5 -6 7 8 9 10 11 -12 13 14 -15 16 -17 18 -19 20 21 22 23 24 25 26 27 -28 -29 30 31 -32 33 -34 35 -36 -37 38 39 -40 -41 42 43 -44 45 46 47 48 49 50
0x19041cae28ab27a2 8211 -1 -2 -3 -4 5 -6 7 8 9 10 11 -12 13 14 -15 16 -17 18 -19 20 21 22 23 24 25 26 27 -28 -29 30 31 -32 33 -34 35 -36 -37 38 39 -40 -41 42 43 -44 45 46 47 48 49 50
0x2dd9e70cbff7ee22 8110 -1 -2 -3 -4 5 -6 7 8 9 10 11 -12 13 14 -15 16 -17 18 -19 20 21 22 23 24 25 26 27 -28 -29 30 31 -32 -33 -34 35 -36 -37 38 39 -40 41 42 43 -44 45 46 47 48 49 50
0xa11dabbd456ad936 8211 -1 -2 -3 -4 5 -6 7 8 9 10 11 -12 13 14 -15 16 -17 18 -19 20 21 22 23 24 25 26 27 -28 -29 30 31 -32 33 -34 35 -36 -37 38 39 -40 -41 42 43 -44 45 46 47 48 49 50
0x631da0e7ccc1fe60 8211 -1 -2 -3 -4 5 -6 7 8 9 10 11 -12 13 14 -15 16 -17 18 -19 20 21 22 23 24 25 26 27 -28 -29 30 31 -32 33 -34 35 -36 -37 38 39 -40 -41 42 43 -44 45 46 47 48 49 50
0x217bbaadf7fc8c04 8211 -1 -2 -3 -4 5 -6 7 8 9 10 11 -12 13 14 -15 16 -17 18 -19 20 21 22 23 24 25 26 27 -28 -29 30 31 -32 33 -34 35 -36 -37 38 39 -40 -41 42 43 -44 45 46 47 48 49 50
0x2006faa0d34ea2ed 8211 -1 -2 -3 -4 5 -6 7 8 9 10 11 -12 13 14 -15 16 -17 18 -19 20 21 22 23 24 25 26 27 -28 -29 30 31 -32 33 -34 35 -36 -37 38 39 -40 -41 42 43 -44 45 46 47 48 49 50
0x290e0f486d9c3fc8 8211 -1 -2 -3 -4 5 -6 7 8 9 10 11 -12 13 14 -15 16 -17 18 -19 20 21 22 23 24 25 26 27 -28 -29 30 31 -32 33 -34 35 -36 -37 38 39 -40 -41 42 43 -44 45 46 47 48 49 50
0x2879439df9b134a6 8211 -1 -2 -3 -4 5 -6 7 8 9 10 11 -12 13 14 -15 16 -17 18 -19 20 21 22 23 24 25 26 27 -28 -29 30 31 -32 33 -34 35 -36 -37 38 39 -40 -41 42 43 -44 45 46 47 48 49 50
0xc039be927eac327d 8211 -1 -2 -3 -4 5 -6 7 8 9 10 11 -12 13 14 -15 16 -17 18 -19 20 21 22 23 24 25 26 27 -28 -29 30 31 -32 33 -34 35 -36 -37 38 39 -40 -41 42 43 -44 45 46 47 48 49 50
0x57dc12877052e2a5 8110 -1 -2 -3 -4 5 -6 7 8 9 10 11 -12 13 14 -15 16 -17 18 -19 20 21 22 23 24 25 26 27 -28 -29 30 31 -32 -33 -34 35 -36 -37 38 39 -40 41 42 43 -44 45 46 47 48 49 50
0xd44c1cd2f245105d 8211 -1 -2 -3 -4 5 -6 7 8 9 10 11 -12 13 14 -15 16 -17 18 -19 20 21 22 23 24 25 26 27 -28 -29 30 31 -32 33 -34 35 -36 -37 38 39 -40 -41 42 43 -44 45 46 47 48 49 50
0x481835420b44e245 8211 -1 -2 -3 -4 5 -6 7 8 9 10 11 -12 13 14 -15 16 -17 18 -19 20 21 22 23 24 25 26 27 -28 -29 30 31 -32 33 -34 35 -36 -37 38 39 -40 -41 42 43 -44 45 46 47 48 49 50
0x87c1ad91a80a23e3 8211 -1 -2 -3 -4 5 -6 7 8 9 10 11 -12 13 14 -15 16 -17 18 -19 20 21 22 23 24 25 26 27 -28 -29 30 31 -32 33 -34 35 -36 -37 38 39 -40 -41 42 43 -44 45 46 47 48 49 50
0xa0e8a0f6ff569f21 8211 -1 -2 -3 -4 5 -6 7 8 9 10 11 -12 13 14 -15 16 -17 18 -19 20 21 22 23 24 25 26 27 -28 -29 30 31 -32 33 -34 35 -36 -37 38 39 -40 -41 42 43 -44 45 46 47 48 49 50
0xbe611396b34185cb 8110 -1 -2 -3 -4 5 -6 7 8 9 10 11 -12 13 14 -15 16 -17 18 -19 20 21 22 23 24 25 26 27 -28 -29 30 31 -32 -33 -34 35 -36 -37 38 39 -40 41 42 43 -44 45 46 47 48 49 50
0x67f620bedefeb13 8211 -1 -2 -3 -4 5 -6 7 8 9 10 11 -12 13 14 -15 16 -17 18 -19 20 21 22 23 24 25 26 27 -28 -29 30 31 -32 33 -34 35 -36 -37 38 39 -40 -41 42 43 -44 45 46 47 48 49 50
0x7c2a00e6b2304d0f 8211 -1 -2 -3 -4 5 -6 7 8 9 10 11 -12 13 14 -15 16 -17 18 -19 20 21 22 23 24 25 26 27 -28 -29 30 31 -32 33 -34 35 -36 -37 38 39 -40 -41 42 43 -44 45 46 47 48 49 50
0xde7e8c28aaaf2e38 8211 -1 -2 -3 -4 5 -6 7 8 9 10 11 -12 13 14 -15 16 -17 18 -19 20 21 22 23 24 25 26 27 -28 -29 30 31 -32 33 -34 35 -36 -37 38 39 -40 -41 42 43 -44 45 46 47 48 49 50
0xcc2b0326325627ac 8211 -1 -2 -3 -4 5 -6 7 8 9 10 11 -12 13 14 -15 16 -17 18 -19 20 21 22 23 24 25 26 27 -28 -29 30 31 -32 33 -34 35 -36 -37 38 39 -40 -41 42 43 -44 45 46 47 48 49 50
0x26f120d388c1bb76 8211 -1 -2 -3 -4 5 -6 7 8 9 10 11 -12 13 14 -15 16 -17 18 -19 20 21 22 23 24 25 26 27 -28 -29 30 31 -32 33 -34 35 -36 -37 38 39 -40 -41 42 43 -44 45 46 47 48 49 50
0xaa177b046933a323 8211 -1 -2 -3 -4 5 -6 7 8 9 10 11 -12 13 14 -15 16 -17 18 -19 20 21 22 23 24 25 26 27 -28 -29 30 31 -32 33 -34 35 -36 -37 38 39 -40 -41 42 43 -44 45 46 47 48 49 50
0x7a4bd8f647f5cb4c 8211 -1 -2 -3 -4 5 -6 7 8 9 10 11 -12 13 14 -15 16 -17 18 -19 20 21 22 23 24 25 26 27 -28 -29 30 31 -32 33 -34 35 -36 -37 38 39 -40 -41 42 43 -44 45 46 47 48 49 50
0x409c7da746ecbe96 8211 -1 -2 -3 -4 5 -6 7 8 9 10 11 -12 13 14 -15 16 -17 18 -19 20 21 22 23 24 25 26 27 -28 -29 30 31 -32 33 -34 35 -36 -37 38 39 -40 -41 42 43 -44 45 46 47 48 49 50
0xf86f61f3be9d91a1 8211 -1 -2 -3 -4 5 -6 7 8 9 10 11 -12 13 14 -15 16 -17 18 -19 20 21 22 23 24 25 26 27 -28 -29 30 31 -32 33 -34 35 -36 -37 38 39 -40 -41 42 43 -44 45 46 47 48 49 50