0x1596a9c7f0d9d2b8 6087 -1 2 3 4 5 -6 7 8 -9 10 11 12 -13 -14 -15 16 17 -18 19 20 21 -22 -23 24 25 26 27 -28 -29 30 -31 -32 33 34 -35 36 37 38 39 40 41 -42 43 -44 -45 -46 47 -48 -49 -50
0xb03fdb671c215c7b 6087 -1 2 3 4 5 -6 7 8 -9 10 11 12 -13 -14 -15 16 17 -18 19 20 21 -22 -23 24 25 26 27 -28 -29 30 -31 -32 33 34 -35 36 37 38 39 40 41 -42 43 -44 -45 -46 47 -48 -49 -50
0x5a445359f1ebe07e 6087 -1 2 3 4 5 -6 7 8 -9 10 11 12 -13 -14 -15 16 17 -18 19 20 21 -22 -23 24 25 26 27 -28 -29 30 -31 -32 33 34 -35 36 37 38 39 40 41 -42 43 -44 -45 -46 47 -48 -49 -50
0xce52f61bf42db836 6087 -1 2 3 4 5 -6 7 8 -9 10 11 12 -13 -14 -15 16 17 -18 19 20 21 -22 -23 24 25 26 27 -28 -29 30 -31 -32 33 34 -35 36 37 38 39 40 41 -42 43 -44 -45 -46 47 -48 -49 -50
0xab6b1fdcaace680e 6087 -1 2 3 4 5 -6 7 8 -9 10 11 12 -13 -14 -15 16 17 -18 19 20 21 -22 -23 24 25 26 27 -28 -29 30 -31 -32 33 34 -35 36 37 38 39 40 41 -42 43 -44 -45 -46 47 -48 -49 -50
0x89b303a2fc9c3cef 5243 -1 2 3 4 5 -6 7 8 -9 10 11 12 -13 -14 -15 16 17 -18 19 20 21 -22 -23 24 25 -26 27 -28 -29 30 -31 -32 33 34 -35 36 37 38 39 40 41 -42 43 -44 -45 -46 47 -48 -49 -50
0x1cbc5baa4767cd97 6087 -1 2 3 4 5 -6 7 8 -9 10 11 12 -13 -14 -15 16 17 -18 19 20 21 -22 -23 24 25 26 27 -28 -29 30 -31 -32 33 34 -35 36 37 38 39 40 41 -42 43 -44 -45 -46 47 -48 -49 -50
0x379c5f81d8078589 6087 -1 2 3 4 5 -6 7 8 -9 10 11 12 -13 -14 -15 16 17 -18 19 20 21 -22 -23 24 25 26 27 -28 -29 30 -31 -32 33 34 -35 36 37 38 39 40 41 -42 43 -44 -45 -46 47 -48 -49 -50
0x5a3378f5c38d28b 5243 -1 2 3 4 5 -6 7 8 -9 10 11 12 -13 -14 -15 16 17 -18 19 20 21 -22 -23 24 25 -26 27 -28 -29 30 -31 -32 33 34 -35 36 37 38 39 40 41 -42 43 -44 -45 -46 47 -48 -49 -50
0xcf9e4088a27be228 6087 -1 2 3 4 5 -6 7 8 -9 10 11 12 -13 -14 -15 16 17 -18 19 20 21 -22 -23 24 25 26 27 -28 -29 30 -31 -32 33 34 -35 36 37 38 39 40 41 -42 43 -44 -45 -46 47 -48 -49 -50
0xd5031efbbeefef2d 5279 -1 2 3 4 5 -6 7 8 -9 10 11 12 -13 -14 -15 16 17 -18 19 20 21 -22 -23 24 -25 26 27 -28 -29 30 -31 -32 33 34 -35 36 37 38 39 40 41 -42 43 -44 -45 -46 47 -48 -49 -50
0x91a1a2c644761f2e 6087 -1 2 3 4 5 -6 7 8 -9 10 11 12 -13 -14 -15 16 17 -18 19 20 21 -22 -23 24 25 26 27 -28 -29 30 -31 -32 33 34 -35 36 37 38 39 40 41 -42 43 -44 -45 -46 47 -48 -49 -50
0x51ba7a9e31a0f000 6087 -1 2 3 4 5 -6 7 8 -9 10 11 12 -13 -14 -15 16 17 -18 19 20 21 -22 -23 24 25 26 27 -28 -29 30 -31 -32 33 34 -35 36 37 38 39 40 41 -42 43 -44 -45 -46 47 -48 -49 -50
0x763865cbe46f48b9 5279 -1 2 3 4 5 -6 7 8 -9 10 11 12 -13 -14 -15 16 17 -18 19 20 21 -22 -23 24 -25 26 27 -28 -29 30 -31 -32 33 34 -35 36 37 38 39 40 41 -42 43 -44 -45 -46 47 -48 -49 -50
0xcf0c2064ae49a5c6 6087 -1 2 3 4 5 -6 7 8 -9 10 11 12 -13 -14 -15 16 17 -18 19 20 21 -22 -23 24 25 26 27 -28 -29 30 -31 -32 33 34 -35 36 37 38 39 40 41 -42 43 -44 -45 -46 47 -48 -49 -50
0x61ee3ef0d665fd93 6087 -1 2 3 4 5 -6 7 8 -9 10 11 12 -13 -14 -15 16 17 -18 19 20 21 -22 -23 24 25 26 27 -28 -29 30 -31 -32 33 34 -35 36 37 38 39 40 41 -42 43 -44 -45 -46 47 -48 -49 -50
0x3c737231fe3f8f40 6087 -1 2 3 4 5 -6 7 8 -9 10 11 12 -13 -14 -15 16 17 -18 19 20 21 -22 -23 24 25 26 27 -28 -29 30 -31 -32 33 34 -35 36 37 38 39 40 41 -42 43 -44 -45 -46 47 -48 -49 -50
0x28a44a85b39adc6 4937 -1 2 3 -4 5 -6 7 8 -9 10 11 12 -13 -14 -15 16 17 -18 19 20 21 -22 -23 24 25 -26 27 -28 -29 30 -31 -32 33 34 -35 36 37 38 39 40 41 -42 43 -44 -45 -46 47 -48 -49 -50
0x13616be1cf265113 5243 -1 2 3 4 5 -6 7 8 -9 10 11 12 -13 -14 -15 16 17 -18 19 20 21 -22 -23 24 25 -26 27 -28 -29 30 -31 -32 33 34 -35 36 37 38 39 40 41 -42 43 -44 -45 -46 47 -48 -49 -50
0xb4df77a5e61a113c 6087 -1 2 3 4 5 -6 7 8 -9 10 11 12 -13 -14 -15 16 17 -18 19 20 21 -22 -23 24 25 26 27 -28 -29 30 -31 -32 33 34 -35 36 37 38 39 40 41 -42 43 -44 -45 -46 47 -48 -49 -50
0x1c6cf96d9dfbf7f8 6087 -1 2 3 4 5 -6 7 8 -9 10 11 12 -13 -14 -15 16 17 -18 19 20 21 -22 -23 24 25 26 27 -28 -29 30 -31 -32 33 34 -35 36 37 38 39 40 41 -42 43 -44 -45 -46 47 -48 -49 -50
0xc96f4f96935ff644 6087 -1 2 3 4 5 -6 7 8 -9 10 11 12 -13 -14 -15 16 17 -18 19 20 21 -22 -23 24 25 26 27 -28 -29 30 -31 -32 33 34 -35 36 37 38 39 40 41 -42 43 -44 -45 -46 47 -48 -49 -50
0x72e7b50cd678b807 5279 -1 2 3 4 5 -6 7 8 -9 10 11 12 -13 -14 -15 16 17 -18 19 20 21 -22 -23 24 -25 26 27 -28 -29 30 -31 -32 33 34 -35 36 37 38 39 40 41 -42 43 -44 -45 -46 47 -48 -49 -50
0xf61985abc3c694c1 6087 -1 2 3 4 5 -6 7 8 -9 10 11 12 -13 -14 -15 16 17 -18 19 20 21 -22 -23 24 25 26 27 -28 -29 30 -31 -32 33 34 -35 36 37 38 39 40 41 -42 43 -44 -45 -46 47 -48 -49 -50
0x2f19b29a6806c0d2 5243 -1 2 3 4 5 -6 7 8 -9 10 11 12 -13 -14 -15 16 17 -18 19 20 21 -22 -23 24 25 -26 27 -28 -29 30 -31 -32 33 34 -35 36 37 38 39 40 41 -42 43 -44 -45 -46 47 -48 -49 -50
0xee8bbc1243a5541d 6087 -1 2 3 4 5 -6 7 8 -9 10 11 12 -13 -14 -15 16 17 -18 19 20 21 -22 -23 24 25 26 27 -28 -29 30 -31 -32 33 34 -35 36 37 38 39 40 41 -42 43 -44 -45 -46 47 -48 -49 -50
0x23778cde9800bf8c 6087 -1 2 3 4 5 -6 7 8 -9 10 11 12 -13 -14 -15 16 17 -18 19 20 21 -22 -23 24 25 26 27 -28 -29 30 -31 -32 33 34 -35 36 37 38 39 40 41 -42 43 -44 -45 -46 47 -48 -49 -50
0xa7b925e5e10ad28a 6087 -1 2 3 4 5 -6 7 8 -9 10 11 12 -13 -14 -15 16 17 -18 19 20 21 -22 -23 24 25 26 27 -28 -29 30 -31 -32 33 34 -35 36 37 38 39 40 41 -42 43 -44 -45 -46 47 -48 -49 -50
0x6308199b526d5088 6087 -1 2 3 4 5 -6 7 8 -9 10 11 12 -13 -14 -15 16 17 -18 19 20 21 -22 -23 24 25 26 27 -28 -29 30 -31 -32 33 34 -35 36 37 38 39 40 41 -42 43 -44 -45 -46 47 -48 -49 -50
0xa5d4d788f398167b 6087 -1 2 3 4 5 -6 7 8 -9 10 11 12 -13 -14 -15 16 17 -18 19 20 21 -22 -23 24 25 26 27 -28 -29 30 -31 -32 33 34 -35 36 37 38 39 40 41 -42 43 -44 -45 -46 47 -48 -49 -50