0x56d9e799e052ecec 7741 1 2 -3 -4 5 6 -7 8 -9 -10 -11 12 13 14 -15 -16 -17 -18 19 20 21 22 -23 -24 25 26 27 -28 29 -30 31 -32 33 -34 -35 -36 37 38 39 40 41 -42 -43 44 -45 46 -47 -48 49 50
0xf1e00b5734e61654 7741 1 2 -3 -4 5 6 -7 8 -9 -10 -11 12 13 14 -15 -16 -17 -18 19 20 21 22 -23 -24 25 26 27 -28 29 -30 31 -32 33 -34 -35 -36 37 38 39 40 41 -42 -43 44 -45 46 -47 -48 49 50
0xc5f293a8facc407 7741 1 2 -3 -4 5 6 -7 8 -9 -10 -11 12 13 14 -15 -16 -17 -18 19 20 21 22 -23 -24 25 26 27 -28 29 -30 31 -32 33 -34 -35 -36 37 38 39 40 41 -42 -43 44 -45 46 -47 -48 49 50
0xcb616503d72f8175 7741 1 2 -3 -4 5 6 -7 8 -9 -10 -11 12 13 14 -15 -16 -17 -18 19 20 21 22 -23 -24 25 26 27 -28 29 -30 31 -32 33 -34 -35 -36 37 38 39 40 41 -42 -43 44 -45 46 -47 -48 49 50
0x3b212d01b5b6a1b1 7741 1 2 -3 -4 5 6 -7 8 -9 -10 -11 12 13 14 -15 -16 -17 -18 19 20 21 22 -23 -24 25 26 27 -28 29 -30 31 -32 33 -34 -35 -36 37 38 39 40 41 -42 -43 44 -45 46 -47 -48 49 50
0x43ab537d6b820414 7741 1 2 -3 -4 5 6 -7 8 -9 -10 -11 12 13 14 -15 -16 -17 -18 19 20 21 22 -23 -24 25 26 27 -28 29 -30 31 -32 33 -34 -35 -36 37 38 39 40 41 -42 -43 44 -45 46 -47 -48 49 50
0xd9cc7c6c07fd46ec 7741 1 2 -3 -4 5 6 -7 8 -9 -10 -11 12 13 14 -15 -16 -17 -18 19 20 21 22 -23 -24 25 26 27 -28 29 -30 31 -32 33 -34 -35 -36 37 38 39 40 41 -42 -43 44 -45 46 -47 -48 49 50
0xf9c33dab5f389928 7741 1 2 -3 -4 5 6 -7 8 -9 -10 -11 12 13 14 -15 -16 -17 -18 19 20 21 22 -23 -24 25 26 27 -28 29 -30 31 -32 33 -34 -35 -36 37 38 39 40 41 -42 -43 44 -45 46 -47 -48 49 50
0x287ae7808d41895c 7741 1 2 -3 -4 5 6 -7 8 -9 -10 -11 12 13 14 -15 -16 -17 -18 19 20 21 22 -23 -24 25 26 27 -28 29 -30 31 -32 33 -34 -35 -36 37 38 39 40 41 -42 -43 44 -45 46 -47 -48 49 50
0x3ebd7be5618f07be 7741 1 2 -3 -4 5 6 -7 8 -9 -10 -11 12 13 14 -15 -16 -17 -18 19 20 21 22 -23 -24 25 26 27 -28 29 -30 31 -32 33 -34 -35 -36 37 38 39 40 41 -42 -43 44 -45 46 -47 -48 49 50
0xcd522604895747aa 7741 1 2 -3 -4 5 6 -7 8 -9 -10 -11 12 13 14 -15 -16 -17 -18 19 20 21 22 -23 -24 25 26 27 -28 29 -30 31 -32 33 -34 -35 -36 37 38 39 40 41 -42 -43 44 -45 46 -47 -48 49 50
0x51ec01c18a77b120 7741 1 2 -3 -4 5 6 -7 8 -9 -10 -11 12 13 14 -15 -16 -17 -18 19 20 21 22 -23 -24 25 26 27 -28 29 -30 31 -32 33 -34 -35 -36 37 38 39 40 41 -42 -43 44 -45 46 -47 -48 49 50
0xbfd733302244e243 7741 1 2 -3 -4 5 6 -7 8 -9 -10 -11 12 13 14 -15 -16 -17 -18 19 20 21 22 -23 -24 25 26 27 -28 29 -30 31 -32 33 -34 -35 -36 37 38 39 40 41 -42 -43 44 -45 46 -47 -48 49 50
0x16924e17a1d8c0da 7741 1 2 -3 -4 5 6 -7 8 -9 -10 -11 12 13 14 -15 -16 -17 -18 19 20 21 22 -23 -24 25 26 27 -28 29 -30 31 -32 33 -34 -35 -36 37 38 39 40 41 -42 -43 44 -45 46 -47 -48 49 50
0xefc20d787fb49bd0 7741 1 2 -3 -4 5 6 -7 8 -9 -10 -11 12 13 14 -15 -16 -17 -18 19 20 21 22 -23 -24 25 26 27 -28 29 -30 31 -32 33 -34 -35 -36 37 38 39 40 41 -42 -43 44 -45 46 -47 -48 49 50
0x152d5afe8ccd5cb5 7716 1 2 -3 -4 5 6 -7 8 -9 -10 -11 12 13 14 -15 -16 -17 -18 19 20 21 22 -23 -24 25 26 27 -28 29 -30 31 -32 33 -34 -35 -36 37 38 39 40 41 -42 -43 44 -45 -46 -47 -48 49 50
0x4eafa6940957c93d 7741 1 2 -3 -4 5 6 -7 8 -9 -10 -11 12 13 14 -15 -16 -17 -18 19 20 21 22 -23 -24 25 26 27 -28 29 -30 31 -32 33 -34 -35 -36 37 38 39 40 41 -42 -43 44 -45 46 -47 -48 49 50
0x6a66edc3385f0f03 7567 1 2 -3 -4 5 6 -7 8 -9 -10 -11 12 13 14 -15 -16 -17 -18 -19 20 21 22 -23 -24 25 26 27 -28 29 -30 31 -32 33 -34 -35 -36 37 38 39 40 41 -42 -43 44 -45 46 -47 -48 49 50
0x94c682df4d8018b8 7741 1 2 -3 -4 5 6 -7 8 -9 -10 -11 12 13 14 -15 -16 -17 -18 19 20 21 22 -23 -24 25 26 27 -28 29 -30 31 -32 33 -34 -35 -36 37 38 39 40 41 -42 -43 44 -45 46 -47 -48 49 50
0x8c17b4b62a08cfb8 7741 1 2 -3 -4 5 6 -7 8 -9 -10 -11 12 13 14 -15 -16 -17 -18 19 20 21 22 -23 -24 25 26 27 -28 29 -30 31 -32 33 -34 -35 -36 37 38 39 40 41 -42 -43 44 -45 46 -47 -48 49 50
0xf07dc9358b35fe68 7741 1 2 -3 -4 5 6 -7 8 -9 -10 -11 12 13 14 -15 -16 -17 -18 19 20 21 22 -23 -24 25 26 27 -28 29 -30 31 -32 33 -34 -35 -36 37 38 39 40 41 -42 -43 44 -45 46 -47 -48 49 50
0xe0b9bb255350e56c 7741 1 2 -3 -4 5 6 -7 8 -9 -10 -11 12 13 14 -15 -16 -17 -18 19 20 21 22 -23 -24 25 26 27 -28 29 -30 31 -32 33 -34 -35 -36 37 38 39 40 41 -42 -43 44 -45 46 -47 -48 49 50
0x93d9fd991d2a7930 7741 1 2 -3 -4 5 6 -7 8 -9 -10 -11 12 13 14 -15 -16 -17 -18 19 20 21 22 -23 -24 25 26 27 -28 29 -30 31 -32 33 -34 -35 -36 37 38 39 40 41 -42 -43 44 -45 46 -47 -48 49 50
0x79630f7f5be72f62 7741 1 2 -3 -4 5 6 -7 8 -9 -10 -11 12 13 14 -15 -16 -17 -18 19 20 21 22 -23 -24 25 26 27 -28 29 -30 31 -32 33 -34 -35 -36 37 38 39 40 41 -42 -43 44 -45 46 -47 -48 49 50
0x3e8edf1644615c74 7741 1 2 -3 -4 5 6 -7 8 -9 -10 -11 12 13 14 -15 -16 -17 -18 19 20 21 22 -23 -24 25 26 27 -28 29 -30 31 -32 33 -34 -35 -36 37 38 39 40 41 -42 -43 44 -45 46 -47 -48 49 50
0xe080fd72eda8211d 7741 1 2 -3 -4 5 6 -7 8 -9 -10 -11 12 13 14 -15 -16 -17 -18 19 20 21 22 -23 -24 25 26 27 -28 29 -30 31 -32 33 -34 -35 -36 37 38 39 40 41 -42 -43 44 -45 46 -47 -48 49 50
0x748da1fb9e60e7d6 7741 1 2 -3 -4 5 6 -7 8 -9 -10 -11 12 13 14 -15 -16 -17 -18 19 20 21 22 -23 -24 25 26 27 -28 29 -30 31 -32 33 -34 -35 -36 37 38 39 40 41 -42 -43 44 -45 46 -47 -48 49 50
0x88f17def1d11725f 7741 1 2 -3 -4 5 6 -7 8 -9 -10 -11 12 13 14 -15 -16 -17 -18 19 20 21 22 -23 -24 25 26 27 -28 29 -30 31 -32 33 -34 -35 -36 37 38 39 40 41 -42 -43 44 -45 46 -47 -48 49 50
0xf1985fdb1198773a 7741 1 2 -3 -4 5 6 -7 8 -9 -10 -11 12 13 14 -15 -16 -17 -18 19 20 21 22 -23 -24 25 26 27 -28 29 -30 31 -32 33 -34 -35 -36 37 38 39 40 41 -42 -43 44 -45 46 -47 -48 49 50
0x7dd0a724165acf2d 7741 1 2 -3 -4 5 6 -7 8 -9 -10 -11 12 13 14 -15 -16 -17 -18 19 20 21 22 -23 -24 25 26 27 -28 29 -30 31 -32 33 -34 -35 -36 37 38 39 40 41 -42 -43 44 -45 46 -47 -48 49 50