0x9518e06269c0f467 11113 1 -2 -3 4 5 -6 -7 -8 -9 -10 -11 12 13 -14 15 -16 -17 -18 19 20 -21 22 -23 -24 25 26 27 28 29 30 31 32 33 34 35 -36 -37 38 -39 40 -41 42 43 44 45 46 -47 48 49 50
0x1ceec5281f82b482 11113 1 -2 -3 4 5 -6 -7 -8 -9 -10 -11 12 13 -14 15 -16 -17 -18 19 20 -21 22 -23 -24 25 26 27 28 29 30 31 32 33 34 35 -36 -37 38 -39 40 -41 42 43 44 45 46 -47 48 49 50
0x1a35a3f3714bff3d 11113 1 -2 -3 4 5 -6 -7 -8 -9 -10 -11 12 13 -14 15 -16 -17 -18 19 20 -21 22 -23 -24 25 26 27 28 29 30 31 32 33 34 35 -36 -37 38 -39 40 -41 42 43 44 45 46 -47 48 49 50
0x9019c0a469b0083d 11113 1 -2 -3 4 5 -6 -7 -8 -9 -10 -11 12 13 -14 15 -16 -17 -18 19 20 -21 22 -23 -24 25 26 27 28 29 30 31 32 33 34 35 -36 -37 38 -39 40 -41 42 43 44 45 46 -47 48 49 50
0x2f56fccea248d230 11113 1 -2 -3 4 5 -6 -7 -8 -9 -10 -11 12 13 -14 15 -16 -17 -18 19 20 -21 22 -23 -24 25 26 27 28 29 30 31 32 33 34 35 -36 -37 38 -39 40 -41 42 43 44 45 46 -47 48 49 50
0x179d615c2cc4d125 11113 1 -2 -3 4 5 -6 -7 -8 -9 -10 -11 12 13 -14 15 -16 -17 -18 19 20 -21 22 -23 -24 25 26 27 28 29 30 31 32 33 34 35 -36 -37 38 -39 40 -41 42 43 44 45 46 -47 48 49 50
0x9dc273ccf8fdbede 11113 1 -2 -3 4 5 -6 -7 -8 -9 -10 -11 12 13 -14 15 -16 -17 -18 19 20 -21 22 -23 -24 25 26 27 28 29 30 31 32 33 34 35 -36 -37 38 -39 40 -41 42 43 44 45 46 -47 48 49 50
0xbf71f900fb8c7022 11113 1 -2 -3 4 5 -6 -7 -8 -9 -10 -11 12 13 -14 15 -16 -17 -18 19 20 -21 22 -23 -24 25 26 27 28 29 30 31 32 33 34 35 -36 -37 38 -39 40 -41 42 43 44 45 46 -47 48 49 50
0x1a462fbb3e7a4cbf 11113 1 -2 -3 4 5 -6 -7 -8 -9 -10 -11 12 13 -14 15 -16 -17 -18 19 20 -21 22 -23 -24 25 26 27 28 29 30 31 32 33 34 35 -36 -37 38 -39 40 -41 42 43 44 45 46 -47 48 49 50
0xc204fc504f993485 10863 1 -2 -3 4 5 -6 -7 -8 -9 -10 -11 12 13 -14 15 -16 -17 -18 19 20 -21 22 -23 -24 25 26 27 28 29 30 31 -32 33 34 35 -36 -37 38 -39 40 -41 42 43 44 45 -46 -47 48 49 50
0x82b8b42b45e724c9 10863 1 -2 -3 4 5 -6 -7 -8 -9 -10 -11 12 13 -14 15 -16 -17 -18 19 20 -21 22 -23 -24 25 26 27 28 29 30 31 -32 33 34 35 -36 -37 38 -39 40 -41 42 43 44 45 -46 -47 48 49 50
0x1eecb9490f116de2 11113 1 -2 -3 4 5 -6 -7 -8 -9 -10 -11 12 13 -14 15 -16 -17 -18 19 20 -21 22 -23 -24 25 26 27 28 29 30 31 32 33 34 35 -36 -37 38 -39 40 -41 42 43 44 45 46 -47 48 49 50
0xebcbe5bd56fd78ad 11011 1 -2 -3 4 5 -6 -7 -8 -9 -10 -11 12 13 -14 15 -16 -17 -18 19 20 -21 22 -23 -24 25 26 27 28 29 30 31 32 33 34 35 -36 -37 38 -39 40 -41 42 43 44 45 -46 -47 48 49 50
0x421ec72ae77d1c0b 11113 1 -2 -3 4 5 -6 -7 -8 -9 -10 -11 12 13 -14 15 -16 -17 -18 19 20 -21 22 -23 -24 25 26 27 28 29 30 31 32 33 34 35 -36 -37 38 -39 40 -41 42 43 44 45 46 -47 48 49 50
0x8867aa4dc2948260 11113 1 -2 -3 4 5 -6 -7 -8 -9 -10 -11 12 13 -14 15 -16 -17 -18 19 20 -21 22 -23 -24 25 26 27 28 29 30 31 32 33 34 35 -36 -37 38 -39 40 -41 42 43 44 45 46 -47 48 49 50
0x1f9a767475f79f15 11113 1 -2 -3 4 5 -6 -7 -8 -9 -10 -11 12 13 -14 15 -16 -17 -18 19 20 -21 22 -23 -24 25 26 27 28 29 30 31 32 33 34 35 -36 -37 38 -39 40 -41 42 43 44 45 46 -47 48 49 50
0x392e58ff3aa53414 11113 1 -2 -3 4 5 -6 -7 -8 -9 -10 -11 12 13 -14 15 -16 -17 -18 19 20 -21 22 -23 -24 25 26 27 28 29 30 31 32 33 34 35 -36 -37 38 -39 40 -41 42 43 44 45 46 -47 48 49 50
0x928740e45fc56750 11113 1 -2 -3 4 5 -6 -7 -8 -9 -10 -11 12 13 -14 15 -16 -17 -18 19 20 -21 22 -23 -24 25 26 27 28 29 30 31 32 33 34 35 -36 -37 38 -39 40 -41 42 43 44 45 46 -47 48 49 50
0x3ef52a2e4431e83d 10725 -1 -2 -3 4 5 -6 -7 -8 -9 -10 -11 12 13 -14 15 -16 -17 -18 19 20 -21 22 -23 -24 25 26 27 28 29 30 31 32 33 34 35 -36 -37 38 -39 40 -41 42 43 44 45 -46 -47 48 49 50
0xec73979be4da552 11113 1 -2 -3 4 5 -6 -7 -8 -9 -10 -11 12 13 -14 15 -16 -17 -18 19 20 -21 22 -23 -24 25 26 27 28 29 30 31 32 33 34 35 -36 -37 38 -39 40 -41 42 43 44 45 46 -47 48 49 50
0xbf30a77a4612118c 10863 1 -2 -3 4 5 -6 -7 -8 -9 -10 -11 12 13 -14 15 -16 -17 -18 19 20 -21 22 -23 -24 25 26 27 28 29 30 31 -32 33 34 35 -36 -37 38 -39 40 -41 42 43 44 45 -46 -47 48 49 50
0xf3fd7c748177f9ec 11113 1 -2 -3 4 5 -6 -7 -8 -9 -10 -11 12 13 -14 15 -16 -17 -18 19 20 -21 22 -23 -24 25 26 27 28 29 30 31 32 33 34 35 -36 -37 38 -39 40 -41 42 43 44 45 46 -47 48 49 50
0x9551bc2f7a1eaf5 11113 1 -2 -3 4 5 -6 -7 -8 -9 -10 -11 12 13 -14 15 -16 -17 -18 19 20 -21 22 -23 -24 25 26 27 28 29 30 31 32 33 34 35 -36 -37 38 -39 40 -41 42 43 44 45 46 -47 48 49 50
0x11089f52ab6e2631 11113 1 -2 -3 4 5 -6 -7 -8 -9 -10 -11 12 13 -14 15 -16 -17 -18 19 20 -21 22 -23 -24 25 26 27 28 29 30 31 32 33 34 35 -36 -37 38 -39 40 -41 42 43 44 45 46 -47 48 49 50
0xee1826caecbabeeb 11113 1 -2 -3 4 5 -6 -7 -8 -9 -10 -11 12 13 -14 15 -16 -17 -18 19 20 -21 22 -23 -24 25 26 27 28 29 30 31 32 33 34 35 -36 -37 38 -39 40 -41 42 43 44 45 46 -47 48 49 50
0x62452a3565cb96ea 11113 1 -2 -3 4 5 -6 -7 -8 -9 -10 -11 12 13 -14 15 -16 -17 -18 19 20 -21 22 -23 -24 25 26 27 28 29 30 31 32 33 34 35 -36 -37 38 -39 40 -41 42 43 44 45 46 -47 48 49 50
0x764ce9defcd8c298 11113 1 -2 -3 4 5 -6 -7 -8 -9 -10 -11 12 13 -14 15 -16 -17 -18 19 20 -21 22 -23 -24 25 26 27 28 29 30 31 32 33 34 35 -36 -37 38 -39 40 -41 42 43 44 45 46 -47 48 49 50
0xa953cbe1245c0ecf 11011 1 -2 -3 4 5 -6 -7 -8 -9 -10 -11 12 13 -14 15 -16 -17 -18 19 20 -21 22 -23 -24 25 26 27 28 29 30 31 32 33 34 35 -36 -37 38 -39 40 -41 42 43 44 45 -46 -47 48 49 50
0xcb2276be14df09d3 11113 1 -2 -3 4 5 -6 -7 -8 -9 -10 -11 12 13 -14 15 -16 -17 -18 19 20 -21 22 -23 -24 25 26 27 28 29 30 31 32 33 34 35 -36 -37 38 -39 40 -41 42 43 44 45 46 -47 48 49 50
0x2be25a633b62c627 11113 1 -2 -3 4 5 -6 -7 -8 -9 -10 -11 12 13 -14 15 -16 -17 -18 19 20 -21 22 -23 -24 25 26 27 28 29 30 31 32 33 34 35 -36 -37 38 -39 40 -41 42 43 44 45 46 -47 48 49 50