0xba1263e7c0e07bc2 4009 -1 -2 -3 -4 5 -6 -7 -8 9 -10 11 12 13 14 15 16 17 18 19 20 21 22 -23 -24 25 26 27 28 29 30 31 -32 33 34 35 -36 -37 -38 39 -40 41 42 -43 -44 45 -46 -47 -48 -49 -50
0x16c95411aaaaf04b 4009 -1 -2 -3 -4 5 -6 -7 -8 9 -10 11 12 13 14 15 16 17 18 19 20 21 22 -23 -24 25 26 27 28 29 30 31 -32 33 34 35 -36 -37 -38 39 -40 41 42 -43 -44 45 -46 -47 -48 -49 -50
0xb9a2df3ad291d6bd 4009 -1 -2 -3 -4 5 -6 -7 -8 9 -10 11 12 13 14 15 16 17 18 19 20 21 22 -23 -24 25 26 27 28 29 30 31 -32 33 34 35 -36 -37 -38 39 -40 41 42 -43 -44 45 -46 -47 -48 -49 -50
0x7d0fd0c11642d075 4009 -1 -2 -3 -4 5 -6 -7 -8 9 -10 11 12 13 14 15 16 17 18 19 20 21 22 -23 -24 25 26 27 28 29 30 31 -32 33 34 35 -36 -37 -38 39 -40 41 42 -43 -44 45 -46 -47 -48 -49 -50
0xb7d8fd52ceb8ef96 4009 -1 -2 -3 -4 5 -6 -7 -8 9 -10 11 12 13 14 15 16 17 18 19 20 21 22 -23 -24 25 26 27 28 29 30 31 -32 33 34 35 -36 -37 -38 39 -40 41 42 -43 -44 45 -46 -47 -48 -49 -50
0x9f7367386f46486 4009 -1 -2 -3 -4 5 -6 -7 -8 9 -10 11 12 13 14 15 16 17 18 19 20 21 22 -23 -24 25 26 27 28 29 30 31 -32 33 34 35 -36 -37 -38 39 -40 41 42 -43 -44 45 -46 -47 -48 -49 -50
0x36a60dfdeb9cbb6f 4009 -1 -2 -3 -4 5 -6 -7 -8 9 -10 11 12 13 14 15 16 17 18 19 20 21 22 -23 -24 25 26 27 28 29 30 31 -32 33 34 35 -36 -37 -38 39 -40 41 42 -43 -44 45 -46 -47 -48 -49 -50
0x50f699a9493a9c1 4009 -1 -2 -3 -4 5 -6 -7 -8 9 -10 11 12 13 14 15 16 17 18 19 20 21 22 -23 -24 25 26 27 28 29 30 31 -32 33 34 35 -36 -37 -38 39 -40 41 42 -43 -44 45 -46 -47 -48 -49 -50
0xb22de64aa1be6bac 4009 -1 -2 -3 -4 5 -6 -7 -8 9 -10 11 12 13 14 15 16 17 18 19 20 21 22 -23 -24 25 26 27 28 29 30 31 -32 33 34 35 -36 -37 -38 39 -40 41 42 -43 -44 45 -46 -47 -48 -49 -50
0xc7c40be2d48bb1a8 4009 -1 -2 -3 -4 5 -6 -7 -8 9 -10 11 12 13 14 15 16 17 18 19 20 21 22 -23 -24 25 26 27 28 29 30 31 -32 33 34 35 -36 -37 -38 39 -40 41 42 -43 -44 45 -46 -47 -48 -49 -50
0x641d3f6954bbc09 4009 -1 -2 -3 -4 5 -6 -7 -8 9 -10 11 12 13 14 15 16 17 18 19 20 21 22 -23 -24 25 26 27 28 29 30 31 -32 33 34 35 -36 -37 -38 39 -40 41 42 -43 -44 45 -46 -47 -48 -49 -50
0x7f628a388cac3bae 4009 -1 -2 -3 -4 5 -6 -7 -8 9 -10 11 12 13 14 15 16 17 18 19 20 21 22 -23 -24 25 26 27 28 29 30 31 -32 33 34 35 -36 -37 -38 39 -40 41 42 -43 -44 45 -46 -47 -48 -49 -50
0x4499e7af257a0b5b 4009 -1 -2 -3 -4 5 -6 -7 -8 9 -10 11 12 13 14 15 16 17 18 19 20 21 22 -23 -24 25 26 27 28 29 30 31 -32 33 34 35 -36 -37 -38 39 -40 41 42 -43 -44 45 -46 -47 -48 -49 -50
0xaccdc7ceaa96e9ef 4009 -1 -2 -3 -4 5 -6 -7 -8 9 -10 11 12 13 14 15 16 17 18 19 20 21 22 -23 -24 25 26 27 28 29 30 31 -32 33 34 35 -36 -37 -38 39 -40 41 42 -43 -44 45 -46 -47 -48 -49 -50
0x5ce8ec8510f6edaa 4009 -1 -2 -3 -4 5 -6 -7 -8 9 -10 11 12 13 14 15 16 17 18 19 20 21 22 -23 -24 25 26 27 28 29 30 31 -32 33 34 35 -36 -37 -38 39 -40 41 42 -43 -44 45 -46 -47 -48 -49 -50
0x8e5ffdaf05ce4db3 4009 -1 -2 -3 -4 5 -6 -7 -8 9 -10 11 12 13 14 15 16 17 18 19 20 21 22 -23 -24 25 26 27 28 29 30 31 -32 33 34 35 -36 -37 -38 39 -40 41 42 -43 -44 45 -46 -47 -48 -49 -50
0x34c1d89fde703b91 4009 -1 -2 -3 -4 5 -6 -7 -8 9 -10 11 12 13 14 15 16 17 18 19 20 21 22 -23 -24 25 26 27 28 29 30 31 -32 33 34 35 -36 -37 -38 39 -40 41 42 -43 -44 45 -46 -47 -48 -49 -50
0xce612f9fdfd4ccb4 4009 -1 -2 -3 -4 5 -6 -7 -8 9 -10 11 12 13 14 15 16 17 18 19 20 21 22 -23 -24 25 26 27 28 29 30 31 -32 33 34 35 -36 -37 -38 39 -40 41 42 -43 -44 45 -46 -47 -48 -49 -50
0x6f657967f5fbf3eb 4009 -1 -2 -3 -4 5 -6 -7 -8 9 -10 11 12 13 14 15 16 17 18 19 20 21 22 -23 -24 25 26 27 28 29 30 31 -32 33 34 35 -36 -37 -38 39 -40 41 42 -43 -44 45 -46 -47 -48 -49 -50
0xd1d130a8ada38aee 4009 -1 -2 -3 -4 5 -6 -7 -8 9 -10 11 12 13 14 15 16 17 18 19 20 21 22 -23 -24 25 26 27 28 29 30 31 -32 33 34 35 -36 -37 -38 39 -40 41 42 -43 -44 45 -46 -47 -48 -49 -50
0xe84b638415066bd4 4009 -1 -2 -3 -4 5 -6 -7 -8 9 -10 11 12 13 14 15 16 17 18 19 20 21 22 -23 -24 25 26 27 28 29 30 31 -32 33 34 35 -36 -37 -38 39 -40 41 42 -43 -44 45 -46 -47 -48 -49 -50
0x9cba9311129a9a9b 4009 -1 -2 -3 -4 5 -6 -7 -8 9 -10 11 12 13 14 15 16 17 18 19 20 21 22 -23 -24 25 26 27 28 29 30 31 -32 33 34 35 -36 -37 -38 39 -40 41 42 -43 -44 45 -46 -47 -48 -49 -50
0x6fee2d9c3047ea5 4009 -1 -2 -3 -4 5 -6 -7 -8 9 -10 11 12 13 14 15 16 17 18 19 20 21 22 -23 -24 25 26 27 28 29 30 31 -32 33 34 35 -36 -37 -38 39 -40 41 42 -43 -44 45 -46 -47 -48 -49 -50
0x8359985e89b52c37 4009 -1 -2 -3 -4 5 -6 -7 -8 9 -10 11 12 13 14 15 16 17 18 19 20 21 22 -23 -24 25 26 27 28 29 30 31 -32 33 34 35 -36 -37 -38 39 -40 41 42 -43 -44 45 -46 -47 -48 -49 -50
0xa34fea91b1e9bdfa 4009 -1 -2 -3 -4 5 -6 -7 -8 9 -10 11 12 13 14 15 16 17 18 19 20 21 22 -23 -24 25 26 27 28 29 30 31 -32 33 34 35 -36 -37 -38 39 -40 41 42 -43 -44 45 -46 -47 -48 -49 -50
0xff172159c801be7c 4009 -1 -2 -3 -4 5 -6 -7 -8 9 -10 11 12 13 14 15 16 17 18 19 20 21 22 -23 -24 25 26 27 28 29 30 31 -32 33 34 35 -36 -37 -38 39 -40 41 42 -43 -44 45 -46 -47 -48 -49 -50
0x70d805123562a1ae 4009 -1 -2 -3 -4 5 -6 -7 -8 9 -10 11 12 13 14 15 16 17 18 19 20 21 22 -23 -24 25 26 27 28 29 30 31 -32 33 34 35 -36 -37 -38 39 -40 41 42 -43 -44 45 -46 -47 -48 -49 -50
0x65f7d708f62906d5 4009 -1 -2 -3 -4 5 -6 -7 -8 9 -10 11 12 13 14 15 16 17 18 19 20 21 22 -23 -24 25 26 27 28 29 30 31 -32 33 34 35 -36 -37 -38 39 -40 41 42 -43 -44 45 -46 -47 -48 -49 -50
0x17ea6fcd19df32ce 4009 -1 -2 -3 -4 5 -6 -7 -8 9 -10 11 12 13 14 15 16 17 18 19 20 21 22 -23 -24 25 26 27 28 29 30 31 -32 33 34 35 -36 -37 -38 39 -40 41 42 -43 -44 45 -46 -47 -48 -49 -50
0x90d335bec41f20a8 4009 -1 -2 -3 -4 5 -6 -7 -8 9 -10 11 12 13 14 15 16 17 18 19 20 21 22 -23 -24 25 26 27 28 29 30 31 -32 33 34 35 -36 -37 -38 39 -40 41 42 -43 -44 45 -46 -47 -48 -49 -50