0xdff4a657ba410491 9616 1 -2 3 -4 -5 -6 7 -8 -9 10 -11 12 -13 14 -15 -16 -17 18 -19 20 -21 22 -23 24 25 26 -27 28 -29 -30 -31 -32 -33 34 -35 36 -37 38 -39 40 41 42 43 -44 45 46 47 48 49 50
0x3012e9eeafc9f3fc 9616 1 -2 3 -4 -5 -6 7 -8 -9 10 -11 12 -13 14 -15 -16 -17 18 -19 20 -21 22 -23 24 25 26 -27 28 -29 -30 -31 -32 -33 34 -35 36 -37 38 -39 40 41 42 43 -44 45 46 47 48 49 50
0x896ba3002d820b47 9547 1 -2 3 -4 -5 -6 7 -8 -9 10 -11 12 -13 14 -15 -16 -17 18 -19 20 -21 22 -23 24 25 26 -27 28 -29 -30 -31 -32 -33 34 -35 -36 -37 38 -39 40 41 42 43 -44 45 46 47 48 49 50
0xc827d0fac6d229e6 9616 1 -2 3 -4 -5 -6 7 -8 -9 10 -11 12 -13 14 -15 -16 -17 18 -19 20 -21 22 -23 24 25 26 -27 28 -29 -30 -31 -32 -33 34 -35 36 -37 38 -39 40 41 42 43 -44 45 46 47 48 49 50
0xc8698ec2c1ce17b3 9547 1 -2 3 -4 -5 -6 7 -8 -9 10 -11 12 -13 14 -15 -16 -17 18 -19 20 -21 22 -23 24 25 26 -27 28 -29 -30 -31 -32 -33 34 -35 -36 -37 38 -39 40 41 42 43 -44 45 46 47 48 49 50
0x2a61f22e4551ae6b 9616 1 -2 3 -4 -5 -6 7 -8 -9 10 -11 12 -13 14 -15 -16 -17 18 -19 20 -21 22 -23 24 25 26 -27 28 -29 -30 -31 -32 -33 34 -35 36 -37 38 -39 40 41 42 43 -44 45 46 47 48 49 50
0xcfa63b8808f31330 9616 1 -2 3 -4 -5 -6 7 -8 -9 10 -11 12 -13 14 -15 -16 -17 18 -19 20 -21 22 -23 24 25 26 -27 28 -29 -30 -31 -32 -33 34 -35 36 -37 38 -39 40 41 42 43 -44 45 46 47 48 49 50
0x552550fce400007 9616 1 -2 3 -4 -5 -6 7 -8 -9 10 -11 12 -13 14 -15 -16 -17 18 -19 20 -21 22 -23 24 25 26 -27 28 -29 -30 -31 -32 -33 34 -35 36 -37 38 -39 40 41 42 43 -44 45 46 47 48 49 50
0x61c6a2779cfc1d59 9616 1 -2 3 -4 -5 -6 7 -8 -9 10 -11 12 -13 14 -15 -16 -17 18 -19 20 -21 22 -23 24 25 26 -27 28 -29 -30 -31 -32 -33 34 -35 36 -37 38 -39 40 41 42 43 -44 45 46 47 48 49 50
0xe80f206586566b74 9616 1 -2 3 -4 -5 -6 7 -8 -9 10 -11 12 -13 14 -15 -16 -17 18 -19 20 -21 22 -23 24 25 26 -27 28 -29 -30 -31 -32 -33 34 -35 36 -37 38 -39 40 41 42 43 -44 45 46 47 48 49 50
0x2d865089d7fc1def 9547 1 -2 3 -4 -5 -6 7 -8 -9 10 -11 12 -13 14 -15 -16 -17 18 -19 20 -21 22 -23 24 25 26 -27 28 -29 -30 -31 -32 -33 34 -35 -36 -37 38 -39 40 41 42 43 -44 45 46 47 48 49 50
0x2d5ec3bc9335200 9616 1 -2 3 -4 -5 -6 7 -8 -9 10 -11 12 -13 14 -15 -16 -17 18 -19 20 -21 22 -23 24 25 26 -27 28 -29 -30 -31 -32 -33 34 -35 36 -37 38 -39 40 41 42 43 -44 45 46 47 48 49 50
0x40aa7c48cad78c1c 9616 1 -2 3 -4 -5 -6 7 -8 -9 10 -11 12 -13 14 -15 -16 -17 18 -19 20 -21 22 -23 24 25 26 -27 28 -29 -30 -31 -32 -33 34 -35 36 -37 38 -39 40 41 42 43 -44 45 46 47 48 49 50
0x4c8876d57dc5d4ca 9616 1 -2 3 -4 -5 -6 7 -8 -9 10 -11 12 -13 14 -15 -16 -17 18 -19 20 -21 22 -23 24 25 26 -27 28 -29 -30 -31 -32 -33 34 -35 36 -37 38 -39 40 41 42 43 -44 45 46 47 48 49 50
0x86a26e57a1e0bc55 9616 1 -2 3 -4 -5 -6 7 -8 -9 10 -11 12 -13 14 -15 -16 -17 18 -19 20 -21 22 -23 24 25 26 -27 28 -29 -30 -31 -32 -33 34 -35 36 -37 38 -39 40 41 42 43 -44 45 46 47 48 49 50
0x7683251ce1ffa84a 9547 1 -2 3 -4 -5 -6 7 -8 -9 10 -11 12 -13 14 -15 -16 -17 18 -19 20 -21 22 -23 24 25 26 -27 28 -29 -30 -31 -32 -33 34 -35 -36 -37 38 -39 40 41 42 43 -44 45 46 47 48 49 50
0x8ade70c4e644b0fd 9616 1 -2 3 -4 -5 -6 7 -8 -9 10 -11 12 -13 14 -15 -16 -17 18 -19 20 -21 22 -23 24 25 26 -27 28 -29 -30 -31 -32 -33 34 -35 36 -37 38 -39 40 41 42 43 -44 45 46 47 48 49 50
0xaf4f8dcf3bead4be 9616 1 -2 3 -4 -5 -6 7 -8 -9 10 -11 12 -13 14 -15 -16 -17 18 -19 20 -21 22 -23 24 25 26 -27 28 -29 -30 -31 -32 -33 34 -35 36 -37 38 -39 40 41 42 43 -44 45 46 47 48 49 50
0xb7e7d37c2bce01b5 9616 1 -2 3 -4 -5 -6 7 -8 -9 10 -11 12 -13 14 -15 -16 -17 18 -19 20 -21 22 -23 24 25 26 -27 28 -29 -30 -31 -32 -33 34 -35 36 -37 38 -39 40 41 42 43 -44 45 46 47 48 49 50
0xad10a71cb589d33f 9616 1 -2 3 -4 -5 -6 7 -8 -9 10 -11 12 -13 14 -15 -16 -17 18 -19 20 -21 22 -23 24 25 26 -27 28 -29 -30 -31 -32 -33 34 -35 36 -37 38 -39 40 41 42 43 -44 45 46 47 48 49 50
0x7d373c665f104ea2 9616 1 -2 3 -4 -5 -6 7 -8 -9 10 -11 12 -13 14 -15 -16 -17 18 -19 20 -21 22 -23 24 25 26 -27 28 -29 -30 -31 -32 -33 34 -35 36 -37 38 -39 40 41 42 43 -44 45 46 47 48 49 50
0x8b11b2c017138cc4 9616 1 -2 3 -4 -5 -6 7 -8 -9 10 -11 12 -13 14 -15 -16 -17 18 -19 20 -21 22 -23 24 25 26 -27 28 -29 -30 -31 -32 -33 34 -35 36 -37 38 -39 40 41 42 43 -44 45 46 47 48 49 50
0x9fdd4cc969605bb0 9547 1 -2 3 -4 -5 -6 7 -8 -9 10 -11 12 -13 14 -15 -16 -17 18 -19 20 -21 22 -23 24 25 26 -27 28 -29 -30 -31 -32 -33 34 -35 -36 -37 38 -39 40 41 42 43 -44 45 46 47 48 49 50
0x3014f7d0a852f017 9616 1 -2 3 -4 -5 -6 7 -8 -9 10 -11 12 -13 14 -15 -16 -17 18 -19 20 -21 22 -23 24 25 26 -27 28 -29 -30 -31 -32 -33 34 -35 36 -37 38 -39 40 41 42 43 -44 45 46 47 48 49 50
0xfc8e235d19bba6ca 9616 1 -2 3 -4 -5 -6 7 -8 -9 10 -11 12 -13 14 -15 -16 -17 18 -19 20 -21 22 -23 24 25 26 -27 28 -29 -30 -31 -32 -33 34 -35 36 -37 38 -39 40 41 42 43 -44 45 46 47 48 49 50
0xf129e8a65bc9d642 9616 1 -2 3 -4 -5 -6 7 -8 -9 10 -11 12 -13 14 -15 -16 -17 18 -19 20 -21 22 -23 24 25 26 -27 28 -29 -30 -31 -32 -33 34 -35 36 -37 38 -39 40 41 42 43 -44 45 46 47 48 49 50
0xf1888217f4d2b01b 9616 1 -2 3 -4 -5 -6 7 -8 -9 10 -11 12 -13 14 -15 -16 -17 18 -19 20 -21 22 -23 24 25 26 -27 28 -29 -30 -31 -32 -33 34 -35 36 -37 38 -39 40 41 42 43 -44 45 46 47 48 49 50
0xb6d12d5570a3293 9616 1 -2 3 -4 -5 -6 7 -8 -9 10 -11 12 -13 14 -15 -16 -17 18 -19 20 -21 22 -23 24 25 26 -27 28 -29 -30 -31 -32 -33 34 -35 36 -37 38 -39 40 41 42 43 -44 45 46 47 48 49 50
0x45bfbe308f842a0d 9616 1 -2 3 -4 -5 -6 7 -8 -9 10 -11 12 -13 14 -15 -16 -17 18 -19 20 -21 22 -23 24 25 26 -27 28 -29 -30 -31 -32 -33 34 -35 36 -37 38 -39 40 41 42 43 -44 45 46 47 48 49 50
0xc21068f9936c9786 9547 1 -2 3 -4 -5 -6 7 -8 -9 10 -11 12 -13 14 -15 -16 -17 18 -19 20 -21 22 -23 24 25 26 -27 28 -29 -30 -31 -32 -33 34 -35 -36 -37 38 -39 40 41 42 43 -44 45 46 47 48 49 50