0x1fc57598a7a17c41 6806 1 2 -3 4 5 -6 7 8 9 -10 11 -12 13 14 -15 -16 17 18 19 20 21 22 -23 24 -25 26 27 -28 29 30 -31 -32 -33 -34 -35 36 -37 38 39 40 41 42 43 44 -45 46 47 -48 -49 50
0xb928396152d80a9e 6806 1 2 -3 4 5 -6 7 8 9 -10 11 -12 13 14 -15 -16 17 18 19 20 21 22 -23 24 -25 26 27 -28 29 30 -31 -32 -33 -34 -35 36 -37 38 39 40 41 42 43 44 -45 46 47 -48 -49 50
0x91c1dacea7d50ac9 6542 1 2 -3 4 5 -6 7 8 9 -10 11 -12 13 -14 -15 -16 17 18 19 20 21 22 -23 24 -25 26 27 -28 29 30 -31 -32 -33 -34 -35 36 -37 38 39 40 41 42 43 44 -45 46 47 -48 -49 50
0x4f71731e88dab9a8 6806 1 2 -3 4 5 -6 7 8 9 -10 11 -12 13 14 -15 -16 17 18 19 20 21 22 -23 24 -25 26 27 -28 29 30 -31 -32 -33 -34 -35 36 -37 38 39 40 41 42 43 44 -45 46 47 -48 -49 50
0x2bd4e61d42d88d22 6542 1 2 -3 4 5 -6 7 8 9 -10 11 -12 13 -14 -15 -16 17 18 19 20 21 22 -23 24 -25 26 27 -28 29 30 -31 -32 -33 -34 -35 36 -37 38 39 40 41 42 43 44 -45 46 47 -48 -49 50
0xbfc8dac2b0039a3 6806 1 2 -3 4 5 -6 7 8 9 -10 11 -12 13 14 -15 -16 17 18 19 20 21 22 -23 24 -25 26 27 -28 29 30 -31 -32 -33 -34 -35 36 -37 38 39 40 41 42 43 44 -45 46 47 -48 -49 50
0xc36b540cf5e479d 6806 1 2 -3 4 5 -6 7 8 9 -10 11 -12 13 14 -15 -16 17 18 19 20 21 22 -23 24 -25 26 27 -28 29 30 -31 -32 -33 -34 -35 36 -37 38 39 40 41 42 43 44 -45 46 47 -48 -49 50
0xf130e566a5dc3903 6806 1 2 -3 4 5 -6 7 8 9 -10 11 -12 13 14 -15 -16 17 18 19 20 21 22 -23 24 -25 26 27 -28 29 30 -31 -32 -33 -34 -35 36 -37 38 39 40 41 42 43 44 -45 46 47 -48 -49 50
0x54ecff3ac1523ecd 6806 1 2 -3 4 5 -6 7 8 9 -10 11 -12 13 14 -15 -16 17 18 19 20 21 22 -23 24 -25 26 27 -28 29 30 -31 -32 -33 -34 -35 36 -37 38 39 40 41 42 43 44 -45 46 47 -48 -49 50
0x34827ef888e7e79 6806 1 2 -3 4 5 -6 7 8 9 -10 11 -12 13 14 -15 -16 17 18 19 20 21 22 -23 24 -25 26 27 -28 29 30 -31 -32 -33 -34 -35 36 -37 38 39 40 41 42 43 44 -45 46 47 -48 -49 50
0xcf118449b777e787 6806 1 2 -3 4 5 -6 7 8 9 -10 11 -12 13 14 -15 -16 17 18 19 20 21 22 -23 24 -25 26 27 -28 29 30 -31 -32 -33 -34 -35 36 -37 38 39 40 41 42 43 44 -45 46 47 -48 -49 50
0x35eec42416b298fa 6806 1 2 -3 4 5 -6 7 8 9 -10 11 -12 13 14 -15 -16 17 18 19 20 21 22 -23 24 -25 26 27 -28 29 30 -31 -32 -33 -34 -35 36 -37 38 39 40 41 42 43 44 -45 46 47 -48 -49 50
0xa8a2667fbbf5aa19 6806 1 2 -3 4 5 -6 7 8 9 -10 11 -12 13 14 -15 -16 17 18 19 20 21 22 -23 24 -25 26 27 -28 29 30 -31 -32 -33 -34 -35 36 -37 38 39 40 41 42 43 44 -45 46 47 -48 -49 50
0xdddc5cba666818 6806 1 2 -3 4 5 -6 7 8 9 -10 11 -12 13 14 -15 -16 17 18 19 20 21 22 -23 24 -25 26 27 -28 29 30 -31 -32 -33 -34 -35 36 -37 38 39 40 41 42 43 44 -45 46 47 -48 -49 50
0x536e388332bcfe77 6524 1 2 -3 4 5 -6 7 8 9 -10 11 -12 13 14 -15 -16 17 18 19 20 21 22 -23 24 -25 26 27 -28 29 30 -31 -32 -33 -34 -35 36 -37 38 39 40 41 -42 43 44 -45 46 47 -48 -49 50
0xcfccd5ddfff47552 6806 1 2 -3 4 5 -6 7 8 9 -10 11 -12 13 14 -15 -16 17 18 19 20 21 22 -23 24 -25 26 27 -28 29 30 -31 -32 -33 -34 -35 36 -37 38 39 40 41 42 43 44 -45 46 47 -48 -49 50
0xd6f6a8102b319168 6806 1 2 -3 4 5 -6 7 8 9 -10 11 -12 13 14 -15 -16 17 18 19 20 21 22 -23 24 -25 26 27 -28 29 30 -31 -32 -33 -34 -35 36 -37 38 39 40 41 42 43 44 -45 46 47 -48 -49 50
0xb2e052edff4dd59d 6806 1 2 -3 4 5 -6 7 8 9 -10 11 -12 13 14 -15 -16 17 18 19 20 21 22 -23 24 -25 26 27 -28 29 30 -31 -32 -33 -34 -35 36 -37 38 39 40 41 42 43 44 -45 46 47 -48 -49 50
0x4576920053009479 6806 1 2 -3 4 5 -6 7 8 9 -10 11 -12 13 14 -15 -16 17 18 19 20 21 22 -23 24 -25 26 27 -28 29 30 -31 -32 -33 -34 -35 36 -37 38 39 40 41 42 43 44 -45 46 47 -48 -49 50
0xd498f002cd7c11a6 6806 1 2 -3 4 5 -6 7 8 9 -10 11 -12 13 14 -15 -16 17 18 19 20 21 22 -23 24 -25 26 27 -28 29 30 -31 -32 -33 -34 -35 36 -37 38 39 40 41 42 43 44 -45 46 47 -48 -49 50
0xbfbcce679f94b374 6806 1 2 -3 4 5 -6 7 8 9 -10 11 -12 13 14 -15 -16 17 18 19 20 21 22 -23 24 -25 26 27 -28 29 30 -31 -32 -33 -34 -35 36 -37 38 39 40 41 42 43 44 -45 46 47 -48 -49 50
0x1d120077e4085add 6806 1 2 -3 4 5 -6 7 8 9 -10 11 -12 13 14 -15 -16 17 18 19 20 21 22 -23 24 -25 26 27 -28 29 30 -31 -32 -33 -34 -35 36 -37 38 39 40 41 42 43 44 -45 46 47 -48 -49 50
0x6a7e437ce68d8578 6806 1 2 -3 4 5 -6 7 8 9 -10 11 -12 13 14 -15 -16 17 18 19 20 21 22 -23 24 -25 26 27 -28 29 30 -31 -32 -33 -34 -35 36 -37 38 39 40 41 42 43 44 -45 46 47 -48 -49 50
0x43385ab4863b703 6806 1 2 -3 4 5 -6 7 8 9 -10 11 -12 13 14 -15 -16 17 18 19 20 21 22 -23 24 -25 26 27 -28 29 30 -31 -32 -33 -34 -35 36 -37 38 39 40 41 42 43 44 -45 46 47 -48 -49 50
0x54fe895bb24abbdb 6806 1 2 -3 4 5 -6 7 8 9 -10 11 -12 13 14 -15 -16 17 18 19 20 21 22 -23 24 -25 26 27 -28 29 30 -31 -32 -33 -34 -35 36 -37 38 39 40 41 42 43 44 -45 46 47 -48 -49 50
0x658fba418282f125 6806 1 2 -3 4 5 -6 7 8 9 -10 11 -12 13 14 -15 -16 17 18 19 20 21 22 -23 24 -25 26 27 -28 29 30 -31 -32 -33 -34 -35 36 -37 38 39 40 41 42 43 44 -45 46 47 -48 -49 50
0xca4f20def6d0f246 6806 1 2 -3 4 5 -6 7 8 9 -10 11 -12 13 14 -15 -16 17 18 19 20 21 22 -23 24 -25 26 27 -28 29 30 -31 -32 -33 -34 -35 36 -37 38 39 40 41 42 43 44 -45 46 47 -48 -49 50
0x58eb260bf7ebd668 6806 1 2 -3 4 5 -6 7 8 9 -10 11 -12 13 14 -15 -16 17 18 19 20 21 22 -23 24 -25 26 27 -28 29 30 -31 -32 -33 -34 -35 36 -37 38 39 40 41 42 43 44 -45 46 47 -48 -49 50
0xf002674d75bfdfa 6806 1 2 -3 4 5 -6 7 8 9 -10 11 -12 13 14 -15 -16 17 18 19 20 21 22 -23 24 -25 26 27 -28 29 30 -31 -32 -33 -34 -35 36 -37 38 39 40 41 42 43 44 -45 46 47 -48 -49 50
0x2476d618a910702e 6806 1 2 -3 4 5 -6 7 8 9 -10 11 -12 13 14 -15 -16 17 18 19 20 21 22 -23 24 -25 26 27 -28 29 30 -31 -32 -33 -34 -35 36 -37 38 39 40 41 42 43 44 -45 46 47 -48 -49 50