0x8f61814b787be72c 8396 -1 -2 3 4 5 -6 -7 8 9 10 11 12 13 14 -15 16 17 18 19 -20 -21 22 23 24 25 -26 27 -28 -29 -30 31 32 -33 -34 -35 36 37 -38 39 40 41 -42 -43 -44 45 46 -47 -48 49 50
0xe93b0d7a6e18bf49 8396 -1 -2 3 4 5 -6 -7 8 9 10 11 12 13 14 -15 16 17 18 19 -20 -21 22 23 24 25 -26 27 -28 -29 -30 31 32 -33 -34 -35 36 37 -38 39 40 41 -42 -43 -44 45 46 -47 -48 49 50
0x8906e9afcc53b676 8396 -1 -2 3 4 5 -6 -7 8 9 10 11 12 13 14 -15 16 17 18 19 -20 -21 22 23 24 25 -26 27 -28 -29 -30 31 32 -33 -34 -35 36 37 -38 39 40 41 -42 -43 -44 45 46 -47 -48 49 50
0x806f34b019349b4c 8396 -1 -2 3 4 5 -6 -7 8 9 10 11 12 13 14 -15 16 17 18 19 -20 -21 22 23 24 25 -26 27 -28 -29 -30 31 32 -33 -34 -35 36 37 -38 39 40 41 -42 -43 -44 45 46 -47 -48 49 50
0x9a7ab3af5ac480c1 8396 -1 -2 3 4 5 -6 -7 8 9 10 11 12 13 14 -15 16 17 18 19 -20 -21 22 23 24 25 -26 27 -28 -29 -30 31 32 -33 -34 -35 36 37 -38 39 40 41 -42 -43 -44 45 46 -47 -48 49 50
0xdc581c7d3485b36f 8396 -1 -2 3 4 5 -6 -7 8 9 10 11 12 13 14 -15 16 17 18 19 -20 -21 22 23 24 25 -26 27 -28 -29 -30 31 32 -33 -34 -35 36 37 -38 39 40 41 -42 -43 -44 45 46 -47 -48 49 50
0x989db00c8bdf766d 8396 -1 -2 3 4 5 -6 -7 8 9 10 11 12 13 14 -15 16 17 18 19 -20 -21 22 23 24 25 -26 27 -28 -29 -30 31 32 -33 -34 -35 36 37 -38 39 40 41 -42 -43 -44 45 46 -47 -48 49 50
0x734f29a7eb2d9a95 8396 -1 -2 3 4 5 -6 -7 8 9 10 11 12 13 14 -15 16 17 18 19 -20 -21 22 23 24 25 -26 27 -28 -29 -30 31 32 -33 -34 -35 36 37 -38 39 40 41 -42 -43 -44 45 46 -47 -48 49 50
0x8d591267cc480c05 8396 -1 -2 3 4 5 -6 -7 8 9 10 11 12 13 14 -15 16 17 18 19 -20 -21 22 23 24 25 -26 27 -28 -29 -30 31 32 -33 -34 -35 36 37 -38 39 40 41 -42 -43 -44 45 46 -47 -48 49 50
0xb4eae4bee4c8efa0 8396 -1 -2 3 4 5 -6 -7 8 9 10 11 12 13 14 -15 16 17 18 19 -20 -21 22 23 24 25 -26 27 -28 -29 -30 31 32 -33 -34 -35 36 37 -38 39 40 41 -42 -43 -44 45 46 -47 -48 49 50
0xb58dfff05897508c 8396 -1 -2 3 4 5 -6 -7 8 9 10 11 12 13 14 -15 16 17 18 19 -20 -21 22 23 24 25 -26 27 -28 -29 -30 31 32 -33 -34 -35 36 37 -38 39 40 41 -42 -43 -44 45 46 -47 -48 49 50
0x84176b91df7c5db4 8396 -1 -2 3 4 5 -6 -7 8 9 10 11 12 13 14 -15 16 17 18 19 -20 -21 22 23 24 25 -26 27 -28 -29 -30 31 32 -33 -34 -35 36 37 -38 39 40 41 -42 -43 -44 45 46 -47 -48 49 50
0x5bd26b126ac93745 8396 -1 -2 3 4 5 -6 -7 8 9 10 11 12 13 14 -15 16 17 18 19 -20 -21 22 23 24 25 -26 27 -28 -29 -30 31 32 -33 -34 -35 36 37 -38 39 40 41 -42 -43 -44 45 46 -47 -48 49 50
0xf381e12eb0534c33 8396 -1 -2 3 4 5 -6 -7 8 9 10 11 12 13 14 -15 16 17 18 19 -20 -21 22 23 24 25 -26 27 -28 -29 -30 31 32 -33 -34 -35 36 37 -38 39 40 41 -42 -43 -44 45 46 -47 -48 49 50
0xba16837e304d47b3 8396 -1 -2 3 4 5 -6 -7 8 9 10 11 12 13 14 -15 16 17 18 19 -20 -21 22 23 24 25 -26 27 -28 -29 -30 31 32 -33 -34 -35 36 37 -38 39 40 41 -42 -43 -44 45 46 -47 -48 49 50
0x8c37dde5d3c28ec1 8396 -1 -2 3 4 5 -6 -7 8 9 10 11 12 13 14 -15 16 17 18 19 -20 -21 22 23 24 25 -26 27 -28 -29 -30 31 32 -33 -34 -35 36 37 -38 39 40 41 -42 -43 -44 45 46 -47 -48 49 50
0x8cfe262321bb4d99 8396 -1 -2 3 4 5 -6 -7 8 9 10 11 12 13 14 -15 16 17 18 19 -20 -21 22 23 24 25 -26 27 -28 -29 -30 31 32 -33 -34 -35 36 37 -38 39 40 41 -42 -43 -44 45 46 -47 -48 49 50
0xbd7adf45414f1540 8396 -1 -2 3 4 5 -6 -7 8 9 10 11 12 13 14 -15 16 17 18 19 -20 -21 22 23 24 25 -26 27 -28 -29 -30 31 32 -33 -34 -35 36 37 -38 39 40 41 -42 -43 -44 45 46 -47 -48 49 50
0x97ee4d2f8f2c08fa 8396 -1 -2 3 4 5 -6 -7 8 9 10 11 12 13 14 -15 16 17 18 19 -20 -21 22 23 24 25 -26 27 -28 -29 -30 31 32 -33 -34 -35 36 37 -38 39 40 41 -42 -43 -44 45 46 -47 -48 49 50
0x54c7b81b75589bd3 8396 -1 -2 3 4 5 -6 -7 8 9 10 11 12 13 14 -15 16 17 18 19 -20 -21 22 23 24 25 -26 27 -28 -29 -30 31 32 -33 -34 -35 36 37 -38 39 40 41 -42 -43 -44 45 46 -47 -48 49 50
0x98ce80147435de19 8396 -1 -2 3 4 5 -6 -7 8 9 10 11 12 13 14 -15 16 17 18 19 -20 -21 22 23 24 25 -26 27 -28 -29 -30 31 32 -33 -34 -35 36 37 -38 39 40 41 -42 -43 -44 45 46 -47 -48 49 50
0x8b26bcd479c84456 8396 -1 -2 3 4 5 -6 -7 8 9 10 11 12 13 14 -15 16 17 18 19 -20 -21 22 23 24 25 -26 27 -28 -29 -30 31 32 -33 -34 -35 36 37 -38 39 40 41 -42 -43 -44 45 46 -47 -48 49 50
0x43e820a06dbb4464 8303 -1 2 3 4 5 -6 -7 8 9 10 11 12 13 14 -15 16 17 18 19 -20 -21 22 23 24 25 -26 27 -28 -29 -30 31 32 -33 -34 -35 36 37 -38 39 40 -41 -42 -43 -44 45 46 -47 -48 49 50
0xcf0f2c58e8024ad9 8396 -1 -2 3 4 5 -6 -7 8 9 10 11 12 13 14 -15 16 17 18 19 -20 -21 22 23 24 25 -26 27 -28 -29 -30 31 32 -33 -34 -35 36 37 -38 39 40 41 -42 -43 -44 45 46 -47 -48 49 50
0x3db7273f054d7795 8396 -1 -2 3 4 5 -6 -7 8 9 10 11 12 13 14 -15 16 17 18 19 -20 -21 22 23 24 25 -26 27 -28 -29 -30 31 32 -33 -34 -35 36 37 -38 39 40 41 -42 -43 -44 45 46 -47 -48 49 50
0xbee704c8344bf49a 8396 -1 -2 3 4 5 -6 -7 8 9 10 11 12 13 14 -15 16 17 18 19 -20 -21 22 23 24 25 -26 27 -28 -29 -30 31 32 -33 -34 -35 36 37 -38 39 40 41 -42 -43 -44 45 46 -47 -48 49 50
0x3f6c4c1c5bdd8790 8396 -1 -2 3 4 5 -6 -7 8 9 10 11 12 13 14 -15 16 17 18 19 -20 -21 22 23 24 25 -26 27 -28 -29 -30 31 32 -33 -34 -35 36 37 -38 39 40 41 -42 -43 -44 45 46 -47 -48 49 50
0x37204f979b683344 8396 -1 -2 3 4 5 -6 -7 8 9 10 11 12 13 14 -15 16 17 18 19 -20 -21 22 23 24 25 -26 27 -28 -29 -30 31 32 -33 -34 -35 36 37 -38 39 40 41 -42 -43 -44 45 46 -47 -48 49 50
0x8a45b44d3167e923 8396 -1 -2 3 4 5 -6 -7 8 9 10 11 12 13 14 -15 16 17 18 19 -20 -21 22 23 24 25 -26 27 -28 -29 -30 31 32 -33 -34 -35 36 37 -38 39 40 41 -42 -43 -44 45 46 -47 -48 49 50
0xc4ec4980228e4ac1 8396 -1 -2 3 4 5 -6 -7 8 9 10 11 12 13 14 -15 16 17 18 19 -20 -21 22 23 24 25 -26 27 -28 -29 -30 31 32 -33 -34 -35 36 37 -38 39 40 41 -42 -43 -44 45 46 -47 -48 49 50