0x461dfdb38878872f 12556 -1 2 -3 -4 -5 6 7 -8 -9 -10 -11 12 13 14 15 -16 17 18 -19 -20 21 22 -23 24 -25 26 -27 28 29 -30 -31 32 33 34 -35 -36 37 38 -39 40 -41 42 43 -44 -45 46 47 48 49 -50
0xcd3657eb4558ad5d 13603 -1 2 -3 -4 -5 6 7 -8 -9 10 -11 12 13 14 15 -16 17 18 -19 -20 21 22 -23 24 -25 26 -27 28 29 -30 -31 32 33 34 -35 -36 37 38 -39 40 -41 42 43 44 45 46 47 48 49 -50
0x8d7773cb9230c87b 13175 -1 2 -3 -4 -5 6 7 -8 -9 10 -11 12 13 14 15 -16 17 18 -19 -20 21 22 -23 24 -25 26 -27 28 29 -30 -31 32 33 34 -35 36 37 38 -39 40 -41 42 43 -44 -45 46 47 48 49 -50
0x2e3ab5d10b94239 12332 -1 2 3 -4 5 6 -7 -8 9 10 11 -12 13 14 15 -16 -17 -18 -19 20 21 22 -23 24 25 -26 27 28 -29 30 31 -32 33 -34 -35 36 -37 -38 -39 -40 41 -42 43 44 45 46 -47 48 -49 50
0x310fccb76ef1b41b 13881 -1 2 -3 -4 -5 6 7 -8 -9 10 -11 12 13 14 15 -16 17 18 -19 -20 21 22 -23 24 -25 26 -27 28 29 -30 -31 32 33 34 -35 36 37 38 -39 40 -41 42 43 44 45 46 47 48 49 -50
0xed260df11227ec46 13540 -1 2 -3 -4 -5 6 7 -8 -9 -10 -11 12 13 14 15 -16 17 18 -19 -20 21 22 -23 24 -25 26 -27 28 29 -30 -31 32 33 34 -35 36 37 38 -39 40 -41 42 43 44 45 46 47 48 49 -50
0xd2ea0fd49171ff8c 13881 -1 2 -3 -4 -5 6 7 -8 -9 10 -11 12 13 14 15 -16 17 18 -19 -20 21 22 -23 24 -25 26 -27 28 29 -30 -31 32 33 34 -35 36 37 38 -39 40 -41 42 43 44 45 46 47 48 49 -50
0x25d623dde8557db5 13603 -1 2 -3 -4 -5 6 7 -8 -9 10 -11 12 13 14 15 -16 17 18 -19 -20 21 22 -23 24 -25 26 -27 28 29 -30 -31 32 33 34 -35 -36 37 38 -39 40 -41 42 43 44 45 46 47 48 49 -50
0xc88af7980e833ef9 13881 -1 2 -3 -4 -5 6 7 -8 -9 10 -11 12 13 14 15 -16 17 18 -19 -20 21 22 -23 24 -25 26 -27 28 29 -30 -31 32 33 34 -35 36 37 38 -39 40 -41 42 43 44 45 46 47 48 49 -50
0xb6894798932a159d 13185 -1 2 -3 -4 -5 6 7 -8 -9 -10 -11 12 13 14 15 -16 17 18 -19 -20 21 22 -23 24 -25 26 -27 28 29 -30 -31 32 33 34 -35 36 37 38 -39 40 -41 42 43 -44 45 46 47 48 49 -50
0x18d7fc39e93e3b4c 13248 -1 2 -3 -4 -5 6 7 -8 -9 10 -11 12 13 14 15 -16 17 18 -19 -20 21 22 -23 24 -25 26 -27 28 29 -30 -31 32 33 34 -35 -36 37 38 -39 40 -41 42 43 -44 45 46 47 48 49 -50
0x2eda42aa595759da 13881 -1 2 -3 -4 -5 6 7 -8 -9 10 -11 12 13 14 15 -16 17 18 -19 -20 21 22 -23 24 -25 26 -27 28 29 -30 -31 32 33 34 -35 36 37 38 -39 40 -41 42 43 44 45 46 47 48 49 -50
0xa0e1ddda59fbb10e 13603 -1 2 -3 -4 -5 6 7 -8 -9 10 -11 12 13 14 15 -16 17 18 -19 -20 21 22 -23 24 -25 26 -27 28 29 -30 -31 32 33 34 -35 -36 37 38 -39 40 -41 42 43 44 45 46 47 48 49 -50
0x9e6c9e51f04bc745 13881 -1 2 -3 -4 -5 6 7 -8 -9 10 -11 12 13 14 15 -16 17 18 -19 -20 21 22 -23 24 -25 26 -27 28 29 -30 -31 32 33 34 -35 36 37 38 -39 40 -41 42 43 44 45 46 47 48 49 -50
0xf16b1354f60afa65 13540 -1 2 -3 -4 -5 6 7 -8 -9 -10 -11 12 13 14 15 -16 17 18 -19 -20 21 22 -23 24 -25 26 -27 28 29 -30 -31 32 33 34 -35 36 37 38 -39 40 -41 42 43 44 45 46 47 48 49 -50
0xfccf3138caa2fd05 12332 -1 2 3 -4 5 6 -7 -8 9 10 11 -12 13 14 15 -16 -17 -18 -19 20 21 22 -23 24 25 -26 27 28 -29 30 31 -32 33 -34 -35 36 -37 -38 -39 -40 41 -42 43 44 45 46 -47 48 -49 50
0xe124e9010c228bda 13262 -1 2 -3 -4 -5 6 7 -8 -9 -10 -11 12 13 14 15 -16 17 18 -19 -20 21 22 -23 24 -25 26 -27 28 29 -30 -31 32 33 34 -35 -36 37 38 -39 40 -41 42 43 44 45 46 47 48 49 -50
0xc315ed3c4305e765 13881 -1 2 -3 -4 -5 6 7 -8 -9 10 -11 12 13 14 15 -16 17 18 -19 -20 21 22 -23 24 -25 26 -27 28 29 -30 -31 32 33 34 -35 36 37 38 -39 40 -41 42 43 44 45 46 47 48 49 -50
0x8ab52021e411dddc 12332 -1 2 3 -4 5 6 -7 -8 9 10 11 -12 13 14 15 -16 -17 -18 -19 20 21 22 -23 24 25 -26 27 28 -29 30 31 -32 33 -34 -35 36 -37 -38 -39 -40 41 -42 43 44 45 46 -47 48 -49 50
0x8566ec6ef07156 12447 -1 2 -3 -4 -5 6 7 -8 -9 -10 -11 12 13 14 15 -16 17 18 -19 -20 21 22 -23 24 -25 26 -27 28 29 -30 -31 32 33 -34 -35 36 37 38 -39 40 -41 42 43 -44 -45 46 47 48 49 -50
0x43a2de738ad0663a 13881 -1 2 -3 -4 -5 6 7 -8 -9 10 -11 12 13 14 15 -16 17 18 -19 -20 21 22 -23 24 -25 26 -27 28 29 -30 -31 32 33 34 -35 36 37 38 -39 40 -41 42 43 44 45 46 47 48 49 -50
0x8484ad0dec4745e9 13540 -1 2 -3 -4 -5 6 7 -8 -9 -10 -11 12 13 14 15 -16 17 18 -19 -20 21 22 -23 24 -25 26 -27 28 29 -30 -31 32 33 34 -35 36 37 38 -39 40 -41 42 43 44 45 46 47 48 49 -50
0x46b8eda62d5fa1ab 13603 -1 2 -3 -4 -5 6 7 -8 -9 10 -11 12 13 14 15 -16 17 18 -19 -20 21 22 -23 24 -25 26 -27 28 29 -30 -31 32 33 34 -35 -36 37 38 -39 40 -41 42 43 44 45 46 47 48 49 -50
0x3303701b0253a1d8 13881 -1 2 -3 -4 -5 6 7 -8 -9 10 -11 12 13 14 15 -16 17 18 -19 -20 21 22 -23 24 -25 26 -27 28 29 -30 -31 32 33 34 -35 36 37 38 -39 40 -41 42 43 44 45 46 47 48 49 -50
0x7fab4adad7362d48 13881 -1 2 -3 -4 -5 6 7 -8 -9 10 -11 12 13 14 15 -16 17 18 -19 -20 21 22 -23 24 -25 26 -27 28 29 -30 -31 32 33 34 -35 36 37 38 -39 40 -41 42 43 44 45 46 47 48 49 -50
0xe7c279bfacfb34fc 13540 -1 2 -3 -4 -5 6 7 -8 -9 -10 -11 12 13 14 15 -16 17 18 -19 -20 21 22 -23 24 -25 26 -27 28 29 -30 -31 32 33 34 -35 36 37 38 -39 40 -41 42 43 44 45 46 47 48 49 -50
0x110e062a5329f00e 13881 -1 2 -3 -4 -5 6 7 -8 -9 10 -11 12 13 14 15 -16 17 18 -19 -20 21 22 -23 24 -25 26 -27 28 29 -30 -31 32 33 34 -35 36 37 38 -39 40 -41 42 43 44 45 46 47 48 49 -50
0x942c745cff4a13d6 13262 -1 2 -3 -4 -5 6 7 -8 -9 -10 -11 12 13 14 15 -16 17 18 -19 -20 21 22 -23 24 -25 26 -27 28 29 -30 -31 32 33 34 -35 -36 37 38 -39 40 -41 42 43 44 45 46 47 48 49 -50
0xd0eb721cf00f545e 13540 -1 2 -3 -4 -5 6 7 -8 -9 -10 -11 12 13 14 15 -16 17 18 -19 -20 21 22 -23 24 -25 26 -27 28 29 -30 -31 32 33 34 -35 36 37 38 -39 40 -41 42 43 44 45 46 47 48 49 -50
0x82ad0287b8a4b909 13540 -1 2 -3 -4 -5 6 7 -8 -9 -10 -11 12 13 14 15 -16 17 18 -19 -20 21 22 -23 24 -25 26 -27 28 29 -30 -31 32 33 34 -35 36 37 38 -39 40 -41 42 43 44 45 46 47 48 49 -50