0x588c86a0a23c8cc 10534 -1 -2 3 -4 -5 6 7 -8 9 10 -11 -12 -13 14 -15 16 -17 18 -19 20 21 22 23 24 25 26 27 -28 29 -30 31 -32 -33 34 -35 -36 -37 -38 39 -40 -41 42 -43 -44 45 46 47 48 49 50
0x5819b01f91dc294d 10894 -1 -2 3 -4 -5 6 7 8 9 10 -11 -12 -13 14 15 16 -17 -18 -19 -20 21 22 23 24 25 26 -27 -28 29 -30 31 -32 -33 34 -35 -36 -37 -38 39 -40 41 -42 -43 44 45 -46 47 -48 49 -50
0x78959f3a9f8fc186 10526 -1 -2 3 -4 -5 6 7 8 9 10 -11 -12 -13 14 -15 16 -17 18 -19 20 21 22 23 24 25 26 27 -28 29 -30 31 -32 -33 34 -35 -36 -37 -38 39 -40 -41 42 -43 -44 45 46 47 48 49 -50
0x51bd71e03cb2be0c 10741 -1 -2 3 -4 -5 6 7 8 9 10 -11 -12 -13 14 15 16 -17 -18 -19 -20 21 -22 23 24 25 26 -27 -28 29 -30 31 -32 -33 34 -35 -36 -37 -38 39 -40 41 -42 -43 44 45 -46 47 -48 49 -50
0x8cc948151dcac502 10526 -1 -2 3 -4 -5 6 7 8 9 10 -11 -12 -13 14 -15 16 -17 18 -19 20 21 22 23 24 25 26 27 -28 29 -30 31 -32 -33 34 -35 -36 -37 -38 39 -40 -41 42 -43 -44 45 46 47 48 49 -50
0xddc0a39a9d9754c4 10741 -1 -2 3 -4 -5 6 7 8 9 10 -11 -12 -13 14 15 16 -17 -18 -19 -20 21 -22 23 24 25 26 -27 -28 29 -30 31 -32 -33 34 -35 -36 -37 -38 39 -40 41 -42 -43 44 45 -46 47 -48 49 -50
0xe0badf08f257a2d5 10534 -1 -2 3 -4 -5 6 7 -8 9 10 -11 -12 -13 14 -15 16 -17 18 -19 20 21 22 23 24 25 26 27 -28 29 -30 31 -32 -33 34 -35 -36 -37 -38 39 -40 -41 42 -43 -44 45 46 47 48 49 50
0x21cba2988ea070b 10902 -1 -2 3 -4 -5 6 7 -8 9 10 -11 -12 -13 14 15 16 -17 -18 -19 -20 21 22 23 24 25 26 -27 -28 29 -30 31 -32 -33 34 -35 -36 -37 -38 39 -40 41 -42 -43 44 45 -46 47 -48 49 50
0x1fb2717613e63411 10270 -1 -2 3 -4 -5 6 7 -8 9 10 -11 -12 -13 14 -15 16 -17 -18 -19 20 21 22 23 24 25 26 27 -28 29 -30 31 -32 -33 34 -35 -36 -37 -38 39 -40 -41 42 -43 -44 45 46 47 48 49 50
0xee3d66e525b2a3b 10526 -1 -2 3 -4 -5 6 7 8 9 10 -11 -12 -13 14 -15 16 -17 18 -19 20 21 22 23 24 25 26 27 -28 29 -30 31 -32 -33 34 -35 -36 -37 -38 39 -40 -41 42 -43 -44 45 46 47 48 49 -50
0x75099ebe4898c530 10749 -1 -2 3 -4 -5 6 7 -8 9 10 -11 -12 -13 14 15 16 -17 -18 -19 -20 21 -22 23 24 25 26 -27 -28 29 -30 31 -32 -33 34 -35 -36 -37 -38 39 -40 41 -42 -43 44 45 -46 47 -48 49 50
0x59966f7db8bb3c90 10534 -1 -2 3 -4 -5 6 7 -8 9 10 -11 -12 -13 14 -15 16 -17 18 -19 20 21 22 23 24 25 26 27 -28 29 -30 31 -32 -33 34 -35 -36 -37 -38 39 -40 -41 42 -43 -44 45 46 47 48 49 50
0xdf2201243a84ce33 10902 -1 -2 3 -4 -5 6 7 -8 9 10 -11 -12 -13 14 15 16 -17 -18 -19 -20 21 22 23 24 25 26 -27 -28 29 -30 31 -32 -33 34 -35 -36 -37 -38 39 -40 41 -42 -43 44 45 -46 47 -48 49 50
0x1c7e84fff8f75bf0 10741 -1 -2 3 -4 -5 6 7 8 9 10 -11 -12 -13 14 15 16 -17 -18 -19 -20 21 -22 23 24 25 26 -27 -28 29 -30 31 -32 -33 34 -35 -36 -37 -38 39 -40 41 -42 -43 44 45 -46 47 -48 49 -50
0x5f65d1f4f1915fa9 10902 -1 -2 3 -4 -5 6 7 -8 9 10 -11 -12 -13 14 15 16 -17 -18 -19 -20 21 22 23 24 25 26 -27 -28 29 -30 31 -32 -33 34 -35 -36 -37 -38 39 -40 41 -42 -43 44 45 -46 47 -48 49 50
0xcd69b5151fbd170e 10534 -1 -2 3 -4 -5 6 7 -8 9 10 -11 -12 -13 14 -15 16 -17 18 -19 20 21 22 23 24 25 26 27 -28 29 -30 31 -32 -33 34 -35 -36 -37 -38 39 -40 -41 42 -43 -44 45 46 47 48 49 50
0xf28bc46164bfa503 10894 -1 -2 3 -4 -5 6 7 8 9 10 -11 -12 -13 14 15 16 -17 -18 -19 -20 21 22 23 24 25 26 -27 -28 29 -30 31 -32 -33 34 -35 -36 -37 -38 39 -40 41 -42 -43 44 45 -46 47 -48 49 -50
0x414c33100fb3cbe9 10902 -1 -2 3 -4 -5 6 7 -8 9 10 -11 -12 -13 14 15 16 -17 -18 -19 -20 21 22 23 24 25 26 -27 -28 29 -30 31 -32 -33 34 -35 -36 -37 -38 39 -40 41 -42 -43 44 45 -46 47 -48 49 50
0x9860f65f06a9344 10262 -1 -2 3 -4 -5 6 7 8 9 10 -11 -12 -13 14 -15 16 -17 -18 -19 20 21 22 23 24 25 26 27 -28 29 -30 31 -32 -33 34 -35 -36 -37 -38 39 -40 -41 42 -43 -44 45 46 47 48 49 -50
0x7f28b1467ad33b78 10902 -1 -2 3 -4 -5 6 7 -8 9 10 -11 -12 -13 14 15 16 -17 -18 -19 -20 21 22 23 24 25 26 -27 -28 29 -30 31 -32 -33 34 -35 -36 -37 -38 39 -40 41 -42 -43 44 45 -46 47 -48 49 50
0x83babd7867e953bd 10741 -1 -2 3 -4 -5 6 7 8 9 10 -11 -12 -13 14 15 16 -17 -18 -19 -20 21 -22 23 24 25 26 -27 -28 29 -30 31 -32 -33 34 -35 -36 -37 -38 39 -40 41 -42 -43 44 45 -46 47 -48 49 -50
0xdbdbeb9ff45931d0 10749 -1 -2 3 -4 -5 6 7 -8 9 10 -11 -12 -13 14 15 16 -17 -18 -19 -20 21 -22 23 24 25 26 -27 -28 29 -30 31 -32 -33 34 -35 -36 -37 -38 39 -40 41 -42 -43 44 45 -46 47 -48 49 50
0x946f68d17e8daa5c 10526 -1 -2 3 -4 -5 6 7 8 9 10 -11 -12 -13 14 -15 16 -17 18 -19 20 21 22 23 24 25 26 27 -28 29 -30 31 -32 -33 34 -35 -36 -37 -38 39 -40 -41 42 -43 -44 45 46 47 48 49 -50
0xabdd6f0fc84b397 10894 -1 -2 3 -4 -5 6 7 8 9 10 -11 -12 -13 14 15 16 -17 -18 -19 -20 21 22 23 24 25 26 -27 -28 29 -30 31 -32 -33 34 -35 -36 -37 -38 39 -40 41 -42 -43 44 45 -46 47 -48 49 -50
0xd363135330c12ea5 10902 -1 -2 3 -4 -5 6 7 -8 9 10 -11 -12 -13 14 15 16 -17 -18 -19 -20 21 22 23 24 25 26 -27 -28 29 -30 31 -32 -33 34 -35 -36 -37 -38 39 -40 41 -42 -43 44 45 -46 47 -48 49 50
0x1740d38baf4e7cc8 10894 -1 -2 3 -4 -5 6 7 8 9 10 -11 -12 -13 14 15 16 -17 -18 -19 -20 21 22 23 24 25 26 -27 -28 29 -30 31 -32 -33 34 -35 -36 -37 -38 39 -40 41 -42 -43 44 45 -46 47 -48 49 -50
0x2503d61194f259d4 10894 -1 -2 3 -4 -5 6 7 8 9 10 -11 -12 -13 14 15 16 -17 -18 -19 -20 21 22 23 24 25 26 -27 -28 29 -30 31 -32 -33 34 -35 -36 -37 -38 39 -40 41 -42 -43 44 45 -46 47 -48 49 -50
0x4540f01580cf6ad5 10362 -1 -2 3 -4 -5 6 7 -8 9 10 -11 -12 -13 14 -15 16 -17 18 -19 20 21 22 23 24 25 26 27 -28 -29 -30 31 -32 33 34 -35 36 -37 -38 39 -40 -41 42 -43 -44 -45 46 47 48 49 50
0xeea0a1a0332a0978 10902 -1 -2 3 -4 -5 6 7 -8 9 10 -11 -12 -13 14 15 16 -17 -18 -19 -20 21 22 23 24 25 26 -27 -28 29 -30 31 -32 -33 34 -35 -36 -37 -38 39 -40 41 -42 -43 44 45 -46 47 -48 49 50
0xe9637632ae392333 10902 -1 -2 3 -4 -5 6 7 -8 9 10 -11 -12 -13 14 15 16 -17 -18 -19 -20 21 22 23 24 25 26 -27 -28 29 -30 31 -32 -33 34 -35 -36 -37 -38 39 -40 41 -42 -43 44 45 -46 47 -48 49 50