0x279c7cc925ed05a 10372 -1 -2 3 -4 -5 6 7 8 -9 -10 -11 -12 13 14 15 -16 17 18 19 20 -21 22 23 -24 -25 26 -27 -28 29 -30 -31 32 33 -34 35 -36 37 38 39 -40 -41 -42 43 44 -45 46 47 48 49 50
0x75098780ffeb32c2 9556 -1 -2 3 -4 -5 -6 7 8 -9 -10 -11 -12 13 14 15 -16 17 18 19 20 -21 22 23 -24 -25 26 -27 -28 29 -30 -31 32 33 -34 35 -36 37 38 39 -40 -41 -42 43 44 -45 46 47 48 49 50
0x887e3699380c3ea3 10372 -1 -2 3 -4 -5 6 7 8 -9 -10 -11 -12 13 14 15 -16 17 18 19 20 -21 22 23 -24 -25 26 -27 -28 29 -30 -31 32 33 -34 35 -36 37 38 39 -40 -41 -42 43 44 -45 46 47 48 49 50
0xd1fa1c80223287c8 10372 -1 -2 3 -4 -5 6 7 8 -9 -10 -11 -12 13 14 15 -16 17 18 19 20 -21 22 23 -24 -25 26 -27 -28 29 -30 -31 32 33 -34 35 -36 37 38 39 -40 -41 -42 43 44 -45 46 47 48 49 50
0x1ae90fb319110bd5 10372 -1 -2 3 -4 -5 6 7 8 -9 -10 -11 -12 13 14 15 -16 17 18 19 20 -21 22 23 -24 -25 26 -27 -28 29 -30 -31 32 33 -34 35 -36 37 38 39 -40 -41 -42 43 44 -45 46 47 48 49 50
0x4cf4cfdf25ebed1 10372 -1 -2 3 -4 -5 6 7 8 -9 -10 -11 -12 13 14 15 -16 17 18 19 20 -21 22 23 -24 -25 26 -27 -28 29 -30 -31 32 33 -34 35 -36 37 38 39 -40 -41 -42 43 44 -45 46 47 48 49 50
0xa7e169f51bb431f5 9841 -1 -2 3 -4 -5 6 7 8 -9 -10 -11 -12 13 14 15 -16 17 18 19 20 -21 22 23 -24 -25 26 -27 -28 -29 -30 -31 32 33 -34 35 -36 37 38 39 -40 -41 -42 43 44 -45 46 47 48 49 50
0x8e3e7eb1551e40b4 10372 -1 -2 3 -4 -5 6 7 8 -9 -10 -11 -12 13 14 15 -16 17 18 19 20 -21 22 23 -24 -25 26 -27 -28 29 -30 -31 32 33 -34 35 -36 37 38 39 -40 -41 -42 43 44 -45 46 47 48 49 50
0x4d1ae2cd0e6af00b 9025 -1 -2 3 -4 -5 6 7 8 -9 -10 -11 -12 13 14 15 -16 17 18 19 20 -21 22 23 -24 -25 26 -27 -28 -29 -30 -31 32 33 -34 35 -36 -37 38 39 -40 -41 -42 43 44 -45 46 47 48 49 50
0x69b19a030edec0b 10372 -1 -2 3 -4 -5 6 7 8 -9 -10 -11 -12 13 14 15 -16 17 18 19 20 -21 22 23 -24 -25 26 -27 -28 29 -30 -31 32 33 -34 35 -36 37 38 39 -40 -41 -42 43 44 -45 46 47 48 49 50
0xf1cbc9bd7abe4fa4 10372 -1 -2 3 -4 -5 6 7 8 -9 -10 -11 -12 13 14 15 -16 17 18 19 20 -21 22 23 -24 -25 26 -27 -28 29 -30 -31 32 33 -34 35 -36 37 38 39 -40 -41 -42 43 44 -45 46 47 48 49 50
0x1d4cdba87c7fa2b4 10372 -1 -2 3 -4 -5 6 7 8 -9 -10 -11 -12 13 14 15 -16 17 18 19 20 -21 22 23 -24 -25 26 -27 -28 29 -30 -31 32 33 -34 35 -36 37 38 39 -40 -41 -42 43 44 -45 46 47 48 49 50
0xf9e2f9fc6bfdc932 9556 -1 -2 3 -4 -5 -6 7 8 -9 -10 -11 -12 13 14 15 -16 17 18 19 20 -21 22 23 -24 -25 26 -27 -28 29 -30 -31 32 33 -34 35 -36 37 38 39 -40 -41 -42 43 44 -45 46 47 48 49 50
0x122e0ae9adf4ae35 10372 -1 -2 3 -4 -5 6 7 8 -9 -10 -11 -12 13 14 15 -16 17 18 19 20 -21 22 23 -24 -25 26 -27 -28 29 -30 -31 32 33 -34 35 -36 37 38 39 -40 -41 -42 43 44 -45 46 47 48 49 50
0xc03d57060848f788 10372 -1 -2 3 -4 -5 6 7 8 -9 -10 -11 -12 13 14 15 -16 17 18 19 20 -21 22 23 -24 -25 26 -27 -28 29 -30 -31 32 33 -34 35 -36 37 38 39 -40 -41 -42 43 44 -45 46 47 48 49 50
0x338cf177d49ab66b 10372 -1 -2 3 -4 -5 6 7 8 -9 -10 -11 -12 13 14 15 -16 17 18 19 20 -21 22 23 -24 -25 26 -27 -28 29 -30 -31 32 33 -34 35 -36 37 38 39 -40 -41 -42 43 44 -45 46 47 48 49 50
0xfc76bdcd6133e1e1 10372 -1 -2 3 -4 -5 6 7 8 -9 -10 -11 -12 13 14 15 -16 17 18 19 20 -21 22 23 -24 -25 26 -27 -28 29 -30 -31 32 33 -34 35 -36 37 38 39 -40 -41 -42 43 44 -45 46 47 48 49 50
0xbad026909c0f3f1a 9025 -1 -2 3 -4 -5 6 7 8 -9 -10 -11 -12 13 14 15 -16 17 18 19 20 -21 22 23 -24 -25 26 -27 -28 -29 -30 -31 32 33 -34 35 -36 -37 38 39 -40 -41 -42 43 44 -45 46 47 48 49 50
0xc098d128e3a29e21 10372 -1 -2 3 -4 -5 6 7 8 -9 -10 -11 -12 13 14 15 -16 17 18 19 20 -21 22 23 -24 -25 26 -27 -28 29 -30 -31 32 33 -34 35 -36 37 38 39 -40 -41 -42 43 44 -45 46 47 48 49 50
0x9fadcaf3348036c7 10372 -1 -2 3 -4 -5 6 7 8 -9 -10 -11 -12 13 14 15 -16 17 18 19 20 -21 22 23 -24 -25 26 -27 -28 29 -30 -31 32 33 -34 35 -36 37 38 39 -40 -41 -42 43 44 -45 46 47 48 49 50
0xfa3c156c739ab523 10372 -1 -2 3 -4 -5 6 7 8 -9 -10 -11 -12 13 14 15 -16 17 18 19 20 -21 22 23 -24 -25 26 -27 -28 29 -30 -31 32 33 -34 35 -36 37 38 39 -40 -41 -42 43 44 -45 46 47 48 49 50
0xf94d7a341c664fe7 9556 -1 -2 3 -4 -5 6 7 8 -9 -10 -11 -12 13 14 15 -16 17 18 19 20 -21 22 23 -24 -25 26 -27 -28 29 -30 -31 32 33 -34 35 -36 -37 38 39 -40 -41 -42 43 44 -45 46 47 48 49 50
0x60537ebbe02f36f5 10372 -1 -2 3 -4 -5 6 7 8 -9 -10 -11 -12 13 14 15 -16 17 18 19 20 -21 22 23 -24 -25 26 -27 -28 29 -30 -31 32 33 -34 35 -36 37 38 39 -40 -41 -42 43 44 -45 46 47 48 49 50
0xe517a54b80a395be 10372 -1 -2 3 -4 -5 6 7 8 -9 -10 -11 -12 13 14 15 -16 17 18 19 20 -21 22 23 -24 -25 26 -27 -28 29 -30 -31 32 33 -34 35 -36 37 38 39 -40 -41 -42 43 44 -45 46 47 48 49 50
0x2ab3c44027477c3c 10372 -1 -2 3 -4 -5 6 7 8 -9 -10 -11 -12 13 14 15 -16 17 18 19 20 -21 22 23 -24 -25 26 -27 -28 29 -30 -31 32 33 -34 35 -36 37 38 39 -40 -41 -42 43 44 -45 46 47 48 49 50
0x8f990e0653efad42 9556 -1 -2 3 -4 -5 -6 7 8 -9 -10 -11 -12 13 14 15 -16 17 18 19 20 -21 22 23 -24 -25 26 -27 -28 29 -30 -31 32 33 -34 35 -36 37 38 39 -40 -41 -42 43 44 -45 46 47 48 49 50
0x328558580a80db09 10372 -1 -2 3 -4 -5 6 7 8 -9 -10 -11 -12 13 14 15 -16 17 18 19 20 -21 22 23 -24 -25 26 -27 -28 29 -30 -31 32 33 -34 35 -36 37 38 39 -40 -41 -42 43 44 -45 46 47 48 49 50
0xe4767ebbd45bfdf9 10372 -1 -2 3 -4 -5 6 7 8 -9 -10 -11 -12 13 14 15 -16 17 18 19 20 -21 22 23 -24 -25 26 -27 -28 29 -30 -31 32 33 -34 35 -36 37 38 39 -40 -41 -42 43 44 -45 46 47 48 49 50
0xe364fc38a940b1b5 9556 -1 -2 3 -4 -5 6 7 8 -9 -10 -11 -12 13 14 15 -16 17 18 19 20 -21 22 23 -24 -25 26 -27 -28 29 -30 -31 32 33 -34 35 -36 -37 38 39 -40 -41 -42 43 44 -45 46 47 48 49 50
0x52bf79fb68f84d9e 10372 -1 -2 3 -4 -5 6 7 8 -9 -10 -11 -12 13 14 15 -16 17 18 19 20 -21 22 23 -24 -25 26 -27 -28 29 -30 -31 32 33 -34 35 -36 37 38 39 -40 -41 -42 43 44 -45 46 47 48 49 50