0xc6c7226d94842e73 10258 -1 -2 3 4 -5 6 7 -8 -9 10 -11 -12 13 14 -15 16 -17 -18 -19 20 21 22 23 -24 25 -26 27 28 -29 -30 31 32 33 -34 -35 -36 -37 38 39 40 41 -42 -43 -44 -45 -46 -47 -48 -49 -50
0xe94d30497416d4df 9265 -1 -2 3 4 -5 6 7 -8 9 10 -11 -12 13 14 -15 16 -17 -18 -19 -20 21 22 23 -24 25 -26 27 28 -29 -30 31 32 33 -34 -35 -36 -37 38 39 40 41 -42 -43 -44 -45 -46 -47 -48 -49 -50
0x9fea282055ac373 10268 -1 -2 3 4 -5 6 7 -8 9 10 -11 -12 13 14 -15 16 -17 -18 -19 20 21 22 23 -24 25 -26 27 28 -29 -30 31 32 33 -34 -35 -36 -37 38 39 40 41 -42 -43 -44 -45 -46 -47 -48 -49 -50
0xcffe079769f9eac3 10258 -1 -2 3 4 -5 6 7 -8 -9 10 -11 -12 13 14 -15 16 -17 -18 -19 20 21 22 23 -24 25 -26 27 28 -29 -30 31 32 33 -34 -35 -36 -37 38 39 40 41 -42 -43 -44 -45 -46 -47 -48 -49 -50
0xfbdb2eae02b56e10 9884 -1 -2 3 4 -5 6 7 -8 -9 10 -11 -12 13 14 -15 16 -17 -18 -19 20 21 22 -23 -24 25 -26 27 28 -29 -30 31 32 33 -34 -35 -36 -37 38 39 40 41 -42 -43 -44 -45 -46 -47 -48 -49 -50
0xd0f38e54b87eab1 10268 -1 -2 3 4 -5 6 7 -8 9 10 -11 -12 13 14 -15 16 -17 -18 -19 20 21 22 23 -24 25 -26 27 28 -29 -30 31 32 33 -34 -35 -36 -37 38 39 40 41 -42 -43 -44 -45 -46 -47 -48 -49 -50
0x6512db73c1c755f0 10268 -1 -2 3 4 -5 6 7 -8 9 10 -11 -12 13 14 -15 16 -17 -18 -19 20 21 22 23 -24 25 -26 27 28 -29 -30 31 32 33 -34 -35 -36 -37 38 39 40 41 -42 -43 -44 -45 -46 -47 -48 -49 -50
0x1c07e9300829eed9 10268 -1 -2 3 4 -5 6 7 -8 9 10 -11 -12 13 14 -15 16 -17 -18 -19 20 21 22 23 -24 25 -26 27 28 -29 -30 31 32 33 -34 -35 -36 -37 38 39 40 41 -42 -43 -44 -45 -46 -47 -48 -49 -50
0xa801634054ce4643 10258 -1 -2 3 4 -5 6 7 -8 -9 10 -11 -12 13 14 -15 16 -17 -18 -19 20 21 22 23 -24 25 -26 27 28 -29 -30 31 32 33 -34 -35 -36 -37 38 39 40 41 -42 -43 -44 -45 -46 -47 -48 -49 -50
0x38876d1e69ee891c 10268 -1 -2 3 4 -5 6 7 -8 9 10 -11 -12 13 14 -15 16 -17 -18 -19 20 21 22 23 -24 25 -26 27 28 -29 -30 31 32 33 -34 -35 -36 -37 38 39 40 41 -42 -43 -44 -45 -46 -47 -48 -49 -50
0xf035bfd0bd2f78f9 10258 -1 -2 3 4 -5 6 7 -8 -9 10 -11 -12 13 14 -15 16 -17 -18 -19 20 21 22 23 -24 25 -26 27 28 -29 -30 31 32 33 -34 -35 -36 -37 38 39 40 41 -42 -43 -44 -45 -46 -47 -48 -49 -50
0xfed07869264fbede 10268 -1 -2 3 4 -5 6 7 -8 9 10 -11 -12 13 14 -15 16 -17 -18 -19 20 21 22 23 -24 25 -26 27 28 -29 -30 31 32 33 -34 -35 -36 -37 38 39 40 41 -42 -43 -44 -45 -46 -47 -48 -49 -50
0xd2245dbb7e9c844a 9884 -1 -2 3 4 -5 6 7 -8 -9 10 -11 -12 13 14 -15 16 -17 -18 -19 20 21 22 -23 -24 25 -26 27 28 -29 -30 31 32 33 -34 -35 -36 -37 38 39 40 41 -42 -43 -44 -45 -46 -47 -48 -49 -50
0xabcf95efd3c7e87 10268 -1 -2 3 4 -5 6 7 -8 9 10 -11 -12 13 14 -15 16 -17 -18 -19 20 21 22 23 -24 25 -26 27 28 -29 -30 31 32 33 -34 -35 -36 -37 38 39 40 41 -42 -43 -44 -45 -46 -47 -48 -49 -50
0xde2c1fe6f35ad830 10268 -1 -2 3 4 -5 6 7 -8 9 10 -11 -12 13 14 -15 16 -17 -18 -19 20 21 22 23 -24 25 -26 27 28 -29 -30 31 32 33 -34 -35 -36 -37 38 39 40 41 -42 -43 -44 -45 -46 -47 -48 -49 -50
0x91d04821c5442e18 10268 -1 -2 3 4 -5 6 7 -8 9 10 -11 -12 13 14 -15 16 -17 -18 -19 20 21 22 23 -24 25 -26 27 28 -29 -30 31 32 33 -34 -35 -36 -37 38 39 40 41 -42 -43 -44 -45 -46 -47 -48 -49 -50
0xd5f80de4c18bcc5d 10268 -1 -2 3 4 -5 6 7 -8 9 10 -11 -12 13 14 -15 16 -17 -18 -19 20 21 22 23 -24 25 -26 27 28 -29 -30 31 32 33 -34 -35 -36 -37 38 39 40 41 -42 -43 -44 -45 -46 -47 -48 -49 -50
0x866914e1ead41e0c 10258 -1 -2 3 4 -5 6 7 -8 -9 10 -11 -12 13 14 -15 16 -17 -18 -19 20 21 22 23 -24 25 -26 27 28 -29 -30 31 32 33 -34 -35 -36 -37 38 39 40 41 -42 -43 -44 -45 -46 -47 -48 -49 -50
0xd8bfb0eb49d3058f 10268 -1 -2 3 4 -5 6 7 -8 9 10 -11 -12 13 14 -15 16 -17 -18 -19 20 21 22 23 -24 25 -26 27 28 -29 -30 31 32 33 -34 -35 -36 -37 38 39 40 41 -42 -43 -44 -45 -46 -47 -48 -49 -50
0xf71fddfcaf76db3d 10268 -1 -2 3 4 -5 6 7 -8 9 10 -11 -12 13 14 -15 16 -17 -18 -19 20 21 22 23 -24 25 -26 27 28 -29 -30 31 32 33 -34 -35 -36 -37 38 39 40 41 -42 -43 -44 -45 -46 -47 -48 -49 -50
0x51bdec5d2888dd41 10268 -1 -2 3 4 -5 6 7 -8 9 10 -11 -12 13 14 -15 16 -17 -18 -19 20 21 22 23 -24 25 -26 27 28 -29 -30 31 32 33 -34 -35 -36 -37 38 39 40 41 -42 -43 -44 -45 -46 -47 -48 -49 -50
0xbfe31f436545bcb 10258 -1 -2 3 4 -5 6 7 -8 -9 10 -11 -12 13 14 -15 16 -17 -18 -19 20 21 22 23 -24 25 -26 27 28 -29 -30 31 32 33 -34 -35 -36 -37 38 39 40 41 -42 -43 -44 -45 -46 -47 -48 -49 -50
0x8bc0bce6c429ed75 10258 -1 -2 3 4 -5 6 7 -8 -9 10 -11 -12 13 14 -15 16 -17 -18 -19 20 21 22 23 -24 25 -26 27 28 -29 -30 31 32 33 -34 -35 -36 -37 38 39 40 41 -42 -43 -44 -45 -46 -47 -48 -49 -50
0x9a1d437ad7b437f8 10258 -1 -2 3 4 -5 6 7 -8 -9 10 -11 -12 13 14 -15 16 -17 -18 -19 20 21 22 23 -24 25 -26 27 28 -29 -30 31 32 33 -34 -35 -36 -37 38 39 40 41 -42 -43 -44 -45 -46 -47 -48 -49 -50
0xf25ecd27b9de1910 9301 1 2 -3 -4 5 6 7 8 9 -10 11 -12 -13 14 -15 -16 -17 -18 19 -20 21 -22 23 -24 25 26 27 28 -29 30 31 32 33 -34 35 -36 37 38 39 40 41 42 -43 44 -45 46 -47 48 -49 50
0x37b5d0fb5fc03bad 10268 -1 -2 3 4 -5 6 7 -8 9 10 -11 -12 13 14 -15 16 -17 -18 -19 20 21 22 23 -24 25 -26 27 28 -29 -30 31 32 33 -34 -35 -36 -37 38 39 40 41 -42 -43 -44 -45 -46 -47 -48 -49 -50
0x791ac530caee655b 10268 -1 -2 3 4 -5 6 7 -8 9 10 -11 -12 13 14 -15 16 -17 -18 -19 20 21 22 23 -24 25 -26 27 28 -29 -30 31 32 33 -34 -35 -36 -37 38 39 40 41 -42 -43 -44 -45 -46 -47 -48 -49 -50
0xe7a5c11d6cb07f4 10268 -1 -2 3 4 -5 6 7 -8 9 10 -11 -12 13 14 -15 16 -17 -18 -19 20 21 22 23 -24 25 -26 27 28 -29 -30 31 32 33 -34 -35 -36 -37 38 39 40 41 -42 -43 -44 -45 -46 -47 -48 -49 -50
0x4fbfea0ae981e384 9894 -1 -2 3 4 -5 6 7 -8 9 10 -11 -12 13 14 -15 16 -17 -18 -19 20 21 22 -23 -24 25 -26 27 28 -29 -30 31 32 33 -34 -35 -36 -37 38 39 40 41 -42 -43 -44 -45 -46 -47 -48 -49 -50
0xf604185b68dac469 10258 -1 -2 3 4 -5 6 7 -8 -9 10 -11 -12 13 14 -15 16 -17 -18 -19 20 21 22 23 -24 25 -26 27 28 -29 -30 31 32 33 -34 -35 -36 -37 38 39 40 41 -42 -43 -44 -45 -46 -47 -48 -49 -50