0x68d7585806d89c2f 4231 -1 2 3 4 5 6 7 8 9 -10 -11 12 13 14 -15 16 -17 -18 19 -20 -21 22 -23 24 -25 -26 27 28 29 30 31 32 33 34 -35 36 -37 38 -39 40 -41 -42 -43 44 -45 46 47 -48 49 -50
0xd0005433af8aeb33 4176 -1 2 3 4 5 6 7 8 9 -10 -11 12 13 14 -15 16 -17 18 19 -20 -21 22 -23 24 -25 -26 27 28 29 30 31 32 33 34 -35 36 -37 -38 -39 40 -41 -42 -43 44 45 46 47 -48 49 -50
0xe77d02167d95117b 4239 -1 2 3 4 5 6 7 8 9 -10 -11 12 13 14 -15 16 -17 18 19 -20 -21 22 -23 24 -25 -26 27 28 29 30 31 32 33 34 -35 36 -37 38 -39 40 -41 -42 -43 44 -45 46 47 -48 49 -50
0xbc829edfcb11f253 4216 -1 2 3 4 5 6 7 8 9 -10 -11 12 13 14 -15 16 -17 18 19 -20 -21 22 -23 24 -25 -26 27 -28 29 30 31 32 33 34 -35 36 -37 38 -39 40 41 -42 -43 44 -45 46 47 -48 49 -50
0x7cc46844131861a6 4216 -1 2 3 4 5 6 7 8 9 -10 -11 12 13 14 -15 16 -17 18 19 -20 -21 22 -23 24 -25 -26 27 -28 29 30 31 32 33 34 -35 36 -37 38 -39 40 41 -42 -43 44 -45 46 47 -48 49 -50
0x80a1ba0c8b0b4353 4216 -1 2 3 4 5 6 7 8 9 -10 -11 12 13 14 -15 16 -17 18 19 -20 -21 22 -23 24 -25 -26 27 -28 29 30 31 32 33 34 -35 36 -37 38 -39 40 41 -42 -43 44 -45 46 47 -48 49 -50
0x7ebe37136312d680 4216 -1 2 3 4 5 6 7 8 9 -10 -11 12 13 14 -15 16 -17 18 19 -20 -21 22 -23 24 -25 -26 27 -28 29 30 31 32 33 34 -35 36 -37 38 -39 40 41 -42 -43 44 -45 46 47 -48 49 -50
0xb2fe3f565b88278c 4239 -1 2 3 4 5 6 7 8 9 -10 -11 12 13 14 -15 16 -17 18 19 -20 -21 22 -23 24 -25 -26 27 28 29 30 31 32 33 34 -35 36 -37 38 -39 40 -41 -42 -43 44 -45 46 47 -48 49 -50
0x6af04b5636b59e38 4168 -1 2 3 4 5 6 7 8 9 -10 -11 12 13 14 -15 16 -17 -18 19 -20 -21 22 -23 24 -25 -26 27 28 29 30 31 32 33 34 -35 36 -37 -38 -39 40 -41 -42 -43 44 45 46 47 -48 49 -50
0x9c5228b5abd5f411 3864 -1 2 3 4 5 6 7 8 9 -10 -11 12 13 14 -15 16 -17 -18 19 -20 -21 22 -23 24 -25 -26 27 28 29 30 31 -32 33 34 -35 36 -37 -38 -39 40 -41 -42 -43 44 45 46 47 -48 49 -50
0x57f0541099b91f21 4176 -1 2 3 4 5 6 7 8 9 -10 -11 12 13 14 -15 16 -17 18 19 -20 -21 22 -23 24 -25 -26 27 28 29 30 31 32 33 34 -35 36 -37 -38 -39 40 -41 -42 -43 44 45 46 47 -48 49 -50
0x788ec1aaca0fcd6 4139 -1 2 3 4 5 6 7 8 9 -10 -11 12 13 -14 -15 16 -17 18 19 -20 -21 22 -23 24 -25 -26 27 28 29 30 31 32 33 34 -35 36 -37 -38 -39 40 -41 -42 -43 44 45 46 47 -48 49 -50
0x942b1bd9ade43a50 4068 -1 2 3 4 5 6 7 8 9 -10 -11 12 13 14 -15 16 -17 18 19 -20 -21 22 -23 24 -25 -26 27 28 29 30 31 32 33 34 -35 36 -37 38 -39 40 -41 -42 -43 44 -45 -46 47 -48 49 -50
0xce44fbf6f97f6752 3999 -1 2 3 4 5 6 7 8 9 -10 -11 12 13 14 -15 16 -17 -18 19 -20 -21 22 -23 24 -25 -26 27 -28 29 30 31 32 33 34 -35 36 -37 -38 -39 40 41 -42 -43 44 -45 46 47 -48 49 -50
0x75b44f4e14721f24 4176 -1 2 3 4 5 6 7 8 9 -10 -11 12 13 14 -15 16 -17 18 19 -20 -21 22 -23 24 -25 -26 27 28 29 30 31 32 33 34 -35 36 -37 -38 -39 40 -41 -42 -43 44 45 46 47 -48 49 -50
0x74501e921c3d0acb 3985 -1 2 3 4 5 6 7 8 9 -10 -11 12 13 -14 -15 16 -17 -18 19 -20 -21 22 -23 24 -25 -26 27 28 29 30 31 32 33 34 -35 36 -37 -38 -39 40 -41 -42 -43 44 -45 46 47 -48 49 -50
0x76aeeed862cf2837 3849 -1 2 3 4 5 6 7 8 9 -10 -11 12 13 14 -15 16 -17 18 19 -20 -21 22 -23 24 -25 -26 27 -28 29 30 31 -32 33 34 -35 36 -37 -38 -39 40 41 -42 -43 44 45 46 47 -48 49 -50
0x806317d1490069ca 4153 -1 2 3 4 5 6 7 8 9 -10 -11 12 13 14 -15 16 -17 18 19 -20 -21 22 -23 24 -25 -26 27 -28 29 30 31 32 33 34 -35 36 -37 -38 -39 40 41 -42 -43 44 45 46 47 -48 49 -50
0x4eb80549384c0027 4239 -1 2 3 4 5 6 7 8 9 -10 -11 12 13 14 -15 16 -17 18 19 -20 -21 22 -23 24 -25 -26 27 28 29 30 31 32 33 34 -35 36 -37 38 -39 40 -41 -42 -43 44 -45 46 47 -48 49 -50
0x77407fdf900e3a3c 4045 -1 2 3 4 5 6 7 8 9 -10 -11 12 13 14 -15 16 -17 18 19 -20 -21 22 -23 24 -25 -26 27 -28 29 30 31 32 33 34 -35 36 -37 38 -39 40 41 -42 -43 44 -45 -46 47 -48 49 -50
0xe54b5906f7062793 4153 -1 2 3 4 5 6 7 8 9 -10 -11 12 13 14 -15 16 -17 18 19 -20 -21 22 -23 24 -25 -26 27 -28 29 30 31 32 33 34 -35 36 -37 -38 -39 40 41 -42 -43 44 45 46 47 -48 49 -50
0x6815163e69a368d5 4176 -1 2 3 4 5 6 7 8 9 -10 -11 12 13 14 -15 16 -17 18 19 -20 -21 22 -23 24 -25 -26 27 28 29 30 31 32 33 34 -35 36 -37 -38 -39 40 -41 -42 -43 44 45 46 47 -48 49 -50
0xda8a778c6efcda9f 4208 -1 2 3 4 5 6 7 8 9 -10 -11 12 13 14 -15 16 -17 -18 19 -20 -21 22 -23 24 -25 -26 27 -28 29 30 31 32 33 34 -35 36 -37 38 -39 40 41 -42 -43 44 -45 46 47 -48 49 -50
0x57e8f53ea36d068a 3686 -1 2 3 4 5 6 7 8 9 -10 -11 12 13 14 -15 16 -17 18 19 -20 -21 22 -23 24 -25 -26 -27 28 29 30 31 -32 33 34 -35 36 -37 -38 -39 40 -41 -42 -43 44 45 -46 47 -48 49 -50
0x55bf90e5b6fd8676 4231 -1 2 3 4 5 6 7 8 9 -10 -11 12 13 14 -15 16 -17 -18 19 -20 -21 22 -23 24 -25 -26 27 28 29 30 31 32 33 34 -35 36 -37 38 -39 40 -41 -42 -43 44 -45 46 47 -48 49 -50
0x1f03958bb942c616 4208 -1 2 3 4 5 6 7 8 9 -10 -11 12 13 14 -15 16 -17 -18 19 -20 -21 22 -23 24 -25 -26 27 -28 29 30 31 32 33 34 -35 36 -37 38 -39 40 41 -42 -43 44 -45 46 47 -48 49 -50
0x6c5a2336224dcec1 4239 -1 2 3 4 5 6 7 8 9 -10 -11 12 13 14 -15 16 -17 18 19 -20 -21 22 -23 24 -25 -26 27 28 29 30 31 32 33 34 -35 36 -37 38 -39 40 -41 -42 -43 44 -45 46 47 -48 49 -50
0x1767749f460e4cff 4239 -1 2 3 4 5 6 7 8 9 -10 -11 12 13 14 -15 16 -17 18 19 -20 -21 22 -23 24 -25 -26 27 28 29 30 31 32 33 34 -35 36 -37 38 -39 40 -41 -42 -43 44 -45 46 47 -48 49 -50
0xfe0db0e82cf930d6 4208 -1 2 3 4 5 6 7 8 9 -10 -11 12 13 14 -15 16 -17 -18 19 -20 -21 22 -23 24 -25 -26 27 -28 29 30 31 32 33 34 -35 36 -37 38 -39 40 41 -42 -43 44 -45 46 47 -48 49 -50
0x2693994a5ae77f71 4231 -1 2 3 4 5 6 7 8 9 -10 -11 12 13 14 -15 16 -17 -18 19 -20 -21 22 -23 24 -25 -26 27 28 29 30 31 32 33 34 -35 36 -37 38 -39 40 -41 -42 -43 44 -45 46 47 -48 49 -50