0x6c887d6cdbd26e1a 186 1 -2 3 -4 5 6 -7 8 -9 10 -11 -12 13 14 -15 16 -17 18 -19 -20 21 -22 -23 -24 25 -26 -27 -28 29 30 31 -32 -33 -34 35 36 -37 38 -39 40 41 42 43 44 45 -46 47 -48 49 -50
0x4d893029e2087b56 25 1 -2 3 -4 -5 6 -7 8 -9 10 -11 -12 13 14 -15 16 -17 18 -19 -20 21 -22 -23 -24 25 -26 -27 -28 29 30 31 -32 -33 -34 35 36 -37 38 -39 40 41 42 43 44 45 -46 47 -48 49 -50
0x8b8e55b5a7e90f9c 25 1 -2 3 -4 -5 6 -7 8 -9 10 -11 -12 13 14 -15 16 -17 18 -19 -20 21 -22 -23 -24 25 -26 -27 -28 29 30 31 -32 -33 -34 35 36 -37 38 -39 40 41 42 43 44 45 -46 47 -48 49 -50
0x7b31527879c1013d 186 1 -2 3 -4 5 6 -7 8 -9 10 -11 -12 13 14 -15 16 -17 18 -19 -20 21 -22 -23 -24 25 -26 -27 -28 29 30 31 -32 -33 -34 35 36 -37 38 -39 40 41 42 43 44 45 -46 47 -48 49 -50
0x8997336376ec6ba2 3553 -1 -2 3 4 -5 6 -7 8 -9 -10 11 12 13 -14 -15 -16 17 -18 -19 -20 21 -22 23 -24 -25 -26 27 28 -29 -30 31 32 -33 34 -35 36 37 38 -39 40 -41 -42 -43 44 -45 -46 47 48 -49 -50
0xc3242b4a87b3b776 25 1 -2 3 -4 -5 6 -7 8 -9 10 -11 -12 13 14 -15 16 -17 18 -19 -20 21 -22 -23 -24 25 -26 -27 -28 29 30 31 -32 -33 -34 35 36 -37 38 -39 40 41 42 43 44 45 -46 47 -48 49 -50
0xfdd151826cddeb0f 3072 -1 -2 3 -4 5 6 -7 8 9 10 -11 -12 -13 -14 -15 16 17 -18 -19 -20 21 -22 23 -24 25 -26 27 28 -29 -30 31 -32 33 34 -35 -36 37 -38 -39 40 41 -42 -43 -44 45 -46 47 -48 49 50
0x7094ddb6d3a9cf23 25 1 -2 3 -4 -5 6 -7 8 -9 10 -11 -12 13 14 -15 16 -17 18 -19 -20 21 -22 -23 -24 25 -26 -27 -28 29 30 31 -32 -33 -34 35 36 -37 38 -39 40 41 42 43 44 45 -46 47 -48 49 -50
0x97185d0f3be9b3a9 186 1 -2 3 -4 5 6 -7 8 -9 10 -11 -12 13 14 -15 16 -17 18 -19 -20 21 -22 -23 -24 25 -26 -27 -28 29 30 31 -32 -33 -34 35 36 -37 38 -39 40 41 42 43 44 45 -46 47 -48 49 -50
0x90df9c8546f3e10c 186 1 -2 3 -4 5 6 -7 8 -9 10 -11 -12 13 14 -15 16 -17 18 -19 -20 21 -22 -23 -24 25 -26 -27 -28 29 30 31 -32 -33 -34 35 36 -37 38 -39 40 41 42 43 44 45 -46 47 -48 49 -50
0x5a46447e913c0197 186 1 -2 3 -4 5 6 -7 8 -9 10 -11 -12 13 14 -15 16 -17 18 -19 -20 21 -22 -23 -24 25 -26 -27 -28 29 30 31 -32 -33 -34 35 36 -37 38 -39 40 41 42 43 44 45 -46 47 -48 49 -50
0xed9961b1adf80f1d 5002 1 -2 -3 -4 5 6 -7 -8 9 -10 11 12 13 14 -15 16 17 18 19 20 21 22 23 -24 -25 26 27 28 -29 30 31 32 -33 34 -35 -36 -37 -38 39 -40 -41 42 43 -44 -45 -46 -47 48 -49 -50
0x684d5737f06d90e9 186 1 -2 3 -4 5 6 -7 8 -9 10 -11 -12 13 14 -15 16 -17 18 -19 -20 21 -22 -23 -24 25 -26 -27 -28 29 30 31 -32 -33 -34 35 36 -37 38 -39 40 41 42 43 44 45 -46 47 -48 49 -50
0x1527f5efe1aa35e6 4032 -1 2 -3 4 5 -6 7 -8 -9 -10 -11 -12 -13 14 15 16 17 -18 -19 -20 -21 -22 -23 -24 -25 26 -27 -28 29 30 31 32 33 34 35 -36 -37 -38 39 -40 41 -42 -43 -44 -45 -46 -47 48 -49 50
0x8d17b47997e2619b 186 1 -2 3 -4 5 6 -7 8 -9 10 -11 -12 13 14 -15 16 -17 18 -19 -20 21 -22 -23 -24 25 -26 -27 -28 29 30 31 -32 -33 -34 35 36 -37 38 -39 40 41 42 43 44 45 -46 47 -48 49 -50
0xe0c3fdd145b35ce5 186 1 -2 3 -4 5 6 -7 8 -9 10 -11 -12 13 14 -15 16 -17 18 -19 -20 21 -22 -23 -24 25 -26 -27 -28 29 30 31 -32 -33 -34 35 36 -37 38 -39 40 41 42 43 44 45 -46 47 -48 49 -50
0xff582e862313be56 186 1 -2 3 -4 5 6 -7 8 -9 10 -11 -12 13 14 -15 16 -17 18 -19 -20 21 -22 -23 -24 25 -26 -27 -28 29 30 31 -32 -33 -34 35 36 -37 38 -39 40 41 42 43 44 45 -46 47 -48 49 -50
0x4781d82b7c7be97c 186 1 -2 3 -4 5 6 -7 8 -9 10 -11 -12 13 14 -15 16 -17 18 -19 -20 21 -22 -23 -24 25 -26 -27 -28 29 30 31 -32 -33 -34 35 36 -37 38 -39 40 41 42 43 44 45 -46 47 -48 49 -50
0x92ac125206226fea 186 1 -2 3 -4 5 6 -7 8 -9 10 -11 -12 13 14 -15 16 -17 18 -19 -20 21 -22 -23 -24 25 -26 -27 -28 29 30 31 -32 -33 -34 35 36 -37 38 -39 40 41 42 43 44 45 -46 47 -48 49 -50
0xcbaf9ecab4d966c9 186 1 -2 3 -4 5 6 -7 8 -9 10 -11 -12 13 14 -15 16 -17 18 -19 -20 21 -22 -23 -24 25 -26 -27 -28 29 30 31 -32 -33 -34 35 36 -37 38 -39 40 41 42 43 44 45 -46 47 -48 49 -50
0xf11a991f6c8d86a2 186 1 -2 3 -4 5 6 -7 8 -9 10 -11 -12 13 14 -15 16 -17 18 -19 -20 21 -22 -23 -24 25 -26 -27 -28 29 30 31 -32 -33 -34 35 36 -37 38 -39 40 41 42 43 44 45 -46 47 -48 49 -50
0x469dcd4d4511016a 186 1 -2 3 -4 5 6 -7 8 -9 10 -11 -12 13 14 -15 16 -17 18 -19 -20 21 -22 -23 -24 25 -26 -27 -28 29 30 31 -32 -33 -34 35 36 -37 38 -39 40 41 42 43 44 45 -46 47 -48 49 -50
0xba9311c3f5783acf 186 1 -2 3 -4 5 6 -7 8 -9 10 -11 -12 13 14 -15 16 -17 18 -19 -20 21 -22 -23 -24 25 -26 -27 -28 29 30 31 -32 -33 -34 35 36 -37 38 -39 40 41 42 43 44 45 -46 47 -48 49 -50
0x4cf140a0a736cec3 186 1 -2 3 -4 5 6 -7 8 -9 10 -11 -12 13 14 -15 16 -17 18 -19 -20 21 -22 -23 -24 25 -26 -27 -28 29 30 31 -32 -33 -34 35 36 -37 38 -39 40 41 42 43 44 45 -46 47 -48 49 -50
0xa39fac2b029f9246 25 1 -2 3 -4 -5 6 -7 8 -9 10 -11 -12 13 14 -15 16 -17 18 -19 -20 21 -22 -23 -24 25 -26 -27 -28 29 30 31 -32 -33 -34 35 36 -37 38 -39 40 41 42 43 44 45 -46 47 -48 49 -50
0xd8342a8b60aa7a78 186 1 -2 3 -4 5 6 -7 8 -9 10 -11 -12 13 14 -15 16 -17 18 -19 -20 21 -22 -23 -24 25 -26 -27 -28 29 30 31 -32 -33 -34 35 36 -37 38 -39 40 41 42 43 44 45 -46 47 -48 49 -50
0xf3fc14d0482f95de 5002 1 2 3 -4 5 -6 7 8 9 -10 11 12 -13 14 -15 16 17 -18 19 -20 21 -22 23 24 -25 26 27 -28 29 -30 -31 32 33 -34 35 -36 37 38 -39 40 -41 -42 -43 -44 -45 -46 -47 48 49 -50
0xe401d523795e83f5 3717 -1 -2 -3 -4 5 -6 7 8 9 10 -11 12 13 -14 15 16 -17 18 19 -20 21 22 23 -24 -25 -26 27 -28 -29 30 31 -32 -33 -34 35 36 37 38 -39 40 41 -42 43 -44 -45 46 -47 -48 -49 50
0xeecde046f75e16f5 186 1 -2 3 -4 5 6 -7 8 -9 10 -11 -12 13 14 -15 16 -17 18 -19 -20 21 -22 -23 -24 25 -26 -27 -28 29 30 31 -32 -33 -34 35 36 -37 38 -39 40 41 42 43 44 45 -46 47 -48 49 -50
0x86e9b10e8330c47d 3875 -1 -2 -3 4 -5 -6 -7 -8 9 10 11 -12 -13 -14 -15 -16 17 18 19 -20 21 22 23 -24 25 26 27 -28 -29 30 31 -32 -33 34 35 -36 37 38 -39 40 41 -42 -43 -44 45 -46 -47 -48 -49 50