2025-07-08 16:20:56,630 [    114]   WARN - #c.i.i.p.PluginManager - Cannot load /home/tomjedno/.local/share/JetBrains/IntelliJIdea2025.1/kotlin-jupyter-core/lib/kotlin-jupyter-core.jar
java.lang.IllegalArgumentException: includeUnless of 'include' is not supported
	at com.intellij.ide.plugins.XmlReader.checkConditionalIncludeIsSupported(XmlReader.kt:936)
	at com.intellij.ide.plugins.XmlReader.readInclude(XmlReader.kt:881)
	at com.intellij.ide.plugins.XmlReader.readRootElementChild(XmlReader.kt:298)
	at com.intellij.ide.plugins.XmlReader.access$readRootElementChild(XmlReader.kt:1)
	at com.intellij.ide.plugins.XmlReader.readModuleDescriptor(XmlReader.kt:106)
	at com.intellij.ide.plugins.XmlReader.readModuleDescriptor(XmlReader.kt:52)
	at com.intellij.ide.plugins.PluginDescriptorLoader.loadDescriptorFromStream(PluginDescriptorLoader.kt:180)
	at com.intellij.ide.plugins.PluginDescriptorLoader.loadDescriptorFromJar(PluginDescriptorLoader.kt:141)
	at com.intellij.ide.plugins.PluginDescriptorLoader.loadDescriptorFromJar$default(PluginDescriptorLoader.kt:124)
	at com.intellij.ide.plugins.PluginDescriptorLoader.loadFromPluginDir(PluginDescriptorLoader.kt:316)
	at com.intellij.ide.plugins.PluginDescriptorLoader.loadDescriptorFromFileOrDir(PluginDescriptorLoader.kt:272)
	at com.intellij.ide.plugins.PluginDescriptorLoader.loadDescriptorFromFileOrDir$default(PluginDescriptorLoader.kt:259)
	at com.intellij.ide.plugins.PluginDescriptorLoader$loadDescriptorsFromDir$1$1$1.invokeSuspend(PluginDescriptorLoader.kt:1222)
	at kotlin.coroutines.jvm.internal.BaseContinuationImpl.resumeWith(ContinuationImpl.kt:33)
	at kotlinx.coroutines.DispatchedTask.run(DispatchedTask.kt:104)
	at kotlinx.coroutines.internal.SoftLimitedDispatcher$Worker.run(SoftLimitedDispatcher.kt:125)
	at kotlinx.coroutines.scheduling.TaskImpl.run(Tasks.kt:99)
	at kotlinx.coroutines.scheduling.CoroutineScheduler.runSafely(CoroutineScheduler.kt:608)
	at kotlinx.coroutines.scheduling.CoroutineScheduler$Worker.executeTask(CoroutineScheduler.kt:873)
	at kotlinx.coroutines.scheduling.CoroutineScheduler$Worker.runWorker(CoroutineScheduler.kt:763)
	at kotlinx.coroutines.scheduling.CoroutineScheduler$Worker.run(CoroutineScheduler.kt:750)
2025-07-08 16:20:56,937 [    421]   WARN - #c.i.i.p.PluginManager - Problems found loading plugins:
  File '~/.local/share/JetBrains/IntelliJIdea2025.1/kotlin-jupyter-core/lib/kotlin-jupyter-core.jar' contains invalid plugin descriptor
2025-07-08 16:20:57,347 [    831]   WARN - #c.i.c.ComponentStoreImpl - Scheme file "My setup.xml" is not loaded because defines duplicated name "My setup"
2025-07-08 16:20:57,347 [    831]   WARN - #c.i.c.ComponentStoreImpl - Scheme file "Windows copy Proper Redo2.xml" is not loaded because defines duplicated name "Windows copy Proper Redo"
2025-07-08 16:20:57,347 [    831]   WARN - #c.i.c.ComponentStoreImpl - Scheme file "GNOME copy.xml" is not loaded because defines duplicated name "GNOME copy"
2025-07-08 16:20:58,718 [   2202]   WARN - #c.i.i.u.UIThemeBean - Do not set theme id in JSON (value=f92a0fa7-1a98-47cd-b5cb-78ff67e6f4f3)
2025-07-08 16:20:58,724 [   2208]   WARN - #c.i.s.ComponentManagerImpl - com.intellij.testFramework.fixtures.HeavyIdeaTestFixturePathProviderImpl
java.lang.ClassNotFoundException: com.intellij.testFramework.fixtures.HeavyIdeaTestFixturePathProviderImpl
	at com.intellij.util.lang.UrlClassLoader.findClass(UrlClassLoader.java:235)
	at java.base/java.lang.ClassLoader.loadClass(ClassLoader.java:593)
	at java.base/java.lang.ClassLoader.loadClass(ClassLoader.java:526)
	at com.intellij.serviceContainer.ComponentManagerImplKt.doLoadClass(ComponentManagerImpl.kt:1465)
	at com.intellij.serviceContainer.ComponentManagerImplKt.doLoadClass$default(ComponentManagerImpl.kt:1457)
	at com.intellij.serviceContainer.ServiceDescriptorInstanceInitializer.loadInstanceClass(ServiceInstanceInitializer.kt:90)
	at com.intellij.platform.instanceContainer.internal.LazyInstanceHolder.instanceClass(LazyInstanceHolder.kt:55)
	at com.intellij.serviceContainer.ComponentManagerImpl.processAllHolders$process(ComponentManagerImpl.kt:1264)
	at com.intellij.serviceContainer.ComponentManagerImpl.processAllHolders(ComponentManagerImpl.kt:1283)
	at com.intellij.serviceContainer.ComponentManagerImpl.processAllImplementationClasses(ComponentManagerImpl.kt:1256)
	at com.intellij.configurationStore.ExportSettingsActionKt.getExportableComponentsMap(ExportSettingsAction.kt:217)
	at com.intellij.configurationStore.ExportSettingsActionKt.getExportableComponentsMap$default(ExportSettingsAction.kt:191)
	at com.intellij.settingsSync.core.SettingsSyncIdeMediatorImpl.getInitialSnapshot(SettingsSyncIdeMediatorImpl.kt:125)
	at com.intellij.settingsSync.core.SettingsSyncMain$Companion.init$lambda$1(SettingsSyncMain.kt:69)
	at com.intellij.settingsSync.core.GitSettingsLog.copyExistingSettings(GitSettingsLog.kt:166)
	at com.intellij.settingsSync.core.GitSettingsLog.logExistingSettings(GitSettingsLog.kt:150)
	at com.intellij.settingsSync.core.SettingsSyncBridge.applyInitialChanges(SettingsSyncBridge.kt:152)
	at com.intellij.settingsSync.core.SettingsSyncBridge.access$applyInitialChanges(SettingsSyncBridge.kt:24)
	at com.intellij.settingsSync.core.SettingsSyncBridge$initialize$1$1.invokeSuspend(SettingsSyncBridge.kt:116)
	at com.intellij.settingsSync.core.SettingsSyncBridge$initialize$1$1.invoke(SettingsSyncBridge.kt)
	at com.intellij.settingsSync.core.SettingsSyncBridge$initialize$1$1.invoke(SettingsSyncBridge.kt)
	at kotlinx.coroutines.intrinsics.UndispatchedKt.startUndispatchedOrReturn(Undispatched.kt:62)
	at kotlinx.coroutines.CoroutineScopeKt.coroutineScope(CoroutineScope.kt:261)
	at com.intellij.platform.util.progress.impl.EmptyProgressStep.withText(EmptyProgressStep.kt:22)
	at com.intellij.platform.util.progress.StepsKt.withProgressText(steps.kt:135)
	at com.intellij.settingsSync.core.SettingsSyncBridge$initialize$1.invokeSuspend(SettingsSyncBridge.kt:101)
	at kotlin.coroutines.jvm.internal.BaseContinuationImpl.resumeWith(ContinuationImpl.kt:33)
	at kotlinx.coroutines.DispatchedTask.run(DispatchedTask.kt:104)
	at kotlinx.coroutines.scheduling.CoroutineScheduler.runSafely(CoroutineScheduler.kt:608)
	at kotlinx.coroutines.scheduling.CoroutineScheduler$Worker.executeTask(CoroutineScheduler.kt:873)
	at kotlinx.coroutines.scheduling.CoroutineScheduler$Worker.runWorker(CoroutineScheduler.kt:763)
	at kotlinx.coroutines.scheduling.CoroutineScheduler$Worker.run(CoroutineScheduler.kt:750)
2025-07-08 16:20:58,731 [   2215]   WARN - #c.i.i.u.UIThemeBean - Do not set theme id in JSON (value=1a92aa6f-c2f1-4994-ae01-6a78e43eeb24)
2025-07-08 16:20:58,740 [   2224]   WARN - #c.i.i.u.UIThemeBean - Do not set theme id in JSON (value=4b6007f7-b596-4ee2-96f9-968d3d3eb392)
2025-07-08 16:20:58,749 [   2233]   WARN - #c.i.i.u.UIThemeBean - Do not set theme id in JSON (value=4f556d32-83cb-4b8b-9932-c4eccc4ce3af)
2025-07-08 16:20:58,788 [   2272]   WARN - #c.i.o.e.c.i.EditorColorsManagerImpl - Skipping '_@user_Night Owl (Material)' because its parent scheme 'Night Owl (Material)' is missing.
2025-07-08 16:20:58,788 [   2272]   WARN - #c.i.o.e.c.i.EditorColorsManagerImpl - Skipping '_@user_Solarized Light (Material)' because its parent scheme 'Solarized Light (Material)' is missing.
2025-07-08 16:20:58,789 [   2273]   WARN - #c.i.o.e.c.i.EditorColorsManagerImpl - Skipping '_@user_Atom One Dark (Material)' because its parent scheme 'Atom One Dark (Material)' is missing.
2025-07-08 16:20:58,789 [   2273]   WARN - #c.i.o.e.c.i.EditorColorsManagerImpl - Skipping '_@user_Material Sky Blue' because its parent scheme 'Material Sky Blue' is missing.
2025-07-08 16:20:58,789 [   2273]   WARN - #c.i.o.e.c.i.EditorColorsManagerImpl - Skipping '_@user_Dracula (Material)' because its parent scheme 'Dracula (Material)' is missing.
2025-07-08 16:20:58,789 [   2273]   WARN - #c.i.o.e.c.i.EditorColorsManagerImpl - Skipping '_@user_Moonlight (Material)' because its parent scheme 'Moonlight (Material)' is missing.
2025-07-08 16:20:58,789 [   2273]   WARN - #c.i.o.e.c.i.EditorColorsManagerImpl - Skipping '_@user_SynthWave '84 (Material)' because its parent scheme 'SynthWave '84 (Material)' is missing.
2025-07-08 16:20:58,789 [   2273]   WARN - #c.i.o.e.c.i.EditorColorsManagerImpl - Skipping '_@user_Monokai Pro (Material)' because its parent scheme 'Monokai Pro (Material)' is missing.
2025-07-08 16:20:58,789 [   2273]   WARN - #c.i.o.e.c.i.EditorColorsManagerImpl - Skipping '_@user_Material Darker' because its parent scheme 'Material Darker' is missing.
2025-07-08 16:20:58,791 [   2275]   WARN - #c.i.o.e.c.i.EditorColorsManagerImpl - Skipping '_@user_Solarized Dark (Material)' because its parent scheme 'Solarized Dark (Material)' is missing.
2025-07-08 16:20:58,791 [   2275]   WARN - #c.i.o.e.c.i.EditorColorsManagerImpl - Skipping '_@user_Material Space' because its parent scheme 'Material Space' is missing.
2025-07-08 16:20:58,791 [   2275]   WARN - #c.i.o.e.c.i.EditorColorsManagerImpl - Skipping '_@user_Arc Dark (Material)' because its parent scheme 'Arc Dark (Material)' is missing.
2025-07-08 16:20:58,909 [   2393]   WARN - #c.i.s.ComponentManagerImpl - com.intellij.testFramework.fixtures.HeavyIdeaTestFixturePathProviderImpl
java.lang.ClassNotFoundException: com.intellij.testFramework.fixtures.HeavyIdeaTestFixturePathProviderImpl
	at com.intellij.util.lang.UrlClassLoader.findClass(UrlClassLoader.java:235)
	at java.base/java.lang.ClassLoader.loadClass(ClassLoader.java:593)
	at java.base/java.lang.ClassLoader.loadClass(ClassLoader.java:526)
	at com.intellij.serviceContainer.ComponentManagerImplKt.doLoadClass(ComponentManagerImpl.kt:1465)
	at com.intellij.serviceContainer.ComponentManagerImplKt.doLoadClass$default(ComponentManagerImpl.kt:1457)
	at com.intellij.serviceContainer.ServiceDescriptorInstanceInitializer.loadInstanceClass(ServiceInstanceInitializer.kt:90)
	at com.intellij.platform.instanceContainer.internal.LazyInstanceHolder.instanceClass(LazyInstanceHolder.kt:55)
	at com.intellij.serviceContainer.ComponentManagerImpl.processAllHolders$process(ComponentManagerImpl.kt:1264)
	at com.intellij.serviceContainer.ComponentManagerImpl.processAllHolders(ComponentManagerImpl.kt:1283)
	at com.intellij.serviceContainer.ComponentManagerImpl.processAllImplementationClasses(ComponentManagerImpl.kt:1256)
	at com.intellij.settingsSync.core.SettingsSyncFilteringKt.findComponentClasses(SettingsSyncFiltering.kt:110)
	at com.intellij.settingsSync.core.SettingsSyncFilteringKt.getRoamableCategory(SettingsSyncFiltering.kt:68)
	at com.intellij.settingsSync.core.SettingsSyncFilteringKt.isSyncCategoryEnabled(SettingsSyncFiltering.kt:21)
	at com.intellij.settingsSync.core.SettingsSyncIdeMediatorImpl.getInitialSnapshot(SettingsSyncIdeMediatorImpl.kt:127)
	at com.intellij.settingsSync.core.SettingsSyncMain$Companion.init$lambda$1(SettingsSyncMain.kt:69)
	at com.intellij.settingsSync.core.GitSettingsLog.copyExistingSettings(GitSettingsLog.kt:166)
	at com.intellij.settingsSync.core.GitSettingsLog.logExistingSettings(GitSettingsLog.kt:150)
	at com.intellij.settingsSync.core.SettingsSyncBridge.applyInitialChanges(SettingsSyncBridge.kt:152)
	at com.intellij.settingsSync.core.SettingsSyncBridge.access$applyInitialChanges(SettingsSyncBridge.kt:24)
	at com.intellij.settingsSync.core.SettingsSyncBridge$initialize$1$1.invokeSuspend(SettingsSyncBridge.kt:116)
	at com.intellij.settingsSync.core.SettingsSyncBridge$initialize$1$1.invoke(SettingsSyncBridge.kt)
	at com.intellij.settingsSync.core.SettingsSyncBridge$initialize$1$1.invoke(SettingsSyncBridge.kt)
	at kotlinx.coroutines.intrinsics.UndispatchedKt.startUndispatchedOrReturn(Undispatched.kt:62)
	at kotlinx.coroutines.CoroutineScopeKt.coroutineScope(CoroutineScope.kt:261)
	at com.intellij.platform.util.progress.impl.EmptyProgressStep.withText(EmptyProgressStep.kt:22)
	at com.intellij.platform.util.progress.StepsKt.withProgressText(steps.kt:135)
	at com.intellij.settingsSync.core.SettingsSyncBridge$initialize$1.invokeSuspend(SettingsSyncBridge.kt:101)
	at kotlin.coroutines.jvm.internal.BaseContinuationImpl.resumeWith(ContinuationImpl.kt:33)
	at kotlinx.coroutines.DispatchedTask.run(DispatchedTask.kt:104)
	at kotlinx.coroutines.scheduling.CoroutineScheduler.runSafely(CoroutineScheduler.kt:608)
	at kotlinx.coroutines.scheduling.CoroutineScheduler$Worker.executeTask(CoroutineScheduler.kt:873)
	at kotlinx.coroutines.scheduling.CoroutineScheduler$Worker.runWorker(CoroutineScheduler.kt:763)
	at kotlinx.coroutines.scheduling.CoroutineScheduler$Worker.run(CoroutineScheduler.kt:750)
2025-07-08 16:21:00,085 [   3569] SEVERE - #c.i.c.e.InspectionToolRegistrar - Short name 'UnusedVariable' is not unique
class 'gdscript.inspection.GdUnusedVariableInspection' in PluginDescriptor(name=GdScript, id=ice.explosive.gdscript, descriptorPath=plugin.xml, path=~/.local/share/JetBrains/IntelliJIdea2025.1/GdScript, version=2.7.0, package=null, isBundled=false)
and class 'org.jetbrains.kotlin.idea.k2.codeinsight.inspections.diagnosticBased.UnusedVariableInspection' in PluginDescriptor(name=Kotlin, id=org.jetbrains.kotlin, moduleName=kotlin.code-insight.inspections.k2, descriptorPath=kotlin.code-insight.inspections.k2.xml, path=~/.local/share/JetBrains/Toolbox/apps/intellij-idea-ultimate/plugins/Kotlin, version=251.26927.53-IJ, package=org.jetbrains.kotlin.idea.k2.codeinsight.inspections, isBundled=true)
conflict
com.intellij.diagnostic.PluginException: Short name 'UnusedVariable' is not unique
class 'gdscript.inspection.GdUnusedVariableInspection' in PluginDescriptor(name=GdScript, id=ice.explosive.gdscript, descriptorPath=plugin.xml, path=~/.local/share/JetBrains/IntelliJIdea2025.1/GdScript, version=2.7.0, package=null, isBundled=false)
and class 'org.jetbrains.kotlin.idea.k2.codeinsight.inspections.diagnosticBased.UnusedVariableInspection' in PluginDescriptor(name=Kotlin, id=org.jetbrains.kotlin, moduleName=kotlin.code-insight.inspections.k2, descriptorPath=kotlin.code-insight.inspections.k2.xml, path=~/.local/share/JetBrains/Toolbox/apps/intellij-idea-ultimate/plugins/Kotlin, version=251.26927.53-IJ, package=org.jetbrains.kotlin.idea.k2.codeinsight.inspections, isBundled=true)
conflict
	at com.intellij.codeInspection.ex.InspectionToolRegistrarKt.checkForDuplicateShortName(InspectionToolRegistrar.kt:204)
	at com.intellij.codeInspection.ex.InspectionToolRegistrarKt.registerInspection(InspectionToolRegistrar.kt:161)
	at com.intellij.codeInspection.ex.InspectionToolRegistrarKt.access$registerInspection(InspectionToolRegistrar.kt:1)
	at com.intellij.codeInspection.ex.InspectionToolRegistrar.registerInspections(InspectionToolRegistrar.kt:66)
	at com.intellij.codeInspection.ex.InspectionToolRegistrar.<init>(InspectionToolRegistrar.kt:45)
	at java.base/java.lang.invoke.MethodHandle.invokeWithArguments(MethodHandle.java:733)
	at com.intellij.platform.instanceContainer.instantiation.InstantiateKt.instantiate$lambda$0(instantiate.kt:47)
	at com.intellij.platform.instanceContainer.instantiation.InstantiateKt.instantiate$lambda$8$lambda$7(instantiate.kt:289)
	at com.intellij.platform.instanceContainer.instantiation.InstantiateKt.withStoredTemporaryContext(instantiate.kt:306)
	at com.intellij.platform.instanceContainer.instantiation.InstantiateKt.instantiate(instantiate.kt:288)
	at com.intellij.platform.instanceContainer.instantiation.InstantiateKt.instantiate(instantiate.kt:40)
	at com.intellij.serviceContainer.LightServiceInstanceSupport$LightServiceInstanceInitializer.createInstance(LightServiceInstanceSupport.kt:47)
	at com.intellij.platform.instanceContainer.internal.LazyInstanceHolder$initialize$1$1.invokeSuspend(LazyInstanceHolder.kt:163)
	at com.intellij.platform.instanceContainer.internal.LazyInstanceHolder$initialize$1$1.invoke(LazyInstanceHolder.kt)
	at com.intellij.platform.instanceContainer.internal.LazyInstanceHolder$initialize$1$1.invoke(LazyInstanceHolder.kt)
	at kotlinx.coroutines.intrinsics.UndispatchedKt.startUndispatchedOrReturn(Undispatched.kt:62)
	at kotlinx.coroutines.BuildersKt__Builders_commonKt.withContext(Builders.common.kt:163)
	at kotlinx.coroutines.BuildersKt.withContext(Unknown Source)
	at com.intellij.platform.instanceContainer.internal.LazyInstanceHolder$initialize$1.invokeSuspend(LazyInstanceHolder.kt:161)
	at com.intellij.platform.instanceContainer.internal.LazyInstanceHolder$initialize$1.invoke(LazyInstanceHolder.kt)
	at com.intellij.platform.instanceContainer.internal.LazyInstanceHolder$initialize$1.invoke(LazyInstanceHolder.kt)
	at kotlinx.coroutines.intrinsics.UndispatchedKt.startCoroutineUndispatched(Undispatched.kt:27)
	at kotlinx.coroutines.CoroutineStart.invoke(CoroutineStart.kt:90)
	at kotlinx.coroutines.AbstractCoroutine.start(AbstractCoroutine.kt:123)
	at kotlinx.coroutines.BuildersKt__Builders_commonKt.launch(Builders.common.kt:52)
	at kotlinx.coroutines.BuildersKt.launch(Unknown Source)
	at com.intellij.platform.instanceContainer.internal.LazyInstanceHolder.initialize(LazyInstanceHolder.kt:146)
	at com.intellij.platform.instanceContainer.internal.LazyInstanceHolder.access$initialize(LazyInstanceHolder.kt:14)
	at com.intellij.platform.instanceContainer.internal.LazyInstanceHolder.tryInitialize(LazyInstanceHolder.kt:136)
	at com.intellij.platform.instanceContainer.internal.LazyInstanceHolder.getInstance(LazyInstanceHolder.kt:96)
	at com.intellij.platform.instanceContainer.internal.LazyInstanceHolder.getInstanceInCallerContext$suspendImpl(LazyInstanceHolder.kt:88)
	at com.intellij.platform.instanceContainer.internal.LazyInstanceHolder.getInstanceInCallerContext(LazyInstanceHolder.kt)
	at com.intellij.serviceContainer.ComponentManagerImplKt$doGetOrCreateInstanceBlocking$1.invokeSuspend(ComponentManagerImpl.kt:1565)
	at kotlin.coroutines.jvm.internal.BaseContinuationImpl.resumeWith(ContinuationImpl.kt:33)
	at kotlinx.coroutines.DispatchedTask.run(DispatchedTask.kt:104)
	at kotlinx.coroutines.EventLoopImplBase.processNextEvent(EventLoop.common.kt:277)
	at kotlinx.coroutines.BlockingCoroutine.joinBlocking(Builders.kt:112)
	at kotlinx.coroutines.BuildersKt__BuildersKt.runBlocking$BuildersKt__BuildersKt(Builders.kt:85)
	at kotlinx.coroutines.BuildersKt__BuildersKt.runBlocking(Builders.kt:53)
	at kotlinx.coroutines.BuildersKt.runBlocking(Unknown Source)
	at com.intellij.serviceContainer.ComponentManagerImplKt.runBlockingInitialization$lambda$10(ComponentManagerImpl.kt:1683)
	at com.intellij.openapi.progress.ContextKt.prepareThreadContext(context.kt:81)
	at com.intellij.serviceContainer.ComponentManagerImplKt.runBlockingInitialization(ComponentManagerImpl.kt:1674)
	at com.intellij.serviceContainer.ComponentManagerImplKt.doGetOrCreateInstanceBlocking(ComponentManagerImpl.kt:1564)
	at com.intellij.serviceContainer.ComponentManagerImplKt.getOrCreateInstanceBlocking(ComponentManagerImpl.kt:1559)
	at com.intellij.serviceContainer.ComponentManagerImpl.doGetService(ComponentManagerImpl.kt:752)
	at com.intellij.serviceContainer.ComponentManagerImpl.getService(ComponentManagerImpl.kt:696)
	at com.intellij.codeInspection.ex.InspectionToolRegistrar$Companion.getInstance(InspectionToolRegistrar.kt:235)
	at com.intellij.codeInspection.ex.InspectionToolRegistrar.getInstance(InspectionToolRegistrar.kt)
	at com.intellij.codeInspection.ex.InspectionProfileImpl.<init>(InspectionProfileImpl.java:86)
	at com.intellij.codeInsight.daemon.DaemonCodeAnalyzerSettingsImpl.loadState(DaemonCodeAnalyzerSettingsImpl.kt:46)
	at com.intellij.codeInsight.daemon.DaemonCodeAnalyzerSettingsImpl.loadState(DaemonCodeAnalyzerSettingsImpl.kt:17)
	at com.intellij.configurationStore.ComponentStoreImpl.doInitComponent(ComponentStoreImpl.kt:531)
	at com.intellij.configurationStore.ComponentStoreImpl.initComponent(ComponentStoreImpl.kt:451)
	at com.intellij.configurationStore.ComponentStoreImpl.initComponent(ComponentStoreImpl.kt:152)
	at com.intellij.configurationStore.ComponentStoreWithExtraComponents.initComponent(ComponentStoreWithExtraComponents.kt:46)
	at com.intellij.serviceContainer.ComponentManagerImpl.initializeService$intellij_platform_serviceContainer(ComponentManagerImpl.kt:654)
	at com.intellij.serviceContainer.ServiceInstanceInitializer.createInstance$lambda$1$lambda$0(ServiceInstanceInitializer.kt:69)
	at com.intellij.platform.instanceContainer.instantiation.InstantiateKt.withStoredTemporaryContext(instantiate.kt:306)
	at com.intellij.serviceContainer.ServiceInstanceInitializer.createInstance$suspendImpl(ServiceInstanceInitializer.kt:68)
	at com.intellij.serviceContainer.ServiceInstanceInitializer.createInstance(ServiceInstanceInitializer.kt)
	at com.intellij.platform.instanceContainer.internal.LazyInstanceHolder$initialize$1$1.invokeSuspend(LazyInstanceHolder.kt:163)
	at com.intellij.platform.instanceContainer.internal.LazyInstanceHolder$initialize$1$1.invoke(LazyInstanceHolder.kt)
	at com.intellij.platform.instanceContainer.internal.LazyInstanceHolder$initialize$1$1.invoke(LazyInstanceHolder.kt)
	at kotlinx.coroutines.intrinsics.UndispatchedKt.startUndispatchedOrReturn(Undispatched.kt:62)
	at kotlinx.coroutines.BuildersKt__Builders_commonKt.withContext(Builders.common.kt:163)
	at kotlinx.coroutines.BuildersKt.withContext(Unknown Source)
	at com.intellij.platform.instanceContainer.internal.LazyInstanceHolder$initialize$1.invokeSuspend(LazyInstanceHolder.kt:161)
	at com.intellij.platform.instanceContainer.internal.LazyInstanceHolder$initialize$1.invoke(LazyInstanceHolder.kt)
	at com.intellij.platform.instanceContainer.internal.LazyInstanceHolder$initialize$1.invoke(LazyInstanceHolder.kt)
	at kotlinx.coroutines.intrinsics.UndispatchedKt.startCoroutineUndispatched(Undispatched.kt:27)
	at kotlinx.coroutines.CoroutineStart.invoke(CoroutineStart.kt:90)
	at kotlinx.coroutines.AbstractCoroutine.start(AbstractCoroutine.kt:123)
	at kotlinx.coroutines.BuildersKt__Builders_commonKt.launch(Builders.common.kt:52)
	at kotlinx.coroutines.BuildersKt.launch(Unknown Source)
	at com.intellij.platform.instanceContainer.internal.LazyInstanceHolder.initialize(LazyInstanceHolder.kt:146)
	at com.intellij.platform.instanceContainer.internal.LazyInstanceHolder.access$initialize(LazyInstanceHolder.kt:14)
	at com.intellij.platform.instanceContainer.internal.LazyInstanceHolder.tryInitialize(LazyInstanceHolder.kt:136)
	at com.intellij.platform.instanceContainer.internal.LazyInstanceHolder.getInstance(LazyInstanceHolder.kt:96)
	at com.intellij.platform.instanceContainer.internal.LazyInstanceHolder.getInstance$suspendImpl(LazyInstanceHolder.kt:84)
	at com.intellij.platform.instanceContainer.internal.LazyInstanceHolder.getInstance(LazyInstanceHolder.kt)
	at com.intellij.platform.instanceContainer.internal.InstanceContainerImpl.instance(InstanceContainerImpl.kt:67)
	at com.intellij.serviceContainer.ComponentManagerImpl.getServiceAsync(ComponentManagerImpl.kt:700)
	at com.intellij.openapi.components.ServicesKt.serviceAsync(services.kt:81)
	at com.intellij.openapi.project.impl.IdeProjectFrameAllocatorKt$restoreEditors$2$daemonCodeAnalyzerSettingsJob$1.invokeSuspend(IdeProjectFrameAllocator.kt:536)
	at kotlin.coroutines.jvm.internal.BaseContinuationImpl.resumeWith(ContinuationImpl.kt:33)
	at kotlinx.coroutines.DispatchedTask.run(DispatchedTask.kt:104)
	at kotlinx.coroutines.scheduling.CoroutineScheduler.runSafely(CoroutineScheduler.kt:608)
	at kotlinx.coroutines.scheduling.CoroutineScheduler$Worker.executeTask(CoroutineScheduler.kt:873)
	at kotlinx.coroutines.scheduling.CoroutineScheduler$Worker.runWorker(CoroutineScheduler.kt:763)
	at kotlinx.coroutines.scheduling.CoroutineScheduler$Worker.run(CoroutineScheduler.kt:750)
2025-07-08 16:21:00,090 [   3574] SEVERE - #c.i.c.e.InspectionToolRegistrar - IntelliJ IDEA 2025.1.3  Build #IU-251.26927.53
2025-07-08 16:21:00,090 [   3574] SEVERE - #c.i.c.e.InspectionToolRegistrar - JDK: 21.0.7; VM: OpenJDK 64-Bit Server VM; Vendor: JetBrains s.r.o.
2025-07-08 16:21:00,090 [   3574] SEVERE - #c.i.c.e.InspectionToolRegistrar - OS: Linux
2025-07-08 16:21:00,091 [   3575] SEVERE - #c.i.c.e.InspectionToolRegistrar - Plugin to blame: GdScript version: 2.7.0
2025-07-08 16:21:00,091 [   3575] SEVERE - #c.i.c.e.InspectionToolRegistrar - Last Action: 
2025-07-08 16:21:01,533 [   5017]   WARN - #o.j.s.SbtUtil$ - Can't calculate external root project path for project `mwsat-solver-fine-tuning`, fallback to `ProjectUtil.guessProjectDir`
src/gbm_drv_common.c:131: GBM-DRV error (get_bytes_per_component): Unknown or not supported format: 808530000

src/gbm_drv_common.c:131: GBM-DRV error (get_bytes_per_component): Unknown or not supported format: 808530000

src/gbm_drv_common.c:131: GBM-DRV error (get_bytes_per_component): Unknown or not supported format: 808530000

src/gbm_drv_common.c:131: GBM-DRV error (get_bytes_per_component): Unknown or not supported format: 808530000

src/gbm_drv_common.c:131: GBM-DRV error (get_bytes_per_component): Unknown or not supported format: 808530000

src/gbm_drv_common.c:131: GBM-DRV error (get_bytes_per_component): Unknown or not supported format: 808530000

src/gbm_drv_common.c:131: GBM-DRV error (get_bytes_per_component): Unknown or not supported format: 808530000

src/gbm_drv_common.c:131: GBM-DRV error (get_bytes_per_component): Unknown or not supported format: 808530000

src/gbm_drv_common.c:131: GBM-DRV error (get_bytes_per_component): Unknown or not supported format: 808530000

src/gbm_drv_common.c:131: GBM-DRV error (get_bytes_per_component): Unknown or not supported format: 808530000

2025-07-08 16:21:02,410 [   5894]   WARN - #c.i.i.s.i.StartupManagerImpl - Migrate org.overengineer.inlineproblems.ProjectStartupActivity to ProjectActivity [Plugin: org.OverEngineer.InlineProblems]
com.intellij.diagnostic.PluginException: Migrate org.overengineer.inlineproblems.ProjectStartupActivity to ProjectActivity [Plugin: org.OverEngineer.InlineProblems]
	at com.intellij.ide.startup.impl.StartupManagerImpl.doRunPostStartupActivities(StartupManagerImpl.kt:293)
	at com.intellij.ide.startup.impl.StartupManagerImpl.access$doRunPostStartupActivities(StartupManagerImpl.kt:70)
	at com.intellij.ide.startup.impl.StartupManagerImpl$runPostStartupActivities$3$2.invokeSuspend(StartupManagerImpl.kt:193)
	at com.intellij.ide.startup.impl.StartupManagerImpl$runPostStartupActivities$3$2.invoke(StartupManagerImpl.kt)
	at com.intellij.ide.startup.impl.StartupManagerImpl$runPostStartupActivities$3$2.invoke(StartupManagerImpl.kt)
	at kotlinx.coroutines.intrinsics.UndispatchedKt.startUndispatchedOrReturn(Undispatched.kt:62)
	at kotlinx.coroutines.BuildersKt__Builders_commonKt.withContext(Builders.common.kt:163)
	at kotlinx.coroutines.BuildersKt.withContext(Unknown Source)
	at com.intellij.ide.startup.impl.StartupManagerImpl$runPostStartupActivities$3.invokeSuspend(StartupManagerImpl.kt:192)
	at kotlin.coroutines.jvm.internal.BaseContinuationImpl.resumeWith(ContinuationImpl.kt:33)
	at kotlinx.coroutines.DispatchedTask.run(DispatchedTask.kt:104)
	at kotlinx.coroutines.scheduling.CoroutineScheduler.runSafely(CoroutineScheduler.kt:608)
	at kotlinx.coroutines.scheduling.CoroutineScheduler$Worker.executeTask(CoroutineScheduler.kt:873)
	at kotlinx.coroutines.scheduling.CoroutineScheduler$Worker.runWorker(CoroutineScheduler.kt:763)
	at kotlinx.coroutines.scheduling.CoroutineScheduler$Worker.run(CoroutineScheduler.kt:750)
2025-07-08 16:21:02,614 [   6098]   WARN - #c.i.m.l.c.q.QuotaManager2 - Quota refill state was updated by another thread, wanted to update to Error(exception=java.lang.IllegalStateException: Returned result does not match the condition, previous=null)
2025-07-08 16:21:02,615 [   6099]   WARN - #c.i.m.l.c.q.QuotaManager2 - Wanted to update to Error(exception=java.lang.IllegalStateException: Returned result does not match the condition)
2025-07-08 16:21:03,418 [   6902]   WARN - #o.j.s.SbtUtil$ - Can't calculate external root project path for project `mwsat-solver-fine-tuning`, fallback to `ProjectUtil.guessProjectDir`
2025-07-08 16:21:28,319 [  31803]   WARN - #o.j.s.SbtUtil$ - Can't calculate external root project path for project `mwsat-solver-fine-tuning`, fallback to `ProjectUtil.guessProjectDir`
2025-07-08 16:21:57,514 [  60998]   WARN - #o.j.s.SbtUtil$ - Can't calculate external root project path for project `mwsat-solver-fine-tuning`, fallback to `ProjectUtil.guessProjectDir`
2025-07-08 16:21:57,679 [  61163]   WARN - #o.j.s.SbtUtil$ - Can't calculate external root project path for project `mwsat-solver-fine-tuning`, fallback to `ProjectUtil.guessProjectDir`
2025-07-08 16:21:57,868 [  61352]   WARN - #git4idea.repo.GitSubmodule - Submodule not registered as a repository: file:///home/tomjedno/Playground/temp/mwsat-solver-fine-tuning/sources/cooling
2025-07-08 16:22:17,614 [  81098]   WARN - #git4idea.repo.GitSubmodule - Submodule not registered as a repository: file:///home/tomjedno/Playground/temp/mwsat-solver-fine-tuning/sources/cooling
2025-07-08 16:22:18,832 [  82316]   WARN - #o.j.s.SbtUtil$ - Can't calculate external root project path for project `mwsat-solver-fine-tuning`, fallback to `ProjectUtil.guessProjectDir`
2025-07-08 16:22:18,847 [  82331]   WARN - #c.i.s.ComponentManagerImpl - com.intellij.testFramework.fixtures.HeavyIdeaTestFixturePathProviderImpl
java.lang.ClassNotFoundException: com.intellij.testFramework.fixtures.HeavyIdeaTestFixturePathProviderImpl
	at com.intellij.util.lang.UrlClassLoader.findClass(UrlClassLoader.java:235)
	at java.base/java.lang.ClassLoader.loadClass(ClassLoader.java:593)
	at java.base/java.lang.ClassLoader.loadClass(ClassLoader.java:526)
	at com.intellij.serviceContainer.ComponentManagerImplKt.doLoadClass(ComponentManagerImpl.kt:1465)
	at com.intellij.serviceContainer.ComponentManagerImplKt.doLoadClass$default(ComponentManagerImpl.kt:1457)
	at com.intellij.serviceContainer.ServiceDescriptorInstanceInitializer.loadInstanceClass(ServiceInstanceInitializer.kt:90)
	at com.intellij.platform.instanceContainer.internal.LazyInstanceHolder.instanceClass(LazyInstanceHolder.kt:55)
	at com.intellij.serviceContainer.ComponentManagerImpl.processAllHolders$process(ComponentManagerImpl.kt:1264)
	at com.intellij.serviceContainer.ComponentManagerImpl.processAllHolders(ComponentManagerImpl.kt:1283)
	at com.intellij.serviceContainer.ComponentManagerImpl.processAllImplementationClasses(ComponentManagerImpl.kt:1256)
	at com.intellij.settingsSync.core.SettingsSyncFilteringKt.findComponentClasses(SettingsSyncFiltering.kt:110)
	at com.intellij.settingsSync.core.SettingsSyncFilteringKt.getRoamableCategory(SettingsSyncFiltering.kt:68)
	at com.intellij.settingsSync.core.SettingsSyncFilteringKt.isSyncCategoryEnabled(SettingsSyncFiltering.kt:21)
	at com.intellij.settingsSync.core.SettingsSyncIdeMediatorImpl.write(SettingsSyncIdeMediatorImpl.kt:155)
	at com.intellij.configurationStore.CompoundStreamProvider.write(CompoundStreamProvider.kt:43)
	at com.intellij.configurationStore.XmlElementStorage$XmlElementStorageSaveSessionProducer$XmlSaveSession.doSave(XmlElementStorage.kt:274)
	at com.intellij.configurationStore.XmlElementStorage$XmlElementStorageSaveSessionProducer$XmlSaveSession.save$lambda$0(XmlElementStorage.kt:258)
	at com.intellij.openapi.progress.CoroutinesKt.blockingContextInner(coroutines.kt:345)
	at com.intellij.openapi.progress.CoroutinesKt$blockingContext$2.invokeSuspend(coroutines.kt:237)
	at com.intellij.openapi.progress.CoroutinesKt$blockingContext$2.invoke(coroutines.kt)
	at com.intellij.openapi.progress.CoroutinesKt$blockingContext$2.invoke(coroutines.kt)
	at kotlinx.coroutines.intrinsics.UndispatchedKt.startUndispatchedOrReturn(Undispatched.kt:62)
	at kotlinx.coroutines.CoroutineScopeKt.coroutineScope(CoroutineScope.kt:261)
	at com.intellij.openapi.progress.CoroutinesKt.blockingContext(coroutines.kt:236)
	at com.intellij.configurationStore.XmlElementStorage$XmlElementStorageSaveSessionProducer$XmlSaveSession.save(XmlElementStorage.kt:258)
	at com.intellij.configurationStore.SaveSessionProducerManager.saveSession(SaveSessionProducerManager.kt:100)
	at com.intellij.configurationStore.SaveSessionProducerManager.saveSessions(SaveSessionProducerManager.kt:67)
	at com.intellij.configurationStore.SaveSessionProducerManager.save(SaveSessionProducerManager.kt:42)
	at com.intellij.configurationStore.AppStorageContentWriter.saveSession(ApplicationStoreBridge.kt:102)
	at com.intellij.workspaceModel.ide.impl.jps.serialization.JpsGlobalModelSynchronizerImpl.saveGlobalEntities(JpsGlobalModelSynchronizerImpl.kt:104)
	at com.intellij.configurationStore.ApplicationStoreImpl.doSave$intellij_platform_configurationStore_impl(ApplicationStoreImpl.kt:73)
	at com.intellij.configurationStore.ComponentStoreImpl.save$suspendImpl(ComponentStoreImpl.kt:223)
	at com.intellij.configurationStore.ComponentStoreImpl.save(ComponentStoreImpl.kt)
	at com.intellij.configurationStore.StoreUtilKt$saveSettings$2.invokeSuspend(storeUtil.kt:110)
	at com.intellij.configurationStore.StoreUtilKt$saveSettings$2.invoke(storeUtil.kt)
	at com.intellij.configurationStore.StoreUtilKt$saveSettings$2.invoke(storeUtil.kt)
	at kotlinx.coroutines.intrinsics.UndispatchedKt.startUndispatchedOrReturn(Undispatched.kt:62)
	at kotlinx.coroutines.BuildersKt__Builders_commonKt.withContext(Builders.common.kt:163)
	at kotlinx.coroutines.BuildersKt.withContext(Unknown Source)
	at com.intellij.configurationStore.StoreUtilKt.saveSettings(storeUtil.kt:109)
	at com.intellij.configurationStore.StoreUtilKt$saveProjectsAndApp$2$saveAppJob$1.invokeSuspend(storeUtil.kt:232)
	at kotlin.coroutines.jvm.internal.BaseContinuationImpl.resumeWith(ContinuationImpl.kt:33)
	at kotlinx.coroutines.DispatchedTask.run(DispatchedTask.kt:104)
	at kotlinx.coroutines.scheduling.CoroutineScheduler.runSafely(CoroutineScheduler.kt:608)
	at kotlinx.coroutines.scheduling.CoroutineScheduler$Worker.executeTask(CoroutineScheduler.kt:873)
	at kotlinx.coroutines.scheduling.CoroutineScheduler$Worker.runWorker(CoroutineScheduler.kt:763)
	at kotlinx.coroutines.scheduling.CoroutineScheduler$Worker.run(CoroutineScheduler.kt:750)
2025-07-08 16:22:18,875 [  82359]   WARN - #git4idea.repo.GitSubmodule - Submodule not registered as a repository: file:///home/tomjedno/Playground/temp/mwsat-solver-fine-tuning/sources/cooling
2025-07-08 16:22:19,321 [  82805]   WARN - #git4idea.repo.GitSubmodule - Submodule not registered as a repository: file:///home/tomjedno/Playground/temp/mwsat-solver-fine-tuning/sources/cooling
2025-07-08 16:22:21,797 [  85281]   WARN - #git4idea.repo.GitSubmodule - Submodule not registered as a repository: file:///home/tomjedno/Playground/temp/mwsat-solver-fine-tuning/sources/cooling
2025-07-08 16:23:13,419 [ 136903]   WARN - #git4idea.repo.GitSubmodule - Submodule not registered as a repository: file:///home/tomjedno/Playground/temp/mwsat-solver-fine-tuning/sources/cooling
2025-07-08 16:23:32,874 [ 156358]   WARN - #git4idea.repo.GitSubmodule - Submodule not registered as a repository: file:///home/tomjedno/Playground/temp/mwsat-solver-fine-tuning/sources/cooling
2025-07-08 16:23:41,466 [ 164950]   WARN - #git4idea.repo.GitSubmodule - Submodule not registered as a repository: file:///home/tomjedno/Playground/temp/mwsat-solver-fine-tuning/sources/cooling
2025-07-08 16:23:47,346 [ 170830]   WARN - #git4idea.repo.GitSubmodule - Submodule not registered as a repository: file:///home/tomjedno/Playground/temp/mwsat-solver-fine-tuning/sources/cooling
2025-07-08 16:23:47,841 [ 171325]   WARN - #o.j.s.SbtUtil$ - Can't calculate external root project path for project `mwsat-solver-fine-tuning`, fallback to `ProjectUtil.guessProjectDir`
