0x98dbc41b94c28dba 1704 -1 2 3 -4 -5 6 7 -8 -9 -10 11 -12 -13 -14 -15 16 -17 18 19 20
0x418bb3bae005c7aa 1704 -1 2 3 -4 -5 6 7 -8 -9 -10 11 -12 -13 -14 -15 16 -17 18 19 20
0x584a8780f9feba5d 1704 -1 2 3 -4 -5 6 7 -8 -9 -10 11 -12 -13 -14 -15 16 -17 18 19 20
0xe3b80b2f61dbb8ea 1704 -1 2 3 -4 -5 6 7 -8 -9 -10 11 -12 -13 -14 -15 16 -17 18 19 20
0x556a803c222ad69b 1704 -1 2 3 -4 -5 6 7 -8 -9 -10 11 -12 -13 -14 -15 16 -17 18 19 20
0x2b38f7f3273b1c00 1704 -1 2 3 -4 -5 6 7 -8 -9 -10 11 -12 -13 -14 -15 16 -17 18 19 20
0x77e836f47f1e6469 1704 -1 2 3 -4 -5 6 7 -8 -9 -10 11 -12 -13 -14 -15 16 -17 18 19 20
0x8b5c68b41817cb6e 1704 -1 2 3 -4 -5 6 7 -8 -9 -10 11 -12 -13 -14 -15 16 -17 18 19 20
0x696da2f9813caa69 1704 -1 2 3 -4 -5 6 7 -8 -9 -10 11 -12 -13 -14 -15 16 -17 18 19 20
0x37bd3963514e25f9 1704 -1 2 3 -4 -5 6 7 -8 -9 -10 11 -12 -13 -14 -15 16 -17 18 19 20
0xfc29e0dd50114b7f 1704 -1 2 3 -4 -5 6 7 -8 -9 -10 11 -12 -13 -14 -15 16 -17 18 19 20
0xeec0a32d4eabbea2 1704 -1 2 3 -4 -5 6 7 -8 -9 -10 11 -12 -13 -14 -15 16 -17 18 19 20
0x4348a26ac3caf6cd 1704 -1 2 3 -4 -5 6 7 -8 -9 -10 11 -12 -13 -14 -15 16 -17 18 19 20
0xa7c7ac81c09c0cad 1704 -1 2 3 -4 -5 6 7 -8 -9 -10 11 -12 -13 -14 -15 16 -17 18 19 20
0xc69d9eb2abda17b6 1704 -1 2 3 -4 -5 6 7 -8 -9 -10 11 -12 -13 -14 -15 16 -17 18 19 20
0xc8c60fa274b75a2c 1704 -1 2 3 -4 -5 6 7 -8 -9 -10 11 -12 -13 -14 -15 16 -17 18 19 20
0x5d92ef787866cafd 1704 -1 2 3 -4 -5 6 7 -8 -9 -10 11 -12 -13 -14 -15 16 -17 18 19 20
0xb2a445c1537ef876 1704 -1 2 3 -4 -5 6 7 -8 -9 -10 11 -12 -13 -14 -15 16 -17 18 19 20
0x271b4cd1220c79f9 1704 -1 2 3 -4 -5 6 7 -8 -9 -10 11 -12 -13 -14 -15 16 -17 18 19 20
0x5ba446b20329e68f 1704 -1 2 3 -4 -5 6 7 -8 -9 -10 11 -12 -13 -14 -15 16 -17 18 19 20
0x686ff1c8a53faf6d 1704 -1 2 3 -4 -5 6 7 -8 -9 -10 11 -12 -13 -14 -15 16 -17 18 19 20
0x76ded4551bf61e99 1704 -1 2 3 -4 -5 6 7 -8 -9 -10 11 -12 -13 -14 -15 16 -17 18 19 20
0xf5876f100d6f99b 1704 -1 2 3 -4 -5 6 7 -8 -9 -10 11 -12 -13 -14 -15 16 -17 18 19 20
0xbed9463079e74514 1704 -1 2 3 -4 -5 6 7 -8 -9 -10 11 -12 -13 -14 -15 16 -17 18 19 20
0x355c92949c2e343 1704 -1 2 3 -4 -5 6 7 -8 -9 -10 11 -12 -13 -14 -15 16 -17 18 19 20
0x2e6662d81331c40a 1704 -1 2 3 -4 -5 6 7 -8 -9 -10 11 -12 -13 -14 -15 16 -17 18 19 20
0x43ac4d19f3580fef 1704 -1 2 3 -4 -5 6 7 -8 -9 -10 11 -12 -13 -14 -15 16 -17 18 19 20
0x4779db9d8c365f61 1704 -1 2 3 -4 -5 6 7 -8 -9 -10 11 -12 -13 -14 -15 16 -17 18 19 20
0x13671109dd4c3d39 1704 -1 2 3 -4 -5 6 7 -8 -9 -10 11 -12 -13 -14 -15 16 -17 18 19 20
0xb6167f3f4838a0b4 1704 -1 2 3 -4 -5 6 7 -8 -9 -10 11 -12 -13 -14 -15 16 -17 18 19 20