0x36d4b710744ce6fa 2488 -1 -2 -3 -4 -5 -6 -7 -8 9 -10 11 12 -13 -14 15 16 -17 18 19 20
0xf16e04a217c94c00 2488 -1 -2 -3 -4 -5 -6 -7 -8 9 -10 11 12 -13 -14 15 16 -17 18 19 20
0x8a209afe6c8de0b 2488 -1 -2 -3 -4 -5 -6 -7 -8 9 -10 11 12 -13 -14 15 16 -17 18 19 20
0x3ee612e405cf2bad 2488 -1 -2 -3 -4 -5 -6 -7 -8 9 -10 11 12 -13 -14 15 16 -17 18 19 20
0x797e3cb3a4ab7d1c 2488 -1 -2 -3 -4 -5 -6 -7 -8 9 -10 11 12 -13 -14 15 16 -17 18 19 20
0xfda3c397640a45ac 2488 -1 -2 -3 -4 -5 -6 -7 -8 9 -10 11 12 -13 -14 15 16 -17 18 19 20
0x7f0c9453ce2051c3 2488 -1 -2 -3 -4 -5 -6 -7 -8 9 -10 11 12 -13 -14 15 16 -17 18 19 20
0x9a333e59bef4501 2488 -1 -2 -3 -4 -5 -6 -7 -8 9 -10 11 12 -13 -14 15 16 -17 18 19 20
0x97e914d36bea5ced 2488 -1 -2 -3 -4 -5 -6 -7 -8 9 -10 11 12 -13 -14 15 16 -17 18 19 20
0x75e618d9f69ae833 2488 -1 -2 -3 -4 -5 -6 -7 -8 9 -10 11 12 -13 -14 15 16 -17 18 19 20
0xe2c7986aaa137822 2488 -1 -2 -3 -4 -5 -6 -7 -8 9 -10 11 12 -13 -14 15 16 -17 18 19 20
0xe295ba2a8ac3222d 2488 -1 -2 -3 -4 -5 -6 -7 -8 9 -10 11 12 -13 -14 15 16 -17 18 19 20
0x14ccff98441535c 2488 -1 -2 -3 -4 -5 -6 -7 -8 9 -10 11 12 -13 -14 15 16 -17 18 19 20
0x4ae2617204e1a49d 2488 -1 -2 -3 -4 -5 -6 -7 -8 9 -10 11 12 -13 -14 15 16 -17 18 19 20
0x8bd045a5911602b8 2488 -1 -2 -3 -4 -5 -6 -7 -8 9 -10 11 12 -13 -14 15 16 -17 18 19 20
0xfc1a84b8509b05d0 2488 -1 -2 -3 -4 -5 -6 -7 -8 9 -10 11 12 -13 -14 15 16 -17 18 19 20
0x997bea7cbf7305a4 2488 -1 -2 -3 -4 -5 -6 -7 -8 9 -10 11 12 -13 -14 15 16 -17 18 19 20
0x69ddad4043f7e554 2488 -1 -2 -3 -4 -5 -6 -7 -8 9 -10 11 12 -13 -14 15 16 -17 18 19 20
0x7591ed40d2505ce6 2488 -1 -2 -3 -4 -5 -6 -7 -8 9 -10 11 12 -13 -14 15 16 -17 18 19 20
0xfcb261cb6bafd680 2488 -1 -2 -3 -4 -5 -6 -7 -8 9 -10 11 12 -13 -14 15 16 -17 18 19 20
0x4bf324bb0ad4453b 2488 -1 -2 -3 -4 -5 -6 -7 -8 9 -10 11 12 -13 -14 15 16 -17 18 19 20
0x5a815eb39789cf06 2488 -1 -2 -3 -4 -5 -6 -7 -8 9 -10 11 12 -13 -14 15 16 -17 18 19 20
0xd810ed243bc39ec6 2488 -1 -2 -3 -4 -5 -6 -7 -8 9 -10 11 12 -13 -14 15 16 -17 18 19 20
0xb5c2107dfb1c31e2 2488 -1 -2 -3 -4 -5 -6 -7 -8 9 -10 11 12 -13 -14 15 16 -17 18 19 20
0x21320a540da31ecd 2488 -1 -2 -3 -4 -5 -6 -7 -8 9 -10 11 12 -13 -14 15 16 -17 18 19 20
0x6ce2f005350b8377 2488 -1 -2 -3 -4 -5 -6 -7 -8 9 -10 11 12 -13 -14 15 16 -17 18 19 20
0x869bd5e653870e0 2488 -1 -2 -3 -4 -5 -6 -7 -8 9 -10 11 12 -13 -14 15 16 -17 18 19 20
0x6933eff4d4e70abb 2488 -1 -2 -3 -4 -5 -6 -7 -8 9 -10 11 12 -13 -14 15 16 -17 18 19 20
0x81bab4c907eebe35 2488 -1 -2 -3 -4 -5 -6 -7 -8 9 -10 11 12 -13 -14 15 16 -17 18 19 20
0x842c6ae86fd34708 2488 -1 -2 -3 -4 -5 -6 -7 -8 9 -10 11 12 -13 -14 15 16 -17 18 19 20