0x3719f30710e42add 2799 -1 2 3 -4 5 -6 7 8 9 -10 11 12 13 -14 -15 16 17 -18 -19 -20
0x3ac51d74e2e47e61 2799 -1 -2 3 4 -5 -6 7 8 9 -10 11 12 13 14 -15 16 17 -18 -19 -20
0x4769392c88188bc9 2799 -1 2 3 -4 5 -6 7 8 9 -10 11 12 13 -14 -15 16 17 -18 -19 -20
0xaa7f37590278988 2799 -1 2 3 -4 5 -6 7 8 9 -10 11 12 13 -14 -15 16 17 -18 -19 -20
0x8ef706d70ae6d2d8 2799 -1 -2 3 4 -5 -6 7 8 9 -10 11 12 13 14 -15 16 17 -18 -19 -20
0xaadf7fa6f76a519f 2799 -1 -2 3 4 -5 -6 7 8 9 -10 11 12 13 14 -15 16 17 -18 -19 -20
0x742e2bccdd43c68c 2799 -1 2 3 -4 5 -6 7 8 9 -10 11 12 13 -14 -15 16 17 -18 -19 -20
0x18032868a0fee89c 2799 -1 2 3 -4 5 -6 7 8 9 -10 11 12 13 -14 -15 16 17 -18 -19 -20
0x321e5bb12cfc8a6c 2799 -1 -2 3 4 -5 -6 7 8 9 -10 11 12 13 14 -15 16 17 -18 -19 -20
0xf4615a5105a0fdfe 2799 -1 2 3 -4 5 -6 7 8 9 -10 11 12 13 -14 -15 16 17 -18 -19 -20
0xb02766e85d58de37 2799 -1 -2 3 4 -5 -6 7 8 9 -10 11 12 13 14 -15 16 17 -18 -19 -20
0x98c8c18729eee860 2799 -1 -2 3 4 -5 -6 7 8 9 -10 11 12 13 14 -15 16 17 -18 -19 -20
0xb32d1a72b83ed16c 2799 -1 -2 3 4 -5 -6 7 8 9 -10 11 12 13 14 -15 16 17 -18 -19 -20
0xe6eac2cf72d6a81a 2799 -1 2 3 -4 5 -6 7 8 9 -10 11 12 13 -14 -15 16 17 -18 -19 -20
0xaeb87180950d7116 2799 -1 2 3 -4 -5 -6 7 8 9 -10 11 12 13 -14 -15 16 17 18 -19 -20
0x5c6730fd22482164 2799 -1 2 3 -4 -5 -6 7 8 9 -10 11 12 13 -14 -15 16 17 18 -19 -20
0x9d863f6cd24b69ab 2799 -1 -2 3 4 -5 -6 7 8 9 -10 11 12 13 14 -15 16 17 -18 -19 -20
0x3c76ded1ebcb0ae8 2799 -1 2 3 -4 -5 -6 7 8 9 -10 11 12 13 -14 -15 16 17 18 -19 -20
0xe9a166ec53acaba9 2799 -1 2 3 -4 5 -6 7 8 9 -10 11 12 13 -14 -15 16 17 -18 -19 -20
0xc2f318aa51c12554 2799 -1 2 3 -4 5 -6 7 8 9 -10 11 12 13 -14 -15 16 17 -18 -19 -20
0xf8345f7adf480303 2799 -1 -2 3 4 -5 -6 7 8 9 -10 11 12 13 14 -15 16 17 -18 -19 -20
0x57ea1db147aa60a9 2799 -1 -2 3 4 -5 -6 7 8 9 -10 11 12 13 14 -15 16 17 -18 -19 -20
0xc0236009c4b8d3e9 2799 -1 2 3 -4 5 -6 7 8 9 -10 11 12 13 -14 -15 16 17 -18 -19 -20
0xc63c54fd864a8b4b 2799 -1 -2 3 4 -5 -6 7 8 9 -10 11 12 13 14 -15 16 17 -18 -19 -20
0xcb60939685226869 2799 -1 2 3 -4 -5 -6 7 8 9 -10 11 12 13 -14 -15 16 17 18 -19 -20
0x60e8a8b019747021 2799 -1 -2 3 4 -5 -6 7 8 9 -10 11 12 13 14 -15 16 17 -18 -19 -20
0x88ab3a79fd56e815 2799 -1 2 3 -4 -5 -6 7 8 9 -10 11 12 13 -14 -15 16 17 18 -19 -20
0x20aafbf5e898042d 2799 -1 -2 3 4 -5 -6 7 8 9 -10 11 12 13 14 -15 16 17 -18 -19 -20
0x323f707f1ebe2413 2799 -1 -2 3 4 -5 -6 7 8 9 -10 11 12 13 14 -15 16 17 -18 -19 -20
0x8d505d40391a793 2799 -1 2 3 -4 -5 -6 7 8 9 -10 11 12 13 -14 -15 16 17 18 -19 -20