0x6c0910dbf68ba785 2535 1 -2 -3 4 5 6 7 -8 -9 -10 11 -12 13 14 15 -16 -17 18 -19 20
0x13272d3bdf3c63a8 2535 1 -2 -3 4 5 6 7 -8 -9 -10 11 -12 13 14 15 -16 -17 18 -19 20
0x8ff0f3a41c5c5fd7 2535 1 -2 -3 4 5 6 7 -8 -9 -10 11 -12 13 14 15 -16 -17 18 -19 20
0x916cf639c6d4c439 2535 1 -2 -3 4 5 6 7 -8 -9 -10 11 -12 13 14 15 -16 -17 18 -19 20
0xb497a57f0a7b11d5 2535 1 -2 -3 4 5 6 7 -8 -9 -10 11 -12 13 14 15 -16 -17 18 -19 20
0xa6577f019ac70f20 2535 1 -2 -3 4 5 6 7 -8 -9 -10 11 -12 13 14 15 -16 -17 18 -19 20
0x62fb83546d1d2faa 2535 1 -2 -3 4 5 6 7 -8 -9 -10 11 -12 13 14 15 -16 -17 18 -19 20
0x9a8901a5a50f104b 2535 1 -2 -3 4 5 6 7 -8 -9 -10 11 -12 13 14 15 -16 -17 18 -19 20
0x97c78b39cf113951 2535 1 -2 -3 4 5 6 7 -8 -9 -10 11 -12 13 14 15 -16 -17 18 -19 20
0x859fc6e4db815b0d 2535 1 -2 -3 4 5 6 7 -8 -9 -10 11 -12 13 14 15 -16 -17 18 -19 20
0x42e3c91147bf351 2535 1 -2 -3 4 5 6 7 -8 -9 -10 11 -12 13 14 15 -16 -17 18 -19 20
0xe1b9f0bcc89182f8 2535 1 -2 -3 4 5 6 7 -8 -9 -10 11 -12 13 14 15 -16 -17 18 -19 20
0x775747372d28e5a7 2535 1 -2 -3 4 5 6 7 -8 -9 -10 11 -12 13 14 15 -16 -17 18 -19 20
0x8debea6e405fcbdf 2535 1 -2 -3 4 5 6 7 -8 -9 -10 11 -12 13 14 15 -16 -17 18 -19 20
0xe6ad7f534fce5765 2535 1 -2 -3 4 5 6 7 -8 -9 -10 11 -12 13 14 15 -16 -17 18 -19 20
0x352ad877132ad9d7 2535 1 -2 -3 4 5 6 7 -8 -9 -10 11 -12 13 14 15 -16 -17 18 -19 20
0x7196e6ac11e97cf3 2535 1 -2 -3 4 5 6 7 -8 -9 -10 11 -12 13 14 15 -16 -17 18 -19 20
0xff4804e48db5369f 2535 1 -2 -3 4 5 6 7 -8 -9 -10 11 -12 13 14 15 -16 -17 18 -19 20
0xe16d98ad4a3a10ab 2535 1 -2 -3 4 5 6 7 -8 -9 -10 11 -12 13 14 15 -16 -17 18 -19 20
0x9da1d80b7dbb305e 2535 1 -2 -3 4 5 6 7 -8 -9 -10 11 -12 13 14 15 -16 -17 18 -19 20
0xf612ac0febae8052 2535 1 -2 -3 4 5 6 7 -8 -9 -10 11 -12 13 14 15 -16 -17 18 -19 20
0x5fdc1de923997985 2535 1 -2 -3 4 5 6 7 -8 -9 -10 11 -12 13 14 15 -16 -17 18 -19 20
0xa3de437c8c09be37 2535 1 -2 -3 4 5 6 7 -8 -9 -10 11 -12 13 14 15 -16 -17 18 -19 20
0xbf0cb1ab2fbd9dd0 2535 1 -2 -3 4 5 6 7 -8 -9 -10 11 -12 13 14 15 -16 -17 18 -19 20
0xa0efad55c2a93003 2535 1 -2 -3 4 5 6 7 -8 -9 -10 11 -12 13 14 15 -16 -17 18 -19 20
0x2ffa8642403bed93 2535 1 -2 -3 4 5 6 7 -8 -9 -10 11 -12 13 14 15 -16 -17 18 -19 20
0x8d770bd7e53f7800 2535 1 -2 -3 4 5 6 7 -8 -9 -10 11 -12 13 14 15 -16 -17 18 -19 20
0x6f3c39d1a1da4988 2535 1 -2 -3 4 5 6 7 -8 -9 -10 11 -12 13 14 15 -16 -17 18 -19 20
0x1b5a9941a51d812d 2535 1 -2 -3 4 5 6 7 -8 -9 -10 11 -12 13 14 15 -16 -17 18 -19 20
0x5a9b40a02041037 2535 1 -2 -3 4 5 6 7 -8 -9 -10 11 -12 13 14 15 -16 -17 18 -19 20