0xcc2fff6febcd9adb 2206 1 -2 -3 4 5 -6 7 8 -9 -10 -11 12 13 14 -15 16 -17 -18 -19 20
0x70c40fd14e63e664 2206 1 -2 -3 4 5 -6 7 8 -9 -10 -11 12 13 14 -15 16 -17 -18 -19 20
0x555e75f668af4f66 2206 1 -2 -3 4 5 -6 7 8 -9 -10 -11 12 13 14 -15 16 -17 -18 -19 20
0xd274e66e495779d7 2206 1 -2 -3 4 5 -6 7 8 -9 -10 -11 12 13 14 -15 16 -17 -18 -19 20
0x33aaea2458c736f7 2206 1 -2 -3 4 5 -6 7 8 -9 -10 -11 12 13 14 -15 16 -17 -18 -19 20
0x52d78ff4eaa298ec 2206 1 -2 -3 4 5 -6 7 8 -9 -10 -11 12 13 14 -15 16 -17 -18 -19 20
0xb7d1bc36a131cc3f 2206 1 -2 -3 4 5 -6 7 8 -9 -10 -11 12 13 14 -15 16 -17 -18 -19 20
0xd5d5c82de8f3015e 2206 1 -2 -3 4 5 -6 7 8 -9 -10 -11 12 13 14 -15 16 -17 -18 -19 20
0x65d271965489661b 2206 1 -2 -3 4 5 -6 7 8 -9 -10 -11 12 13 14 -15 16 -17 -18 -19 20
0x182b1a1e5b7f2f2a 2206 1 -2 -3 4 5 -6 7 8 -9 -10 -11 12 13 14 -15 16 -17 -18 -19 20
0x8bbd56e8d090b1a4 2206 1 -2 -3 4 5 -6 7 8 -9 -10 -11 12 13 14 -15 16 -17 -18 -19 20
0xa337d00e4e768c88 2206 1 -2 -3 4 5 -6 7 8 -9 -10 -11 12 13 14 -15 16 -17 -18 -19 20
0xc2ccb4e30f836947 2206 1 -2 -3 4 5 -6 7 8 -9 -10 -11 12 13 14 -15 16 -17 -18 -19 20
0x44ce9bb9f6e93998 2206 1 -2 -3 4 5 -6 7 8 -9 -10 -11 12 13 14 -15 16 -17 -18 -19 20
0x4e7e537cb8d5dc80 2206 1 -2 -3 4 5 -6 7 8 -9 -10 -11 12 13 14 -15 16 -17 -18 -19 20
0xb255b6dbec07f220 2206 1 -2 -3 4 5 -6 7 8 -9 -10 -11 12 13 14 -15 16 -17 -18 -19 20
0x4556dd5a8d5678e0 2206 1 -2 -3 4 5 -6 7 8 -9 -10 -11 12 13 14 -15 16 -17 -18 -19 20
0x5e24462d5f5d57b7 2206 1 -2 -3 4 5 -6 7 8 -9 -10 -11 12 13 14 -15 16 -17 -18 -19 20
0xaa28e14dd32107f7 2206 1 -2 -3 4 5 -6 7 8 -9 -10 -11 12 13 14 -15 16 -17 -18 -19 20
0x297b86dc0820690 2206 1 -2 -3 4 5 -6 7 8 -9 -10 -11 12 13 14 -15 16 -17 -18 -19 20
0x5c2bb72462a974b8 2206 1 -2 -3 4 5 -6 7 8 -9 -10 -11 12 13 14 -15 16 -17 -18 -19 20
0x1deec1f961b5cd18 2206 1 -2 -3 4 5 -6 7 8 -9 -10 -11 12 13 14 -15 16 -17 -18 -19 20
0x92f1f0fcbf4b1de9 2206 1 -2 -3 4 5 -6 7 8 -9 -10 -11 12 13 14 -15 16 -17 -18 -19 20
0x734d9f2a09fb3b53 2206 1 -2 -3 4 5 -6 7 8 -9 -10 -11 12 13 14 -15 16 -17 -18 -19 20
0x1d1d5f5917f76272 2206 1 -2 -3 4 5 -6 7 8 -9 -10 -11 12 13 14 -15 16 -17 -18 -19 20
0x9fc2851210fb736e 2206 1 -2 -3 4 5 -6 7 8 -9 -10 -11 12 13 14 -15 16 -17 -18 -19 20
0xe7fe868b6974dd92 2206 1 -2 -3 4 5 -6 7 8 -9 -10 -11 12 13 14 -15 16 -17 -18 -19 20
0x248f6930cb459265 2206 1 -2 -3 4 5 -6 7 8 -9 -10 -11 12 13 14 -15 16 -17 -18 -19 20
0x707283b15c67e260 2206 1 -2 -3 4 5 -6 7 8 -9 -10 -11 12 13 14 -15 16 -17 -18 -19 20
0xd4aa23eea5a55849 2206 1 -2 -3 4 5 -6 7 8 -9 -10 -11 12 13 14 -15 16 -17 -18 -19 20