0x2c29a422ee708117 4072 1 2 -3 -4 -5 -6 -7 8 9 -10 11 -12 -13 14 15 16 17 18 -19 20
0xccbe995408a88d63 4072 1 2 -3 -4 -5 -6 -7 8 9 -10 11 -12 -13 14 15 16 17 18 -19 20
0xcc995298400e478a 4072 1 2 -3 -4 -5 -6 -7 8 9 -10 11 -12 -13 14 15 16 17 18 -19 20
0xfd42e47ae1e02319 4072 1 2 -3 -4 -5 -6 -7 8 9 -10 11 -12 -13 14 15 16 17 18 -19 20
0xd68ee9a327922518 4072 1 2 -3 -4 -5 -6 -7 8 9 -10 11 -12 -13 14 15 16 17 18 -19 20
0x481dff1464eac956 4072 1 2 -3 -4 -5 -6 -7 8 9 -10 11 -12 -13 14 15 16 17 18 -19 20
0x832520f959309b02 4072 1 2 -3 -4 -5 -6 -7 8 9 -10 11 -12 -13 14 15 16 17 18 -19 20
0x9b3585ed2a32bd63 4072 1 2 -3 -4 -5 -6 -7 8 9 -10 11 -12 -13 14 15 16 17 18 -19 20
0x1a1f0392bf4468f1 4072 1 2 -3 -4 -5 -6 -7 8 9 -10 11 -12 -13 14 15 16 17 18 -19 20
0xff80d1d8c7b8ab4c 4072 1 2 -3 -4 -5 -6 -7 8 9 -10 11 -12 -13 14 15 16 17 18 -19 20
0x5795b570f4a773c0 4072 1 2 -3 -4 -5 -6 -7 8 9 -10 11 -12 -13 14 15 16 17 18 -19 20
0x2071c5c50530ecd6 4072 1 2 -3 -4 -5 -6 -7 8 9 -10 11 -12 -13 14 15 16 17 18 -19 20
0x7e504c64ad328889 4072 1 2 -3 -4 -5 -6 -7 8 9 -10 11 -12 -13 14 15 16 17 18 -19 20
0x6b2502dc4dab469a 4072 1 2 -3 -4 -5 -6 -7 8 9 -10 11 -12 -13 14 15 16 17 18 -19 20
0x5be33ae587a54df6 4072 1 2 -3 -4 -5 -6 -7 8 9 -10 11 -12 -13 14 15 16 17 18 -19 20
0xcc0044b5016e2cad 4072 1 2 -3 -4 -5 -6 -7 8 9 -10 11 -12 -13 14 15 16 17 18 -19 20
0x5d0bf5ba8d5cb5a0 4072 1 2 -3 -4 -5 -6 -7 8 9 -10 11 -12 -13 14 15 16 17 18 -19 20
0xe8ab0895e0256131 4072 1 2 -3 -4 -5 -6 -7 8 9 -10 11 -12 -13 14 15 16 17 18 -19 20
0xc40dbf917c1a8c7e 4072 1 2 -3 -4 -5 -6 -7 8 9 -10 11 -12 -13 14 15 16 17 18 -19 20
0x562984331fe652c4 4072 1 2 -3 -4 -5 -6 -7 8 9 -10 11 -12 -13 14 15 16 17 18 -19 20
0x59eeba74953612b4 4072 1 2 -3 -4 -5 -6 -7 8 9 -10 11 -12 -13 14 15 16 17 18 -19 20
0xcf71c9f4bb7fc3fb 4072 1 2 -3 -4 -5 -6 -7 8 9 -10 11 -12 -13 14 15 16 17 18 -19 20
0x142185442ccd4734 4072 1 2 -3 -4 -5 -6 -7 8 9 -10 11 -12 -13 14 15 16 17 18 -19 20
0x9ce0c9b27ef13e8d 4072 1 2 -3 -4 -5 -6 -7 8 9 -10 11 -12 -13 14 15 16 17 18 -19 20
0x57e3f01ea5c1a130 4072 1 2 -3 -4 -5 -6 -7 8 9 -10 11 -12 -13 14 15 16 17 18 -19 20
0x72a994a1fccd0baf 4072 1 2 -3 -4 -5 -6 -7 8 9 -10 11 -12 -13 14 15 16 17 18 -19 20
0x7730efec61b8c9ae 4072 1 2 -3 -4 -5 -6 -7 8 9 -10 11 -12 -13 14 15 16 17 18 -19 20
0x239dc4e6e76db698 4072 1 2 -3 -4 -5 -6 -7 8 9 -10 11 -12 -13 14 15 16 17 18 -19 20
0x88c9effe1f80296 4072 1 2 -3 -4 -5 -6 -7 8 9 -10 11 -12 -13 14 15 16 17 18 -19 20
0x9543eaf1a28a5e79 4072 1 2 -3 -4 -5 -6 -7 8 9 -10 11 -12 -13 14 15 16 17 18 -19 20