0x2ddc2476e9f2340c 2863 -1 2 3 -4 5 6 7 8 9 -10 11 -12 -13 -14 15 -16 17 18 19 20
0x5cb824e9105db3d4 2863 -1 2 3 -4 5 6 7 8 9 -10 11 -12 -13 -14 15 -16 17 18 19 20
0x46670d189b9c7b2d 2863 -1 2 3 -4 5 6 7 8 9 -10 11 -12 -13 -14 15 -16 17 18 19 20
0x1cae5a2746abc0c3 2863 -1 2 3 -4 5 6 7 8 9 -10 11 -12 -13 -14 15 -16 17 18 19 20
0x6d83f2ca3870a748 2863 -1 2 3 -4 5 6 7 8 9 -10 11 -12 -13 -14 15 -16 17 18 19 20
0x85472cb647b62ef 2863 -1 2 3 -4 5 6 7 8 9 -10 11 -12 -13 -14 15 -16 17 18 19 20
0x99fd46890339eef1 2863 -1 2 3 -4 5 6 7 8 9 -10 11 -12 -13 -14 15 -16 17 18 19 20
0xab5dbfc6930cc47a 2863 -1 2 3 -4 5 6 7 8 9 -10 11 -12 -13 -14 15 -16 17 18 19 20
0xd233f7e80a6b165 2863 -1 2 3 -4 5 6 7 8 9 -10 11 -12 -13 -14 15 -16 17 18 19 20
0xef05e72f11123c9e 2863 -1 2 3 -4 5 6 7 8 9 -10 11 -12 -13 -14 15 -16 17 18 19 20
0x789a9567bcd8df78 2863 -1 2 3 -4 5 6 7 8 9 -10 11 -12 -13 -14 15 -16 17 18 19 20
0x559eef8f7aa440ba 2863 -1 2 3 -4 5 6 7 8 9 -10 11 -12 -13 -14 15 -16 17 18 19 20
0x2e1af5a331726ef 2863 -1 2 3 -4 5 6 7 8 9 -10 11 -12 -13 -14 15 -16 17 18 19 20
0xbdc1b654df6dc5e4 2863 -1 2 3 -4 5 6 7 8 9 -10 11 -12 -13 -14 15 -16 17 18 19 20
0xb3b3f161c9e49c2d 2863 -1 2 3 -4 5 6 7 8 9 -10 11 -12 -13 -14 15 -16 17 18 19 20
0xc1a260a44034d564 2863 -1 2 3 -4 5 6 7 8 9 -10 11 -12 -13 -14 15 -16 17 18 19 20
0xb0e8d68d64cc990 2863 -1 2 3 -4 5 6 7 8 9 -10 11 -12 -13 -14 15 -16 17 18 19 20
0xf7233562229c9b0a 2863 -1 2 3 -4 5 6 7 8 9 -10 11 -12 -13 -14 15 -16 17 18 19 20
0xb54a81b529c899b7 2863 -1 2 3 -4 5 6 7 8 9 -10 11 -12 -13 -14 15 -16 17 18 19 20
0xd18a49ec56fa95f5 2863 -1 2 3 -4 5 6 7 8 9 -10 11 -12 -13 -14 15 -16 17 18 19 20
0xcb93e40e1e73ecd8 2863 -1 2 3 -4 5 6 7 8 9 -10 11 -12 -13 -14 15 -16 17 18 19 20
0xe555a17e9964fae3 2863 -1 2 3 -4 5 6 7 8 9 -10 11 -12 -13 -14 15 -16 17 18 19 20
0x578c6181f1c87e63 2863 -1 2 3 -4 5 6 7 8 9 -10 11 -12 -13 -14 15 -16 17 18 19 20
0x999158ecab7c9da8 2863 -1 2 3 -4 5 6 7 8 9 -10 11 -12 -13 -14 15 -16 17 18 19 20
0x81e4dda8cc308c86 2863 -1 2 3 -4 5 6 7 8 9 -10 11 -12 -13 -14 15 -16 17 18 19 20
0xf9d02345931c1d6 2863 -1 2 3 -4 5 6 7 8 9 -10 11 -12 -13 -14 15 -16 17 18 19 20
0x25ffb79329c9206f 2863 -1 2 3 -4 5 6 7 8 9 -10 11 -12 -13 -14 15 -16 17 18 19 20
0x8adc93e1a8a906b2 2863 -1 2 3 -4 5 6 7 8 9 -10 11 -12 -13 -14 15 -16 17 18 19 20
0xa27060fa2377f2aa 2863 -1 2 3 -4 5 6 7 8 9 -10 11 -12 -13 -14 15 -16 17 18 19 20
0x5e64d249b0551f8e 2863 -1 2 3 -4 5 6 7 8 9 -10 11 -12 -13 -14 15 -16 17 18 19 20