0xefacd6b7480729c3 1602 -1 -2 3 -4 -5 6 -7 8 -9 -10 -11 -12 -13 -14 15 -16 17 18 19 -20
0xcc1b203a6f5db337 1602 -1 -2 3 -4 -5 6 -7 8 -9 -10 -11 -12 -13 -14 15 -16 17 18 19 -20
0xb1560371790af2ca 1602 -1 -2 3 -4 -5 6 -7 8 -9 -10 -11 -12 -13 -14 15 -16 17 18 19 -20
0xe43ef9d616a76d7a 1602 -1 -2 3 -4 -5 6 -7 8 -9 -10 -11 -12 -13 -14 15 -16 17 18 19 -20
0x1d23f23a91d3150a 1602 -1 -2 3 -4 -5 6 -7 8 -9 -10 -11 -12 -13 -14 15 -16 17 18 19 -20
0xb8bc44214077580 1602 -1 -2 3 -4 -5 6 -7 8 -9 -10 -11 -12 -13 -14 15 -16 17 18 19 -20
0x6db953d907bfd39c 1602 -1 -2 3 -4 -5 6 -7 8 -9 -10 -11 -12 -13 -14 15 -16 17 18 19 -20
0x64a8e15cd38d1136 1602 -1 -2 3 -4 -5 6 -7 8 -9 -10 -11 -12 -13 -14 15 -16 17 18 19 -20
0xc610a6f224014626 1602 -1 -2 3 -4 -5 6 -7 8 -9 -10 -11 -12 -13 -14 15 -16 17 18 19 -20
0xeb46ee1041f024bc 1602 -1 -2 3 -4 -5 6 -7 8 -9 -10 -11 -12 -13 -14 15 -16 17 18 19 -20
0x568abed31a8bc096 1602 -1 -2 3 -4 -5 6 -7 8 -9 -10 -11 -12 -13 -14 15 -16 17 18 19 -20
0x64ea9644913d47d7 1602 -1 -2 3 -4 -5 6 -7 8 -9 -10 -11 -12 -13 -14 15 -16 17 18 19 -20
0x9cd23bae9ff320ec 1602 -1 -2 3 -4 -5 6 -7 8 -9 -10 -11 -12 -13 -14 15 -16 17 18 19 -20
0xf3d802332d8d0e94 1602 -1 -2 3 -4 -5 6 -7 8 -9 -10 -11 -12 -13 -14 15 -16 17 18 19 -20
0xea11bbdd3905e8f2 1602 -1 -2 3 -4 -5 6 -7 8 -9 -10 -11 -12 -13 -14 15 -16 17 18 19 -20
0x394efccb584ed277 1602 -1 -2 3 -4 -5 6 -7 8 -9 -10 -11 -12 -13 -14 15 -16 17 18 19 -20
0xac2b6fefd8b723e5 1602 -1 -2 3 -4 -5 6 -7 8 -9 -10 -11 -12 -13 -14 15 -16 17 18 19 -20
0xae2504c3bac60688 1602 -1 -2 3 -4 -5 6 -7 8 -9 -10 -11 -12 -13 -14 15 -16 17 18 19 -20
0xf53808ff20cf1db0 1602 -1 -2 3 -4 -5 6 -7 8 -9 -10 -11 -12 -13 -14 15 -16 17 18 19 -20
0xc9ac3c2046b7eef0 1602 -1 -2 3 -4 -5 6 -7 8 -9 -10 -11 -12 -13 -14 15 -16 17 18 19 -20
0xacf49679279b6bae 1602 -1 -2 3 -4 -5 6 -7 8 -9 -10 -11 -12 -13 -14 15 -16 17 18 19 -20
0x1a576353b01dc817 1602 -1 -2 3 -4 -5 6 -7 8 -9 -10 -11 -12 -13 -14 15 -16 17 18 19 -20
0x6f3962730786f38a 1602 -1 -2 3 -4 -5 6 -7 8 -9 -10 -11 -12 -13 -14 15 -16 17 18 19 -20
0x24e80f80e2241fe8 1602 -1 -2 3 -4 -5 6 -7 8 -9 -10 -11 -12 -13 -14 15 -16 17 18 19 -20
0xbbf447bfb70e8444 1602 -1 -2 3 -4 -5 6 -7 8 -9 -10 -11 -12 -13 -14 15 -16 17 18 19 -20
0xa603fb8be2f8b622 1602 -1 -2 3 -4 -5 6 -7 8 -9 -10 -11 -12 -13 -14 15 -16 17 18 19 -20
0xd7f0b1d12145600b 1602 -1 -2 3 -4 -5 6 -7 8 -9 -10 -11 -12 -13 -14 15 -16 17 18 19 -20
0xfbf3b391b1eac709 1602 -1 -2 3 -4 -5 6 -7 8 -9 -10 -11 -12 -13 -14 15 -16 17 18 19 -20
0x4bd330e5f4e93146 1602 -1 -2 3 -4 -5 6 -7 8 -9 -10 -11 -12 -13 -14 15 -16 17 18 19 -20
0xd780638ce7e26f13 1602 -1 -2 3 -4 -5 6 -7 8 -9 -10 -11 -12 -13 -14 15 -16 17 18 19 -20