0x1df28899f65a5655 2828 1 -2 -3 -4 -5 6 7 8 9 -10 11 12 -13 -14 15 16 -17 18 19 20
0xec10ec8edc780d17 2828 1 -2 -3 -4 -5 6 7 8 9 -10 11 12 -13 -14 15 16 -17 18 19 20
0xf7f8850f3dff264e 2828 1 -2 -3 -4 -5 6 7 8 9 -10 11 12 -13 -14 15 16 -17 18 19 20
0x9721db72b9c35c7f 2828 1 -2 -3 -4 -5 6 7 8 9 -10 11 12 -13 -14 15 16 -17 18 19 20
0x3f336fa796235f33 2828 1 -2 -3 -4 -5 6 7 8 9 -10 11 12 -13 -14 15 16 -17 18 19 20
0x7f71e3b0d6e05875 2828 1 -2 -3 -4 -5 6 7 8 9 -10 11 12 -13 -14 15 16 -17 18 19 20
0x577f72465690256 2828 1 -2 -3 -4 -5 6 7 8 9 -10 11 12 -13 -14 15 16 -17 18 19 20
0xe73044ed061d958c 2828 1 -2 -3 -4 -5 6 7 8 9 -10 11 12 -13 -14 15 16 -17 18 19 20
0x6f1820ad7ea9b99b 2828 1 -2 -3 -4 -5 6 7 8 9 -10 11 12 -13 -14 15 16 -17 18 19 20
0x3be6c916fbaa0748 2828 1 -2 -3 -4 -5 6 7 8 9 -10 11 12 -13 -14 15 16 -17 18 19 20
0x63cc3d50fd7b05c1 2828 1 -2 -3 -4 -5 6 7 8 9 -10 11 12 -13 -14 15 16 -17 18 19 20
0xad9f60877f193362 2828 1 -2 -3 -4 -5 6 7 8 9 -10 11 12 -13 -14 15 16 -17 18 19 20
0x7a7de91de3bf1a36 2828 1 -2 -3 -4 -5 6 7 8 9 -10 11 12 -13 -14 15 16 -17 18 19 20
0xe75b067dc36b68b 2828 1 -2 -3 -4 -5 6 7 8 9 -10 11 12 -13 -14 15 16 -17 18 19 20
0x94c7409b5111c892 2828 1 -2 -3 -4 -5 6 7 8 9 -10 11 12 -13 -14 15 16 -17 18 19 20
0xb896a9000ec1b1ff 2828 1 -2 -3 -4 -5 6 7 8 9 -10 11 12 -13 -14 15 16 -17 18 19 20
0xbd062f142eaba9af 2828 1 -2 -3 -4 -5 6 7 8 9 -10 11 12 -13 -14 15 16 -17 18 19 20
0xaa2ef830567deecc 2828 1 -2 -3 -4 -5 6 7 8 9 -10 11 12 -13 -14 15 16 -17 18 19 20
0x9c6c3a2971f2ee15 2828 1 -2 -3 -4 -5 6 7 8 9 -10 11 12 -13 -14 15 16 -17 18 19 20
0x51f44f56309c9233 2828 1 -2 -3 -4 -5 6 7 8 9 -10 11 12 -13 -14 15 16 -17 18 19 20
0xd0d395e27f0cdf15 2828 1 -2 -3 -4 -5 6 7 8 9 -10 11 12 -13 -14 15 16 -17 18 19 20
0x92e0d34c89494f6d 2828 1 -2 -3 -4 -5 6 7 8 9 -10 11 12 -13 -14 15 16 -17 18 19 20
0xbf8667eb93bac232 2828 1 -2 -3 -4 -5 6 7 8 9 -10 11 12 -13 -14 15 16 -17 18 19 20
0x507e5265c45ff81d 2828 1 -2 -3 -4 -5 6 7 8 9 -10 11 12 -13 -14 15 16 -17 18 19 20
0xb7df03375648a12e 2828 1 -2 -3 -4 -5 6 7 8 9 -10 11 12 -13 -14 15 16 -17 18 19 20
0x1c7322ac10d03dc7 2828 1 -2 -3 -4 -5 6 7 8 9 -10 11 12 -13 -14 15 16 -17 18 19 20
0x925d65a7f01478d5 2828 1 -2 -3 -4 -5 6 7 8 9 -10 11 12 -13 -14 15 16 -17 18 19 20
0x119a07638249e02f 2828 1 -2 -3 -4 -5 6 7 8 9 -10 11 12 -13 -14 15 16 -17 18 19 20
0xbebe3cf1ae5ef611 2828 1 -2 -3 -4 -5 6 7 8 9 -10 11 12 -13 -14 15 16 -17 18 19 20
0xba0608790bf1de46 2828 1 -2 -3 -4 -5 6 7 8 9 -10 11 12 -13 -14 15 16 -17 18 19 20