0x96c651ea4ef58456 3444 -1 2 -3 -4 -5 6 -7 -8 9 10 11 -12 13 14 15 16 -17 18 -19 20
0x25f0d3f4f59579e3 3444 -1 2 -3 -4 -5 6 -7 -8 9 10 11 -12 13 14 15 16 -17 18 -19 20
0x4b39e9501b23515f 3444 -1 2 -3 -4 -5 6 -7 -8 9 10 11 -12 13 14 15 16 -17 18 -19 20
0xc932a67c9e443843 3444 -1 2 -3 -4 -5 6 -7 -8 9 10 11 -12 13 14 15 16 -17 18 -19 20
0x5b3fc148df07fa7d 3444 -1 2 -3 -4 -5 6 -7 -8 9 10 11 -12 13 14 15 16 -17 18 -19 20
0x33495737bba88486 3444 -1 2 -3 -4 -5 6 -7 -8 9 10 11 -12 13 14 15 16 -17 18 -19 20
0x79fd0aeae4890c4f 3444 -1 2 -3 -4 -5 6 -7 -8 9 10 11 -12 13 14 15 16 -17 18 -19 20
0x2e7c2ae60534fb3f 3444 -1 2 -3 -4 -5 6 -7 -8 9 10 11 -12 13 14 15 16 -17 18 -19 20
0x1fdea5ff8eb57681 3444 -1 2 -3 -4 -5 6 -7 -8 9 10 11 -12 13 14 15 16 -17 18 -19 20
0x70329ee716e82c82 3444 -1 2 -3 -4 -5 6 -7 -8 9 10 11 -12 13 14 15 16 -17 18 -19 20
0xfc32cf98188cb276 3444 -1 2 -3 -4 -5 6 -7 -8 9 10 11 -12 13 14 15 16 -17 18 -19 20
0x4b91bce94d8e71d2 3444 -1 2 -3 -4 -5 6 -7 -8 9 10 11 -12 13 14 15 16 -17 18 -19 20
0xaef7ba00e55125d2 3444 -1 2 -3 -4 -5 6 -7 -8 9 10 11 -12 13 14 15 16 -17 18 -19 20
0x65723bdf851bde63 3444 -1 2 -3 -4 -5 6 -7 -8 9 10 11 -12 13 14 15 16 -17 18 -19 20
0x1afaf238c967b252 3444 -1 2 -3 -4 -5 6 -7 -8 9 10 11 -12 13 14 15 16 -17 18 -19 20
0xacbc45b3cf01aa40 3444 -1 2 -3 -4 -5 6 -7 -8 9 10 11 -12 13 14 15 16 -17 18 -19 20
0x332c1d3cdc5a9d6e 3444 -1 2 -3 -4 -5 6 -7 -8 9 10 11 -12 13 14 15 16 -17 18 -19 20
0xcdd2fd83af4a83bc 3444 -1 2 -3 -4 -5 6 -7 -8 9 10 11 -12 13 14 15 16 -17 18 -19 20
0xd92b2166ea073081 3444 -1 2 -3 -4 -5 6 -7 -8 9 10 11 -12 13 14 15 16 -17 18 -19 20
0xb60887a1faa6795e 3444 -1 2 -3 -4 -5 6 -7 -8 9 10 11 -12 13 14 15 16 -17 18 -19 20
0xc53741e64ccf268 3444 -1 2 -3 -4 -5 6 -7 -8 9 10 11 -12 13 14 15 16 -17 18 -19 20
0x9927e68990941654 3444 -1 2 -3 -4 -5 6 -7 -8 9 10 11 -12 13 14 15 16 -17 18 -19 20
0x8fa552084637c03d 3444 -1 2 -3 -4 -5 6 -7 -8 9 10 11 -12 13 14 15 16 -17 18 -19 20
0x1cfd7cb04f38551e 3444 -1 2 -3 -4 -5 6 -7 -8 9 10 11 -12 13 14 15 16 -17 18 -19 20
0x422af0d0831fd5a 3444 -1 2 -3 -4 -5 6 -7 -8 9 10 11 -12 13 14 15 16 -17 18 -19 20
0x8a3339c9edeee37 3444 -1 2 -3 -4 -5 6 -7 -8 9 10 11 -12 13 14 15 16 -17 18 -19 20
0x73802652e9fac35c 3444 -1 2 -3 -4 -5 6 -7 -8 9 10 11 -12 13 14 15 16 -17 18 -19 20
0x80d941712fce858 3444 -1 2 -3 -4 -5 6 -7 -8 9 10 11 -12 13 14 15 16 -17 18 -19 20
0x4229ea41abe0121d 3444 -1 2 -3 -4 -5 6 -7 -8 9 10 11 -12 13 14 15 16 -17 18 -19 20
0xb25ab624456cc87f 3444 -1 2 -3 -4 -5 6 -7 -8 9 10 11 -12 13 14 15 16 -17 18 -19 20