0xb0950dc17b30a152 2688 1 2 3 -4 5 -6 7 8 9 -10 -11 -12 -13 14 -15 -16 -17 -18 -19 20
0xeffc0525f8d7d5d 2688 1 2 3 -4 5 -6 7 8 9 -10 -11 -12 -13 14 -15 -16 -17 -18 -19 20
0xf5c9114baed303e9 2688 1 2 3 -4 5 -6 7 8 9 -10 -11 -12 -13 14 -15 -16 -17 -18 -19 20
0x45ba6c0a6917eced 2688 1 2 3 -4 5 -6 7 8 9 -10 -11 -12 -13 14 -15 -16 -17 -18 -19 20
0x6e2fad5430ee7b56 2688 1 2 3 -4 5 -6 7 8 9 -10 -11 -12 -13 14 -15 -16 -17 -18 -19 20
0xb56581dc22086ad5 2688 1 2 3 -4 5 -6 7 8 9 -10 -11 -12 -13 14 -15 -16 -17 -18 -19 20
0xcd7ef31601ce436e 2688 1 2 3 -4 5 -6 7 8 9 -10 -11 -12 -13 14 -15 -16 -17 -18 -19 20
0xe2790294138c78fa 2688 1 2 3 -4 5 -6 7 8 9 -10 -11 -12 -13 14 -15 -16 -17 -18 -19 20
0x67732e01bbeb9206 2688 1 2 3 -4 5 -6 7 8 9 -10 -11 -12 -13 14 -15 -16 -17 -18 -19 20
0x2bd31a6b12e70c77 2688 1 2 3 -4 5 -6 7 8 9 -10 -11 -12 -13 14 -15 -16 -17 -18 -19 20
0x71db53926f5f1918 2688 1 2 3 -4 5 -6 7 8 9 -10 -11 -12 -13 14 -15 -16 -17 -18 -19 20
0x96d7aa4d5133cd7 2688 1 2 3 -4 5 -6 7 8 9 -10 -11 -12 -13 14 -15 -16 -17 -18 -19 20
0xbb5c913585070886 2688 1 2 3 -4 5 -6 7 8 9 -10 -11 -12 -13 14 -15 -16 -17 -18 -19 20
0x1bde876c55a42592 2688 1 2 3 -4 5 -6 7 8 9 -10 -11 -12 -13 14 -15 -16 -17 -18 -19 20
0x735fd0ce637971a7 2688 1 2 3 -4 5 -6 7 8 9 -10 -11 -12 -13 14 -15 -16 -17 -18 -19 20
0x6493f4cf4a6d7fd6 2688 1 2 3 -4 5 -6 7 8 9 -10 -11 -12 -13 14 -15 -16 -17 -18 -19 20
0xc1e5a45813c6aeeb 2688 1 2 3 -4 5 -6 7 8 9 -10 -11 -12 -13 14 -15 -16 -17 -18 -19 20
0x78f34ded1b2d8a72 2688 1 2 3 -4 5 -6 7 8 9 -10 -11 -12 -13 14 -15 -16 -17 -18 -19 20
0x2b29883b58c43908 2688 1 2 3 -4 5 -6 7 8 9 -10 -11 -12 -13 14 -15 -16 -17 -18 -19 20
0xda482ec48fdaaf53 2688 1 2 3 -4 5 -6 7 8 9 -10 -11 -12 -13 14 -15 -16 -17 -18 -19 20
0xf733a93b35c8f50 2688 1 2 3 -4 5 -6 7 8 9 -10 -11 -12 -13 14 -15 -16 -17 -18 -19 20
0x239fafdf9e3c719e 2688 1 2 3 -4 5 -6 7 8 9 -10 -11 -12 -13 14 -15 -16 -17 -18 -19 20
0x6c9d8152f1d0ae3d 2688 1 2 3 -4 5 -6 7 8 9 -10 -11 -12 -13 14 -15 -16 -17 -18 -19 20
0x57278f8d18302614 2688 1 2 3 -4 5 -6 7 8 9 -10 -11 -12 -13 14 -15 -16 -17 -18 -19 20
0xac8fd04b45f52cb5 2688 1 2 3 -4 5 -6 7 8 9 -10 -11 -12 -13 14 -15 -16 -17 -18 -19 20
0x2343c349e36133f0 2688 1 2 3 -4 5 -6 7 8 9 -10 -11 -12 -13 14 -15 -16 -17 -18 -19 20
0x5abaeaa9f41e7123 2688 1 2 3 -4 5 -6 7 8 9 -10 -11 -12 -13 14 -15 -16 -17 -18 -19 20
0xe643b876204c44aa 2688 1 2 3 -4 5 -6 7 8 9 -10 -11 -12 -13 14 -15 -16 -17 -18 -19 20
0x85398cf8928273df 2688 1 2 3 -4 5 -6 7 8 9 -10 -11 -12 -13 14 -15 -16 -17 -18 -19 20
0x8b66a4595473ca75 2688 1 2 3 -4 5 -6 7 8 9 -10 -11 -12 -13 14 -15 -16 -17 -18 -19 20