0x757ddc1851d71b6a 2298 -1 -2 -3 -4 5 6 -7 -8 -9 10 -11 12 13 14 15 -16 17 -18 -19 20
0xc681546404d0393e 2298 -1 -2 -3 -4 5 6 -7 -8 -9 10 -11 12 13 14 15 -16 17 -18 -19 20
0x69b1b9c52cdc0d21 2298 -1 -2 -3 -4 5 6 -7 -8 -9 10 -11 12 13 14 15 -16 17 -18 -19 20
0x2899512849785ac2 2298 -1 -2 -3 -4 5 6 -7 -8 -9 10 -11 12 13 14 15 -16 17 -18 -19 20
0x56580ecd63d40494 2298 -1 -2 -3 -4 5 6 -7 -8 -9 10 -11 12 13 14 15 -16 17 -18 -19 20
0xf5d874d41dce2a40 2298 -1 -2 -3 -4 5 6 -7 -8 -9 10 -11 12 13 14 15 -16 17 -18 -19 20
0xb5828814fffc11a5 2298 -1 -2 -3 -4 5 6 -7 -8 -9 10 -11 12 13 14 15 -16 17 -18 -19 20
0x53129e7bfbedea03 2298 -1 -2 -3 -4 5 6 -7 -8 -9 10 -11 12 13 14 15 -16 17 -18 -19 20
0xd7d5be8662386c21 2298 -1 -2 -3 -4 5 6 -7 -8 -9 10 -11 12 13 14 15 -16 17 -18 -19 20
0x8189be67eec208c 2298 -1 -2 -3 -4 5 6 -7 -8 -9 10 -11 12 13 14 15 -16 17 -18 -19 20
0xd54538935b8e2a9b 2298 -1 -2 -3 -4 5 6 -7 -8 -9 10 -11 12 13 14 15 -16 17 -18 -19 20
0xc56c6e3da90fe17e 2298 -1 -2 -3 -4 5 6 -7 -8 -9 10 -11 12 13 14 15 -16 17 -18 -19 20
0x42be10ddf3786d87 2298 -1 -2 -3 -4 5 6 -7 -8 -9 10 -11 12 13 14 15 -16 17 -18 -19 20
0x3cc683559aba6cf 2298 -1 -2 -3 -4 5 6 -7 -8 -9 10 -11 12 13 14 15 -16 17 -18 -19 20
0x197877b306173a5d 2298 -1 -2 -3 -4 5 6 -7 -8 -9 10 -11 12 13 14 15 -16 17 -18 -19 20
0xa18234d86e03dfbd 2298 -1 -2 -3 -4 5 6 -7 -8 -9 10 -11 12 13 14 15 -16 17 -18 -19 20
0xfcde82b98e266e81 2298 -1 -2 -3 -4 5 6 -7 -8 -9 10 -11 12 13 14 15 -16 17 -18 -19 20
0x25e525b2d954e400 2298 -1 -2 -3 -4 5 6 -7 -8 -9 10 -11 12 13 14 15 -16 17 -18 -19 20
0x420c83fc62fa0c69 2298 -1 -2 -3 -4 5 6 -7 -8 -9 10 -11 12 13 14 15 -16 17 -18 -19 20
0x7332c0e40e6d774d 2298 -1 -2 -3 -4 5 6 -7 -8 -9 10 -11 12 13 14 15 -16 17 -18 -19 20
0x92138b52351e8929 2298 -1 -2 -3 -4 5 6 -7 -8 -9 10 -11 12 13 14 15 -16 17 -18 -19 20
0x38ec0cbbc526ae37 2298 -1 -2 -3 -4 5 6 -7 -8 -9 10 -11 12 13 14 15 -16 17 -18 -19 20
0x740b5bd7665330db 2298 -1 -2 -3 -4 5 6 -7 -8 -9 10 -11 12 13 14 15 -16 17 -18 -19 20
0x56552406e0ba436 2298 -1 -2 -3 -4 5 6 -7 -8 -9 10 -11 12 13 14 15 -16 17 -18 -19 20
0xe086e9858d83275c 2298 -1 -2 -3 -4 5 6 -7 -8 -9 10 -11 12 13 14 15 -16 17 -18 -19 20
0xf170030699efa27 2298 -1 -2 -3 -4 5 6 -7 -8 -9 10 -11 12 13 14 15 -16 17 -18 -19 20
0xffb557f2b2c5fa0e 2298 -1 -2 -3 -4 5 6 -7 -8 -9 10 -11 12 13 14 15 -16 17 -18 -19 20
0xd107679a9b0703d1 2298 -1 -2 -3 -4 5 6 -7 -8 -9 10 -11 12 13 14 15 -16 17 -18 -19 20
0x918ad6d487a1a64e 2298 -1 -2 -3 -4 5 6 -7 -8 -9 10 -11 12 13 14 15 -16 17 -18 -19 20
0xc3165e06a13005e9 2298 -1 -2 -3 -4 5 6 -7 -8 -9 10 -11 12 13 14 15 -16 17 -18 -19 20