0xcf882de8930c486 5136 -1 2 3 4 5 6 7 8 9 10 -11 12 -13 14 15 16 17 18 19 20
0xf6eae32b922eaa9d 5136 -1 2 3 4 5 6 7 8 9 10 -11 12 -13 14 15 16 17 18 19 20
0x75d76164cf0d0c20 5136 -1 2 3 4 5 6 7 8 9 10 -11 12 -13 14 15 16 17 18 19 20
0x26e9b901476ce024 5136 -1 2 3 4 5 6 7 8 9 10 -11 12 -13 14 15 16 17 18 19 20
0x16840f8943aaca7a 5136 -1 2 3 4 5 6 7 8 9 10 -11 12 -13 14 15 16 17 18 19 20
0x807452a9f0fe4c6b 5136 -1 2 3 4 5 6 7 8 9 10 -11 12 -13 14 15 16 17 18 19 20
0x274d9935c123e047 5136 -1 2 3 4 5 6 7 8 9 10 -11 12 -13 14 15 16 17 18 19 20
0x897aa5c42b8db2d5 5136 -1 2 3 4 5 6 7 8 9 10 -11 12 -13 14 15 16 17 18 19 20
0x6aedf809b22b2d3e 5136 -1 2 3 4 5 6 7 8 9 10 -11 12 -13 14 15 16 17 18 19 20
0x3eebeacd3e38c0bb 5136 -1 2 3 4 5 6 7 8 9 10 -11 12 -13 14 15 16 17 18 19 20
0x452f428559c589b3 5136 -1 2 3 4 5 6 7 8 9 10 -11 12 -13 14 15 16 17 18 19 20
0x54eaa9b80ecaad58 5136 -1 2 3 4 5 6 7 8 9 10 -11 12 -13 14 15 16 17 18 19 20
0x8730c778b10ddd88 5136 -1 2 3 4 5 6 7 8 9 10 -11 12 -13 14 15 16 17 18 19 20
0x68f3d66c2d8d9a22 5136 -1 2 3 4 5 6 7 8 9 10 -11 12 -13 14 15 16 17 18 19 20
0x5607d8f6b0712218 5136 -1 2 3 4 5 6 7 8 9 10 -11 12 -13 14 15 16 17 18 19 20
0xc24a3b0ed0f082c2 5136 -1 2 3 4 5 6 7 8 9 10 -11 12 -13 14 15 16 17 18 19 20
0xc9405ba2ce513f36 5136 -1 2 3 4 5 6 7 8 9 10 -11 12 -13 14 15 16 17 18 19 20
0xc90efa72fb6d928f 5136 -1 2 3 4 5 6 7 8 9 10 -11 12 -13 14 15 16 17 18 19 20
0x194de1c08f63dabc 5136 -1 2 3 4 5 6 7 8 9 10 -11 12 -13 14 15 16 17 18 19 20
0x43be7b80b82e5f8d 5136 -1 2 3 4 5 6 7 8 9 10 -11 12 -13 14 15 16 17 18 19 20
0x732aaaa2a908c465 5136 -1 2 3 4 5 6 7 8 9 10 -11 12 -13 14 15 16 17 18 19 20
0x442347a2e930019c 5136 -1 2 3 4 5 6 7 8 9 10 -11 12 -13 14 15 16 17 18 19 20
0x89342d8ad677b217 5136 -1 2 3 4 5 6 7 8 9 10 -11 12 -13 14 15 16 17 18 19 20
0x1bd4b969860265a3 5136 -1 2 3 4 5 6 7 8 9 10 -11 12 -13 14 15 16 17 18 19 20
0xbc91efc56aa8ea15 5136 -1 2 3 4 5 6 7 8 9 10 -11 12 -13 14 15 16 17 18 19 20
0x98395ed5146666e4 5136 -1 2 3 4 5 6 7 8 9 10 -11 12 -13 14 15 16 17 18 19 20
0x9040960723c33eaa 5136 -1 2 3 4 5 6 7 8 9 10 -11 12 -13 14 15 16 17 18 19 20
0x205ced7b52b200a8 5136 -1 2 3 4 5 6 7 8 9 10 -11 12 -13 14 15 16 17 18 19 20
0x69182aa1251d68d8 5136 -1 2 3 4 5 6 7 8 9 10 -11 12 -13 14 15 16 17 18 19 20
0x1e0b484345d0bdef 5136 -1 2 3 4 5 6 7 8 9 10 -11 12 -13 14 15 16 17 18 19 20