0x715cf9bfbdd76caf 3597 -1 2 -3 4 -5 6 -7 8 9 10 11 12 -13 14 15 -16 17 -18 19 20
0xa6603c7f519f0729 3597 -1 2 -3 4 -5 6 -7 8 9 10 11 12 -13 14 15 -16 17 -18 19 20
0xbf9cb4812cbcffb7 3597 -1 2 -3 4 -5 6 -7 8 9 10 11 12 -13 14 15 -16 17 -18 19 20
0x788891ef466072fc 3597 -1 2 -3 4 -5 6 -7 8 9 10 11 12 -13 14 15 -16 17 -18 19 20
0xfd860505c5ec8bb1 3597 -1 2 -3 4 -5 6 -7 8 9 10 11 12 -13 14 15 -16 17 -18 19 20
0xef57c9f1c45aab0f 3597 -1 2 -3 4 -5 6 -7 8 9 10 11 12 -13 14 15 -16 17 -18 19 20
0xcc12b5f5943be887 3597 -1 2 -3 4 -5 6 -7 8 9 10 11 12 -13 14 15 -16 17 -18 19 20
0xbbb3e9259450f248 3597 -1 2 -3 4 -5 6 -7 8 9 10 11 12 -13 14 15 -16 17 -18 19 20
0xbf8c75613f01125d 3597 -1 2 -3 4 -5 6 -7 8 9 10 11 12 -13 14 15 -16 17 -18 19 20
0x3d3a05fa934f27be 3597 -1 2 -3 4 -5 6 -7 8 9 10 11 12 -13 14 15 -16 17 -18 19 20
0x30a0adad3f41d897 3597 -1 2 -3 4 -5 6 -7 8 9 10 11 12 -13 14 15 -16 17 -18 19 20
0x24201bac0a265c5d 3597 -1 2 -3 4 -5 6 -7 8 9 10 11 12 -13 14 15 -16 17 -18 19 20
0xe85967487b6672e3 3597 -1 2 -3 4 -5 6 -7 8 9 10 11 12 -13 14 15 -16 17 -18 19 20
0x235ceb44ccd7b941 3597 -1 2 -3 4 -5 6 -7 8 9 10 11 12 -13 14 15 -16 17 -18 19 20
0x946dd03cc81c3b02 3597 -1 2 -3 4 -5 6 -7 8 9 10 11 12 -13 14 15 -16 17 -18 19 20
0x50fa4837fdb1fb92 3597 -1 2 -3 4 -5 6 -7 8 9 10 11 12 -13 14 15 -16 17 -18 19 20
0x4aadb7899e3403e2 3597 -1 2 -3 4 -5 6 -7 8 9 10 11 12 -13 14 15 -16 17 -18 19 20
0xca3d46ec8889c05d 3597 -1 2 -3 4 -5 6 -7 8 9 10 11 12 -13 14 15 -16 17 -18 19 20
0x3d669adea8e7bb10 3597 -1 2 -3 4 -5 6 -7 8 9 10 11 12 -13 14 15 -16 17 -18 19 20
0xd5cbac3d18d6fe15 3597 -1 2 -3 4 -5 6 -7 8 9 10 11 12 -13 14 15 -16 17 -18 19 20
0x2ac8d37799ca2201 3597 -1 2 -3 4 -5 6 -7 8 9 10 11 12 -13 14 15 -16 17 -18 19 20
0xbaf6acf876958e0e 3597 -1 2 -3 4 -5 6 -7 8 9 10 11 12 -13 14 15 -16 17 -18 19 20
0xbba012e87b97c8cb 3597 -1 2 -3 4 -5 6 -7 8 9 10 11 12 -13 14 15 -16 17 -18 19 20
0x8df8fd60889ec602 3597 -1 2 -3 4 -5 6 -7 8 9 10 11 12 -13 14 15 -16 17 -18 19 20
0x5828b00275d81d2a 3597 -1 2 -3 4 -5 6 -7 8 9 10 11 12 -13 14 15 -16 17 -18 19 20
0x1c3630aee572218f 3597 -1 2 -3 4 -5 6 -7 8 9 10 11 12 -13 14 15 -16 17 -18 19 20
0xd56c98efb13b2e7e 3597 -1 2 -3 4 -5 6 -7 8 9 10 11 12 -13 14 15 -16 17 -18 19 20
0x86c9688b9da2fbb5 3597 -1 2 -3 4 -5 6 -7 8 9 10 11 12 -13 14 15 -16 17 -18 19 20
0xb41af0c1eb9c1aca 3597 -1 2 -3 4 -5 6 -7 8 9 10 11 12 -13 14 15 -16 17 -18 19 20
0x9f12d84185f9567b 3597 -1 2 -3 4 -5 6 -7 8 9 10 11 12 -13 14 15 -16 17 -18 19 20