0x8dc550506e20ef13 3129 1 2 -3 4 5 -6 7 -8 9 10 11 -12 13 14 15 16 17 -18 19 20
0x3c4b1f4c701e807a 3129 1 2 -3 4 5 -6 7 -8 9 10 11 -12 13 14 15 16 17 -18 19 20
0xf45c73a1f3684fbb 3129 1 2 -3 4 5 -6 7 -8 9 10 11 -12 13 14 15 16 17 -18 19 20
0x977a2633025e787c 3129 1 2 -3 4 5 -6 7 -8 9 10 11 -12 13 14 15 16 17 -18 19 20
0x5f52b1d6687490a8 3129 1 2 -3 4 5 -6 7 -8 9 10 11 -12 13 14 15 16 17 -18 19 20
0xa97706bbc88d8985 3129 1 2 -3 4 5 -6 7 -8 9 10 11 -12 13 14 15 16 17 -18 19 20
0xf7fdf472fcd3c22e 3129 1 2 -3 4 5 -6 7 -8 9 10 11 -12 13 14 15 16 17 -18 19 20
0x562c5133de98e2b 3129 1 2 -3 4 5 -6 7 -8 9 10 11 -12 13 14 15 16 17 -18 19 20
0xb049da4081e244bc 3129 1 2 -3 4 5 -6 7 -8 9 10 11 -12 13 14 15 16 17 -18 19 20
0x36c5455c8e864b60 3129 1 2 -3 4 5 -6 7 -8 9 10 11 -12 13 14 15 16 17 -18 19 20
0xa0a3de9fe19314ba 3129 1 2 -3 4 5 -6 7 -8 9 10 11 -12 13 14 15 16 17 -18 19 20
0x897b717287baabbe 3129 1 2 -3 4 5 -6 7 -8 9 10 11 -12 13 14 15 16 17 -18 19 20
0xe4c5fa11f6411720 3129 1 2 -3 4 5 -6 7 -8 9 10 11 -12 13 14 15 16 17 -18 19 20
0xe3a93061f28420ff 3129 1 2 -3 4 5 -6 7 -8 9 10 11 -12 13 14 15 16 17 -18 19 20
0x911adc0f82d44ecd 3129 1 2 -3 4 5 -6 7 -8 9 10 11 -12 13 14 15 16 17 -18 19 20
0xbf4badeb2d0c1582 3129 1 2 -3 4 5 -6 7 -8 9 10 11 -12 13 14 15 16 17 -18 19 20
0xf5d59a81d5849602 3129 1 2 -3 4 5 -6 7 -8 9 10 11 -12 13 14 15 16 17 -18 19 20
0xa459f2011ca56dcb 3129 1 2 -3 4 5 -6 7 -8 9 10 11 -12 13 14 15 16 17 -18 19 20
0x9e46b149669767e3 3129 1 2 -3 4 5 -6 7 -8 9 10 11 -12 13 14 15 16 17 -18 19 20
0xfba1c84fd7d81a01 3129 1 2 -3 4 5 -6 7 -8 9 10 11 -12 13 14 15 16 17 -18 19 20
0x1df54b12f7479589 3129 1 2 -3 4 5 -6 7 -8 9 10 11 -12 13 14 15 16 17 -18 19 20
0x27e283b818fbadb4 3129 1 2 -3 4 5 -6 7 -8 9 10 11 -12 13 14 15 16 17 -18 19 20
0xf2593cf5a0307d6d 3129 1 2 -3 4 5 -6 7 -8 9 10 11 -12 13 14 15 16 17 -18 19 20
0xa1966a5687c622b 3129 1 2 -3 4 5 -6 7 -8 9 10 11 -12 13 14 15 16 17 -18 19 20
0x32f874150e8c87d2 3129 1 2 -3 4 5 -6 7 -8 9 10 11 -12 13 14 15 16 17 -18 19 20
0xd75a6486e587a2a2 3129 1 2 -3 4 5 -6 7 -8 9 10 11 -12 13 14 15 16 17 -18 19 20
0x6f464055f4214e8 3129 1 2 -3 4 5 -6 7 -8 9 10 11 -12 13 14 15 16 17 -18 19 20
0xace055833a74e4e5 3129 1 2 -3 4 5 -6 7 -8 9 10 11 -12 13 14 15 16 17 -18 19 20
0x1fb102376eb28eff 3129 1 2 -3 4 5 -6 7 -8 9 10 11 -12 13 14 15 16 17 -18 19 20
0x97e9ea35daa70027 3129 1 2 -3 4 5 -6 7 -8 9 10 11 -12 13 14 15 16 17 -18 19 20