0xea2b08ad953254ae 3168 -1 2 3 4 5 -6 -7 8 9 10 11 -12 13 -14 15 -16 17 -18 -19 -20
0x14a1ae4ba5abbeeb 3168 -1 2 3 4 5 -6 -7 8 9 10 11 -12 13 -14 15 -16 17 -18 -19 -20
0x2af1a064eca630bf 3168 -1 2 3 4 5 -6 -7 8 9 10 11 -12 13 -14 15 -16 17 -18 -19 -20
0x25273392f88f510c 3168 -1 2 3 4 5 -6 -7 8 9 10 11 -12 13 -14 15 -16 17 -18 -19 -20
0xb911b57e620a30ea 3168 -1 2 3 4 5 -6 -7 8 9 10 11 -12 13 -14 15 -16 17 -18 -19 -20
0x578564c1ce061d39 3168 -1 2 3 4 5 -6 -7 8 9 10 11 -12 13 -14 15 -16 17 -18 -19 -20
0x56aaa056931b5857 3168 -1 2 3 4 5 -6 -7 8 9 10 11 -12 13 -14 15 -16 17 -18 -19 -20
0x558b0b57e5ece605 3168 -1 2 3 4 5 -6 -7 8 9 10 11 -12 13 -14 15 -16 17 -18 -19 -20
0x24d5c69e41bf6e96 3168 -1 2 3 4 5 -6 -7 8 9 10 11 -12 13 -14 15 -16 17 -18 -19 -20
0xd4487e089b4c4581 3168 -1 2 3 4 5 -6 -7 8 9 10 11 -12 13 -14 15 -16 17 -18 -19 -20
0x2583fd837f09a01e 3168 -1 2 3 4 5 -6 -7 8 9 10 11 -12 13 -14 15 -16 17 -18 -19 -20
0xcb1dde5be7563a64 3168 -1 2 3 4 5 -6 -7 8 9 10 11 -12 13 -14 15 -16 17 -18 -19 -20
0x19a6d317fe3f7ea0 3168 -1 2 3 4 5 -6 -7 8 9 10 11 -12 13 -14 15 -16 17 -18 -19 -20
0x5bd9c9cf482b9fe3 3168 -1 2 3 4 5 -6 -7 8 9 10 11 -12 13 -14 15 -16 17 -18 -19 -20
0x80ad442981268bdf 3168 -1 2 3 4 5 -6 -7 8 9 10 11 -12 13 -14 15 -16 17 -18 -19 -20
0x7b47c5d875885db8 3168 -1 2 3 4 5 -6 -7 8 9 10 11 -12 13 -14 15 -16 17 -18 -19 -20
0x85adba4e73b71710 3168 -1 2 3 4 5 -6 -7 8 9 10 11 -12 13 -14 15 -16 17 -18 -19 -20
0x8fd32dc29334cb4e 3168 -1 2 3 4 5 -6 -7 8 9 10 11 -12 13 -14 15 -16 17 -18 -19 -20
0x7f6cf56aea23a92e 3168 -1 2 3 4 5 -6 -7 8 9 10 11 -12 13 -14 15 -16 17 -18 -19 -20
0x44ca22f1c9ed8e8f 3168 -1 2 3 4 5 -6 -7 8 9 10 11 -12 13 -14 15 -16 17 -18 -19 -20
0xe967df3d780d1278 3168 -1 2 3 4 5 -6 -7 8 9 10 11 -12 13 -14 15 -16 17 -18 -19 -20
0x7517085cb752316b 3168 -1 2 3 4 5 -6 -7 8 9 10 11 -12 13 -14 15 -16 17 -18 -19 -20
0x9ac2ed42aa507ef 3168 -1 2 3 4 5 -6 -7 8 9 10 11 -12 13 -14 15 -16 17 -18 -19 -20
0xb28fce0be27d4759 3168 -1 2 3 4 5 -6 -7 8 9 10 11 -12 13 -14 15 -16 17 -18 -19 -20
0xc85ddc13ac4550db 3168 -1 2 3 4 5 -6 -7 8 9 10 11 -12 13 -14 15 -16 17 -18 -19 -20
0x38590c9d54ec22cf 3168 -1 2 3 4 5 -6 -7 8 9 10 11 -12 13 -14 15 -16 17 -18 -19 -20
0x9f07633380418444 3168 -1 2 3 4 5 -6 -7 8 9 10 11 -12 13 -14 15 -16 17 -18 -19 -20
0xd3591565c933860a 3168 -1 2 3 4 5 -6 -7 8 9 10 11 -12 13 -14 15 -16 17 -18 -19 -20
0xf4f15497c561585a 3168 -1 2 3 4 5 -6 -7 8 9 10 11 -12 13 -14 15 -16 17 -18 -19 -20
0x2705f6c14083604b 3168 -1 2 3 4 5 -6 -7 8 9 10 11 -12 13 -14 15 -16 17 -18 -19 -20