0xa36f5b95a651da36 7619 1 -2 3 -4 5 -6 7 8 9 10 11 12 13 -14 15 16 17 -18 -19 20
0x69af9030dc4d12d9 7619 1 -2 3 -4 5 -6 7 8 9 10 11 12 13 -14 15 16 17 -18 -19 20
0x46f146a26e3dfeb5 7619 1 -2 3 -4 5 -6 7 8 9 10 11 12 13 -14 15 16 17 -18 -19 20
0x1f5310ca0eec1e4 7619 1 -2 3 -4 5 -6 7 8 9 10 11 12 13 -14 15 16 17 -18 -19 20
0x34a07759e6800bdc 7619 1 -2 3 -4 5 -6 7 8 9 10 11 12 13 -14 15 16 17 -18 -19 20
0x10b799162f374e03 7619 1 -2 3 -4 5 -6 7 8 9 10 11 12 13 -14 15 16 17 -18 -19 20
0xd4b6b64a10f5bd4 7619 1 -2 3 -4 5 -6 7 8 9 10 11 12 13 -14 15 16 17 -18 -19 20
0x4419c9eb67af9ad 7619 1 -2 3 -4 5 -6 7 8 9 10 11 12 13 -14 15 16 17 -18 -19 20
0x3fd599a62b446625 7619 1 -2 3 -4 5 -6 7 8 9 10 11 12 13 -14 15 16 17 -18 -19 20
0x453c9fe63219262e 7619 1 -2 3 -4 5 -6 7 8 9 10 11 12 13 -14 15 16 17 -18 -19 20
0x98f1fb7920953fb1 7619 1 -2 3 -4 5 -6 7 8 9 10 11 12 13 -14 15 16 17 -18 -19 20
0x848fcc6849131c1b 7619 1 -2 3 -4 5 -6 7 8 9 10 11 12 13 -14 15 16 17 -18 -19 20
0x5aad8725c227a52b 7619 1 -2 3 -4 5 -6 7 8 9 10 11 12 13 -14 15 16 17 -18 -19 20
0x77fb4c49596987fb 7619 1 -2 3 -4 5 -6 7 8 9 10 11 12 13 -14 15 16 17 -18 -19 20
0x1e6738b3caeca4c 7619 1 -2 3 -4 5 -6 7 8 9 10 11 12 13 -14 15 16 17 -18 -19 20
0x9c24e600b0c41e16 7619 1 -2 3 -4 5 -6 7 8 9 10 11 12 13 -14 15 16 17 -18 -19 20
0x3ed22399e5059f50 7619 1 -2 3 -4 5 -6 7 8 9 10 11 12 13 -14 15 16 17 -18 -19 20
0x19920fdab270e7fd 7619 1 -2 3 -4 5 -6 7 8 9 10 11 12 13 -14 15 16 17 -18 -19 20
0x3cb2e1d8e104a678 7619 1 -2 3 -4 5 -6 7 8 9 10 11 12 13 -14 15 16 17 -18 -19 20
0x1325fe206836aa41 7619 1 -2 3 -4 5 -6 7 8 9 10 11 12 13 -14 15 16 17 -18 -19 20
0xaafb6be294f95987 7619 1 -2 3 -4 5 -6 7 8 9 10 11 12 13 -14 15 16 17 -18 -19 20
0x4175814aa488a8b8 7619 1 -2 3 -4 5 -6 7 8 9 10 11 12 13 -14 15 16 17 -18 -19 20
0xbf5e4de3aa651f47 7619 1 -2 3 -4 5 -6 7 8 9 10 11 12 13 -14 15 16 17 -18 -19 20
0xe9b3341c38c8f67d 7619 1 -2 3 -4 5 -6 7 8 9 10 11 12 13 -14 15 16 17 -18 -19 20
0x65870e1dd8e9d104 7619 1 -2 3 -4 5 -6 7 8 9 10 11 12 13 -14 15 16 17 -18 -19 20
0xc5ff4177627c0c42 7619 1 -2 3 -4 5 -6 7 8 9 10 11 12 13 -14 15 16 17 -18 -19 20
0x4c5e667e8234809d 7619 1 -2 3 -4 5 -6 7 8 9 10 11 12 13 -14 15 16 17 -18 -19 20
0xd9a3b1a679ce1e69 7619 1 -2 3 -4 5 -6 7 8 9 10 11 12 13 -14 15 16 17 -18 -19 20
0xa9d968ab1425ba81 7619 1 -2 3 -4 5 -6 7 8 9 10 11 12 13 -14 15 16 17 -18 -19 20
0x6f5fd8ce254940b5 7619 1 -2 3 -4 5 -6 7 8 9 10 11 12 13 -14 15 16 17 -18 -19 20