0x284847da412d4e58 9726 1 2 3 -4 -5 -6 7 -8 -9 10 -11 -12 13 -14 15 16 -17 18 19 20
0x8d23c2a6e4f17bd3 9726 1 2 3 -4 -5 -6 7 -8 -9 10 -11 -12 13 -14 15 16 -17 18 19 20
0xbe4b3e4f18386421 9726 1 2 3 -4 -5 -6 7 -8 -9 10 -11 -12 13 -14 15 16 -17 18 19 20
0xe04e8c27005c1c7a 9726 1 2 3 -4 -5 -6 7 -8 -9 10 -11 -12 13 -14 15 16 -17 18 19 20
0x6bc39f7ca7d9258c 9726 1 2 3 -4 -5 -6 7 -8 -9 10 -11 -12 13 -14 15 16 -17 18 19 20
0x3a52f14283003455 9726 1 2 3 -4 -5 -6 7 -8 -9 10 -11 -12 13 -14 15 16 -17 18 19 20
0x264df831d3b8d49d 9726 1 2 3 -4 -5 -6 7 -8 -9 10 -11 -12 13 -14 15 16 -17 18 19 20
0x12257ba2f0aa8258 9726 1 2 3 -4 -5 -6 7 -8 -9 10 -11 -12 13 -14 15 16 -17 18 19 20
0x7d03acac153b5d65 9726 1 2 3 -4 -5 -6 7 -8 -9 10 -11 -12 13 -14 15 16 -17 18 19 20
0x4a8486c7f4dc9f27 9726 1 2 3 -4 -5 -6 7 -8 -9 10 -11 -12 13 -14 15 16 -17 18 19 20
0x46eb6576005d1a7a 9726 1 2 3 -4 -5 -6 7 -8 -9 10 -11 -12 13 -14 15 16 -17 18 19 20
0x1139ccb66dc10d04 9726 1 2 3 -4 -5 -6 7 -8 -9 10 -11 -12 13 -14 15 16 -17 18 19 20
0xdc1cee02e666603d 9726 1 2 3 -4 -5 -6 7 -8 -9 10 -11 -12 13 -14 15 16 -17 18 19 20
0x1a7aad564646a453 9726 1 2 3 -4 -5 -6 7 -8 -9 10 -11 -12 13 -14 15 16 -17 18 19 20
0xb9e52fe06d939e5a 9726 1 2 3 -4 -5 -6 7 -8 -9 10 -11 -12 13 -14 15 16 -17 18 19 20
0xe26b9ac75545664d 9726 1 2 3 -4 -5 -6 7 -8 -9 10 -11 -12 13 -14 15 16 -17 18 19 20
0x21a75521a957e762 9726 1 2 3 -4 -5 -6 7 -8 -9 10 -11 -12 13 -14 15 16 -17 18 19 20
0xfd026936f76e2e93 9726 1 2 3 -4 -5 -6 7 -8 -9 10 -11 -12 13 -14 15 16 -17 18 19 20
0x8550e0f41a86336a 9726 1 2 3 -4 -5 -6 7 -8 -9 10 -11 -12 13 -14 15 16 -17 18 19 20
0x8d7039ac7828070c 9726 1 2 3 -4 -5 -6 7 -8 -9 10 -11 -12 13 -14 15 16 -17 18 19 20
0xcd3c51b79eceb9fb 9726 1 2 3 -4 -5 -6 7 -8 -9 10 -11 -12 13 -14 15 16 -17 18 19 20
0x81cef7b24650b770 9726 1 2 3 -4 -5 -6 7 -8 -9 10 -11 -12 13 -14 15 16 -17 18 19 20
0x827c02147b7ee5b6 9726 1 2 3 -4 -5 -6 7 -8 -9 10 -11 -12 13 -14 15 16 -17 18 19 20
0x94ac9b96aca4206 9726 1 2 3 -4 -5 -6 7 -8 -9 10 -11 -12 13 -14 15 16 -17 18 19 20
0xd8a38d1a6881a1e7 9726 1 2 3 -4 -5 -6 7 -8 -9 10 -11 -12 13 -14 15 16 -17 18 19 20
0x98e1e22b1947d5d8 9726 1 2 3 -4 -5 -6 7 -8 -9 10 -11 -12 13 -14 15 16 -17 18 19 20
0xe3d52487bac8b0ef 9726 1 2 3 -4 -5 -6 7 -8 -9 10 -11 -12 13 -14 15 16 -17 18 19 20
0x67b2868c689d00d 9726 1 2 3 -4 -5 -6 7 -8 -9 10 -11 -12 13 -14 15 16 -17 18 19 20
0x1e4ecc7d3ea2c66f 9726 1 2 3 -4 -5 -6 7 -8 -9 10 -11 -12 13 -14 15 16 -17 18 19 20
0xbee0d9ac58a1ab38 9726 1 2 3 -4 -5 -6 7 -8 -9 10 -11 -12 13 -14 15 16 -17 18 19 20