0xc76ff2a7cea1605d 204794 -1 2 -3 4 5 6 7 -8 9 10 11 -12 13 14 15 16 17 18 19 -20 -21 22 -23 -24 -25 -26 27 -28 29 30 31 32 33 -34 -35 36 -37 -38 39 -40 41 -42 -43 -44 45 -46 47 48 49 -50
0xd378760d5f119349 204794 -1 2 -3 4 5 6 7 -8 9 10 11 -12 13 14 15 16 17 18 19 -20 -21 22 -23 -24 -25 -26 27 -28 29 30 31 32 33 -34 -35 36 -37 -38 39 -40 41 -42 -43 -44 45 -46 47 48 49 -50
0x42e8f3235a5f208e 204794 -1 2 -3 4 5 6 7 -8 9 10 11 -12 13 14 15 16 17 18 19 -20 -21 22 -23 -24 -25 -26 27 -28 29 30 31 32 33 -34 -35 36 -37 -38 39 -40 41 -42 -43 -44 45 -46 47 48 49 -50
0xaad1989426004714 204794 -1 2 -3 4 5 6 7 -8 9 10 11 -12 13 14 15 16 17 18 19 -20 -21 22 -23 -24 -25 -26 27 -28 29 30 31 32 33 -34 -35 36 -37 -38 39 -40 41 -42 -43 -44 45 -46 47 48 49 -50
0xed503ebe38ec17a7 204794 -1 2 -3 4 5 6 7 -8 9 10 11 -12 13 14 15 16 17 18 19 -20 -21 22 -23 -24 -25 -26 27 -28 29 30 31 32 33 -34 -35 36 -37 -38 39 -40 41 -42 -43 -44 45 -46 47 48 49 -50
0x691450b133d2d1b5 204794 -1 2 -3 4 5 6 7 -8 9 10 11 -12 13 14 15 16 17 18 19 -20 -21 22 -23 -24 -25 -26 27 -28 29 30 31 32 33 -34 -35 36 -37 -38 39 -40 41 -42 -43 -44 45 -46 47 48 49 -50
0x961aa3b20ab5a4d3 204794 -1 2 -3 4 5 6 7 -8 9 10 11 -12 13 14 15 16 17 18 19 -20 -21 22 -23 -24 -25 -26 27 -28 29 30 31 32 33 -34 -35 36 -37 -38 39 -40 41 -42 -43 -44 45 -46 47 48 49 -50
0x329d9eb954a48237 204794 -1 2 -3 4 5 6 7 -8 9 10 11 -12 13 14 15 16 17 18 19 -20 -21 22 -23 -24 -25 -26 27 -28 29 30 31 32 33 -34 -35 36 -37 -38 39 -40 41 -42 -43 -44 45 -46 47 48 49 -50
0x4ca7b1f52077fe3e 204794 -1 2 -3 4 5 6 7 -8 9 10 11 -12 13 14 15 16 17 18 19 -20 -21 22 -23 -24 -25 -26 27 -28 29 30 31 32 33 -34 -35 36 -37 -38 39 -40 41 -42 -43 -44 45 -46 47 48 49 -50
0xbbf61e43839d41e6 204794 -1 2 -3 4 5 6 7 -8 9 10 11 -12 13 14 15 16 17 18 19 -20 -21 22 -23 -24 -25 -26 27 -28 29 30 31 32 33 -34 -35 36 -37 -38 39 -40 41 -42 -43 -44 45 -46 47 48 49 -50
0xdf1a0cbd864a0c53 204794 -1 2 -3 4 5 6 7 -8 9 10 11 -12 13 14 15 16 17 18 19 -20 -21 22 -23 -24 -25 -26 27 -28 29 30 31 32 33 -34 -35 36 -37 -38 39 -40 41 -42 -43 -44 45 -46 47 48 49 -50
0xa605f62916aec44c 204794 -1 2 -3 4 5 6 7 -8 9 10 11 -12 13 14 15 16 17 18 19 -20 -21 22 -23 -24 -25 -26 27 -28 29 30 31 32 33 -34 -35 36 -37 -38 39 -40 41 -42 -43 -44 45 -46 47 48 49 -50
0x23755a844afc99bc 204794 -1 2 -3 4 5 6 7 -8 9 10 11 -12 13 14 15 16 17 18 19 -20 -21 22 -23 -24 -25 -26 27 -28 29 30 31 32 33 -34 -35 36 -37 -38 39 -40 41 -42 -43 -44 45 -46 47 48 49 -50
0x5dcc87f7055b734 204794 -1 2 -3 4 5 6 7 -8 9 10 11 -12 13 14 15 16 17 18 19 -20 -21 22 -23 -24 -25 -26 27 -28 29 30 31 32 33 -34 -35 36 -37 -38 39 -40 41 -42 -43 -44 45 -46 47 48 49 -50
0x77d034ff32fd8366 204794 -1 2 -3 4 5 6 7 -8 9 10 11 -12 13 14 15 16 17 18 19 -20 -21 22 -23 -24 -25 -26 27 -28 29 30 31 32 33 -34 -35 36 -37 -38 39 -40 41 -42 -43 -44 45 -46 47 48 49 -50
0xff0da29c925ef2a9 204794 -1 2 -3 4 5 6 7 -8 9 10 11 -12 13 14 15 16 17 18 19 -20 -21 22 -23 -24 -25 -26 27 -28 29 30 31 32 33 -34 -35 36 -37 -38 39 -40 41 -42 -43 -44 45 -46 47 48 49 -50
0x9a192551bee87a 204794 -1 2 -3 4 5 6 7 -8 9 10 11 -12 13 14 15 16 17 18 19 -20 -21 22 -23 -24 -25 -26 27 -28 29 30 31 32 33 -34 -35 36 -37 -38 39 -40 41 -42 -43 -44 45 -46 47 48 49 -50
0x979eed192cb0a8f7 204794 -1 2 -3 4 5 6 7 -8 9 10 11 -12 13 14 15 16 17 18 19 -20 -21 22 -23 -24 -25 -26 27 -28 29 30 31 32 33 -34 -35 36 -37 -38 39 -40 41 -42 -43 -44 45 -46 47 48 49 -50
0x6bf5572e44a25a64 204794 -1 2 -3 4 5 6 7 -8 9 10 11 -12 13 14 15 16 17 18 19 -20 -21 22 -23 -24 -25 -26 27 -28 29 30 31 32 33 -34 -35 36 -37 -38 39 -40 41 -42 -43 -44 45 -46 47 48 49 -50
0x2c8e5bcc031796a8 204794 -1 2 -3 4 5 6 7 -8 9 10 11 -12 13 14 15 16 17 18 19 -20 -21 22 -23 -24 -25 -26 27 -28 29 30 31 32 33 -34 -35 36 -37 -38 39 -40 41 -42 -43 -44 45 -46 47 48 49 -50
0x412502900a680ccf 204794 -1 2 -3 4 5 6 7 -8 9 10 11 -12 13 14 15 16 17 18 19 -20 -21 22 -23 -24 -25 -26 27 -28 29 30 31 32 33 -34 -35 36 -37 -38 39 -40 41 -42 -43 -44 45 -46 47 48 49 -50
0x2de8ddcac5183287 204794 -1 2 -3 4 5 6 7 -8 9 10 11 -12 13 14 15 16 17 18 19 -20 -21 22 -23 -24 -25 -26 27 -28 29 30 31 32 33 -34 -35 36 -37 -38 39 -40 41 -42 -43 -44 45 -46 47 48 49 -50
0x30ee201b22205a5 204794 -1 2 -3 4 5 6 7 -8 9 10 11 -12 13 14 15 16 17 18 19 -20 -21 22 -23 -24 -25 -26 27 -28 29 30 31 32 33 -34 -35 36 -37 -38 39 -40 41 -42 -43 -44 45 -46 47 48 49 -50
0x9768d6db2c3dda0 204794 -1 2 -3 4 5 6 7 -8 9 10 11 -12 13 14 15 16 17 18 19 -20 -21 22 -23 -24 -25 -26 27 -28 29 30 31 32 33 -34 -35 36 -37 -38 39 -40 41 -42 -43 -44 45 -46 47 48 49 -50
0xacd15f7c5cab4d12 204794 -1 2 -3 4 5 6 7 -8 9 10 11 -12 13 14 15 16 17 18 19 -20 -21 22 -23 -24 -25 -26 27 -28 29 30 31 32 33 -34 -35 36 -37 -38 39 -40 41 -42 -43 -44 45 -46 47 48 49 -50
0x6afaa04ba992133c 204794 -1 2 -3 4 5 6 7 -8 9 10 11 -12 13 14 15 16 17 18 19 -20 -21 22 -23 -24 -25 -26 27 -28 29 30 31 32 33 -34 -35 36 -37 -38 39 -40 41 -42 -43 -44 45 -46 47 48 49 -50
0x4f6d78334ba31d81 204794 -1 2 -3 4 5 6 7 -8 9 10 11 -12 13 14 15 16 17 18 19 -20 -21 22 -23 -24 -25 -26 27 -28 29 30 31 32 33 -34 -35 36 -37 -38 39 -40 41 -42 -43 -44 45 -46 47 48 49 -50
0x3907573b743d98e8 204794 -1 2 -3 4 5 6 7 -8 9 10 11 -12 13 14 15 16 17 18 19 -20 -21 22 -23 -24 -25 -26 27 -28 29 30 31 32 33 -34 -35 36 -37 -38 39 -40 41 -42 -43 -44 45 -46 47 48 49 -50
0xb9d55dc815bdb25e 204794 -1 2 -3 4 5 6 7 -8 9 10 11 -12 13 14 15 16 17 18 19 -20 -21 22 -23 -24 -25 -26 27 -28 29 30 31 32 33 -34 -35 36 -37 -38 39 -40 41 -42 -43 -44 45 -46 47 48 49 -50
0x5f36ee0a83373b61 204794 -1 2 -3 4 5 6 7 -8 9 10 11 -12 13 14 15 16 17 18 19 -20 -21 22 -23 -24 -25 -26 27 -28 29 30 31 32 33 -34 -35 36 -37 -38 39 -40 41 -42 -43 -44 45 -46 47 48 49 -50