0xd573115fe564d681 239040 1 -2 -3 -4 5 -6 7 -8 -9 -10 11 -12 -13 -14 -15 16 17 18 -19 -20 21 -22 -23 24 -25 26 27 -28 29 -30 -31 32 33 -34 -35 36 -37 38 39 40 41 -42 -43 -44 45 46 -47 -48 -49 -50
0x4e999e40169b508a 239040 1 -2 -3 -4 5 -6 7 -8 -9 -10 11 -12 -13 -14 -15 16 17 18 -19 -20 21 -22 -23 24 -25 26 27 -28 29 -30 -31 32 33 -34 -35 36 -37 38 39 40 41 -42 -43 -44 45 46 -47 -48 -49 -50
0x3f2a00a47927376d 239040 1 -2 -3 -4 5 -6 7 -8 -9 -10 11 -12 -13 -14 -15 16 17 18 -19 -20 21 -22 -23 24 -25 26 27 -28 29 -30 -31 32 33 -34 -35 36 -37 38 39 40 41 -42 -43 -44 45 46 -47 -48 -49 -50
0xc0906c6debcc5d7d 239040 1 -2 -3 -4 5 -6 7 -8 -9 -10 11 -12 -13 -14 -15 16 17 18 -19 -20 21 -22 -23 24 -25 26 27 -28 29 -30 -31 32 33 -34 -35 36 -37 38 39 40 41 -42 -43 -44 45 46 -47 -48 -49 -50
0x731798793ee3587a 239040 1 -2 -3 -4 5 -6 7 -8 -9 -10 11 -12 -13 -14 -15 16 17 18 -19 -20 21 -22 -23 24 -25 26 27 -28 29 -30 -31 32 33 -34 -35 36 -37 38 39 40 41 -42 -43 -44 45 46 -47 -48 -49 -50
0xd949b16fc809d10f 239040 1 -2 -3 -4 5 -6 7 -8 -9 -10 11 -12 -13 -14 -15 16 17 18 -19 -20 21 -22 -23 24 -25 26 27 -28 29 -30 -31 32 33 -34 -35 36 -37 38 39 40 41 -42 -43 -44 45 46 -47 -48 -49 -50
0xe48390703c09b92c 239040 1 -2 -3 -4 5 -6 7 -8 -9 -10 11 -12 -13 -14 -15 16 17 18 -19 -20 21 -22 -23 24 -25 26 27 -28 29 -30 -31 32 33 -34 -35 36 -37 38 39 40 41 -42 -43 -44 45 46 -47 -48 -49 -50
0x4f822572278a3d76 239040 1 -2 -3 -4 5 -6 7 -8 -9 -10 11 -12 -13 -14 -15 16 17 18 -19 -20 21 -22 -23 24 -25 26 27 -28 29 -30 -31 32 33 -34 -35 36 -37 38 39 40 41 -42 -43 -44 45 46 -47 -48 -49 -50
0x67f673066a3f6b95 239040 1 -2 -3 -4 5 -6 7 -8 -9 -10 11 -12 -13 -14 -15 16 17 18 -19 -20 21 -22 -23 24 -25 26 27 -28 29 -30 -31 32 33 -34 -35 36 -37 38 39 40 41 -42 -43 -44 45 46 -47 -48 -49 -50
0xbebc39cc764637b6 239040 1 -2 -3 -4 5 -6 7 -8 -9 -10 11 -12 -13 -14 -15 16 17 18 -19 -20 21 -22 -23 24 -25 26 27 -28 29 -30 -31 32 33 -34 -35 36 -37 38 39 40 41 -42 -43 -44 45 46 -47 -48 -49 -50
0xf84873fa2c241209 239040 1 -2 -3 -4 5 -6 7 -8 -9 -10 11 -12 -13 -14 -15 16 17 18 -19 -20 21 -22 -23 24 -25 26 27 -28 29 -30 -31 32 33 -34 -35 36 -37 38 39 40 41 -42 -43 -44 45 46 -47 -48 -49 -50
0xda8da0dc7ad00c42 239040 1 -2 -3 -4 5 -6 7 -8 -9 -10 11 -12 -13 -14 -15 16 17 18 -19 -20 21 -22 -23 24 -25 26 27 -28 29 -30 -31 32 33 -34 -35 36 -37 38 39 40 41 -42 -43 -44 45 46 -47 -48 -49 -50
0x9ad3e04d076b8f1a 239040 1 -2 -3 -4 5 -6 7 -8 -9 -10 11 -12 -13 -14 -15 16 17 18 -19 -20 21 -22 -23 24 -25 26 27 -28 29 -30 -31 32 33 -34 -35 36 -37 38 39 40 41 -42 -43 -44 45 46 -47 -48 -49 -50
0x8b42de4014909fce 239040 1 -2 -3 -4 5 -6 7 -8 -9 -10 11 -12 -13 -14 -15 16 17 18 -19 -20 21 -22 -23 24 -25 26 27 -28 29 -30 -31 32 33 -34 -35 36 -37 38 39 40 41 -42 -43 -44 45 46 -47 -48 -49 -50
0x9d1b8e3bad5bb59c 239040 1 -2 -3 -4 5 -6 7 -8 -9 -10 11 -12 -13 -14 -15 16 17 18 -19 -20 21 -22 -23 24 -25 26 27 -28 29 -30 -31 32 33 -34 -35 36 -37 38 39 40 41 -42 -43 -44 45 46 -47 -48 -49 -50
0xb9dfb6d8bc971f4b 239040 1 -2 -3 -4 5 -6 7 -8 -9 -10 11 -12 -13 -14 -15 16 17 18 -19 -20 21 -22 -23 24 -25 26 27 -28 29 -30 -31 32 33 -34 -35 36 -37 38 39 40 41 -42 -43 -44 45 46 -47 -48 -49 -50
0xbae54d4734adf8a2 239040 1 -2 -3 -4 5 -6 7 -8 -9 -10 11 -12 -13 -14 -15 16 17 18 -19 -20 21 -22 -23 24 -25 26 27 -28 29 -30 -31 32 33 -34 -35 36 -37 38 39 40 41 -42 -43 -44 45 46 -47 -48 -49 -50
0xc413a0c5c14cafee 239040 1 -2 -3 -4 5 -6 7 -8 -9 -10 11 -12 -13 -14 -15 16 17 18 -19 -20 21 -22 -23 24 -25 26 27 -28 29 -30 -31 32 33 -34 -35 36 -37 38 39 40 41 -42 -43 -44 45 46 -47 -48 -49 -50
0xfbc8562ba7d51b7f 239040 1 -2 -3 -4 5 -6 7 -8 -9 -10 11 -12 -13 -14 -15 16 17 18 -19 -20 21 -22 -23 24 -25 26 27 -28 29 -30 -31 32 33 -34 -35 36 -37 38 39 40 41 -42 -43 -44 45 46 -47 -48 -49 -50
0x7223363800c1f29 239040 1 -2 -3 -4 5 -6 7 -8 -9 -10 11 -12 -13 -14 -15 16 17 18 -19 -20 21 -22 -23 24 -25 26 27 -28 29 -30 -31 32 33 -34 -35 36 -37 38 39 40 41 -42 -43 -44 45 46 -47 -48 -49 -50
0x572fbaec4aa6e1c5 239040 1 -2 -3 -4 5 -6 7 -8 -9 -10 11 -12 -13 -14 -15 16 17 18 -19 -20 21 -22 -23 24 -25 26 27 -28 29 -30 -31 32 33 -34 -35 36 -37 38 39 40 41 -42 -43 -44 45 46 -47 -48 -49 -50
0x30bf97541f9d92af 239040 1 -2 -3 -4 5 -6 7 -8 -9 -10 11 -12 -13 -14 -15 16 17 18 -19 -20 21 -22 -23 24 -25 26 27 -28 29 -30 -31 32 33 -34 -35 36 -37 38 39 40 41 -42 -43 -44 45 46 -47 -48 -49 -50
0x6dd0d6c33a69bf47 239040 1 -2 -3 -4 5 -6 7 -8 -9 -10 11 -12 -13 -14 -15 16 17 18 -19 -20 21 -22 -23 24 -25 26 27 -28 29 -30 -31 32 33 -34 -35 36 -37 38 39 40 41 -42 -43 -44 45 46 -47 -48 -49 -50
0x44e0f6738e963873 239040 1 -2 -3 -4 5 -6 7 -8 -9 -10 11 -12 -13 -14 -15 16 17 18 -19 -20 21 -22 -23 24 -25 26 27 -28 29 -30 -31 32 33 -34 -35 36 -37 38 39 40 41 -42 -43 -44 45 46 -47 -48 -49 -50
0xe795be334b46881a 239040 1 -2 -3 -4 5 -6 7 -8 -9 -10 11 -12 -13 -14 -15 16 17 18 -19 -20 21 -22 -23 24 -25 26 27 -28 29 -30 -31 32 33 -34 -35 36 -37 38 39 40 41 -42 -43 -44 45 46 -47 -48 -49 -50
0x8780ebe2c89bf6a8 239040 1 -2 -3 -4 5 -6 7 -8 -9 -10 11 -12 -13 -14 -15 16 17 18 -19 -20 21 -22 -23 24 -25 26 27 -28 29 -30 -31 32 33 -34 -35 36 -37 38 39 40 41 -42 -43 -44 45 46 -47 -48 -49 -50
0x44fbaef9461e208f 239040 1 -2 -3 -4 5 -6 7 -8 -9 -10 11 -12 -13 -14 -15 16 17 18 -19 -20 21 -22 -23 24 -25 26 27 -28 29 -30 -31 32 33 -34 -35 36 -37 38 39 40 41 -42 -43 -44 45 46 -47 -48 -49 -50
0xa6a0f10475f0f684 239040 1 -2 -3 -4 5 -6 7 -8 -9 -10 11 -12 -13 -14 -15 16 17 18 -19 -20 21 -22 -23 24 -25 26 27 -28 29 -30 -31 32 33 -34 -35 36 -37 38 39 40 41 -42 -43 -44 45 46 -47 -48 -49 -50
0x32e58014e9c32d39 239040 1 -2 -3 -4 5 -6 7 -8 -9 -10 11 -12 -13 -14 -15 16 17 18 -19 -20 21 -22 -23 24 -25 26 27 -28 29 -30 -31 32 33 -34 -35 36 -37 38 39 40 41 -42 -43 -44 45 46 -47 -48 -49 -50
0x5688dc6ab58c0e72 239040 1 -2 -3 -4 5 -6 7 -8 -9 -10 11 -12 -13 -14 -15 16 17 18 -19 -20 21 -22 -23 24 -25 26 27 -28 29 -30 -31 32 33 -34 -35 36 -37 38 39 40 41 -42 -43 -44 45 46 -47 -48 -49 -50