0x6dec1299476860db 202096 -1 -2 3 -4 -5 6 -7 -8 -9 10 -11 12 -13 -14 -15 -16 -17 -18 -19 -20 21 22 23 -24 25 -26 -27 28 -29 30 31 -32 33 -34 35 -36 -37 -38 -39 40 41 42 43 -44 -45 -46 -47 48 49 -50
0xcd8669c912abe550 202096 -1 -2 3 -4 -5 6 -7 -8 -9 10 -11 12 -13 -14 -15 -16 -17 -18 -19 -20 21 22 23 -24 25 -26 -27 28 -29 30 31 -32 33 -34 35 -36 -37 -38 -39 40 41 42 43 -44 -45 -46 -47 48 49 -50
0x923c217c8eb6ca74 202096 -1 -2 3 -4 -5 6 -7 -8 -9 10 -11 12 -13 -14 -15 -16 -17 -18 -19 -20 21 22 23 -24 25 -26 -27 28 -29 30 31 -32 33 -34 35 -36 -37 -38 -39 40 41 42 43 -44 -45 -46 -47 48 49 -50
0x9499cc7f8d677ecb 202096 -1 -2 3 -4 -5 6 -7 -8 -9 10 -11 12 -13 -14 -15 -16 -17 -18 -19 -20 21 22 23 -24 25 -26 -27 28 -29 30 31 -32 33 -34 35 -36 -37 -38 -39 40 41 42 43 -44 -45 -46 -47 48 49 -50
0x2760d0b4689e202d 202096 -1 -2 3 -4 -5 6 -7 -8 -9 10 -11 12 -13 -14 -15 -16 -17 -18 -19 -20 21 22 23 -24 25 -26 -27 28 -29 30 31 -32 33 -34 35 -36 -37 -38 -39 40 41 42 43 -44 -45 -46 -47 48 49 -50
0x31573b39e1c13bc6 202096 -1 -2 3 -4 -5 6 -7 -8 -9 10 -11 12 -13 -14 -15 -16 -17 -18 -19 -20 21 22 23 -24 25 -26 -27 28 -29 30 31 -32 33 -34 35 -36 -37 -38 -39 40 41 42 43 -44 -45 -46 -47 48 49 -50
0xf5bf404cab7473e9 202096 -1 -2 3 -4 -5 6 -7 -8 -9 10 -11 12 -13 -14 -15 -16 -17 -18 -19 -20 21 22 23 -24 25 -26 -27 28 -29 30 31 -32 33 -34 35 -36 -37 -38 -39 40 41 42 43 -44 -45 -46 -47 48 49 -50
0xa8df446c8cc38923 202096 -1 -2 3 -4 -5 6 -7 -8 -9 10 -11 12 -13 -14 -15 -16 -17 -18 -19 -20 21 22 23 -24 25 -26 -27 28 -29 30 31 -32 33 -34 35 -36 -37 -38 -39 40 41 42 43 -44 -45 -46 -47 48 49 -50
0xe6284239d199bf97 202096 -1 -2 3 -4 -5 6 -7 -8 -9 10 -11 12 -13 -14 -15 -16 -17 -18 -19 -20 21 22 23 -24 25 -26 -27 28 -29 30 31 -32 33 -34 35 -36 -37 -38 -39 40 41 42 43 -44 -45 -46 -47 48 49 -50
0x1d86b9850081da52 202096 -1 -2 3 -4 -5 6 -7 -8 -9 10 -11 12 -13 -14 -15 -16 -17 -18 -19 -20 21 22 23 -24 25 -26 -27 28 -29 30 31 -32 33 -34 35 -36 -37 -38 -39 40 41 42 43 -44 -45 -46 -47 48 49 -50
0x568cfe0263764b0b 202096 -1 -2 3 -4 -5 6 -7 -8 -9 10 -11 12 -13 -14 -15 -16 -17 -18 -19 -20 21 22 23 -24 25 -26 -27 28 -29 30 31 -32 33 -34 35 -36 -37 -38 -39 40 41 42 43 -44 -45 -46 -47 48 49 -50
0xd199b28203d88df2 202096 -1 -2 3 -4 -5 6 -7 -8 -9 10 -11 12 -13 -14 -15 -16 -17 -18 -19 -20 21 22 23 -24 25 -26 -27 28 -29 30 31 -32 33 -34 35 -36 -37 -38 -39 40 41 42 43 -44 -45 -46 -47 48 49 -50
0x4e1b8c0a552c975b 202096 -1 -2 3 -4 -5 6 -7 -8 -9 10 -11 12 -13 -14 -15 -16 -17 -18 -19 -20 21 22 23 -24 25 -26 -27 28 -29 30 31 -32 33 -34 35 -36 -37 -38 -39 40 41 42 43 -44 -45 -46 -47 48 49 -50
0x59387bfa0595a2b3 202096 -1 -2 3 -4 -5 6 -7 -8 -9 10 -11 12 -13 -14 -15 -16 -17 -18 -19 -20 21 22 23 -24 25 -26 -27 28 -29 30 31 -32 33 -34 35 -36 -37 -38 -39 40 41 42 43 -44 -45 -46 -47 48 49 -50
0x1f47618ebb70d384 202096 -1 -2 3 -4 -5 6 -7 -8 -9 10 -11 12 -13 -14 -15 -16 -17 -18 -19 -20 21 22 23 -24 25 -26 -27 28 -29 30 31 -32 33 -34 35 -36 -37 -38 -39 40 41 42 43 -44 -45 -46 -47 48 49 -50
0x5fc8878f00e38f7a 202096 -1 -2 3 -4 -5 6 -7 -8 -9 10 -11 12 -13 -14 -15 -16 -17 -18 -19 -20 21 22 23 -24 25 -26 -27 28 -29 30 31 -32 33 -34 35 -36 -37 -38 -39 40 41 42 43 -44 -45 -46 -47 48 49 -50
0xd637f6f1242d9e13 202096 -1 -2 3 -4 -5 6 -7 -8 -9 10 -11 12 -13 -14 -15 -16 -17 -18 -19 -20 21 22 23 -24 25 -26 -27 28 -29 30 31 -32 33 -34 35 -36 -37 -38 -39 40 41 42 43 -44 -45 -46 -47 48 49 -50
0x3f7b67b0ed3e5e1a 202096 -1 -2 3 -4 -5 6 -7 -8 -9 10 -11 12 -13 -14 -15 -16 -17 -18 -19 -20 21 22 23 -24 25 -26 -27 28 -29 30 31 -32 33 -34 35 -36 -37 -38 -39 40 41 42 43 -44 -45 -46 -47 48 49 -50
0x199f6caa144d7017 202096 -1 -2 3 -4 -5 6 -7 -8 -9 10 -11 12 -13 -14 -15 -16 -17 -18 -19 -20 21 22 23 -24 25 -26 -27 28 -29 30 31 -32 33 -34 35 -36 -37 -38 -39 40 41 42 43 -44 -45 -46 -47 48 49 -50
0x480012e6ce778d59 202096 -1 -2 3 -4 -5 6 -7 -8 -9 10 -11 12 -13 -14 -15 -16 -17 -18 -19 -20 21 22 23 -24 25 -26 -27 28 -29 30 31 -32 33 -34 35 -36 -37 -38 -39 40 41 42 43 -44 -45 -46 -47 48 49 -50
0x733742c8e8ad49f2 202096 -1 -2 3 -4 -5 6 -7 -8 -9 10 -11 12 -13 -14 -15 -16 -17 -18 -19 -20 21 22 23 -24 25 -26 -27 28 -29 30 31 -32 33 -34 35 -36 -37 -38 -39 40 41 42 43 -44 -45 -46 -47 48 49 -50
0x91c5738302cc8239 202096 -1 -2 3 -4 -5 6 -7 -8 -9 10 -11 12 -13 -14 -15 -16 -17 -18 -19 -20 21 22 23 -24 25 -26 -27 28 -29 30 31 -32 33 -34 35 -36 -37 -38 -39 40 41 42 43 -44 -45 -46 -47 48 49 -50
0xfafd2e9e700c5848 202096 -1 -2 3 -4 -5 6 -7 -8 -9 10 -11 12 -13 -14 -15 -16 -17 -18 -19 -20 21 22 23 -24 25 -26 -27 28 -29 30 31 -32 33 -34 35 -36 -37 -38 -39 40 41 42 43 -44 -45 -46 -47 48 49 -50
0x288f6374acc1c17d 202096 -1 -2 3 -4 -5 6 -7 -8 -9 10 -11 12 -13 -14 -15 -16 -17 -18 -19 -20 21 22 23 -24 25 -26 -27 28 -29 30 31 -32 33 -34 35 -36 -37 -38 -39 40 41 42 43 -44 -45 -46 -47 48 49 -50
0xfc568ab751c2a3fb 202096 -1 -2 3 -4 -5 6 -7 -8 -9 10 -11 12 -13 -14 -15 -16 -17 -18 -19 -20 21 22 23 -24 25 -26 -27 28 -29 30 31 -32 33 -34 35 -36 -37 -38 -39 40 41 42 43 -44 -45 -46 -47 48 49 -50
0x69e73122da5583c1 202096 -1 -2 3 -4 -5 6 -7 -8 -9 10 -11 12 -13 -14 -15 -16 -17 -18 -19 -20 21 22 23 -24 25 -26 -27 28 -29 30 31 -32 33 -34 35 -36 -37 -38 -39 40 41 42 43 -44 -45 -46 -47 48 49 -50
0x9f5a1bd9b406df2e 202096 -1 -2 3 -4 -5 6 -7 -8 -9 10 -11 12 -13 -14 -15 -16 -17 -18 -19 -20 21 22 23 -24 25 -26 -27 28 -29 30 31 -32 33 -34 35 -36 -37 -38 -39 40 41 42 43 -44 -45 -46 -47 48 49 -50
0xc92ffb431026dedf 202096 -1 -2 3 -4 -5 6 -7 -8 -9 10 -11 12 -13 -14 -15 -16 -17 -18 -19 -20 21 22 23 -24 25 -26 -27 28 -29 30 31 -32 33 -34 35 -36 -37 -38 -39 40 41 42 43 -44 -45 -46 -47 48 49 -50
0xdef223a17fa2c568 202096 -1 -2 3 -4 -5 6 -7 -8 -9 10 -11 12 -13 -14 -15 -16 -17 -18 -19 -20 21 22 23 -24 25 -26 -27 28 -29 30 31 -32 33 -34 35 -36 -37 -38 -39 40 41 42 43 -44 -45 -46 -47 48 49 -50
0x73ee1aef1488b6ff 202096 -1 -2 3 -4 -5 6 -7 -8 -9 10 -11 12 -13 -14 -15 -16 -17 -18 -19 -20 21 22 23 -24 25 -26 -27 28 -29 30 31 -32 33 -34 35 -36 -37 -38 -39 40 41 42 43 -44 -45 -46 -47 48 49 -50