0x3116940fb9f4c5c1 215308 1 2 3 4 5 -6 7 -8 -9 10 11 -12 13 14 15 16 -17 18 -19 -20 21 -22 23 24 25 -26 27 28 -29 30 -31 -32 -33 34 -35 -36 -37 -38 39 -40 -41 -42 -43 -44 45 -46 -47 48 -49 -50
0x1b027cbf6a8cf953 215308 1 2 3 4 5 -6 7 -8 -9 10 11 -12 13 14 15 16 -17 18 -19 -20 21 -22 23 24 25 -26 27 28 -29 30 -31 -32 -33 34 -35 -36 -37 -38 39 -40 -41 -42 -43 -44 45 -46 -47 48 -49 -50
0x9556569f20aa567 215308 1 2 3 4 5 -6 7 -8 -9 10 11 -12 13 14 15 16 -17 18 -19 -20 21 -22 23 24 25 -26 27 28 -29 30 -31 -32 -33 34 -35 -36 -37 -38 39 -40 -41 -42 -43 -44 45 -46 -47 48 -49 -50
0x8278838a39de723a 215308 1 2 3 4 5 -6 7 -8 -9 10 11 -12 13 14 15 16 -17 18 -19 -20 21 -22 23 24 25 -26 27 28 -29 30 -31 -32 -33 34 -35 -36 -37 -38 39 -40 -41 -42 -43 -44 45 -46 -47 48 -49 -50
0x86d396acb1b47d79 215308 1 2 3 4 5 -6 7 -8 -9 10 11 -12 13 14 15 16 -17 18 -19 -20 21 -22 23 24 25 -26 27 28 -29 30 -31 -32 -33 34 -35 -36 -37 -38 39 -40 -41 -42 -43 -44 45 -46 -47 48 -49 -50
0x20b52db5c72a695c 215308 1 2 3 4 5 -6 7 -8 -9 10 11 -12 13 14 15 16 -17 18 -19 -20 21 -22 23 24 25 -26 27 28 -29 30 -31 -32 -33 34 -35 -36 -37 -38 39 -40 -41 -42 -43 -44 45 -46 -47 48 -49 -50
0xea4e9606c6dd78d6 215308 1 2 3 4 5 -6 7 -8 -9 10 11 -12 13 14 15 16 -17 18 -19 -20 21 -22 23 24 25 -26 27 28 -29 30 -31 -32 -33 34 -35 -36 -37 -38 39 -40 -41 -42 -43 -44 45 -46 -47 48 -49 -50
0x1156a81b95d6a1ca 215308 1 2 3 4 5 -6 7 -8 -9 10 11 -12 13 14 15 16 -17 18 -19 -20 21 -22 23 24 25 -26 27 28 -29 30 -31 -32 -33 34 -35 -36 -37 -38 39 -40 -41 -42 -43 -44 45 -46 -47 48 -49 -50
0xd8665e48e00eef03 215308 1 2 3 4 5 -6 7 -8 -9 10 11 -12 13 14 15 16 -17 18 -19 -20 21 -22 23 24 25 -26 27 28 -29 30 -31 -32 -33 34 -35 -36 -37 -38 39 -40 -41 -42 -43 -44 45 -46 -47 48 -49 -50
0x4d489e6cf8a1eeb 215308 1 2 3 4 5 -6 7 -8 -9 10 11 -12 13 14 15 16 -17 18 -19 -20 21 -22 23 24 25 -26 27 28 -29 30 -31 -32 -33 34 -35 -36 -37 -38 39 -40 -41 -42 -43 -44 45 -46 -47 48 -49 -50
0x9dd141d5b4cb1076 215308 1 2 3 4 5 -6 7 -8 -9 10 11 -12 13 14 15 16 -17 18 -19 -20 21 -22 23 24 25 -26 27 28 -29 30 -31 -32 -33 34 -35 -36 -37 -38 39 -40 -41 -42 -43 -44 45 -46 -47 48 -49 -50
0x57bde9db54fb6244 215308 1 2 3 4 5 -6 7 -8 -9 10 11 -12 13 14 15 16 -17 18 -19 -20 21 -22 23 24 25 -26 27 28 -29 30 -31 -32 -33 34 -35 -36 -37 -38 39 -40 -41 -42 -43 -44 45 -46 -47 48 -49 -50
0x5968f1b677898c46 214614 1 2 3 4 5 -6 7 -8 -9 10 11 -12 -13 14 15 16 -17 18 -19 -20 21 -22 23 24 25 -26 27 28 29 30 -31 -32 -33 34 -35 -36 -37 -38 39 -40 -41 -42 -43 -44 45 -46 -47 -48 -49 -50
0x4e71aeb777129f95 215308 1 2 3 4 5 -6 7 -8 -9 10 11 -12 13 14 15 16 -17 18 -19 -20 21 -22 23 24 25 -26 27 28 -29 30 -31 -32 -33 34 -35 -36 -37 -38 39 -40 -41 -42 -43 -44 45 -46 -47 48 -49 -50
0xbd6db1d9ea29f553 215308 1 2 3 4 5 -6 7 -8 -9 10 11 -12 13 14 15 16 -17 18 -19 -20 21 -22 23 24 25 -26 27 28 -29 30 -31 -32 -33 34 -35 -36 -37 -38 39 -40 -41 -42 -43 -44 45 -46 -47 48 -49 -50
0x73af0b7ebdc1d689 215308 1 2 3 4 5 -6 7 -8 -9 10 11 -12 13 14 15 16 -17 18 -19 -20 21 -22 23 24 25 -26 27 28 -29 30 -31 -32 -33 34 -35 -36 -37 -38 39 -40 -41 -42 -43 -44 45 -46 -47 48 -49 -50
0xef2170eacbf705f2 215308 1 2 3 4 5 -6 7 -8 -9 10 11 -12 13 14 15 16 -17 18 -19 -20 21 -22 23 24 25 -26 27 28 -29 30 -31 -32 -33 34 -35 -36 -37 -38 39 -40 -41 -42 -43 -44 45 -46 -47 48 -49 -50
0xa1e2d651adca4c2c 215308 1 2 3 4 5 -6 7 -8 -9 10 11 -12 13 14 15 16 -17 18 -19 -20 21 -22 23 24 25 -26 27 28 -29 30 -31 -32 -33 34 -35 -36 -37 -38 39 -40 -41 -42 -43 -44 45 -46 -47 48 -49 -50
0x80b61e6235a23137 215308 1 2 3 4 5 -6 7 -8 -9 10 11 -12 13 14 15 16 -17 18 -19 -20 21 -22 23 24 25 -26 27 28 -29 30 -31 -32 -33 34 -35 -36 -37 -38 39 -40 -41 -42 -43 -44 45 -46 -47 48 -49 -50
0xa2d319b7e467c5fa 215308 1 2 3 4 5 -6 7 -8 -9 10 11 -12 13 14 15 16 -17 18 -19 -20 21 -22 23 24 25 -26 27 28 -29 30 -31 -32 -33 34 -35 -36 -37 -38 39 -40 -41 -42 -43 -44 45 -46 -47 48 -49 -50
0xbfe1d666a0f47dbc 215308 1 2 3 4 5 -6 7 -8 -9 10 11 -12 13 14 15 16 -17 18 -19 -20 21 -22 23 24 25 -26 27 28 -29 30 -31 -32 -33 34 -35 -36 -37 -38 39 -40 -41 -42 -43 -44 45 -46 -47 48 -49 -50
0x242f3f7603c717ad 215308 1 2 3 4 5 -6 7 -8 -9 10 11 -12 13 14 15 16 -17 18 -19 -20 21 -22 23 24 25 -26 27 28 -29 30 -31 -32 -33 34 -35 -36 -37 -38 39 -40 -41 -42 -43 -44 45 -46 -47 48 -49 -50
0xf6690c5fab35985c 215308 1 2 3 4 5 -6 7 -8 -9 10 11 -12 13 14 15 16 -17 18 -19 -20 21 -22 23 24 25 -26 27 28 -29 30 -31 -32 -33 34 -35 -36 -37 -38 39 -40 -41 -42 -43 -44 45 -46 -47 48 -49 -50
0x656f009446925340 215308 1 2 3 4 5 -6 7 -8 -9 10 11 -12 13 14 15 16 -17 18 -19 -20 21 -22 23 24 25 -26 27 28 -29 30 -31 -32 -33 34 -35 -36 -37 -38 39 -40 -41 -42 -43 -44 45 -46 -47 48 -49 -50
0x88077af558fa0432 215308 1 2 3 4 5 -6 7 -8 -9 10 11 -12 13 14 15 16 -17 18 -19 -20 21 -22 23 24 25 -26 27 28 -29 30 -31 -32 -33 34 -35 -36 -37 -38 39 -40 -41 -42 -43 -44 45 -46 -47 48 -49 -50
0x6385555a1ec0f8f0 215308 1 2 3 4 5 -6 7 -8 -9 10 11 -12 13 14 15 16 -17 18 -19 -20 21 -22 23 24 25 -26 27 28 -29 30 -31 -32 -33 34 -35 -36 -37 -38 39 -40 -41 -42 -43 -44 45 -46 -47 48 -49 -50
0xb1ad140c82b54a99 215308 1 2 3 4 5 -6 7 -8 -9 10 11 -12 13 14 15 16 -17 18 -19 -20 21 -22 23 24 25 -26 27 28 -29 30 -31 -32 -33 34 -35 -36 -37 -38 39 -40 -41 -42 -43 -44 45 -46 -47 48 -49 -50
0x9967654caaac2735 215308 1 2 3 4 5 -6 7 -8 -9 10 11 -12 13 14 15 16 -17 18 -19 -20 21 -22 23 24 25 -26 27 28 -29 30 -31 -32 -33 34 -35 -36 -37 -38 39 -40 -41 -42 -43 -44 45 -46 -47 48 -49 -50
0xa10ef0ce55102b2c 215308 1 2 3 4 5 -6 7 -8 -9 10 11 -12 13 14 15 16 -17 18 -19 -20 21 -22 23 24 25 -26 27 28 -29 30 -31 -32 -33 34 -35 -36 -37 -38 39 -40 -41 -42 -43 -44 45 -46 -47 48 -49 -50
0xac6777360b66cacc 215308 1 2 3 4 5 -6 7 -8 -9 10 11 -12 13 14 15 16 -17 18 -19 -20 21 -22 23 24 25 -26 27 28 -29 30 -31 -32 -33 34 -35 -36 -37 -38 39 -40 -41 -42 -43 -44 45 -46 -47 48 -49 -50