0x98855f08605ea657 294318 1 -2 -3 4 -5 -6 7 8 9 10 11 12 13 -14 15 16 17 -18 19 20 21 -22 23 24 -25 -26 27 28 29 -30 31 -32 -33 -34 35 36 37 -38 39 -40 41 -42 43 44 45 -46 47 48 -49 -50
0xdc741ccbde204dd9 294318 1 -2 -3 4 -5 -6 7 8 9 10 11 12 13 -14 15 16 17 -18 19 20 21 -22 23 24 -25 -26 27 28 29 -30 31 -32 -33 -34 35 36 37 -38 39 -40 41 -42 43 44 45 -46 47 48 -49 -50
0xcc2f4ed823b0e2b4 294318 1 -2 -3 4 -5 -6 7 8 9 10 11 12 13 -14 15 16 17 -18 19 20 21 -22 23 24 -25 -26 27 28 29 -30 31 -32 -33 -34 35 36 37 -38 39 -40 41 -42 43 44 45 -46 47 48 -49 -50
0x8a278ca5e11d8e4e 294318 1 -2 -3 4 -5 -6 7 8 9 10 11 12 13 -14 15 16 17 -18 19 20 21 -22 23 24 -25 -26 27 28 29 -30 31 -32 -33 -34 35 36 37 -38 39 -40 41 -42 43 44 45 -46 47 48 -49 -50
0x8f0c893a05ccba80 294318 1 -2 -3 4 -5 -6 7 8 9 10 11 12 13 -14 15 16 17 -18 19 20 21 -22 23 24 -25 -26 27 28 29 -30 31 -32 -33 -34 35 36 37 -38 39 -40 41 -42 43 44 45 -46 47 48 -49 -50
0x819ce2e965923421 294318 1 -2 -3 4 -5 -6 7 8 9 10 11 12 13 -14 15 16 17 -18 19 20 21 -22 23 24 -25 -26 27 28 29 -30 31 -32 -33 -34 35 36 37 -38 39 -40 41 -42 43 44 45 -46 47 48 -49 -50
0xc85eed6f3ffaea9a 294318 1 -2 -3 4 -5 -6 7 8 9 10 11 12 13 -14 15 16 17 -18 19 20 21 -22 23 24 -25 -26 27 28 29 -30 31 -32 -33 -34 35 36 37 -38 39 -40 41 -42 43 44 45 -46 47 48 -49 -50
0x4a203003bdac354f 294318 1 -2 -3 4 -5 -6 7 8 9 10 11 12 13 -14 15 16 17 -18 19 20 21 -22 23 24 -25 -26 27 28 29 -30 31 -32 -33 -34 35 36 37 -38 39 -40 41 -42 43 44 45 -46 47 48 -49 -50
0x7c4ec5524c821699 294318 1 -2 -3 4 -5 -6 7 8 9 10 11 12 13 -14 15 16 17 -18 19 20 21 -22 23 24 -25 -26 27 28 29 -30 31 -32 -33 -34 35 36 37 -38 39 -40 41 -42 43 44 45 -46 47 48 -49 -50
0xfc0c6c92016adc9e 294318 1 -2 -3 4 -5 -6 7 8 9 10 11 12 13 -14 15 16 17 -18 19 20 21 -22 23 24 -25 -26 27 28 29 -30 31 -32 -33 -34 35 36 37 -38 39 -40 41 -42 43 44 45 -46 47 48 -49 -50
0x2fec91c08a284902 294318 1 -2 -3 4 -5 -6 7 8 9 10 11 12 13 -14 15 16 17 -18 19 20 21 -22 23 24 -25 -26 27 28 29 -30 31 -32 -33 -34 35 36 37 -38 39 -40 41 -42 43 44 45 -46 47 48 -49 -50
0xc301c23a00494fdc 294318 1 -2 -3 4 -5 -6 7 8 9 10 11 12 13 -14 15 16 17 -18 19 20 21 -22 23 24 -25 -26 27 28 29 -30 31 -32 -33 -34 35 36 37 -38 39 -40 41 -42 43 44 45 -46 47 48 -49 -50
0x1aab5adb4cc7d108 294318 1 -2 -3 4 -5 -6 7 8 9 10 11 12 13 -14 15 16 17 -18 19 20 21 -22 23 24 -25 -26 27 28 29 -30 31 -32 -33 -34 35 36 37 -38 39 -40 41 -42 43 44 45 -46 47 48 -49 -50
0xb302aeb9f77c5418 294318 1 -2 -3 4 -5 -6 7 8 9 10 11 12 13 -14 15 16 17 -18 19 20 21 -22 23 24 -25 -26 27 28 29 -30 31 -32 -33 -34 35 36 37 -38 39 -40 41 -42 43 44 45 -46 47 48 -49 -50
0x150bc9ffe0e8261f 294318 1 -2 -3 4 -5 -6 7 8 9 10 11 12 13 -14 15 16 17 -18 19 20 21 -22 23 24 -25 -26 27 28 29 -30 31 -32 -33 -34 35 36 37 -38 39 -40 41 -42 43 44 45 -46 47 48 -49 -50
0x96330531364573f9 294318 1 -2 -3 4 -5 -6 7 8 9 10 11 12 13 -14 15 16 17 -18 19 20 21 -22 23 24 -25 -26 27 28 29 -30 31 -32 -33 -34 35 36 37 -38 39 -40 41 -42 43 44 45 -46 47 48 -49 -50
0x1d9069f7dc639579 294318 1 -2 -3 4 -5 -6 7 8 9 10 11 12 13 -14 15 16 17 -18 19 20 21 -22 23 24 -25 -26 27 28 29 -30 31 -32 -33 -34 35 36 37 -38 39 -40 41 -42 43 44 45 -46 47 48 -49 -50
0xae69620d05370637 294318 1 -2 -3 4 -5 -6 7 8 9 10 11 12 13 -14 15 16 17 -18 19 20 21 -22 23 24 -25 -26 27 28 29 -30 31 -32 -33 -34 35 36 37 -38 39 -40 41 -42 43 44 45 -46 47 48 -49 -50
0x7fe3bf8b75d2065e 294318 1 -2 -3 4 -5 -6 7 8 9 10 11 12 13 -14 15 16 17 -18 19 20 21 -22 23 24 -25 -26 27 28 29 -30 31 -32 -33 -34 35 36 37 -38 39 -40 41 -42 43 44 45 -46 47 48 -49 -50
0xa87c88e447883d3f 294318 1 -2 -3 4 -5 -6 7 8 9 10 11 12 13 -14 15 16 17 -18 19 20 21 -22 23 24 -25 -26 27 28 29 -30 31 -32 -33 -34 35 36 37 -38 39 -40 41 -42 43 44 45 -46 47 48 -49 -50
0x2d4ad2bac3f8164b 294318 1 -2 -3 4 -5 -6 7 8 9 10 11 12 13 -14 15 16 17 -18 19 20 21 -22 23 24 -25 -26 27 28 29 -30 31 -32 -33 -34 35 36 37 -38 39 -40 41 -42 43 44 45 -46 47 48 -49 -50
0x1ff16769ab6c129b 294318 1 -2 -3 4 -5 -6 7 8 9 10 11 12 13 -14 15 16 17 -18 19 20 21 -22 23 24 -25 -26 27 28 29 -30 31 -32 -33 -34 35 36 37 -38 39 -40 41 -42 43 44 45 -46 47 48 -49 -50
0x7742be7ded082a6b 294318 1 -2 -3 4 -5 -6 7 8 9 10 11 12 13 -14 15 16 17 -18 19 20 21 -22 23 24 -25 -26 27 28 29 -30 31 -32 -33 -34 35 36 37 -38 39 -40 41 -42 43 44 45 -46 47 48 -49 -50
0xc45443823d93e98 294318 1 -2 -3 4 -5 -6 7 8 9 10 11 12 13 -14 15 16 17 -18 19 20 21 -22 23 24 -25 -26 27 28 29 -30 31 -32 -33 -34 35 36 37 -38 39 -40 41 -42 43 44 45 -46 47 48 -49 -50
0xa485f10bda1c9a28 294318 1 -2 -3 4 -5 -6 7 8 9 10 11 12 13 -14 15 16 17 -18 19 20 21 -22 23 24 -25 -26 27 28 29 -30 31 -32 -33 -34 35 36 37 -38 39 -40 41 -42 43 44 45 -46 47 48 -49 -50
0xc93e99e9bded8428 294318 1 -2 -3 4 -5 -6 7 8 9 10 11 12 13 -14 15 16 17 -18 19 20 21 -22 23 24 -25 -26 27 28 29 -30 31 -32 -33 -34 35 36 37 -38 39 -40 41 -42 43 44 45 -46 47 48 -49 -50
0x7f67c6e4569bc22e 294318 1 -2 -3 4 -5 -6 7 8 9 10 11 12 13 -14 15 16 17 -18 19 20 21 -22 23 24 -25 -26 27 28 29 -30 31 -32 -33 -34 35 36 37 -38 39 -40 41 -42 43 44 45 -46 47 48 -49 -50
0x34e21b524004677c 294318 1 -2 -3 4 -5 -6 7 8 9 10 11 12 13 -14 15 16 17 -18 19 20 21 -22 23 24 -25 -26 27 28 29 -30 31 -32 -33 -34 35 36 37 -38 39 -40 41 -42 43 44 45 -46 47 48 -49 -50
0xd59fd833c6d58445 294318 1 -2 -3 4 -5 -6 7 8 9 10 11 12 13 -14 15 16 17 -18 19 20 21 -22 23 24 -25 -26 27 28 29 -30 31 -32 -33 -34 35 36 37 -38 39 -40 41 -42 43 44 45 -46 47 48 -49 -50
0xe7ca95c648a1cfe 294318 1 -2 -3 4 -5 -6 7 8 9 10 11 12 13 -14 15 16 17 -18 19 20 21 -22 23 24 -25 -26 27 28 29 -30 31 -32 -33 -34 35 36 37 -38 39 -40 41 -42 43 44 45 -46 47 48 -49 -50