0x86eec1510b1d00a3 332184 1 2 3 4 5 -6 7 -8 9 -10 11 -12 13 14 15 -16 17 -18 19 20 21 22 23 -24 -25 26 27 28 -29 30 -31 32 33 34 35 36 -37 38 -39 40 -41 -42 -43 44 45 46 47 -48 49 -50
0xc3befdcb79f84a0f 332184 1 2 3 4 5 -6 7 -8 9 -10 11 -12 13 14 15 -16 17 -18 19 20 21 22 23 -24 -25 26 27 28 -29 30 -31 32 33 34 35 36 -37 38 -39 40 -41 -42 -43 44 45 46 47 -48 49 -50
0x6e7fde48d7289dd9 332184 1 2 3 4 5 -6 7 -8 9 -10 11 -12 13 14 15 -16 17 -18 19 20 21 22 23 -24 -25 26 27 28 -29 30 -31 32 33 34 35 36 -37 38 -39 40 -41 -42 -43 44 45 46 47 -48 49 -50
0x594d6146bf13c2a2 332184 1 2 3 4 5 -6 7 -8 9 -10 11 -12 13 14 15 -16 17 -18 19 20 21 22 23 -24 -25 26 27 28 -29 30 -31 32 33 34 35 36 -37 38 -39 40 -41 -42 -43 44 45 46 47 -48 49 -50
0x96d11000933e739f 332184 1 2 3 4 5 -6 7 -8 9 -10 11 -12 13 14 15 -16 17 -18 19 20 21 22 23 -24 -25 26 27 28 -29 30 -31 32 33 34 35 36 -37 38 -39 40 -41 -42 -43 44 45 46 47 -48 49 -50
0xe9adcf759d805505 332184 1 2 3 4 5 -6 7 -8 9 -10 11 -12 13 14 15 -16 17 -18 19 20 21 22 23 -24 -25 26 27 28 -29 30 -31 32 33 34 35 36 -37 38 -39 40 -41 -42 -43 44 45 46 47 -48 49 -50
0x42254d5856bcd553 332184 1 2 3 4 5 -6 7 -8 9 -10 11 -12 13 14 15 -16 17 -18 19 20 21 22 23 -24 -25 26 27 28 -29 30 -31 32 33 34 35 36 -37 38 -39 40 -41 -42 -43 44 45 46 47 -48 49 -50
0x29e3b35f547f6b14 332184 1 2 3 4 5 -6 7 -8 9 -10 11 -12 13 14 15 -16 17 -18 19 20 21 22 23 -24 -25 26 27 28 -29 30 -31 32 33 34 35 36 -37 38 -39 40 -41 -42 -43 44 45 46 47 -48 49 -50
0x7d1f5317005efa16 332184 1 2 3 4 5 -6 7 -8 9 -10 11 -12 13 14 15 -16 17 -18 19 20 21 22 23 -24 -25 26 27 28 -29 30 -31 32 33 34 35 36 -37 38 -39 40 -41 -42 -43 44 45 46 47 -48 49 -50
0x61de895f6524b0ea 332184 1 2 3 4 5 -6 7 -8 9 -10 11 -12 13 14 15 -16 17 -18 19 20 21 22 23 -24 -25 26 27 28 -29 30 -31 32 33 34 35 36 -37 38 -39 40 -41 -42 -43 44 45 46 47 -48 49 -50
0xd92271ebd53f7669 332184 1 2 3 4 5 -6 7 -8 9 -10 11 -12 13 14 15 -16 17 -18 19 20 21 22 23 -24 -25 26 27 28 -29 30 -31 32 33 34 35 36 -37 38 -39 40 -41 -42 -43 44 45 46 47 -48 49 -50
0xdd146ac3e249e72b 332184 1 2 3 4 5 -6 7 -8 9 -10 11 -12 13 14 15 -16 17 -18 19 20 21 22 23 -24 -25 26 27 28 -29 30 -31 32 33 34 35 36 -37 38 -39 40 -41 -42 -43 44 45 46 47 -48 49 -50
0xf89467c4bda8e310 332184 1 2 3 4 5 -6 7 -8 9 -10 11 -12 13 14 15 -16 17 -18 19 20 21 22 23 -24 -25 26 27 28 -29 30 -31 32 33 34 35 36 -37 38 -39 40 -41 -42 -43 44 45 46 47 -48 49 -50
0xf5c6161e1288aab9 332184 1 2 3 4 5 -6 7 -8 9 -10 11 -12 13 14 15 -16 17 -18 19 20 21 22 23 -24 -25 26 27 28 -29 30 -31 32 33 34 35 36 -37 38 -39 40 -41 -42 -43 44 45 46 47 -48 49 -50
0xaa7acfd2b9be8d0e 332184 1 2 3 4 5 -6 7 -8 9 -10 11 -12 13 14 15 -16 17 -18 19 20 21 22 23 -24 -25 26 27 28 -29 30 -31 32 33 34 35 36 -37 38 -39 40 -41 -42 -43 44 45 46 47 -48 49 -50
0xa965f3b505524b8 332184 1 2 3 4 5 -6 7 -8 9 -10 11 -12 13 14 15 -16 17 -18 19 20 21 22 23 -24 -25 26 27 28 -29 30 -31 32 33 34 35 36 -37 38 -39 40 -41 -42 -43 44 45 46 47 -48 49 -50
0x81cc9282b9c925a6 332184 1 2 3 4 5 -6 7 -8 9 -10 11 -12 13 14 15 -16 17 -18 19 20 21 22 23 -24 -25 26 27 28 -29 30 -31 32 33 34 35 36 -37 38 -39 40 -41 -42 -43 44 45 46 47 -48 49 -50
0x27559f2aef3cba8a 332184 1 2 3 4 5 -6 7 -8 9 -10 11 -12 13 14 15 -16 17 -18 19 20 21 22 23 -24 -25 26 27 28 -29 30 -31 32 33 34 35 36 -37 38 -39 40 -41 -42 -43 44 45 46 47 -48 49 -50
0xa77755862d27725b 332184 1 2 3 4 5 -6 7 -8 9 -10 11 -12 13 14 15 -16 17 -18 19 20 21 22 23 -24 -25 26 27 28 -29 30 -31 32 33 34 35 36 -37 38 -39 40 -41 -42 -43 44 45 46 47 -48 49 -50
0xc001243b9948bdd2 332184 1 2 3 4 5 -6 7 -8 9 -10 11 -12 13 14 15 -16 17 -18 19 20 21 22 23 -24 -25 26 27 28 -29 30 -31 32 33 34 35 36 -37 38 -39 40 -41 -42 -43 44 45 46 47 -48 49 -50
0xe618ebc8dae2fcef 332184 1 2 3 4 5 -6 7 -8 9 -10 11 -12 13 14 15 -16 17 -18 19 20 21 22 23 -24 -25 26 27 28 -29 30 -31 32 33 34 35 36 -37 38 -39 40 -41 -42 -43 44 45 46 47 -48 49 -50
0x1cf6a1fcd7851c74 332184 1 2 3 4 5 -6 7 -8 9 -10 11 -12 13 14 15 -16 17 -18 19 20 21 22 23 -24 -25 26 27 28 -29 30 -31 32 33 34 35 36 -37 38 -39 40 -41 -42 -43 44 45 46 47 -48 49 -50
0x2e6cc57bd6e8c367 332184 1 2 3 4 5 -6 7 -8 9 -10 11 -12 13 14 15 -16 17 -18 19 20 21 22 23 -24 -25 26 27 28 -29 30 -31 32 33 34 35 36 -37 38 -39 40 -41 -42 -43 44 45 46 47 -48 49 -50
0x575ba13db8ab1092 332184 1 2 3 4 5 -6 7 -8 9 -10 11 -12 13 14 15 -16 17 -18 19 20 21 22 23 -24 -25 26 27 28 -29 30 -31 32 33 34 35 36 -37 38 -39 40 -41 -42 -43 44 45 46 47 -48 49 -50
0x136d600ea6e5e804 332184 1 2 3 4 5 -6 7 -8 9 -10 11 -12 13 14 15 -16 17 -18 19 20 21 22 23 -24 -25 26 27 28 -29 30 -31 32 33 34 35 36 -37 38 -39 40 -41 -42 -43 44 45 46 47 -48 49 -50
0x4b8f00dc8efd090 332184 1 2 3 4 5 -6 7 -8 9 -10 11 -12 13 14 15 -16 17 -18 19 20 21 22 23 -24 -25 26 27 28 -29 30 -31 32 33 34 35 36 -37 38 -39 40 -41 -42 -43 44 45 46 47 -48 49 -50
0xfd29b62ee9c8614b 332184 1 2 3 4 5 -6 7 -8 9 -10 11 -12 13 14 15 -16 17 -18 19 20 21 22 23 -24 -25 26 27 28 -29 30 -31 32 33 34 35 36 -37 38 -39 40 -41 -42 -43 44 45 46 47 -48 49 -50
0xf0ca11b9cdf73f10 332184 1 2 3 4 5 -6 7 -8 9 -10 11 -12 13 14 15 -16 17 -18 19 20 21 22 23 -24 -25 26 27 28 -29 30 -31 32 33 34 35 36 -37 38 -39 40 -41 -42 -43 44 45 46 47 -48 49 -50
0x114eafcc14e3a9fd 332184 1 2 3 4 5 -6 7 -8 9 -10 11 -12 13 14 15 -16 17 -18 19 20 21 22 23 -24 -25 26 27 28 -29 30 -31 32 33 34 35 36 -37 38 -39 40 -41 -42 -43 44 45 46 47 -48 49 -50
0x8480aed3f9ea9af5 332184 1 2 3 4 5 -6 7 -8 9 -10 11 -12 13 14 15 -16 17 -18 19 20 21 22 23 -24 -25 26 27 28 -29 30 -31 32 33 34 35 36 -37 38 -39 40 -41 -42 -43 44 45 46 47 -48 49 -50