0xc0c377b04b752432 285164 1 -2 3 -4 -5 6 7 8 -9 -10 -11 12 13 14 -15 16 17 18 -19 -20 21 -22 23 -24 25 26 27 -28 29 30 -31 -32 33 34 -35 36 -37 -38 -39 40 -41 -42 43 44 45 -46 47 -48 -49 50
0xa8c2573578014940 285164 1 -2 3 -4 -5 6 7 8 -9 -10 -11 12 13 14 -15 16 17 18 -19 -20 21 -22 23 -24 25 26 27 -28 29 30 -31 -32 33 34 -35 36 -37 -38 -39 40 -41 -42 43 44 45 -46 47 -48 -49 50
0x5f583aaa1840228c 285164 1 -2 3 -4 -5 6 7 8 -9 -10 -11 12 13 14 -15 16 17 18 -19 -20 21 -22 23 -24 25 26 27 -28 29 30 -31 -32 33 34 -35 36 -37 -38 -39 40 -41 -42 43 44 45 -46 47 -48 -49 50
0x368dda5d2115263a 285164 1 -2 3 -4 -5 6 7 8 -9 -10 -11 12 13 14 -15 16 17 18 -19 -20 21 -22 23 -24 25 26 27 -28 29 30 -31 -32 33 34 -35 36 -37 -38 -39 40 -41 -42 43 44 45 -46 47 -48 -49 50
0xfa6bc9cde644d5d6 285164 1 -2 3 -4 -5 6 7 8 -9 -10 -11 12 13 14 -15 16 17 18 -19 -20 21 -22 23 -24 25 26 27 -28 29 30 -31 -32 33 34 -35 36 -37 -38 -39 40 -41 -42 43 44 45 -46 47 -48 -49 50
0x63b93eff6062e5aa 285164 1 -2 3 -4 -5 6 7 8 -9 -10 -11 12 13 14 -15 16 17 18 -19 -20 21 -22 23 -24 25 26 27 -28 29 30 -31 -32 33 34 -35 36 -37 -38 -39 40 -41 -42 43 44 45 -46 47 -48 -49 50
0xe8cdcdfb24d47b14 285164 1 -2 3 -4 -5 6 7 8 -9 -10 -11 12 13 14 -15 16 17 18 -19 -20 21 -22 23 -24 25 26 27 -28 29 30 -31 -32 33 34 -35 36 -37 -38 -39 40 -41 -42 43 44 45 -46 47 -48 -49 50
0x1f0e091382f1b5fd 285164 1 -2 3 -4 -5 6 7 8 -9 -10 -11 12 13 14 -15 16 17 18 -19 -20 21 -22 23 -24 25 26 27 -28 29 30 -31 -32 33 34 -35 36 -37 -38 -39 40 -41 -42 43 44 45 -46 47 -48 -49 50
0x8d9da1719a25d08b 285164 1 -2 3 -4 -5 6 7 8 -9 -10 -11 12 13 14 -15 16 17 18 -19 -20 21 -22 23 -24 25 26 27 -28 29 30 -31 -32 33 34 -35 36 -37 -38 -39 40 -41 -42 43 44 45 -46 47 -48 -49 50
0x186163ece5ca54ee 285164 1 -2 3 -4 -5 6 7 8 -9 -10 -11 12 13 14 -15 16 17 18 -19 -20 21 -22 23 -24 25 26 27 -28 29 30 -31 -32 33 34 -35 36 -37 -38 -39 40 -41 -42 43 44 45 -46 47 -48 -49 50
0x18e0615ae4797f59 285164 1 -2 3 -4 -5 6 7 8 -9 -10 -11 12 13 14 -15 16 17 18 -19 -20 21 -22 23 -24 25 26 27 -28 29 30 -31 -32 33 34 -35 36 -37 -38 -39 40 -41 -42 43 44 45 -46 47 -48 -49 50
0x6db279502c860ab4 285164 1 -2 3 -4 -5 6 7 8 -9 -10 -11 12 13 14 -15 16 17 18 -19 -20 21 -22 23 -24 25 26 27 -28 29 30 -31 -32 33 34 -35 36 -37 -38 -39 40 -41 -42 43 44 45 -46 47 -48 -49 50
0xa715c4e718cfce8e 285164 1 -2 3 -4 -5 6 7 8 -9 -10 -11 12 13 14 -15 16 17 18 -19 -20 21 -22 23 -24 25 26 27 -28 29 30 -31 -32 33 34 -35 36 -37 -38 -39 40 -41 -42 43 44 45 -46 47 -48 -49 50
0xc3931b0c2977d228 285164 1 -2 3 -4 -5 6 7 8 -9 -10 -11 12 13 14 -15 16 17 18 -19 -20 21 -22 23 -24 25 26 27 -28 29 30 -31 -32 33 34 -35 36 -37 -38 -39 40 -41 -42 43 44 45 -46 47 -48 -49 50
0xf862189d41d29da7 285164 1 -2 3 -4 -5 6 7 8 -9 -10 -11 12 13 14 -15 16 17 18 -19 -20 21 -22 23 -24 25 26 27 -28 29 30 -31 -32 33 34 -35 36 -37 -38 -39 40 -41 -42 43 44 45 -46 47 -48 -49 50
0x1cad6fedfdeb1394 285164 1 -2 3 -4 -5 6 7 8 -9 -10 -11 12 13 14 -15 16 17 18 -19 -20 21 -22 23 -24 25 26 27 -28 29 30 -31 -32 33 34 -35 36 -37 -38 -39 40 -41 -42 43 44 45 -46 47 -48 -49 50
0xb7708844c12c5a5c 285164 1 -2 3 -4 -5 6 7 8 -9 -10 -11 12 13 14 -15 16 17 18 -19 -20 21 -22 23 -24 25 26 27 -28 29 30 -31 -32 33 34 -35 36 -37 -38 -39 40 -41 -42 43 44 45 -46 47 -48 -49 50
0x8f3c6d5ca668d5d2 285164 1 -2 3 -4 -5 6 7 8 -9 -10 -11 12 13 14 -15 16 17 18 -19 -20 21 -22 23 -24 25 26 27 -28 29 30 -31 -32 33 34 -35 36 -37 -38 -39 40 -41 -42 43 44 45 -46 47 -48 -49 50
0x9ad706243fb4fe88 285164 1 -2 3 -4 -5 6 7 8 -9 -10 -11 12 13 14 -15 16 17 18 -19 -20 21 -22 23 -24 25 26 27 -28 29 30 -31 -32 33 34 -35 36 -37 -38 -39 40 -41 -42 43 44 45 -46 47 -48 -49 50
0xa37f0f9ef14601a2 285164 1 -2 3 -4 -5 6 7 8 -9 -10 -11 12 13 14 -15 16 17 18 -19 -20 21 -22 23 -24 25 26 27 -28 29 30 -31 -32 33 34 -35 36 -37 -38 -39 40 -41 -42 43 44 45 -46 47 -48 -49 50
0xe12b3c21623f6a01 285164 1 -2 3 -4 -5 6 7 8 -9 -10 -11 12 13 14 -15 16 17 18 -19 -20 21 -22 23 -24 25 26 27 -28 29 30 -31 -32 33 34 -35 36 -37 -38 -39 40 -41 -42 43 44 45 -46 47 -48 -49 50
0x3a99295ea8f94556 285164 1 -2 3 -4 -5 6 7 8 -9 -10 -11 12 13 14 -15 16 17 18 -19 -20 21 -22 23 -24 25 26 27 -28 29 30 -31 -32 33 34 -35 36 -37 -38 -39 40 -41 -42 43 44 45 -46 47 -48 -49 50
0xc074f967886fb13d 285164 1 -2 3 -4 -5 6 7 8 -9 -10 -11 12 13 14 -15 16 17 18 -19 -20 21 -22 23 -24 25 26 27 -28 29 30 -31 -32 33 34 -35 36 -37 -38 -39 40 -41 -42 43 44 45 -46 47 -48 -49 50
0x307c3bb9b5e593ce 285164 1 -2 3 -4 -5 6 7 8 -9 -10 -11 12 13 14 -15 16 17 18 -19 -20 21 -22 23 -24 25 26 27 -28 29 30 -31 -32 33 34 -35 36 -37 -38 -39 40 -41 -42 43 44 45 -46 47 -48 -49 50
0x1603cf9881771ab6 285164 1 -2 3 -4 -5 6 7 8 -9 -10 -11 12 13 14 -15 16 17 18 -19 -20 21 -22 23 -24 25 26 27 -28 29 30 -31 -32 33 34 -35 36 -37 -38 -39 40 -41 -42 43 44 45 -46 47 -48 -49 50
0x98f51260d1672ae7 285164 1 -2 3 -4 -5 6 7 8 -9 -10 -11 12 13 14 -15 16 17 18 -19 -20 21 -22 23 -24 25 26 27 -28 29 30 -31 -32 33 34 -35 36 -37 -38 -39 40 -41 -42 43 44 45 -46 47 -48 -49 50
0xc26a815e9d887c35 285164 1 -2 3 -4 -5 6 7 8 -9 -10 -11 12 13 14 -15 16 17 18 -19 -20 21 -22 23 -24 25 26 27 -28 29 30 -31 -32 33 34 -35 36 -37 -38 -39 40 -41 -42 43 44 45 -46 47 -48 -49 50
0xc3fc956c78132da 285164 1 -2 3 -4 -5 6 7 8 -9 -10 -11 12 13 14 -15 16 17 18 -19 -20 21 -22 23 -24 25 26 27 -28 29 30 -31 -32 33 34 -35 36 -37 -38 -39 40 -41 -42 43 44 45 -46 47 -48 -49 50
0x71632600333d88f3 285164 1 -2 3 -4 -5 6 7 8 -9 -10 -11 12 13 14 -15 16 17 18 -19 -20 21 -22 23 -24 25 26 27 -28 29 30 -31 -32 33 34 -35 36 -37 -38 -39 40 -41 -42 43 44 45 -46 47 -48 -49 50
0x9536118432c78801 285164 1 -2 3 -4 -5 6 7 8 -9 -10 -11 12 13 14 -15 16 17 18 -19 -20 21 -22 23 -24 25 26 27 -28 29 30 -31 -32 33 34 -35 36 -37 -38 -39 40 -41 -42 43 44 45 -46 47 -48 -49 50