0xb068d96c8c4ca181 374595 -1 -2 3 -4 -5 -6 7 8 9 10 11 -12 13 -14 15 -16 17 18 19 20 21 22 23 24 25 26 27 -28 29 30 31 32 -33 34 -35 36 37 38 39 40 -41 42 43 44 45 46 47 -48 -49 -50
0xd98d12eb7f28e2f1 374595 -1 -2 3 -4 -5 -6 7 8 9 10 11 -12 13 -14 15 -16 17 18 19 20 21 22 23 24 25 26 27 -28 29 30 31 32 -33 34 -35 36 37 38 39 40 -41 42 43 44 45 46 47 -48 -49 -50
0xdbd847a0eff494b5 374595 -1 -2 3 -4 -5 -6 7 8 9 10 11 -12 13 -14 15 -16 17 18 19 20 21 22 23 24 25 26 27 -28 29 30 31 32 -33 34 -35 36 37 38 39 40 -41 42 43 44 45 46 47 -48 -49 -50
0x32df9945316da5a 374595 -1 -2 3 -4 -5 -6 7 8 9 10 11 -12 13 -14 15 -16 17 18 19 20 21 22 23 24 25 26 27 -28 29 30 31 32 -33 34 -35 36 37 38 39 40 -41 42 43 44 45 46 47 -48 -49 -50
0x2b94b51309c7cd41 374595 -1 -2 3 -4 -5 -6 7 8 9 10 11 -12 13 -14 15 -16 17 18 19 20 21 22 23 24 25 26 27 -28 29 30 31 32 -33 34 -35 36 37 38 39 40 -41 42 43 44 45 46 47 -48 -49 -50
0x25f977222ce1eef 374595 -1 -2 3 -4 -5 -6 7 8 9 10 11 -12 13 -14 15 -16 17 18 19 20 21 22 23 24 25 26 27 -28 29 30 31 32 -33 34 -35 36 37 38 39 40 -41 42 43 44 45 46 47 -48 -49 -50
0xc549b518b3720eca 374595 -1 -2 3 -4 -5 -6 7 8 9 10 11 -12 13 -14 15 -16 17 18 19 20 21 22 23 24 25 26 27 -28 29 30 31 32 -33 34 -35 36 37 38 39 40 -41 42 43 44 45 46 47 -48 -49 -50
0x9405593343eca352 374595 -1 -2 3 -4 -5 -6 7 8 9 10 11 -12 13 -14 15 -16 17 18 19 20 21 22 23 24 25 26 27 -28 29 30 31 32 -33 34 -35 36 37 38 39 40 -41 42 43 44 45 46 47 -48 -49 -50
0xcdfd6cdf90eb5bed 374595 -1 -2 3 -4 -5 -6 7 8 9 10 11 -12 13 -14 15 -16 17 18 19 20 21 22 23 24 25 26 27 -28 29 30 31 32 -33 34 -35 36 37 38 39 40 -41 42 43 44 45 46 47 -48 -49 -50
0x88e2c6b245280a64 374595 -1 -2 3 -4 -5 -6 7 8 9 10 11 -12 13 -14 15 -16 17 18 19 20 21 22 23 24 25 26 27 -28 29 30 31 32 -33 34 -35 36 37 38 39 40 -41 42 43 44 45 46 47 -48 -49 -50
0x1632ca30d107bc65 374595 -1 -2 3 -4 -5 -6 7 8 9 10 11 -12 13 -14 15 -16 17 18 19 20 21 22 23 24 25 26 27 -28 29 30 31 32 -33 34 -35 36 37 38 39 40 -41 42 43 44 45 46 47 -48 -49 -50
0x7b0557563c76b501 374595 -1 -2 3 -4 -5 -6 7 8 9 10 11 -12 13 -14 15 -16 17 18 19 20 21 22 23 24 25 26 27 -28 29 30 31 32 -33 34 -35 36 37 38 39 40 -41 42 43 44 45 46 47 -48 -49 -50
0x78b00a110977762e 374595 -1 -2 3 -4 -5 -6 7 8 9 10 11 -12 13 -14 15 -16 17 18 19 20 21 22 23 24 25 26 27 -28 29 30 31 32 -33 34 -35 36 37 38 39 40 -41 42 43 44 45 46 47 -48 -49 -50
0xf80cc9c4901ada44 374595 -1 -2 3 -4 -5 -6 7 8 9 10 11 -12 13 -14 15 -16 17 18 19 20 21 22 23 24 25 26 27 -28 29 30 31 32 -33 34 -35 36 37 38 39 40 -41 42 43 44 45 46 47 -48 -49 -50
0x5471a8c8a6d73d82 374595 -1 -2 3 -4 -5 -6 7 8 9 10 11 -12 13 -14 15 -16 17 18 19 20 21 22 23 24 25 26 27 -28 29 30 31 32 -33 34 -35 36 37 38 39 40 -41 42 43 44 45 46 47 -48 -49 -50
0x26a813e6ec74b789 374595 -1 -2 3 -4 -5 -6 7 8 9 10 11 -12 13 -14 15 -16 17 18 19 20 21 22 23 24 25 26 27 -28 29 30 31 32 -33 34 -35 36 37 38 39 40 -41 42 43 44 45 46 47 -48 -49 -50
0xcb7151dea30464dd 374595 -1 -2 3 -4 -5 -6 7 8 9 10 11 -12 13 -14 15 -16 17 18 19 20 21 22 23 24 25 26 27 -28 29 30 31 32 -33 34 -35 36 37 38 39 40 -41 42 43 44 45 46 47 -48 -49 -50
0xf46652e2bd98c069 374595 -1 -2 3 -4 -5 -6 7 8 9 10 11 -12 13 -14 15 -16 17 18 19 20 21 22 23 24 25 26 27 -28 29 30 31 32 -33 34 -35 36 37 38 39 40 -41 42 43 44 45 46 47 -48 -49 -50
0x1d40d0198cb50cf9 374595 -1 -2 3 -4 -5 -6 7 8 9 10 11 -12 13 -14 15 -16 17 18 19 20 21 22 23 24 25 26 27 -28 29 30 31 32 -33 34 -35 36 37 38 39 40 -41 42 43 44 45 46 47 -48 -49 -50
0xc2dbbb1f57a9cec0 374595 -1 -2 3 -4 -5 -6 7 8 9 10 11 -12 13 -14 15 -16 17 18 19 20 21 22 23 24 25 26 27 -28 29 30 31 32 -33 34 -35 36 37 38 39 40 -41 42 43 44 45 46 47 -48 -49 -50
0xb478fd812b5454d2 374595 -1 -2 3 -4 -5 -6 7 8 9 10 11 -12 13 -14 15 -16 17 18 19 20 21 22 23 24 25 26 27 -28 29 30 31 32 -33 34 -35 36 37 38 39 40 -41 42 43 44 45 46 47 -48 -49 -50
0xcb1a884238f752a9 374595 -1 -2 3 -4 -5 -6 7 8 9 10 11 -12 13 -14 15 -16 17 18 19 20 21 22 23 24 25 26 27 -28 29 30 31 32 -33 34 -35 36 37 38 39 40 -41 42 43 44 45 46 47 -48 -49 -50
0xbdfcb35b4a2289a3 374595 -1 -2 3 -4 -5 -6 7 8 9 10 11 -12 13 -14 15 -16 17 18 19 20 21 22 23 24 25 26 27 -28 29 30 31 32 -33 34 -35 36 37 38 39 40 -41 42 43 44 45 46 47 -48 -49 -50
0xae7fed3510df8280 374595 -1 -2 3 -4 -5 -6 7 8 9 10 11 -12 13 -14 15 -16 17 18 19 20 21 22 23 24 25 26 27 -28 29 30 31 32 -33 34 -35 36 37 38 39 40 -41 42 43 44 45 46 47 -48 -49 -50
0x610fba2f759956e6 374595 -1 -2 3 -4 -5 -6 7 8 9 10 11 -12 13 -14 15 -16 17 18 19 20 21 22 23 24 25 26 27 -28 29 30 31 32 -33 34 -35 36 37 38 39 40 -41 42 43 44 45 46 47 -48 -49 -50
0xebd5041c76758ade 374595 -1 -2 3 -4 -5 -6 7 8 9 10 11 -12 13 -14 15 -16 17 18 19 20 21 22 23 24 25 26 27 -28 29 30 31 32 -33 34 -35 36 37 38 39 40 -41 42 43 44 45 46 47 -48 -49 -50
0xef41b9c3b613f656 374595 -1 -2 3 -4 -5 -6 7 8 9 10 11 -12 13 -14 15 -16 17 18 19 20 21 22 23 24 25 26 27 -28 29 30 31 32 -33 34 -35 36 37 38 39 40 -41 42 43 44 45 46 47 -48 -49 -50
0x2fc3be6179ebbea0 374595 -1 -2 3 -4 -5 -6 7 8 9 10 11 -12 13 -14 15 -16 17 18 19 20 21 22 23 24 25 26 27 -28 29 30 31 32 -33 34 -35 36 37 38 39 40 -41 42 43 44 45 46 47 -48 -49 -50
0xa32d292092bb5fef 374595 -1 -2 3 -4 -5 -6 7 8 9 10 11 -12 13 -14 15 -16 17 18 19 20 21 22 23 24 25 26 27 -28 29 30 31 32 -33 34 -35 36 37 38 39 40 -41 42 43 44 45 46 47 -48 -49 -50
0xb79fd4a97bc1c6df 374595 -1 -2 3 -4 -5 -6 7 8 9 10 11 -12 13 -14 15 -16 17 18 19 20 21 22 23 24 25 26 27 -28 29 30 31 32 -33 34 -35 36 37 38 39 40 -41 42 43 44 45 46 47 -48 -49 -50