0x2d42e0a7fba9c94 314470 -1 2 3 4 5 6 7 8 -9 -10 11 -12 13 14 15 -16 17 -18 -19 20 21 22 23 -24 25 26 -27 -28 -29 -30 31 -32 33 -34 -35 36 37 -38 39 40 -41 -42 -43 -44 45 -46 47 48 49 -50
0x57810ae03442c200 314470 -1 2 3 4 5 6 7 8 -9 -10 11 -12 13 14 15 -16 17 -18 -19 20 21 22 23 -24 25 26 -27 -28 -29 -30 31 -32 33 -34 -35 36 37 -38 39 40 -41 -42 -43 -44 45 -46 47 48 49 -50
0xee43447b93627e5 314470 -1 2 3 4 5 6 7 8 -9 -10 11 -12 13 14 15 -16 17 -18 -19 20 21 22 23 -24 25 26 -27 -28 -29 -30 31 -32 33 -34 -35 36 37 -38 39 40 -41 -42 -43 -44 45 -46 47 48 49 -50
0x1d54e4640833a821 314470 -1 2 3 4 5 6 7 8 -9 -10 11 -12 13 14 15 -16 17 -18 -19 20 21 22 23 -24 25 26 -27 -28 -29 -30 31 -32 33 -34 -35 36 37 -38 39 40 -41 -42 -43 -44 45 -46 47 48 49 -50
0x457e2e4d235623fa 314470 -1 2 3 4 5 6 7 8 -9 -10 11 -12 13 14 15 -16 17 -18 -19 20 21 22 23 -24 25 26 -27 -28 -29 -30 31 -32 33 -34 -35 36 37 -38 39 40 -41 -42 -43 -44 45 -46 47 48 49 -50
0x5c83b350c6b9b6 314470 -1 2 3 4 5 6 7 8 -9 -10 11 -12 13 14 15 -16 17 -18 -19 20 21 22 23 -24 25 26 -27 -28 -29 -30 31 -32 33 -34 -35 36 37 -38 39 40 -41 -42 -43 -44 45 -46 47 48 49 -50
0xbb9ce05644574a24 314470 -1 2 3 4 5 6 7 8 -9 -10 11 -12 13 14 15 -16 17 -18 -19 20 21 22 23 -24 25 26 -27 -28 -29 -30 31 -32 33 -34 -35 36 37 -38 39 40 -41 -42 -43 -44 45 -46 47 48 49 -50
0xc3e3c58c7fb08e12 314470 -1 2 3 4 5 6 7 8 -9 -10 11 -12 13 14 15 -16 17 -18 -19 20 21 22 23 -24 25 26 -27 -28 -29 -30 31 -32 33 -34 -35 36 37 -38 39 40 -41 -42 -43 -44 45 -46 47 48 49 -50
0x8a3a05c03a79bbd6 314470 -1 2 3 4 5 6 7 8 -9 -10 11 -12 13 14 15 -16 17 -18 -19 20 21 22 23 -24 25 26 -27 -28 -29 -30 31 -32 33 -34 -35 36 37 -38 39 40 -41 -42 -43 -44 45 -46 47 48 49 -50
0x991d5ff0001fbcc7 314470 -1 2 3 4 5 6 7 8 -9 -10 11 -12 13 14 15 -16 17 -18 -19 20 21 22 23 -24 25 26 -27 -28 -29 -30 31 -32 33 -34 -35 36 37 -38 39 40 -41 -42 -43 -44 45 -46 47 48 49 -50
0x6af2eb2be521f2c3 314470 -1 2 3 4 5 6 7 8 -9 -10 11 -12 13 14 15 -16 17 -18 -19 20 21 22 23 -24 25 26 -27 -28 -29 -30 31 -32 33 -34 -35 36 37 -38 39 40 -41 -42 -43 -44 45 -46 47 48 49 -50
0x68d9521bc20a8da9 314470 -1 2 3 4 5 6 7 8 -9 -10 11 -12 13 14 15 -16 17 -18 -19 20 21 22 23 -24 25 26 -27 -28 -29 -30 31 -32 33 -34 -35 36 37 -38 39 40 -41 -42 -43 -44 45 -46 47 48 49 -50
0xa618de79467870de 314470 -1 2 3 4 5 6 7 8 -9 -10 11 -12 13 14 15 -16 17 -18 -19 20 21 22 23 -24 25 26 -27 -28 -29 -30 31 -32 33 -34 -35 36 37 -38 39 40 -41 -42 -43 -44 45 -46 47 48 49 -50
0x71af548ff2e0a8cb 314470 -1 2 3 4 5 6 7 8 -9 -10 11 -12 13 14 15 -16 17 -18 -19 20 21 22 23 -24 25 26 -27 -28 -29 -30 31 -32 33 -34 -35 36 37 -38 39 40 -41 -42 -43 -44 45 -46 47 48 49 -50
0x94b59ec41bed705b 314470 -1 2 3 4 5 6 7 8 -9 -10 11 -12 13 14 15 -16 17 -18 -19 20 21 22 23 -24 25 26 -27 -28 -29 -30 31 -32 33 -34 -35 36 37 -38 39 40 -41 -42 -43 -44 45 -46 47 48 49 -50
0x99d490a06a0c67f 314470 -1 2 3 4 5 6 7 8 -9 -10 11 -12 13 14 15 -16 17 -18 -19 20 21 22 23 -24 25 26 -27 -28 -29 -30 31 -32 33 -34 -35 36 37 -38 39 40 -41 -42 -43 -44 45 -46 47 48 49 -50
0x2583cc6cf0a093ac 314470 -1 2 3 4 5 6 7 8 -9 -10 11 -12 13 14 15 -16 17 -18 -19 20 21 22 23 -24 25 26 -27 -28 -29 -30 31 -32 33 -34 -35 36 37 -38 39 40 -41 -42 -43 -44 45 -46 47 48 49 -50
0x9219aa8b74525f59 314470 -1 2 3 4 5 6 7 8 -9 -10 11 -12 13 14 15 -16 17 -18 -19 20 21 22 23 -24 25 26 -27 -28 -29 -30 31 -32 33 -34 -35 36 37 -38 39 40 -41 -42 -43 -44 45 -46 47 48 49 -50
0x13db59142cac9584 314470 -1 2 3 4 5 6 7 8 -9 -10 11 -12 13 14 15 -16 17 -18 -19 20 21 22 23 -24 25 26 -27 -28 -29 -30 31 -32 33 -34 -35 36 37 -38 39 40 -41 -42 -43 -44 45 -46 47 48 49 -50
0xed99fd4fc8e35c2c 314470 -1 2 3 4 5 6 7 8 -9 -10 11 -12 13 14 15 -16 17 -18 -19 20 21 22 23 -24 25 26 -27 -28 -29 -30 31 -32 33 -34 -35 36 37 -38 39 40 -41 -42 -43 -44 45 -46 47 48 49 -50
0xbf91f796e456f8d5 314470 -1 2 3 4 5 6 7 8 -9 -10 11 -12 13 14 15 -16 17 -18 -19 20 21 22 23 -24 25 26 -27 -28 -29 -30 31 -32 33 -34 -35 36 37 -38 39 40 -41 -42 -43 -44 45 -46 47 48 49 -50
0x58d3ed7f369c60a 314470 -1 2 3 4 5 6 7 8 -9 -10 11 -12 13 14 15 -16 17 -18 -19 20 21 22 23 -24 25 26 -27 -28 -29 -30 31 -32 33 -34 -35 36 37 -38 39 40 -41 -42 -43 -44 45 -46 47 48 49 -50
0xd4cf8c156a23b8d5 314470 -1 2 3 4 5 6 7 8 -9 -10 11 -12 13 14 15 -16 17 -18 -19 20 21 22 23 -24 25 26 -27 -28 -29 -30 31 -32 33 -34 -35 36 37 -38 39 40 -41 -42 -43 -44 45 -46 47 48 49 -50
0x2fca55e3edc97647 314470 -1 2 3 4 5 6 7 8 -9 -10 11 -12 13 14 15 -16 17 -18 -19 20 21 22 23 -24 25 26 -27 -28 -29 -30 31 -32 33 -34 -35 36 37 -38 39 40 -41 -42 -43 -44 45 -46 47 48 49 -50
0x32d69bede6ccf8f4 314470 -1 2 3 4 5 6 7 8 -9 -10 11 -12 13 14 15 -16 17 -18 -19 20 21 22 23 -24 25 26 -27 -28 -29 -30 31 -32 33 -34 -35 36 37 -38 39 40 -41 -42 -43 -44 45 -46 47 48 49 -50
0x8272827124bdc675 314470 -1 2 3 4 5 6 7 8 -9 -10 11 -12 13 14 15 -16 17 -18 -19 20 21 22 23 -24 25 26 -27 -28 -29 -30 31 -32 33 -34 -35 36 37 -38 39 40 -41 -42 -43 -44 45 -46 47 48 49 -50
0xc0c0bdbf7a1eb4e6 314470 -1 2 3 4 5 6 7 8 -9 -10 11 -12 13 14 15 -16 17 -18 -19 20 21 22 23 -24 25 26 -27 -28 -29 -30 31 -32 33 -34 -35 36 37 -38 39 40 -41 -42 -43 -44 45 -46 47 48 49 -50
0x6547cdbf42474068 314470 -1 2 3 4 5 6 7 8 -9 -10 11 -12 13 14 15 -16 17 -18 -19 20 21 22 23 -24 25 26 -27 -28 -29 -30 31 -32 33 -34 -35 36 37 -38 39 40 -41 -42 -43 -44 45 -46 47 48 49 -50
0x1f2f0968a7b6709f 314470 -1 2 3 4 5 6 7 8 -9 -10 11 -12 13 14 15 -16 17 -18 -19 20 21 22 23 -24 25 26 -27 -28 -29 -30 31 -32 33 -34 -35 36 37 -38 39 40 -41 -42 -43 -44 45 -46 47 48 49 -50
0xef777a4c3d7d4e33 314470 -1 2 3 4 5 6 7 8 -9 -10 11 -12 13 14 15 -16 17 -18 -19 20 21 22 23 -24 25 26 -27 -28 -29 -30 31 -32 33 -34 -35 36 37 -38 39 40 -41 -42 -43 -44 45 -46 47 48 49 -50