0x44861172cc586554 131128 -1 2 3 -4 -5 6 7 8 9 10 -11 -12 13 -14 15 -16 -17 18 19 -20 -21 22 23 -24 25 26 27 28 29 -30 31 32 -33 34 35 -36 -37 -38 -39 40 41 -42 43 44 45 46 -47 -48 49 -50
0x82efac88f76f4f8f 131128 -1 2 3 -4 -5 6 7 8 9 10 -11 -12 13 -14 15 -16 -17 18 19 -20 -21 22 23 -24 25 26 27 28 29 -30 31 32 -33 34 35 -36 -37 -38 -39 40 41 -42 43 44 45 46 -47 -48 49 -50
0xfbc2811098d8124e 131128 -1 2 3 -4 -5 6 7 8 9 10 -11 -12 13 -14 15 -16 -17 18 19 -20 -21 22 23 -24 25 26 27 28 29 -30 31 32 -33 34 35 -36 -37 -38 -39 40 41 -42 43 44 45 46 -47 -48 49 -50
0x7b785101004f3800 131128 -1 2 3 -4 -5 6 7 8 9 10 -11 -12 13 -14 15 -16 -17 18 19 -20 -21 22 23 -24 25 26 27 28 29 -30 31 32 -33 34 35 -36 -37 -38 -39 40 41 -42 43 44 45 46 -47 -48 49 -50
0x8eaf33396e2dee12 131128 -1 2 3 -4 -5 6 7 8 9 10 -11 -12 13 -14 15 -16 -17 18 19 -20 -21 22 23 -24 25 26 27 28 29 -30 31 32 -33 34 35 -36 -37 -38 -39 40 41 -42 43 44 45 46 -47 -48 49 -50
0x632f102ee05695f3 131128 -1 2 3 -4 -5 6 7 8 9 10 -11 -12 13 -14 15 -16 -17 18 19 -20 -21 22 23 -24 25 26 27 28 29 -30 31 32 -33 34 35 -36 -37 -38 -39 40 41 -42 43 44 45 46 -47 -48 49 -50
0x918527e55a4340e9 131128 -1 2 3 -4 -5 6 7 8 9 10 -11 -12 13 -14 15 -16 -17 18 19 -20 -21 22 23 -24 25 26 27 28 29 -30 31 32 -33 34 35 -36 -37 -38 -39 40 41 -42 43 44 45 46 -47 -48 49 -50
0xf028bdebdeaf5d89 131128 -1 2 3 -4 -5 6 7 8 9 10 -11 -12 13 -14 15 -16 -17 18 19 -20 -21 22 23 -24 25 26 27 28 29 -30 31 32 -33 34 35 -36 -37 -38 -39 40 41 -42 43 44 45 46 -47 -48 49 -50
0x87c6d1a11c1ec472 131128 -1 2 3 -4 -5 6 7 8 9 10 -11 -12 13 -14 15 -16 -17 18 19 -20 -21 22 23 -24 25 26 27 28 29 -30 31 32 -33 34 35 -36 -37 -38 -39 40 41 -42 43 44 45 46 -47 -48 49 -50
0x50e3516c4b18ff11 131128 -1 2 3 -4 -5 6 7 8 9 10 -11 -12 13 -14 15 -16 -17 18 19 -20 -21 22 23 -24 25 26 27 28 29 -30 31 32 -33 34 35 -36 -37 -38 -39 40 41 -42 43 44 45 46 -47 -48 49 -50
0x6ceea28ff70628d6 131128 -1 2 3 -4 -5 6 7 8 9 10 -11 -12 13 -14 15 -16 -17 18 19 -20 -21 22 23 -24 25 26 27 28 29 -30 31 32 -33 34 35 -36 -37 -38 -39 40 41 -42 43 44 45 46 -47 -48 49 -50
0x454324b32e29c016 131128 -1 2 3 -4 -5 6 7 8 9 10 -11 -12 13 -14 15 -16 -17 18 19 -20 -21 22 23 -24 25 26 27 28 29 -30 31 32 -33 34 35 -36 -37 -38 -39 40 41 -42 43 44 45 46 -47 -48 49 -50
0xa65e2c4973e66efd 131128 -1 2 3 -4 -5 6 7 8 9 10 -11 -12 13 -14 15 -16 -17 18 19 -20 -21 22 23 -24 25 26 27 28 29 -30 31 32 -33 34 35 -36 -37 -38 -39 40 41 -42 43 44 45 46 -47 -48 49 -50
0x39687952de31a53c 131128 -1 2 3 -4 -5 6 7 8 9 10 -11 -12 13 -14 15 -16 -17 18 19 -20 -21 22 23 -24 25 26 27 28 29 -30 31 32 -33 34 35 -36 -37 -38 -39 40 41 -42 43 44 45 46 -47 -48 49 -50
0xefd71a49fc1720b1 131128 -1 2 3 -4 -5 6 7 8 9 10 -11 -12 13 -14 15 -16 -17 18 19 -20 -21 22 23 -24 25 26 27 28 29 -30 31 32 -33 34 35 -36 -37 -38 -39 40 41 -42 43 44 45 46 -47 -48 49 -50
0x50d50d6b015f8f36 131128 -1 2 3 -4 -5 6 7 8 9 10 -11 -12 13 -14 15 -16 -17 18 19 -20 -21 22 23 -24 25 26 27 28 29 -30 31 32 -33 34 35 -36 -37 -38 -39 40 41 -42 43 44 45 46 -47 -48 49 -50
0x259899cd9fd997f8 131128 -1 2 3 -4 -5 6 7 8 9 10 -11 -12 13 -14 15 -16 -17 18 19 -20 -21 22 23 -24 25 26 27 28 29 -30 31 32 -33 34 35 -36 -37 -38 -39 40 41 -42 43 44 45 46 -47 -48 49 -50
0x7add8b8c9a8b5f08 131128 -1 2 3 -4 -5 6 7 8 9 10 -11 -12 13 -14 15 -16 -17 18 19 -20 -21 22 23 -24 25 26 27 28 29 -30 31 32 -33 34 35 -36 -37 -38 -39 40 41 -42 43 44 45 46 -47 -48 49 -50
0xd6720ee433b430ab 131128 -1 2 3 -4 -5 6 7 8 9 10 -11 -12 13 -14 15 -16 -17 18 19 -20 -21 22 23 -24 25 26 27 28 29 -30 31 32 -33 34 35 -36 -37 -38 -39 40 41 -42 43 44 45 46 -47 -48 49 -50
0xc1bfcffe86c675ff 131128 -1 2 3 -4 -5 6 7 8 9 10 -11 -12 13 -14 15 -16 -17 18 19 -20 -21 22 23 -24 25 26 27 28 29 -30 31 32 -33 34 35 -36 -37 -38 -39 40 41 -42 43 44 45 46 -47 -48 49 -50
0x81f066c298de3acc 131128 -1 2 3 -4 -5 6 7 8 9 10 -11 -12 13 -14 15 -16 -17 18 19 -20 -21 22 23 -24 25 26 27 28 29 -30 31 32 -33 34 35 -36 -37 -38 -39 40 41 -42 43 44 45 46 -47 -48 49 -50
0x3d590bbc3b57d774 131128 -1 2 3 -4 -5 6 7 8 9 10 -11 -12 13 -14 15 -16 -17 18 19 -20 -21 22 23 -24 25 26 27 28 29 -30 31 32 -33 34 35 -36 -37 -38 -39 40 41 -42 43 44 45 46 -47 -48 49 -50
0x83b0ca23a5b1d2d6 131128 -1 2 3 -4 -5 6 7 8 9 10 -11 -12 13 -14 15 -16 -17 18 19 -20 -21 22 23 -24 25 26 27 28 29 -30 31 32 -33 34 35 -36 -37 -38 -39 40 41 -42 43 44 45 46 -47 -48 49 -50
0x717a81ce590c38b9 131128 -1 2 3 -4 -5 6 7 8 9 10 -11 -12 13 -14 15 -16 -17 18 19 -20 -21 22 23 -24 25 26 27 28 29 -30 31 32 -33 34 35 -36 -37 -38 -39 40 41 -42 43 44 45 46 -47 -48 49 -50
0x7070fccba64c9ba 131128 -1 2 3 -4 -5 6 7 8 9 10 -11 -12 13 -14 15 -16 -17 18 19 -20 -21 22 23 -24 25 26 27 28 29 -30 31 32 -33 34 35 -36 -37 -38 -39 40 41 -42 43 44 45 46 -47 -48 49 -50
0xa8474b286a20da9c 131128 -1 2 3 -4 -5 6 7 8 9 10 -11 -12 13 -14 15 -16 -17 18 19 -20 -21 22 23 -24 25 26 27 28 29 -30 31 32 -33 34 35 -36 -37 -38 -39 40 41 -42 43 44 45 46 -47 -48 49 -50
0x8d11adfa406027a1 131128 -1 2 3 -4 -5 6 7 8 9 10 -11 -12 13 -14 15 -16 -17 18 19 -20 -21 22 23 -24 25 26 27 28 29 -30 31 32 -33 34 35 -36 -37 -38 -39 40 41 -42 43 44 45 46 -47 -48 49 -50
0x13d3b0ef34b5ca12 131128 -1 2 3 -4 -5 6 7 8 9 10 -11 -12 13 -14 15 -16 -17 18 19 -20 -21 22 23 -24 25 26 27 28 29 -30 31 32 -33 34 35 -36 -37 -38 -39 40 41 -42 43 44 45 46 -47 -48 49 -50
0x70acf6ca6fcebdbc 131128 -1 2 3 -4 -5 6 7 8 9 10 -11 -12 13 -14 15 -16 -17 18 19 -20 -21 22 23 -24 25 26 27 28 29 -30 31 32 -33 34 35 -36 -37 -38 -39 40 41 -42 43 44 45 46 -47 -48 49 -50
0x6af247df842bf66f 131128 -1 2 3 -4 -5 6 7 8 9 10 -11 -12 13 -14 15 -16 -17 18 19 -20 -21 22 23 -24 25 26 27 28 29 -30 31 32 -33 34 35 -36 -37 -38 -39 40 41 -42 43 44 45 46 -47 -48 49 -50