0xed3e5428c2d20b9e 151232 1 2 3 4 5 6 -7 -8 -9 10 11 12 13 14 -15 -16 -17 -18 19 -20 21 22 23 24 25 26 27 28 29 30 -31 -32 33 34 35 -36 37 -38 39 -40 -41 -42 -43 44 -45 -46 47 -48 -49 50
0xb0b5afc664bbb2b4 151232 1 2 3 4 5 6 -7 -8 -9 10 11 12 13 14 -15 -16 -17 -18 19 -20 21 22 23 24 25 26 27 28 29 30 -31 -32 33 34 35 -36 37 -38 39 -40 -41 -42 -43 44 -45 -46 47 -48 -49 50
0xe099566bd010d7fc 151232 1 2 3 4 5 6 -7 -8 -9 10 11 12 13 14 -15 -16 -17 -18 19 -20 21 22 23 24 25 26 27 28 29 30 -31 -32 33 34 35 -36 37 -38 39 -40 -41 -42 -43 44 -45 -46 47 -48 -49 50
0x3cbd8dcc141350f4 151232 1 2 3 4 5 6 -7 -8 -9 10 11 12 13 14 -15 -16 -17 -18 19 -20 21 22 23 24 25 26 27 28 29 30 -31 -32 33 34 35 -36 37 -38 39 -40 -41 -42 -43 44 -45 -46 47 -48 -49 50
0x92f73f06ea6c69db 151232 1 2 3 4 5 6 -7 -8 -9 10 11 12 13 14 -15 -16 -17 -18 19 -20 21 22 23 24 25 26 27 28 29 30 -31 -32 33 34 35 -36 37 -38 39 -40 -41 -42 -43 44 -45 -46 47 -48 -49 50
0x26a0937116207d15 151232 1 2 3 4 5 6 -7 -8 -9 10 11 12 13 14 -15 -16 -17 -18 19 -20 21 22 23 24 25 26 27 28 29 30 -31 -32 33 34 35 -36 37 -38 39 -40 -41 -42 -43 44 -45 -46 47 -48 -49 50
0xf8bf5c1306e604aa 151232 1 2 3 4 5 6 -7 -8 -9 10 11 12 13 14 -15 -16 -17 -18 19 -20 21 22 23 24 25 26 27 28 29 30 -31 -32 33 34 35 -36 37 -38 39 -40 -41 -42 -43 44 -45 -46 47 -48 -49 50
0xb165c92a4630bbc4 151232 1 2 3 4 5 6 -7 -8 -9 10 11 12 13 14 -15 -16 -17 -18 19 -20 21 22 23 24 25 26 27 28 29 30 -31 -32 33 34 35 -36 37 -38 39 -40 -41 -42 -43 44 -45 -46 47 -48 -49 50
0xcefb71a82006d032 151232 1 2 3 4 5 6 -7 -8 -9 10 11 12 13 14 -15 -16 -17 -18 19 -20 21 22 23 24 25 26 27 28 29 30 -31 -32 33 34 35 -36 37 -38 39 -40 -41 -42 -43 44 -45 -46 47 -48 -49 50
0x5f5caab047f623ea 151232 1 2 3 4 5 6 -7 -8 -9 10 11 12 13 14 -15 -16 -17 -18 19 -20 21 22 23 24 25 26 27 28 29 30 -31 -32 33 34 35 -36 37 -38 39 -40 -41 -42 -43 44 -45 -46 47 -48 -49 50
0x1dfe2f1d20bf9e80 151232 1 2 3 4 5 6 -7 -8 -9 10 11 12 13 14 -15 -16 -17 -18 19 -20 21 22 23 24 25 26 27 28 29 30 -31 -32 33 34 35 -36 37 -38 39 -40 -41 -42 -43 44 -45 -46 47 -48 -49 50
0x618316f9cb8e8eb2 151232 1 2 3 4 5 6 -7 -8 -9 10 11 12 13 14 -15 -16 -17 -18 19 -20 21 22 23 24 25 26 27 28 29 30 -31 -32 33 34 35 -36 37 -38 39 -40 -41 -42 -43 44 -45 -46 47 -48 -49 50
0xca731f0839d21bdf 151232 1 2 3 4 5 6 -7 -8 -9 10 11 12 13 14 -15 -16 -17 -18 19 -20 21 22 23 24 25 26 27 28 29 30 -31 -32 33 34 35 -36 37 -38 39 -40 -41 -42 -43 44 -45 -46 47 -48 -49 50
0x23ff403d2b0ec789 151232 1 2 3 4 5 6 -7 -8 -9 10 11 12 13 14 -15 -16 -17 -18 19 -20 21 22 23 24 25 26 27 28 29 30 -31 -32 33 34 35 -36 37 -38 39 -40 -41 -42 -43 44 -45 -46 47 -48 -49 50
0x5f029742463dfed8 151232 1 2 3 4 5 6 -7 -8 -9 10 11 12 13 14 -15 -16 -17 -18 19 -20 21 22 23 24 25 26 27 28 29 30 -31 -32 33 34 35 -36 37 -38 39 -40 -41 -42 -43 44 -45 -46 47 -48 -49 50
0xfead9bf25c91bc18 151232 1 2 3 4 5 6 -7 -8 -9 10 11 12 13 14 -15 -16 -17 -18 19 -20 21 22 23 24 25 26 27 28 29 30 -31 -32 33 34 35 -36 37 -38 39 -40 -41 -42 -43 44 -45 -46 47 -48 -49 50
0xb589a8e059b23838 151232 1 2 3 4 5 6 -7 -8 -9 10 11 12 13 14 -15 -16 -17 -18 19 -20 21 22 23 24 25 26 27 28 29 30 -31 -32 33 34 35 -36 37 -38 39 -40 -41 -42 -43 44 -45 -46 47 -48 -49 50
0x50c2d2d073cbac4b 151232 1 2 3 4 5 6 -7 -8 -9 10 11 12 13 14 -15 -16 -17 -18 19 -20 21 22 23 24 25 26 27 28 29 30 -31 -32 33 34 35 -36 37 -38 39 -40 -41 -42 -43 44 -45 -46 47 -48 -49 50
0x66e61039d4022309 151232 1 2 3 4 5 6 -7 -8 -9 10 11 12 13 14 -15 -16 -17 -18 19 -20 21 22 23 24 25 26 27 28 29 30 -31 -32 33 34 35 -36 37 -38 39 -40 -41 -42 -43 44 -45 -46 47 -48 -49 50
0x8e81b0cc2e215a4d 151232 1 2 3 4 5 6 -7 -8 -9 10 11 12 13 14 -15 -16 -17 -18 19 -20 21 22 23 24 25 26 27 28 29 30 -31 -32 33 34 35 -36 37 -38 39 -40 -41 -42 -43 44 -45 -46 47 -48 -49 50
0x285624e6949eb497 151232 1 2 3 4 5 6 -7 -8 -9 10 11 12 13 14 -15 -16 -17 -18 19 -20 21 22 23 24 25 26 27 28 29 30 -31 -32 33 34 35 -36 37 -38 39 -40 -41 -42 -43 44 -45 -46 47 -48 -49 50
0x805151f44433a89 151232 1 2 3 4 5 6 -7 -8 -9 10 11 12 13 14 -15 -16 -17 -18 19 -20 21 22 23 24 25 26 27 28 29 30 -31 -32 33 34 35 -36 37 -38 39 -40 -41 -42 -43 44 -45 -46 47 -48 -49 50
0x7d6cc9be2913ac6b 151232 1 2 3 4 5 6 -7 -8 -9 10 11 12 13 14 -15 -16 -17 -18 19 -20 21 22 23 24 25 26 27 28 29 30 -31 -32 33 34 35 -36 37 -38 39 -40 -41 -42 -43 44 -45 -46 47 -48 -49 50
0x701de23f7c4ca3a9 151232 1 2 3 4 5 6 -7 -8 -9 10 11 12 13 14 -15 -16 -17 -18 19 -20 21 22 23 24 25 26 27 28 29 30 -31 -32 33 34 35 -36 37 -38 39 -40 -41 -42 -43 44 -45 -46 47 -48 -49 50
0x65995cd51188c452 151232 1 2 3 4 5 6 -7 -8 -9 10 11 12 13 14 -15 -16 -17 -18 19 -20 21 22 23 24 25 26 27 28 29 30 -31 -32 33 34 35 -36 37 -38 39 -40 -41 -42 -43 44 -45 -46 47 -48 -49 50
0x6a44ede3b766fe99 151232 1 2 3 4 5 6 -7 -8 -9 10 11 12 13 14 -15 -16 -17 -18 19 -20 21 22 23 24 25 26 27 28 29 30 -31 -32 33 34 35 -36 37 -38 39 -40 -41 -42 -43 44 -45 -46 47 -48 -49 50
0xec43a7857646e056 151232 1 2 3 4 5 6 -7 -8 -9 10 11 12 13 14 -15 -16 -17 -18 19 -20 21 22 23 24 25 26 27 28 29 30 -31 -32 33 34 35 -36 37 -38 39 -40 -41 -42 -43 44 -45 -46 47 -48 -49 50
0xb957f3ffa58d1bc2 151232 1 2 3 4 5 6 -7 -8 -9 10 11 12 13 14 -15 -16 -17 -18 19 -20 21 22 23 24 25 26 27 28 29 30 -31 -32 33 34 35 -36 37 -38 39 -40 -41 -42 -43 44 -45 -46 47 -48 -49 50
0xc27bce62e9413ec3 151232 1 2 3 4 5 6 -7 -8 -9 10 11 12 13 14 -15 -16 -17 -18 19 -20 21 22 23 24 25 26 27 28 29 30 -31 -32 33 34 35 -36 37 -38 39 -40 -41 -42 -43 44 -45 -46 47 -48 -49 50
0x532077d58d29a8d5 151232 1 2 3 4 5 6 -7 -8 -9 10 11 12 13 14 -15 -16 -17 -18 19 -20 21 22 23 24 25 26 27 28 29 30 -31 -32 33 34 35 -36 37 -38 39 -40 -41 -42 -43 44 -45 -46 47 -48 -49 50