0x165c58277b1fdcb2 144326 1 -2 3 4 5 6 7 -8 9 -10 -11 12 13 14 -15 16 17 18 -19 -20 21 22 -23 -24 25 26 -27 28 29 30 -31 32 33 34 35 36 37 -38 -39 40 -41 -42 43 44 -45 46 47 -48 49 50
0xb9e6dce78b940ade 144326 1 -2 3 4 5 6 7 -8 9 -10 -11 12 13 14 -15 16 17 18 -19 -20 21 22 -23 -24 25 26 -27 28 29 30 -31 32 33 34 35 36 37 -38 -39 40 -41 -42 43 44 -45 46 47 -48 49 50
0x479f033d70317f 144326 1 -2 3 4 5 6 7 -8 9 -10 -11 12 13 14 -15 16 17 18 -19 -20 21 22 -23 -24 25 26 -27 28 29 30 -31 32 33 34 35 36 37 -38 -39 40 -41 -42 43 44 -45 46 47 -48 49 50
0xabb38e596322ffbc 144326 1 -2 3 4 5 6 7 -8 9 -10 -11 12 13 14 -15 16 17 18 -19 -20 21 22 -23 -24 25 26 -27 28 29 30 -31 32 33 34 35 36 37 -38 -39 40 -41 -42 43 44 -45 46 47 -48 49 50
0xe2f1b60ef96821b8 144326 1 -2 3 4 5 6 7 -8 9 -10 -11 12 13 14 -15 16 17 18 -19 -20 21 22 -23 -24 25 26 -27 28 29 30 -31 32 33 34 35 36 37 -38 -39 40 -41 -42 43 44 -45 46 47 -48 49 50
0x8153b66729be086 144326 1 -2 3 4 5 6 7 -8 9 -10 -11 12 13 14 -15 16 17 18 -19 -20 21 22 -23 -24 25 26 -27 28 29 30 -31 32 33 34 35 36 37 -38 -39 40 -41 -42 43 44 -45 46 47 -48 49 50
0xcf13b107b2c69a93 144326 1 -2 3 4 5 6 7 -8 9 -10 -11 12 13 14 -15 16 17 18 -19 -20 21 22 -23 -24 25 26 -27 28 29 30 -31 32 33 34 35 36 37 -38 -39 40 -41 -42 43 44 -45 46 47 -48 49 50
0xb64940f651049513 144326 1 -2 3 4 5 6 7 -8 9 -10 -11 12 13 14 -15 16 17 18 -19 -20 21 22 -23 -24 25 26 -27 28 29 30 -31 32 33 34 35 36 37 -38 -39 40 -41 -42 43 44 -45 46 47 -48 49 50
0xa683e003468fe97b 144326 1 -2 3 4 5 6 7 -8 9 -10 -11 12 13 14 -15 16 17 18 -19 -20 21 22 -23 -24 25 26 -27 28 29 30 -31 32 33 34 35 36 37 -38 -39 40 -41 -42 43 44 -45 46 47 -48 49 50
0x68c1515701cd0307 144326 1 -2 3 4 5 6 7 -8 9 -10 -11 12 13 14 -15 16 17 18 -19 -20 21 22 -23 -24 25 26 -27 28 29 30 -31 32 33 34 35 36 37 -38 -39 40 -41 -42 43 44 -45 46 47 -48 49 50
0x4ffdf9ee7f5fac33 144326 1 -2 3 4 5 6 7 -8 9 -10 -11 12 13 14 -15 16 17 18 -19 -20 21 22 -23 -24 25 26 -27 28 29 30 -31 32 33 34 35 36 37 -38 -39 40 -41 -42 43 44 -45 46 47 -48 49 50
0xe6b28418c38eac44 144326 1 -2 3 4 5 6 7 -8 9 -10 -11 12 13 14 -15 16 17 18 -19 -20 21 22 -23 -24 25 26 -27 28 29 30 -31 32 33 34 35 36 37 -38 -39 40 -41 -42 43 44 -45 46 47 -48 49 50
0x98de52fa1e7bf4be 144326 1 -2 3 4 5 6 7 -8 9 -10 -11 12 13 14 -15 16 17 18 -19 -20 21 22 -23 -24 25 26 -27 28 29 30 -31 32 33 34 35 36 37 -38 -39 40 -41 -42 43 44 -45 46 47 -48 49 50
0x34bcc60a0df75eed 144326 1 -2 3 4 5 6 7 -8 9 -10 -11 12 13 14 -15 16 17 18 -19 -20 21 22 -23 -24 25 26 -27 28 29 30 -31 32 33 34 35 36 37 -38 -39 40 -41 -42 43 44 -45 46 47 -48 49 50
0xb5834c954ff1f95f 144326 1 -2 3 4 5 6 7 -8 9 -10 -11 12 13 14 -15 16 17 18 -19 -20 21 22 -23 -24 25 26 -27 28 29 30 -31 32 33 34 35 36 37 -38 -39 40 -41 -42 43 44 -45 46 47 -48 49 50
0x1cc64939d0d7e566 144326 1 -2 3 4 5 6 7 -8 9 -10 -11 12 13 14 -15 16 17 18 -19 -20 21 22 -23 -24 25 26 -27 28 29 30 -31 32 33 34 35 36 37 -38 -39 40 -41 -42 43 44 -45 46 47 -48 49 50
0x2862c56c9156c498 144326 1 -2 3 4 5 6 7 -8 9 -10 -11 12 13 14 -15 16 17 18 -19 -20 21 22 -23 -24 25 26 -27 28 29 30 -31 32 33 34 35 36 37 -38 -39 40 -41 -42 43 44 -45 46 47 -48 49 50
0x740af4f76756b651 144326 1 -2 3 4 5 6 7 -8 9 -10 -11 12 13 14 -15 16 17 18 -19 -20 21 22 -23 -24 25 26 -27 28 29 30 -31 32 33 34 35 36 37 -38 -39 40 -41 -42 43 44 -45 46 47 -48 49 50
0xed389719e2be52e 144326 1 -2 3 4 5 6 7 -8 9 -10 -11 12 13 14 -15 16 17 18 -19 -20 21 22 -23 -24 25 26 -27 28 29 30 -31 32 33 34 35 36 37 -38 -39 40 -41 -42 43 44 -45 46 47 -48 49 50
0xbe5fd5cff246a492 144326 1 -2 3 4 5 6 7 -8 9 -10 -11 12 13 14 -15 16 17 18 -19 -20 21 22 -23 -24 25 26 -27 28 29 30 -31 32 33 34 35 36 37 -38 -39 40 -41 -42 43 44 -45 46 47 -48 49 50
0x128ac1d434e81e22 144326 1 -2 3 4 5 6 7 -8 9 -10 -11 12 13 14 -15 16 17 18 -19 -20 21 22 -23 -24 25 26 -27 28 29 30 -31 32 33 34 35 36 37 -38 -39 40 -41 -42 43 44 -45 46 47 -48 49 50
0xdaa8d950ca18f4b 144326 1 -2 3 4 5 6 7 -8 9 -10 -11 12 13 14 -15 16 17 18 -19 -20 21 22 -23 -24 25 26 -27 28 29 30 -31 32 33 34 35 36 37 -38 -39 40 -41 -42 43 44 -45 46 47 -48 49 50
0x7ecd64ffc7a416b9 144326 1 -2 3 4 5 6 7 -8 9 -10 -11 12 13 14 -15 16 17 18 -19 -20 21 22 -23 -24 25 26 -27 28 29 30 -31 32 33 34 35 36 37 -38 -39 40 -41 -42 43 44 -45 46 47 -48 49 50
0x3c8cc3550d2711df 144326 1 -2 3 4 5 6 7 -8 9 -10 -11 12 13 14 -15 16 17 18 -19 -20 21 22 -23 -24 25 26 -27 28 29 30 -31 32 33 34 35 36 37 -38 -39 40 -41 -42 43 44 -45 46 47 -48 49 50
0x3855a6a76b6b0a74 144326 1 -2 3 4 5 6 7 -8 9 -10 -11 12 13 14 -15 16 17 18 -19 -20 21 22 -23 -24 25 26 -27 28 29 30 -31 32 33 34 35 36 37 -38 -39 40 -41 -42 43 44 -45 46 47 -48 49 50
0xe343935e481f33f2 144326 1 -2 3 4 5 6 7 -8 9 -10 -11 12 13 14 -15 16 17 18 -19 -20 21 22 -23 -24 25 26 -27 28 29 30 -31 32 33 34 35 36 37 -38 -39 40 -41 -42 43 44 -45 46 47 -48 49 50
0x96ec67b5992f7917 144326 1 -2 3 4 5 6 7 -8 9 -10 -11 12 13 14 -15 16 17 18 -19 -20 21 22 -23 -24 25 26 -27 28 29 30 -31 32 33 34 35 36 37 -38 -39 40 -41 -42 43 44 -45 46 47 -48 49 50
0xa5baff3f04411966 144326 1 -2 3 4 5 6 7 -8 9 -10 -11 12 13 14 -15 16 17 18 -19 -20 21 22 -23 -24 25 26 -27 28 29 30 -31 32 33 34 35 36 37 -38 -39 40 -41 -42 43 44 -45 46 47 -48 49 50
0x5fb6a65c9363d6a5 144326 1 -2 3 4 5 6 7 -8 9 -10 -11 12 13 14 -15 16 17 18 -19 -20 21 22 -23 -24 25 26 -27 28 29 30 -31 32 33 34 35 36 37 -38 -39 40 -41 -42 43 44 -45 46 47 -48 49 50
0xd784aca0f8ec139d 144326 1 -2 3 4 5 6 7 -8 9 -10 -11 12 13 14 -15 16 17 18 -19 -20 21 22 -23 -24 25 26 -27 28 29 30 -31 32 33 34 35 36 37 -38 -39 40 -41 -42 43 44 -45 46 47 -48 49 50