0x738b440332f9d26b 229374 -1 2 3 -4 -5 6 -7 -8 9 10 -11 -12 13 14 15 16 -17 18 19 -20 21 22 23 24 25 -26 27 28 29 -30 31 32 33 -34 35 36 -37 38 39 40 41 -42 43 44 -45 46 47 -48 49 -50
0x5e10030e88c37cf9 229374 -1 2 3 -4 -5 6 -7 -8 9 10 -11 -12 13 14 15 16 -17 18 19 -20 21 22 23 24 25 -26 27 28 29 -30 31 32 33 -34 35 36 -37 38 39 40 41 -42 43 44 -45 46 47 -48 49 -50
0xd72ec12f48f2f859 229374 -1 2 3 -4 -5 6 -7 -8 9 10 -11 -12 13 14 15 16 -17 18 19 -20 21 22 23 24 25 -26 27 28 29 -30 31 32 33 -34 35 36 -37 38 39 40 41 -42 43 44 -45 46 47 -48 49 -50
0x1db90d5e36be0a9c 229374 -1 2 3 -4 -5 6 -7 -8 9 10 -11 -12 13 14 15 16 -17 18 19 -20 21 22 23 24 25 -26 27 28 29 -30 31 32 33 -34 35 36 -37 38 39 40 41 -42 43 44 -45 46 47 -48 49 -50
0xf7e6d28b0f7cd8b7 229374 -1 2 3 -4 -5 6 -7 -8 9 10 -11 -12 13 14 15 16 -17 18 19 -20 21 22 23 24 25 -26 27 28 29 -30 31 32 33 -34 35 36 -37 38 39 40 41 -42 43 44 -45 46 47 -48 49 -50
0x7f78e718cc4e0004 229374 -1 2 3 -4 -5 6 -7 -8 9 10 -11 -12 13 14 15 16 -17 18 19 -20 21 22 23 24 25 -26 27 28 29 -30 31 32 33 -34 35 36 -37 38 39 40 41 -42 43 44 -45 46 47 -48 49 -50
0x5c0cec5ddc99bfc1 229374 -1 2 3 -4 -5 6 -7 -8 9 10 -11 -12 13 14 15 16 -17 18 19 -20 21 22 23 24 25 -26 27 28 29 -30 31 32 33 -34 35 36 -37 38 39 40 41 -42 43 44 -45 46 47 -48 49 -50
0xfbf07e25deaa328e 229374 -1 2 3 -4 -5 6 -7 -8 9 10 -11 -12 13 14 15 16 -17 18 19 -20 21 22 23 24 25 -26 27 28 29 -30 31 32 33 -34 35 36 -37 38 39 40 41 -42 43 44 -45 46 47 -48 49 -50
0xf701b22ff5ce97f1 229374 -1 2 3 -4 -5 6 -7 -8 9 10 -11 -12 13 14 15 16 -17 18 19 -20 21 22 23 24 25 -26 27 28 29 -30 31 32 33 -34 35 36 -37 38 39 40 41 -42 43 44 -45 46 47 -48 49 -50
0xda6ae7ac8fbfadd4 229374 -1 2 3 -4 -5 6 -7 -8 9 10 -11 -12 13 14 15 16 -17 18 19 -20 21 22 23 24 25 -26 27 28 29 -30 31 32 33 -34 35 36 -37 38 39 40 41 -42 43 44 -45 46 47 -48 49 -50
0x2747e6c6353b1a03 229374 -1 2 3 -4 -5 6 -7 -8 9 10 -11 -12 13 14 15 16 -17 18 19 -20 21 22 23 24 25 -26 27 28 29 -30 31 32 33 -34 35 36 -37 38 39 40 41 -42 43 44 -45 46 47 -48 49 -50
0x51825014e40be3b1 229374 -1 2 3 -4 -5 6 -7 -8 9 10 -11 -12 13 14 15 16 -17 18 19 -20 21 22 23 24 25 -26 27 28 29 -30 31 32 33 -34 35 36 -37 38 39 40 41 -42 43 44 -45 46 47 -48 49 -50
0x7735c286af5fcf2 229374 -1 2 3 -4 -5 6 -7 -8 9 10 -11 -12 13 14 15 16 -17 18 19 -20 21 22 23 24 25 -26 27 28 29 -30 31 32 33 -34 35 36 -37 38 39 40 41 -42 43 44 -45 46 47 -48 49 -50
0xfe18eb04523adc40 229374 -1 2 3 -4 -5 6 -7 -8 9 10 -11 -12 13 14 15 16 -17 18 19 -20 21 22 23 24 25 -26 27 28 29 -30 31 32 33 -34 35 36 -37 38 39 40 41 -42 43 44 -45 46 47 -48 49 -50
0xe8ebe39e05ad25f8 229374 -1 2 3 -4 -5 6 -7 -8 9 10 -11 -12 13 14 15 16 -17 18 19 -20 21 22 23 24 25 -26 27 28 29 -30 31 32 33 -34 35 36 -37 38 39 40 41 -42 43 44 -45 46 47 -48 49 -50
0x27a5e361378965db 229374 -1 2 3 -4 -5 6 -7 -8 9 10 -11 -12 13 14 15 16 -17 18 19 -20 21 22 23 24 25 -26 27 28 29 -30 31 32 33 -34 35 36 -37 38 39 40 41 -42 43 44 -45 46 47 -48 49 -50
0xf843daccd89d890 229374 -1 2 3 -4 -5 6 -7 -8 9 10 -11 -12 13 14 15 16 -17 18 19 -20 21 22 23 24 25 -26 27 28 29 -30 31 32 33 -34 35 36 -37 38 39 40 41 -42 43 44 -45 46 47 -48 49 -50
0x88d64b551beb451f 229374 -1 2 3 -4 -5 6 -7 -8 9 10 -11 -12 13 14 15 16 -17 18 19 -20 21 22 23 24 25 -26 27 28 29 -30 31 32 33 -34 35 36 -37 38 39 40 41 -42 43 44 -45 46 47 -48 49 -50
0x4e50a1dbc58e676 229374 -1 2 3 -4 -5 6 -7 -8 9 10 -11 -12 13 14 15 16 -17 18 19 -20 21 22 23 24 25 -26 27 28 29 -30 31 32 33 -34 35 36 -37 38 39 40 41 -42 43 44 -45 46 47 -48 49 -50
0x93820c44f0f564e6 229374 -1 2 3 -4 -5 6 -7 -8 9 10 -11 -12 13 14 15 16 -17 18 19 -20 21 22 23 24 25 -26 27 28 29 -30 31 32 33 -34 35 36 -37 38 39 40 41 -42 43 44 -45 46 47 -48 49 -50
0xef30e07b01e7ade7 229374 -1 2 3 -4 -5 6 -7 -8 9 10 -11 -12 13 14 15 16 -17 18 19 -20 21 22 23 24 25 -26 27 28 29 -30 31 32 33 -34 35 36 -37 38 39 40 41 -42 43 44 -45 46 47 -48 49 -50
0x5ca91f56cbe50a88 229374 -1 2 3 -4 -5 6 -7 -8 9 10 -11 -12 13 14 15 16 -17 18 19 -20 21 22 23 24 25 -26 27 28 29 -30 31 32 33 -34 35 36 -37 38 39 40 41 -42 43 44 -45 46 47 -48 49 -50
0x88ca3b93bf8c5262 229374 -1 2 3 -4 -5 6 -7 -8 9 10 -11 -12 13 14 15 16 -17 18 19 -20 21 22 23 24 25 -26 27 28 29 -30 31 32 33 -34 35 36 -37 38 39 40 41 -42 43 44 -45 46 47 -48 49 -50
0xd3c6b7caabf6135f 229374 -1 2 3 -4 -5 6 -7 -8 9 10 -11 -12 13 14 15 16 -17 18 19 -20 21 22 23 24 25 -26 27 28 29 -30 31 32 33 -34 35 36 -37 38 39 40 41 -42 43 44 -45 46 47 -48 49 -50
0xa28872669e3d6cae 229374 -1 2 3 -4 -5 6 -7 -8 9 10 -11 -12 13 14 15 16 -17 18 19 -20 21 22 23 24 25 -26 27 28 29 -30 31 32 33 -34 35 36 -37 38 39 40 41 -42 43 44 -45 46 47 -48 49 -50
0xca3e09296e186c42 229374 -1 2 3 -4 -5 6 -7 -8 9 10 -11 -12 13 14 15 16 -17 18 19 -20 21 22 23 24 25 -26 27 28 29 -30 31 32 33 -34 35 36 -37 38 39 40 41 -42 43 44 -45 46 47 -48 49 -50
0xe41d0ca55bccfc50 229374 -1 2 3 -4 -5 6 -7 -8 9 10 -11 -12 13 14 15 16 -17 18 19 -20 21 22 23 24 25 -26 27 28 29 -30 31 32 33 -34 35 36 -37 38 39 40 41 -42 43 44 -45 46 47 -48 49 -50
0xaa7703c1cd4860d3 229374 -1 2 3 -4 -5 6 -7 -8 9 10 -11 -12 13 14 15 16 -17 18 19 -20 21 22 23 24 25 -26 27 28 29 -30 31 32 33 -34 35 36 -37 38 39 40 41 -42 43 44 -45 46 47 -48 49 -50
0xb97f3f3b185f4509 229374 -1 2 3 -4 -5 6 -7 -8 9 10 -11 -12 13 14 15 16 -17 18 19 -20 21 22 23 24 25 -26 27 28 29 -30 31 32 33 -34 35 36 -37 38 39 40 41 -42 43 44 -45 46 47 -48 49 -50
0x20c8ec54f77bfce7 229374 -1 2 3 -4 -5 6 -7 -8 9 10 -11 -12 13 14 15 16 -17 18 19 -20 21 22 23 24 25 -26 27 28 29 -30 31 32 33 -34 35 36 -37 38 39 40 41 -42 43 44 -45 46 47 -48 49 -50