0x48565d9bcf560580 190279 1 2 3 4 -5 -6 7 -8 -9 -10 -11 12 -13 14 15 -16 17 18 -19 -20 21 -22 23 -24 25 -26 -27 28 29 -30 31 32 -33 34 35 36 37 38 -39 -40 -41 42 43 -44 45 46 -47 -48 -49 -50
0xaa367dfae1304f46 190279 1 2 3 4 -5 -6 7 -8 -9 -10 -11 12 -13 14 15 -16 17 18 -19 -20 21 -22 23 -24 25 -26 -27 28 29 -30 31 32 -33 34 35 36 37 38 -39 -40 -41 42 43 -44 45 46 -47 -48 -49 -50
0x57b2fd34ea216063 190279 1 2 3 4 -5 -6 7 -8 -9 -10 -11 12 -13 14 15 -16 17 18 -19 -20 21 -22 23 -24 25 -26 -27 28 29 -30 31 32 -33 34 35 36 37 38 -39 -40 -41 42 43 -44 45 46 -47 -48 -49 -50
0xe9a434867c11adaf 190279 1 2 3 4 -5 -6 7 -8 -9 -10 -11 12 -13 14 15 -16 17 18 -19 -20 21 -22 23 -24 25 -26 -27 28 29 -30 31 32 -33 34 35 36 37 38 -39 -40 -41 42 43 -44 45 46 -47 -48 -49 -50
0xfb6d08af7313f83a 190279 1 2 3 4 -5 -6 7 -8 -9 -10 -11 12 -13 14 15 -16 17 18 -19 -20 21 -22 23 -24 25 -26 -27 28 29 -30 31 32 -33 34 35 36 37 38 -39 -40 -41 42 43 -44 45 46 -47 -48 -49 -50
0x4188e75f6d915d94 190279 1 2 3 4 -5 -6 7 -8 -9 -10 -11 12 -13 14 15 -16 17 18 -19 -20 21 -22 23 -24 25 -26 -27 28 29 -30 31 32 -33 34 35 36 37 38 -39 -40 -41 42 43 -44 45 46 -47 -48 -49 -50
0x63704db5727c0bfe 190279 1 2 3 4 -5 -6 7 -8 -9 -10 -11 12 -13 14 15 -16 17 18 -19 -20 21 -22 23 -24 25 -26 -27 28 29 -30 31 32 -33 34 35 36 37 38 -39 -40 -41 42 43 -44 45 46 -47 -48 -49 -50
0x2f57e14563054bc1 190279 1 2 3 4 -5 -6 7 -8 -9 -10 -11 12 -13 14 15 -16 17 18 -19 -20 21 -22 23 -24 25 -26 -27 28 29 -30 31 32 -33 34 35 36 37 38 -39 -40 -41 42 43 -44 45 46 -47 -48 -49 -50
0x93d3bc521532a312 190279 1 2 3 4 -5 -6 7 -8 -9 -10 -11 12 -13 14 15 -16 17 18 -19 -20 21 -22 23 -24 25 -26 -27 28 29 -30 31 32 -33 34 35 36 37 38 -39 -40 -41 42 43 -44 45 46 -47 -48 -49 -50
0xb6d68779b0c46790 190279 1 2 3 4 -5 -6 7 -8 -9 -10 -11 12 -13 14 15 -16 17 18 -19 -20 21 -22 23 -24 25 -26 -27 28 29 -30 31 32 -33 34 35 36 37 38 -39 -40 -41 42 43 -44 45 46 -47 -48 -49 -50
0xd92d2caaf48a379c 190279 1 2 3 4 -5 -6 7 -8 -9 -10 -11 12 -13 14 15 -16 17 18 -19 -20 21 -22 23 -24 25 -26 -27 28 29 -30 31 32 -33 34 35 36 37 38 -39 -40 -41 42 43 -44 45 46 -47 -48 -49 -50
0x5323caaa7563a7de 190279 1 2 3 4 -5 -6 7 -8 -9 -10 -11 12 -13 14 15 -16 17 18 -19 -20 21 -22 23 -24 25 -26 -27 28 29 -30 31 32 -33 34 35 36 37 38 -39 -40 -41 42 43 -44 45 46 -47 -48 -49 -50
0xe0457890628b80bf 190279 1 2 3 4 -5 -6 7 -8 -9 -10 -11 12 -13 14 15 -16 17 18 -19 -20 21 -22 23 -24 25 -26 -27 28 29 -30 31 32 -33 34 35 36 37 38 -39 -40 -41 42 43 -44 45 46 -47 -48 -49 -50
0xc794d94674338bee 190279 1 2 3 4 -5 -6 7 -8 -9 -10 -11 12 -13 14 15 -16 17 18 -19 -20 21 -22 23 -24 25 -26 -27 28 29 -30 31 32 -33 34 35 36 37 38 -39 -40 -41 42 43 -44 45 46 -47 -48 -49 -50
0x7edb7f0e81b6f1dd 190279 1 2 3 4 -5 -6 7 -8 -9 -10 -11 12 -13 14 15 -16 17 18 -19 -20 21 -22 23 -24 25 -26 -27 28 29 -30 31 32 -33 34 35 36 37 38 -39 -40 -41 42 43 -44 45 46 -47 -48 -49 -50
0x30ee1efc6ce92742 190279 1 2 3 4 -5 -6 7 -8 -9 -10 -11 12 -13 14 15 -16 17 18 -19 -20 21 -22 23 -24 25 -26 -27 28 29 -30 31 32 -33 34 35 36 37 38 -39 -40 -41 42 43 -44 45 46 -47 -48 -49 -50
0x1003947698476a99 190279 1 2 3 4 -5 -6 7 -8 -9 -10 -11 12 -13 14 15 -16 17 18 -19 -20 21 -22 23 -24 25 -26 -27 28 29 -30 31 32 -33 34 35 36 37 38 -39 -40 -41 42 43 -44 45 46 -47 -48 -49 -50
0x967cb4bafe12d19f 190279 1 2 3 4 -5 -6 7 -8 -9 -10 -11 12 -13 14 15 -16 17 18 -19 -20 21 -22 23 -24 25 -26 -27 28 29 -30 31 32 -33 34 35 36 37 38 -39 -40 -41 42 43 -44 45 46 -47 -48 -49 -50
0xc9baf2583698e6d7 190279 1 2 3 4 -5 -6 7 -8 -9 -10 -11 12 -13 14 15 -16 17 18 -19 -20 21 -22 23 -24 25 -26 -27 28 29 -30 31 32 -33 34 35 36 37 38 -39 -40 -41 42 43 -44 45 46 -47 -48 -49 -50
0x3be3d0b24c30d706 190279 1 2 3 4 -5 -6 7 -8 -9 -10 -11 12 -13 14 15 -16 17 18 -19 -20 21 -22 23 -24 25 -26 -27 28 29 -30 31 32 -33 34 35 36 37 38 -39 -40 -41 42 43 -44 45 46 -47 -48 -49 -50
0xeaaf278023b32eb9 190279 1 2 3 4 -5 -6 7 -8 -9 -10 -11 12 -13 14 15 -16 17 18 -19 -20 21 -22 23 -24 25 -26 -27 28 29 -30 31 32 -33 34 35 36 37 38 -39 -40 -41 42 43 -44 45 46 -47 -48 -49 -50
0x329e364e807227bc 190279 1 2 3 4 -5 -6 7 -8 -9 -10 -11 12 -13 14 15 -16 17 18 -19 -20 21 -22 23 -24 25 -26 -27 28 29 -30 31 32 -33 34 35 36 37 38 -39 -40 -41 42 43 -44 45 46 -47 -48 -49 -50
0xdf3987ff42f886a2 190279 1 2 3 4 -5 -6 7 -8 -9 -10 -11 12 -13 14 15 -16 17 18 -19 -20 21 -22 23 -24 25 -26 -27 28 29 -30 31 32 -33 34 35 36 37 38 -39 -40 -41 42 43 -44 45 46 -47 -48 -49 -50
0xea33a64372150842 190279 1 2 3 4 -5 -6 7 -8 -9 -10 -11 12 -13 14 15 -16 17 18 -19 -20 21 -22 23 -24 25 -26 -27 28 29 -30 31 32 -33 34 35 36 37 38 -39 -40 -41 42 43 -44 45 46 -47 -48 -49 -50
0xe42f33358f03dbc6 190279 1 2 3 4 -5 -6 7 -8 -9 -10 -11 12 -13 14 15 -16 17 18 -19 -20 21 -22 23 -24 25 -26 -27 28 29 -30 31 32 -33 34 35 36 37 38 -39 -40 -41 42 43 -44 45 46 -47 -48 -49 -50
0x2bca48d4c2f11cd1 190279 1 2 3 4 -5 -6 7 -8 -9 -10 -11 12 -13 14 15 -16 17 18 -19 -20 21 -22 23 -24 25 -26 -27 28 29 -30 31 32 -33 34 35 36 37 38 -39 -40 -41 42 43 -44 45 46 -47 -48 -49 -50
0x8941303c1cdcad55 190279 1 2 3 4 -5 -6 7 -8 -9 -10 -11 12 -13 14 15 -16 17 18 -19 -20 21 -22 23 -24 25 -26 -27 28 29 -30 31 32 -33 34 35 36 37 38 -39 -40 -41 42 43 -44 45 46 -47 -48 -49 -50
0xb1b119c339f8af90 190279 1 2 3 4 -5 -6 7 -8 -9 -10 -11 12 -13 14 15 -16 17 18 -19 -20 21 -22 23 -24 25 -26 -27 28 29 -30 31 32 -33 34 35 36 37 38 -39 -40 -41 42 43 -44 45 46 -47 -48 -49 -50
0x1723d034b5e94124 190279 1 2 3 4 -5 -6 7 -8 -9 -10 -11 12 -13 14 15 -16 17 18 -19 -20 21 -22 23 -24 25 -26 -27 28 29 -30 31 32 -33 34 35 36 37 38 -39 -40 -41 42 43 -44 45 46 -47 -48 -49 -50
0x7cc38505c13c496 190279 1 2 3 4 -5 -6 7 -8 -9 -10 -11 12 -13 14 15 -16 17 18 -19 -20 21 -22 23 -24 25 -26 -27 28 29 -30 31 32 -33 34 35 36 37 38 -39 -40 -41 42 43 -44 45 46 -47 -48 -49 -50