0x12e4105854ad9b00 236103 1 -2 3 4 -5 -6 -7 -8 -9 -10 11 12 13 -14 15 16 17 -18 -19 20 21 -22 23 24 25 26 -27 28 -29 30 -31 -32 -33 -34 -35 36 37 38 39 40 41 42 -43 44 45 -46 -47 48 49 50
0x5085a3bceae50d6b 236103 1 -2 3 4 -5 -6 -7 -8 -9 -10 11 12 13 -14 15 16 17 -18 -19 20 21 -22 23 24 25 26 -27 28 -29 30 -31 -32 -33 -34 -35 36 37 38 39 40 41 42 -43 44 45 -46 -47 48 49 50
0xfec8e7107b51d09f 236103 1 -2 3 4 -5 -6 -7 -8 -9 -10 11 12 13 -14 15 16 17 -18 -19 20 21 -22 23 24 25 26 -27 28 -29 30 -31 -32 -33 -34 -35 36 37 38 39 40 41 42 -43 44 45 -46 -47 48 49 50
0x3d2b0a7f4689746a 236103 1 -2 3 4 -5 -6 -7 -8 -9 -10 11 12 13 -14 15 16 17 -18 -19 20 21 -22 23 24 25 26 -27 28 -29 30 -31 -32 -33 -34 -35 36 37 38 39 40 41 42 -43 44 45 -46 -47 48 49 50
0xf08d9902c0f3f90c 236103 1 -2 3 4 -5 -6 -7 -8 -9 -10 11 12 13 -14 15 16 17 -18 -19 20 21 -22 23 24 25 26 -27 28 -29 30 -31 -32 -33 -34 -35 36 37 38 39 40 41 42 -43 44 45 -46 -47 48 49 50
0x1bfc5dea234965ed 236103 1 -2 3 4 -5 -6 -7 -8 -9 -10 11 12 13 -14 15 16 17 -18 -19 20 21 -22 23 24 25 26 -27 28 -29 30 -31 -32 -33 -34 -35 36 37 38 39 40 41 42 -43 44 45 -46 -47 48 49 50
0x3d7fea96104810fa 236103 1 -2 3 4 -5 -6 -7 -8 -9 -10 11 12 13 -14 15 16 17 -18 -19 20 21 -22 23 24 25 26 -27 28 -29 30 -31 -32 -33 -34 -35 36 37 38 39 40 41 42 -43 44 45 -46 -47 48 49 50
0x57e0419ff9d90d27 236103 1 -2 3 4 -5 -6 -7 -8 -9 -10 11 12 13 -14 15 16 17 -18 -19 20 21 -22 23 24 25 26 -27 28 -29 30 -31 -32 -33 -34 -35 36 37 38 39 40 41 42 -43 44 45 -46 -47 48 49 50
0x93d1a597112fb533 236103 1 -2 3 4 -5 -6 -7 -8 -9 -10 11 12 13 -14 15 16 17 -18 -19 20 21 -22 23 24 25 26 -27 28 -29 30 -31 -32 -33 -34 -35 36 37 38 39 40 41 42 -43 44 45 -46 -47 48 49 50
0x893423e0649906b2 236103 1 -2 3 4 -5 -6 -7 -8 -9 -10 11 12 13 -14 15 16 17 -18 -19 20 21 -22 23 24 25 26 -27 28 -29 30 -31 -32 -33 -34 -35 36 37 38 39 40 41 42 -43 44 45 -46 -47 48 49 50
0x32f4f4328020baea 236103 1 -2 3 4 -5 -6 -7 -8 -9 -10 11 12 13 -14 15 16 17 -18 -19 20 21 -22 23 24 25 26 -27 28 -29 30 -31 -32 -33 -34 -35 36 37 38 39 40 41 42 -43 44 45 -46 -47 48 49 50
0x2eefb9f5e60a1ec1 236103 1 -2 3 4 -5 -6 -7 -8 -9 -10 11 12 13 -14 15 16 17 -18 -19 20 21 -22 23 24 25 26 -27 28 -29 30 -31 -32 -33 -34 -35 36 37 38 39 40 41 42 -43 44 45 -46 -47 48 49 50
0xefbcbbc7b37ab442 236103 1 -2 3 4 -5 -6 -7 -8 -9 -10 11 12 13 -14 15 16 17 -18 -19 20 21 -22 23 24 25 26 -27 28 -29 30 -31 -32 -33 -34 -35 36 37 38 39 40 41 42 -43 44 45 -46 -47 48 49 50
0x26f76af9283ee41d 236103 1 -2 3 4 -5 -6 -7 -8 -9 -10 11 12 13 -14 15 16 17 -18 -19 20 21 -22 23 24 25 26 -27 28 -29 30 -31 -32 -33 -34 -35 36 37 38 39 40 41 42 -43 44 45 -46 -47 48 49 50
0xb1eb3b0e5ffebf26 236103 1 -2 3 4 -5 -6 -7 -8 -9 -10 11 12 13 -14 15 16 17 -18 -19 20 21 -22 23 24 25 26 -27 28 -29 30 -31 -32 -33 -34 -35 36 37 38 39 40 41 42 -43 44 45 -46 -47 48 49 50
0x29d4c93eb178cfd3 236103 1 -2 3 4 -5 -6 -7 -8 -9 -10 11 12 13 -14 15 16 17 -18 -19 20 21 -22 23 24 25 26 -27 28 -29 30 -31 -32 -33 -34 -35 36 37 38 39 40 41 42 -43 44 45 -46 -47 48 49 50
0x82553fae698fbc1 236103 1 -2 3 4 -5 -6 -7 -8 -9 -10 11 12 13 -14 15 16 17 -18 -19 20 21 -22 23 24 25 26 -27 28 -29 30 -31 -32 -33 -34 -35 36 37 38 39 40 41 42 -43 44 45 -46 -47 48 49 50
0x16768260d681752e 236103 1 -2 3 4 -5 -6 -7 -8 -9 -10 11 12 13 -14 15 16 17 -18 -19 20 21 -22 23 24 25 26 -27 28 -29 30 -31 -32 -33 -34 -35 36 37 38 39 40 41 42 -43 44 45 -46 -47 48 49 50
0xa11c7bc5d8dbbc7d 236103 1 -2 3 4 -5 -6 -7 -8 -9 -10 11 12 13 -14 15 16 17 -18 -19 20 21 -22 23 24 25 26 -27 28 -29 30 -31 -32 -33 -34 -35 36 37 38 39 40 41 42 -43 44 45 -46 -47 48 49 50
0x9a844f341007b1b7 236103 1 -2 3 4 -5 -6 -7 -8 -9 -10 11 12 13 -14 15 16 17 -18 -19 20 21 -22 23 24 25 26 -27 28 -29 30 -31 -32 -33 -34 -35 36 37 38 39 40 41 42 -43 44 45 -46 -47 48 49 50
0x8cccaae6a5feb607 236103 1 -2 3 4 -5 -6 -7 -8 -9 -10 11 12 13 -14 15 16 17 -18 -19 20 21 -22 23 24 25 26 -27 28 -29 30 -31 -32 -33 -34 -35 36 37 38 39 40 41 42 -43 44 45 -46 -47 48 49 50
0xde46e3cfce00dd3b 236103 1 -2 3 4 -5 -6 -7 -8 -9 -10 11 12 13 -14 15 16 17 -18 -19 20 21 -22 23 24 25 26 -27 28 -29 30 -31 -32 -33 -34 -35 36 37 38 39 40 41 42 -43 44 45 -46 -47 48 49 50
0x8cce4d13ab622f48 236103 1 -2 3 4 -5 -6 -7 -8 -9 -10 11 12 13 -14 15 16 17 -18 -19 20 21 -22 23 24 25 26 -27 28 -29 30 -31 -32 -33 -34 -35 36 37 38 39 40 41 42 -43 44 45 -46 -47 48 49 50
0x1b23df8c240df9c4 236103 1 -2 3 4 -5 -6 -7 -8 -9 -10 11 12 13 -14 15 16 17 -18 -19 20 21 -22 23 24 25 26 -27 28 -29 30 -31 -32 -33 -34 -35 36 37 38 39 40 41 42 -43 44 45 -46 -47 48 49 50
0xfabc31442396316b 236103 1 -2 3 4 -5 -6 -7 -8 -9 -10 11 12 13 -14 15 16 17 -18 -19 20 21 -22 23 24 25 26 -27 28 -29 30 -31 -32 -33 -34 -35 36 37 38 39 40 41 42 -43 44 45 -46 -47 48 49 50
0x43adbcfde9e4e39d 236103 1 -2 3 4 -5 -6 -7 -8 -9 -10 11 12 13 -14 15 16 17 -18 -19 20 21 -22 23 24 25 26 -27 28 -29 30 -31 -32 -33 -34 -35 36 37 38 39 40 41 42 -43 44 45 -46 -47 48 49 50
0xbad79aeaee5b7dd 236103 1 -2 3 4 -5 -6 -7 -8 -9 -10 11 12 13 -14 15 16 17 -18 -19 20 21 -22 23 24 25 26 -27 28 -29 30 -31 -32 -33 -34 -35 36 37 38 39 40 41 42 -43 44 45 -46 -47 48 49 50
0x2447c1ff2abd8152 236103 1 -2 3 4 -5 -6 -7 -8 -9 -10 11 12 13 -14 15 16 17 -18 -19 20 21 -22 23 24 25 26 -27 28 -29 30 -31 -32 -33 -34 -35 36 37 38 39 40 41 42 -43 44 45 -46 -47 48 49 50
0x77c38bcb7065e047 236103 1 -2 3 4 -5 -6 -7 -8 -9 -10 11 12 13 -14 15 16 17 -18 -19 20 21 -22 23 24 25 26 -27 28 -29 30 -31 -32 -33 -34 -35 36 37 38 39 40 41 42 -43 44 45 -46 -47 48 49 50
0xa35defa3fec2f3ad 236103 1 -2 3 4 -5 -6 -7 -8 -9 -10 11 12 13 -14 15 16 17 -18 -19 20 21 -22 23 24 25 26 -27 28 -29 30 -31 -32 -33 -34 -35 36 37 38 39 40 41 42 -43 44 45 -46 -47 48 49 50