0x8877a8f45042a7e2 224837 1 -2 3 4 -5 6 -7 8 -9 -10 -11 -12 13 14 15 16 17 18 19 20 21 22 -23 24 -25 -26 27 28 -29 -30 31 32 -33 34 35 36 37 -38 39 -40 41 42 -43 44 -45 -46 47 -48 49 50
0x427e32f7ee261a6f 224837 1 -2 3 4 -5 6 -7 8 -9 -10 -11 -12 13 14 15 16 17 18 19 20 21 22 -23 24 -25 -26 27 28 -29 -30 31 32 -33 34 35 36 37 -38 39 -40 41 42 -43 44 -45 -46 47 -48 49 50
0x496588b6279186e9 224837 1 -2 3 4 -5 6 -7 8 -9 -10 -11 -12 13 14 15 16 17 18 19 20 21 22 -23 24 -25 -26 27 28 -29 -30 31 32 -33 34 35 36 37 -38 39 -40 41 42 -43 44 -45 -46 47 -48 49 50
0x47c9f841a4244c1b 224837 1 -2 3 4 -5 6 -7 8 -9 -10 -11 -12 13 14 15 16 17 18 19 20 21 22 -23 24 -25 -26 27 28 -29 -30 31 32 -33 34 35 36 37 -38 39 -40 41 42 -43 44 -45 -46 47 -48 49 50
0x8a5215516a1603bc 224837 1 -2 3 4 -5 6 -7 8 -9 -10 -11 -12 13 14 15 16 17 18 19 20 21 22 -23 24 -25 -26 27 28 -29 -30 31 32 -33 34 35 36 37 -38 39 -40 41 42 -43 44 -45 -46 47 -48 49 50
0x6f6d013422bfba89 224837 1 -2 3 4 -5 6 -7 8 -9 -10 -11 -12 13 14 15 16 17 18 19 20 21 22 -23 24 -25 -26 27 28 -29 -30 31 32 -33 34 35 36 37 -38 39 -40 41 42 -43 44 -45 -46 47 -48 49 50
0xc04fdd3e2c57960d 224837 1 -2 3 4 -5 6 -7 8 -9 -10 -11 -12 13 14 15 16 17 18 19 20 21 22 -23 24 -25 -26 27 28 -29 -30 31 32 -33 34 35 36 37 -38 39 -40 41 42 -43 44 -45 -46 47 -48 49 50
0x6e311fb708e81fb4 224837 1 -2 3 4 -5 6 -7 8 -9 -10 -11 -12 13 14 15 16 17 18 19 20 21 22 -23 24 -25 -26 27 28 -29 -30 31 32 -33 34 35 36 37 -38 39 -40 41 42 -43 44 -45 -46 47 -48 49 50
0xade9835883033e51 224837 1 -2 3 4 -5 6 -7 8 -9 -10 -11 -12 13 14 15 16 17 18 19 20 21 22 -23 24 -25 -26 27 28 -29 -30 31 32 -33 34 35 36 37 -38 39 -40 41 42 -43 44 -45 -46 47 -48 49 50
0x5e8a46d1e2c83f98 224837 1 -2 3 4 -5 6 -7 8 -9 -10 -11 -12 13 14 15 16 17 18 19 20 21 22 -23 24 -25 -26 27 28 -29 -30 31 32 -33 34 35 36 37 -38 39 -40 41 42 -43 44 -45 -46 47 -48 49 50
0x78b6bc4617f2f1a3 224837 1 -2 3 4 -5 6 -7 8 -9 -10 -11 -12 13 14 15 16 17 18 19 20 21 22 -23 24 -25 -26 27 28 -29 -30 31 32 -33 34 35 36 37 -38 39 -40 41 42 -43 44 -45 -46 47 -48 49 50
0x9a14ed8765ab42a4 224837 1 -2 3 4 -5 6 -7 8 -9 -10 -11 -12 13 14 15 16 17 18 19 20 21 22 -23 24 -25 -26 27 28 -29 -30 31 32 -33 34 35 36 37 -38 39 -40 41 42 -43 44 -45 -46 47 -48 49 50
0x14f323650638907e 224837 1 -2 3 4 -5 6 -7 8 -9 -10 -11 -12 13 14 15 16 17 18 19 20 21 22 -23 24 -25 -26 27 28 -29 -30 31 32 -33 34 35 36 37 -38 39 -40 41 42 -43 44 -45 -46 47 -48 49 50
0xcd37fe71ae34650a 224837 1 -2 3 4 -5 6 -7 8 -9 -10 -11 -12 13 14 15 16 17 18 19 20 21 22 -23 24 -25 -26 27 28 -29 -30 31 32 -33 34 35 36 37 -38 39 -40 41 42 -43 44 -45 -46 47 -48 49 50
0xd6a6690abcf76182 224837 1 -2 3 4 -5 6 -7 8 -9 -10 -11 -12 13 14 15 16 17 18 19 20 21 22 -23 24 -25 -26 27 28 -29 -30 31 32 -33 34 35 36 37 -38 39 -40 41 42 -43 44 -45 -46 47 -48 49 50
0xf51b49a19fd473a0 224837 1 -2 3 4 -5 6 -7 8 -9 -10 -11 -12 13 14 15 16 17 18 19 20 21 22 -23 24 -25 -26 27 28 -29 -30 31 32 -33 34 35 36 37 -38 39 -40 41 42 -43 44 -45 -46 47 -48 49 50
0x78a13e3d1af4ab26 224837 1 -2 3 4 -5 6 -7 8 -9 -10 -11 -12 13 14 15 16 17 18 19 20 21 22 -23 24 -25 -26 27 28 -29 -30 31 32 -33 34 35 36 37 -38 39 -40 41 42 -43 44 -45 -46 47 -48 49 50
0x8c3227f74f149f58 224837 1 -2 3 4 -5 6 -7 8 -9 -10 -11 -12 13 14 15 16 17 18 19 20 21 22 -23 24 -25 -26 27 28 -29 -30 31 32 -33 34 35 36 37 -38 39 -40 41 42 -43 44 -45 -46 47 -48 49 50
0x83a4cea57edc2c9a 224837 1 -2 3 4 -5 6 -7 8 -9 -10 -11 -12 13 14 15 16 17 18 19 20 21 22 -23 24 -25 -26 27 28 -29 -30 31 32 -33 34 35 36 37 -38 39 -40 41 42 -43 44 -45 -46 47 -48 49 50
0x12b36a60aa786c8d 224837 1 -2 3 4 -5 6 -7 8 -9 -10 -11 -12 13 14 15 16 17 18 19 20 21 22 -23 24 -25 -26 27 28 -29 -30 31 32 -33 34 35 36 37 -38 39 -40 41 42 -43 44 -45 -46 47 -48 49 50
0xc1423bf387ccf857 224837 1 -2 3 4 -5 6 -7 8 -9 -10 -11 -12 13 14 15 16 17 18 19 20 21 22 -23 24 -25 -26 27 28 -29 -30 31 32 -33 34 35 36 37 -38 39 -40 41 42 -43 44 -45 -46 47 -48 49 50
0x257f318b28030a53 224837 1 -2 3 4 -5 6 -7 8 -9 -10 -11 -12 13 14 15 16 17 18 19 20 21 22 -23 24 -25 -26 27 28 -29 -30 31 32 -33 34 35 36 37 -38 39 -40 41 42 -43 44 -45 -46 47 -48 49 50
0x1cc84a0698acb180 224837 1 -2 3 4 -5 6 -7 8 -9 -10 -11 -12 13 14 15 16 17 18 19 20 21 22 -23 24 -25 -26 27 28 -29 -30 31 32 -33 34 35 36 37 -38 39 -40 41 42 -43 44 -45 -46 47 -48 49 50
0x704ac7addd0d303 224837 1 -2 3 4 -5 6 -7 8 -9 -10 -11 -12 13 14 15 16 17 18 19 20 21 22 -23 24 -25 -26 27 28 -29 -30 31 32 -33 34 35 36 37 -38 39 -40 41 42 -43 44 -45 -46 47 -48 49 50
0x9c6a0fb2bbf53ba1 224837 1 -2 3 4 -5 6 -7 8 -9 -10 -11 -12 13 14 15 16 17 18 19 20 21 22 -23 24 -25 -26 27 28 -29 -30 31 32 -33 34 35 36 37 -38 39 -40 41 42 -43 44 -45 -46 47 -48 49 50
0x771c71a8f9fcc147 224837 1 -2 3 4 -5 6 -7 8 -9 -10 -11 -12 13 14 15 16 17 18 19 20 21 22 -23 24 -25 -26 27 28 -29 -30 31 32 -33 34 35 36 37 -38 39 -40 41 42 -43 44 -45 -46 47 -48 49 50
0x91561f0ef8ef7485 224837 1 -2 3 4 -5 6 -7 8 -9 -10 -11 -12 13 14 15 16 17 18 19 20 21 22 -23 24 -25 -26 27 28 -29 -30 31 32 -33 34 35 36 37 -38 39 -40 41 42 -43 44 -45 -46 47 -48 49 50
0x18060acb4e02e20c 224837 1 -2 3 4 -5 6 -7 8 -9 -10 -11 -12 13 14 15 16 17 18 19 20 21 22 -23 24 -25 -26 27 28 -29 -30 31 32 -33 34 35 36 37 -38 39 -40 41 42 -43 44 -45 -46 47 -48 49 50
0x912757471786435 224837 1 -2 3 4 -5 6 -7 8 -9 -10 -11 -12 13 14 15 16 17 18 19 20 21 22 -23 24 -25 -26 27 28 -29 -30 31 32 -33 34 35 36 37 -38 39 -40 41 42 -43 44 -45 -46 47 -48 49 50
0x23ade4d79327847b 224837 1 -2 3 4 -5 6 -7 8 -9 -10 -11 -12 13 14 15 16 17 18 19 20 21 22 -23 24 -25 -26 27 28 -29 -30 31 32 -33 34 35 36 37 -38 39 -40 41 42 -43 44 -45 -46 47 -48 49 50