0xdb8c41a01002cbc6 205682 -1 2 -3 -4 -5 -6 7 8 -9 10 11 -12 13 -14 -15 -16 -17 18 -19 20 21 -22 -23 24 25 26 27 28 29 -30 31 -32 33 34 35 36 37 38 -39 40 41 42 43 -44 45 -46 47 48 49 50
0x9b63e11ae759ceb0 205682 -1 2 -3 -4 -5 -6 7 8 -9 10 11 -12 13 -14 -15 -16 -17 18 -19 20 21 -22 -23 24 25 26 27 28 29 -30 31 -32 33 34 35 36 37 38 -39 40 41 42 43 -44 45 -46 47 48 49 50
0x2b673e296fb2e883 205682 -1 2 -3 -4 -5 -6 7 8 -9 10 11 -12 13 -14 -15 -16 -17 18 -19 20 21 -22 -23 24 25 26 27 28 29 -30 31 -32 33 34 35 36 37 38 -39 40 41 42 43 -44 45 -46 47 48 49 50
0x36f14452c69c49d4 205682 -1 2 -3 -4 -5 -6 7 8 -9 10 11 -12 13 -14 -15 -16 -17 18 -19 20 21 -22 -23 24 25 26 27 28 29 -30 31 -32 33 34 35 36 37 38 -39 40 41 42 43 -44 45 -46 47 48 49 50
0xc2049c4657b6c77b 205682 -1 2 -3 -4 -5 -6 7 8 -9 10 11 -12 13 -14 -15 -16 -17 18 -19 20 21 -22 -23 24 25 26 27 28 29 -30 31 -32 33 34 35 36 37 38 -39 40 41 42 43 -44 45 -46 47 48 49 50
0x435c76dcd469b96e 205682 -1 2 -3 -4 -5 -6 7 8 -9 10 11 -12 13 -14 -15 -16 -17 18 -19 20 21 -22 -23 24 25 26 27 28 29 -30 31 -32 33 34 35 36 37 38 -39 40 41 42 43 -44 45 -46 47 48 49 50
0x195d447d071a5771 205682 -1 2 -3 -4 -5 -6 7 8 -9 10 11 -12 13 -14 -15 -16 -17 18 -19 20 21 -22 -23 24 25 26 27 28 29 -30 31 -32 33 34 35 36 37 38 -39 40 41 42 43 -44 45 -46 47 48 49 50
0xac9711fbcd633423 205682 -1 2 -3 -4 -5 -6 7 8 -9 10 11 -12 13 -14 -15 -16 -17 18 -19 20 21 -22 -23 24 25 26 27 28 29 -30 31 -32 33 34 35 36 37 38 -39 40 41 42 43 -44 45 -46 47 48 49 50
0xbd463426881b12dc 205682 -1 2 -3 -4 -5 -6 7 8 -9 10 11 -12 13 -14 -15 -16 -17 18 -19 20 21 -22 -23 24 25 26 27 28 29 -30 31 -32 33 34 35 36 37 38 -39 40 41 42 43 -44 45 -46 47 48 49 50
0x763a59b3c7a4af9e 205682 -1 2 -3 -4 -5 -6 7 8 -9 10 11 -12 13 -14 -15 -16 -17 18 -19 20 21 -22 -23 24 25 26 27 28 29 -30 31 -32 33 34 35 36 37 38 -39 40 41 42 43 -44 45 -46 47 48 49 50
0x45be1f549ec71165 205682 -1 2 -3 -4 -5 -6 7 8 -9 10 11 -12 13 -14 -15 -16 -17 18 -19 20 21 -22 -23 24 25 26 27 28 29 -30 31 -32 33 34 35 36 37 38 -39 40 41 42 43 -44 45 -46 47 48 49 50
0xf67e71517e141932 205682 -1 2 -3 -4 -5 -6 7 8 -9 10 11 -12 13 -14 -15 -16 -17 18 -19 20 21 -22 -23 24 25 26 27 28 29 -30 31 -32 33 34 35 36 37 38 -39 40 41 42 43 -44 45 -46 47 48 49 50
0x325d16ffaae2e789 205682 -1 2 -3 -4 -5 -6 7 8 -9 10 11 -12 13 -14 -15 -16 -17 18 -19 20 21 -22 -23 24 25 26 27 28 29 -30 31 -32 33 34 35 36 37 38 -39 40 41 42 43 -44 45 -46 47 48 49 50
0x26cf0e515bb1d1f2 205682 -1 2 -3 -4 -5 -6 7 8 -9 10 11 -12 13 -14 -15 -16 -17 18 -19 20 21 -22 -23 24 25 26 27 28 29 -30 31 -32 33 34 35 36 37 38 -39 40 41 42 43 -44 45 -46 47 48 49 50
0x5b84b7464ed5e879 205682 -1 2 -3 -4 -5 -6 7 8 -9 10 11 -12 13 -14 -15 -16 -17 18 -19 20 21 -22 -23 24 25 26 27 28 29 -30 31 -32 33 34 35 36 37 38 -39 40 41 42 43 -44 45 -46 47 48 49 50
0x8159cf745c9e0b30 205682 -1 2 -3 -4 -5 -6 7 8 -9 10 11 -12 13 -14 -15 -16 -17 18 -19 20 21 -22 -23 24 25 26 27 28 29 -30 31 -32 33 34 35 36 37 38 -39 40 41 42 43 -44 45 -46 47 48 49 50
0xeccb3d850a4f8faa 205682 -1 2 -3 -4 -5 -6 7 8 -9 10 11 -12 13 -14 -15 -16 -17 18 -19 20 21 -22 -23 24 25 26 27 28 29 -30 31 -32 33 34 35 36 37 38 -39 40 41 42 43 -44 45 -46 47 48 49 50
0x9470acb87fa27680 205682 -1 2 -3 -4 -5 -6 7 8 -9 10 11 -12 13 -14 -15 -16 -17 18 -19 20 21 -22 -23 24 25 26 27 28 29 -30 31 -32 33 34 35 36 37 38 -39 40 41 42 43 -44 45 -46 47 48 49 50
0xc937f85f74a330ce 205682 -1 2 -3 -4 -5 -6 7 8 -9 10 11 -12 13 -14 -15 -16 -17 18 -19 20 21 -22 -23 24 25 26 27 28 29 -30 31 -32 33 34 35 36 37 38 -39 40 41 42 43 -44 45 -46 47 48 49 50
0x7360675dba1ff5b5 205682 -1 2 -3 -4 -5 -6 7 8 -9 10 11 -12 13 -14 -15 -16 -17 18 -19 20 21 -22 -23 24 25 26 27 28 29 -30 31 -32 33 34 35 36 37 38 -39 40 41 42 43 -44 45 -46 47 48 49 50
0x6c73b7afe307a7d8 205682 -1 2 -3 -4 -5 -6 7 8 -9 10 11 -12 13 -14 -15 -16 -17 18 -19 20 21 -22 -23 24 25 26 27 28 29 -30 31 -32 33 34 35 36 37 38 -39 40 41 42 43 -44 45 -46 47 48 49 50
0x93baf9e351604ae1 205682 -1 2 -3 -4 -5 -6 7 8 -9 10 11 -12 13 -14 -15 -16 -17 18 -19 20 21 -22 -23 24 25 26 27 28 29 -30 31 -32 33 34 35 36 37 38 -39 40 41 42 43 -44 45 -46 47 48 49 50
0xf31d757f64004257 205682 -1 2 -3 -4 -5 -6 7 8 -9 10 11 -12 13 -14 -15 -16 -17 18 -19 20 21 -22 -23 24 25 26 27 28 29 -30 31 -32 33 34 35 36 37 38 -39 40 41 42 43 -44 45 -46 47 48 49 50
0xef8b12f63054f0a9 205682 -1 2 -3 -4 -5 -6 7 8 -9 10 11 -12 13 -14 -15 -16 -17 18 -19 20 21 -22 -23 24 25 26 27 28 29 -30 31 -32 33 34 35 36 37 38 -39 40 41 42 43 -44 45 -46 47 48 49 50
0x24ce203cd7c5ab07 205682 -1 2 -3 -4 -5 -6 7 8 -9 10 11 -12 13 -14 -15 -16 -17 18 -19 20 21 -22 -23 24 25 26 27 28 29 -30 31 -32 33 34 35 36 37 38 -39 40 41 42 43 -44 45 -46 47 48 49 50
0xe6a2cfc496eda19b 205682 -1 2 -3 -4 -5 -6 7 8 -9 10 11 -12 13 -14 -15 -16 -17 18 -19 20 21 -22 -23 24 25 26 27 28 29 -30 31 -32 33 34 35 36 37 38 -39 40 41 42 43 -44 45 -46 47 48 49 50
0x549b34f795840471 205682 -1 2 -3 -4 -5 -6 7 8 -9 10 11 -12 13 -14 -15 -16 -17 18 -19 20 21 -22 -23 24 25 26 27 28 29 -30 31 -32 33 34 35 36 37 38 -39 40 41 42 43 -44 45 -46 47 48 49 50
0xa9e0b3ae6fe57cfc 205682 -1 2 -3 -4 -5 -6 7 8 -9 10 11 -12 13 -14 -15 -16 -17 18 -19 20 21 -22 -23 24 25 26 27 28 29 -30 31 -32 33 34 35 36 37 38 -39 40 41 42 43 -44 45 -46 47 48 49 50
0x589abfb6bbe0b790 205682 -1 2 -3 -4 -5 -6 7 8 -9 10 11 -12 13 -14 -15 -16 -17 18 -19 20 21 -22 -23 24 25 26 27 28 29 -30 31 -32 33 34 35 36 37 38 -39 40 41 42 43 -44 45 -46 47 48 49 50
0xff5f7d21807c58f5 205682 -1 2 -3 -4 -5 -6 7 8 -9 10 11 -12 13 -14 -15 -16 -17 18 -19 20 21 -22 -23 24 25 26 27 28 29 -30 31 -32 33 34 35 36 37 38 -39 40 41 42 43 -44 45 -46 47 48 49 50