0xafe211c65297c2ed 202800 -1 2 3 4 5 -6 7 -8 -9 10 11 12 -13 14 15 16 -17 18 19 20 -21 22 -23 -24 25 26 27 -28 -29 30 31 -32 -33 -34 -35 -36 -37 -38 -39 -40 41 -42 43 -44 45 46 -47 48 49 50
0xc6413401eceefdad 202800 -1 2 3 4 5 -6 7 -8 -9 10 11 12 -13 14 15 16 -17 18 19 20 -21 22 -23 -24 25 26 27 -28 -29 30 31 -32 -33 -34 -35 -36 -37 -38 -39 -40 41 -42 43 -44 45 46 -47 48 49 50
0x91e6bd8aab8f16bc 202800 -1 2 3 4 5 -6 7 -8 -9 10 11 12 -13 14 15 16 -17 18 19 20 -21 22 -23 -24 25 26 27 -28 -29 30 31 -32 -33 -34 -35 -36 -37 -38 -39 -40 41 -42 43 -44 45 46 -47 48 49 50
0xaa4dbae3231390a5 202800 -1 2 3 4 5 -6 7 -8 -9 10 11 12 -13 14 15 16 -17 18 19 20 -21 22 -23 -24 25 26 27 -28 -29 30 31 -32 -33 -34 -35 -36 -37 -38 -39 -40 41 -42 43 -44 45 46 -47 48 49 50
0x3b7dc6224b932df9 202800 -1 2 3 4 5 -6 7 -8 -9 10 11 12 -13 14 15 16 -17 18 19 20 -21 22 -23 -24 25 26 27 -28 -29 30 31 -32 -33 -34 -35 -36 -37 -38 -39 -40 41 -42 43 -44 45 46 -47 48 49 50
0xbda2d26fa71696cd 202800 -1 2 3 4 5 -6 7 -8 -9 10 11 12 -13 14 15 16 -17 18 19 20 -21 22 -23 -24 25 26 27 -28 -29 30 31 -32 -33 -34 -35 -36 -37 -38 -39 -40 41 -42 43 -44 45 46 -47 48 49 50
0x8f68c78aa24e8e38 202800 -1 2 3 4 5 -6 7 -8 -9 10 11 12 -13 14 15 16 -17 18 19 20 -21 22 -23 -24 25 26 27 -28 -29 30 31 -32 -33 -34 -35 -36 -37 -38 -39 -40 41 -42 43 -44 45 46 -47 48 49 50
0xf0d8ed456d6fb7d8 202800 -1 2 3 4 5 -6 7 -8 -9 10 11 12 -13 14 15 16 -17 18 19 20 -21 22 -23 -24 25 26 27 -28 -29 30 31 -32 -33 -34 -35 -36 -37 -38 -39 -40 41 -42 43 -44 45 46 -47 48 49 50
0x71b727039759ed4c 202800 -1 2 3 4 5 -6 7 -8 -9 10 11 12 -13 14 15 16 -17 18 19 20 -21 22 -23 -24 25 26 27 -28 -29 30 31 -32 -33 -34 -35 -36 -37 -38 -39 -40 41 -42 43 -44 45 46 -47 48 49 50
0xb39cff41997123b9 202800 -1 2 3 4 5 -6 7 -8 -9 10 11 12 -13 14 15 16 -17 18 19 20 -21 22 -23 -24 25 26 27 -28 -29 30 31 -32 -33 -34 -35 -36 -37 -38 -39 -40 41 -42 43 -44 45 46 -47 48 49 50
0x6550830d3ecde148 202800 -1 2 3 4 5 -6 7 -8 -9 10 11 12 -13 14 15 16 -17 18 19 20 -21 22 -23 -24 25 26 27 -28 -29 30 31 -32 -33 -34 -35 -36 -37 -38 -39 -40 41 -42 43 -44 45 46 -47 48 49 50
0x6fcf28cba7e9cc6f 202800 -1 2 3 4 5 -6 7 -8 -9 10 11 12 -13 14 15 16 -17 18 19 20 -21 22 -23 -24 25 26 27 -28 -29 30 31 -32 -33 -34 -35 -36 -37 -38 -39 -40 41 -42 43 -44 45 46 -47 48 49 50
0x113af3ee31012b5e 202800 -1 2 3 4 5 -6 7 -8 -9 10 11 12 -13 14 15 16 -17 18 19 20 -21 22 -23 -24 25 26 27 -28 -29 30 31 -32 -33 -34 -35 -36 -37 -38 -39 -40 41 -42 43 -44 45 46 -47 48 49 50
0x8960272c6e6996b5 202800 -1 2 3 4 5 -6 7 -8 -9 10 11 12 -13 14 15 16 -17 18 19 20 -21 22 -23 -24 25 26 27 -28 -29 30 31 -32 -33 -34 -35 -36 -37 -38 -39 -40 41 -42 43 -44 45 46 -47 48 49 50
0xc9163d77da7f1d1d 202800 -1 2 3 4 5 -6 7 -8 -9 10 11 12 -13 14 15 16 -17 18 19 20 -21 22 -23 -24 25 26 27 -28 -29 30 31 -32 -33 -34 -35 -36 -37 -38 -39 -40 41 -42 43 -44 45 46 -47 48 49 50
0x91a242b9576fbd24 202800 -1 2 3 4 5 -6 7 -8 -9 10 11 12 -13 14 15 16 -17 18 19 20 -21 22 -23 -24 25 26 27 -28 -29 30 31 -32 -33 -34 -35 -36 -37 -38 -39 -40 41 -42 43 -44 45 46 -47 48 49 50
0xf08a434aa86edebb 202800 -1 2 3 4 5 -6 7 -8 -9 10 11 12 -13 14 15 16 -17 18 19 20 -21 22 -23 -24 25 26 27 -28 -29 30 31 -32 -33 -34 -35 -36 -37 -38 -39 -40 41 -42 43 -44 45 46 -47 48 49 50
0xefce0b7affebdcb8 202800 -1 2 3 4 5 -6 7 -8 -9 10 11 12 -13 14 15 16 -17 18 19 20 -21 22 -23 -24 25 26 27 -28 -29 30 31 -32 -33 -34 -35 -36 -37 -38 -39 -40 41 -42 43 -44 45 46 -47 48 49 50
0xb253370d79819e54 202800 -1 2 3 4 5 -6 7 -8 -9 10 11 12 -13 14 15 16 -17 18 19 20 -21 22 -23 -24 25 26 27 -28 -29 30 31 -32 -33 -34 -35 -36 -37 -38 -39 -40 41 -42 43 -44 45 46 -47 48 49 50
0x1f9290b7009540ab 202800 -1 2 3 4 5 -6 7 -8 -9 10 11 12 -13 14 15 16 -17 18 19 20 -21 22 -23 -24 25 26 27 -28 -29 30 31 -32 -33 -34 -35 -36 -37 -38 -39 -40 41 -42 43 -44 45 46 -47 48 49 50
0xa4d4c1a4e6d9d041 202800 -1 2 3 4 5 -6 7 -8 -9 10 11 12 -13 14 15 16 -17 18 19 20 -21 22 -23 -24 25 26 27 -28 -29 30 31 -32 -33 -34 -35 -36 -37 -38 -39 -40 41 -42 43 -44 45 46 -47 48 49 50
0x6d8c50f6482f1279 202800 -1 2 3 4 5 -6 7 -8 -9 10 11 12 -13 14 15 16 -17 18 19 20 -21 22 -23 -24 25 26 27 -28 -29 30 31 -32 -33 -34 -35 -36 -37 -38 -39 -40 41 -42 43 -44 45 46 -47 48 49 50
0xecc47c56fc4c43d5 202800 -1 2 3 4 5 -6 7 -8 -9 10 11 12 -13 14 15 16 -17 18 19 20 -21 22 -23 -24 25 26 27 -28 -29 30 31 -32 -33 -34 -35 -36 -37 -38 -39 -40 41 -42 43 -44 45 46 -47 48 49 50
0x33acb1429d7e668a 202800 -1 2 3 4 5 -6 7 -8 -9 10 11 12 -13 14 15 16 -17 18 19 20 -21 22 -23 -24 25 26 27 -28 -29 30 31 -32 -33 -34 -35 -36 -37 -38 -39 -40 41 -42 43 -44 45 46 -47 48 49 50
0x829abf31df3ca93a 202800 -1 2 3 4 5 -6 7 -8 -9 10 11 12 -13 14 15 16 -17 18 19 20 -21 22 -23 -24 25 26 27 -28 -29 30 31 -32 -33 -34 -35 -36 -37 -38 -39 -40 41 -42 43 -44 45 46 -47 48 49 50
0x829fbddd88b9a549 202800 -1 2 3 4 5 -6 7 -8 -9 10 11 12 -13 14 15 16 -17 18 19 20 -21 22 -23 -24 25 26 27 -28 -29 30 31 -32 -33 -34 -35 -36 -37 -38 -39 -40 41 -42 43 -44 45 46 -47 48 49 50
0x85cd7f9556885d1f 202800 -1 2 3 4 5 -6 7 -8 -9 10 11 12 -13 14 15 16 -17 18 19 20 -21 22 -23 -24 25 26 27 -28 -29 30 31 -32 -33 -34 -35 -36 -37 -38 -39 -40 41 -42 43 -44 45 46 -47 48 49 50
0x2f143cb7b61341a8 202800 -1 2 3 4 5 -6 7 -8 -9 10 11 12 -13 14 15 16 -17 18 19 20 -21 22 -23 -24 25 26 27 -28 -29 30 31 -32 -33 -34 -35 -36 -37 -38 -39 -40 41 -42 43 -44 45 46 -47 48 49 50
0x57f80f3e7ad6c7d6 202800 -1 2 3 4 5 -6 7 -8 -9 10 11 12 -13 14 15 16 -17 18 19 20 -21 22 -23 -24 25 26 27 -28 -29 30 31 -32 -33 -34 -35 -36 -37 -38 -39 -40 41 -42 43 -44 45 46 -47 48 49 50
0xd5c3e30c0c58e1c 202800 -1 2 3 4 5 -6 7 -8 -9 10 11 12 -13 14 15 16 -17 18 19 20 -21 22 -23 -24 25 26 27 -28 -29 30 31 -32 -33 -34 -35 -36 -37 -38 -39 -40 41 -42 43 -44 45 46 -47 48 49 50