0x493e41470ea2a822 130880 1 -2 -3 -4 -5 6 7 -8 9 10 11 12 13 -14 -15 16 17 18 19 20 21 22 -23 -24 25 -26 27 28 -29 30 -31 32 33 34 35 36 37 38 39 40 41 -42 -43 -44 45 46 47 -48 -49 -50
0xe8a7d1d2095fd536 130880 1 -2 -3 -4 -5 6 7 -8 9 10 11 12 13 -14 -15 16 17 18 19 20 21 22 -23 -24 25 -26 27 28 -29 30 -31 32 33 34 35 36 37 38 39 40 41 -42 -43 -44 45 46 47 -48 -49 -50
0xb34bab48475e9f40 130880 1 -2 -3 -4 -5 6 7 -8 9 10 11 12 13 -14 -15 16 17 18 19 20 21 22 -23 -24 25 -26 27 28 -29 30 -31 32 33 34 35 36 37 38 39 40 41 -42 -43 -44 45 46 47 -48 -49 -50
0x9b5301ae77a50d94 130880 1 -2 -3 -4 -5 6 7 -8 9 10 11 12 13 -14 -15 16 17 18 19 20 21 22 -23 -24 25 -26 27 28 -29 30 -31 32 33 34 35 36 37 38 39 40 41 -42 -43 -44 45 46 47 -48 -49 -50
0x2594e2bcb8c69128 130880 1 -2 -3 -4 -5 6 7 -8 9 10 11 12 13 -14 -15 16 17 18 19 20 21 22 -23 -24 25 -26 27 28 -29 30 -31 32 33 34 35 36 37 38 39 40 41 -42 -43 -44 45 46 47 -48 -49 -50
0xf4cbad611204e618 130880 1 -2 -3 -4 -5 6 7 -8 9 10 11 12 13 -14 -15 16 17 18 19 20 21 22 -23 -24 25 -26 27 28 -29 30 -31 32 33 34 35 36 37 38 39 40 41 -42 -43 -44 45 46 47 -48 -49 -50
0xfd3ad93c4c230523 130880 1 -2 -3 -4 -5 6 7 -8 9 10 11 12 13 -14 -15 16 17 18 19 20 21 22 -23 -24 25 -26 27 28 -29 30 -31 32 33 34 35 36 37 38 39 40 41 -42 -43 -44 45 46 47 -48 -49 -50
0x5fb30e228940252d 130880 1 -2 -3 -4 -5 6 7 -8 9 10 11 12 13 -14 -15 16 17 18 19 20 21 22 -23 -24 25 -26 27 28 -29 30 -31 32 33 34 35 36 37 38 39 40 41 -42 -43 -44 45 46 47 -48 -49 -50
0xa2228b9d8150ccbe 130880 1 -2 -3 -4 -5 6 7 -8 9 10 11 12 13 -14 -15 16 17 18 19 20 21 22 -23 -24 25 -26 27 28 -29 30 -31 32 33 34 35 36 37 38 39 40 41 -42 -43 -44 45 46 47 -48 -49 -50
0xab1fe06a670bf380 130880 1 -2 -3 -4 -5 6 7 -8 9 10 11 12 13 -14 -15 16 17 18 19 20 21 22 -23 -24 25 -26 27 28 -29 30 -31 32 33 34 35 36 37 38 39 40 41 -42 -43 -44 45 46 47 -48 -49 -50
0x8d1cf1f82f6233c3 130880 1 -2 -3 -4 -5 6 7 -8 9 10 11 12 13 -14 -15 16 17 18 19 20 21 22 -23 -24 25 -26 27 28 -29 30 -31 32 33 34 35 36 37 38 39 40 41 -42 -43 -44 45 46 47 -48 -49 -50
0xcd3053ed43d50bfa 130880 1 -2 -3 -4 -5 6 7 -8 9 10 11 12 13 -14 -15 16 17 18 19 20 21 22 -23 -24 25 -26 27 28 -29 30 -31 32 33 34 35 36 37 38 39 40 41 -42 -43 -44 45 46 47 -48 -49 -50
0x68a2efa18e44303d 130880 1 -2 -3 -4 -5 6 7 -8 9 10 11 12 13 -14 -15 16 17 18 19 20 21 22 -23 -24 25 -26 27 28 -29 30 -31 32 33 34 35 36 37 38 39 40 41 -42 -43 -44 45 46 47 -48 -49 -50
0x6baffba44b06ebc7 130880 1 -2 -3 -4 -5 6 7 -8 9 10 11 12 13 -14 -15 16 17 18 19 20 21 22 -23 -24 25 -26 27 28 -29 30 -31 32 33 34 35 36 37 38 39 40 41 -42 -43 -44 45 46 47 -48 -49 -50
0x7b9086d02489a0a3 130880 1 -2 -3 -4 -5 6 7 -8 9 10 11 12 13 -14 -15 16 17 18 19 20 21 22 -23 -24 25 -26 27 28 -29 30 -31 32 33 34 35 36 37 38 39 40 41 -42 -43 -44 45 46 47 -48 -49 -50
0x99c07a665d71c14a 130880 1 -2 -3 -4 -5 6 7 -8 9 10 11 12 13 -14 -15 16 17 18 19 20 21 22 -23 -24 25 -26 27 28 -29 30 -31 32 33 34 35 36 37 38 39 40 41 -42 -43 -44 45 46 47 -48 -49 -50
0x63d7f14ef2b55a7 130880 1 -2 -3 -4 -5 6 7 -8 9 10 11 12 13 -14 -15 16 17 18 19 20 21 22 -23 -24 25 -26 27 28 -29 30 -31 32 33 34 35 36 37 38 39 40 41 -42 -43 -44 45 46 47 -48 -49 -50
0xadbaa1b2eabf48e6 130880 1 -2 -3 -4 -5 6 7 -8 9 10 11 12 13 -14 -15 16 17 18 19 20 21 22 -23 -24 25 -26 27 28 -29 30 -31 32 33 34 35 36 37 38 39 40 41 -42 -43 -44 45 46 47 -48 -49 -50
0xb2da62ec19ab4f75 130880 1 -2 -3 -4 -5 6 7 -8 9 10 11 12 13 -14 -15 16 17 18 19 20 21 22 -23 -24 25 -26 27 28 -29 30 -31 32 33 34 35 36 37 38 39 40 41 -42 -43 -44 45 46 47 -48 -49 -50
0x3e9d1ac0a4474487 130880 1 -2 -3 -4 -5 6 7 -8 9 10 11 12 13 -14 -15 16 17 18 19 20 21 22 -23 -24 25 -26 27 28 -29 30 -31 32 33 34 35 36 37 38 39 40 41 -42 -43 -44 45 46 47 -48 -49 -50
0x96642c05cb671791 130880 1 -2 -3 -4 -5 6 7 -8 9 10 11 12 13 -14 -15 16 17 18 19 20 21 22 -23 -24 25 -26 27 28 -29 30 -31 32 33 34 35 36 37 38 39 40 41 -42 -43 -44 45 46 47 -48 -49 -50
0xfca807e256ff49cd 130880 1 -2 -3 -4 -5 6 7 -8 9 10 11 12 13 -14 -15 16 17 18 19 20 21 22 -23 -24 25 -26 27 28 -29 30 -31 32 33 34 35 36 37 38 39 40 41 -42 -43 -44 45 46 47 -48 -49 -50
0x9abf0150bbd1fbbb 130880 1 -2 -3 -4 -5 6 7 -8 9 10 11 12 13 -14 -15 16 17 18 19 20 21 22 -23 -24 25 -26 27 28 -29 30 -31 32 33 34 35 36 37 38 39 40 41 -42 -43 -44 45 46 47 -48 -49 -50
0x2352f0a1b26a8a9d 130880 1 -2 -3 -4 -5 6 7 -8 9 10 11 12 13 -14 -15 16 17 18 19 20 21 22 -23 -24 25 -26 27 28 -29 30 -31 32 33 34 35 36 37 38 39 40 41 -42 -43 -44 45 46 47 -48 -49 -50
0x663a6fb09edbdf9 130880 1 -2 -3 -4 -5 6 7 -8 9 10 11 12 13 -14 -15 16 17 18 19 20 21 22 -23 -24 25 -26 27 28 -29 30 -31 32 33 34 35 36 37 38 39 40 41 -42 -43 -44 45 46 47 -48 -49 -50
0xf0f431d2e984851a 130880 1 -2 -3 -4 -5 6 7 -8 9 10 11 12 13 -14 -15 16 17 18 19 20 21 22 -23 -24 25 -26 27 28 -29 30 -31 32 33 34 35 36 37 38 39 40 41 -42 -43 -44 45 46 47 -48 -49 -50
0xebc0ee757367448d 130880 1 -2 -3 -4 -5 6 7 -8 9 10 11 12 13 -14 -15 16 17 18 19 20 21 22 -23 -24 25 -26 27 28 -29 30 -31 32 33 34 35 36 37 38 39 40 41 -42 -43 -44 45 46 47 -48 -49 -50
0xbd9c6d80d4cfb3a6 130880 1 -2 -3 -4 -5 6 7 -8 9 10 11 12 13 -14 -15 16 17 18 19 20 21 22 -23 -24 25 -26 27 28 -29 30 -31 32 33 34 35 36 37 38 39 40 41 -42 -43 -44 45 46 47 -48 -49 -50
0x3f51266c3e5749fa 130880 1 -2 -3 -4 -5 6 7 -8 9 10 11 12 13 -14 -15 16 17 18 19 20 21 22 -23 -24 25 -26 27 28 -29 30 -31 32 33 34 35 36 37 38 39 40 41 -42 -43 -44 45 46 47 -48 -49 -50
0x1025fafd08883ce4 130880 1 -2 -3 -4 -5 6 7 -8 9 10 11 12 13 -14 -15 16 17 18 19 20 21 22 -23 -24 25 -26 27 28 -29 30 -31 32 33 34 35 36 37 38 39 40 41 -42 -43 -44 45 46 47 -48 -49 -50