0x1064921519b9711e 122696 -1 2 -3 4 5 6 7 8 -9 -10 -11 -12 -13 14 15 16 -17 -18 19 20 21 22 23 -24 25 -26 -27 28 -29 30 31 32 -33 34 -35 36 37 -38 39 40 -41 42 43 -44 -45 46 47 48 49 50
0xb93c052788b32f63 122696 -1 2 -3 4 5 6 7 8 -9 -10 -11 -12 -13 14 15 16 -17 -18 19 20 21 22 23 -24 25 -26 -27 28 -29 30 31 32 -33 34 -35 36 37 -38 39 40 -41 42 43 -44 -45 46 47 48 49 50
0xa6c06f79076649f1 122696 -1 2 -3 4 5 6 7 8 -9 -10 -11 -12 -13 14 15 16 -17 -18 19 20 21 22 23 -24 25 -26 -27 28 -29 30 31 32 -33 34 -35 36 37 -38 39 40 -41 42 43 -44 -45 46 47 48 49 50
0xb73457c7fa5903bc 122696 -1 2 -3 4 5 6 7 8 -9 -10 -11 -12 -13 14 15 16 -17 -18 19 20 21 22 23 -24 25 -26 -27 28 -29 30 31 32 -33 34 -35 36 37 -38 39 40 -41 42 43 -44 -45 46 47 48 49 50
0xf02997a6fab25bf9 122696 -1 2 -3 4 5 6 7 8 -9 -10 -11 -12 -13 14 15 16 -17 -18 19 20 21 22 23 -24 25 -26 -27 28 -29 30 31 32 -33 34 -35 36 37 -38 39 40 -41 42 43 -44 -45 46 47 48 49 50
0x7e1a5f005d858ba3 122696 -1 2 -3 4 5 6 7 8 -9 -10 -11 -12 -13 14 15 16 -17 -18 19 20 21 22 23 -24 25 -26 -27 28 -29 30 31 32 -33 34 -35 36 37 -38 39 40 -41 42 43 -44 -45 46 47 48 49 50
0x2d33078defc612f9 122696 -1 2 -3 4 5 6 7 8 -9 -10 -11 -12 -13 14 15 16 -17 -18 19 20 21 22 23 -24 25 -26 -27 28 -29 30 31 32 -33 34 -35 36 37 -38 39 40 -41 42 43 -44 -45 46 47 48 49 50
0x36eab8615d2a56fc 122696 -1 2 -3 4 5 6 7 8 -9 -10 -11 -12 -13 14 15 16 -17 -18 19 20 21 22 23 -24 25 -26 -27 28 -29 30 31 32 -33 34 -35 36 37 -38 39 40 -41 42 43 -44 -45 46 47 48 49 50
0xe948d95d4882cef4 122696 -1 2 -3 4 5 6 7 8 -9 -10 -11 -12 -13 14 15 16 -17 -18 19 20 21 22 23 -24 25 -26 -27 28 -29 30 31 32 -33 34 -35 36 37 -38 39 40 -41 42 43 -44 -45 46 47 48 49 50
0xdf556ba044bc1ea 122696 -1 2 -3 4 5 6 7 8 -9 -10 -11 -12 -13 14 15 16 -17 -18 19 20 21 22 23 -24 25 -26 -27 28 -29 30 31 32 -33 34 -35 36 37 -38 39 40 -41 42 43 -44 -45 46 47 48 49 50
0x1071b4831a7f942c 122696 -1 2 -3 4 5 6 7 8 -9 -10 -11 -12 -13 14 15 16 -17 -18 19 20 21 22 23 -24 25 -26 -27 28 -29 30 31 32 -33 34 -35 36 37 -38 39 40 -41 42 43 -44 -45 46 47 48 49 50
0xb418f2196aefa4ce 122696 -1 2 -3 4 5 6 7 8 -9 -10 -11 -12 -13 14 15 16 -17 -18 19 20 21 22 23 -24 25 -26 -27 28 -29 30 31 32 -33 34 -35 36 37 -38 39 40 -41 42 43 -44 -45 46 47 48 49 50
0xb3c43dae97a9bb26 122696 -1 2 -3 4 5 6 7 8 -9 -10 -11 -12 -13 14 15 16 -17 -18 19 20 21 22 23 -24 25 -26 -27 28 -29 30 31 32 -33 34 -35 36 37 -38 39 40 -41 42 43 -44 -45 46 47 48 49 50
0xe63277ccbf30044d 122696 -1 2 -3 4 5 6 7 8 -9 -10 -11 -12 -13 14 15 16 -17 -18 19 20 21 22 23 -24 25 -26 -27 28 -29 30 31 32 -33 34 -35 36 37 -38 39 40 -41 42 43 -44 -45 46 47 48 49 50
0x7325433324679278 122696 -1 2 -3 4 5 6 7 8 -9 -10 -11 -12 -13 14 15 16 -17 -18 19 20 21 22 23 -24 25 -26 -27 28 -29 30 31 32 -33 34 -35 36 37 -38 39 40 -41 42 43 -44 -45 46 47 48 49 50
0xf1d1bdc3c8d70252 122696 -1 2 -3 4 5 6 7 8 -9 -10 -11 -12 -13 14 15 16 -17 -18 19 20 21 22 23 -24 25 -26 -27 28 -29 30 31 32 -33 34 -35 36 37 -38 39 40 -41 42 43 -44 -45 46 47 48 49 50
0x89f07681736e34fd 122696 -1 2 -3 4 5 6 7 8 -9 -10 -11 -12 -13 14 15 16 -17 -18 19 20 21 22 23 -24 25 -26 -27 28 -29 30 31 32 -33 34 -35 36 37 -38 39 40 -41 42 43 -44 -45 46 47 48 49 50
0x39fdc3c6bc93e146 122696 -1 2 -3 4 5 6 7 8 -9 -10 -11 -12 -13 14 15 16 -17 -18 19 20 21 22 23 -24 25 -26 -27 28 -29 30 31 32 -33 34 -35 36 37 -38 39 40 -41 42 43 -44 -45 46 47 48 49 50
0xe6a4867ba8c9647e 122696 -1 2 -3 4 5 6 7 8 -9 -10 -11 -12 -13 14 15 16 -17 -18 19 20 21 22 23 -24 25 -26 -27 28 -29 30 31 32 -33 34 -35 36 37 -38 39 40 -41 42 43 -44 -45 46 47 48 49 50
0xca82a38e3a331165 122696 -1 2 -3 4 5 6 7 8 -9 -10 -11 -12 -13 14 15 16 -17 -18 19 20 21 22 23 -24 25 -26 -27 28 -29 30 31 32 -33 34 -35 36 37 -38 39 40 -41 42 43 -44 -45 46 47 48 49 50
0x76c98e842c42d4dd 122696 -1 2 -3 4 5 6 7 8 -9 -10 -11 -12 -13 14 15 16 -17 -18 19 20 21 22 23 -24 25 -26 -27 28 -29 30 31 32 -33 34 -35 36 37 -38 39 40 -41 42 43 -44 -45 46 47 48 49 50
0x97cde7c7f8fa9b3a 122696 -1 2 -3 4 5 6 7 8 -9 -10 -11 -12 -13 14 15 16 -17 -18 19 20 21 22 23 -24 25 -26 -27 28 -29 30 31 32 -33 34 -35 36 37 -38 39 40 -41 42 43 -44 -45 46 47 48 49 50
0xc79af33b4b915f1e 122696 -1 2 -3 4 5 6 7 8 -9 -10 -11 -12 -13 14 15 16 -17 -18 19 20 21 22 23 -24 25 -26 -27 28 -29 30 31 32 -33 34 -35 36 37 -38 39 40 -41 42 43 -44 -45 46 47 48 49 50
0x339029fd5b1089dd 122696 -1 2 -3 4 5 6 7 8 -9 -10 -11 -12 -13 14 15 16 -17 -18 19 20 21 22 23 -24 25 -26 -27 28 -29 30 31 32 -33 34 -35 36 37 -38 39 40 -41 42 43 -44 -45 46 47 48 49 50
0xbc8e9d22e5f85f36 122696 -1 2 -3 4 5 6 7 8 -9 -10 -11 -12 -13 14 15 16 -17 -18 19 20 21 22 23 -24 25 -26 -27 28 -29 30 31 32 -33 34 -35 36 37 -38 39 40 -41 42 43 -44 -45 46 47 48 49 50
0xbe224e7b0d6bc15c 122696 -1 2 -3 4 5 6 7 8 -9 -10 -11 -12 -13 14 15 16 -17 -18 19 20 21 22 23 -24 25 -26 -27 28 -29 30 31 32 -33 34 -35 36 37 -38 39 40 -41 42 43 -44 -45 46 47 48 49 50
0xb121957c3d660557 122696 -1 2 -3 4 5 6 7 8 -9 -10 -11 -12 -13 14 15 16 -17 -18 19 20 21 22 23 -24 25 -26 -27 28 -29 30 31 32 -33 34 -35 36 37 -38 39 40 -41 42 43 -44 -45 46 47 48 49 50
0xc07c3a284b85500d 122696 -1 2 -3 4 5 6 7 8 -9 -10 -11 -12 -13 14 15 16 -17 -18 19 20 21 22 23 -24 25 -26 -27 28 -29 30 31 32 -33 34 -35 36 37 -38 39 40 -41 42 43 -44 -45 46 47 48 49 50
0x493bb4d7dc335229 122696 -1 2 -3 4 5 6 7 8 -9 -10 -11 -12 -13 14 15 16 -17 -18 19 20 21 22 23 -24 25 -26 -27 28 -29 30 31 32 -33 34 -35 36 37 -38 39 40 -41 42 43 -44 -45 46 47 48 49 50
0x4038c1b6cd7a1598 122696 -1 2 -3 4 5 6 7 8 -9 -10 -11 -12 -13 14 15 16 -17 -18 19 20 21 22 23 -24 25 -26 -27 28 -29 30 31 32 -33 34 -35 36 37 -38 39 40 -41 42 43 -44 -45 46 47 48 49 50