0xc50a3e8ce7b679ec 113146 -1 2 -3 -4 5 -6 7 -8 -9 10 -11 -12 -13 -14 -15 16 -17 18 19 20 -21 -22 23 -24 25 26 27 -28 29 30 31 32 33 34 35 36 37 38 -39 -40 -41 -42 43 44 -45 -46 47 -48 -49 50
0x3d83b6daf4b6d2f7 113146 -1 2 -3 -4 5 -6 7 -8 -9 10 -11 -12 -13 -14 -15 16 -17 18 19 20 -21 -22 23 -24 25 26 27 -28 29 30 31 32 33 34 35 36 37 38 -39 -40 -41 -42 43 44 -45 -46 47 -48 -49 50
0x4c15df905a9e48c7 113146 -1 2 -3 -4 5 -6 7 -8 -9 10 -11 -12 -13 -14 -15 16 -17 18 19 20 -21 -22 23 -24 25 26 27 -28 29 30 31 32 33 34 35 36 37 38 -39 -40 -41 -42 43 44 -45 -46 47 -48 -49 50
0x459dbf61c7654edb 113146 -1 2 -3 -4 5 -6 7 -8 -9 10 -11 -12 -13 -14 -15 16 -17 18 19 20 -21 -22 23 -24 25 26 27 -28 29 30 31 32 33 34 35 36 37 38 -39 -40 -41 -42 43 44 -45 -46 47 -48 -49 50
0xdcf798edb03935ab 113146 -1 2 -3 -4 5 -6 7 -8 -9 10 -11 -12 -13 -14 -15 16 -17 18 19 20 -21 -22 23 -24 25 26 27 -28 29 30 31 32 33 34 35 36 37 38 -39 -40 -41 -42 43 44 -45 -46 47 -48 -49 50
0x137ceb289b8fa71f 113146 -1 2 -3 -4 5 -6 7 -8 -9 10 -11 -12 -13 -14 -15 16 -17 18 19 20 -21 -22 23 -24 25 26 27 -28 29 30 31 32 33 34 35 36 37 38 -39 -40 -41 -42 43 44 -45 -46 47 -48 -49 50
0x4ed6e3adab83ccfa 113146 -1 2 -3 -4 5 -6 7 -8 -9 10 -11 -12 -13 -14 -15 16 -17 18 19 20 -21 -22 23 -24 25 26 27 -28 29 30 31 32 33 34 35 36 37 38 -39 -40 -41 -42 43 44 -45 -46 47 -48 -49 50
0x4f487eaa8db6be06 113146 -1 2 -3 -4 5 -6 7 -8 -9 10 -11 -12 -13 -14 -15 16 -17 18 19 20 -21 -22 23 -24 25 26 27 -28 29 30 31 32 33 34 35 36 37 38 -39 -40 -41 -42 43 44 -45 -46 47 -48 -49 50
0x540be62769640028 113146 -1 2 -3 -4 5 -6 7 -8 -9 10 -11 -12 -13 -14 -15 16 -17 18 19 20 -21 -22 23 -24 25 26 27 -28 29 30 31 32 33 34 35 36 37 38 -39 -40 -41 -42 43 44 -45 -46 47 -48 -49 50
0xcf2dab8696157965 113146 -1 2 -3 -4 5 -6 7 -8 -9 10 -11 -12 -13 -14 -15 16 -17 18 19 20 -21 -22 23 -24 25 26 27 -28 29 30 31 32 33 34 35 36 37 38 -39 -40 -41 -42 43 44 -45 -46 47 -48 -49 50
0xc9bcaf80873e5136 113146 -1 2 -3 -4 5 -6 7 -8 -9 10 -11 -12 -13 -14 -15 16 -17 18 19 20 -21 -22 23 -24 25 26 27 -28 29 30 31 32 33 34 35 36 37 38 -39 -40 -41 -42 43 44 -45 -46 47 -48 -49 50
0xae039f79951294b3 113146 -1 2 -3 -4 5 -6 7 -8 -9 10 -11 -12 -13 -14 -15 16 -17 18 19 20 -21 -22 23 -24 25 26 27 -28 29 30 31 32 33 34 35 36 37 38 -39 -40 -41 -42 43 44 -45 -46 47 -48 -49 50
0x5b530841a7437ba1 113146 -1 2 -3 -4 5 -6 7 -8 -9 10 -11 -12 -13 -14 -15 16 -17 18 19 20 -21 -22 23 -24 25 26 27 -28 29 30 31 32 33 34 35 36 37 38 -39 -40 -41 -42 43 44 -45 -46 47 -48 -49 50
0xe57d9f7d6d0c1805 113146 -1 2 -3 -4 5 -6 7 -8 -9 10 -11 -12 -13 -14 -15 16 -17 18 19 20 -21 -22 23 -24 25 26 27 -28 29 30 31 32 33 34 35 36 37 38 -39 -40 -41 -42 43 44 -45 -46 47 -48 -49 50
0xc0c7872242b613a9 113146 -1 2 -3 -4 5 -6 7 -8 -9 10 -11 -12 -13 -14 -15 16 -17 18 19 20 -21 -22 23 -24 25 26 27 -28 29 30 31 32 33 34 35 36 37 38 -39 -40 -41 -42 43 44 -45 -46 47 -48 -49 50
0xb79e60ff2c7efd9b 113146 -1 2 -3 -4 5 -6 7 -8 -9 10 -11 -12 -13 -14 -15 16 -17 18 19 20 -21 -22 23 -24 25 26 27 -28 29 30 31 32 33 34 35 36 37 38 -39 -40 -41 -42 43 44 -45 -46 47 -48 -49 50
0x16b832311a2427b0 113146 -1 2 -3 -4 5 -6 7 -8 -9 10 -11 -12 -13 -14 -15 16 -17 18 19 20 -21 -22 23 -24 25 26 27 -28 29 30 31 32 33 34 35 36 37 38 -39 -40 -41 -42 43 44 -45 -46 47 -48 -49 50
0x857716ae169b13fb 113146 -1 2 -3 -4 5 -6 7 -8 -9 10 -11 -12 -13 -14 -15 16 -17 18 19 20 -21 -22 23 -24 25 26 27 -28 29 30 31 32 33 34 35 36 37 38 -39 -40 -41 -42 43 44 -45 -46 47 -48 -49 50
0xc1afc4bdcfbc7259 113146 -1 2 -3 -4 5 -6 7 -8 -9 10 -11 -12 -13 -14 -15 16 -17 18 19 20 -21 -22 23 -24 25 26 27 -28 29 30 31 32 33 34 35 36 37 38 -39 -40 -41 -42 43 44 -45 -46 47 -48 -49 50
0x1acbb7f73df6dfa5 113146 -1 2 -3 -4 5 -6 7 -8 -9 10 -11 -12 -13 -14 -15 16 -17 18 19 20 -21 -22 23 -24 25 26 27 -28 29 30 31 32 33 34 35 36 37 38 -39 -40 -41 -42 43 44 -45 -46 47 -48 -49 50
0x66f4d6d7b68c064b 113146 -1 2 -3 -4 5 -6 7 -8 -9 10 -11 -12 -13 -14 -15 16 -17 18 19 20 -21 -22 23 -24 25 26 27 -28 29 30 31 32 33 34 35 36 37 38 -39 -40 -41 -42 43 44 -45 -46 47 -48 -49 50
0x77ed3c987dbb08fb 113146 -1 2 -3 -4 5 -6 7 -8 -9 10 -11 -12 -13 -14 -15 16 -17 18 19 20 -21 -22 23 -24 25 26 27 -28 29 30 31 32 33 34 35 36 37 38 -39 -40 -41 -42 43 44 -45 -46 47 -48 -49 50
0xe6160805bc4bc858 113146 -1 2 -3 -4 5 -6 7 -8 -9 10 -11 -12 -13 -14 -15 16 -17 18 19 20 -21 -22 23 -24 25 26 27 -28 29 30 31 32 33 34 35 36 37 38 -39 -40 -41 -42 43 44 -45 -46 47 -48 -49 50
0x5af1a977070a50ab 113146 -1 2 -3 -4 5 -6 7 -8 -9 10 -11 -12 -13 -14 -15 16 -17 18 19 20 -21 -22 23 -24 25 26 27 -28 29 30 31 32 33 34 35 36 37 38 -39 -40 -41 -42 43 44 -45 -46 47 -48 -49 50
0x393d4ec8708300ac 113146 -1 2 -3 -4 5 -6 7 -8 -9 10 -11 -12 -13 -14 -15 16 -17 18 19 20 -21 -22 23 -24 25 26 27 -28 29 30 31 32 33 34 35 36 37 38 -39 -40 -41 -42 43 44 -45 -46 47 -48 -49 50
0xc4b8f1ead73d1399 113146 -1 2 -3 -4 5 -6 7 -8 -9 10 -11 -12 -13 -14 -15 16 -17 18 19 20 -21 -22 23 -24 25 26 27 -28 29 30 31 32 33 34 35 36 37 38 -39 -40 -41 -42 43 44 -45 -46 47 -48 -49 50
0x36d914663ddc76b1 113146 -1 2 -3 -4 5 -6 7 -8 -9 10 -11 -12 -13 -14 -15 16 -17 18 19 20 -21 -22 23 -24 25 26 27 -28 29 30 31 32 33 34 35 36 37 38 -39 -40 -41 -42 43 44 -45 -46 47 -48 -49 50
0xcf664ad2d0652eba 113146 -1 2 -3 -4 5 -6 7 -8 -9 10 -11 -12 -13 -14 -15 16 -17 18 19 20 -21 -22 23 -24 25 26 27 -28 29 30 31 32 33 34 35 36 37 38 -39 -40 -41 -42 43 44 -45 -46 47 -48 -49 50
0x888898601b464d7a 113146 -1 2 -3 -4 5 -6 7 -8 -9 10 -11 -12 -13 -14 -15 16 -17 18 19 20 -21 -22 23 -24 25 26 27 -28 29 30 31 32 33 34 35 36 37 38 -39 -40 -41 -42 43 44 -45 -46 47 -48 -49 50
0x12fc9a4e4d12773f 113146 -1 2 -3 -4 5 -6 7 -8 -9 10 -11 -12 -13 -14 -15 16 -17 18 19 20 -21 -22 23 -24 25 26 27 -28 29 30 31 32 33 34 35 36 37 38 -39 -40 -41 -42 43 44 -45 -46 47 -48 -49 50