0x65ee880a12a6e850 142134 1 2 3 -4 5 -6 -7 8 9 10 11 12 13 14 -15 16 -17 -18 19 -20 -21 22 23 24 25 26 27 28 29 30 31 -32 33 34 -35 36 -37 38 39 40 -41 -42 -43 44 -45 -46 47 48 49 50
0xe0d873d7d2c3ea28 142134 1 2 3 -4 5 -6 -7 8 9 10 11 12 13 14 -15 16 -17 -18 19 -20 -21 22 23 24 25 26 27 28 29 30 31 -32 33 34 -35 36 -37 38 39 40 -41 -42 -43 44 -45 -46 47 48 49 50
0x5c90a400caffc06e 142134 1 2 3 -4 5 -6 -7 8 9 10 11 12 13 14 -15 16 -17 -18 19 -20 -21 22 23 24 25 26 27 28 29 30 31 -32 33 34 -35 36 -37 38 39 40 -41 -42 -43 44 -45 -46 47 48 49 50
0x24c17c1f197fc884 142134 1 2 3 -4 5 -6 -7 8 9 10 11 12 13 14 -15 16 -17 -18 19 -20 -21 22 23 24 25 26 27 28 29 30 31 -32 33 34 -35 36 -37 38 39 40 -41 -42 -43 44 -45 -46 47 48 49 50
0x53cc90ef78361f3b 142134 1 2 3 -4 5 -6 -7 8 9 10 11 12 13 14 -15 16 -17 -18 19 -20 -21 22 23 24 25 26 27 28 29 30 31 -32 33 34 -35 36 -37 38 39 40 -41 -42 -43 44 -45 -46 47 48 49 50
0xdda7d2db8541735f 142134 1 2 3 -4 5 -6 -7 8 9 10 11 12 13 14 -15 16 -17 -18 19 -20 -21 22 23 24 25 26 27 28 29 30 31 -32 33 34 -35 36 -37 38 39 40 -41 -42 -43 44 -45 -46 47 48 49 50
0xfbf966b2c667ce44 142134 1 2 3 -4 5 -6 -7 8 9 10 11 12 13 14 -15 16 -17 -18 19 -20 -21 22 23 24 25 26 27 28 29 30 31 -32 33 34 -35 36 -37 38 39 40 -41 -42 -43 44 -45 -46 47 48 49 50
0xb79af0b855ceb5a5 142134 1 2 3 -4 5 -6 -7 8 9 10 11 12 13 14 -15 16 -17 -18 19 -20 -21 22 23 24 25 26 27 28 29 30 31 -32 33 34 -35 36 -37 38 39 40 -41 -42 -43 44 -45 -46 47 48 49 50
0x8a98f4225583d51d 142134 1 2 3 -4 5 -6 -7 8 9 10 11 12 13 14 -15 16 -17 -18 19 -20 -21 22 23 24 25 26 27 28 29 30 31 -32 33 34 -35 36 -37 38 39 40 -41 -42 -43 44 -45 -46 47 48 49 50
0x9881829b64aab7af 142134 1 2 3 -4 5 -6 -7 8 9 10 11 12 13 14 -15 16 -17 -18 19 -20 -21 22 23 24 25 26 27 28 29 30 31 -32 33 34 -35 36 -37 38 39 40 -41 -42 -43 44 -45 -46 47 48 49 50
0xe6903bc19bc59140 142134 1 2 3 -4 5 -6 -7 8 9 10 11 12 13 14 -15 16 -17 -18 19 -20 -21 22 23 24 25 26 27 28 29 30 31 -32 33 34 -35 36 -37 38 39 40 -41 -42 -43 44 -45 -46 47 48 49 50
0x50859caa87cf181a 142134 1 2 3 -4 5 -6 -7 8 9 10 11 12 13 14 -15 16 -17 -18 19 -20 -21 22 23 24 25 26 27 28 29 30 31 -32 33 34 -35 36 -37 38 39 40 -41 -42 -43 44 -45 -46 47 48 49 50
0xc2379f5ba61b6e69 142134 1 2 3 -4 5 -6 -7 8 9 10 11 12 13 14 -15 16 -17 -18 19 -20 -21 22 23 24 25 26 27 28 29 30 31 -32 33 34 -35 36 -37 38 39 40 -41 -42 -43 44 -45 -46 47 48 49 50
0x8129aa5005361bbf 142134 1 2 3 -4 5 -6 -7 8 9 10 11 12 13 14 -15 16 -17 -18 19 -20 -21 22 23 24 25 26 27 28 29 30 31 -32 33 34 -35 36 -37 38 39 40 -41 -42 -43 44 -45 -46 47 48 49 50
0xcb9cff5e9331692 142134 1 2 3 -4 5 -6 -7 8 9 10 11 12 13 14 -15 16 -17 -18 19 -20 -21 22 23 24 25 26 27 28 29 30 31 -32 33 34 -35 36 -37 38 39 40 -41 -42 -43 44 -45 -46 47 48 49 50
0x4eb15e30a428ddbb 142134 1 2 3 -4 5 -6 -7 8 9 10 11 12 13 14 -15 16 -17 -18 19 -20 -21 22 23 24 25 26 27 28 29 30 31 -32 33 34 -35 36 -37 38 39 40 -41 -42 -43 44 -45 -46 47 48 49 50
0x8146bdd73dc9a1f6 142134 1 2 3 -4 5 -6 -7 8 9 10 11 12 13 14 -15 16 -17 -18 19 -20 -21 22 23 24 25 26 27 28 29 30 31 -32 33 34 -35 36 -37 38 39 40 -41 -42 -43 44 -45 -46 47 48 49 50
0x52dea23407517f67 142134 1 2 3 -4 5 -6 -7 8 9 10 11 12 13 14 -15 16 -17 -18 19 -20 -21 22 23 24 25 26 27 28 29 30 31 -32 33 34 -35 36 -37 38 39 40 -41 -42 -43 44 -45 -46 47 48 49 50
0x6b1a8885d33fc712 142134 1 2 3 -4 5 -6 -7 8 9 10 11 12 13 14 -15 16 -17 -18 19 -20 -21 22 23 24 25 26 27 28 29 30 31 -32 33 34 -35 36 -37 38 39 40 -41 -42 -43 44 -45 -46 47 48 49 50
0x880287803a915860 142134 1 2 3 -4 5 -6 -7 8 9 10 11 12 13 14 -15 16 -17 -18 19 -20 -21 22 23 24 25 26 27 28 29 30 31 -32 33 34 -35 36 -37 38 39 40 -41 -42 -43 44 -45 -46 47 48 49 50
0xf5586eca23720a9e 142134 1 2 3 -4 5 -6 -7 8 9 10 11 12 13 14 -15 16 -17 -18 19 -20 -21 22 23 24 25 26 27 28 29 30 31 -32 33 34 -35 36 -37 38 39 40 -41 -42 -43 44 -45 -46 47 48 49 50
0x2362367d9f9b267f 142134 1 2 3 -4 5 -6 -7 8 9 10 11 12 13 14 -15 16 -17 -18 19 -20 -21 22 23 24 25 26 27 28 29 30 31 -32 33 34 -35 36 -37 38 39 40 -41 -42 -43 44 -45 -46 47 48 49 50
0x9db9beaa32d4ef97 142134 1 2 3 -4 5 -6 -7 8 9 10 11 12 13 14 -15 16 -17 -18 19 -20 -21 22 23 24 25 26 27 28 29 30 31 -32 33 34 -35 36 -37 38 39 40 -41 -42 -43 44 -45 -46 47 48 49 50
0x95efded1a4513de1 142134 1 2 3 -4 5 -6 -7 8 9 10 11 12 13 14 -15 16 -17 -18 19 -20 -21 22 23 24 25 26 27 28 29 30 31 -32 33 34 -35 36 -37 38 39 40 -41 -42 -43 44 -45 -46 47 48 49 50
0xa110c56ca7d52738 142134 1 2 3 -4 5 -6 -7 8 9 10 11 12 13 14 -15 16 -17 -18 19 -20 -21 22 23 24 25 26 27 28 29 30 31 -32 33 34 -35 36 -37 38 39 40 -41 -42 -43 44 -45 -46 47 48 49 50
0x2a57a765ede7b8df 142134 1 2 3 -4 5 -6 -7 8 9 10 11 12 13 14 -15 16 -17 -18 19 -20 -21 22 23 24 25 26 27 28 29 30 31 -32 33 34 -35 36 -37 38 39 40 -41 -42 -43 44 -45 -46 47 48 49 50
0x789fbf9a847bc0fb 142134 1 2 3 -4 5 -6 -7 8 9 10 11 12 13 14 -15 16 -17 -18 19 -20 -21 22 23 24 25 26 27 28 29 30 31 -32 33 34 -35 36 -37 38 39 40 -41 -42 -43 44 -45 -46 47 48 49 50
0xf7609e5ee3caa816 142134 1 2 3 -4 5 -6 -7 8 9 10 11 12 13 14 -15 16 -17 -18 19 -20 -21 22 23 24 25 26 27 28 29 30 31 -32 33 34 -35 36 -37 38 39 40 -41 -42 -43 44 -45 -46 47 48 49 50
0xbf43c8f88d565a9c 142134 1 2 3 -4 5 -6 -7 8 9 10 11 12 13 14 -15 16 -17 -18 19 -20 -21 22 23 24 25 26 27 28 29 30 31 -32 33 34 -35 36 -37 38 39 40 -41 -42 -43 44 -45 -46 47 48 49 50
0x1da1a923c548425f 142134 1 2 3 -4 5 -6 -7 8 9 10 11 12 13 14 -15 16 -17 -18 19 -20 -21 22 23 24 25 26 27 28 29 30 31 -32 33 34 -35 36 -37 38 39 40 -41 -42 -43 44 -45 -46 47 48 49 50