0xc4e6cb07526e6b3e 110627 1 -2 3 4 5 6 7 8 9 10 11 12 13 14 -15 -16 17 18 -19 20 -21 22 -23 24 -25 26 27 -28 29 30 -31 -32 33 34 35 36 37 -38 -39 40 41 42 43 44 45 -46 47 -48 49 50
0x6202c76ea07613cd 110627 1 -2 3 4 5 6 7 8 9 10 11 12 13 14 -15 -16 17 18 -19 20 -21 22 -23 24 -25 26 27 -28 29 30 -31 -32 33 34 35 36 37 -38 -39 40 41 42 43 44 45 -46 47 -48 49 50
0x6f64984c5227dca9 110627 1 -2 3 4 5 6 7 8 9 10 11 12 13 14 -15 -16 17 18 -19 20 -21 22 -23 24 -25 26 27 -28 29 30 -31 -32 33 34 35 36 37 -38 -39 40 41 42 43 44 45 -46 47 -48 49 50
0x8b2c2877f70ed0ae 110627 1 -2 3 4 5 6 7 8 9 10 11 12 13 14 -15 -16 17 18 -19 20 -21 22 -23 24 -25 26 27 -28 29 30 -31 -32 33 34 35 36 37 -38 -39 40 41 42 43 44 45 -46 47 -48 49 50
0x4dc8bc252e307b80 110627 1 -2 3 4 5 6 7 8 9 10 11 12 13 14 -15 -16 17 18 -19 20 -21 22 -23 24 -25 26 27 -28 29 30 -31 -32 33 34 35 36 37 -38 -39 40 41 42 43 44 45 -46 47 -48 49 50
0x475ee4549d3a9706 110627 1 -2 3 4 5 6 7 8 9 10 11 12 13 14 -15 -16 17 18 -19 20 -21 22 -23 24 -25 26 27 -28 29 30 -31 -32 33 34 35 36 37 -38 -39 40 41 42 43 44 45 -46 47 -48 49 50
0xfda9426132db48e8 110627 1 -2 3 4 5 6 7 8 9 10 11 12 13 14 -15 -16 17 18 -19 20 -21 22 -23 24 -25 26 27 -28 29 30 -31 -32 33 34 35 36 37 -38 -39 40 41 42 43 44 45 -46 47 -48 49 50
0x5bb21b756d49f017 110627 1 -2 3 4 5 6 7 8 9 10 11 12 13 14 -15 -16 17 18 -19 20 -21 22 -23 24 -25 26 27 -28 29 30 -31 -32 33 34 35 36 37 -38 -39 40 41 42 43 44 45 -46 47 -48 49 50
0x9603bc10b6468244 110627 1 -2 3 4 5 6 7 8 9 10 11 12 13 14 -15 -16 17 18 -19 20 -21 22 -23 24 -25 26 27 -28 29 30 -31 -32 33 34 35 36 37 -38 -39 40 41 42 43 44 45 -46 47 -48 49 50
0xf2270ed78c574e19 110627 1 -2 3 4 5 6 7 8 9 10 11 12 13 14 -15 -16 17 18 -19 20 -21 22 -23 24 -25 26 27 -28 29 30 -31 -32 33 34 35 36 37 -38 -39 40 41 42 43 44 45 -46 47 -48 49 50
0x1a8e2096c771d058 110627 1 -2 3 4 5 6 7 8 9 10 11 12 13 14 -15 -16 17 18 -19 20 -21 22 -23 24 -25 26 27 -28 29 30 -31 -32 33 34 35 36 37 -38 -39 40 41 42 43 44 45 -46 47 -48 49 50
0xb8d1eac8113b5c64 110627 1 -2 3 4 5 6 7 8 9 10 11 12 13 14 -15 -16 17 18 -19 20 -21 22 -23 24 -25 26 27 -28 29 30 -31 -32 33 34 35 36 37 -38 -39 40 41 42 43 44 45 -46 47 -48 49 50
0xa93f14fe0c658de1 110627 1 -2 3 4 5 6 7 8 9 10 11 12 13 14 -15 -16 17 18 -19 20 -21 22 -23 24 -25 26 27 -28 29 30 -31 -32 33 34 35 36 37 -38 -39 40 41 42 43 44 45 -46 47 -48 49 50
0xa7d58682781fd816 110627 1 -2 3 4 5 6 7 8 9 10 11 12 13 14 -15 -16 17 18 -19 20 -21 22 -23 24 -25 26 27 -28 29 30 -31 -32 33 34 35 36 37 -38 -39 40 41 42 43 44 45 -46 47 -48 49 50
0x67da1dd24dffa76f 110627 1 -2 3 4 5 6 7 8 9 10 11 12 13 14 -15 -16 17 18 -19 20 -21 22 -23 24 -25 26 27 -28 29 30 -31 -32 33 34 35 36 37 -38 -39 40 41 42 43 44 45 -46 47 -48 49 50
0x9cb0b81d539292fa 110627 1 -2 3 4 5 6 7 8 9 10 11 12 13 14 -15 -16 17 18 -19 20 -21 22 -23 24 -25 26 27 -28 29 30 -31 -32 33 34 35 36 37 -38 -39 40 41 42 43 44 45 -46 47 -48 49 50
0xdbec88c9b3f09dec 110627 1 -2 3 4 5 6 7 8 9 10 11 12 13 14 -15 -16 17 18 -19 20 -21 22 -23 24 -25 26 27 -28 29 30 -31 -32 33 34 35 36 37 -38 -39 40 41 42 43 44 45 -46 47 -48 49 50
0x57c4c0ef9be4891c 110627 1 -2 3 4 5 6 7 8 9 10 11 12 13 14 -15 -16 17 18 -19 20 -21 22 -23 24 -25 26 27 -28 29 30 -31 -32 33 34 35 36 37 -38 -39 40 41 42 43 44 45 -46 47 -48 49 50
0x805b86dcd1803485 110627 1 -2 3 4 5 6 7 8 9 10 11 12 13 14 -15 -16 17 18 -19 20 -21 22 -23 24 -25 26 27 -28 29 30 -31 -32 33 34 35 36 37 -38 -39 40 41 42 43 44 45 -46 47 -48 49 50
0xa1853d91d63310c6 110627 1 -2 3 4 5 6 7 8 9 10 11 12 13 14 -15 -16 17 18 -19 20 -21 22 -23 24 -25 26 27 -28 29 30 -31 -32 33 34 35 36 37 -38 -39 40 41 42 43 44 45 -46 47 -48 49 50
0x91fe1c4350b8a0a3 110627 1 -2 3 4 5 6 7 8 9 10 11 12 13 14 -15 -16 17 18 -19 20 -21 22 -23 24 -25 26 27 -28 29 30 -31 -32 33 34 35 36 37 -38 -39 40 41 42 43 44 45 -46 47 -48 49 50
0x803c15da42750a83 110627 1 -2 3 4 5 6 7 8 9 10 11 12 13 14 -15 -16 17 18 -19 20 -21 22 -23 24 -25 26 27 -28 29 30 -31 -32 33 34 35 36 37 -38 -39 40 41 42 43 44 45 -46 47 -48 49 50
0xd84b1071ea15b9f2 110627 1 -2 3 4 5 6 7 8 9 10 11 12 13 14 -15 -16 17 18 -19 20 -21 22 -23 24 -25 26 27 -28 29 30 -31 -32 33 34 35 36 37 -38 -39 40 41 42 43 44 45 -46 47 -48 49 50
0x25616cde2b8c111f 110627 1 -2 3 4 5 6 7 8 9 10 11 12 13 14 -15 -16 17 18 -19 20 -21 22 -23 24 -25 26 27 -28 29 30 -31 -32 33 34 35 36 37 -38 -39 40 41 42 43 44 45 -46 47 -48 49 50
0xb11ade21e3b82a5d 110627 1 -2 3 4 5 6 7 8 9 10 11 12 13 14 -15 -16 17 18 -19 20 -21 22 -23 24 -25 26 27 -28 29 30 -31 -32 33 34 35 36 37 -38 -39 40 41 42 43 44 45 -46 47 -48 49 50
0x798790f5b459a9a3 110627 1 -2 3 4 5 6 7 8 9 10 11 12 13 14 -15 -16 17 18 -19 20 -21 22 -23 24 -25 26 27 -28 29 30 -31 -32 33 34 35 36 37 -38 -39 40 41 42 43 44 45 -46 47 -48 49 50
0xe67da347931c9e0e 110627 1 -2 3 4 5 6 7 8 9 10 11 12 13 14 -15 -16 17 18 -19 20 -21 22 -23 24 -25 26 27 -28 29 30 -31 -32 33 34 35 36 37 -38 -39 40 41 42 43 44 45 -46 47 -48 49 50
0x6ddaebb8bcd8735c 110627 1 -2 3 4 5 6 7 8 9 10 11 12 13 14 -15 -16 17 18 -19 20 -21 22 -23 24 -25 26 27 -28 29 30 -31 -32 33 34 35 36 37 -38 -39 40 41 42 43 44 45 -46 47 -48 49 50
0x15a5111d9c56f371 110627 1 -2 3 4 5 6 7 8 9 10 11 12 13 14 -15 -16 17 18 -19 20 -21 22 -23 24 -25 26 27 -28 29 30 -31 -32 33 34 35 36 37 -38 -39 40 41 42 43 44 45 -46 47 -48 49 50
0x7a35f1fdba3957d5 110627 1 -2 3 4 5 6 7 8 9 10 11 12 13 14 -15 -16 17 18 -19 20 -21 22 -23 24 -25 26 27 -28 29 30 -31 -32 33 34 35 36 37 -38 -39 40 41 42 43 44 45 -46 47 -48 49 50