0x42b85eca8735e9a1 89152 -1 2 3 4 5 6 -7 -8 -9 10 11 12 -13 14 15 16 -17 -18 19 20 21 22 23 -24 -25 -26 -27 -28 -29 30 -31 -32 -33 34 -35 36 -37 -38 -39 40 -41 -42 -43 44 45 46 -47 -48 -49 50
0xe1e2592dcb7c11f3 89152 -1 2 3 4 5 6 -7 -8 -9 10 11 12 -13 14 15 16 -17 -18 19 20 21 22 23 -24 -25 -26 -27 -28 -29 30 -31 -32 -33 34 -35 36 -37 -38 -39 40 -41 -42 -43 44 45 46 -47 -48 -49 50
0xf5f2a01a4fef88cc 89152 -1 2 3 4 5 6 -7 -8 -9 10 11 12 -13 14 15 16 -17 -18 19 20 21 22 23 -24 -25 -26 -27 -28 -29 30 -31 -32 -33 34 -35 36 -37 -38 -39 40 -41 -42 -43 44 45 46 -47 -48 -49 50
0x719b23e72629f557 89152 -1 2 3 4 5 6 -7 -8 -9 10 11 12 -13 14 15 16 -17 -18 19 20 21 22 23 -24 -25 -26 -27 -28 -29 30 -31 -32 -33 34 -35 36 -37 -38 -39 40 -41 -42 -43 44 45 46 -47 -48 -49 50
0x25ea436e9170860f 89152 -1 2 3 4 5 6 -7 -8 -9 10 11 12 -13 14 15 16 -17 -18 19 20 21 22 23 -24 -25 -26 -27 -28 -29 30 -31 -32 -33 34 -35 36 -37 -38 -39 40 -41 -42 -43 44 45 46 -47 -48 -49 50
0xc80751a19456d448 89152 -1 2 3 4 5 6 -7 -8 -9 10 11 12 -13 14 15 16 -17 -18 19 20 21 22 23 -24 -25 -26 -27 -28 -29 30 -31 -32 -33 34 -35 36 -37 -38 -39 40 -41 -42 -43 44 45 46 -47 -48 -49 50
0x25f45cb93390a0ba 89152 -1 2 3 4 5 6 -7 -8 -9 10 11 12 -13 14 15 16 -17 -18 19 20 21 22 23 -24 -25 -26 -27 -28 -29 30 -31 -32 -33 34 -35 36 -37 -38 -39 40 -41 -42 -43 44 45 46 -47 -48 -49 50
0x66a610b887e8aa4c 89152 -1 2 3 4 5 6 -7 -8 -9 10 11 12 -13 14 15 16 -17 -18 19 20 21 22 23 -24 -25 -26 -27 -28 -29 30 -31 -32 -33 34 -35 36 -37 -38 -39 40 -41 -42 -43 44 45 46 -47 -48 -49 50
0x61bad12b59a58b22 89152 -1 2 3 4 5 6 -7 -8 -9 10 11 12 -13 14 15 16 -17 -18 19 20 21 22 23 -24 -25 -26 -27 -28 -29 30 -31 -32 -33 34 -35 36 -37 -38 -39 40 -41 -42 -43 44 45 46 -47 -48 -49 50
0xef8f6618cd11c7ea 89152 -1 2 3 4 5 6 -7 -8 -9 10 11 12 -13 14 15 16 -17 -18 19 20 21 22 23 -24 -25 -26 -27 -28 -29 30 -31 -32 -33 34 -35 36 -37 -38 -39 40 -41 -42 -43 44 45 46 -47 -48 -49 50
0xe0d84ced947d63 89152 -1 2 3 4 5 6 -7 -8 -9 10 11 12 -13 14 15 16 -17 -18 19 20 21 22 23 -24 -25 -26 -27 -28 -29 30 -31 -32 -33 34 -35 36 -37 -38 -39 40 -41 -42 -43 44 45 46 -47 -48 -49 50
0xf4d858c5f10c582e 89152 -1 2 3 4 5 6 -7 -8 -9 10 11 12 -13 14 15 16 -17 -18 19 20 21 22 23 -24 -25 -26 -27 -28 -29 30 -31 -32 -33 34 -35 36 -37 -38 -39 40 -41 -42 -43 44 45 46 -47 -48 -49 50
0x80874f7ada2ec2d9 89152 -1 2 3 4 5 6 -7 -8 -9 10 11 12 -13 14 15 16 -17 -18 19 20 21 22 23 -24 -25 -26 -27 -28 -29 30 -31 -32 -33 34 -35 36 -37 -38 -39 40 -41 -42 -43 44 45 46 -47 -48 -49 50
0x22beed5394c97629 89152 -1 2 3 4 5 6 -7 -8 -9 10 11 12 -13 14 15 16 -17 -18 19 20 21 22 23 -24 -25 -26 -27 -28 -29 30 -31 -32 -33 34 -35 36 -37 -38 -39 40 -41 -42 -43 44 45 46 -47 -48 -49 50
0x860fdd64d42cd7a8 89152 -1 2 3 4 5 6 -7 -8 -9 10 11 12 -13 14 15 16 -17 -18 19 20 21 22 23 -24 -25 -26 -27 -28 -29 30 -31 -32 -33 34 -35 36 -37 -38 -39 40 -41 -42 -43 44 45 46 -47 -48 -49 50
0xe7dbf16d60f9d270 89152 -1 2 3 4 5 6 -7 -8 -9 10 11 12 -13 14 15 16 -17 -18 19 20 21 22 23 -24 -25 -26 -27 -28 -29 30 -31 -32 -33 34 -35 36 -37 -38 -39 40 -41 -42 -43 44 45 46 -47 -48 -49 50
0x9fce58f4a4e1637 89152 -1 2 3 4 5 6 -7 -8 -9 10 11 12 -13 14 15 16 -17 -18 19 20 21 22 23 -24 -25 -26 -27 -28 -29 30 -31 -32 -33 34 -35 36 -37 -38 -39 40 -41 -42 -43 44 45 46 -47 -48 -49 50
0xe3d8974fad15e89b 89152 -1 2 3 4 5 6 -7 -8 -9 10 11 12 -13 14 15 16 -17 -18 19 20 21 22 23 -24 -25 -26 -27 -28 -29 30 -31 -32 -33 34 -35 36 -37 -38 -39 40 -41 -42 -43 44 45 46 -47 -48 -49 50
0x1b0c4bd0bd62f4af 89152 -1 2 3 4 5 6 -7 -8 -9 10 11 12 -13 14 15 16 -17 -18 19 20 21 22 23 -24 -25 -26 -27 -28 -29 30 -31 -32 -33 34 -35 36 -37 -38 -39 40 -41 -42 -43 44 45 46 -47 -48 -49 50
0xc265e14e1f4bc4c6 89152 -1 2 3 4 5 6 -7 -8 -9 10 11 12 -13 14 15 16 -17 -18 19 20 21 22 23 -24 -25 -26 -27 -28 -29 30 -31 -32 -33 34 -35 36 -37 -38 -39 40 -41 -42 -43 44 45 46 -47 -48 -49 50
0x52eb07d5c147d27f 89152 -1 2 3 4 5 6 -7 -8 -9 10 11 12 -13 14 15 16 -17 -18 19 20 21 22 23 -24 -25 -26 -27 -28 -29 30 -31 -32 -33 34 -35 36 -37 -38 -39 40 -41 -42 -43 44 45 46 -47 -48 -49 50
0xbd73dd4c97785911 89152 -1 2 3 4 5 6 -7 -8 -9 10 11 12 -13 14 15 16 -17 -18 19 20 21 22 23 -24 -25 -26 -27 -28 -29 30 -31 -32 -33 34 -35 36 -37 -38 -39 40 -41 -42 -43 44 45 46 -47 -48 -49 50
0xee4602037f836523 89152 -1 2 3 4 5 6 -7 -8 -9 10 11 12 -13 14 15 16 -17 -18 19 20 21 22 23 -24 -25 -26 -27 -28 -29 30 -31 -32 -33 34 -35 36 -37 -38 -39 40 -41 -42 -43 44 45 46 -47 -48 -49 50
0xdef843fcb4d12300 89152 -1 2 3 4 5 6 -7 -8 -9 10 11 12 -13 14 15 16 -17 -18 19 20 21 22 23 -24 -25 -26 -27 -28 -29 30 -31 -32 -33 34 -35 36 -37 -38 -39 40 -41 -42 -43 44 45 46 -47 -48 -49 50
0x9123082d95481000 89152 -1 2 3 4 5 6 -7 -8 -9 10 11 12 -13 14 15 16 -17 -18 19 20 21 22 23 -24 -25 -26 -27 -28 -29 30 -31 -32 -33 34 -35 36 -37 -38 -39 40 -41 -42 -43 44 45 46 -47 -48 -49 50
0x5bc8d21bcb30dc97 89152 -1 2 3 4 5 6 -7 -8 -9 10 11 12 -13 14 15 16 -17 -18 19 20 21 22 23 -24 -25 -26 -27 -28 -29 30 -31 -32 -33 34 -35 36 -37 -38 -39 40 -41 -42 -43 44 45 46 -47 -48 -49 50
0xdbbd726862b6591a 89152 -1 2 3 4 5 6 -7 -8 -9 10 11 12 -13 14 15 16 -17 -18 19 20 21 22 23 -24 -25 -26 -27 -28 -29 30 -31 -32 -33 34 -35 36 -37 -38 -39 40 -41 -42 -43 44 45 46 -47 -48 -49 50
0xa9354046ddff8316 89152 -1 2 3 4 5 6 -7 -8 -9 10 11 12 -13 14 15 16 -17 -18 19 20 21 22 23 -24 -25 -26 -27 -28 -29 30 -31 -32 -33 34 -35 36 -37 -38 -39 40 -41 -42 -43 44 45 46 -47 -48 -49 50
0x7dd8c772da1fa333 89152 -1 2 3 4 5 6 -7 -8 -9 10 11 12 -13 14 15 16 -17 -18 19 20 21 22 23 -24 -25 -26 -27 -28 -29 30 -31 -32 -33 34 -35 36 -37 -38 -39 40 -41 -42 -43 44 45 46 -47 -48 -49 50
0x70038e661888d3c7 87002 -1 2 3 4 5 6 -7 -8 -9 10 11 12 -13 14 15 16 -17 -18 19 -20 21 22 23 -24 -25 -26 -27 -28 -29 30 -31 -32 -33 34 -35 36 -37 -38 -39 40 -41 -42 -43 44 45 46 -47 -48 -49 50