0xd0795c5a1e437edd 154247 1 2 -3 4 5 6 -7 8 -9 -10 11 -12 -13 14 -15 16 17 18 19 20 21 -22 23 24 -25 -26 -27 -28 29 -30 -31 32 33 -34 35 36 -37 38 39 40 41 42 43 44 45 46 47 48 49 -50
0xb86c6b783bca6cfe 152260 1 2 -3 4 5 6 -7 8 -9 -10 11 -12 -13 14 -15 16 17 -18 19 20 21 -22 23 24 -25 -26 -27 -28 29 -30 -31 32 33 -34 35 36 -37 38 39 40 41 42 43 44 45 46 47 48 49 -50
0x27ac1ea3c722e1b7 152816 1 2 -3 4 5 6 -7 8 -9 -10 11 -12 -13 14 -15 16 17 18 19 20 21 -22 23 -24 -25 -26 -27 -28 29 -30 -31 32 33 -34 35 36 -37 38 39 40 41 42 43 44 45 46 47 48 49 -50
0xe607400790626a00 153824 1 2 -3 4 5 6 -7 8 -9 -10 11 -12 13 14 -15 16 17 18 19 20 21 -22 23 -24 -25 -26 -27 -28 29 -30 -31 32 33 -34 -35 36 -37 38 39 40 41 42 43 44 45 46 47 48 49 -50
0x4569d39d6bda6616 153824 1 2 -3 4 5 6 -7 8 -9 -10 11 -12 13 14 -15 16 17 18 19 20 21 -22 23 -24 -25 -26 -27 -28 29 -30 -31 32 33 -34 -35 36 -37 38 39 40 41 42 43 44 45 46 47 48 49 -50
0xc6fca4f0d34a7b6a 153824 1 2 -3 4 5 6 -7 8 -9 -10 11 -12 13 14 -15 16 17 18 19 20 21 -22 23 -24 -25 -26 -27 -28 29 -30 -31 32 33 -34 -35 36 -37 38 39 40 41 42 43 44 45 46 47 48 49 -50
0x36e856bfa3c46207 151837 1 2 -3 4 5 6 -7 8 -9 -10 11 -12 13 14 -15 16 17 -18 19 20 21 -22 23 -24 -25 -26 -27 -28 29 -30 -31 32 33 -34 -35 36 -37 38 39 40 41 42 43 44 45 46 47 48 49 -50
0x37a1fd01ccdf646 154247 1 2 -3 4 5 6 -7 8 -9 -10 11 -12 -13 14 -15 16 17 18 19 20 21 -22 23 24 -25 -26 -27 -28 29 -30 -31 32 33 -34 35 36 -37 38 39 40 41 42 43 44 45 46 47 48 49 -50
0x34beb111e1e25ab5 154247 1 2 -3 4 5 6 -7 8 -9 -10 11 -12 -13 14 -15 16 17 18 19 20 21 -22 23 24 -25 -26 -27 -28 29 -30 -31 32 33 -34 35 36 -37 38 39 40 41 42 43 44 45 46 47 48 49 -50
0x223f00f73b593644 151837 1 2 -3 4 5 6 -7 8 -9 -10 11 -12 13 14 -15 16 17 -18 19 20 21 -22 23 -24 -25 -26 -27 -28 29 -30 -31 32 33 -34 -35 36 -37 38 39 40 41 42 43 44 45 46 47 48 49 -50
0x3d7df80f9ecd5ab2 153824 1 2 -3 4 5 6 -7 8 -9 -10 11 -12 13 14 -15 16 17 18 19 20 21 -22 23 -24 -25 -26 -27 -28 29 -30 -31 32 33 -34 -35 36 -37 38 39 40 41 42 43 44 45 46 47 48 49 -50
0xd2653aea399a5f37 153824 1 2 -3 4 5 6 -7 8 -9 -10 11 -12 13 14 -15 16 17 18 19 20 21 -22 23 -24 -25 -26 -27 -28 29 -30 -31 32 33 -34 -35 36 -37 38 39 40 41 42 43 44 45 46 47 48 49 -50
0x883a8d27f632fb73 153824 1 2 -3 4 5 6 -7 8 -9 -10 11 -12 13 14 -15 16 17 18 19 20 21 -22 23 -24 -25 -26 -27 -28 29 -30 -31 32 33 -34 -35 36 -37 38 39 40 41 42 43 44 45 46 47 48 49 -50
0x3f3e89e12f282e97 154247 1 2 -3 4 5 6 -7 8 -9 -10 11 -12 -13 14 -15 16 17 18 19 20 21 -22 23 24 -25 -26 -27 -28 29 -30 -31 32 33 -34 35 36 -37 38 39 40 41 42 43 44 45 46 47 48 49 -50
0xe5f8ad3bf4fb7ed3 154247 1 2 -3 4 5 6 -7 8 -9 -10 11 -12 -13 14 -15 16 17 18 19 20 21 -22 23 24 -25 -26 -27 -28 29 -30 -31 32 33 -34 35 36 -37 38 39 40 41 42 43 44 45 46 47 48 49 -50
0x4eb3eb49be84dcff 154247 1 2 -3 4 5 6 -7 8 -9 -10 11 -12 -13 14 -15 16 17 18 19 20 21 -22 23 24 -25 -26 -27 -28 29 -30 -31 32 33 -34 35 36 -37 38 39 40 41 42 43 44 45 46 47 48 49 -50
0x670a5024630ef88d 154247 1 2 -3 4 5 6 -7 8 -9 -10 11 -12 -13 14 -15 16 17 18 19 20 21 -22 23 24 -25 -26 -27 -28 29 -30 -31 32 33 -34 35 36 -37 38 39 40 41 42 43 44 45 46 47 48 49 -50
0x71d56545f9930faf 154247 1 2 -3 4 5 6 -7 8 -9 -10 11 -12 -13 14 -15 16 17 18 19 20 21 -22 23 24 -25 -26 -27 -28 29 -30 -31 32 33 -34 35 36 -37 38 39 40 41 42 43 44 45 46 47 48 49 -50
0xbcac582b55ef87c5 154247 1 2 -3 4 5 6 -7 8 -9 -10 11 -12 -13 14 -15 16 17 18 19 20 21 -22 23 24 -25 -26 -27 -28 29 -30 -31 32 33 -34 35 36 -37 38 39 40 41 42 43 44 45 46 47 48 49 -50
0x6e881e2953d2da09 152260 1 2 -3 4 5 6 -7 8 -9 -10 11 -12 -13 14 -15 16 17 -18 19 20 21 -22 23 24 -25 -26 -27 -28 29 -30 -31 32 33 -34 35 36 -37 38 39 40 41 42 43 44 45 46 47 48 49 -50
0x6a71118f739ea07e 154247 1 2 -3 4 5 6 -7 8 -9 -10 11 -12 -13 14 -15 16 17 18 19 20 21 -22 23 24 -25 -26 -27 -28 29 -30 -31 32 33 -34 35 36 -37 38 39 40 41 42 43 44 45 46 47 48 49 -50
0x4080c3fbcffccf16 154247 1 2 -3 4 5 6 -7 8 -9 -10 11 -12 -13 14 -15 16 17 18 19 20 21 -22 23 24 -25 -26 -27 -28 29 -30 -31 32 33 -34 35 36 -37 38 39 40 41 42 43 44 45 46 47 48 49 -50
0xa71f889f401655d9 153824 1 2 -3 4 5 6 -7 8 -9 -10 11 -12 13 14 -15 16 17 18 19 20 21 -22 23 -24 -25 -26 -27 -28 29 -30 -31 32 33 -34 -35 36 -37 38 39 40 41 42 43 44 45 46 47 48 49 -50
0xcee6b0469b926321 154247 1 2 -3 4 5 6 -7 8 -9 -10 11 -12 -13 14 -15 16 17 18 19 20 21 -22 23 24 -25 -26 -27 -28 29 -30 -31 32 33 -34 35 36 -37 38 39 40 41 42 43 44 45 46 47 48 49 -50
0x8a08e80049135933 154247 1 2 -3 4 5 6 -7 8 -9 -10 11 -12 -13 14 -15 16 17 18 19 20 21 -22 23 24 -25 -26 -27 -28 29 -30 -31 32 33 -34 35 36 -37 38 39 40 41 42 43 44 45 46 47 48 49 -50
0x9f4771c9382ce19f 154247 1 2 -3 4 5 6 -7 8 -9 -10 11 -12 -13 14 -15 16 17 18 19 20 21 -22 23 24 -25 -26 -27 -28 29 -30 -31 32 33 -34 35 36 -37 38 39 40 41 42 43 44 45 46 47 48 49 -50
0x5110ee1ebd1f68c9 154247 1 2 -3 4 5 6 -7 8 -9 -10 11 -12 -13 14 -15 16 17 18 19 20 21 -22 23 24 -25 -26 -27 -28 29 -30 -31 32 33 -34 35 36 -37 38 39 40 41 42 43 44 45 46 47 48 49 -50
0x7c2ed776dbf719b6 150862 1 2 -3 4 5 6 -7 8 -9 -10 11 -12 13 14 -15 16 17 18 19 20 21 -22 23 -24 -25 -26 -27 -28 29 -30 -31 32 33 -34 -35 36 -37 38 39 40 41 42 43 44 45 46 47 -48 49 -50
0x8e6ee4f98aafd018 150332 1 2 -3 4 5 6 -7 8 -9 -10 11 -12 13 14 -15 16 17 18 19 20 21 -22 23 -24 -25 -26 -27 -28 29 -30 -31 32 33 -34 -35 36 -37 38 -39 40 41 42 43 44 45 46 47 48 49 -50
0x1667b08421602c97 152176 1 -2 -3 4 5 6 -7 8 -9 -10 11 -12 -13 14 -15 16 17 18 19 20 21 -22 23 24 -25 -26 -27 -28 29 -30 -31 32 33 -34 35 36 37 38 39 40 41 42 43 44 -45 46 47 48 49 -50