0x3d9e4bc0faa9db9e 150461 -1 -2 3 -4 -5 -6 7 -8 -9 10 11 12 -13 -14 -15 -16 17 18 -19 20 -21 22 23 -24 25 -26 27 -28 -29 -30 -31 32 33 34 35 -36 -37 38 39 -40 -41 42 -43 -44 45 -46 47 48 49 50
0x93638ad168a70d02 150461 -1 -2 3 -4 -5 -6 7 -8 -9 10 11 12 -13 -14 -15 -16 17 18 -19 20 -21 22 23 -24 25 -26 27 -28 -29 -30 -31 32 33 34 35 -36 -37 38 39 -40 -41 42 -43 -44 45 -46 47 48 49 50
0xf4708373880bf85a 150461 -1 -2 3 -4 -5 -6 7 -8 -9 10 11 12 -13 -14 -15 -16 17 18 -19 20 -21 22 23 -24 25 -26 27 -28 -29 -30 -31 32 33 34 35 -36 -37 38 39 -40 -41 42 -43 -44 45 -46 47 48 49 50
0x507856d591faa3b7 150461 -1 -2 3 -4 -5 -6 7 -8 -9 10 11 12 -13 -14 -15 -16 17 18 -19 20 -21 22 23 -24 25 -26 27 -28 -29 -30 -31 32 33 34 35 -36 -37 38 39 -40 -41 42 -43 -44 45 -46 47 48 49 50
0xf46e7bc4cea6a9d 150461 -1 -2 3 -4 -5 -6 7 -8 -9 10 11 12 -13 -14 -15 -16 17 18 -19 20 -21 22 23 -24 25 -26 27 -28 -29 -30 -31 32 33 34 35 -36 -37 38 39 -40 -41 42 -43 -44 45 -46 47 48 49 50
0xb899b4d0f01900aa 150461 -1 -2 3 -4 -5 -6 7 -8 -9 10 11 12 -13 -14 -15 -16 17 18 -19 20 -21 22 23 -24 25 -26 27 -28 -29 -30 -31 32 33 34 35 -36 -37 38 39 -40 -41 42 -43 -44 45 -46 47 48 49 50
0x803d57a2e47feae3 150461 -1 -2 3 -4 -5 -6 7 -8 -9 10 11 12 -13 -14 -15 -16 17 18 -19 20 -21 22 23 -24 25 -26 27 -28 -29 -30 -31 32 33 34 35 -36 -37 38 39 -40 -41 42 -43 -44 45 -46 47 48 49 50
0xf5ff92da4efe7743 150461 -1 -2 3 -4 -5 -6 7 -8 -9 10 11 12 -13 -14 -15 -16 17 18 -19 20 -21 22 23 -24 25 -26 27 -28 -29 -30 -31 32 33 34 35 -36 -37 38 39 -40 -41 42 -43 -44 45 -46 47 48 49 50
0x9bb4cbba6223de86 150461 -1 -2 3 -4 -5 -6 7 -8 -9 10 11 12 -13 -14 -15 -16 17 18 -19 20 -21 22 23 -24 25 -26 27 -28 -29 -30 -31 32 33 34 35 -36 -37 38 39 -40 -41 42 -43 -44 45 -46 47 48 49 50
0xd61a1ac0f4e695bd 150461 -1 -2 3 -4 -5 -6 7 -8 -9 10 11 12 -13 -14 -15 -16 17 18 -19 20 -21 22 23 -24 25 -26 27 -28 -29 -30 -31 32 33 34 35 -36 -37 38 39 -40 -41 42 -43 -44 45 -46 47 48 49 50
0xd30b20171c88e851 150461 -1 -2 3 -4 -5 -6 7 -8 -9 10 11 12 -13 -14 -15 -16 17 18 -19 20 -21 22 23 -24 25 -26 27 -28 -29 -30 -31 32 33 34 35 -36 -37 38 39 -40 -41 42 -43 -44 45 -46 47 48 49 50
0xc9cf83074f1565fc 150461 -1 -2 3 -4 -5 -6 7 -8 -9 10 11 12 -13 -14 -15 -16 17 18 -19 20 -21 22 23 -24 25 -26 27 -28 -29 -30 -31 32 33 34 35 -36 -37 38 39 -40 -41 42 -43 -44 45 -46 47 48 49 50
0xa2b5434323855c4 150461 -1 -2 3 -4 -5 -6 7 -8 -9 10 11 12 -13 -14 -15 -16 17 18 -19 20 -21 22 23 -24 25 -26 27 -28 -29 -30 -31 32 33 34 35 -36 -37 38 39 -40 -41 42 -43 -44 45 -46 47 48 49 50
0x4e5761c748b9a596 150461 -1 -2 3 -4 -5 -6 7 -8 -9 10 11 12 -13 -14 -15 -16 17 18 -19 20 -21 22 23 -24 25 -26 27 -28 -29 -30 -31 32 33 34 35 -36 -37 38 39 -40 -41 42 -43 -44 45 -46 47 48 49 50
0x6491ef3edda41e43 150461 -1 -2 3 -4 -5 -6 7 -8 -9 10 11 12 -13 -14 -15 -16 17 18 -19 20 -21 22 23 -24 25 -26 27 -28 -29 -30 -31 32 33 34 35 -36 -37 38 39 -40 -41 42 -43 -44 45 -46 47 48 49 50
0x72893da1d61399c1 150461 -1 -2 3 -4 -5 -6 7 -8 -9 10 11 12 -13 -14 -15 -16 17 18 -19 20 -21 22 23 -24 25 -26 27 -28 -29 -30 -31 32 33 34 35 -36 -37 38 39 -40 -41 42 -43 -44 45 -46 47 48 49 50
0xb868cfa57fa63fdf 150461 -1 -2 3 -4 -5 -6 7 -8 -9 10 11 12 -13 -14 -15 -16 17 18 -19 20 -21 22 23 -24 25 -26 27 -28 -29 -30 -31 32 33 34 35 -36 -37 38 39 -40 -41 42 -43 -44 45 -46 47 48 49 50
0x9ff61c4329080b1f 150461 -1 -2 3 -4 -5 -6 7 -8 -9 10 11 12 -13 -14 -15 -16 17 18 -19 20 -21 22 23 -24 25 -26 27 -28 -29 -30 -31 32 33 34 35 -36 -37 38 39 -40 -41 42 -43 -44 45 -46 47 48 49 50
0x15efe07e34477dbc 150461 -1 -2 3 -4 -5 -6 7 -8 -9 10 11 12 -13 -14 -15 -16 17 18 -19 20 -21 22 23 -24 25 -26 27 -28 -29 -30 -31 32 33 34 35 -36 -37 38 39 -40 -41 42 -43 -44 45 -46 47 48 49 50
0x18d58457a6c608fa 150461 -1 -2 3 -4 -5 -6 7 -8 -9 10 11 12 -13 -14 -15 -16 17 18 -19 20 -21 22 23 -24 25 -26 27 -28 -29 -30 -31 32 33 34 35 -36 -37 38 39 -40 -41 42 -43 -44 45 -46 47 48 49 50
0x463e2f1142c992b2 150461 -1 -2 3 -4 -5 -6 7 -8 -9 10 11 12 -13 -14 -15 -16 17 18 -19 20 -21 22 23 -24 25 -26 27 -28 -29 -30 -31 32 33 34 35 -36 -37 38 39 -40 -41 42 -43 -44 45 -46 47 48 49 50
0x361466a27f78c51e 150461 -1 -2 3 -4 -5 -6 7 -8 -9 10 11 12 -13 -14 -15 -16 17 18 -19 20 -21 22 23 -24 25 -26 27 -28 -29 -30 -31 32 33 34 35 -36 -37 38 39 -40 -41 42 -43 -44 45 -46 47 48 49 50
0x65b4567a159c14e1 150461 -1 -2 3 -4 -5 -6 7 -8 -9 10 11 12 -13 -14 -15 -16 17 18 -19 20 -21 22 23 -24 25 -26 27 -28 -29 -30 -31 32 33 34 35 -36 -37 38 39 -40 -41 42 -43 -44 45 -46 47 48 49 50
0x6b501977b819a95a 150461 -1 -2 3 -4 -5 -6 7 -8 -9 10 11 12 -13 -14 -15 -16 17 18 -19 20 -21 22 23 -24 25 -26 27 -28 -29 -30 -31 32 33 34 35 -36 -37 38 39 -40 -41 42 -43 -44 45 -46 47 48 49 50
0x975ea328810a932b 150461 -1 -2 3 -4 -5 -6 7 -8 -9 10 11 12 -13 -14 -15 -16 17 18 -19 20 -21 22 23 -24 25 -26 27 -28 -29 -30 -31 32 33 34 35 -36 -37 38 39 -40 -41 42 -43 -44 45 -46 47 48 49 50
0x1d7724439dbbfd04 150461 -1 -2 3 -4 -5 -6 7 -8 -9 10 11 12 -13 -14 -15 -16 17 18 -19 20 -21 22 23 -24 25 -26 27 -28 -29 -30 -31 32 33 34 35 -36 -37 38 39 -40 -41 42 -43 -44 45 -46 47 48 49 50
0x431406627f2f42b5 150461 -1 -2 3 -4 -5 -6 7 -8 -9 10 11 12 -13 -14 -15 -16 17 18 -19 20 -21 22 23 -24 25 -26 27 -28 -29 -30 -31 32 33 34 35 -36 -37 38 39 -40 -41 42 -43 -44 45 -46 47 48 49 50
0xf08ddb01dff81a74 150461 -1 -2 3 -4 -5 -6 7 -8 -9 10 11 12 -13 -14 -15 -16 17 18 -19 20 -21 22 23 -24 25 -26 27 -28 -29 -30 -31 32 33 34 35 -36 -37 38 39 -40 -41 42 -43 -44 45 -46 47 48 49 50
0xba6fd9bd0df03c6b 150461 -1 -2 3 -4 -5 -6 7 -8 -9 10 11 12 -13 -14 -15 -16 17 18 -19 20 -21 22 23 -24 25 -26 27 -28 -29 -30 -31 32 33 34 35 -36 -37 38 39 -40 -41 42 -43 -44 45 -46 47 48 49 50
0xe54c9c6445c3486 150461 -1 -2 3 -4 -5 -6 7 -8 -9 10 11 12 -13 -14 -15 -16 17 18 -19 20 -21 22 23 -24 25 -26 27 -28 -29 -30 -31 32 33 34 35 -36 -37 38 39 -40 -41 42 -43 -44 45 -46 47 48 49 50