0xcccc004efa891a95 180182 1 2 3 4 -5 6 7 8 -9 -10 11 12 13 14 15 16 17 18 19 -20 21 22 -23 -24 25 -26 27 28 29 -30 31 32 33 -34 -35 -36 37 -38 39 -40 -41 -42 -43 -44 45 46 -47 -48 49 50
0x1573cc8fa8a35015 180182 1 2 3 4 -5 6 7 8 -9 -10 11 12 13 14 15 16 17 18 19 -20 21 22 -23 -24 25 -26 27 28 29 -30 31 32 33 -34 -35 -36 37 -38 39 -40 -41 -42 -43 -44 45 46 -47 -48 49 50
0x830f2452988c5b9 180182 1 2 3 4 -5 6 7 8 -9 -10 11 12 13 14 15 16 17 18 19 -20 21 22 -23 -24 25 -26 27 28 29 -30 31 32 33 -34 -35 -36 37 -38 39 -40 -41 -42 -43 -44 45 46 -47 -48 49 50
0x878a745db4ff14d7 180182 1 2 3 4 -5 6 7 8 -9 -10 11 12 13 14 15 16 17 18 19 -20 21 22 -23 -24 25 -26 27 28 29 -30 31 32 33 -34 -35 -36 37 -38 39 -40 -41 -42 -43 -44 45 46 -47 -48 49 50
0xf2f69332863658f2 180182 1 2 3 4 -5 6 7 8 -9 -10 11 12 13 14 15 16 17 18 19 -20 21 22 -23 -24 25 -26 27 28 29 -30 31 32 33 -34 -35 -36 37 -38 39 -40 -41 -42 -43 -44 45 46 -47 -48 49 50
0xdb1374a4c0c1eba2 180182 1 2 3 4 -5 6 7 8 -9 -10 11 12 13 14 15 16 17 18 19 -20 21 22 -23 -24 25 -26 27 28 29 -30 31 32 33 -34 -35 -36 37 -38 39 -40 -41 -42 -43 -44 45 46 -47 -48 49 50
0x6f36117918841cc1 180182 1 2 3 4 -5 6 7 8 -9 -10 11 12 13 14 15 16 17 18 19 -20 21 22 -23 -24 25 -26 27 28 29 -30 31 32 33 -34 -35 -36 37 -38 39 -40 -41 -42 -43 -44 45 46 -47 -48 49 50
0xa2c063f1651032d8 180182 1 2 3 4 -5 6 7 8 -9 -10 11 12 13 14 15 16 17 18 19 -20 21 22 -23 -24 25 -26 27 28 29 -30 31 32 33 -34 -35 -36 37 -38 39 -40 -41 -42 -43 -44 45 46 -47 -48 49 50
0xaa9f13ad2f643fc9 180182 1 2 3 4 -5 6 7 8 -9 -10 11 12 13 14 15 16 17 18 19 -20 21 22 -23 -24 25 -26 27 28 29 -30 31 32 33 -34 -35 -36 37 -38 39 -40 -41 -42 -43 -44 45 46 -47 -48 49 50
0xc2190adc45f57c33 180182 1 2 3 4 -5 6 7 8 -9 -10 11 12 13 14 15 16 17 18 19 -20 21 22 -23 -24 25 -26 27 28 29 -30 31 32 33 -34 -35 -36 37 -38 39 -40 -41 -42 -43 -44 45 46 -47 -48 49 50
0xe999e029650948e8 180182 1 2 3 4 -5 6 7 8 -9 -10 11 12 13 14 15 16 17 18 19 -20 21 22 -23 -24 25 -26 27 28 29 -30 31 32 33 -34 -35 -36 37 -38 39 -40 -41 -42 -43 -44 45 46 -47 -48 49 50
0x5157c618129502eb 180182 1 2 3 4 -5 6 7 8 -9 -10 11 12 13 14 15 16 17 18 19 -20 21 22 -23 -24 25 -26 27 28 29 -30 31 32 33 -34 -35 -36 37 -38 39 -40 -41 -42 -43 -44 45 46 -47 -48 49 50
0x4c2ae02922e6b0ed 180182 1 2 3 4 -5 6 7 8 -9 -10 11 12 13 14 15 16 17 18 19 -20 21 22 -23 -24 25 -26 27 28 29 -30 31 32 33 -34 -35 -36 37 -38 39 -40 -41 -42 -43 -44 45 46 -47 -48 49 50
0x1d0db7aa23130522 180182 1 2 3 4 -5 6 7 8 -9 -10 11 12 13 14 15 16 17 18 19 -20 21 22 -23 -24 25 -26 27 28 29 -30 31 32 33 -34 -35 -36 37 -38 39 -40 -41 -42 -43 -44 45 46 -47 -48 49 50
0x50fe6c34f94b1233 180182 1 2 3 4 -5 6 7 8 -9 -10 11 12 13 14 15 16 17 18 19 -20 21 22 -23 -24 25 -26 27 28 29 -30 31 32 33 -34 -35 -36 37 -38 39 -40 -41 -42 -43 -44 45 46 -47 -48 49 50
0x552f7404a2db5e20 180182 1 2 3 4 -5 6 7 8 -9 -10 11 12 13 14 15 16 17 18 19 -20 21 22 -23 -24 25 -26 27 28 29 -30 31 32 33 -34 -35 -36 37 -38 39 -40 -41 -42 -43 -44 45 46 -47 -48 49 50
0x42fd1a8063aa33cf 180182 1 2 3 4 -5 6 7 8 -9 -10 11 12 13 14 15 16 17 18 19 -20 21 22 -23 -24 25 -26 27 28 29 -30 31 32 33 -34 -35 -36 37 -38 39 -40 -41 -42 -43 -44 45 46 -47 -48 49 50
0xdc51d36616526ecc 180182 1 2 3 4 -5 6 7 8 -9 -10 11 12 13 14 15 16 17 18 19 -20 21 22 -23 -24 25 -26 27 28 29 -30 31 32 33 -34 -35 -36 37 -38 39 -40 -41 -42 -43 -44 45 46 -47 -48 49 50
0x902aaf2c25e3ae72 180182 1 2 3 4 -5 6 7 8 -9 -10 11 12 13 14 15 16 17 18 19 -20 21 22 -23 -24 25 -26 27 28 29 -30 31 32 33 -34 -35 -36 37 -38 39 -40 -41 -42 -43 -44 45 46 -47 -48 49 50
0x8a9c609256dfe15e 180182 1 2 3 4 -5 6 7 8 -9 -10 11 12 13 14 15 16 17 18 19 -20 21 22 -23 -24 25 -26 27 28 29 -30 31 32 33 -34 -35 -36 37 -38 39 -40 -41 -42 -43 -44 45 46 -47 -48 49 50
0x34780f8760aab515 180182 1 2 3 4 -5 6 7 8 -9 -10 11 12 13 14 15 16 17 18 19 -20 21 22 -23 -24 25 -26 27 28 29 -30 31 32 33 -34 -35 -36 37 -38 39 -40 -41 -42 -43 -44 45 46 -47 -48 49 50
0xcd4a753de439b5f4 180182 1 2 3 4 -5 6 7 8 -9 -10 11 12 13 14 15 16 17 18 19 -20 21 22 -23 -24 25 -26 27 28 29 -30 31 32 33 -34 -35 -36 37 -38 39 -40 -41 -42 -43 -44 45 46 -47 -48 49 50
0x7226fd91595a2b59 180182 1 2 3 4 -5 6 7 8 -9 -10 11 12 13 14 15 16 17 18 19 -20 21 22 -23 -24 25 -26 27 28 29 -30 31 32 33 -34 -35 -36 37 -38 39 -40 -41 -42 -43 -44 45 46 -47 -48 49 50
0xe1c3e9960593fc10 180182 1 2 3 4 -5 6 7 8 -9 -10 11 12 13 14 15 16 17 18 19 -20 21 22 -23 -24 25 -26 27 28 29 -30 31 32 33 -34 -35 -36 37 -38 39 -40 -41 -42 -43 -44 45 46 -47 -48 49 50
0x941baf802ecf2701 180182 1 2 3 4 -5 6 7 8 -9 -10 11 12 13 14 15 16 17 18 19 -20 21 22 -23 -24 25 -26 27 28 29 -30 31 32 33 -34 -35 -36 37 -38 39 -40 -41 -42 -43 -44 45 46 -47 -48 49 50
0x765313b844ab9c18 180182 1 2 3 4 -5 6 7 8 -9 -10 11 12 13 14 15 16 17 18 19 -20 21 22 -23 -24 25 -26 27 28 29 -30 31 32 33 -34 -35 -36 37 -38 39 -40 -41 -42 -43 -44 45 46 -47 -48 49 50
0x744ab73c3e318174 180182 1 2 3 4 -5 6 7 8 -9 -10 11 12 13 14 15 16 17 18 19 -20 21 22 -23 -24 25 -26 27 28 29 -30 31 32 33 -34 -35 -36 37 -38 39 -40 -41 -42 -43 -44 45 46 -47 -48 49 50
0x55461737826230d3 180182 1 2 3 4 -5 6 7 8 -9 -10 11 12 13 14 15 16 17 18 19 -20 21 22 -23 -24 25 -26 27 28 29 -30 31 32 33 -34 -35 -36 37 -38 39 -40 -41 -42 -43 -44 45 46 -47 -48 49 50
0xb1b139e34980793d 180182 1 2 3 4 -5 6 7 8 -9 -10 11 12 13 14 15 16 17 18 19 -20 21 22 -23 -24 25 -26 27 28 29 -30 31 32 33 -34 -35 -36 37 -38 39 -40 -41 -42 -43 -44 45 46 -47 -48 49 50
0x8a89849aeee0f0f1 180182 1 2 3 4 -5 6 7 8 -9 -10 11 12 13 14 15 16 17 18 19 -20 21 22 -23 -24 25 -26 27 28 29 -30 31 32 33 -34 -35 -36 37 -38 39 -40 -41 -42 -43 -44 45 46 -47 -48 49 50