0xa6c7c4467fcf5b0e 208392 -1 2 3 -4 5 -6 -7 8 -9 -10 -11 12 -13 14 -15 16 17 -18 -19 -20 21 22 23 24 25 26 27 28 29 30 -31 32 33 34 35 -36 -37 -38 -39 40 -41 42 -43 44 -45 -46 47 48 49 50
0xade25c17e9d16b31 208392 -1 2 3 -4 5 -6 -7 8 -9 -10 -11 12 -13 14 -15 16 17 -18 -19 -20 21 22 23 24 25 26 27 28 29 30 -31 32 33 34 35 -36 -37 -38 -39 40 -41 42 -43 44 -45 -46 47 48 49 50
0xf94f5f41e98bac9d 208392 -1 2 3 -4 5 -6 -7 8 -9 -10 -11 12 -13 14 -15 16 17 -18 -19 -20 21 22 23 24 25 26 27 28 29 30 -31 32 33 34 35 -36 -37 -38 -39 40 -41 42 -43 44 -45 -46 47 48 49 50
0xeec913db9d04bad7 208392 -1 2 3 -4 5 -6 -7 8 -9 -10 -11 12 -13 14 -15 16 17 -18 -19 -20 21 22 23 24 25 26 27 28 29 30 -31 32 33 34 35 -36 -37 -38 -39 40 -41 42 -43 44 -45 -46 47 48 49 50
0x431044db20c6a431 208392 -1 2 3 -4 5 -6 -7 8 -9 -10 -11 12 -13 14 -15 16 17 -18 -19 -20 21 22 23 24 25 26 27 28 29 30 -31 32 33 34 35 -36 -37 -38 -39 40 -41 42 -43 44 -45 -46 47 48 49 50
0xceb82bee978fd839 208392 -1 2 3 -4 5 -6 -7 8 -9 -10 -11 12 -13 14 -15 16 17 -18 -19 -20 21 22 23 24 25 26 27 28 29 30 -31 32 33 34 35 -36 -37 -38 -39 40 -41 42 -43 44 -45 -46 47 48 49 50
0x6e89589fe5e2b6a1 208392 -1 2 3 -4 5 -6 -7 8 -9 -10 -11 12 -13 14 -15 16 17 -18 -19 -20 21 22 23 24 25 26 27 28 29 30 -31 32 33 34 35 -36 -37 -38 -39 40 -41 42 -43 44 -45 -46 47 48 49 50
0x56aca9203faa6f 208392 -1 2 3 -4 5 -6 -7 8 -9 -10 -11 12 -13 14 -15 16 17 -18 -19 -20 21 22 23 24 25 26 27 28 29 30 -31 32 33 34 35 -36 -37 -38 -39 40 -41 42 -43 44 -45 -46 47 48 49 50
0x28ec69956bf81d66 208392 -1 2 3 -4 5 -6 -7 8 -9 -10 -11 12 -13 14 -15 16 17 -18 -19 -20 21 22 23 24 25 26 27 28 29 30 -31 32 33 34 35 -36 -37 -38 -39 40 -41 42 -43 44 -45 -46 47 48 49 50
0x8c008b994cf6cfb4 208392 -1 2 3 -4 5 -6 -7 8 -9 -10 -11 12 -13 14 -15 16 17 -18 -19 -20 21 22 23 24 25 26 27 28 29 30 -31 32 33 34 35 -36 -37 -38 -39 40 -41 42 -43 44 -45 -46 47 48 49 50
0xcb26edb11df45fdd 208392 -1 2 3 -4 5 -6 -7 8 -9 -10 -11 12 -13 14 -15 16 17 -18 -19 -20 21 22 23 24 25 26 27 28 29 30 -31 32 33 34 35 -36 -37 -38 -39 40 -41 42 -43 44 -45 -46 47 48 49 50
0xb602f2fe1c950ee7 208392 -1 2 3 -4 5 -6 -7 8 -9 -10 -11 12 -13 14 -15 16 17 -18 -19 -20 21 22 23 24 25 26 27 28 29 30 -31 32 33 34 35 -36 -37 -38 -39 40 -41 42 -43 44 -45 -46 47 48 49 50
0x983b15e741f0cc7 208392 -1 2 3 -4 5 -6 -7 8 -9 -10 -11 12 -13 14 -15 16 17 -18 -19 -20 21 22 23 24 25 26 27 28 29 30 -31 32 33 34 35 -36 -37 -38 -39 40 -41 42 -43 44 -45 -46 47 48 49 50
0x5f26d94cc016d90c 208392 -1 2 3 -4 5 -6 -7 8 -9 -10 -11 12 -13 14 -15 16 17 -18 -19 -20 21 22 23 24 25 26 27 28 29 30 -31 32 33 34 35 -36 -37 -38 -39 40 -41 42 -43 44 -45 -46 47 48 49 50
0x2d49d6fbe05983cb 208392 -1 2 3 -4 5 -6 -7 8 -9 -10 -11 12 -13 14 -15 16 17 -18 -19 -20 21 22 23 24 25 26 27 28 29 30 -31 32 33 34 35 -36 -37 -38 -39 40 -41 42 -43 44 -45 -46 47 48 49 50
0x1fb7e8afba82daca 208392 -1 2 3 -4 5 -6 -7 8 -9 -10 -11 12 -13 14 -15 16 17 -18 -19 -20 21 22 23 24 25 26 27 28 29 30 -31 32 33 34 35 -36 -37 -38 -39 40 -41 42 -43 44 -45 -46 47 48 49 50
0x8127265cc4cfcef0 208392 -1 2 3 -4 5 -6 -7 8 -9 -10 -11 12 -13 14 -15 16 17 -18 -19 -20 21 22 23 24 25 26 27 28 29 30 -31 32 33 34 35 -36 -37 -38 -39 40 -41 42 -43 44 -45 -46 47 48 49 50
0xcc75b6835d7b9ded 208392 -1 2 3 -4 5 -6 -7 8 -9 -10 -11 12 -13 14 -15 16 17 -18 -19 -20 21 22 23 24 25 26 27 28 29 30 -31 32 33 34 35 -36 -37 -38 -39 40 -41 42 -43 44 -45 -46 47 48 49 50
0xe473ac47f3108c26 208392 -1 2 3 -4 5 -6 -7 8 -9 -10 -11 12 -13 14 -15 16 17 -18 -19 -20 21 22 23 24 25 26 27 28 29 30 -31 32 33 34 35 -36 -37 -38 -39 40 -41 42 -43 44 -45 -46 47 48 49 50
0x7c1d4ad69e8b3ae4 208392 -1 2 3 -4 5 -6 -7 8 -9 -10 -11 12 -13 14 -15 16 17 -18 -19 -20 21 22 23 24 25 26 27 28 29 30 -31 32 33 34 35 -36 -37 -38 -39 40 -41 42 -43 44 -45 -46 47 48 49 50
0x3c9ca9f7d3c1e6bd 208392 -1 2 3 -4 5 -6 -7 8 -9 -10 -11 12 -13 14 -15 16 17 -18 -19 -20 21 22 23 24 25 26 27 28 29 30 -31 32 33 34 35 -36 -37 -38 -39 40 -41 42 -43 44 -45 -46 47 48 49 50
0x8378f7f14f7f1a42 208392 -1 2 3 -4 5 -6 -7 8 -9 -10 -11 12 -13 14 -15 16 17 -18 -19 -20 21 22 23 24 25 26 27 28 29 30 -31 32 33 34 35 -36 -37 -38 -39 40 -41 42 -43 44 -45 -46 47 48 49 50
0xb744d49d1169a0ea 208392 -1 2 3 -4 5 -6 -7 8 -9 -10 -11 12 -13 14 -15 16 17 -18 -19 -20 21 22 23 24 25 26 27 28 29 30 -31 32 33 34 35 -36 -37 -38 -39 40 -41 42 -43 44 -45 -46 47 48 49 50
0x352481ca6a69c63f 208392 -1 2 3 -4 5 -6 -7 8 -9 -10 -11 12 -13 14 -15 16 17 -18 -19 -20 21 22 23 24 25 26 27 28 29 30 -31 32 33 34 35 -36 -37 -38 -39 40 -41 42 -43 44 -45 -46 47 48 49 50
0x82e7e4d772fe2d47 208392 -1 2 3 -4 5 -6 -7 8 -9 -10 -11 12 -13 14 -15 16 17 -18 -19 -20 21 22 23 24 25 26 27 28 29 30 -31 32 33 34 35 -36 -37 -38 -39 40 -41 42 -43 44 -45 -46 47 48 49 50
0x8173958e6020cc35 208392 -1 2 3 -4 5 -6 -7 8 -9 -10 -11 12 -13 14 -15 16 17 -18 -19 -20 21 22 23 24 25 26 27 28 29 30 -31 32 33 34 35 -36 -37 -38 -39 40 -41 42 -43 44 -45 -46 47 48 49 50
0xcf0f76407d36d852 208392 -1 2 3 -4 5 -6 -7 8 -9 -10 -11 12 -13 14 -15 16 17 -18 -19 -20 21 22 23 24 25 26 27 28 29 30 -31 32 33 34 35 -36 -37 -38 -39 40 -41 42 -43 44 -45 -46 47 48 49 50
0xda2891202e4cae26 208392 -1 2 3 -4 5 -6 -7 8 -9 -10 -11 12 -13 14 -15 16 17 -18 -19 -20 21 22 23 24 25 26 27 28 29 30 -31 32 33 34 35 -36 -37 -38 -39 40 -41 42 -43 44 -45 -46 47 48 49 50
0x886736e173d101eb 208392 -1 2 3 -4 5 -6 -7 8 -9 -10 -11 12 -13 14 -15 16 17 -18 -19 -20 21 22 23 24 25 26 27 28 29 30 -31 32 33 34 35 -36 -37 -38 -39 40 -41 42 -43 44 -45 -46 47 48 49 50
0xfce99a927060e433 208392 -1 2 3 -4 5 -6 -7 8 -9 -10 -11 12 -13 14 -15 16 17 -18 -19 -20 21 22 23 24 25 26 27 28 29 30 -31 32 33 34 35 -36 -37 -38 -39 40 -41 42 -43 44 -45 -46 47 48 49 50