0x949e204804af3acf 143352 1 2 3 -4 5 6 -7 8 9 10 -11 12 -13 -14 15 -16 -17 18 -19 20 21 -22 23 -24 25 -26 27 28 29 30 -31 32 -33 34 -35 -36 37 38 39 -40 41 -42 -43 44 45 -46 47 48 -49 -50
0x9b4602b0e6dc8cfb 143352 1 2 3 -4 5 6 -7 8 9 10 -11 12 -13 -14 15 -16 -17 18 -19 20 21 -22 23 -24 25 -26 27 28 29 30 -31 32 -33 34 -35 -36 37 38 39 -40 41 -42 -43 44 45 -46 47 48 -49 -50
0xca39fad96e5c8780 143352 1 2 3 -4 5 6 -7 8 9 10 -11 12 -13 -14 15 -16 -17 18 -19 20 21 -22 23 -24 25 -26 27 28 29 30 -31 32 -33 34 -35 -36 37 38 39 -40 41 -42 -43 44 45 -46 47 48 -49 -50
0x7ea7aecc3d9d1afe 140583 1 2 3 -4 5 6 -7 8 9 10 -11 12 -13 -14 15 16 -17 18 -19 20 -21 -22 23 -24 25 -26 27 28 29 -30 -31 -32 33 -34 -35 -36 37 38 39 -40 41 -42 -43 44 -45 -46 47 48 -49 -50
0xb518215908921a9 143352 1 2 3 -4 5 6 -7 8 9 10 -11 12 -13 -14 15 -16 -17 18 -19 20 21 -22 23 -24 25 -26 27 28 29 30 -31 32 -33 34 -35 -36 37 38 39 -40 41 -42 -43 44 45 -46 47 48 -49 -50
0xa706453cc184cb57 143352 1 2 3 -4 5 6 -7 8 9 10 -11 12 -13 -14 15 -16 -17 18 -19 20 21 -22 23 -24 25 -26 27 28 29 30 -31 32 -33 34 -35 -36 37 38 39 -40 41 -42 -43 44 45 -46 47 48 -49 -50
0xa406287b5ecddf88 143352 1 2 3 -4 5 6 -7 8 9 10 -11 12 -13 -14 15 -16 -17 18 -19 20 21 -22 23 -24 25 -26 27 28 29 30 -31 32 -33 34 -35 -36 37 38 39 -40 41 -42 -43 44 45 -46 47 48 -49 -50
0x48adf1ba8a3221b5 143352 1 2 3 -4 5 6 -7 8 9 10 -11 12 -13 -14 15 -16 -17 18 -19 20 21 -22 23 -24 25 -26 27 28 29 30 -31 32 -33 34 -35 -36 37 38 39 -40 41 -42 -43 44 45 -46 47 48 -49 -50
0x533911d70d1643de 143352 1 2 3 -4 5 6 -7 8 9 10 -11 12 -13 -14 15 -16 -17 18 -19 20 21 -22 23 -24 25 -26 27 28 29 30 -31 32 -33 34 -35 -36 37 38 39 -40 41 -42 -43 44 45 -46 47 48 -49 -50
0xa848750f817c134f 143352 1 2 3 -4 5 6 -7 8 9 10 -11 12 -13 -14 15 -16 -17 18 -19 20 21 -22 23 -24 25 -26 27 28 29 30 -31 32 -33 34 -35 -36 37 38 39 -40 41 -42 -43 44 45 -46 47 48 -49 -50
0xff352acd9d36cbb2 143352 1 2 3 -4 5 6 -7 8 9 10 -11 12 -13 -14 15 -16 -17 18 -19 20 21 -22 23 -24 25 -26 27 28 29 30 -31 32 -33 34 -35 -36 37 38 39 -40 41 -42 -43 44 45 -46 47 48 -49 -50
0xd74b4098e508bc5b 143352 1 2 3 -4 5 6 -7 8 9 10 -11 12 -13 -14 15 -16 -17 18 -19 20 21 -22 23 -24 25 -26 27 28 29 30 -31 32 -33 34 -35 -36 37 38 39 -40 41 -42 -43 44 45 -46 47 48 -49 -50
0x411a6c56d43dabcf 143352 1 2 3 -4 5 6 -7 8 9 10 -11 12 -13 -14 15 -16 -17 18 -19 20 21 -22 23 -24 25 -26 27 28 29 30 -31 32 -33 34 -35 -36 37 38 39 -40 41 -42 -43 44 45 -46 47 48 -49 -50
0x2c7030a2415b6b21 143352 1 2 3 -4 5 6 -7 8 9 10 -11 12 -13 -14 15 -16 -17 18 -19 20 21 -22 23 -24 25 -26 27 28 29 30 -31 32 -33 34 -35 -36 37 38 39 -40 41 -42 -43 44 45 -46 47 48 -49 -50
0x319a1878295967e 140583 1 2 3 -4 5 6 -7 8 9 10 -11 12 -13 -14 15 16 -17 18 -19 20 -21 -22 23 -24 25 -26 27 28 29 -30 -31 -32 33 -34 -35 -36 37 38 39 -40 41 -42 -43 44 -45 -46 47 48 -49 -50
0x502c7ce009abfe50 143352 1 2 3 -4 5 6 -7 8 9 10 -11 12 -13 -14 15 -16 -17 18 -19 20 21 -22 23 -24 25 -26 27 28 29 30 -31 32 -33 34 -35 -36 37 38 39 -40 41 -42 -43 44 45 -46 47 48 -49 -50
0xf9c73027218f7806 143352 1 2 3 -4 5 6 -7 8 9 10 -11 12 -13 -14 15 -16 -17 18 -19 20 21 -22 23 -24 25 -26 27 28 29 30 -31 32 -33 34 -35 -36 37 38 39 -40 41 -42 -43 44 45 -46 47 48 -49 -50
0x263077102334fd37 143352 1 2 3 -4 5 6 -7 8 9 10 -11 12 -13 -14 15 -16 -17 18 -19 20 21 -22 23 -24 25 -26 27 28 29 30 -31 32 -33 34 -35 -36 37 38 39 -40 41 -42 -43 44 45 -46 47 48 -49 -50
0xc497497d0b6e67f6 143352 1 2 3 -4 5 6 -7 8 9 10 -11 12 -13 -14 15 -16 -17 18 -19 20 21 -22 23 -24 25 -26 27 28 29 30 -31 32 -33 34 -35 -36 37 38 39 -40 41 -42 -43 44 45 -46 47 48 -49 -50
0xda4c28c113043d57 143352 1 2 3 -4 5 6 -7 8 9 10 -11 12 -13 -14 15 -16 -17 18 -19 20 21 -22 23 -24 25 -26 27 28 29 30 -31 32 -33 34 -35 -36 37 38 39 -40 41 -42 -43 44 45 -46 47 48 -49 -50
0xde99a813aed73242 143352 1 2 3 -4 5 6 -7 8 9 10 -11 12 -13 -14 15 -16 -17 18 -19 20 21 -22 23 -24 25 -26 27 28 29 30 -31 32 -33 34 -35 -36 37 38 39 -40 41 -42 -43 44 45 -46 47 48 -49 -50
0x393b4c567ed05678 143352 1 2 3 -4 5 6 -7 8 9 10 -11 12 -13 -14 15 -16 -17 18 -19 20 21 -22 23 -24 25 -26 27 28 29 30 -31 32 -33 34 -35 -36 37 38 39 -40 41 -42 -43 44 45 -46 47 48 -49 -50
0x1e071f08377311e3 143352 1 2 3 -4 5 6 -7 8 9 10 -11 12 -13 -14 15 -16 -17 18 -19 20 21 -22 23 -24 25 -26 27 28 29 30 -31 32 -33 34 -35 -36 37 38 39 -40 41 -42 -43 44 45 -46 47 48 -49 -50
0xa6ef9087fd3c6023 143352 1 2 3 -4 5 6 -7 8 9 10 -11 12 -13 -14 15 -16 -17 18 -19 20 21 -22 23 -24 25 -26 27 28 29 30 -31 32 -33 34 -35 -36 37 38 39 -40 41 -42 -43 44 45 -46 47 48 -49 -50
0xf350858ce8def656 143352 1 2 3 -4 5 6 -7 8 9 10 -11 12 -13 -14 15 -16 -17 18 -19 20 21 -22 23 -24 25 -26 27 28 29 30 -31 32 -33 34 -35 -36 37 38 39 -40 41 -42 -43 44 45 -46 47 48 -49 -50
0xd3c3abe31a1c3f27 143352 1 2 3 -4 5 6 -7 8 9 10 -11 12 -13 -14 15 -16 -17 18 -19 20 21 -22 23 -24 25 -26 27 28 29 30 -31 32 -33 34 -35 -36 37 38 39 -40 41 -42 -43 44 45 -46 47 48 -49 -50
0x95b0cb2c57e46cc8 143352 1 2 3 -4 5 6 -7 8 9 10 -11 12 -13 -14 15 -16 -17 18 -19 20 21 -22 23 -24 25 -26 27 28 29 30 -31 32 -33 34 -35 -36 37 38 39 -40 41 -42 -43 44 45 -46 47 48 -49 -50
0x6fe1407e75d716cf 143352 1 2 3 -4 5 6 -7 8 9 10 -11 12 -13 -14 15 -16 -17 18 -19 20 21 -22 23 -24 25 -26 27 28 29 30 -31 32 -33 34 -35 -36 37 38 39 -40 41 -42 -43 44 45 -46 47 48 -49 -50
0xf5747a0a554b620f 143352 1 2 3 -4 5 6 -7 8 9 10 -11 12 -13 -14 15 -16 -17 18 -19 20 21 -22 23 -24 25 -26 27 28 29 30 -31 32 -33 34 -35 -36 37 38 39 -40 41 -42 -43 44 45 -46 47 48 -49 -50
0x203ca6fad948523e 139373 1 2 3 -4 5 6 -7 8 9 10 -11 12 -13 -14 -15 -16 -17 18 -19 20 21 -22 23 -24 25 -26 27 28 29 30 -31 32 -33 34 -35 -36 37 38 39 -40 41 -42 -43 44 45 -46 47 48 -49 -50