0x9c70b78d53234606 31350 1 2 3 4 -5 6 7 8 9 10 11 12 -13 14 -15 16 17 18 19 20
0xd7c84feacbd916b1 31350 1 2 3 4 -5 6 7 8 9 10 11 12 -13 14 -15 16 17 18 19 20
0xfad4d4866731fe2a 31350 1 2 3 4 -5 6 7 8 9 10 11 12 -13 14 -15 16 17 18 19 20
0x60d6219579023144 31350 1 2 3 4 -5 6 7 8 9 10 11 12 -13 14 -15 16 17 18 19 20
0x1373d35aa00b2b83 31350 1 2 3 4 -5 6 7 8 9 10 11 12 -13 14 -15 16 17 18 19 20
0xf4c153ff3fe7a61 31350 1 2 3 4 -5 6 7 8 9 10 11 12 -13 14 -15 16 17 18 19 20
0x57ecb955aee87435 31350 1 2 3 4 -5 6 7 8 9 10 11 12 -13 14 -15 16 17 18 19 20
0x2984ac942d90c2e9 31350 1 2 3 4 -5 6 7 8 9 10 11 12 -13 14 -15 16 17 18 19 20
0x14dfed5acf3671de 31350 1 2 3 4 -5 6 7 8 9 10 11 12 -13 14 -15 16 17 18 19 20
0x854709554b4631a9 31350 1 2 3 4 -5 6 7 8 9 10 11 12 -13 14 -15 16 17 18 19 20
0x96bf5a0d37a44171 31350 1 2 3 4 -5 6 7 8 9 10 11 12 -13 14 -15 16 17 18 19 20
0xd27a9d5171134f7f 31350 1 2 3 4 -5 6 7 8 9 10 11 12 -13 14 -15 16 17 18 19 20
0xba3d00a183f89167 31350 1 2 3 4 -5 6 7 8 9 10 11 12 -13 14 -15 16 17 18 19 20
0x6be2c2990153bbc 31350 1 2 3 4 -5 6 7 8 9 10 11 12 -13 14 -15 16 17 18 19 20
0x67ad91d5f846ef0 31350 1 2 3 4 -5 6 7 8 9 10 11 12 -13 14 -15 16 17 18 19 20
0x68004dec663c6f59 31350 1 2 3 4 -5 6 7 8 9 10 11 12 -13 14 -15 16 17 18 19 20
0x614f107372b07262 31350 1 2 3 4 -5 6 7 8 9 10 11 12 -13 14 -15 16 17 18 19 20
0xddc76ebdd3ab9c67 31350 1 2 3 4 -5 6 7 8 9 10 11 12 -13 14 -15 16 17 18 19 20
0xdf206038fc349bdf 31350 1 2 3 4 -5 6 7 8 9 10 11 12 -13 14 -15 16 17 18 19 20
0xb540f044ec1dd5a 31350 1 2 3 4 -5 6 7 8 9 10 11 12 -13 14 -15 16 17 18 19 20
0xa506c26684664057 31350 1 2 3 4 -5 6 7 8 9 10 11 12 -13 14 -15 16 17 18 19 20
0xe3ae2445aaeba7fb 31350 1 2 3 4 -5 6 7 8 9 10 11 12 -13 14 -15 16 17 18 19 20
0x80cbc8e33c9ae423 31350 1 2 3 4 -5 6 7 8 9 10 11 12 -13 14 -15 16 17 18 19 20
0xf504719827b4f971 31350 1 2 3 4 -5 6 7 8 9 10 11 12 -13 14 -15 16 17 18 19 20
0x224d0d4dff88d559 31350 1 2 3 4 -5 6 7 8 9 10 11 12 -13 14 -15 16 17 18 19 20
0xbbe7d0ef6e4cbc66 31350 1 2 3 4 -5 6 7 8 9 10 11 12 -13 14 -15 16 17 18 19 20
0xbbb5839c65dea275 31350 1 2 3 4 -5 6 7 8 9 10 11 12 -13 14 -15 16 17 18 19 20
0x37686ebad456e8ba 31350 1 2 3 4 -5 6 7 8 9 10 11 12 -13 14 -15 16 17 18 19 20
0x67ed52e74f5a683f 31350 1 2 3 4 -5 6 7 8 9 10 11 12 -13 14 -15 16 17 18 19 20
0xb413fe1451c706a 31350 1 2 3 4 -5 6 7 8 9 10 11 12 -13 14 -15 16 17 18 19 20