0x776e9b5d0648c13d 30800 1 2 3 -4 5 6 7 -8 9 10 -11 12 -13 14 15 16 17 18 19 20
0xf2d9e43462180105 30800 1 2 3 -4 5 6 7 -8 9 10 -11 12 -13 14 15 16 17 18 19 20
0xd0454d9e63eb4c7 30800 1 2 3 -4 5 6 7 -8 9 10 -11 12 -13 14 15 16 17 18 19 20
0x80b9183570351fb9 30800 1 2 3 -4 5 6 7 -8 9 10 -11 12 -13 14 15 16 17 18 19 20
0xa5b13cb9aac1eadc 30800 1 2 3 -4 5 6 7 -8 9 10 -11 12 -13 14 15 16 17 18 19 20
0x8d0984928582fad8 30800 1 2 3 -4 5 6 7 -8 9 10 -11 12 -13 14 15 16 17 18 19 20
0xc3939d1c135f1179 30800 1 2 3 -4 5 6 7 -8 9 10 -11 12 -13 14 15 16 17 18 19 20
0xac852ded54c1769b 30800 1 2 3 -4 5 6 7 -8 9 10 -11 12 -13 14 15 16 17 18 19 20
0x800c0ab67e85e48a 30800 1 2 3 -4 5 6 7 -8 9 10 -11 12 -13 14 15 16 17 18 19 20
0xfa29a604da7a03c4 30800 1 2 3 -4 5 6 7 -8 9 10 -11 12 -13 14 15 16 17 18 19 20
0xc2423d7ed11ba239 30800 1 2 3 -4 5 6 7 -8 9 10 -11 12 -13 14 15 16 17 18 19 20
0x30f470740d879e8 30800 1 2 3 -4 5 6 7 -8 9 10 -11 12 -13 14 15 16 17 18 19 20
0x96af00aee9d63af3 30800 1 2 3 -4 5 6 7 -8 9 10 -11 12 -13 14 15 16 17 18 19 20
0xb65d841a1489d22 30800 1 2 3 -4 5 6 7 -8 9 10 -11 12 -13 14 15 16 17 18 19 20
0x56ba22bba51b8161 30800 1 2 3 -4 5 6 7 -8 9 10 -11 12 -13 14 15 16 17 18 19 20
0xe79823cd9e07233f 30800 1 2 3 -4 5 6 7 -8 9 10 -11 12 -13 14 15 16 17 18 19 20
0xe76c655dac645a6f 30800 1 2 3 -4 5 6 7 -8 9 10 -11 12 -13 14 15 16 17 18 19 20
0x91625f034256ec48 30800 1 2 3 -4 5 6 7 -8 9 10 -11 12 -13 14 15 16 17 18 19 20
0x3f3dc3a83a6df3e5 30800 1 2 3 -4 5 6 7 -8 9 10 -11 12 -13 14 15 16 17 18 19 20
0x60572f15428be022 30800 1 2 3 -4 5 6 7 -8 9 10 -11 12 -13 14 15 16 17 18 19 20
0xd6eed6d2b94b0478 30800 1 2 3 -4 5 6 7 -8 9 10 -11 12 -13 14 15 16 17 18 19 20
0xc21f40ee056f0319 30800 1 2 3 -4 5 6 7 -8 9 10 -11 12 -13 14 15 16 17 18 19 20
0x727fbb122cdbd38a 30800 1 2 3 -4 5 6 7 -8 9 10 -11 12 -13 14 15 16 17 18 19 20
0x5d0cd5f3a4c6a6fe 30800 1 2 3 -4 5 6 7 -8 9 10 -11 12 -13 14 15 16 17 18 19 20
0x648c6550020c7738 30800 1 2 3 -4 5 6 7 -8 9 10 -11 12 -13 14 15 16 17 18 19 20
0x66b16e904e6979f4 30800 1 2 3 -4 5 6 7 -8 9 10 -11 12 -13 14 15 16 17 18 19 20
0x37bafc9b2a958c21 30800 1 2 3 -4 5 6 7 -8 9 10 -11 12 -13 14 15 16 17 18 19 20
0x9818d78ba5c55cab 30800 1 2 3 -4 5 6 7 -8 9 10 -11 12 -13 14 15 16 17 18 19 20
0x1647df5dde6fb9c4 30800 1 2 3 -4 5 6 7 -8 9 10 -11 12 -13 14 15 16 17 18 19 20
0x33e23b81658071b9 30800 1 2 3 -4 5 6 7 -8 9 10 -11 12 -13 14 15 16 17 18 19 20