0x57dadce460b98db6 30655 -1 2 3 4 5 6 -7 8 9 10 11 12 -13 14 15 -16 17 18 -19 20
0xba56d1205f888f43 30261 -1 -2 3 4 5 6 -7 8 9 10 11 12 -13 14 15 16 17 18 19 20
0x5311eb8a19e58549 30655 -1 2 3 4 5 6 -7 8 9 10 11 12 -13 14 15 -16 17 18 -19 20
0x6b13457f7d5470ac 30655 -1 2 3 4 5 6 -7 8 9 10 11 12 -13 14 15 -16 17 18 -19 20
0x68cccc89fedfa7cd 30655 -1 2 3 4 5 6 -7 8 9 10 11 12 -13 14 15 -16 17 18 -19 20
0xa98a926b5995a486 30655 -1 2 3 4 5 6 -7 8 9 10 11 12 -13 14 15 -16 17 18 -19 20
0xb3f31352240111b2 30655 -1 2 3 4 5 6 -7 8 9 10 11 12 -13 14 15 -16 17 18 -19 20
0xfc27a12bc5afe684 30655 -1 2 3 4 5 6 -7 8 9 10 11 12 -13 14 15 -16 17 18 -19 20
0x49b255248642b1a6 30655 -1 2 3 4 5 6 -7 8 9 10 11 12 -13 14 15 -16 17 18 -19 20
0x7b657a001c4af36b 30655 -1 2 3 4 5 6 -7 8 9 10 11 12 -13 14 15 -16 17 18 -19 20
0x1d22bb3b0e6dc731 30655 -1 2 3 4 5 6 -7 8 9 10 11 12 -13 14 15 -16 17 18 -19 20
0xed44a0e17c505975 30655 -1 2 3 4 5 6 -7 8 9 10 11 12 -13 14 15 -16 17 18 -19 20
0xce01caf48e634fe4 30655 -1 2 3 4 5 6 -7 8 9 10 11 12 -13 14 15 -16 17 18 -19 20
0xc5baf4f329515712 30655 -1 2 3 4 5 6 -7 8 9 10 11 12 -13 14 15 -16 17 18 -19 20
0xd8e29061a72bb1d7 30655 -1 2 3 4 5 6 -7 8 9 10 11 12 -13 14 15 -16 17 18 -19 20
0xc09e5e4d0d6dd8ef 30655 -1 2 3 4 5 6 -7 8 9 10 11 12 -13 14 15 -16 17 18 -19 20
0x136c3cb7dc2e7ab4 30655 -1 2 3 4 5 6 -7 8 9 10 11 12 -13 14 15 -16 17 18 -19 20
0xa1848e463ad05e31 30655 -1 2 3 4 5 6 -7 8 9 10 11 12 -13 14 15 -16 17 18 -19 20
0xbe6a49d74d7a35cf 30655 -1 2 3 4 5 6 -7 8 9 10 11 12 -13 14 15 -16 17 18 -19 20
0xf6d7e24c6ac6771a 30655 -1 2 3 4 5 6 -7 8 9 10 11 12 -13 14 15 -16 17 18 -19 20
0x6486be93a9dcbded 30655 -1 2 3 4 5 6 -7 8 9 10 11 12 -13 14 15 -16 17 18 -19 20
0x13ce90ba9de4401d 30655 -1 2 3 4 5 6 -7 8 9 10 11 12 -13 14 15 -16 17 18 -19 20
0xf32a297186d09d4a 30655 -1 2 3 4 5 6 -7 8 9 10 11 12 -13 14 15 -16 17 18 -19 20
0xcdf88589787e3841 30655 -1 2 3 4 5 6 -7 8 9 10 11 12 -13 14 15 -16 17 18 -19 20
0x81b3c887e940639c 30655 -1 2 3 4 5 6 -7 8 9 10 11 12 -13 14 15 -16 17 18 -19 20
0xee5af834ea67d2ec 30655 -1 2 3 4 5 6 -7 8 9 10 11 12 -13 14 15 -16 17 18 -19 20
0xcd3260aab2515e72 30655 -1 2 3 4 5 6 -7 8 9 10 11 12 -13 14 15 -16 17 18 -19 20
0xa6e35041d2929462 30655 -1 2 3 4 5 6 -7 8 9 10 11 12 -13 14 15 -16 17 18 -19 20
0x80504b650f646c95 30655 -1 2 3 4 5 6 -7 8 9 10 11 12 -13 14 15 -16 17 18 -19 20
0xb9620c9bcb29f614 30655 -1 2 3 4 5 6 -7 8 9 10 11 12 -13 14 15 -16 17 18 -19 20