0xb65056226c8b51a9 29580 1 2 3 4 5 6 -7 8 9 10 11 12 -13 14 15 16 17 18 19 20
0x11d74aa0e307e8e6 29580 1 2 3 4 5 6 -7 8 9 10 11 12 -13 14 15 16 17 18 19 20
0x48e83e223700c36a 29580 1 2 3 4 5 6 -7 8 9 10 11 12 -13 14 15 16 17 18 19 20
0x9220d02510acd1a7 29580 1 2 3 4 5 6 -7 8 9 10 11 12 -13 14 15 16 17 18 19 20
0xa23c31ae32841d77 29580 1 2 3 4 5 6 -7 8 9 10 11 12 -13 14 15 16 17 18 19 20
0x85d8f37bf250fbd9 29580 1 2 3 4 5 6 -7 8 9 10 11 12 -13 14 15 16 17 18 19 20
0x4199f9d28266aa95 29580 1 2 3 4 5 6 -7 8 9 10 11 12 -13 14 15 16 17 18 19 20
0x6cc67f47fd02f0ee 29580 1 2 3 4 5 6 -7 8 9 10 11 12 -13 14 15 16 17 18 19 20
0x9ca5d980ddc61f93 29580 1 2 3 4 5 6 -7 8 9 10 11 12 -13 14 15 16 17 18 19 20
0xdaf47e252f2cfa6d 29580 1 2 3 4 5 6 -7 8 9 10 11 12 -13 14 15 16 17 18 19 20
0xed831b09c3e08e13 29580 1 2 3 4 5 6 -7 8 9 10 11 12 -13 14 15 16 17 18 19 20
0x2f9b271e6c4fcd39 29580 1 2 3 4 5 6 -7 8 9 10 11 12 -13 14 15 16 17 18 19 20
0xa66e0d527e30961e 29580 1 2 3 4 5 6 -7 8 9 10 11 12 -13 14 15 16 17 18 19 20
0x4e7fe4cfa29af3ed 29580 1 2 3 4 5 6 -7 8 9 10 11 12 -13 14 15 16 17 18 19 20
0xde882b4b3f49b09d 29580 1 2 3 4 5 6 -7 8 9 10 11 12 -13 14 15 16 17 18 19 20
0x6d9ac7625efe5d09 29580 1 2 3 4 5 6 -7 8 9 10 11 12 -13 14 15 16 17 18 19 20
0x8b4e5f061f33ea45 29580 1 2 3 4 5 6 -7 8 9 10 11 12 -13 14 15 16 17 18 19 20
0x58ed500d47e4b287 29580 1 2 3 4 5 6 -7 8 9 10 11 12 -13 14 15 16 17 18 19 20
0x46ba2dc0c4dbdf46 29580 1 2 3 4 5 6 -7 8 9 10 11 12 -13 14 15 16 17 18 19 20
0xa03633b8406483b1 29580 1 2 3 4 5 6 -7 8 9 10 11 12 -13 14 15 16 17 18 19 20
0x2b7aba826953db46 29580 1 2 3 4 5 6 -7 8 9 10 11 12 -13 14 15 16 17 18 19 20
0xa17e74496f819979 29580 1 2 3 4 5 6 -7 8 9 10 11 12 -13 14 15 16 17 18 19 20
0x45351379bfb4bf09 29580 1 2 3 4 5 6 -7 8 9 10 11 12 -13 14 15 16 17 18 19 20
0xa3765444254b6f33 29580 1 2 3 4 5 6 -7 8 9 10 11 12 -13 14 15 16 17 18 19 20
0xfeb43c6198a89035 29580 1 2 3 4 5 6 -7 8 9 10 11 12 -13 14 15 16 17 18 19 20
0xcefa1440a6241683 29580 1 2 3 4 5 6 -7 8 9 10 11 12 -13 14 15 16 17 18 19 20
0xdb433aaf288e1719 29580 1 2 3 4 5 6 -7 8 9 10 11 12 -13 14 15 16 17 18 19 20
0xb991738bfd50ef6c 29580 1 2 3 4 5 6 -7 8 9 10 11 12 -13 14 15 16 17 18 19 20
0xdc85196229b1ee0d 29580 1 2 3 4 5 6 -7 8 9 10 11 12 -13 14 15 16 17 18 19 20
0x24b10fab90715896 29580 1 2 3 4 5 6 -7 8 9 10 11 12 -13 14 15 16 17 18 19 20