0x797aa655c8176c19 86455 1 2 3 4 5 6 -7 -8 9 10 -11 12 13 -14 -15 16 17 -18 19 20
0xd19a05a6bca3093f 86455 1 2 3 4 5 6 -7 -8 9 10 -11 12 13 -14 -15 16 17 -18 19 20
0x2e8e218e304711eb 82510 -1 2 3 4 5 6 -7 -8 9 10 -11 12 13 -14 -15 16 -17 18 19 20
0xdaf4c2fff972f07d 86455 1 2 3 4 5 6 -7 -8 9 10 -11 12 13 -14 -15 16 17 -18 19 20
0xc4290de7d6d23df0 83587 -1 -2 3 4 5 6 7 -8 9 10 -11 12 13 -14 -15 -16 17 18 19 20
0xaad1f44bb5111c 86455 1 2 3 4 5 6 -7 -8 9 10 -11 12 13 -14 -15 16 17 -18 19 20
0x9eb9ef5b94986f54 83587 -1 -2 3 4 5 6 7 -8 9 10 -11 12 13 -14 -15 -16 17 18 19 20
0xe24dc9d6e65e79a8 83587 -1 -2 3 4 5 6 7 -8 9 10 -11 12 13 -14 -15 -16 17 18 19 20
0xde39fcfecce04d95 86455 1 2 3 4 5 6 -7 -8 9 10 -11 12 13 -14 -15 16 17 -18 19 20
0xf5301de7f76de8cb 86455 1 2 3 4 5 6 -7 -8 9 10 -11 12 13 -14 -15 16 17 -18 19 20
0x653ada707ba5682d 83587 -1 -2 3 4 5 6 7 -8 9 10 -11 12 13 -14 -15 -16 17 18 19 20
0xa804663f66308622 86455 1 2 3 4 5 6 -7 -8 9 10 -11 12 13 -14 -15 16 17 -18 19 20
0x8fbe7f9bd4462d69 82445 -1 -2 -3 4 5 6 7 8 9 10 -11 12 13 -14 -15 -16 17 18 19 20
0x2486fdf31ce3c477 86455 1 2 3 4 5 6 -7 -8 9 10 -11 12 13 -14 -15 16 17 -18 19 20
0x99b0076ed7fdc50c 83587 -1 -2 3 4 5 6 7 -8 9 10 -11 12 13 -14 -15 -16 17 18 19 20
0x2a886b5b6a3700d5 83587 -1 -2 3 4 5 6 7 -8 9 10 -11 12 13 -14 -15 -16 17 18 19 20
0xb6b7b31172c24f38 86455 1 2 3 4 5 6 -7 -8 9 10 -11 12 13 -14 -15 16 17 -18 19 20
0x39dd11061e2c8068 86455 1 2 3 4 5 6 -7 -8 9 10 -11 12 13 -14 -15 16 17 -18 19 20
0x744acb3661f9710f 86455 1 2 3 4 5 6 -7 -8 9 10 -11 12 13 -14 -15 16 17 -18 19 20
0x434258e1b44f9b19 86455 1 2 3 4 5 6 -7 -8 9 10 -11 12 13 -14 -15 16 17 -18 19 20
0xdefd7efec30e1a8f 86455 1 2 3 4 5 6 -7 -8 9 10 -11 12 13 -14 -15 16 17 -18 19 20
0xfae42def3a23f655 86455 1 2 3 4 5 6 -7 -8 9 10 -11 12 13 -14 -15 16 17 -18 19 20
0xd6200f562af70ae0 86455 1 2 3 4 5 6 -7 -8 9 10 -11 12 13 -14 -15 16 17 -18 19 20
0xf2bb628c00fcaa46 83587 -1 -2 3 4 5 6 7 -8 9 10 -11 12 13 -14 -15 -16 17 18 19 20
0x9582b6ec3feec548 86455 1 2 3 4 5 6 -7 -8 9 10 -11 12 13 -14 -15 16 17 -18 19 20
0x4e70282c014a76ce 86455 1 2 3 4 5 6 -7 -8 9 10 -11 12 13 -14 -15 16 17 -18 19 20
0xf3a0c3934deb52a6 82510 -1 2 3 4 5 6 -7 -8 9 10 -11 12 13 -14 -15 16 -17 18 19 20
0x9edb70123bcb27b5 82445 -1 -2 -3 4 5 6 7 8 9 10 -11 12 13 -14 -15 -16 17 18 19 20
0x22c957287fe68b30 86455 1 2 3 4 5 6 -7 -8 9 10 -11 12 13 -14 -15 16 17 -18 19 20
0xe26477e7ffa6c088 86455 1 2 3 4 5 6 -7 -8 9 10 -11 12 13 -14 -15 16 17 -18 19 20