0x56709e8d5b698f62 100892 1 2 3 4 -5 6 7 8 9 10 11 12 13 14 15 16 17 18 19 20
0x6dc1c1164d16bb0b 100892 1 2 3 4 -5 6 7 8 9 10 11 12 13 14 15 16 17 18 19 20
0xe168bc3dfed172d7 100892 1 2 3 4 -5 6 7 8 9 10 11 12 13 14 15 16 17 18 19 20
0xbc0c3a51ffadab32 100892 1 2 3 4 -5 6 7 8 9 10 11 12 13 14 15 16 17 18 19 20
0x2abf8e2874143bb1 100892 1 2 3 4 -5 6 7 8 9 10 11 12 13 14 15 16 17 18 19 20
0xf8494a339ea1802c 100892 1 2 3 4 -5 6 7 8 9 10 11 12 13 14 15 16 17 18 19 20
0x191589b558c5f9c7 100892 1 2 3 4 -5 6 7 8 9 10 11 12 13 14 15 16 17 18 19 20
0xb9f7db38dcdecf27 100892 1 2 3 4 -5 6 7 8 9 10 11 12 13 14 15 16 17 18 19 20
0xb5fc2c23e092b6e5 100892 1 2 3 4 -5 6 7 8 9 10 11 12 13 14 15 16 17 18 19 20
0x9753ee1326f41b6d 100892 1 2 3 4 -5 6 7 8 9 10 11 12 13 14 15 16 17 18 19 20
0xa9f512d90a91cf35 100892 1 2 3 4 -5 6 7 8 9 10 11 12 13 14 15 16 17 18 19 20
0x72093a9ed00b5679 100892 1 2 3 4 -5 6 7 8 9 10 11 12 13 14 15 16 17 18 19 20
0x610875f4ae9f4b6 100892 1 2 3 4 -5 6 7 8 9 10 11 12 13 14 15 16 17 18 19 20
0x33406ab0484a2e 100892 1 2 3 4 -5 6 7 8 9 10 11 12 13 14 15 16 17 18 19 20
0xcfa045e491ce8169 100892 1 2 3 4 -5 6 7 8 9 10 11 12 13 14 15 16 17 18 19 20
0x1416544763c90cb0 100892 1 2 3 4 -5 6 7 8 9 10 11 12 13 14 15 16 17 18 19 20
0x46f617d9b15ff392 100892 1 2 3 4 -5 6 7 8 9 10 11 12 13 14 15 16 17 18 19 20
0x467b10413a34b062 100892 1 2 3 4 -5 6 7 8 9 10 11 12 13 14 15 16 17 18 19 20
0x60f943eca4ec9db5 100892 1 2 3 4 -5 6 7 8 9 10 11 12 13 14 15 16 17 18 19 20
0x96356d898c23ed47 100892 1 2 3 4 -5 6 7 8 9 10 11 12 13 14 15 16 17 18 19 20
0x8a421a75bdca328b 100892 1 2 3 4 -5 6 7 8 9 10 11 12 13 14 15 16 17 18 19 20
0x5ac5b378cb32d356 100892 1 2 3 4 -5 6 7 8 9 10 11 12 13 14 15 16 17 18 19 20
0xbe7a31fdd68fba90 100892 1 2 3 4 -5 6 7 8 9 10 11 12 13 14 15 16 17 18 19 20
0x84fc72a1febe4845 100892 1 2 3 4 -5 6 7 8 9 10 11 12 13 14 15 16 17 18 19 20
0x8faabcb42dc40324 100892 1 2 3 4 -5 6 7 8 9 10 11 12 13 14 15 16 17 18 19 20
0x1de999ba15bb5a00 100892 1 2 3 4 -5 6 7 8 9 10 11 12 13 14 15 16 17 18 19 20
0xedfcfcedb0c67551 100892 1 2 3 4 -5 6 7 8 9 10 11 12 13 14 15 16 17 18 19 20
0x5f01f7ae067b4dc 100892 1 2 3 4 -5 6 7 8 9 10 11 12 13 14 15 16 17 18 19 20
0x83fd0d2c5d650e76 100892 1 2 3 4 -5 6 7 8 9 10 11 12 13 14 15 16 17 18 19 20
0x3537120843067aee 100892 1 2 3 4 -5 6 7 8 9 10 11 12 13 14 15 16 17 18 19 20