0x5413104982e7336e 84611 1 2 3 4 5 6 -7 8 9 10 -11 -12 13 14 15 16 -17 18 19 20
0xd37c4ffbe42aa7de 84611 1 2 3 4 5 6 -7 8 9 10 -11 -12 13 14 15 16 -17 18 19 20
0x951e07d39d30e8b5 84611 1 2 3 4 5 6 -7 8 9 10 -11 -12 13 14 15 16 -17 18 19 20
0x48f0ee9c70b238a3 84611 1 2 3 4 5 6 -7 8 9 10 -11 -12 13 14 15 16 -17 18 19 20
0x6e96b9b13c6bdb07 84611 1 2 3 4 5 6 -7 8 9 10 -11 -12 13 14 15 16 -17 18 19 20
0xd4dae7c08f374405 84611 1 2 3 4 5 6 -7 8 9 10 -11 -12 13 14 15 16 -17 18 19 20
0x37087f727537f825 84611 1 2 3 4 5 6 -7 8 9 10 -11 -12 13 14 15 16 -17 18 19 20
0xf8bfa66655b17f2e 83200 1 2 3 4 5 6 -7 8 9 10 -11 -12 13 14 15 16 17 18 19 -20
0x6a4e2afcfed77d0d 84611 1 2 3 4 5 6 -7 8 9 10 -11 -12 13 14 15 16 -17 18 19 20
0x2d44b8d88e5706d8 78917 -1 2 3 4 5 6 -7 8 9 10 -11 -12 13 14 15 16 -17 18 19 20
0xdc94d5b818e6047e 84611 1 2 3 4 5 6 -7 8 9 10 -11 -12 13 14 15 16 -17 18 19 20
0xce2e93ce2984cf18 83200 1 2 3 4 5 6 -7 8 9 10 -11 -12 13 14 15 16 17 18 19 -20
0xdf57d54ff1519c99 84611 1 2 3 4 5 6 -7 8 9 10 -11 -12 13 14 15 16 -17 18 19 20
0x34b277da15488d54 84611 1 2 3 4 5 6 -7 8 9 10 -11 -12 13 14 15 16 -17 18 19 20
0xd7fe90a7d3d5ce66 84611 1 2 3 4 5 6 -7 8 9 10 -11 -12 13 14 15 16 -17 18 19 20
0xb6cae83b40e8db0e 84611 1 2 3 4 5 6 -7 8 9 10 -11 -12 13 14 15 16 -17 18 19 20
0xc115cafb5747c659 84611 1 2 3 4 5 6 -7 8 9 10 -11 -12 13 14 15 16 -17 18 19 20
0xf74e27966ea9da5c 83200 1 2 3 4 5 6 -7 8 9 10 -11 -12 13 14 15 16 17 18 19 -20
0xd1f95df351de06a 84611 1 2 3 4 5 6 -7 8 9 10 -11 -12 13 14 15 16 -17 18 19 20
0xf4ea56fb02f683db 84611 1 2 3 4 5 6 -7 8 9 10 -11 -12 13 14 15 16 -17 18 19 20
0x6d5064cdf49adbef 84611 1 2 3 4 5 6 -7 8 9 10 -11 -12 13 14 15 16 -17 18 19 20
0xc08267bf3ea16d75 84611 1 2 3 4 5 6 -7 8 9 10 -11 -12 13 14 15 16 -17 18 19 20
0xd0ae56b279498560 84611 1 2 3 4 5 6 -7 8 9 10 -11 -12 13 14 15 16 -17 18 19 20
0xc3f50c3da1737c3a 84611 1 2 3 4 5 6 -7 8 9 10 -11 -12 13 14 15 16 -17 18 19 20
0x1e8336f594e66f4d 83200 1 2 3 4 5 6 -7 8 9 10 -11 -12 13 14 15 16 17 18 19 -20
0x6c04c7cb6478ab40 84611 1 2 3 4 5 6 -7 8 9 10 -11 -12 13 14 15 16 -17 18 19 20
0x642580a5eb97aca3 84611 1 2 3 4 5 6 -7 8 9 10 -11 -12 13 14 15 16 -17 18 19 20
0x97c63e14ab39966 82608 1 2 3 4 5 6 -7 8 9 -10 -11 -12 13 14 15 16 17 18 19 20
0xfddc73c9e3adca5e 82608 1 2 3 4 5 6 -7 8 9 -10 -11 -12 13 14 15 16 17 18 19 20
0xa3d8c2258f0064c5 83200 1 2 3 4 5 6 -7 8 9 10 -11 -12 13 14 15 16 17 18 19 -20