0xb1b66db43a76f6d7 85142 1 2 3 4 5 6 7 8 -9 10 -11 -12 13 14 15 16 17 -18 19 -20
0xc6081e20d49cd01c 85142 1 2 3 4 5 6 7 8 -9 10 -11 -12 13 14 15 16 17 -18 19 -20
0xf8c7f0a675fa2f9 85142 1 2 3 4 5 6 7 8 -9 10 -11 -12 13 14 15 16 17 -18 19 -20
0xcfa74f6c2fbc4edf 85142 1 2 3 4 5 6 7 8 -9 10 -11 -12 13 14 15 16 17 -18 19 -20
0xed35469431c23807 85142 1 2 3 4 5 6 7 8 -9 10 -11 -12 13 14 15 16 17 -18 19 -20
0x79eafbdbe4864591 85142 1 2 3 4 5 6 7 8 -9 10 -11 -12 13 14 15 16 17 -18 19 -20
0x7fec7f0898f420a4 85142 1 2 3 4 5 6 7 8 -9 10 -11 -12 13 14 15 16 17 -18 19 -20
0xb6fa35449ba2d63d 85142 1 2 3 4 5 6 7 8 -9 10 -11 -12 13 14 15 16 17 -18 19 -20
0x4a7a99a9ce5814bd 85142 1 2 3 4 5 6 7 8 -9 10 -11 -12 13 14 15 16 17 -18 19 -20
0xd79c00cfc2093aaf 85142 1 2 3 4 5 6 7 8 -9 10 -11 -12 13 14 15 16 17 -18 19 -20
0x354f19a4fba8c927 85142 1 2 3 4 5 6 7 8 -9 10 -11 -12 13 14 15 16 17 -18 19 -20
0x574cf8645172680c 85142 1 2 3 4 5 6 7 8 -9 10 -11 -12 13 14 15 16 17 -18 19 -20
0xe667451b4e05fb03 85142 1 2 3 4 5 6 7 8 -9 10 -11 -12 13 14 15 16 17 -18 19 -20
0xa3da0f48b3a75a8e 85142 1 2 3 4 5 6 7 8 -9 10 -11 -12 13 14 15 16 17 -18 19 -20
0xf59f84441676a888 85142 1 2 3 4 5 6 7 8 -9 10 -11 -12 13 14 15 16 17 -18 19 -20
0xbb8e6a9da5da9472 85142 1 2 3 4 5 6 7 8 -9 10 -11 -12 13 14 15 16 17 -18 19 -20
0xd924983ca3d3eb4a 84221 1 2 3 4 5 6 7 8 9 10 -11 -12 13 14 15 16 17 -18 -19 -20
0x3743096e7bf04702 85142 1 2 3 4 5 6 7 8 -9 10 -11 -12 13 14 15 16 17 -18 19 -20
0x48d609f1230fe521 85142 1 2 3 4 5 6 7 8 -9 10 -11 -12 13 14 15 16 17 -18 19 -20
0x47106ef7a889c18f 85142 1 2 3 4 5 6 7 8 -9 10 -11 -12 13 14 15 16 17 -18 19 -20
0x8228b6a98aff001a 85142 1 2 3 4 5 6 7 8 -9 10 -11 -12 13 14 15 16 17 -18 19 -20
0x534d77a3239b65f3 84221 1 2 3 4 5 6 7 8 9 10 -11 -12 13 14 15 16 17 -18 -19 -20
0x585f206f8038e32f 85142 1 2 3 4 5 6 7 8 -9 10 -11 -12 13 14 15 16 17 -18 19 -20
0x953d0715171c2c49 85142 1 2 3 4 5 6 7 8 -9 10 -11 -12 13 14 15 16 17 -18 19 -20
0x61a5629fe15019ea 85142 1 2 3 4 5 6 7 8 -9 10 -11 -12 13 14 15 16 17 -18 19 -20
0x45d2a6b36ec4d12e 85142 1 2 3 4 5 6 7 8 -9 10 -11 -12 13 14 15 16 17 -18 19 -20
0xd5864f8bf73b9e10 85142 1 2 3 4 5 6 7 8 -9 10 -11 -12 13 14 15 16 17 -18 19 -20
0x6112684ca9446064 85142 1 2 3 4 5 6 7 8 -9 10 -11 -12 13 14 15 16 17 -18 19 -20
0x84d7750e02f898a9 85142 1 2 3 4 5 6 7 8 -9 10 -11 -12 13 14 15 16 17 -18 19 -20
0xaec87fe461f4f193 84221 1 2 3 4 5 6 7 8 9 10 -11 -12 13 14 15 16 17 -18 -19 -20