0xb10aab737d97ead4 88979 1 2 3 -4 5 6 7 -8 9 -10 11 12 13 14 15 16 -17 18 19 20
0xa92b7fec6f0c0dc3 88979 1 2 3 -4 5 6 7 -8 9 -10 11 12 13 14 15 16 -17 18 19 20
0x2d027165add69dee 88979 1 2 3 -4 5 6 7 -8 9 -10 11 12 13 14 15 16 -17 18 19 20
0xcddeca6a7021ce0f 88979 1 2 3 -4 5 6 7 -8 9 -10 11 12 13 14 15 16 -17 18 19 20
0x60a8a33ca2cfe100 88979 1 2 3 -4 5 6 7 -8 9 -10 11 12 13 14 15 16 -17 18 19 20
0x1f1a0c0cc58aca4f 88979 1 2 3 -4 5 6 7 -8 9 -10 11 12 13 14 15 16 -17 18 19 20
0xf9c5ad27c805f9a8 88979 1 2 3 -4 5 6 7 -8 9 -10 11 12 13 14 15 16 -17 18 19 20
0x5827f91fa353d6cd 88979 1 2 3 -4 5 6 7 -8 9 -10 11 12 13 14 15 16 -17 18 19 20
0x6d44616edcaef974 88979 1 2 3 -4 5 6 7 -8 9 -10 11 12 13 14 15 16 -17 18 19 20
0x94238065667f3585 88979 1 2 3 -4 5 6 7 -8 9 -10 11 12 13 14 15 16 -17 18 19 20
0x5563ea6e1344d910 88979 1 2 3 -4 5 6 7 -8 9 -10 11 12 13 14 15 16 -17 18 19 20
0x20e506d322edb566 88979 1 2 3 -4 5 6 7 -8 9 -10 11 12 13 14 15 16 -17 18 19 20
0x82efe4c64830d214 88979 1 2 3 -4 5 6 7 -8 9 -10 11 12 13 14 15 16 -17 18 19 20
0x96e2c22367309cf4 88979 1 2 3 -4 5 6 7 -8 9 -10 11 12 13 14 15 16 -17 18 19 20
0x935f2bba033cc0b6 88979 1 2 3 -4 5 6 7 -8 9 -10 11 12 13 14 15 16 -17 18 19 20
0x495744bd82dd07da 88979 1 2 3 -4 5 6 7 -8 9 -10 11 12 13 14 15 16 -17 18 19 20
0x91f904b9038332f 88979 1 2 3 -4 5 6 7 -8 9 -10 11 12 13 14 15 16 -17 18 19 20
0x3dc078c7e99d5f03 88979 1 2 3 -4 5 6 7 -8 9 -10 11 12 13 14 15 16 -17 18 19 20
0xe1d9220d67f1cfc9 88979 1 2 3 -4 5 6 7 -8 9 -10 11 12 13 14 15 16 -17 18 19 20
0x4a2811249a87422f 88979 1 2 3 -4 5 6 7 -8 9 -10 11 12 13 14 15 16 -17 18 19 20
0x43b424fe39b130ae 88979 1 2 3 -4 5 6 7 -8 9 -10 11 12 13 14 15 16 -17 18 19 20
0x498f8ecf2396eb61 88979 1 2 3 -4 5 6 7 -8 9 -10 11 12 13 14 15 16 -17 18 19 20
0xf91ac5212fd19ab0 88979 1 2 3 -4 5 6 7 -8 9 -10 11 12 13 14 15 16 -17 18 19 20
0xd9151b86b9089b37 88979 1 2 3 -4 5 6 7 -8 9 -10 11 12 13 14 15 16 -17 18 19 20
0xca0cd98d2d7c1e46 88979 1 2 3 -4 5 6 7 -8 9 -10 11 12 13 14 15 16 -17 18 19 20
0xcc6e0afa81142c86 88979 1 2 3 -4 5 6 7 -8 9 -10 11 12 13 14 15 16 -17 18 19 20
0xda589fc56645bef8 88979 1 2 3 -4 5 6 7 -8 9 -10 11 12 13 14 15 16 -17 18 19 20
0x8fffdc51596384f 88979 1 2 3 -4 5 6 7 -8 9 -10 11 12 13 14 15 16 -17 18 19 20
0x88e965269769a67f 88979 1 2 3 -4 5 6 7 -8 9 -10 11 12 13 14 15 16 -17 18 19 20
0x3a90eede62f8cb7e 88979 1 2 3 -4 5 6 7 -8 9 -10 11 12 13 14 15 16 -17 18 19 20