0x40e0ec894f139e1d 81035 1 -2 3 4 5 -6 7 8 9 10 11 12 13 14 15 16 17 18 19 20
0xdbfbd1a839ac3d70 81035 1 -2 3 4 5 -6 7 8 9 10 11 12 13 14 15 16 17 18 19 20
0x3da9196d1e7420ee 81035 1 -2 3 4 5 -6 7 8 9 10 11 12 13 14 15 16 17 18 19 20
0xac8fa1e1a6bd55de 81035 1 -2 3 4 5 -6 7 8 9 10 11 12 13 14 15 16 17 18 19 20
0x440934c045d1b592 81035 1 -2 3 4 5 -6 7 8 9 10 11 12 13 14 15 16 17 18 19 20
0x693d80699f5b8bcf 81035 1 -2 3 4 5 -6 7 8 9 10 11 12 13 14 15 16 17 18 19 20
0x2cf2b4514a09c601 81035 1 -2 3 4 5 -6 7 8 9 10 11 12 13 14 15 16 17 18 19 20
0xc9eaf84fecc1ffab 81035 1 -2 3 4 5 -6 7 8 9 10 11 12 13 14 15 16 17 18 19 20
0x99ec5cd1ad97165f 81035 1 -2 3 4 5 -6 7 8 9 10 11 12 13 14 15 16 17 18 19 20
0x3f55574067ad37d9 81035 1 -2 3 4 5 -6 7 8 9 10 11 12 13 14 15 16 17 18 19 20
0x6b49b6ea6292d350 81035 1 -2 3 4 5 -6 7 8 9 10 11 12 13 14 15 16 17 18 19 20
0xd84cd12e8367b4cd 81035 1 -2 3 4 5 -6 7 8 9 10 11 12 13 14 15 16 17 18 19 20
0xab52ebb8e38d562d 81035 1 -2 3 4 5 -6 7 8 9 10 11 12 13 14 15 16 17 18 19 20
0x728ecd6079b8ae42 81035 1 -2 3 4 5 -6 7 8 9 10 11 12 13 14 15 16 17 18 19 20
0x5506eec60afe69d9 81035 1 -2 3 4 5 -6 7 8 9 10 11 12 13 14 15 16 17 18 19 20
0x119582cbd9f54bea 81035 1 -2 3 4 5 -6 7 8 9 10 11 12 13 14 15 16 17 18 19 20
0x7fdc91622c090d39 81035 1 -2 3 4 5 -6 7 8 9 10 11 12 13 14 15 16 17 18 19 20
0xfc9916f1e9e6fd1a 81035 1 -2 3 4 5 -6 7 8 9 10 11 12 13 14 15 16 17 18 19 20
0xed440024a20cbfa5 81035 1 -2 3 4 5 -6 7 8 9 10 11 12 13 14 15 16 17 18 19 20
0x24951580440e3dbc 81035 1 -2 3 4 5 -6 7 8 9 10 11 12 13 14 15 16 17 18 19 20
0xa9e90c3156b2cc9c 81035 1 -2 3 4 5 -6 7 8 9 10 11 12 13 14 15 16 17 18 19 20
0x5c421d87cc0a3a24 81035 1 -2 3 4 5 -6 7 8 9 10 11 12 13 14 15 16 17 18 19 20
0x164c666c3b15ab5a 81035 1 -2 3 4 5 -6 7 8 9 10 11 12 13 14 15 16 17 18 19 20
0x8566051faca7a641 81035 1 -2 3 4 5 -6 7 8 9 10 11 12 13 14 15 16 17 18 19 20
0x75f8f41eb98afdc4 81035 1 -2 3 4 5 -6 7 8 9 10 11 12 13 14 15 16 17 18 19 20
0xa349e1f28b178cad 81035 1 -2 3 4 5 -6 7 8 9 10 11 12 13 14 15 16 17 18 19 20
0x5c506b7f43182053 81035 1 -2 3 4 5 -6 7 8 9 10 11 12 13 14 15 16 17 18 19 20
0x45bbf6a06e475fb0 81035 1 -2 3 4 5 -6 7 8 9 10 11 12 13 14 15 16 17 18 19 20
0x50438a6f570f100a 81035 1 -2 3 4 5 -6 7 8 9 10 11 12 13 14 15 16 17 18 19 20
0x577f0c98da00b3a7 81035 1 -2 3 4 5 -6 7 8 9 10 11 12 13 14 15 16 17 18 19 20