0xbfc15a679a4dcbd6 19036 1 2 -3 4 5 6 7 8 9 10 -11 12 13 -14 15 16 17 18 -19 -20
0xe117518f52ce9dfc 19036 1 2 -3 4 5 6 7 8 9 10 -11 12 13 -14 15 16 17 18 -19 -20
0x8316883342ffe913 19036 1 2 -3 4 5 6 7 8 9 10 -11 12 13 -14 15 16 17 18 -19 -20
0x5369168e8f9ff0df 19036 1 2 -3 4 5 6 7 8 9 10 -11 12 13 -14 15 16 17 18 -19 -20
0xc6bbaafb9800577d 19036 1 2 -3 4 5 6 7 8 9 10 -11 12 13 -14 15 16 17 18 -19 -20
0x6009441b4a424263 19036 1 2 -3 4 5 6 7 8 9 10 -11 12 13 -14 15 16 17 18 -19 -20
0xbfa9000cd91d8ed1 19036 1 2 -3 4 5 6 7 8 9 10 -11 12 13 -14 15 16 17 18 -19 -20
0xb62ffdce02984fa3 19036 1 2 -3 4 5 6 7 8 9 10 -11 12 13 -14 15 16 17 18 -19 -20
0xb2e107e7f7de6ac9 19036 1 2 -3 4 5 6 7 8 9 10 -11 12 13 -14 15 16 17 18 -19 -20
0xcc5022093a0f3a18 19036 1 2 -3 4 5 6 7 8 9 10 -11 12 13 -14 15 16 17 18 -19 -20
0xfebf512492dc2ce4 19036 1 2 -3 4 5 6 7 8 9 10 -11 12 13 -14 15 16 17 18 -19 -20
0x8378ed43d464f820 19036 1 2 -3 4 5 6 7 8 9 10 -11 12 13 -14 15 16 17 18 -19 -20
0x9740ad4510bed884 19036 1 2 -3 4 5 6 7 8 9 10 -11 12 13 -14 15 16 17 18 -19 -20
0x3ecd871375e62c82 19036 1 2 -3 4 5 6 7 8 9 10 -11 12 13 -14 15 16 17 18 -19 -20
0x29d7fc5dc6a5a79e 19036 1 2 -3 4 5 6 7 8 9 10 -11 12 13 -14 15 16 17 18 -19 -20
0x94b01014c3b3f7fc 19036 1 2 -3 4 5 6 7 8 9 10 -11 12 13 -14 15 16 17 18 -19 -20
0x36b372f1513e8005 19036 1 2 -3 4 5 6 7 8 9 10 -11 12 13 -14 15 16 17 18 -19 -20
0xab5c9904ba8a6a94 19036 1 2 -3 4 5 6 7 8 9 10 -11 12 13 -14 15 16 17 18 -19 -20
0x4056ae9682d7bf17 19036 1 2 -3 4 5 6 7 8 9 10 -11 12 13 -14 15 16 17 18 -19 -20
0x8d964623c2b225f 19036 1 2 -3 4 5 6 7 8 9 10 -11 12 13 -14 15 16 17 18 -19 -20
0x866ffe0d3dd55693 19036 1 2 -3 4 5 6 7 8 9 10 -11 12 13 -14 15 16 17 18 -19 -20
0x3b11e30bed69f21e 19036 1 2 -3 4 5 6 7 8 9 10 -11 12 13 -14 15 16 17 18 -19 -20
0xd7fcd7690916292f 19036 1 2 -3 4 5 6 7 8 9 10 -11 12 13 -14 15 16 17 18 -19 -20
0xad79783be32ad230 19024 -1 2 3 4 5 6 7 8 9 10 -11 12 13 14 15 -16 17 18 19 20
0x75d02e6f807304ce 19036 1 2 -3 4 5 6 7 8 9 10 -11 12 13 -14 15 16 17 18 -19 -20
0x1df0924624de777d 19024 -1 2 3 4 5 6 7 8 9 10 -11 12 13 14 15 -16 17 18 19 20
0x8a0d9ed0da486cf2 19036 1 2 -3 4 5 6 7 8 9 10 -11 12 13 -14 15 16 17 18 -19 -20
0x9f4cb579072131a8 19036 1 2 -3 4 5 6 7 8 9 10 -11 12 13 -14 15 16 17 18 -19 -20
0x14e5717b0b00295d 19036 1 2 -3 4 5 6 7 8 9 10 -11 12 13 -14 15 16 17 18 -19 -20
0x5c48b8df8c20c155 19036 1 2 -3 4 5 6 7 8 9 10 -11 12 13 -14 15 16 17 18 -19 -20