0x1f7d840410040591 19693 1 2 -3 4 5 6 7 8 -9 10 11 12 13 -14 -15 16 17 18 19 20
0xffd0e748b4726931 19693 1 2 -3 4 5 6 7 8 -9 10 11 12 13 -14 -15 16 17 18 19 20
0xb7548910c9923c34 19693 1 2 -3 4 5 6 7 8 -9 10 11 12 13 -14 -15 16 17 18 19 20
0xf46219ed11091851 19693 1 2 -3 4 5 6 7 8 -9 10 11 12 13 -14 -15 16 17 18 19 20
0x80bcb5661bcac495 19693 1 2 -3 4 5 6 7 8 -9 10 11 12 13 -14 -15 16 17 18 19 20
0x4a2eaed6f5e6e3f1 19693 1 2 -3 4 5 6 7 8 -9 10 11 12 13 -14 -15 16 17 18 19 20
0x6075b98dd5322c3a 19693 1 2 -3 4 5 6 7 8 -9 10 11 12 13 -14 -15 16 17 18 19 20
0x6c481d25b2d48829 19693 1 2 -3 4 5 6 7 8 -9 10 11 12 13 -14 -15 16 17 18 19 20
0x2c035f2782f96112 19693 1 2 -3 4 5 6 7 8 -9 10 11 12 13 -14 -15 16 17 18 19 20
0xadc0d225e9a94edc 19693 1 2 -3 4 5 6 7 8 -9 10 11 12 13 -14 -15 16 17 18 19 20
0xe7a580412f307a5d 19693 1 2 -3 4 5 6 7 8 -9 10 11 12 13 -14 -15 16 17 18 19 20
0x98a6ebc9f5a67d7a 19693 1 2 -3 4 5 6 7 8 -9 10 11 12 13 -14 -15 16 17 18 19 20
0x4fb5ba06e0318653 19693 1 2 -3 4 5 6 7 8 -9 10 11 12 13 -14 -15 16 17 18 19 20
0x375c5e2d2e129050 19693 1 2 -3 4 5 6 7 8 -9 10 11 12 13 -14 -15 16 17 18 19 20
0x3c68ff46816b4f99 19693 1 2 -3 4 5 6 7 8 -9 10 11 12 13 -14 -15 16 17 18 19 20
0xda180053b6b60972 19693 1 2 -3 4 5 6 7 8 -9 10 11 12 13 -14 -15 16 17 18 19 20
0xcaa198b4e81ec1c6 19693 1 2 -3 4 5 6 7 8 -9 10 11 12 13 -14 -15 16 17 18 19 20
0x82288160d585a087 19693 1 2 -3 4 5 6 7 8 -9 10 11 12 13 -14 -15 16 17 18 19 20
0xfba140608acf1728 19693 1 2 -3 4 5 6 7 8 -9 10 11 12 13 -14 -15 16 17 18 19 20
0x61cd445447839621 19693 1 2 -3 4 5 6 7 8 -9 10 11 12 13 -14 -15 16 17 18 19 20
0x6007cfea1ba4d270 19693 1 2 -3 4 5 6 7 8 -9 10 11 12 13 -14 -15 16 17 18 19 20
0xbbe2b56af9de9b14 19693 1 2 -3 4 5 6 7 8 -9 10 11 12 13 -14 -15 16 17 18 19 20
0xe5d0e23023793e92 19693 1 2 -3 4 5 6 7 8 -9 10 11 12 13 -14 -15 16 17 18 19 20
0x745cba25ceb38073 19693 1 2 -3 4 5 6 7 8 -9 10 11 12 13 -14 -15 16 17 18 19 20
0xfaa84350bc6a1ec2 19693 1 2 -3 4 5 6 7 8 -9 10 11 12 13 -14 -15 16 17 18 19 20
0x603521441e32e790 19693 1 2 -3 4 5 6 7 8 -9 10 11 12 13 -14 -15 16 17 18 19 20
0x82e3baba56de18b2 19693 1 2 -3 4 5 6 7 8 -9 10 11 12 13 -14 -15 16 17 18 19 20
0x63ce12c4572af1ff 19693 1 2 -3 4 5 6 7 8 -9 10 11 12 13 -14 -15 16 17 18 19 20
0x1b1fad8cc14c6c5 19693 1 2 -3 4 5 6 7 8 -9 10 11 12 13 -14 -15 16 17 18 19 20
0x506d1f88681d2de3 19693 1 2 -3 4 5 6 7 8 -9 10 11 12 13 -14 -15 16 17 18 19 20