0x2eeae056df9b7b11 21131 1 2 3 4 5 -6 7 8 9 10 11 12 13 14 15 16 17 18 19 -20
0x6bc3f7c134ab644f 21131 1 2 3 4 5 -6 7 8 9 10 11 12 13 14 15 16 17 18 19 -20
0xfeae28a352592e68 21131 1 2 3 4 5 -6 7 8 9 10 11 12 13 14 15 16 17 18 19 -20
0x8ec220d306c0792c 21131 1 2 3 4 5 -6 7 8 9 10 11 12 13 14 15 16 17 18 19 -20
0xd9069b6faa7f019d 21131 1 2 3 4 5 -6 7 8 9 10 11 12 13 14 15 16 17 18 19 -20
0xe449ca15c59e8d33 21131 1 2 3 4 5 -6 7 8 9 10 11 12 13 14 15 16 17 18 19 -20
0x37fdb98ed69986b5 21131 1 2 3 4 5 -6 7 8 9 10 11 12 13 14 15 16 17 18 19 -20
0xddc0f8f29852faef 21131 1 2 3 4 5 -6 7 8 9 10 11 12 13 14 15 16 17 18 19 -20
0x16176a933d258b51 21131 1 2 3 4 5 -6 7 8 9 10 11 12 13 14 15 16 17 18 19 -20
0xd01cf5caadb6b4aa 21131 1 2 3 4 5 -6 7 8 9 10 11 12 13 14 15 16 17 18 19 -20
0xa1d748f5de7e8ef6 21131 1 2 3 4 5 -6 7 8 9 10 11 12 13 14 15 16 17 18 19 -20
0x692541741e862e57 21131 1 2 3 4 5 -6 7 8 9 10 11 12 13 14 15 16 17 18 19 -20
0xf4f584f37ee04e3f 21131 1 2 3 4 5 -6 7 8 9 10 11 12 13 14 15 16 17 18 19 -20
0x4c8a8b0af382414c 21131 1 2 3 4 5 -6 7 8 9 10 11 12 13 14 15 16 17 18 19 -20
0xf0a4aac71c0fa33 21131 1 2 3 4 5 -6 7 8 9 10 11 12 13 14 15 16 17 18 19 -20
0x222b01a5be4ed954 21131 1 2 3 4 5 -6 7 8 9 10 11 12 13 14 15 16 17 18 19 -20
0xbf69aaa9caf2bbf5 21131 1 2 3 4 5 -6 7 8 9 10 11 12 13 14 15 16 17 18 19 -20
0xd548606fb41bd12b 21131 1 2 3 4 5 -6 7 8 9 10 11 12 13 14 15 16 17 18 19 -20
0xa2044db651043a41 21131 1 2 3 4 5 -6 7 8 9 10 11 12 13 14 15 16 17 18 19 -20
0xb0e318ba1bba1a6a 21131 1 2 3 4 5 -6 7 8 9 10 11 12 13 14 15 16 17 18 19 -20
0x49cc6bd5ebe19a11 21131 1 2 3 4 5 -6 7 8 9 10 11 12 13 14 15 16 17 18 19 -20
0x6d4a13964e45fac3 21131 1 2 3 4 5 -6 7 8 9 10 11 12 13 14 15 16 17 18 19 -20
0xaa9a2cbea88cfe40 21131 1 2 3 4 5 -6 7 8 9 10 11 12 13 14 15 16 17 18 19 -20
0xbf5acdd193456d50 21131 1 2 3 4 5 -6 7 8 9 10 11 12 13 14 15 16 17 18 19 -20
0xeb8e60333d793aec 21131 1 2 3 4 5 -6 7 8 9 10 11 12 13 14 15 16 17 18 19 -20
0x5ace0e52fa37c42d 21131 1 2 3 4 5 -6 7 8 9 10 11 12 13 14 15 16 17 18 19 -20
0x95bdc6a0b50ec51d 21131 1 2 3 4 5 -6 7 8 9 10 11 12 13 14 15 16 17 18 19 -20
0x1d1b899f6b53a447 21131 1 2 3 4 5 -6 7 8 9 10 11 12 13 14 15 16 17 18 19 -20
0xbe6165619710883c 21131 1 2 3 4 5 -6 7 8 9 10 11 12 13 14 15 16 17 18 19 -20
0xaad285eec92a80f5 21131 1 2 3 4 5 -6 7 8 9 10 11 12 13 14 15 16 17 18 19 -20