0x23d04ba43007737c 17374 1 2 3 4 5 6 7 8 9 10 11 12 13 14 -15 16 17 18 -19 20
0xdee31b3689c1fe6e 17374 1 2 3 4 5 6 7 8 9 10 11 12 13 14 -15 16 17 18 -19 20
0x988ef899b87378df 17374 1 2 3 4 5 6 7 8 9 10 11 12 13 14 -15 16 17 18 -19 20
0x5d02899b9b5a62d 17374 1 2 3 4 5 6 7 8 9 10 11 12 13 14 -15 16 17 18 -19 20
0x38f87a51fb57a0c2 17374 1 2 3 4 5 6 7 8 9 10 11 12 13 14 -15 16 17 18 -19 20
0xed257190f8c9477d 17374 1 2 3 4 5 6 7 8 9 10 11 12 13 14 -15 16 17 18 -19 20
0x340467d77b3ee5ea 17374 1 2 3 4 5 6 7 8 9 10 11 12 13 14 -15 16 17 18 -19 20
0x2e81243a3c64679b 17374 1 2 3 4 5 6 7 8 9 10 11 12 13 14 -15 16 17 18 -19 20
0x2feb5177dd85f417 17374 1 2 3 4 5 6 7 8 9 10 11 12 13 14 -15 16 17 18 -19 20
0xee73a6462690a63d 17374 1 2 3 4 5 6 7 8 9 10 11 12 13 14 -15 16 17 18 -19 20
0xea6c7c34ab19e08d 17374 1 2 3 4 5 6 7 8 9 10 11 12 13 14 -15 16 17 18 -19 20
0xea73ceec0c0d0430 17374 1 2 3 4 5 6 7 8 9 10 11 12 13 14 -15 16 17 18 -19 20
0x2110702d46105c76 17374 1 2 3 4 5 6 7 8 9 10 11 12 13 14 -15 16 17 18 -19 20
0xa6e6796e5dd7420c 17374 1 2 3 4 5 6 7 8 9 10 11 12 13 14 -15 16 17 18 -19 20
0xc1828319141b52d9 17374 1 2 3 4 5 6 7 8 9 10 11 12 13 14 -15 16 17 18 -19 20
0xa46a8c9bb4fc1e8 17374 1 2 3 4 5 6 7 8 9 10 11 12 13 14 -15 16 17 18 -19 20
0xbb1adb0f1154d90b 17374 1 2 3 4 5 6 7 8 9 10 11 12 13 14 -15 16 17 18 -19 20
0xa9cb39f127e28d17 17374 1 2 3 4 5 6 7 8 9 10 11 12 13 14 -15 16 17 18 -19 20
0x673ba043e2d76d2a 17374 1 2 3 4 5 6 7 8 9 10 11 12 13 14 -15 16 17 18 -19 20
0x482f58e91e5d4db6 17374 1 2 3 4 5 6 7 8 9 10 11 12 13 14 -15 16 17 18 -19 20
0xd0f8b45473e741e8 17374 1 2 3 4 5 6 7 8 9 10 11 12 13 14 -15 16 17 18 -19 20
0xca808fd68738969f 17374 1 2 3 4 5 6 7 8 9 10 11 12 13 14 -15 16 17 18 -19 20
0x5f447516de1db475 17374 1 2 3 4 5 6 7 8 9 10 11 12 13 14 -15 16 17 18 -19 20
0x4833bdbdc7129ed4 17374 1 2 3 4 5 6 7 8 9 10 11 12 13 14 -15 16 17 18 -19 20
0x2197bc3b10c2729d 17374 1 2 3 4 5 6 7 8 9 10 11 12 13 14 -15 16 17 18 -19 20
0x65ca7d09a3a32f7 17374 1 2 3 4 5 6 7 8 9 10 11 12 13 14 -15 16 17 18 -19 20
0x686360191d5e06cc 17374 1 2 3 4 5 6 7 8 9 10 11 12 13 14 -15 16 17 18 -19 20
0xe1a6462ed2d5f003 17374 1 2 3 4 5 6 7 8 9 10 11 12 13 14 -15 16 17 18 -19 20
0x127d1f41f05a6fff 17374 1 2 3 4 5 6 7 8 9 10 11 12 13 14 -15 16 17 18 -19 20
0xc5b6b8dd9ac0359c 17374 1 2 3 4 5 6 7 8 9 10 11 12 13 14 -15 16 17 18 -19 20