0x9089cfaa6a9503b8 18752 1 2 3 4 5 6 7 -8 9 10 11 -12 13 14 15 16 17 -18 19 -20
0x147212d7df796066 18752 1 2 3 4 5 6 7 -8 9 10 11 -12 13 14 15 16 17 -18 19 -20
0x9e963a4b5383358 18752 1 2 3 4 5 6 7 -8 9 10 11 -12 13 14 15 16 17 -18 19 -20
0xb3d88fe25a3fc17e 18752 1 2 3 4 5 6 7 -8 9 10 11 -12 13 14 15 16 17 -18 19 -20
0x13726743cde095ad 18752 1 2 3 4 5 6 7 -8 9 10 11 -12 13 14 15 16 17 -18 19 -20
0x51897bd174787081 18752 1 2 3 4 5 6 7 -8 9 10 11 -12 13 14 15 16 17 -18 19 -20
0x266e75670a20d5d7 18752 1 2 3 4 5 6 7 -8 9 10 11 -12 13 14 15 16 17 -18 19 -20
0xfde3bc8d7b8b6801 18752 1 2 3 4 5 6 7 -8 9 10 11 -12 13 14 15 16 17 -18 19 -20
0xe6906e9ee5a011d9 18752 1 2 3 4 5 6 7 -8 9 10 11 -12 13 14 15 16 17 -18 19 -20
0xc2160bdb078342bb 18752 1 2 3 4 5 6 7 -8 9 10 11 -12 13 14 15 16 17 -18 19 -20
0xf6a7057dad11a028 18752 1 2 3 4 5 6 7 -8 9 10 11 -12 13 14 15 16 17 -18 19 -20
0x87dbeec34448997a 18752 1 2 3 4 5 6 7 -8 9 10 11 -12 13 14 15 16 17 -18 19 -20
0xa64129075c9dbff 18752 1 2 3 4 5 6 7 -8 9 10 11 -12 13 14 15 16 17 -18 19 -20
0xf7e364b9857b8a5d 18752 1 2 3 4 5 6 7 -8 9 10 11 -12 13 14 15 16 17 -18 19 -20
0x3fb059ae65827296 18752 1 2 3 4 5 6 7 -8 9 10 11 -12 13 14 15 16 17 -18 19 -20
0x33ab9e1b082d011f 18752 1 2 3 4 5 6 7 -8 9 10 11 -12 13 14 15 16 17 -18 19 -20
0x9cf8ee426d0f30c8 18752 1 2 3 4 5 6 7 -8 9 10 11 -12 13 14 15 16 17 -18 19 -20
0xc89e193798a9905 18752 1 2 3 4 5 6 7 -8 9 10 11 -12 13 14 15 16 17 -18 19 -20
0xb2da2af0fc68b9b0 18752 1 2 3 4 5 6 7 -8 9 10 11 -12 13 14 15 16 17 -18 19 -20
0xb365783227d82486 18752 1 2 3 4 5 6 7 -8 9 10 11 -12 13 14 15 16 17 -18 19 -20
0x555ca1a1e13eb6a9 18752 1 2 3 4 5 6 7 -8 9 10 11 -12 13 14 15 16 17 -18 19 -20
0x8528297fae56e21e 18752 1 2 3 4 5 6 7 -8 9 10 11 -12 13 14 15 16 17 -18 19 -20
0x2d860b7db94e074e 18752 1 2 3 4 5 6 7 -8 9 10 11 -12 13 14 15 16 17 -18 19 -20
0x7a50dc432fd9de87 18752 1 2 3 4 5 6 7 -8 9 10 11 -12 13 14 15 16 17 -18 19 -20
0x1a3e38e9237af17a 18752 1 2 3 4 5 6 7 -8 9 10 11 -12 13 14 15 16 17 -18 19 -20
0x102286810b6224bc 18752 1 2 3 4 5 6 7 -8 9 10 11 -12 13 14 15 16 17 -18 19 -20
0x9788018d1aaf5148 18752 1 2 3 4 5 6 7 -8 9 10 11 -12 13 14 15 16 17 -18 19 -20
0xbbf782c70259b204 18752 1 2 3 4 5 6 7 -8 9 10 11 -12 13 14 15 16 17 -18 19 -20
0x6fb2dceed3d4be3d 18752 1 2 3 4 5 6 7 -8 9 10 11 -12 13 14 15 16 17 -18 19 -20
0x19d9e83ec72ee8ef 18752 1 2 3 4 5 6 7 -8 9 10 11 -12 13 14 15 16 17 -18 19 -20