0x51966ce12e800f56 67392 1 2 3 4 5 6 7 8 -9 10 11 12 13 -14 15 -16 -17 18 -19 -20
0x78d8a09d1c013fe5 67392 1 2 3 4 5 6 7 8 -9 10 11 12 13 -14 15 -16 -17 18 -19 -20
0x5e786e362d405faa 67392 1 2 3 4 5 6 7 8 -9 10 11 12 13 -14 15 -16 -17 18 -19 -20
0x7aed08aa4f18bbfc 67392 1 2 3 4 5 6 7 8 -9 10 11 12 13 -14 15 -16 -17 18 -19 -20
0xadb47b0bfce19ab9 62751 1 2 3 4 5 6 7 8 -9 10 -11 12 13 -14 15 16 -17 18 -19 -20
0x3375e3ffa8768fc0 67392 1 2 3 4 5 6 7 8 -9 10 11 12 13 -14 15 -16 -17 18 -19 -20
0xe6c1814270516277 62751 1 2 3 4 5 6 7 8 -9 10 -11 12 13 -14 15 16 -17 18 -19 -20
0x8fe6b99e988b0dcf 67392 1 2 3 4 5 6 7 8 -9 10 11 12 13 -14 15 -16 -17 18 -19 -20
0x6dc6dff71e5d1115 67392 1 2 3 4 5 6 7 8 -9 10 11 12 13 -14 15 -16 -17 18 -19 -20
0x8c8d5d405fcdad89 67392 1 2 3 4 5 6 7 8 -9 10 11 12 13 -14 15 -16 -17 18 -19 -20
0x9978b9d4981f483b 67392 1 2 3 4 5 6 7 8 -9 10 11 12 13 -14 15 -16 -17 18 -19 -20
0xe53b53032fb712c9 61687 1 2 3 4 5 6 7 8 -9 10 -11 12 13 -14 -15 16 -17 18 -19 -20
0x811b1581b7b7bc9a 62751 1 2 3 4 5 6 7 8 -9 10 -11 12 13 -14 15 16 -17 18 -19 -20
0x7c49608617d1cc5a 67392 1 2 3 4 5 6 7 8 -9 10 11 12 13 -14 15 -16 -17 18 -19 -20
0xb599d812d949ca05 67392 1 2 3 4 5 6 7 8 -9 10 11 12 13 -14 15 -16 -17 18 -19 -20
0xc7ac4d87debe74bf 67392 1 2 3 4 5 6 7 8 -9 10 11 12 13 -14 15 -16 -17 18 -19 -20
0x7db4f9720b54425b 62276 1 2 3 4 5 6 7 8 -9 10 11 12 -13 -14 15 -16 -17 18 -19 -20
0xf67738ed6c9f4b57 62751 1 2 3 4 5 6 7 8 -9 10 -11 12 13 -14 15 16 -17 18 -19 -20
0xf3caace060af6133 67392 1 2 3 4 5 6 7 8 -9 10 11 12 13 -14 15 -16 -17 18 -19 -20
0x45be8f5925c823f9 67392 1 2 3 4 5 6 7 8 -9 10 11 12 13 -14 15 -16 -17 18 -19 -20
0x198a86f28983df8f 62276 1 2 3 4 5 6 7 8 -9 10 11 12 -13 -14 15 -16 -17 18 -19 -20
0xe6afcdc37e298d7f 62751 1 2 3 4 5 6 7 8 -9 10 -11 12 13 -14 15 16 -17 18 -19 -20
0x434db42a6b71c9a 62751 1 2 3 4 5 6 7 8 -9 10 -11 12 13 -14 15 16 -17 18 -19 -20
0x33876b15e4cb8d24 67392 1 2 3 4 5 6 7 8 -9 10 11 12 13 -14 15 -16 -17 18 -19 -20
0xf66d02875df165d2 67392 1 2 3 4 5 6 7 8 -9 10 11 12 13 -14 15 -16 -17 18 -19 -20
0x31c0d11fc4120f67 67392 1 2 3 4 5 6 7 8 -9 10 11 12 13 -14 15 -16 -17 18 -19 -20
0x9c5eed8d77d31964 62276 1 2 3 4 5 6 7 8 -9 10 11 12 -13 -14 15 -16 -17 18 -19 -20
0x6db38a9adf6a6e21 67392 1 2 3 4 5 6 7 8 -9 10 11 12 13 -14 15 -16 -17 18 -19 -20
0x7fc339685599d201 67392 1 2 3 4 5 6 7 8 -9 10 11 12 13 -14 15 -16 -17 18 -19 -20
0x7f273274b10be33e 62276 1 2 3 4 5 6 7 8 -9 10 11 12 -13 -14 15 -16 -17 18 -19 -20