0x9d9fbb95d8cb7b4f 19656 1 2 3 4 5 6 7 8 -9 -10 11 12 -13 14 15 16 17 -18 -19 20
0xb6271d29b4b8b0bc 19840 1 2 3 4 5 6 7 8 9 -10 -11 12 -13 14 15 16 17 -18 -19 20
0x60a278ab9f65b904 19840 1 2 3 4 5 6 7 8 9 -10 -11 12 -13 14 15 16 17 -18 -19 20
0x343a00d7b7e572a2 19840 1 2 3 4 5 6 7 8 9 -10 -11 12 -13 14 15 16 17 -18 -19 20
0xded24520cc37bbdf 19840 1 2 3 4 5 6 7 8 9 -10 -11 12 -13 14 15 16 17 -18 -19 20
0x5c24bff17635f632 19840 1 2 3 4 5 6 7 8 9 -10 -11 12 -13 14 15 16 17 -18 -19 20
0xce82fef3c411f6c0 19656 1 2 3 4 5 6 7 8 -9 -10 11 12 -13 14 15 16 17 -18 -19 20
0xafa1e5579921008c 19840 1 2 3 4 5 6 7 8 9 -10 -11 12 -13 14 15 16 17 -18 -19 20
0xaff22015f152a405 19840 1 2 3 4 5 6 7 8 9 -10 -11 12 -13 14 15 16 17 -18 -19 20
0xe376f7f740c3616b 19840 1 2 3 4 5 6 7 8 9 -10 -11 12 -13 14 15 16 17 -18 -19 20
0x8746e693cd3e0127 19840 1 2 3 4 5 6 7 8 9 -10 -11 12 -13 14 15 16 17 -18 -19 20
0x3973de8a9b2f93ee 19840 1 2 3 4 5 6 7 8 9 -10 -11 12 -13 14 15 16 17 -18 -19 20
0x72194389976d5b9b 19840 1 2 3 4 5 6 7 8 9 -10 -11 12 -13 14 15 16 17 -18 -19 20
0x4d95dd930f9204be 19656 1 2 3 4 5 6 7 8 -9 -10 11 12 -13 14 15 16 17 -18 -19 20
0x372c9c3ba471dc14 19656 1 2 3 4 5 6 7 8 -9 -10 11 12 -13 14 15 16 17 -18 -19 20
0x2abb9abae0059321 19840 1 2 3 4 5 6 7 8 9 -10 -11 12 -13 14 15 16 17 -18 -19 20
0x63cdba519e3e2b77 19840 1 2 3 4 5 6 7 8 9 -10 -11 12 -13 14 15 16 17 -18 -19 20
0xa6701b2d2d257d8 19840 1 2 3 4 5 6 7 8 9 -10 -11 12 -13 14 15 16 17 -18 -19 20
0x7f029ef066c3b195 19840 1 2 3 4 5 6 7 8 9 -10 -11 12 -13 14 15 16 17 -18 -19 20
0x976b38ee00797bb5 19840 1 2 3 4 5 6 7 8 9 -10 -11 12 -13 14 15 16 17 -18 -19 20
0x7bac0b615c5a0a25 19840 1 2 3 4 5 6 7 8 9 -10 -11 12 -13 14 15 16 17 -18 -19 20
0x1e064b00a3488270 19840 1 2 3 4 5 6 7 8 9 -10 -11 12 -13 14 15 16 17 -18 -19 20
0x946c7458869c1763 19147 -1 -2 3 4 5 6 -7 8 9 -10 11 12 -13 14 -15 16 -17 18 19 -20
0x5cf490a95a62e1e2 19656 1 2 3 4 5 6 7 8 -9 -10 11 12 -13 14 15 16 17 -18 -19 20
0x9349e1d4a179ebe8 19840 1 2 3 4 5 6 7 8 9 -10 -11 12 -13 14 15 16 17 -18 -19 20
0xba71d82c7feedfa 19840 1 2 3 4 5 6 7 8 9 -10 -11 12 -13 14 15 16 17 -18 -19 20
0xa30e344f257cc913 19840 1 2 3 4 5 6 7 8 9 -10 -11 12 -13 14 15 16 17 -18 -19 20
0x2d8685cf02f1d1b9 19840 1 2 3 4 5 6 7 8 9 -10 -11 12 -13 14 15 16 17 -18 -19 20
0xd50487564582f176 19656 1 2 3 4 5 6 7 8 -9 -10 11 12 -13 14 15 16 17 -18 -19 20
0x37cf47b9a7e8ee34 19840 1 2 3 4 5 6 7 8 9 -10 -11 12 -13 14 15 16 17 -18 -19 20