0x6d1ea4db5f6bb0eb 81444 1 -2 3 4 -5 6 -7 8 9 10 11 12 13 -14 15 16 17 -18 19 20
0x1428aabe7ffd5385 79152 1 -2 3 4 -5 6 -7 8 9 10 11 12 13 -14 15 16 -17 -18 19 20
0x59839e288510e03 81444 1 -2 3 4 -5 6 -7 8 9 10 11 12 13 -14 15 16 17 -18 19 20
0x587df556633faa55 81444 1 -2 3 4 -5 6 -7 8 9 10 11 12 13 -14 15 16 17 -18 19 20
0x3f154788964c7dee 81444 1 -2 3 4 -5 6 -7 8 9 10 11 12 13 -14 15 16 17 -18 19 20
0xb8bfe62ae2742a2e 81444 1 -2 3 4 -5 6 -7 8 9 10 11 12 13 -14 15 16 17 -18 19 20
0x46cd353564bc2a51 81444 1 -2 3 4 -5 6 -7 8 9 10 11 12 13 -14 15 16 17 -18 19 20
0x1c66c93ea5e760d7 81444 1 -2 3 4 -5 6 -7 8 9 10 11 12 13 -14 15 16 17 -18 19 20
0xeb27ef9d2f602738 81444 1 -2 3 4 -5 6 -7 8 9 10 11 12 13 -14 15 16 17 -18 19 20
0xb392d03258971f65 81444 1 -2 3 4 -5 6 -7 8 9 10 11 12 13 -14 15 16 17 -18 19 20
0x9a4313b22adf182a 81444 1 -2 3 4 -5 6 -7 8 9 10 11 12 13 -14 15 16 17 -18 19 20
0x57394745b35b9854 81444 1 -2 3 4 -5 6 -7 8 9 10 11 12 13 -14 15 16 17 -18 19 20
0x2c1ab0883afae814 81444 1 -2 3 4 -5 6 -7 8 9 10 11 12 13 -14 15 16 17 -18 19 20
0x15969909400647f6 81444 1 -2 3 4 -5 6 -7 8 9 10 11 12 13 -14 15 16 17 -18 19 20
0xde510d21e8a08ea 81444 1 -2 3 4 -5 6 -7 8 9 10 11 12 13 -14 15 16 17 -18 19 20
0x6727929fcef01a26 81444 1 -2 3 4 -5 6 -7 8 9 10 11 12 13 -14 15 16 17 -18 19 20
0xf44ce8c4784320e9 79152 1 -2 3 4 -5 6 -7 8 9 10 11 12 13 -14 15 16 -17 -18 19 20
0x3c2c67254ea138eb 81444 1 -2 3 4 -5 6 -7 8 9 10 11 12 13 -14 15 16 17 -18 19 20
0x4d487bdafe990271 81444 1 -2 3 4 -5 6 -7 8 9 10 11 12 13 -14 15 16 17 -18 19 20
0xb7c547cb4331a16f 81444 1 -2 3 4 -5 6 -7 8 9 10 11 12 13 -14 15 16 17 -18 19 20
0x2ad8bc50f954aea1 81444 1 -2 3 4 -5 6 -7 8 9 10 11 12 13 -14 15 16 17 -18 19 20
0x9a48979212508f29 81444 1 -2 3 4 -5 6 -7 8 9 10 11 12 13 -14 15 16 17 -18 19 20
0xa969d7d203c7b814 81444 1 -2 3 4 -5 6 -7 8 9 10 11 12 13 -14 15 16 17 -18 19 20
0xcf95c03770d45632 81444 1 -2 3 4 -5 6 -7 8 9 10 11 12 13 -14 15 16 17 -18 19 20
0xe06cedb3ce54ca2b 81444 1 -2 3 4 -5 6 -7 8 9 10 11 12 13 -14 15 16 17 -18 19 20
0xea19d718e3c460be 81444 1 -2 3 4 -5 6 -7 8 9 10 11 12 13 -14 15 16 17 -18 19 20
0x17cb4bda3bfb8635 81444 1 -2 3 4 -5 6 -7 8 9 10 11 12 13 -14 15 16 17 -18 19 20
0x5d18d8fb867285d8 81444 1 -2 3 4 -5 6 -7 8 9 10 11 12 13 -14 15 16 17 -18 19 20
0xd4b6c38173bebd8e 81444 1 -2 3 4 -5 6 -7 8 9 10 11 12 13 -14 15 16 17 -18 19 20
0xaea6e0c25b977702 81444 1 -2 3 4 -5 6 -7 8 9 10 11 12 13 -14 15 16 17 -18 19 20