0x22341e9661d2b65a 47877 1 2 3 -4 -5 -6 7 8 -9 10 11 12 13 14 15 16 17 18 19 -20
0x87d794f920c596b7 47877 1 2 3 -4 -5 -6 7 8 -9 10 11 12 13 14 15 16 17 18 19 -20
0xf12be01c2a226991 47877 1 2 3 -4 -5 -6 7 8 -9 10 11 12 13 14 15 16 17 18 19 -20
0x27e15b02797134a5 47877 1 2 3 -4 -5 -6 7 8 -9 10 11 12 13 14 15 16 17 18 19 -20
0x725368f338d6caba 47877 1 2 3 -4 -5 -6 7 8 -9 10 11 12 13 14 15 16 17 18 19 -20
0x5479ee6863f8bfad 47877 1 2 3 -4 -5 -6 7 8 -9 10 11 12 13 14 15 16 17 18 19 -20
0x2606164a1c9bdebf 47877 1 2 3 -4 -5 -6 7 8 -9 10 11 12 13 14 15 16 17 18 19 -20
0x53f1a6e526d7fda3 47877 1 2 3 -4 -5 -6 7 8 -9 10 11 12 13 14 15 16 17 18 19 -20
0x37be572c900ac0a9 47877 1 2 3 -4 -5 -6 7 8 -9 10 11 12 13 14 15 16 17 18 19 -20
0xa9b8921cc5e0579f 47877 1 2 3 -4 -5 -6 7 8 -9 10 11 12 13 14 15 16 17 18 19 -20
0x68c19fe224da8acf 47877 1 2 3 -4 -5 -6 7 8 -9 10 11 12 13 14 15 16 17 18 19 -20
0xe044055d3375ebd0 47877 1 2 3 -4 -5 -6 7 8 -9 10 11 12 13 14 15 16 17 18 19 -20
0xddb93c9d7f1e69cb 47877 1 2 3 -4 -5 -6 7 8 -9 10 11 12 13 14 15 16 17 18 19 -20
0xdc55cdc3eefaea6b 47877 1 2 3 -4 -5 -6 7 8 -9 10 11 12 13 14 15 16 17 18 19 -20
0xc065ca887b42df62 47877 1 2 3 -4 -5 -6 7 8 -9 10 11 12 13 14 15 16 17 18 19 -20
0x75f19b1aedd6be2 47877 1 2 3 -4 -5 -6 7 8 -9 10 11 12 13 14 15 16 17 18 19 -20
0xa0fb979a2f9fdbf 47877 1 2 3 -4 -5 -6 7 8 -9 10 11 12 13 14 15 16 17 18 19 -20
0xb9d20395e726d570 47877 1 2 3 -4 -5 -6 7 8 -9 10 11 12 13 14 15 16 17 18 19 -20
0xbd71d42a56fd2190 47877 1 2 3 -4 -5 -6 7 8 -9 10 11 12 13 14 15 16 17 18 19 -20
0x253cf67abee936ba 47877 1 2 3 -4 -5 -6 7 8 -9 10 11 12 13 14 15 16 17 18 19 -20
0xc37126ee978ec3ec 47877 1 2 3 -4 -5 -6 7 8 -9 10 11 12 13 14 15 16 17 18 19 -20
0xe91521320f40dd3b 47877 1 2 3 -4 -5 -6 7 8 -9 10 11 12 13 14 15 16 17 18 19 -20
0x76c8551030e72de4 47877 1 2 3 -4 -5 -6 7 8 -9 10 11 12 13 14 15 16 17 18 19 -20
0x79975993fe6ec68c 47877 1 2 3 -4 -5 -6 7 8 -9 10 11 12 13 14 15 16 17 18 19 -20
0xa9818055a03171b2 47877 1 2 3 -4 -5 -6 7 8 -9 10 11 12 13 14 15 16 17 18 19 -20
0x26f26d60a1ac4d37 47877 1 2 3 -4 -5 -6 7 8 -9 10 11 12 13 14 15 16 17 18 19 -20
0x825b96b2a06813df 47877 1 2 3 -4 -5 -6 7 8 -9 10 11 12 13 14 15 16 17 18 19 -20
0x8b9743c34ee79867 47877 1 2 3 -4 -5 -6 7 8 -9 10 11 12 13 14 15 16 17 18 19 -20
0x983cb7773e346056 47877 1 2 3 -4 -5 -6 7 8 -9 10 11 12 13 14 15 16 17 18 19 -20
0xa013bf85030fbb11 47877 1 2 3 -4 -5 -6 7 8 -9 10 11 12 13 14 15 16 17 18 19 -20