0x8096bc9f36ff3b3a 50347 1 2 -3 -4 -5 6 7 8 9 10 11 -12 13 14 15 16 17 -18 19 20
0x4977cf74860705f0 50347 1 2 -3 -4 -5 6 7 8 9 10 11 -12 13 14 15 16 17 -18 19 20
0xd8b120f1f1bba422 50347 1 2 -3 -4 -5 6 7 8 9 10 11 -12 13 14 15 16 17 -18 19 20
0x272105ba237c9c5 50347 1 2 -3 -4 -5 6 7 8 9 10 11 -12 13 14 15 16 17 -18 19 20
0xbe2fda9114a69f5 49731 1 2 -3 -4 5 -6 7 8 9 10 11 -12 13 14 15 16 17 -18 19 20
0xdcd0b1ddd87dfd06 50347 1 2 -3 -4 -5 6 7 8 9 10 11 -12 13 14 15 16 17 -18 19 20
0x356aafb3b02dc4f1 50347 1 2 -3 -4 -5 6 7 8 9 10 11 -12 13 14 15 16 17 -18 19 20
0xe52cab17bc4aaecf 50347 1 2 -3 -4 -5 6 7 8 9 10 11 -12 13 14 15 16 17 -18 19 20
0x2785c4963664541b 50347 1 2 -3 -4 -5 6 7 8 9 10 11 -12 13 14 15 16 17 -18 19 20
0xca287fc2d72f6eda 50347 1 2 -3 -4 -5 6 7 8 9 10 11 -12 13 14 15 16 17 -18 19 20
0x3294d78af6196908 49731 1 2 -3 -4 5 -6 7 8 9 10 11 -12 13 14 15 16 17 -18 19 20
0x88160c8442e078a5 47723 1 2 3 -4 -5 6 7 -8 9 10 11 -12 13 14 15 16 17 -18 19 20
0x561264573cd736d9 50347 1 2 -3 -4 -5 6 7 8 9 10 11 -12 13 14 15 16 17 -18 19 20
0xbc8ce4b03efb369b 50347 1 2 -3 -4 -5 6 7 8 9 10 11 -12 13 14 15 16 17 -18 19 20
0x1f4e506162c89554 50347 1 2 -3 -4 -5 6 7 8 9 10 11 -12 13 14 15 16 17 -18 19 20
0x6d519b25cea5e1b3 50347 1 2 -3 -4 -5 6 7 8 9 10 11 -12 13 14 15 16 17 -18 19 20
0xb5c0c3b60b5aa9b1 50347 1 2 -3 -4 -5 6 7 8 9 10 11 -12 13 14 15 16 17 -18 19 20
0xec62d3af032bffb5 50347 1 2 -3 -4 -5 6 7 8 9 10 11 -12 13 14 15 16 17 -18 19 20
0x3a573d03510d45ff 50347 1 2 -3 -4 -5 6 7 8 9 10 11 -12 13 14 15 16 17 -18 19 20
0xf8d9a147468ed283 49731 1 2 -3 -4 5 -6 7 8 9 10 11 -12 13 14 15 16 17 -18 19 20
0x2011775baa5883f1 50347 1 2 -3 -4 -5 6 7 8 9 10 11 -12 13 14 15 16 17 -18 19 20
0x1bae5a7135db66e1 50347 1 2 -3 -4 -5 6 7 8 9 10 11 -12 13 14 15 16 17 -18 19 20
0x4c706183473a7547 50347 1 2 -3 -4 -5 6 7 8 9 10 11 -12 13 14 15 16 17 -18 19 20
0xbef3342b5b4ff1bc 50347 1 2 -3 -4 -5 6 7 8 9 10 11 -12 13 14 15 16 17 -18 19 20
0x900f5a8deb05481b 49731 1 2 -3 -4 5 -6 7 8 9 10 11 -12 13 14 15 16 17 -18 19 20
0x69e789e0bbda8793 50347 1 2 -3 -4 -5 6 7 8 9 10 11 -12 13 14 15 16 17 -18 19 20
0x6eb51c6e93b400da 50347 1 2 -3 -4 -5 6 7 8 9 10 11 -12 13 14 15 16 17 -18 19 20
0xf62c2d15272efba8 50347 1 2 -3 -4 -5 6 7 8 9 10 11 -12 13 14 15 16 17 -18 19 20
0xeb1182c4be0bfc39 50347 1 2 -3 -4 -5 6 7 8 9 10 11 -12 13 14 15 16 17 -18 19 20
0x8bf10d556c4edd8e 50347 1 2 -3 -4 -5 6 7 8 9 10 11 -12 13 14 15 16 17 -18 19 20