0xeb65e84a68a08efe 49780 1 -2 3 4 5 6 7 8 9 10 -11 12 13 14 15 16 17 18 19 -20
0xc27c61484b79915a 49780 1 -2 3 4 5 6 7 8 9 10 -11 12 13 14 15 16 17 18 19 -20
0x5ea1ed8be61915fd 49780 1 -2 3 4 5 6 7 8 9 10 -11 12 13 14 15 16 17 18 19 -20
0xfcbdad85e36a999d 49780 1 -2 3 4 5 6 7 8 9 10 -11 12 13 14 15 16 17 18 19 -20
0x63163acf8f72e738 49780 1 -2 3 4 5 6 7 8 9 10 -11 12 13 14 15 16 17 18 19 -20
0xfe3f143f2c532527 49780 1 -2 3 4 5 6 7 8 9 10 -11 12 13 14 15 16 17 18 19 -20
0x87a426581874079c 49780 1 -2 3 4 5 6 7 8 9 10 -11 12 13 14 15 16 17 18 19 -20
0xf052765463dc9876 49780 1 -2 3 4 5 6 7 8 9 10 -11 12 13 14 15 16 17 18 19 -20
0xccfc918ade2fab17 49780 1 -2 3 4 5 6 7 8 9 10 -11 12 13 14 15 16 17 18 19 -20
0x3fed91bf59731b03 49780 1 -2 3 4 5 6 7 8 9 10 -11 12 13 14 15 16 17 18 19 -20
0x2dce05623eeec1d0 49780 1 -2 3 4 5 6 7 8 9 10 -11 12 13 14 15 16 17 18 19 -20
0x597daccda52129e0 49780 1 -2 3 4 5 6 7 8 9 10 -11 12 13 14 15 16 17 18 19 -20
0x9be7edf2dda59109 49780 1 -2 3 4 5 6 7 8 9 10 -11 12 13 14 15 16 17 18 19 -20
0x691df176908ce6bf 49780 1 -2 3 4 5 6 7 8 9 10 -11 12 13 14 15 16 17 18 19 -20
0xe2b815b45ca9b018 49780 1 -2 3 4 5 6 7 8 9 10 -11 12 13 14 15 16 17 18 19 -20
0x9649e634494d6950 49780 1 -2 3 4 5 6 7 8 9 10 -11 12 13 14 15 16 17 18 19 -20
0xde36633aa2e7f747 49780 1 -2 3 4 5 6 7 8 9 10 -11 12 13 14 15 16 17 18 19 -20
0xdd2993b83df2900 49780 1 -2 3 4 5 6 7 8 9 10 -11 12 13 14 15 16 17 18 19 -20
0x904885f91344922 49780 1 -2 3 4 5 6 7 8 9 10 -11 12 13 14 15 16 17 18 19 -20
0xf2fabe657081a2e8 49780 1 -2 3 4 5 6 7 8 9 10 -11 12 13 14 15 16 17 18 19 -20
0x92bf0ee82d417b27 49780 1 -2 3 4 5 6 7 8 9 10 -11 12 13 14 15 16 17 18 19 -20
0x15f0b3458b0718a4 49780 1 -2 3 4 5 6 7 8 9 10 -11 12 13 14 15 16 17 18 19 -20
0xfccbb92012f4ea44 49780 1 -2 3 4 5 6 7 8 9 10 -11 12 13 14 15 16 17 18 19 -20
0x39153e088db098a0 49780 1 -2 3 4 5 6 7 8 9 10 -11 12 13 14 15 16 17 18 19 -20
0xecd38fa1cf7fe39e 49780 1 -2 3 4 5 6 7 8 9 10 -11 12 13 14 15 16 17 18 19 -20
0x47b0d24cb18c7e03 49780 1 -2 3 4 5 6 7 8 9 10 -11 12 13 14 15 16 17 18 19 -20
0xb9a0b7ab2d4894d7 49780 1 -2 3 4 5 6 7 8 9 10 -11 12 13 14 15 16 17 18 19 -20
0xfd8313c13dc4ad4c 49780 1 -2 3 4 5 6 7 8 9 10 -11 12 13 14 15 16 17 18 19 -20
0xdf7220f50b84a9e2 49780 1 -2 3 4 5 6 7 8 9 10 -11 12 13 14 15 16 17 18 19 -20
0x5eac2d168067e3b7 49780 1 -2 3 4 5 6 7 8 9 10 -11 12 13 14 15 16 17 18 19 -20