0x432a4bcc4121935e 50737 1 -2 3 4 5 6 -7 8 9 10 11 -12 13 14 15 -16 17 18 19 20
0x782eced742b5899d 50737 1 -2 3 4 5 6 -7 8 9 10 11 -12 13 14 15 -16 17 18 19 20
0x71a00a8e9d1858c0 50737 1 -2 3 4 5 6 -7 8 9 10 11 -12 13 14 15 -16 17 18 19 20
0x3ed22042e86a28b4 50737 1 -2 3 4 5 6 -7 8 9 10 11 -12 13 14 15 -16 17 18 19 20
0xe4ca5015be438a6f 50737 1 -2 3 4 5 6 -7 8 9 10 11 -12 13 14 15 -16 17 18 19 20
0xe7f1102803fa148e 50737 1 -2 3 4 5 6 -7 8 9 10 11 -12 13 14 15 -16 17 18 19 20
0x8c15960a0aecb44f 50737 1 -2 3 4 5 6 -7 8 9 10 11 -12 13 14 15 -16 17 18 19 20
0x63bcd453db344832 50737 1 -2 3 4 5 6 -7 8 9 10 11 -12 13 14 15 -16 17 18 19 20
0x6535883c6bb7a602 50737 1 -2 3 4 5 6 -7 8 9 10 11 -12 13 14 15 -16 17 18 19 20
0x9d42030ce87e4df3 50737 1 -2 3 4 5 6 -7 8 9 10 11 -12 13 14 15 -16 17 18 19 20
0x3dd80e317d607480 50737 1 -2 3 4 5 6 -7 8 9 10 11 -12 13 14 15 -16 17 18 19 20
0xf630461cb966f0b2 50737 1 -2 3 4 5 6 -7 8 9 10 11 -12 13 14 15 -16 17 18 19 20
0xea141e5491b5d7fc 50737 1 -2 3 4 5 6 -7 8 9 10 11 -12 13 14 15 -16 17 18 19 20
0x19f7382c412c4fe6 50737 1 -2 3 4 5 6 -7 8 9 10 11 -12 13 14 15 -16 17 18 19 20
0xee6cbbaf3e9fade 50737 1 -2 3 4 5 6 -7 8 9 10 11 -12 13 14 15 -16 17 18 19 20
0x2e968b2ef91efd 50737 1 -2 3 4 5 6 -7 8 9 10 11 -12 13 14 15 -16 17 18 19 20
0x94403bf68e7355a4 50737 1 -2 3 4 5 6 -7 8 9 10 11 -12 13 14 15 -16 17 18 19 20
0x24ce68ade0f4a8f2 50737 1 -2 3 4 5 6 -7 8 9 10 11 -12 13 14 15 -16 17 18 19 20
0xf404c6358f334150 50737 1 -2 3 4 5 6 -7 8 9 10 11 -12 13 14 15 -16 17 18 19 20
0x56cc5c0550cdbf78 50737 1 -2 3 4 5 6 -7 8 9 10 11 -12 13 14 15 -16 17 18 19 20
0x2565f239f57ac272 50737 1 -2 3 4 5 6 -7 8 9 10 11 -12 13 14 15 -16 17 18 19 20
0x396bc5154e0701ae 50737 1 -2 3 4 5 6 -7 8 9 10 11 -12 13 14 15 -16 17 18 19 20
0x234cccb0e6486f02 50737 1 -2 3 4 5 6 -7 8 9 10 11 -12 13 14 15 -16 17 18 19 20
0x131446f660b2a2ae 50737 1 -2 3 4 5 6 -7 8 9 10 11 -12 13 14 15 -16 17 18 19 20
0x4fb9a0767ff6a53b 50737 1 -2 3 4 5 6 -7 8 9 10 11 -12 13 14 15 -16 17 18 19 20
0x3a2b58ae97641755 50737 1 -2 3 4 5 6 -7 8 9 10 11 -12 13 14 15 -16 17 18 19 20
0x6004e6234c505d41 50737 1 -2 3 4 5 6 -7 8 9 10 11 -12 13 14 15 -16 17 18 19 20
0x3ab296a49038edb 50737 1 -2 3 4 5 6 -7 8 9 10 11 -12 13 14 15 -16 17 18 19 20
0x653cae388838b726 50737 1 -2 3 4 5 6 -7 8 9 10 11 -12 13 14 15 -16 17 18 19 20
0xaffdad89ff7d7074 50737 1 -2 3 4 5 6 -7 8 9 10 11 -12 13 14 15 -16 17 18 19 20