0x7cca028c168708e5 56560 -1 2 -3 4 -5 -6 -7 8 9 10 11 12 -13 14 15 16 17 18 19 20
0xa44e9323a8c7185e 56560 -1 2 -3 4 -5 -6 -7 8 9 10 11 12 -13 14 15 16 17 18 19 20
0x6ee35774ce210617 56560 -1 2 -3 4 -5 -6 -7 8 9 10 11 12 -13 14 15 16 17 18 19 20
0x62b24f0732ac4d20 53424 -1 2 -3 4 -5 -6 -7 8 9 -10 11 12 -13 14 15 16 17 18 19 20
0xed219f77c2114683 53424 -1 2 -3 4 -5 -6 -7 8 9 -10 11 12 -13 14 15 16 17 18 19 20
0x96746bada08eca2f 53424 -1 2 -3 4 -5 -6 -7 8 9 -10 11 12 -13 14 15 16 17 18 19 20
0xf2e8fdd77850a20e 56560 -1 2 -3 4 -5 -6 -7 8 9 10 11 12 -13 14 15 16 17 18 19 20
0x24ec8b1e725b8344 56560 -1 2 -3 4 -5 -6 -7 8 9 10 11 12 -13 14 15 16 17 18 19 20
0xe1b850a9da524461 56560 -1 2 -3 4 -5 -6 -7 8 9 10 11 12 -13 14 15 16 17 18 19 20
0xd3ed4ffa67e35f9f 53424 -1 2 -3 4 -5 -6 -7 8 9 -10 11 12 -13 14 15 16 17 18 19 20
0xab3fae4d948a480e 56560 -1 2 -3 4 -5 -6 -7 8 9 10 11 12 -13 14 15 16 17 18 19 20
0x9471dcecdffaeb16 56560 -1 2 -3 4 -5 -6 -7 8 9 10 11 12 -13 14 15 16 17 18 19 20
0xb190f99c502e4502 56560 -1 2 -3 4 -5 -6 -7 8 9 10 11 12 -13 14 15 16 17 18 19 20
0xeb07c6dc494500cb 56560 -1 2 -3 4 -5 -6 -7 8 9 10 11 12 -13 14 15 16 17 18 19 20
0xb6470d06cdc59a7f 56560 -1 2 -3 4 -5 -6 -7 8 9 10 11 12 -13 14 15 16 17 18 19 20
0xc501a1c59847270f 56560 -1 2 -3 4 -5 -6 -7 8 9 10 11 12 -13 14 15 16 17 18 19 20
0x7c9f310fc4802238 56560 -1 2 -3 4 -5 -6 -7 8 9 10 11 12 -13 14 15 16 17 18 19 20
0xd3711b073d8f19f4 53289 -1 -2 3 4 5 -6 -7 8 9 10 11 12 -13 -14 15 16 17 18 19 -20
0xaea4c1a1d7a6ddf3 53289 -1 -2 3 4 5 -6 -7 8 9 10 11 12 -13 -14 15 16 17 18 19 -20
0x7e70adf67911b6c2 53424 -1 2 -3 4 -5 -6 -7 8 9 -10 11 12 -13 14 15 16 17 18 19 20
0xa1099a91ba550c4a 56560 -1 2 -3 4 -5 -6 -7 8 9 10 11 12 -13 14 15 16 17 18 19 20
0x2f7767fe46e1d87e 56560 -1 2 -3 4 -5 -6 -7 8 9 10 11 12 -13 14 15 16 17 18 19 20
0x60f4f58701cc457 56560 -1 2 -3 4 -5 -6 -7 8 9 10 11 12 -13 14 15 16 17 18 19 20
0xc76577bb9a9cd4ab 56560 -1 2 -3 4 -5 -6 -7 8 9 10 11 12 -13 14 15 16 17 18 19 20
0x8d5b65addbc9296b 56560 -1 2 -3 4 -5 -6 -7 8 9 10 11 12 -13 14 15 16 17 18 19 20
0x32942f4a2622e692 53424 -1 2 -3 4 -5 -6 -7 8 9 -10 11 12 -13 14 15 16 17 18 19 20
0x6dabeb14f028fdb7 56560 -1 2 -3 4 -5 -6 -7 8 9 10 11 12 -13 14 15 16 17 18 19 20
0xc6e3464cf5bf940d 56560 -1 2 -3 4 -5 -6 -7 8 9 10 11 12 -13 14 15 16 17 18 19 20
0x55cd2c7db782ee85 56560 -1 2 -3 4 -5 -6 -7 8 9 10 11 12 -13 14 15 16 17 18 19 20
0xc118a99e32b7a5a3 56560 -1 2 -3 4 -5 -6 -7 8 9 10 11 12 -13 14 15 16 17 18 19 20