0x7920c2ca8619722d 47659 -1 2 3 4 5 6 7 8 9 10 11 12 -13 14 15 16 -17 18 -19 20
0x742d9019da209add 47659 -1 2 3 4 5 6 7 8 9 10 11 12 -13 14 15 16 -17 18 -19 20
0xfbf0daf60aef3d77 47659 -1 2 3 4 5 6 7 8 9 10 11 12 -13 14 15 16 -17 18 -19 20
0x54f0d757b1e3610c 47659 -1 2 3 4 5 6 7 8 9 10 11 12 -13 14 15 16 -17 18 -19 20
0xcac4f52fc37ecb92 47659 -1 2 3 4 5 6 7 8 9 10 11 12 -13 14 15 16 -17 18 -19 20
0x4a2c6fe0b9ef1b62 47659 -1 2 3 4 5 6 7 8 9 10 11 12 -13 14 15 16 -17 18 -19 20
0xb8d62dc191f4f0b8 47659 -1 2 3 4 5 6 7 8 9 10 11 12 -13 14 15 16 -17 18 -19 20
0x32c62fdc25963812 47659 -1 2 3 4 5 6 7 8 9 10 11 12 -13 14 15 16 -17 18 -19 20
0x994deb395e6007f0 47659 -1 2 3 4 5 6 7 8 9 10 11 12 -13 14 15 16 -17 18 -19 20
0xd3c64d67cc31f26 47659 -1 2 3 4 5 6 7 8 9 10 11 12 -13 14 15 16 -17 18 -19 20
0x7852105e2e4b0a7 47659 -1 2 3 4 5 6 7 8 9 10 11 12 -13 14 15 16 -17 18 -19 20
0xcb9cc270fa935130 47659 -1 2 3 4 5 6 7 8 9 10 11 12 -13 14 15 16 -17 18 -19 20
0x16a019f2352bbead 47659 -1 2 3 4 5 6 7 8 9 10 11 12 -13 14 15 16 -17 18 -19 20
0xf43e1e576f3849c9 47659 -1 2 3 4 5 6 7 8 9 10 11 12 -13 14 15 16 -17 18 -19 20
0x99212d02a871c134 46608 1 2 3 4 5 6 -7 8 9 10 11 12 -13 14 15 16 17 18 -19 20
0x5496321d60a5816b 47659 -1 2 3 4 5 6 7 8 9 10 11 12 -13 14 15 16 -17 18 -19 20
0x96b115d53eaf754d 47659 -1 2 3 4 5 6 7 8 9 10 11 12 -13 14 15 16 -17 18 -19 20
0x87dd4a9013dcce3d 47659 -1 2 3 4 5 6 7 8 9 10 11 12 -13 14 15 16 -17 18 -19 20
0xc6ba3dbe390bdf03 47659 -1 2 3 4 5 6 7 8 9 10 11 12 -13 14 15 16 -17 18 -19 20
0xb7c6aa9f87ab89a 47659 -1 2 3 4 5 6 7 8 9 10 11 12 -13 14 15 16 -17 18 -19 20
0x76076955a3b05ca2 47659 -1 2 3 4 5 6 7 8 9 10 11 12 -13 14 15 16 -17 18 -19 20
0xcbd785f7780f3edd 47659 -1 2 3 4 5 6 7 8 9 10 11 12 -13 14 15 16 -17 18 -19 20
0x2b07a8739055d6b3 47659 -1 2 3 4 5 6 7 8 9 10 11 12 -13 14 15 16 -17 18 -19 20
0x7de18bebd4e340b0 47659 -1 2 3 4 5 6 7 8 9 10 11 12 -13 14 15 16 -17 18 -19 20
0xde0c007f2d6f064c 47659 -1 2 3 4 5 6 7 8 9 10 11 12 -13 14 15 16 -17 18 -19 20
0x130913bec10276d5 47659 -1 2 3 4 5 6 7 8 9 10 11 12 -13 14 15 16 -17 18 -19 20
0x2b3fbcebfa4e8726 47659 -1 2 3 4 5 6 7 8 9 10 11 12 -13 14 15 16 -17 18 -19 20
0x3af29b14a8c22f42 47659 -1 2 3 4 5 6 7 8 9 10 11 12 -13 14 15 16 -17 18 -19 20
0xed9da70a56a6bc81 47659 -1 2 3 4 5 6 7 8 9 10 11 12 -13 14 15 16 -17 18 -19 20
0xfdb9992b171659fd 47659 -1 2 3 4 5 6 7 8 9 10 11 12 -13 14 15 16 -17 18 -19 20