0x38ad4115408afd11 40749 1 2 3 4 5 -6 7 8 9 10 -11 12 13 14 15 16 17 18 19 20
0x92f4921684f34eca 40749 1 2 3 4 5 -6 7 8 9 10 -11 12 13 14 15 16 17 18 19 20
0x2db1832c6b16f5b7 40749 1 2 3 4 5 -6 7 8 9 10 -11 12 13 14 15 16 17 18 19 20
0xdd453c41cb6ed33a 40749 1 2 3 4 5 -6 7 8 9 10 -11 12 13 14 15 16 17 18 19 20
0x1976eb3003a2d17 40749 1 2 3 4 5 -6 7 8 9 10 -11 12 13 14 15 16 17 18 19 20
0x892fdc3c9b628e55 40749 1 2 3 4 5 -6 7 8 9 10 -11 12 13 14 15 16 17 18 19 20
0x3537b56bff2d43c2 40749 1 2 3 4 5 -6 7 8 9 10 -11 12 13 14 15 16 17 18 19 20
0x3fe8fcc718df2a72 40749 1 2 3 4 5 -6 7 8 9 10 -11 12 13 14 15 16 17 18 19 20
0xf6d49cc43444031 40749 1 2 3 4 5 -6 7 8 9 10 -11 12 13 14 15 16 17 18 19 20
0xfea3bb75ef411f53 40749 1 2 3 4 5 -6 7 8 9 10 -11 12 13 14 15 16 17 18 19 20
0xc7db80eac56601ce 40749 1 2 3 4 5 -6 7 8 9 10 -11 12 13 14 15 16 17 18 19 20
0xe8c8e70449989f42 40749 1 2 3 4 5 -6 7 8 9 10 -11 12 13 14 15 16 17 18 19 20
0x93442e4d9ce5b149 40749 1 2 3 4 5 -6 7 8 9 10 -11 12 13 14 15 16 17 18 19 20
0xbecd404162b90601 40749 1 2 3 4 5 -6 7 8 9 10 -11 12 13 14 15 16 17 18 19 20
0x4b221fbfde4accd7 40749 1 2 3 4 5 -6 7 8 9 10 -11 12 13 14 15 16 17 18 19 20
0x958f30d0cf910995 40749 1 2 3 4 5 -6 7 8 9 10 -11 12 13 14 15 16 17 18 19 20
0x18b5b39db59059af 40749 1 2 3 4 5 -6 7 8 9 10 -11 12 13 14 15 16 17 18 19 20
0x4c960eaae8bf77ca 40749 1 2 3 4 5 -6 7 8 9 10 -11 12 13 14 15 16 17 18 19 20
0x41f8c459e995298e 40749 1 2 3 4 5 -6 7 8 9 10 -11 12 13 14 15 16 17 18 19 20
0x7c1a2f9d5f8883ae 40749 1 2 3 4 5 -6 7 8 9 10 -11 12 13 14 15 16 17 18 19 20
0x8d0263f9a207b035 40749 1 2 3 4 5 -6 7 8 9 10 -11 12 13 14 15 16 17 18 19 20
0x8773ccc47171a313 40749 1 2 3 4 5 -6 7 8 9 10 -11 12 13 14 15 16 17 18 19 20
0x6ad72bb0dcfd2e4f 40749 1 2 3 4 5 -6 7 8 9 10 -11 12 13 14 15 16 17 18 19 20
0x89ceb6159e09fc10 40749 1 2 3 4 5 -6 7 8 9 10 -11 12 13 14 15 16 17 18 19 20
0xa9ecc2e19755cbef 40749 1 2 3 4 5 -6 7 8 9 10 -11 12 13 14 15 16 17 18 19 20
0x9440d5da8aa5627f 40749 1 2 3 4 5 -6 7 8 9 10 -11 12 13 14 15 16 17 18 19 20
0x2ac4b399a560d417 40749 1 2 3 4 5 -6 7 8 9 10 -11 12 13 14 15 16 17 18 19 20
0x2da1842ce00fe57e 40749 1 2 3 4 5 -6 7 8 9 10 -11 12 13 14 15 16 17 18 19 20
0xcc87bd1519511430 40749 1 2 3 4 5 -6 7 8 9 10 -11 12 13 14 15 16 17 18 19 20
0x35bfaa7d667fecef 40749 1 2 3 4 5 -6 7 8 9 10 -11 12 13 14 15 16 17 18 19 20