0xee004c0481d498ce 53141 1 2 -3 -4 5 -6 7 8 9 10 11 12 -13 14 15 16 17 18 19 20
0xa8952280e125e792 53141 1 2 -3 -4 5 -6 7 8 9 10 11 12 -13 14 15 16 17 18 19 20
0x337d10efd9e71eac 53141 1 2 -3 -4 5 -6 7 8 9 10 11 12 -13 14 15 16 17 18 19 20
0xc2c39104822536f8 53141 1 2 -3 -4 5 -6 7 8 9 10 11 12 -13 14 15 16 17 18 19 20
0x8e4e88518171532b 53141 1 2 -3 -4 5 -6 7 8 9 10 11 12 -13 14 15 16 17 18 19 20
0xfa4556b419dd0ef1 53141 1 2 -3 -4 5 -6 7 8 9 10 11 12 -13 14 15 16 17 18 19 20
0x1042cad31ba93f5b 53141 1 2 -3 -4 5 -6 7 8 9 10 11 12 -13 14 15 16 17 18 19 20
0xa09be19cf7b19fa3 53141 1 2 -3 -4 5 -6 7 8 9 10 11 12 -13 14 15 16 17 18 19 20
0xe4a035b105cc818f 53141 1 2 -3 -4 5 -6 7 8 9 10 11 12 -13 14 15 16 17 18 19 20
0xcca8c49d277ee491 53141 1 2 -3 -4 5 -6 7 8 9 10 11 12 -13 14 15 16 17 18 19 20
0x28db453b87ab1582 53141 1 2 -3 -4 5 -6 7 8 9 10 11 12 -13 14 15 16 17 18 19 20
0x1dea09c2080f561c 53141 1 2 -3 -4 5 -6 7 8 9 10 11 12 -13 14 15 16 17 18 19 20
0x533b19c148f6a89b 53141 1 2 -3 -4 5 -6 7 8 9 10 11 12 -13 14 15 16 17 18 19 20
0xaa5bedbfd1c12f40 53141 1 2 -3 -4 5 -6 7 8 9 10 11 12 -13 14 15 16 17 18 19 20
0xa17ccff203120cea 53141 1 2 -3 -4 5 -6 7 8 9 10 11 12 -13 14 15 16 17 18 19 20
0x28d39e93f30dbe8 53141 1 2 -3 -4 5 -6 7 8 9 10 11 12 -13 14 15 16 17 18 19 20
0x1ce838fefdcba60 53141 1 2 -3 -4 5 -6 7 8 9 10 11 12 -13 14 15 16 17 18 19 20
0xe58f81abbf92e4ff 53141 1 2 -3 -4 5 -6 7 8 9 10 11 12 -13 14 15 16 17 18 19 20
0x2ac520e3a0199edd 53141 1 2 -3 -4 5 -6 7 8 9 10 11 12 -13 14 15 16 17 18 19 20
0x32a2bdbc3df3767 53141 1 2 -3 -4 5 -6 7 8 9 10 11 12 -13 14 15 16 17 18 19 20
0xf41caeb167eece29 53141 1 2 -3 -4 5 -6 7 8 9 10 11 12 -13 14 15 16 17 18 19 20
0x2f2c1b4cf7f8cde 53141 1 2 -3 -4 5 -6 7 8 9 10 11 12 -13 14 15 16 17 18 19 20
0x8f0e176c1c2883b5 53141 1 2 -3 -4 5 -6 7 8 9 10 11 12 -13 14 15 16 17 18 19 20
0x164112ae2fa83fad 53141 1 2 -3 -4 5 -6 7 8 9 10 11 12 -13 14 15 16 17 18 19 20
0x80c4587964b302ba 53141 1 2 -3 -4 5 -6 7 8 9 10 11 12 -13 14 15 16 17 18 19 20
0x6e52922907a22470 53141 1 2 -3 -4 5 -6 7 8 9 10 11 12 -13 14 15 16 17 18 19 20
0x12c8d5f04406bd41 53141 1 2 -3 -4 5 -6 7 8 9 10 11 12 -13 14 15 16 17 18 19 20
0xdea0a2791294d98a 53141 1 2 -3 -4 5 -6 7 8 9 10 11 12 -13 14 15 16 17 18 19 20
0x51fb04fbaf596bfa 53141 1 2 -3 -4 5 -6 7 8 9 10 11 12 -13 14 15 16 17 18 19 20
0xf5f607eb18b0026 53141 1 2 -3 -4 5 -6 7 8 9 10 11 12 -13 14 15 16 17 18 19 20