0x443cbd08e0624575 51939 -1 -2 -3 4 5 6 7 8 -9 10 11 12 13 14 15 16 17 18 -19 -20
0xee33d9c361f1afe 51939 -1 -2 -3 4 5 6 7 8 -9 10 11 12 13 14 15 16 17 18 -19 -20
0xb9b80e325e304a17 51939 -1 -2 -3 4 5 6 7 8 -9 10 11 12 13 14 15 16 17 18 -19 -20
0x8775b68ebf4195d8 51939 -1 -2 -3 4 5 6 7 8 -9 10 11 12 13 14 15 16 17 18 -19 -20
0xdc10618d6b9246e1 51939 -1 -2 -3 4 5 6 7 8 -9 10 11 12 13 14 15 16 17 18 -19 -20
0x5575a04bf96f3dc7 51939 -1 -2 -3 4 5 6 7 8 -9 10 11 12 13 14 15 16 17 18 -19 -20
0xa6cb0459364a4ad7 51939 -1 -2 -3 4 5 6 7 8 -9 10 11 12 13 14 15 16 17 18 -19 -20
0xf21038f23ebad4a4 51939 -1 -2 -3 4 5 6 7 8 -9 10 11 12 13 14 15 16 17 18 -19 -20
0x49c6977cac8f78cf 51939 -1 -2 -3 4 5 6 7 8 -9 10 11 12 13 14 15 16 17 18 -19 -20
0x51e74874afba7c96 48781 -1 -2 -3 4 5 6 7 -8 -9 10 11 12 13 14 15 16 17 18 -19 -20
0x8e514f92aaef7b3b 51939 -1 -2 -3 4 5 6 7 8 -9 10 11 12 13 14 15 16 17 18 -19 -20
0x11369c5453c8e1fd 51939 -1 -2 -3 4 5 6 7 8 -9 10 11 12 13 14 15 16 17 18 -19 -20
0x57bd35f6671c39e1 51939 -1 -2 -3 4 5 6 7 8 -9 10 11 12 13 14 15 16 17 18 -19 -20
0xb6ff452bbe84b9a8 51939 -1 -2 -3 4 5 6 7 8 -9 10 11 12 13 14 15 16 17 18 -19 -20
0x5b147dd2a968d947 51939 -1 -2 -3 4 5 6 7 8 -9 10 11 12 13 14 15 16 17 18 -19 -20
0x2c09148187c65ff2 51939 -1 -2 -3 4 5 6 7 8 -9 10 11 12 13 14 15 16 17 18 -19 -20
0xcacb1cb51ce5bd16 48432 -1 -2 -3 4 5 -6 7 8 -9 10 11 12 13 14 15 16 17 18 -19 -20
0x3b77af40be2976a8 51939 -1 -2 -3 4 5 6 7 8 -9 10 11 12 13 14 15 16 17 18 -19 -20
0xbe44a1ec4754fbf8 51939 -1 -2 -3 4 5 6 7 8 -9 10 11 12 13 14 15 16 17 18 -19 -20
0x841f350b2e8c7d4e 51939 -1 -2 -3 4 5 6 7 8 -9 10 11 12 13 14 15 16 17 18 -19 -20
0xadde9120e10f6590 51939 -1 -2 -3 4 5 6 7 8 -9 10 11 12 13 14 15 16 17 18 -19 -20
0x39cd1a831557bd85 51939 -1 -2 -3 4 5 6 7 8 -9 10 11 12 13 14 15 16 17 18 -19 -20
0xdc2a66f422834460 51939 -1 -2 -3 4 5 6 7 8 -9 10 11 12 13 14 15 16 17 18 -19 -20
0xf957c34d99525e94 51939 -1 -2 -3 4 5 6 7 8 -9 10 11 12 13 14 15 16 17 18 -19 -20
0xa4750c426cf945e0 51939 -1 -2 -3 4 5 6 7 8 -9 10 11 12 13 14 15 16 17 18 -19 -20
0x549eea51dcd3fb9c 51939 -1 -2 -3 4 5 6 7 8 -9 10 11 12 13 14 15 16 17 18 -19 -20
0x65b50d0c05556942 51939 -1 -2 -3 4 5 6 7 8 -9 10 11 12 13 14 15 16 17 18 -19 -20
0xe38c4188a6de5b40 51939 -1 -2 -3 4 5 6 7 8 -9 10 11 12 13 14 15 16 17 18 -19 -20
0x2be980265d4941fd 51939 -1 -2 -3 4 5 6 7 8 -9 10 11 12 13 14 15 16 17 18 -19 -20
0xbd84d80a923e52a 51939 -1 -2 -3 4 5 6 7 8 -9 10 11 12 13 14 15 16 17 18 -19 -20