0x926c7875000a29de 53102 1 -2 3 4 5 -6 -7 -8 9 10 -11 12 -13 14 15 16 -17 18 19 20
0x63735dccd3041a76 55956 1 2 3 4 5 -6 7 8 -9 -10 11 12 -13 14 15 16 -17 18 -19 -20
0x3fc6b6b08e3ff39d 53102 1 -2 3 4 5 -6 -7 -8 9 10 -11 12 -13 14 15 16 -17 18 19 20
0xbd1805188a0d7fd3 55956 1 2 3 4 5 -6 7 8 -9 -10 11 12 -13 14 15 16 -17 18 -19 -20
0xe6b91f7c4c80919f 55956 1 2 3 4 5 -6 7 8 -9 -10 11 12 -13 14 15 16 -17 18 -19 -20
0xccc2303b8c51bfc2 55956 1 2 3 4 5 -6 7 8 -9 -10 11 12 -13 14 15 16 -17 18 -19 -20
0x27a5b9b2fa78361e 54925 1 -2 3 4 5 -6 7 8 -9 -10 11 12 -13 14 15 16 -17 18 -19 -20
0xe67ae6c71fed3c4e 55956 1 2 3 4 5 -6 7 8 -9 -10 11 12 -13 14 15 16 -17 18 -19 -20
0xc4fac93dc33895c4 55956 1 2 3 4 5 -6 7 8 -9 -10 11 12 -13 14 15 16 -17 18 -19 -20
0x8b11aa691b8e192e 55956 1 2 3 4 5 -6 7 8 -9 -10 11 12 -13 14 15 16 -17 18 -19 -20
0xad46176eeab2e35e 55956 1 2 3 4 5 -6 7 8 -9 -10 11 12 -13 14 15 16 -17 18 -19 -20
0xedda7dab3797927a 55956 1 2 3 4 5 -6 7 8 -9 -10 11 12 -13 14 15 16 -17 18 -19 -20
0xd766d846e7915965 55956 1 2 3 4 5 -6 7 8 -9 -10 11 12 -13 14 15 16 -17 18 -19 -20
0x9330d79ff6dc5c3 55956 1 2 3 4 5 -6 7 8 -9 -10 11 12 -13 14 15 16 -17 18 -19 -20
0x3c5426e172d0bb7b 55956 1 2 3 4 5 -6 7 8 -9 -10 11 12 -13 14 15 16 -17 18 -19 -20
0x9a35751210b2f78a 55956 1 2 3 4 5 -6 7 8 -9 -10 11 12 -13 14 15 16 -17 18 -19 -20
0xd2f43943ad448d3 55956 1 2 3 4 5 -6 7 8 -9 -10 11 12 -13 14 15 16 -17 18 -19 -20
0x6d50561cc0d55101 55956 1 2 3 4 5 -6 7 8 -9 -10 11 12 -13 14 15 16 -17 18 -19 -20
0xbae1068a347dcff 55956 1 2 3 4 5 -6 7 8 -9 -10 11 12 -13 14 15 16 -17 18 -19 -20
0xbbe89c6fdf0c3e4d 55956 1 2 3 4 5 -6 7 8 -9 -10 11 12 -13 14 15 16 -17 18 -19 -20
0xdf6731b896ac935 55956 1 2 3 4 5 -6 7 8 -9 -10 11 12 -13 14 15 16 -17 18 -19 -20
0x632813895aff6436 55956 1 2 3 4 5 -6 7 8 -9 -10 11 12 -13 14 15 16 -17 18 -19 -20
0x2216e9c6a36b93e6 53102 1 -2 3 4 5 -6 -7 -8 9 10 -11 12 -13 14 15 16 -17 18 19 20
0x312422a01b7e1476 55956 1 2 3 4 5 -6 7 8 -9 -10 11 12 -13 14 15 16 -17 18 -19 -20
0xb16fdb75e0361d47 54925 1 -2 3 4 5 -6 7 8 -9 -10 11 12 -13 14 15 16 -17 18 -19 -20
0xc1878844e6118365 55956 1 2 3 4 5 -6 7 8 -9 -10 11 12 -13 14 15 16 -17 18 -19 -20
0x4d6aeb731f8e1028 55956 1 2 3 4 5 -6 7 8 -9 -10 11 12 -13 14 15 16 -17 18 -19 -20
0x1df38222d500136b 55956 1 2 3 4 5 -6 7 8 -9 -10 11 12 -13 14 15 16 -17 18 -19 -20
0x3f9d325d7168a67e 55956 1 2 3 4 5 -6 7 8 -9 -10 11 12 -13 14 15 16 -17 18 -19 -20
0x8cf473bd387d5c8e 52286 1 2 3 -4 5 -6 7 8 -9 -10 11 12 -13 14 15 16 -17 18 -19 -20