0x4d2d69a84e85ccd8 96111 1 2 3 4 5 6 7 8 9 10 11 12 13 14 15 16 17 -18 19 20
0xdd8947546dc2963e 96111 1 2 3 4 5 6 7 8 9 10 11 12 13 14 15 16 17 -18 19 20
0x284229eb6d6eb522 96111 1 2 3 4 5 6 7 8 9 10 11 12 13 14 15 16 17 -18 19 20
0xa45c8809d199894c 96111 1 2 3 4 5 6 7 8 9 10 11 12 13 14 15 16 17 -18 19 20
0xfb0071ab934fd1c4 96111 1 2 3 4 5 6 7 8 9 10 11 12 13 14 15 16 17 -18 19 20
0x95e0a8a114913dec 96111 1 2 3 4 5 6 7 8 9 10 11 12 13 14 15 16 17 -18 19 20
0x769ffce91827c3be 96111 1 2 3 4 5 6 7 8 9 10 11 12 13 14 15 16 17 -18 19 20
0xd4e8b11a5bea5b0 96111 1 2 3 4 5 6 7 8 9 10 11 12 13 14 15 16 17 -18 19 20
0xd0727b165be55e66 96111 1 2 3 4 5 6 7 8 9 10 11 12 13 14 15 16 17 -18 19 20
0x45c9534587739317 96111 1 2 3 4 5 6 7 8 9 10 11 12 13 14 15 16 17 -18 19 20
0x8ef613b32d5055b3 96111 1 2 3 4 5 6 7 8 9 10 11 12 13 14 15 16 17 -18 19 20
0x6501aa3106dea569 96111 1 2 3 4 5 6 7 8 9 10 11 12 13 14 15 16 17 -18 19 20
0x41eedba6eb64668a 96111 1 2 3 4 5 6 7 8 9 10 11 12 13 14 15 16 17 -18 19 20
0xe9cf04472cef9bb3 96111 1 2 3 4 5 6 7 8 9 10 11 12 13 14 15 16 17 -18 19 20
0x2b71ab1a51ae776d 96111 1 2 3 4 5 6 7 8 9 10 11 12 13 14 15 16 17 -18 19 20
0x59aac6bee0bce036 96111 1 2 3 4 5 6 7 8 9 10 11 12 13 14 15 16 17 -18 19 20
0x17a191f5daa01fe6 96111 1 2 3 4 5 6 7 8 9 10 11 12 13 14 15 16 17 -18 19 20
0xb263d43edac5c793 96111 1 2 3 4 5 6 7 8 9 10 11 12 13 14 15 16 17 -18 19 20
0x24a13db53225edea 96111 1 2 3 4 5 6 7 8 9 10 11 12 13 14 15 16 17 -18 19 20
0x9fb282875879021 96111 1 2 3 4 5 6 7 8 9 10 11 12 13 14 15 16 17 -18 19 20
0x5c4f4d7f1af6df1e 96111 1 2 3 4 5 6 7 8 9 10 11 12 13 14 15 16 17 -18 19 20
0x674f6f4c3dbdc4e9 96111 1 2 3 4 5 6 7 8 9 10 11 12 13 14 15 16 17 -18 19 20
0xa4186798603368e8 96111 1 2 3 4 5 6 7 8 9 10 11 12 13 14 15 16 17 -18 19 20
0xe8f7b6e92fe4cc89 96111 1 2 3 4 5 6 7 8 9 10 11 12 13 14 15 16 17 -18 19 20
0x57b30940336635a9 96111 1 2 3 4 5 6 7 8 9 10 11 12 13 14 15 16 17 -18 19 20
0x6e0d08438721c35b 96111 1 2 3 4 5 6 7 8 9 10 11 12 13 14 15 16 17 -18 19 20
0xa24ba2c7ae96971a 96111 1 2 3 4 5 6 7 8 9 10 11 12 13 14 15 16 17 -18 19 20
0x47cc9068fc0fa464 96111 1 2 3 4 5 6 7 8 9 10 11 12 13 14 15 16 17 -18 19 20
0xf52cb3c8d3f95ca8 96111 1 2 3 4 5 6 7 8 9 10 11 12 13 14 15 16 17 -18 19 20
0x84ae2f971276af19 96111 1 2 3 4 5 6 7 8 9 10 11 12 13 14 15 16 17 -18 19 20