0xef9daa700f22df2a 110226 1 2 3 -4 5 6 7 8 -9 10 11 -12 13 14 15 -16 -17 18 19 20
0xc313d90c37c2789a 110226 1 2 3 -4 5 6 7 8 -9 10 11 -12 13 14 15 -16 -17 18 19 20
0x454a631d502a9da8 110226 1 2 3 -4 5 6 7 8 -9 10 11 -12 13 14 15 -16 -17 18 19 20
0xb46dd1410d2fcbd4 110226 1 2 3 -4 5 6 7 8 -9 10 11 -12 13 14 15 -16 -17 18 19 20
0x99d545d70c98d21b 108465 1 -2 3 -4 5 6 7 8 9 10 11 -12 13 14 15 -16 -17 18 19 20
0xa88c1a878a629b36 110226 1 2 3 -4 5 6 7 8 -9 10 11 -12 13 14 15 -16 -17 18 19 20
0x3cad6e33220c7f52 110226 1 2 3 -4 5 6 7 8 -9 10 11 -12 13 14 15 -16 -17 18 19 20
0x824c034d7771c8a0 110226 1 2 3 -4 5 6 7 8 -9 10 11 -12 13 14 15 -16 -17 18 19 20
0xae99e103af523fb2 110226 1 2 3 -4 5 6 7 8 -9 10 11 -12 13 14 15 -16 -17 18 19 20
0xd5569878fcf7d6a1 110226 1 2 3 -4 5 6 7 8 -9 10 11 -12 13 14 15 -16 -17 18 19 20
0xc31b3a60bf656589 110226 1 2 3 -4 5 6 7 8 -9 10 11 -12 13 14 15 -16 -17 18 19 20
0xb61fccdf75e712a9 110226 1 2 3 -4 5 6 7 8 -9 10 11 -12 13 14 15 -16 -17 18 19 20
0xcda642f6e57a22d 110226 1 2 3 -4 5 6 7 8 -9 10 11 -12 13 14 15 -16 -17 18 19 20
0x34a5a9875395119f 110226 1 2 3 -4 5 6 7 8 -9 10 11 -12 13 14 15 -16 -17 18 19 20
0xc6c56ef83fdd8fcf 110226 1 2 3 -4 5 6 7 8 -9 10 11 -12 13 14 15 -16 -17 18 19 20
0x32ca9cc3f44ef2e1 110226 1 2 3 -4 5 6 7 8 -9 10 11 -12 13 14 15 -16 -17 18 19 20
0xb20b9c95a210ed6f 110226 1 2 3 -4 5 6 7 8 -9 10 11 -12 13 14 15 -16 -17 18 19 20
0x7a6680dd072c78b5 110226 1 2 3 -4 5 6 7 8 -9 10 11 -12 13 14 15 -16 -17 18 19 20
0xf1854d63d3aae6ff 110226 1 2 3 -4 5 6 7 8 -9 10 11 -12 13 14 15 -16 -17 18 19 20
0xfa0e9d35eb202a50 110226 1 2 3 -4 5 6 7 8 -9 10 11 -12 13 14 15 -16 -17 18 19 20
0xa8d821b15f2e1b54 110226 1 2 3 -4 5 6 7 8 -9 10 11 -12 13 14 15 -16 -17 18 19 20
0x1a6c7b73207fe4d9 110226 1 2 3 -4 5 6 7 8 -9 10 11 -12 13 14 15 -16 -17 18 19 20
0x216e955c21c604ec 110226 1 2 3 -4 5 6 7 8 -9 10 11 -12 13 14 15 -16 -17 18 19 20
0x64ea32d630da5c42 110226 1 2 3 -4 5 6 7 8 -9 10 11 -12 13 14 15 -16 -17 18 19 20
0x371971c4a5813c89 110226 1 2 3 -4 5 6 7 8 -9 10 11 -12 13 14 15 -16 -17 18 19 20
0xa280cfa5a9fa8e59 110226 1 2 3 -4 5 6 7 8 -9 10 11 -12 13 14 15 -16 -17 18 19 20
0x64a1f9e67d27305c 110226 1 2 3 -4 5 6 7 8 -9 10 11 -12 13 14 15 -16 -17 18 19 20
0xe7a06f83eaa3eeb8 110226 1 2 3 -4 5 6 7 8 -9 10 11 -12 13 14 15 -16 -17 18 19 20
0xf973e601a15aa3a 110226 1 2 3 -4 5 6 7 8 -9 10 11 -12 13 14 15 -16 -17 18 19 20
0x48332fe8f09a9ec1 110226 1 2 3 -4 5 6 7 8 -9 10 11 -12 13 14 15 -16 -17 18 19 20