0xaec70305eca098 18393 -1 -2 3 4 5 6 -7 8 9 -10 -11 12 -13 -14 15 16 -17 18 19 -20 21 -22 -23 -24 25 -26 27 -28 29 30 31 32 33 -34 35 36
0x262772efdd9d71cd 18393 -1 -2 3 4 5 6 -7 8 9 -10 -11 12 -13 -14 15 16 -17 18 19 -20 21 -22 -23 -24 25 -26 27 -28 29 30 31 32 33 -34 35 36
0x140b57c4c6409b30 18393 -1 -2 3 4 5 6 -7 8 9 -10 -11 12 -13 -14 15 16 -17 18 19 -20 21 -22 -23 -24 25 -26 27 -28 29 30 31 32 33 -34 35 36
0xb1bbf0722a1cf006 18393 -1 -2 3 4 5 6 -7 8 9 -10 -11 12 -13 -14 15 16 -17 18 19 -20 21 -22 -23 -24 25 -26 27 -28 29 30 31 32 33 -34 35 36
0x7ef45579b8a1c221 18393 -1 -2 3 4 5 6 -7 8 9 -10 -11 12 -13 -14 15 16 -17 18 19 -20 21 -22 -23 -24 25 -26 27 -28 29 30 31 32 33 -34 35 36
0x702ba916cff63cf8 18393 -1 -2 3 4 5 6 -7 8 9 -10 -11 12 -13 -14 15 16 -17 18 19 -20 21 -22 -23 -24 25 -26 27 -28 29 30 31 32 33 -34 35 36
0x6ccc8eb539f44728 18393 -1 -2 3 4 5 6 -7 8 9 -10 -11 12 -13 -14 15 16 -17 18 19 -20 21 -22 -23 -24 25 -26 27 -28 29 30 31 32 33 -34 35 36
0xe89cf275a49573ef 18393 -1 -2 3 4 5 6 -7 8 9 -10 -11 12 -13 -14 15 16 -17 18 19 -20 21 -22 -23 -24 25 -26 27 -28 29 30 31 32 33 -34 35 36
0x5f4420af5d2804b1 18393 -1 -2 3 4 5 6 -7 8 9 -10 -11 12 -13 -14 15 16 -17 18 19 -20 21 -22 -23 -24 25 -26 27 -28 29 30 31 32 33 -34 35 36
0x301d2d685be1fa75 18393 -1 -2 3 4 5 6 -7 8 9 -10 -11 12 -13 -14 15 16 -17 18 19 -20 21 -22 -23 -24 25 -26 27 -28 29 30 31 32 33 -34 35 36
0x7c3abddcba83767 18393 -1 -2 3 4 5 6 -7 8 9 -10 -11 12 -13 -14 15 16 -17 18 19 -20 21 -22 -23 -24 25 -26 27 -28 29 30 31 32 33 -34 35 36
0xac08b601f01fb055 18393 -1 -2 3 4 5 6 -7 8 9 -10 -11 12 -13 -14 15 16 -17 18 19 -20 21 -22 -23 -24 25 -26 27 -28 29 30 31 32 33 -34 35 36
0x9e3e43f99a5eae34 16492 -1 -2 3 4 5 6 -7 8 9 -10 -11 12 -13 -14 15 16 -17 18 -19 -20 21 -22 -23 -24 25 -26 27 -28 29 30 31 32 33 -34 35 36
0x9f06d39d42d41f9b 18393 -1 -2 3 4 5 6 -7 8 9 -10 -11 12 -13 -14 15 16 -17 18 19 -20 21 -22 -23 -24 25 -26 27 -28 29 30 31 32 33 -34 35 36
0xae175ff85d3afa45 16492 -1 -2 3 4 5 6 -7 8 9 -10 -11 12 -13 -14 15 16 -17 18 -19 -20 21 -22 -23 -24 25 -26 27 -28 29 30 31 32 33 -34 35 36
0xa799a8cd91afac91 18393 -1 -2 3 4 5 6 -7 8 9 -10 -11 12 -13 -14 15 16 -17 18 19 -20 21 -22 -23 -24 25 -26 27 -28 29 30 31 32 33 -34 35 36
0x201cca12343d9f03 18393 -1 -2 3 4 5 6 -7 8 9 -10 -11 12 -13 -14 15 16 -17 18 19 -20 21 -22 -23 -24 25 -26 27 -28 29 30 31 32 33 -34 35 36
0x9742236c9a7ac5c2 18393 -1 -2 3 4 5 6 -7 8 9 -10 -11 12 -13 -14 15 16 -17 18 19 -20 21 -22 -23 -24 25 -26 27 -28 29 30 31 32 33 -34 35 36
0x88948fbbcd074219 16492 -1 -2 3 4 5 6 -7 8 9 -10 -11 12 -13 -14 15 16 -17 18 -19 -20 21 -22 -23 -24 25 -26 27 -28 29 30 31 32 33 -34 35 36
0x4937ec90890713f9 18393 -1 -2 3 4 5 6 -7 8 9 -10 -11 12 -13 -14 15 16 -17 18 19 -20 21 -22 -23 -24 25 -26 27 -28 29 30 31 32 33 -34 35 36
0x5ef1ae93ebdb74 18393 -1 -2 3 4 5 6 -7 8 9 -10 -11 12 -13 -14 15 16 -17 18 19 -20 21 -22 -23 -24 25 -26 27 -28 29 30 31 32 33 -34 35 36
0x5fb558900a24aa42 18393 -1 -2 3 4 5 6 -7 8 9 -10 -11 12 -13 -14 15 16 -17 18 19 -20 21 -22 -23 -24 25 -26 27 -28 29 30 31 32 33 -34 35 36
0x102c53e08f89e53d 18393 -1 -2 3 4 5 6 -7 8 9 -10 -11 12 -13 -14 15 16 -17 18 19 -20 21 -22 -23 -24 25 -26 27 -28 29 30 31 32 33 -34 35 36
0xed757031e9b35e7 18393 -1 -2 3 4 5 6 -7 8 9 -10 -11 12 -13 -14 15 16 -17 18 19 -20 21 -22 -23 -24 25 -26 27 -28 29 30 31 32 33 -34 35 36
0x274b35ab5d32cfee 18393 -1 -2 3 4 5 6 -7 8 9 -10 -11 12 -13 -14 15 16 -17 18 19 -20 21 -22 -23 -24 25 -26 27 -28 29 30 31 32 33 -34 35 36
0x2e71bea2c3b12840 18393 -1 -2 3 4 5 6 -7 8 9 -10 -11 12 -13 -14 15 16 -17 18 19 -20 21 -22 -23 -24 25 -26 27 -28 29 30 31 32 33 -34 35 36
0xd4a541e42554128d 18393 -1 -2 3 4 5 6 -7 8 9 -10 -11 12 -13 -14 15 16 -17 18 19 -20 21 -22 -23 -24 25 -26 27 -28 29 30 31 32 33 -34 35 36
0x6753bbb61ad262f6 18393 -1 -2 3 4 5 6 -7 8 9 -10 -11 12 -13 -14 15 16 -17 18 19 -20 21 -22 -23 -24 25 -26 27 -28 29 30 31 32 33 -34 35 36
0x8f25f21d2037fd5f 18393 -1 -2 3 4 5 6 -7 8 9 -10 -11 12 -13 -14 15 16 -17 18 19 -20 21 -22 -23 -24 25 -26 27 -28 29 30 31 32 33 -34 35 36
0x5e8f9e9a924bb6dc 18393 -1 -2 3 4 5 6 -7 8 9 -10 -11 12 -13 -14 15 16 -17 18 19 -20 21 -22 -23 -24 25 -26 27 -28 29 30 31 32 33 -34 35 36