0x9927a29280a227e9 3500 -1 2 3 4 -5 6 -7 -8 9 10 11 -12 13 -14 -15 16 -17 18 -19 -20 -21 22 23 -24 -25 -26 -27 -28 -29 -30 31 -32 33 -34 35 -36
0xff53149b2b56df7b 3500 -1 2 3 4 -5 6 -7 -8 9 10 11 -12 13 -14 -15 16 -17 18 -19 -20 -21 22 23 -24 -25 -26 -27 -28 -29 -30 31 -32 33 -34 35 -36
0x8cc6990120b77cfd 3500 -1 2 3 4 -5 6 -7 -8 9 10 11 -12 13 -14 -15 16 -17 18 -19 -20 -21 22 23 -24 -25 -26 -27 -28 -29 -30 31 -32 33 -34 35 -36
0x404225dfec81084a 3500 -1 2 3 4 -5 6 -7 -8 9 10 11 -12 13 -14 -15 16 -17 18 -19 -20 -21 22 23 -24 -25 -26 -27 -28 -29 -30 31 -32 33 -34 35 -36
0xb8a6b339ab2e2708 3500 -1 2 3 4 -5 6 -7 -8 9 10 11 -12 13 -14 -15 16 -17 18 -19 -20 -21 22 23 -24 -25 -26 -27 -28 -29 -30 31 -32 33 -34 35 -36
0x638ec203b91c4e3d 3500 -1 2 3 4 -5 6 -7 -8 9 10 11 -12 13 -14 -15 16 -17 18 -19 -20 -21 22 23 -24 -25 -26 -27 -28 -29 -30 31 -32 33 -34 35 -36
0x6d5ae06b73c9a666 3500 -1 2 3 4 -5 6 -7 -8 9 10 11 -12 13 -14 -15 16 -17 18 -19 -20 -21 22 23 -24 -25 -26 -27 -28 -29 -30 31 -32 33 -34 35 -36
0x562931228a31d3b6 3500 -1 2 3 4 -5 6 -7 -8 9 10 11 -12 13 -14 -15 16 -17 18 -19 -20 -21 22 23 -24 -25 -26 -27 -28 -29 -30 31 -32 33 -34 35 -36
0x70661e5d33238016 3500 -1 2 3 4 -5 6 -7 -8 9 10 11 -12 13 -14 -15 16 -17 18 -19 -20 -21 22 23 -24 -25 -26 -27 -28 -29 -30 31 -32 33 -34 35 -36
0xa0466d7437459151 3500 -1 2 3 4 -5 6 -7 -8 9 10 11 -12 13 -14 -15 16 -17 18 -19 -20 -21 22 23 -24 -25 -26 -27 -28 -29 -30 31 -32 33 -34 35 -36
0x1c81db96a8623e34 3500 -1 2 3 4 -5 6 -7 -8 9 10 11 -12 13 -14 -15 16 -17 18 -19 -20 -21 22 23 -24 -25 -26 -27 -28 -29 -30 31 -32 33 -34 35 -36
0x3d9d8942c802935d 3500 -1 2 3 4 -5 6 -7 -8 9 10 11 -12 13 -14 -15 16 -17 18 -19 -20 -21 22 23 -24 -25 -26 -27 -28 -29 -30 31 -32 33 -34 35 -36
0xf8cd8bc3f7eb1384 3500 -1 2 3 4 -5 6 -7 -8 9 10 11 -12 13 -14 -15 16 -17 18 -19 -20 -21 22 23 -24 -25 -26 -27 -28 -29 -30 31 -32 33 -34 35 -36
0xf4289631bcac4a9d 3500 -1 2 3 4 -5 6 -7 -8 9 10 11 -12 13 -14 -15 16 -17 18 -19 -20 -21 22 23 -24 -25 -26 -27 -28 -29 -30 31 -32 33 -34 35 -36
0x7849e66816f17859 3500 -1 2 3 4 -5 6 -7 -8 9 10 11 -12 13 -14 -15 16 -17 18 -19 -20 -21 22 23 -24 -25 -26 -27 -28 -29 -30 31 -32 33 -34 35 -36
0x486a3d81b941de3 3500 -1 2 3 4 -5 6 -7 -8 9 10 11 -12 13 -14 -15 16 -17 18 -19 -20 -21 22 23 -24 -25 -26 -27 -28 -29 -30 31 -32 33 -34 35 -36
0x8a707e1e2b59ef6d 3500 -1 2 3 4 -5 6 -7 -8 9 10 11 -12 13 -14 -15 16 -17 18 -19 -20 -21 22 23 -24 -25 -26 -27 -28 -29 -30 31 -32 33 -34 35 -36
0xe946387768c62df8 3500 -1 2 3 4 -5 6 -7 -8 9 10 11 -12 13 -14 -15 16 -17 18 -19 -20 -21 22 23 -24 -25 -26 -27 -28 -29 -30 31 -32 33 -34 35 -36
0x7918314f5342704b 3500 -1 2 3 4 -5 6 -7 -8 9 10 11 -12 13 -14 -15 16 -17 18 -19 -20 -21 22 23 -24 -25 -26 -27 -28 -29 -30 31 -32 33 -34 35 -36
0x82cca9b5024ffcf8 3500 -1 2 3 4 -5 6 -7 -8 9 10 11 -12 13 -14 -15 16 -17 18 -19 -20 -21 22 23 -24 -25 -26 -27 -28 -29 -30 31 -32 33 -34 35 -36
0xb2b408e02dbc939d 3500 -1 2 3 4 -5 6 -7 -8 9 10 11 -12 13 -14 -15 16 -17 18 -19 -20 -21 22 23 -24 -25 -26 -27 -28 -29 -30 31 -32 33 -34 35 -36
0x2599c479eba7533c 3500 -1 2 3 4 -5 6 -7 -8 9 10 11 -12 13 -14 -15 16 -17 18 -19 -20 -21 22 23 -24 -25 -26 -27 -28 -29 -30 31 -32 33 -34 35 -36
0x74006021ea9983ba 3500 -1 2 3 4 -5 6 -7 -8 9 10 11 -12 13 -14 -15 16 -17 18 -19 -20 -21 22 23 -24 -25 -26 -27 -28 -29 -30 31 -32 33 -34 35 -36
0x3008bcec28706f61 3500 -1 2 3 4 -5 6 -7 -8 9 10 11 -12 13 -14 -15 16 -17 18 -19 -20 -21 22 23 -24 -25 -26 -27 -28 -29 -30 31 -32 33 -34 35 -36
0x9e12b8dde80e4c5d 3500 -1 2 3 4 -5 6 -7 -8 9 10 11 -12 13 -14 -15 16 -17 18 -19 -20 -21 22 23 -24 -25 -26 -27 -28 -29 -30 31 -32 33 -34 35 -36
0xb3651e72ca083640 3500 -1 2 3 4 -5 6 -7 -8 9 10 11 -12 13 -14 -15 16 -17 18 -19 -20 -21 22 23 -24 -25 -26 -27 -28 -29 -30 31 -32 33 -34 35 -36
0x369360e0400c48a9 3500 -1 2 3 4 -5 6 -7 -8 9 10 11 -12 13 -14 -15 16 -17 18 -19 -20 -21 22 23 -24 -25 -26 -27 -28 -29 -30 31 -32 33 -34 35 -36
0x11cb8caf9a838f94 3500 -1 2 3 4 -5 6 -7 -8 9 10 11 -12 13 -14 -15 16 -17 18 -19 -20 -21 22 23 -24 -25 -26 -27 -28 -29 -30 31 -32 33 -34 35 -36
0xbc0a7ff757393117 3500 -1 2 3 4 -5 6 -7 -8 9 10 11 -12 13 -14 -15 16 -17 18 -19 -20 -21 22 23 -24 -25 -26 -27 -28 -29 -30 31 -32 33 -34 35 -36
0x52ad0b8e75968c5b 3500 -1 2 3 4 -5 6 -7 -8 9 10 11 -12 13 -14 -15 16 -17 18 -19 -20 -21 22 23 -24 -25 -26 -27 -28 -29 -30 31 -32 33 -34 35 -36