0x2236d1f18facd53d 8893 -1 2 3 -4 5 -6 7 -8 -9 -10 11 12 -13 -14 15 -16 -17 18 19 20 21 -22 -23 24 25 26 27 -28 -29 -30 -31 32 33 34 35 -36
0x66b8bb12ff601f4b 8893 -1 2 3 -4 5 -6 7 -8 -9 -10 11 12 -13 -14 15 -16 -17 18 19 20 21 -22 -23 24 25 26 27 -28 -29 -30 -31 32 33 34 35 -36
0x8719e9ae77dd86a9 8893 -1 2 3 -4 5 -6 7 -8 -9 -10 11 12 -13 -14 15 -16 -17 18 19 20 21 -22 -23 24 25 26 27 -28 -29 -30 -31 32 33 34 35 -36
0x8dc0bf8269db8095 8893 -1 2 3 -4 5 -6 7 -8 -9 -10 11 12 -13 -14 15 -16 -17 18 19 20 21 -22 -23 24 25 26 27 -28 -29 -30 -31 32 33 34 35 -36
0xd6a839c3270d131e 8893 -1 2 3 -4 5 -6 7 -8 -9 -10 11 12 -13 -14 15 -16 -17 18 19 20 21 -22 -23 24 25 26 27 -28 -29 -30 -31 32 33 34 35 -36
0xad247cc4cf5cd7c2 8893 -1 2 3 -4 5 -6 7 -8 -9 -10 11 12 -13 -14 15 -16 -17 18 19 20 21 -22 -23 24 25 26 27 -28 -29 -30 -31 32 33 34 35 -36
0x114cd441219e7885 8893 -1 2 3 -4 5 -6 7 -8 -9 -10 11 12 -13 -14 15 -16 -17 18 19 20 21 -22 -23 24 25 26 27 -28 -29 -30 -31 32 33 34 35 -36
0xc6d16ae059eabc98 8893 -1 2 3 -4 5 -6 7 -8 -9 -10 11 12 -13 -14 15 -16 -17 18 19 20 21 -22 -23 24 25 26 27 -28 -29 -30 -31 32 33 34 35 -36
0x3c1657ffb6d33be3 8893 -1 2 3 -4 5 -6 7 -8 -9 -10 11 12 -13 -14 15 -16 -17 18 19 20 21 -22 -23 24 25 26 27 -28 -29 -30 -31 32 33 34 35 -36
0x8eab507523a36cd7 8893 -1 2 3 -4 5 -6 7 -8 -9 -10 11 12 -13 -14 15 -16 -17 18 19 20 21 -22 -23 24 25 26 27 -28 -29 -30 -31 32 33 34 35 -36
0x9fe868e66b847ced 8893 -1 2 3 -4 5 -6 7 -8 -9 -10 11 12 -13 -14 15 -16 -17 18 19 20 21 -22 -23 24 25 26 27 -28 -29 -30 -31 32 33 34 35 -36
0xd274411dc067484a 8893 -1 2 3 -4 5 -6 7 -8 -9 -10 11 12 -13 -14 15 -16 -17 18 19 20 21 -22 -23 24 25 26 27 -28 -29 -30 -31 32 33 34 35 -36
0x3f36502a66aed9ef 8893 -1 2 3 -4 5 -6 7 -8 -9 -10 11 12 -13 -14 15 -16 -17 18 19 20 21 -22 -23 24 25 26 27 -28 -29 -30 -31 32 33 34 35 -36
0x38ba75817673711c 8893 -1 2 3 -4 5 -6 7 -8 -9 -10 11 12 -13 -14 15 -16 -17 18 19 20 21 -22 -23 24 25 26 27 -28 -29 -30 -31 32 33 34 35 -36
0x814e392ef2ef997 8893 -1 2 3 -4 5 -6 7 -8 -9 -10 11 12 -13 -14 15 -16 -17 18 19 20 21 -22 -23 24 25 26 27 -28 -29 -30 -31 32 33 34 35 -36
0xcb51453d64270b19 8893 -1 2 3 -4 5 -6 7 -8 -9 -10 11 12 -13 -14 15 -16 -17 18 19 20 21 -22 -23 24 25 26 27 -28 -29 -30 -31 32 33 34 35 -36
0xd271f17147b279de 8893 -1 2 3 -4 5 -6 7 -8 -9 -10 11 12 -13 -14 15 -16 -17 18 19 20 21 -22 -23 24 25 26 27 -28 -29 -30 -31 32 33 34 35 -36
0x2e75a6b5d11f2c27 8893 -1 2 3 -4 5 -6 7 -8 -9 -10 11 12 -13 -14 15 -16 -17 18 19 20 21 -22 -23 24 25 26 27 -28 -29 -30 -31 32 33 34 35 -36
0x8fcb16a41d397fb7 8893 -1 2 3 -4 5 -6 7 -8 -9 -10 11 12 -13 -14 15 -16 -17 18 19 20 21 -22 -23 24 25 26 27 -28 -29 -30 -31 32 33 34 35 -36
0xebb041699e1b3f58 8893 -1 2 3 -4 5 -6 7 -8 -9 -10 11 12 -13 -14 15 -16 -17 18 19 20 21 -22 -23 24 25 26 27 -28 -29 -30 -31 32 33 34 35 -36
0x5d3ba14a43282856 8893 -1 2 3 -4 5 -6 7 -8 -9 -10 11 12 -13 -14 15 -16 -17 18 19 20 21 -22 -23 24 25 26 27 -28 -29 -30 -31 32 33 34 35 -36
0xec0d2618ee5e0000 8893 -1 2 3 -4 5 -6 7 -8 -9 -10 11 12 -13 -14 15 -16 -17 18 19 20 21 -22 -23 24 25 26 27 -28 -29 -30 -31 32 33 34 35 -36
0x4fe500c1d05e392c 8893 -1 2 3 -4 5 -6 7 -8 -9 -10 11 12 -13 -14 15 -16 -17 18 19 20 21 -22 -23 24 25 26 27 -28 -29 -30 -31 32 33 34 35 -36
0x6d9e3ec220d729b2 8893 -1 2 3 -4 5 -6 7 -8 -9 -10 11 12 -13 -14 15 -16 -17 18 19 20 21 -22 -23 24 25 26 27 -28 -29 -30 -31 32 33 34 35 -36
0x74c72d89a1e58be1 8893 -1 2 3 -4 5 -6 7 -8 -9 -10 11 12 -13 -14 15 -16 -17 18 19 20 21 -22 -23 24 25 26 27 -28 -29 -30 -31 32 33 34 35 -36
0x5c1162be89272e73 8893 -1 2 3 -4 5 -6 7 -8 -9 -10 11 12 -13 -14 15 -16 -17 18 19 20 21 -22 -23 24 25 26 27 -28 -29 -30 -31 32 33 34 35 -36
0xc371f91f2a07de08 8893 -1 2 3 -4 5 -6 7 -8 -9 -10 11 12 -13 -14 15 -16 -17 18 19 20 21 -22 -23 24 25 26 27 -28 -29 -30 -31 32 33 34 35 -36
0x793571dbf27b05b1 8893 -1 2 3 -4 5 -6 7 -8 -9 -10 11 12 -13 -14 15 -16 -17 18 19 20 21 -22 -23 24 25 26 27 -28 -29 -30 -31 32 33 34 35 -36
0x621988d108adf3e 8893 -1 2 3 -4 5 -6 7 -8 -9 -10 11 12 -13 -14 15 -16 -17 18 19 20 21 -22 -23 24 25 26 27 -28 -29 -30 -31 32 33 34 35 -36
0x15f8cf4c6564e47e 8893 -1 2 3 -4 5 -6 7 -8 -9 -10 11 12 -13 -14 15 -16 -17 18 19 20 21 -22 -23 24 25 26 27 -28 -29 -30 -31 32 33 34 35 -36