0xed356168b3192848 22649 1 -2 3 4 5 -6 7 8 9 -10 11 -12 13 14 -15 16 17 18 19 20 21 -22 23 -24 -25 -26 -27 28 -29 30 -31 -32 -33 34 -35 36
0x53c55d29bec8aaac 22649 1 -2 3 4 5 -6 7 8 9 -10 11 -12 13 14 -15 16 17 18 19 20 21 -22 23 -24 -25 -26 -27 28 -29 30 -31 -32 -33 34 -35 36
0xd5d5adc60f836f62 21726 1 -2 3 4 5 -6 7 8 9 -10 11 -12 13 14 -15 16 17 18 19 -20 21 -22 23 -24 -25 -26 -27 28 -29 30 -31 -32 -33 34 -35 36
0xcf21b7b2dee32f3a 22649 1 -2 3 4 5 -6 7 8 9 -10 11 -12 13 14 -15 16 17 18 19 20 21 -22 23 -24 -25 -26 -27 28 -29 30 -31 -32 -33 34 -35 36
0x2af28e06161ecef 22649 1 -2 3 4 5 -6 7 8 9 -10 11 -12 13 14 -15 16 17 18 19 20 21 -22 23 -24 -25 -26 -27 28 -29 30 -31 -32 -33 34 -35 36
0x88c868135b1ea14d 22649 1 -2 3 4 5 -6 7 8 9 -10 11 -12 13 14 -15 16 17 18 19 20 21 -22 23 -24 -25 -26 -27 28 -29 30 -31 -32 -33 34 -35 36
0x55cb94bd7f729d07 22649 1 -2 3 4 5 -6 7 8 9 -10 11 -12 13 14 -15 16 17 18 19 20 21 -22 23 -24 -25 -26 -27 28 -29 30 -31 -32 -33 34 -35 36
0xa59b31ecf257a00a 22649 1 -2 3 4 5 -6 7 8 9 -10 11 -12 13 14 -15 16 17 18 19 20 21 -22 23 -24 -25 -26 -27 28 -29 30 -31 -32 -33 34 -35 36
0x388ec51d9bbe1d94 22649 1 -2 3 4 5 -6 7 8 9 -10 11 -12 13 14 -15 16 17 18 19 20 21 -22 23 -24 -25 -26 -27 28 -29 30 -31 -32 -33 34 -35 36
0x9c93eddfa410c928 22649 1 -2 3 4 5 -6 7 8 9 -10 11 -12 13 14 -15 16 17 18 19 20 21 -22 23 -24 -25 -26 -27 28 -29 30 -31 -32 -33 34 -35 36
0x3da23c9687c4588c 22649 1 -2 3 4 5 -6 7 8 9 -10 11 -12 13 14 -15 16 17 18 19 20 21 -22 23 -24 -25 -26 -27 28 -29 30 -31 -32 -33 34 -35 36
0xff9d75fb1f53414b 22649 1 -2 3 4 5 -6 7 8 9 -10 11 -12 13 14 -15 16 17 18 19 20 21 -22 23 -24 -25 -26 -27 28 -29 30 -31 -32 -33 34 -35 36
0x4820a697383a0632 21726 1 -2 3 4 5 -6 7 8 9 -10 11 -12 13 14 -15 16 17 18 19 -20 21 -22 23 -24 -25 -26 -27 28 -29 30 -31 -32 -33 34 -35 36
0x50d0064bee3a14d5 22649 1 -2 3 4 5 -6 7 8 9 -10 11 -12 13 14 -15 16 17 18 19 20 21 -22 23 -24 -25 -26 -27 28 -29 30 -31 -32 -33 34 -35 36
0x240fabcde4693309 22649 1 -2 3 4 5 -6 7 8 9 -10 11 -12 13 14 -15 16 17 18 19 20 21 -22 23 -24 -25 -26 -27 28 -29 30 -31 -32 -33 34 -35 36
0xe73d1022c5d37c69 22649 1 -2 3 4 5 -6 7 8 9 -10 11 -12 13 14 -15 16 17 18 19 20 21 -22 23 -24 -25 -26 -27 28 -29 30 -31 -32 -33 34 -35 36
0xec9622915b5efd4 22649 1 -2 3 4 5 -6 7 8 9 -10 11 -12 13 14 -15 16 17 18 19 20 21 -22 23 -24 -25 -26 -27 28 -29 30 -31 -32 -33 34 -35 36
0xc37993dea8f4d60 22649 1 -2 3 4 5 -6 7 8 9 -10 11 -12 13 14 -15 16 17 18 19 20 21 -22 23 -24 -25 -26 -27 28 -29 30 -31 -32 -33 34 -35 36
0x5c19bcd7a7c70195 22649 1 -2 3 4 5 -6 7 8 9 -10 11 -12 13 14 -15 16 17 18 19 20 21 -22 23 -24 -25 -26 -27 28 -29 30 -31 -32 -33 34 -35 36
0x3e72ffdd6502e77d 22649 1 -2 3 4 5 -6 7 8 9 -10 11 -12 13 14 -15 16 17 18 19 20 21 -22 23 -24 -25 -26 -27 28 -29 30 -31 -32 -33 34 -35 36
0xb70ffc49cc529190 21726 1 -2 3 4 5 -6 7 8 9 -10 11 -12 13 14 -15 16 17 18 19 -20 21 -22 23 -24 -25 -26 -27 28 -29 30 -31 -32 -33 34 -35 36
0x2c3fc29df0556982 22649 1 -2 3 4 5 -6 7 8 9 -10 11 -12 13 14 -15 16 17 18 19 20 21 -22 23 -24 -25 -26 -27 28 -29 30 -31 -32 -33 34 -35 36
0xbd841e2e658edd49 22649 1 -2 3 4 5 -6 7 8 9 -10 11 -12 13 14 -15 16 17 18 19 20 21 -22 23 -24 -25 -26 -27 28 -29 30 -31 -32 -33 34 -35 36
0xb019989fe574dc9e 22649 1 -2 3 4 5 -6 7 8 9 -10 11 -12 13 14 -15 16 17 18 19 20 21 -22 23 -24 -25 -26 -27 28 -29 30 -31 -32 -33 34 -35 36
0xf5504d724a46e681 22649 1 -2 3 4 5 -6 7 8 9 -10 11 -12 13 14 -15 16 17 18 19 20 21 -22 23 -24 -25 -26 -27 28 -29 30 -31 -32 -33 34 -35 36
0x82538d7305f3a6b3 22649 1 -2 3 4 5 -6 7 8 9 -10 11 -12 13 14 -15 16 17 18 19 20 21 -22 23 -24 -25 -26 -27 28 -29 30 -31 -32 -33 34 -35 36
0x5a3e52474693233c 22649 1 -2 3 4 5 -6 7 8 9 -10 11 -12 13 14 -15 16 17 18 19 20 21 -22 23 -24 -25 -26 -27 28 -29 30 -31 -32 -33 34 -35 36
0xc9a81e6633b79e5 22649 1 -2 3 4 5 -6 7 8 9 -10 11 -12 13 14 -15 16 17 18 19 20 21 -22 23 -24 -25 -26 -27 28 -29 30 -31 -32 -33 34 -35 36
0x3a9021aec362dbd 22649 1 -2 3 4 5 -6 7 8 9 -10 11 -12 13 14 -15 16 17 18 19 20 21 -22 23 -24 -25 -26 -27 28 -29 30 -31 -32 -33 34 -35 36
0x4f109c06d1dc0496 22649 1 -2 3 4 5 -6 7 8 9 -10 11 -12 13 14 -15 16 17 18 19 20 21 -22 23 -24 -25 -26 -27 28 -29 30 -31 -32 -33 34 -35 36