0xa266787d0ad27a24 18611 -1 2 -3 4 5 -6 -7 8 -9 10 -11 12 13 14 15 16 17 18 -19 -20 -21 -22 23 -24 -25 26 27 28 -29 30 31 -32 -33 34 35 36
0xb1a2cf578c6c10b4 18611 -1 2 -3 4 5 -6 -7 8 -9 10 -11 12 13 14 15 16 17 18 -19 -20 -21 -22 23 -24 -25 26 27 28 -29 30 31 -32 -33 34 35 36
0xd87f0bce1c87406b 18261 -1 2 -3 -4 5 -6 -7 8 -9 10 -11 12 13 14 15 16 17 18 -19 -20 -21 -22 23 -24 -25 26 27 28 -29 30 31 -32 -33 34 35 36
0x5148b206a235070c 18611 -1 2 -3 4 5 -6 -7 8 -9 10 -11 12 13 14 15 16 17 18 -19 -20 -21 -22 23 -24 -25 26 27 28 -29 30 31 -32 -33 34 35 36
0xbe8c910895dc7653 18611 -1 2 -3 4 5 -6 -7 8 -9 10 -11 12 13 14 15 16 17 18 -19 -20 -21 -22 23 -24 -25 26 27 28 -29 30 31 -32 -33 34 35 36
0x589183409f106d0f 18611 -1 2 -3 4 5 -6 -7 8 -9 10 -11 12 13 14 15 16 17 18 -19 -20 -21 -22 23 -24 -25 26 27 28 -29 30 31 -32 -33 34 35 36
0x130586b8351b68f5 18611 -1 2 -3 4 5 -6 -7 8 -9 10 -11 12 13 14 15 16 17 18 -19 -20 -21 -22 23 -24 -25 26 27 28 -29 30 31 -32 -33 34 35 36
0x76a0e0840dafe28b 18611 -1 2 -3 4 5 -6 -7 8 -9 10 -11 12 13 14 15 16 17 18 -19 -20 -21 -22 23 -24 -25 26 27 28 -29 30 31 -32 -33 34 35 36
0xd4bfb7b3159e1f1 18611 -1 2 -3 4 5 -6 -7 8 -9 10 -11 12 13 14 15 16 17 18 -19 -20 -21 -22 23 -24 -25 26 27 28 -29 30 31 -32 -33 34 35 36
0xa1d7cb618230c460 18611 -1 2 -3 4 5 -6 -7 8 -9 10 -11 12 13 14 15 16 17 18 -19 -20 -21 -22 23 -24 -25 26 27 28 -29 30 31 -32 -33 34 35 36
0xe4bc294c7c4ad4b2 18611 -1 2 -3 4 5 -6 -7 8 -9 10 -11 12 13 14 15 16 17 18 -19 -20 -21 -22 23 -24 -25 26 27 28 -29 30 31 -32 -33 34 35 36
0xb4c31a8cf4281df0 18261 -1 2 -3 -4 5 -6 -7 8 -9 10 -11 12 13 14 15 16 17 18 -19 -20 -21 -22 23 -24 -25 26 27 28 -29 30 31 -32 -33 34 35 36
0x123f31cc2a2c5127 18611 -1 2 -3 4 5 -6 -7 8 -9 10 -11 12 13 14 15 16 17 18 -19 -20 -21 -22 23 -24 -25 26 27 28 -29 30 31 -32 -33 34 35 36
0x4f07e467c4b24578 18611 -1 2 -3 4 5 -6 -7 8 -9 10 -11 12 13 14 15 16 17 18 -19 -20 -21 -22 23 -24 -25 26 27 28 -29 30 31 -32 -33 34 35 36
0xe3df4eb5ced29f 18611 -1 2 -3 4 5 -6 -7 8 -9 10 -11 12 13 14 15 16 17 18 -19 -20 -21 -22 23 -24 -25 26 27 28 -29 30 31 -32 -33 34 35 36
0xd4927a8532cd53ef 18611 -1 2 -3 4 5 -6 -7 8 -9 10 -11 12 13 14 15 16 17 18 -19 -20 -21 -22 23 -24 -25 26 27 28 -29 30 31 -32 -33 34 35 36
0xfb9267c4aafa0e60 18611 -1 2 -3 4 5 -6 -7 8 -9 10 -11 12 13 14 15 16 17 18 -19 -20 -21 -22 23 -24 -25 26 27 28 -29 30 31 -32 -33 34 35 36
0xf3779f068122c9c 18611 -1 2 -3 4 5 -6 -7 8 -9 10 -11 12 13 14 15 16 17 18 -19 -20 -21 -22 23 -24 -25 26 27 28 -29 30 31 -32 -33 34 35 36
0x9b4edcc7016b2bb6 18611 -1 2 -3 4 5 -6 -7 8 -9 10 -11 12 13 14 15 16 17 18 -19 -20 -21 -22 23 -24 -25 26 27 28 -29 30 31 -32 -33 34 35 36
0x5f564bfe7794e63d 18611 -1 2 -3 4 5 -6 -7 8 -9 10 -11 12 13 14 15 16 17 18 -19 -20 -21 -22 23 -24 -25 26 27 28 -29 30 31 -32 -33 34 35 36
0x91877f8230121bb 18611 -1 2 -3 4 5 -6 -7 8 -9 10 -11 12 13 14 15 16 17 18 -19 -20 -21 -22 23 -24 -25 26 27 28 -29 30 31 -32 -33 34 35 36
0x544bfb4d053155b6 18611 -1 2 -3 4 5 -6 -7 8 -9 10 -11 12 13 14 15 16 17 18 -19 -20 -21 -22 23 -24 -25 26 27 28 -29 30 31 -32 -33 34 35 36
0x4b75fb0632b24b8a 18611 -1 2 -3 4 5 -6 -7 8 -9 10 -11 12 13 14 15 16 17 18 -19 -20 -21 -22 23 -24 -25 26 27 28 -29 30 31 -32 -33 34 35 36
0xa9624407387b1323 18611 -1 2 -3 4 5 -6 -7 8 -9 10 -11 12 13 14 15 16 17 18 -19 -20 -21 -22 23 -24 -25 26 27 28 -29 30 31 -32 -33 34 35 36
0x7e68bfb1b788cfde 18611 -1 2 -3 4 5 -6 -7 8 -9 10 -11 12 13 14 15 16 17 18 -19 -20 -21 -22 23 -24 -25 26 27 28 -29 30 31 -32 -33 34 35 36
0xd1b02e44ad61c925 18611 -1 2 -3 4 5 -6 -7 8 -9 10 -11 12 13 14 15 16 17 18 -19 -20 -21 -22 23 -24 -25 26 27 28 -29 30 31 -32 -33 34 35 36
0x628587c4dcf49972 18611 -1 2 -3 4 5 -6 -7 8 -9 10 -11 12 13 14 15 16 17 18 -19 -20 -21 -22 23 -24 -25 26 27 28 -29 30 31 -32 -33 34 35 36
0xb3fe7a78a0172ca 18611 -1 2 -3 4 5 -6 -7 8 -9 10 -11 12 13 14 15 16 17 18 -19 -20 -21 -22 23 -24 -25 26 27 28 -29 30 31 -32 -33 34 35 36
0x6473fd158d2422d2 18611 -1 2 -3 4 5 -6 -7 8 -9 10 -11 12 13 14 15 16 17 18 -19 -20 -21 -22 23 -24 -25 26 27 28 -29 30 31 -32 -33 34 35 36
0x4dd9426bb749b457 18611 -1 2 -3 4 5 -6 -7 8 -9 10 -11 12 13 14 15 16 17 18 -19 -20 -21 -22 23 -24 -25 26 27 28 -29 30 31 -32 -33 34 35 36