0x69f139810da4cd05 1276 -1 2 3 -4 5 6 -7 -8 -9 10 11 -12 -13 -14 -15 16 -17 18 19 20 21 22 -23 -24 25 -26 27 -28 29 30 31 -32 33 -34 -35 -36
0xe454f2fd89ef0bba 1276 -1 2 3 -4 5 6 -7 -8 -9 10 11 -12 -13 -14 -15 16 -17 18 19 20 21 22 -23 -24 25 -26 27 -28 29 30 31 -32 33 -34 -35 -36
0x9a3e3fe84ee98544 1276 -1 2 3 -4 5 6 -7 -8 -9 10 11 -12 -13 -14 -15 16 -17 18 19 20 21 22 -23 -24 25 -26 27 -28 29 30 31 -32 33 -34 -35 -36
0xa47a5a379189fde1 1276 -1 2 3 -4 5 6 -7 -8 -9 10 11 -12 -13 -14 -15 16 -17 18 19 20 21 22 -23 -24 25 -26 27 -28 29 30 31 -32 33 -34 -35 -36
0x7889965fbbeee408 1276 -1 2 3 -4 5 6 -7 -8 -9 10 11 -12 -13 -14 -15 16 -17 18 19 20 21 22 -23 -24 25 -26 27 -28 29 30 31 -32 33 -34 -35 -36
0x3f41660a258af9d3 1276 -1 2 3 -4 5 6 -7 -8 -9 10 11 -12 -13 -14 -15 16 -17 18 19 20 21 22 -23 -24 25 -26 27 -28 29 30 31 -32 33 -34 -35 -36
0xd3d2302e88ed96e0 1276 -1 2 3 -4 5 6 -7 -8 -9 10 11 -12 -13 -14 -15 16 -17 18 19 20 21 22 -23 -24 25 -26 27 -28 29 30 31 -32 33 -34 -35 -36
0x845804f8167cd5d5 1276 -1 2 3 -4 5 6 -7 -8 -9 10 11 -12 -13 -14 -15 16 -17 18 19 20 21 22 -23 -24 25 -26 27 -28 29 30 31 -32 33 -34 -35 -36
0xb6df1fbfe2a1ee80 1276 -1 2 3 -4 5 6 -7 -8 -9 10 11 -12 -13 -14 -15 16 -17 18 19 20 21 22 -23 -24 25 -26 27 -28 29 30 31 -32 33 -34 -35 -36
0x3c56e99ab0ce74e 1276 -1 2 3 -4 5 6 -7 -8 -9 10 11 -12 -13 -14 -15 16 -17 18 19 20 21 22 -23 -24 25 -26 27 -28 29 30 31 -32 33 -34 -35 -36
0x5300b7518efce3a3 1276 -1 2 3 -4 5 6 -7 -8 -9 10 11 -12 -13 -14 -15 16 -17 18 19 20 21 22 -23 -24 25 -26 27 -28 29 30 31 -32 33 -34 -35 -36
0x1cf210f14b90d4ab 1276 -1 2 3 -4 5 6 -7 -8 -9 10 11 -12 -13 -14 -15 16 -17 18 19 20 21 22 -23 -24 25 -26 27 -28 29 30 31 -32 33 -34 -35 -36
0x385ed3964091d8f1 1276 -1 2 3 -4 5 6 -7 -8 -9 10 11 -12 -13 -14 -15 16 -17 18 19 20 21 22 -23 -24 25 -26 27 -28 29 30 31 -32 33 -34 -35 -36
0xb585493e0d4a08cc 1276 -1 2 3 -4 5 6 -7 -8 -9 10 11 -12 -13 -14 -15 16 -17 18 19 20 21 22 -23 -24 25 -26 27 -28 29 30 31 -32 33 -34 -35 -36
0x8d8233fb620e951a 1276 -1 2 3 -4 5 6 -7 -8 -9 10 11 -12 -13 -14 -15 16 -17 18 19 20 21 22 -23 -24 25 -26 27 -28 29 30 31 -32 33 -34 -35 -36
0x1ef0973ba141cba 1276 -1 2 3 -4 5 6 -7 -8 -9 10 11 -12 -13 -14 -15 16 -17 18 19 20 21 22 -23 -24 25 -26 27 -28 29 30 31 -32 33 -34 -35 -36
0xb19dfe60bbd49211 1276 -1 2 3 -4 5 6 -7 -8 -9 10 11 -12 -13 -14 -15 16 -17 18 19 20 21 22 -23 -24 25 -26 27 -28 29 30 31 -32 33 -34 -35 -36
0x2bf1e2113eacb087 1276 -1 2 3 -4 5 6 -7 -8 -9 10 11 -12 -13 -14 -15 16 -17 18 19 20 21 22 -23 -24 25 -26 27 -28 29 30 31 -32 33 -34 -35 -36
0x898fc9e608970209 1276 -1 2 3 -4 5 6 -7 -8 -9 10 11 -12 -13 -14 -15 16 -17 18 19 20 21 22 -23 -24 25 -26 27 -28 29 30 31 -32 33 -34 -35 -36
0x86688cd5432a7487 1276 -1 2 3 -4 5 6 -7 -8 -9 10 11 -12 -13 -14 -15 16 -17 18 19 20 21 22 -23 -24 25 -26 27 -28 29 30 31 -32 33 -34 -35 -36
0xb8cc34b83c949174 1276 -1 2 3 -4 5 6 -7 -8 -9 10 11 -12 -13 -14 -15 16 -17 18 19 20 21 22 -23 -24 25 -26 27 -28 29 30 31 -32 33 -34 -35 -36
0xa82c1d1598b1f723 1276 -1 2 3 -4 5 6 -7 -8 -9 10 11 -12 -13 -14 -15 16 -17 18 19 20 21 22 -23 -24 25 -26 27 -28 29 30 31 -32 33 -34 -35 -36
0x3d786c707198f500 1276 -1 2 3 -4 5 6 -7 -8 -9 10 11 -12 -13 -14 -15 16 -17 18 19 20 21 22 -23 -24 25 -26 27 -28 29 30 31 -32 33 -34 -35 -36
0xe45a2760656a263a 1276 -1 2 3 -4 5 6 -7 -8 -9 10 11 -12 -13 -14 -15 16 -17 18 19 20 21 22 -23 -24 25 -26 27 -28 29 30 31 -32 33 -34 -35 -36
0x1fb36a73ee0a90e8 1276 -1 2 3 -4 5 6 -7 -8 -9 10 11 -12 -13 -14 -15 16 -17 18 19 20 21 22 -23 -24 25 -26 27 -28 29 30 31 -32 33 -34 -35 -36
0xa6e479b12d783f83 1276 -1 2 3 -4 5 6 -7 -8 -9 10 11 -12 -13 -14 -15 16 -17 18 19 20 21 22 -23 -24 25 -26 27 -28 29 30 31 -32 33 -34 -35 -36
0xa4b2200bb9adea68 1276 -1 2 3 -4 5 6 -7 -8 -9 10 11 -12 -13 -14 -15 16 -17 18 19 20 21 22 -23 -24 25 -26 27 -28 29 30 31 -32 33 -34 -35 -36
0xe21b5ef09f4bb159 1276 -1 2 3 -4 5 6 -7 -8 -9 10 11 -12 -13 -14 -15 16 -17 18 19 20 21 22 -23 -24 25 -26 27 -28 29 30 31 -32 33 -34 -35 -36
0x2ac6dbe2c7ae4fa 1276 -1 2 3 -4 5 6 -7 -8 -9 10 11 -12 -13 -14 -15 16 -17 18 19 20 21 22 -23 -24 25 -26 27 -28 29 30 31 -32 33 -34 -35 -36
0xcb1d094587c2e057 1276 -1 2 3 -4 5 6 -7 -8 -9 10 11 -12 -13 -14 -15 16 -17 18 19 20 21 22 -23 -24 25 -26 27 -28 29 30 31 -32 33 -34 -35 -36