0xfc9eacdd135206db 12122 -1 2 -3 -4 -5 -6 -7 8 9 10 11 12 -13 14 15 -16 -17 -18 19 20 21 -22 -23 24 25 -26 27 -28 29 30 -31 32 -33 34 35 -36
0xe5ea8f32394fa945 12122 -1 2 -3 -4 -5 -6 -7 8 9 10 11 12 -13 14 15 -16 -17 -18 19 20 21 -22 -23 24 25 -26 27 -28 29 30 -31 32 -33 34 35 -36
0x421880db4cebbc4f 12122 -1 2 -3 -4 -5 -6 -7 8 9 10 11 12 -13 14 15 -16 -17 -18 19 20 21 -22 -23 24 25 -26 27 -28 29 30 -31 32 -33 34 35 -36
0xb8b5a4bb682cb67c 12122 -1 2 -3 -4 -5 -6 -7 8 9 10 11 12 -13 14 15 -16 -17 -18 19 20 21 -22 -23 24 25 -26 27 -28 29 30 -31 32 -33 34 35 -36
0xd8f38a14d073a328 12122 -1 2 -3 -4 -5 -6 -7 8 9 10 11 12 -13 14 15 -16 -17 -18 19 20 21 -22 -23 24 25 -26 27 -28 29 30 -31 32 -33 34 35 -36
0x959485f7b97a2c6f 12122 -1 2 -3 -4 -5 -6 -7 8 9 10 11 12 -13 14 15 -16 -17 -18 19 20 21 -22 -23 24 25 -26 27 -28 29 30 -31 32 -33 34 35 -36
0xe54c01ba40be99ae 12122 -1 2 -3 -4 -5 -6 -7 8 9 10 11 12 -13 14 15 -16 -17 -18 19 20 21 -22 -23 24 25 -26 27 -28 29 30 -31 32 -33 34 35 -36
0xf464ca0c4c67fdd7 12122 -1 2 -3 -4 -5 -6 -7 8 9 10 11 12 -13 14 15 -16 -17 -18 19 20 21 -22 -23 24 25 -26 27 -28 29 30 -31 32 -33 34 35 -36
0x8b12a9b3ac44424f 12122 -1 2 -3 -4 -5 -6 -7 8 9 10 11 12 -13 14 15 -16 -17 -18 19 20 21 -22 -23 24 25 -26 27 -28 29 30 -31 32 -33 34 35 -36
0x3608cbc6c7973016 12122 -1 2 -3 -4 -5 -6 -7 8 9 10 11 12 -13 14 15 -16 -17 -18 19 20 21 -22 -23 24 25 -26 27 -28 29 30 -31 32 -33 34 35 -36
0x76632a6081f15ea3 12122 -1 2 -3 -4 -5 -6 -7 8 9 10 11 12 -13 14 15 -16 -17 -18 19 20 21 -22 -23 24 25 -26 27 -28 29 30 -31 32 -33 34 35 -36
0x776363a2cb4bc001 12122 -1 2 -3 -4 -5 -6 -7 8 9 10 11 12 -13 14 15 -16 -17 -18 19 20 21 -22 -23 24 25 -26 27 -28 29 30 -31 32 -33 34 35 -36
0xc4893640d536be06 12122 -1 2 -3 -4 -5 -6 -7 8 9 10 11 12 -13 14 15 -16 -17 -18 19 20 21 -22 -23 24 25 -26 27 -28 29 30 -31 32 -33 34 35 -36
0x40b89e97c74e610e 12122 -1 2 -3 -4 -5 -6 -7 8 9 10 11 12 -13 14 15 -16 -17 -18 19 20 21 -22 -23 24 25 -26 27 -28 29 30 -31 32 -33 34 35 -36
0xcb05c06011b7c483 12122 -1 2 -3 -4 -5 -6 -7 8 9 10 11 12 -13 14 15 -16 -17 -18 19 20 21 -22 -23 24 25 -26 27 -28 29 30 -31 32 -33 34 35 -36
0x9ae5762a2e0d62b 12122 -1 2 -3 -4 -5 -6 -7 8 9 10 11 12 -13 14 15 -16 -17 -18 19 20 21 -22 -23 24 25 -26 27 -28 29 30 -31 32 -33 34 35 -36
0xce2d469bff69ecf4 12122 -1 2 -3 -4 -5 -6 -7 8 9 10 11 12 -13 14 15 -16 -17 -18 19 20 21 -22 -23 24 25 -26 27 -28 29 30 -31 32 -33 34 35 -36
0x42d69fbdc651fa6b 12122 -1 2 -3 -4 -5 -6 -7 8 9 10 11 12 -13 14 15 -16 -17 -18 19 20 21 -22 -23 24 25 -26 27 -28 29 30 -31 32 -33 34 35 -36
0xcc69faace0e2cc45 12122 -1 2 -3 -4 -5 -6 -7 8 9 10 11 12 -13 14 15 -16 -17 -18 19 20 21 -22 -23 24 25 -26 27 -28 29 30 -31 32 -33 34 35 -36
0x66c91d0080f35dd8 12122 -1 2 -3 -4 -5 -6 -7 8 9 10 11 12 -13 14 15 -16 -17 -18 19 20 21 -22 -23 24 25 -26 27 -28 29 30 -31 32 -33 34 35 -36
0x5340f1880e5639a0 12122 -1 2 -3 -4 -5 -6 -7 8 9 10 11 12 -13 14 15 -16 -17 -18 19 20 21 -22 -23 24 25 -26 27 -28 29 30 -31 32 -33 34 35 -36
0xf612cfc2ba89eabd 12122 -1 2 -3 -4 -5 -6 -7 8 9 10 11 12 -13 14 15 -16 -17 -18 19 20 21 -22 -23 24 25 -26 27 -28 29 30 -31 32 -33 34 35 -36
0xc02c1365a0017e72 12122 -1 2 -3 -4 -5 -6 -7 8 9 10 11 12 -13 14 15 -16 -17 -18 19 20 21 -22 -23 24 25 -26 27 -28 29 30 -31 32 -33 34 35 -36
0x2877ae0dab2bbfaa 12122 -1 2 -3 -4 -5 -6 -7 8 9 10 11 12 -13 14 15 -16 -17 -18 19 20 21 -22 -23 24 25 -26 27 -28 29 30 -31 32 -33 34 35 -36
0x829aed25d7d035b6 12122 -1 2 -3 -4 -5 -6 -7 8 9 10 11 12 -13 14 15 -16 -17 -18 19 20 21 -22 -23 24 25 -26 27 -28 29 30 -31 32 -33 34 35 -36
0x8ba856402a5528b4 12122 -1 2 -3 -4 -5 -6 -7 8 9 10 11 12 -13 14 15 -16 -17 -18 19 20 21 -22 -23 24 25 -26 27 -28 29 30 -31 32 -33 34 35 -36
0x3058cd5cbc47dcb0 12122 -1 2 -3 -4 -5 -6 -7 8 9 10 11 12 -13 14 15 -16 -17 -18 19 20 21 -22 -23 24 25 -26 27 -28 29 30 -31 32 -33 34 35 -36
0x84e61414dc96e5bc 12122 -1 2 -3 -4 -5 -6 -7 8 9 10 11 12 -13 14 15 -16 -17 -18 19 20 21 -22 -23 24 25 -26 27 -28 29 30 -31 32 -33 34 35 -36
0x9110950ebcdecd6b 12122 -1 2 -3 -4 -5 -6 -7 8 9 10 11 12 -13 14 15 -16 -17 -18 19 20 21 -22 -23 24 25 -26 27 -28 29 30 -31 32 -33 34 35 -36
0x4628ff8b2f364856 12122 -1 2 -3 -4 -5 -6 -7 8 9 10 11 12 -13 14 15 -16 -17 -18 19 20 21 -22 -23 24 25 -26 27 -28 29 30 -31 32 -33 34 35 -36