0xf8638732b84d4372 10924 1 2 3 -4 5 -6 7 -8 -9 10 11 12 13 14 15 -16 -17 -18 19 -20 21 22 23 24 -25 -26 -27 28 -29 30 -31 32 -33 34 35 36
0xcfba54364880dbec 10924 1 2 3 -4 5 -6 7 -8 -9 10 11 12 13 14 15 -16 -17 -18 19 -20 21 22 23 24 -25 -26 -27 28 -29 30 -31 32 -33 34 35 36
0x69a3a4996bec0885 10924 1 2 3 -4 5 -6 7 -8 -9 10 11 12 13 14 15 -16 -17 -18 19 -20 21 22 23 24 -25 -26 -27 28 -29 30 -31 32 -33 34 35 36
0x30709880a808c68f 10924 1 2 3 -4 5 -6 7 -8 -9 10 11 12 13 14 15 -16 -17 -18 19 -20 21 22 23 24 -25 -26 -27 28 -29 30 -31 32 -33 34 35 36
0xf0738d448ee1c2e2 10924 1 2 3 -4 5 -6 7 -8 -9 10 11 12 13 14 15 -16 -17 -18 19 -20 21 22 23 24 -25 -26 -27 28 -29 30 -31 32 -33 34 35 36
0xe8bd2d47db0eba17 10924 1 2 3 -4 5 -6 7 -8 -9 10 11 12 13 14 15 -16 -17 -18 19 -20 21 22 23 24 -25 -26 -27 28 -29 30 -31 32 -33 34 35 36
0xd5f549f0c46adf0d 10924 1 2 3 -4 5 -6 7 -8 -9 10 11 12 13 14 15 -16 -17 -18 19 -20 21 22 23 24 -25 -26 -27 28 -29 30 -31 32 -33 34 35 36
0xbe7b2454c3f9bcc4 10924 1 2 3 -4 5 -6 7 -8 -9 10 11 12 13 14 15 -16 -17 -18 19 -20 21 22 23 24 -25 -26 -27 28 -29 30 -31 32 -33 34 35 36
0xe05aba901b3c437e 10924 1 2 3 -4 5 -6 7 -8 -9 10 11 12 13 14 15 -16 -17 -18 19 -20 21 22 23 24 -25 -26 -27 28 -29 30 -31 32 -33 34 35 36
0xc46c894da6ee4084 10924 1 2 3 -4 5 -6 7 -8 -9 10 11 12 13 14 15 -16 -17 -18 19 -20 21 22 23 24 -25 -26 -27 28 -29 30 -31 32 -33 34 35 36
0xafa269c8b40856d4 10924 1 2 3 -4 5 -6 7 -8 -9 10 11 12 13 14 15 -16 -17 -18 19 -20 21 22 23 24 -25 -26 -27 28 -29 30 -31 32 -33 34 35 36
0xb1e33b474e733548 10924 1 2 3 -4 5 -6 7 -8 -9 10 11 12 13 14 15 -16 -17 -18 19 -20 21 22 23 24 -25 -26 -27 28 -29 30 -31 32 -33 34 35 36
0x4f2855b38b653e6a 10924 1 2 3 -4 5 -6 7 -8 -9 10 11 12 13 14 15 -16 -17 -18 19 -20 21 22 23 24 -25 -26 -27 28 -29 30 -31 32 -33 34 35 36
0x8a0ca0903902c35d 10924 1 2 3 -4 5 -6 7 -8 -9 10 11 12 13 14 15 -16 -17 -18 19 -20 21 22 23 24 -25 -26 -27 28 -29 30 -31 32 -33 34 35 36
0x67ce5b1a2dbaa29e 10189 1 2 3 -4 5 -6 7 -8 -9 10 11 12 13 14 15 -16 -17 -18 19 -20 21 22 23 24 -25 -26 -27 28 -29 30 -31 -32 -33 34 35 36
0x94ae54253062748a 10924 1 2 3 -4 5 -6 7 -8 -9 10 11 12 13 14 15 -16 -17 -18 19 -20 21 22 23 24 -25 -26 -27 28 -29 30 -31 32 -33 34 35 36
0x222b6e974611c48 10924 1 2 3 -4 5 -6 7 -8 -9 10 11 12 13 14 15 -16 -17 -18 19 -20 21 22 23 24 -25 -26 -27 28 -29 30 -31 32 -33 34 35 36
0x8b6729faeb93120d 10924 1 2 3 -4 5 -6 7 -8 -9 10 11 12 13 14 15 -16 -17 -18 19 -20 21 22 23 24 -25 -26 -27 28 -29 30 -31 32 -33 34 35 36
0x9264e556bc44a056 10924 1 2 3 -4 5 -6 7 -8 -9 10 11 12 13 14 15 -16 -17 -18 19 -20 21 22 23 24 -25 -26 -27 28 -29 30 -31 32 -33 34 35 36
0xa82ab62e0bd239f 10924 1 2 3 -4 5 -6 7 -8 -9 10 11 12 13 14 15 -16 -17 -18 19 -20 21 22 23 24 -25 -26 -27 28 -29 30 -31 32 -33 34 35 36
0x36f95b2a18ab9c2b 10924 1 2 3 -4 5 -6 7 -8 -9 10 11 12 13 14 15 -16 -17 -18 19 -20 21 22 23 24 -25 -26 -27 28 -29 30 -31 32 -33 34 35 36
0x54bdbd077690992a 10924 1 2 3 -4 5 -6 7 -8 -9 10 11 12 13 14 15 -16 -17 -18 19 -20 21 22 23 24 -25 -26 -27 28 -29 30 -31 32 -33 34 35 36
0x45a9fd703b2c17de 10924 1 2 3 -4 5 -6 7 -8 -9 10 11 12 13 14 15 -16 -17 -18 19 -20 21 22 23 24 -25 -26 -27 28 -29 30 -31 32 -33 34 35 36
0x6d1acccd4f3385be 10924 1 2 3 -4 5 -6 7 -8 -9 10 11 12 13 14 15 -16 -17 -18 19 -20 21 22 23 24 -25 -26 -27 28 -29 30 -31 32 -33 34 35 36
0x98d776e2ee56a52 10924 1 2 3 -4 5 -6 7 -8 -9 10 11 12 13 14 15 -16 -17 -18 19 -20 21 22 23 24 -25 -26 -27 28 -29 30 -31 32 -33 34 35 36
0x3e94d4638735e513 10924 1 2 3 -4 5 -6 7 -8 -9 10 11 12 13 14 15 -16 -17 -18 19 -20 21 22 23 24 -25 -26 -27 28 -29 30 -31 32 -33 34 35 36
0xc0504945cf4fd8a0 10924 1 2 3 -4 5 -6 7 -8 -9 10 11 12 13 14 15 -16 -17 -18 19 -20 21 22 23 24 -25 -26 -27 28 -29 30 -31 32 -33 34 35 36
0x1a374085f3e866b3 10924 1 2 3 -4 5 -6 7 -8 -9 10 11 12 13 14 15 -16 -17 -18 19 -20 21 22 23 24 -25 -26 -27 28 -29 30 -31 32 -33 34 35 36
0xbb045c299db2530e 10924 1 2 3 -4 5 -6 7 -8 -9 10 11 12 13 14 15 -16 -17 -18 19 -20 21 22 23 24 -25 -26 -27 28 -29 30 -31 32 -33 34 35 36
0x9d07014bb96b68f5 10924 1 2 3 -4 5 -6 7 -8 -9 10 11 12 13 14 15 -16 -17 -18 19 -20 21 22 23 24 -25 -26 -27 28 -29 30 -31 32 -33 34 35 36