0xa2abd76b87e0d47e 2535 1 -2 -3 4 5 6 7 -8 -9 -10 -11 12 13 14 15 -16 -17 -18 19 -20 21 -22 -23 24 25 -26 27 28 -29 30 31 -32 -33 -34 35 36
0x495f4955be2f0b73 1276 1 -2 -3 4 5 6 7 -8 -9 -10 -11 12 13 14 15 -16 -17 -18 19 -20 21 -22 -23 24 25 -26 27 -28 -29 30 31 -32 -33 -34 35 36
0x2f980fcd0111942 2535 1 -2 -3 4 5 6 7 -8 -9 -10 -11 12 13 14 15 -16 -17 -18 19 -20 21 -22 -23 24 25 -26 27 28 -29 30 31 -32 -33 -34 35 36
0x255d002f0065862d 2535 1 -2 -3 4 5 6 7 -8 -9 -10 -11 12 13 14 15 -16 -17 -18 19 -20 21 -22 -23 24 25 -26 27 28 -29 30 31 -32 -33 -34 35 36
0x38a3456d6619af4c 2535 1 -2 -3 4 5 6 7 -8 -9 -10 -11 12 13 14 15 -16 -17 -18 19 -20 21 -22 -23 24 25 -26 27 28 -29 30 31 -32 -33 -34 35 36
0x71b8b5c4c1036b13 2535 1 -2 -3 4 5 6 7 -8 -9 -10 -11 12 13 14 15 -16 -17 -18 19 -20 21 -22 -23 24 25 -26 27 28 -29 30 31 -32 -33 -34 35 36
0x9afdfb7f515f3b90 2535 1 -2 -3 4 5 6 7 -8 -9 -10 -11 12 13 14 15 -16 -17 -18 19 -20 21 -22 -23 24 25 -26 27 28 -29 30 31 -32 -33 -34 35 36
0x1f4b8b4c89755655 2535 1 -2 -3 4 5 6 7 -8 -9 -10 -11 12 13 14 15 -16 -17 -18 19 -20 21 -22 -23 24 25 -26 27 28 -29 30 31 -32 -33 -34 35 36
0x365b4435f8548a7b 1276 1 -2 -3 4 5 6 7 -8 -9 -10 -11 12 13 14 15 -16 -17 -18 19 -20 21 -22 -23 24 25 -26 27 -28 -29 30 31 -32 -33 -34 35 36
0xb9c15b840c2e9748 2535 1 -2 -3 4 5 6 7 -8 -9 -10 -11 12 13 14 15 -16 -17 -18 19 -20 21 -22 -23 24 25 -26 27 28 -29 30 31 -32 -33 -34 35 36
0x6fd40234a023fb0e 2535 1 -2 -3 4 5 6 7 -8 -9 -10 -11 12 13 14 15 -16 -17 -18 19 -20 21 -22 -23 24 25 -26 27 28 -29 30 31 -32 -33 -34 35 36
0x206a1a9d39db27d 2535 1 -2 -3 4 5 6 7 -8 -9 -10 -11 12 13 14 15 -16 -17 -18 19 -20 21 -22 -23 24 25 -26 27 28 -29 30 31 -32 -33 -34 35 36
0xf7c5666878eef33e 2535 1 -2 -3 4 5 6 7 -8 -9 -10 -11 12 13 14 15 -16 -17 -18 19 -20 21 -22 -23 24 25 -26 27 28 -29 30 31 -32 -33 -34 35 36
0x9e567c73e3eacb87 2535 1 -2 -3 4 5 6 7 -8 -9 -10 -11 12 13 14 15 -16 -17 -18 19 -20 21 -22 -23 24 25 -26 27 28 -29 30 31 -32 -33 -34 35 36
0x918f081d92520efb 2535 1 -2 -3 4 5 6 7 -8 -9 -10 -11 12 13 14 15 -16 -17 -18 19 -20 21 -22 -23 24 25 -26 27 28 -29 30 31 -32 -33 -34 35 36
0x6e76e29ae513c5fc 2535 1 -2 -3 4 5 6 7 -8 -9 -10 -11 12 13 14 15 -16 -17 -18 19 -20 21 -22 -23 24 25 -26 27 28 -29 30 31 -32 -33 -34 35 36
0xfd4858631550d5a5 2535 1 -2 -3 4 5 6 7 -8 -9 -10 -11 12 13 14 15 -16 -17 -18 19 -20 21 -22 -23 24 25 -26 27 28 -29 30 31 -32 -33 -34 35 36
0x432233990381adae 2535 1 -2 -3 4 5 6 7 -8 -9 -10 -11 12 13 14 15 -16 -17 -18 19 -20 21 -22 -23 24 25 -26 27 28 -29 30 31 -32 -33 -34 35 36
0xd6d95ffd8f65c52e 2535 1 -2 -3 4 5 6 7 -8 -9 -10 -11 12 13 14 15 -16 -17 -18 19 -20 21 -22 -23 24 25 -26 27 28 -29 30 31 -32 -33 -34 35 36
0x4fa5a9608297f3c3 2535 1 -2 -3 4 5 6 7 -8 -9 -10 -11 12 13 14 15 -16 -17 -18 19 -20 21 -22 -23 24 25 -26 27 28 -29 30 31 -32 -33 -34 35 36
0x770ef728d005c70c 2535 1 -2 -3 4 5 6 7 -8 -9 -10 -11 12 13 14 15 -16 -17 -18 19 -20 21 -22 -23 24 25 -26 27 28 -29 30 31 -32 -33 -34 35 36
0x349857d03218682e 2535 1 -2 -3 4 5 6 7 -8 -9 -10 -11 12 13 14 15 -16 -17 -18 19 -20 21 -22 -23 24 25 -26 27 28 -29 30 31 -32 -33 -34 35 36
0x2e7a141b384aeaee 2535 1 -2 -3 4 5 6 7 -8 -9 -10 -11 12 13 14 15 -16 -17 -18 19 -20 21 -22 -23 24 25 -26 27 28 -29 30 31 -32 -33 -34 35 36
0xee1c05627800b1e7 2535 1 -2 -3 4 5 6 7 -8 -9 -10 -11 12 13 14 15 -16 -17 -18 19 -20 21 -22 -23 24 25 -26 27 28 -29 30 31 -32 -33 -34 35 36
0xe4586a5edec42e3 1276 1 -2 -3 4 5 6 7 -8 -9 -10 -11 12 13 14 15 -16 -17 -18 19 -20 21 -22 -23 24 25 -26 27 28 -29 30 -31 -32 -33 -34 35 36
0x9a278563aa793a27 2535 1 -2 -3 4 5 6 7 -8 -9 -10 -11 12 13 14 15 -16 -17 -18 19 -20 21 -22 -23 24 25 -26 27 28 -29 30 31 -32 -33 -34 35 36
0xf9fde0915f9a3a5d 2535 1 -2 -3 4 5 6 7 -8 -9 -10 -11 12 13 14 15 -16 -17 -18 19 -20 21 -22 -23 24 25 -26 27 28 -29 30 31 -32 -33 -34 35 36
0xe1b8813d33f5611 2535 1 -2 -3 4 5 6 7 -8 -9 -10 -11 12 13 14 15 -16 -17 -18 19 -20 21 -22 -23 24 25 -26 27 28 -29 30 31 -32 -33 -34 35 36
0xefcdec4620598935 2535 1 -2 -3 4 5 6 7 -8 -9 -10 -11 12 13 14 15 -16 -17 -18 19 -20 21 -22 -23 24 25 -26 27 28 -29 30 31 -32 -33 -34 35 36
0x5ca5bd774ae1429e 2535 1 -2 -3 4 5 6 7 -8 -9 -10 -11 12 13 14 15 -16 -17 -18 19 -20 21 -22 -23 24 25 -26 27 28 -29 30 31 -32 -33 -34 35 36