0xdf1e1703be40b036 26652 -1 2 -3 -4 5 6 7 -8 -9 10 -11 12 13 -14 15 -16 -17 -18 19 20 21 22 23 -24 -25 26 27 28 -29 30 31 32 -33 34 -35 -36
0x1c7c0ba9e0533189 26226 -1 2 -3 -4 5 6 7 -8 -9 10 -11 12 13 -14 15 16 -17 -18 19 20 21 22 23 -24 -25 26 27 28 -29 30 -31 32 -33 -34 -35 -36
0x1ff82e619df50259 26652 -1 2 -3 -4 5 6 7 -8 -9 10 -11 12 13 -14 15 -16 -17 -18 19 20 21 22 23 -24 -25 26 27 28 -29 30 31 32 -33 34 -35 -36
0x60f91e6ec32f0dc7 26652 -1 2 -3 -4 5 6 7 -8 -9 10 -11 12 13 -14 15 -16 -17 -18 19 20 21 22 23 -24 -25 26 27 28 -29 30 31 32 -33 34 -35 -36
0xe5e5678768b42cde 26652 -1 2 -3 -4 5 6 7 -8 -9 10 -11 12 13 -14 15 -16 -17 -18 19 20 21 22 23 -24 -25 26 27 28 -29 30 31 32 -33 34 -35 -36
0xe1e39571aedf1a98 26652 -1 2 -3 -4 5 6 7 -8 -9 10 -11 12 13 -14 15 -16 -17 -18 19 20 21 22 23 -24 -25 26 27 28 -29 30 31 32 -33 34 -35 -36
0xd53193d3c9450b49 26652 -1 2 -3 -4 5 6 7 -8 -9 10 -11 12 13 -14 15 -16 -17 -18 19 20 21 22 23 -24 -25 26 27 28 -29 30 31 32 -33 34 -35 -36
0x4e833eb45fba098d 26652 -1 2 -3 -4 5 6 7 -8 -9 10 -11 12 13 -14 15 -16 -17 -18 19 20 21 22 23 -24 -25 26 27 28 -29 30 31 32 -33 34 -35 -36
0x7b6bb9857edf3327 21002 -1 -2 3 4 5 -6 7 8 -9 -10 11 -12 -13 14 15 -16 -17 -18 -19 -20 21 22 23 24 -25 -26 27 28 29 30 -31 -32 33 -34 35 36
0x594bf86217e6017b 21002 -1 -2 3 4 5 -6 7 8 -9 -10 11 -12 -13 14 15 -16 -17 -18 -19 -20 21 22 23 24 -25 -26 27 28 29 30 -31 -32 33 -34 35 36
0x570fe8c046aa5c07 24754 -1 2 -3 -4 5 6 7 -8 -9 10 -11 12 13 -14 15 16 -17 -18 19 20 21 22 23 -24 -25 -26 27 28 -29 30 -31 32 -33 -34 -35 -36
0x6919d8052ddc9e9 24251 -1 2 -3 -4 5 6 7 -8 -9 10 -11 12 13 -14 15 -16 -17 -18 19 20 21 22 23 -24 -25 26 27 28 -29 30 -31 32 -33 34 -35 -36
0x9263958b12a0de70 26652 -1 2 -3 -4 5 6 7 -8 -9 10 -11 12 13 -14 15 -16 -17 -18 19 20 21 22 23 -24 -25 26 27 28 -29 30 31 32 -33 34 -35 -36
0xbc17c8068be15ec6 26652 -1 2 -3 -4 5 6 7 -8 -9 10 -11 12 13 -14 15 -16 -17 -18 19 20 21 22 23 -24 -25 26 27 28 -29 30 31 32 -33 34 -35 -36
0xa93049871d6ed51b 26652 -1 2 -3 -4 5 6 7 -8 -9 10 -11 12 13 -14 15 -16 -17 -18 19 20 21 22 23 -24 -25 26 27 28 -29 30 31 32 -33 34 -35 -36
0xee0f2ebca94dc42b 26652 -1 2 -3 -4 5 6 7 -8 -9 10 -11 12 13 -14 15 -16 -17 -18 19 20 21 22 23 -24 -25 26 27 28 -29 30 31 32 -33 34 -35 -36
0xfd424aa99d8c68d8 26652 -1 2 -3 -4 5 6 7 -8 -9 10 -11 12 13 -14 15 -16 -17 -18 19 20 21 22 23 -24 -25 26 27 28 -29 30 31 32 -33 34 -35 -36
0x7bc9c7988b6f70af 26652 -1 2 -3 -4 5 6 7 -8 -9 10 -11 12 13 -14 15 -16 -17 -18 19 20 21 22 23 -24 -25 26 27 28 -29 30 31 32 -33 34 -35 -36
0x1b7de32b47093c04 24251 -1 2 -3 -4 5 6 7 -8 -9 10 -11 12 13 -14 15 -16 -17 -18 19 20 21 22 23 -24 -25 26 27 28 -29 30 -31 32 -33 34 -35 -36
0x9484a1d3579c4b6d 26652 -1 2 -3 -4 5 6 7 -8 -9 10 -11 12 13 -14 15 -16 -17 -18 19 20 21 22 23 -24 -25 26 27 28 -29 30 31 32 -33 34 -35 -36
0xcaea525939b03d43 26226 -1 2 -3 -4 5 6 7 -8 -9 10 -11 12 13 -14 15 16 -17 -18 19 20 21 22 23 -24 -25 26 27 28 -29 30 -31 32 -33 -34 -35 -36
0xd8bae15a66df5b26 26652 -1 2 -3 -4 5 6 7 -8 -9 10 -11 12 13 -14 15 -16 -17 -18 19 20 21 22 23 -24 -25 26 27 28 -29 30 31 32 -33 34 -35 -36
0xe639fcc38fa2b777 21002 -1 -2 3 4 5 -6 7 8 -9 -10 11 -12 -13 14 15 -16 -17 -18 -19 -20 21 22 23 24 -25 -26 27 28 29 30 -31 -32 33 -34 35 36
0xa318075d43a2dadd 26226 -1 2 -3 -4 5 6 7 -8 -9 10 -11 12 13 -14 15 16 -17 -18 19 20 21 22 23 -24 -25 26 27 28 -29 30 -31 32 -33 -34 -35 -36
0xd4c1dc3b6d5301c3 26652 -1 2 -3 -4 5 6 7 -8 -9 10 -11 12 13 -14 15 -16 -17 -18 19 20 21 22 23 -24 -25 26 27 28 -29 30 31 32 -33 34 -35 -36
0xc729624a85dce9d7 26652 -1 2 -3 -4 5 6 7 -8 -9 10 -11 12 13 -14 15 -16 -17 -18 19 20 21 22 23 -24 -25 26 27 28 -29 30 31 32 -33 34 -35 -36
0x7ea4efcc3ea32f8b 26652 -1 2 -3 -4 5 6 7 -8 -9 10 -11 12 13 -14 15 -16 -17 -18 19 20 21 22 23 -24 -25 26 27 28 -29 30 31 32 -33 34 -35 -36
0x52c37dd18de03b96 26652 -1 2 -3 -4 5 6 7 -8 -9 10 -11 12 13 -14 15 -16 -17 -18 19 20 21 22 23 -24 -25 26 27 28 -29 30 31 32 -33 34 -35 -36
0x1b33abc59427c071 24754 -1 2 -3 -4 5 6 7 -8 -9 10 -11 12 13 -14 15 16 -17 -18 19 20 21 22 23 -24 -25 -26 27 28 -29 30 -31 32 -33 -34 -35 -36
0x511b92e2b0d0c7dc 26652 -1 2 -3 -4 5 6 7 -8 -9 10 -11 12 13 -14 15 -16 -17 -18 19 20 21 22 23 -24 -25 26 27 28 -29 30 31 32 -33 34 -35 -36