0x6d0b94078147e366 1905 1 2 -3 -4 -5 -6 7 8 9 10 11 -12 -13 14 15 -16 17 -18 19 20 -21 22 -23 24 -25 -26 27 28 -29 -30 31 32 -33 34 35 36
0xf489754cfb0dbce4 1905 1 2 -3 -4 -5 -6 7 8 9 10 11 -12 -13 14 15 -16 17 -18 19 20 -21 22 -23 24 -25 -26 27 28 -29 -30 31 32 -33 34 35 36
0x6d7a3d0c99ea6109 1905 1 2 -3 -4 -5 -6 7 8 9 10 11 -12 -13 14 15 -16 17 -18 19 20 -21 22 -23 24 -25 -26 27 28 -29 -30 31 32 -33 34 35 36
0x467402eb40a384c9 1905 1 2 -3 -4 -5 -6 7 8 9 10 11 -12 -13 14 15 -16 17 -18 19 20 -21 22 -23 24 -25 -26 27 28 -29 -30 31 32 -33 34 35 36
0x91895358546ba4b7 1905 1 2 -3 -4 -5 -6 7 8 9 10 11 -12 -13 14 15 -16 17 -18 19 20 -21 22 -23 24 -25 -26 27 28 -29 -30 31 32 -33 34 35 36
0xb7802cd5f43d683 1905 1 2 -3 -4 -5 -6 7 8 9 10 11 -12 -13 14 15 -16 17 -18 19 20 -21 22 -23 24 -25 -26 27 28 -29 -30 31 32 -33 34 35 36
0xf4bdb7f9ba53a7d4 1905 1 2 -3 -4 -5 -6 7 8 9 10 11 -12 -13 14 15 -16 17 -18 19 20 -21 22 -23 24 -25 -26 27 28 -29 -30 31 32 -33 34 35 36
0x95b5fcd354d6c8d7 1905 1 2 -3 -4 -5 -6 7 8 9 10 11 -12 -13 14 15 -16 17 -18 19 20 -21 22 -23 24 -25 -26 27 28 -29 -30 31 32 -33 34 35 36
0x307977236c3ce13 1905 1 2 -3 -4 -5 -6 7 8 9 10 11 -12 -13 14 15 -16 17 -18 19 20 -21 22 -23 24 -25 -26 27 28 -29 -30 31 32 -33 34 35 36
0x3a738f96091d6912 1905 1 2 -3 -4 -5 -6 7 8 9 10 11 -12 -13 14 15 -16 17 -18 19 20 -21 22 -23 24 -25 -26 27 28 -29 -30 31 32 -33 34 35 36
0xe5426ad779d16c9c 1905 1 2 -3 -4 -5 -6 7 8 9 10 11 -12 -13 14 15 -16 17 -18 19 20 -21 22 -23 24 -25 -26 27 28 -29 -30 31 32 -33 34 35 36
0x6bfa75bf2d46cb35 1905 1 2 -3 -4 -5 -6 7 8 9 10 11 -12 -13 14 15 -16 17 -18 19 20 -21 22 -23 24 -25 -26 27 28 -29 -30 31 32 -33 34 35 36
0xdc83ac228cfd0685 1905 1 2 -3 -4 -5 -6 7 8 9 10 11 -12 -13 14 15 -16 17 -18 19 20 -21 22 -23 24 -25 -26 27 28 -29 -30 31 32 -33 34 35 36
0xd07923c75bdef4fa 1905 1 2 -3 -4 -5 -6 7 8 9 10 11 -12 -13 14 15 -16 17 -18 19 20 -21 22 -23 24 -25 -26 27 28 -29 -30 31 32 -33 34 35 36
0xe1798175bbd2f3e6 1905 1 2 -3 -4 -5 -6 7 8 9 10 11 -12 -13 14 15 -16 17 -18 19 20 -21 22 -23 24 -25 -26 27 28 -29 -30 31 32 -33 34 35 36
0x3bf8454feee3e4ac 1905 1 2 -3 -4 -5 -6 7 8 9 10 11 -12 -13 14 15 -16 17 -18 19 20 -21 22 -23 24 -25 -26 27 28 -29 -30 31 32 -33 34 35 36
0x7e8f7d7fee0fcf59 1905 1 2 -3 -4 -5 -6 7 8 9 10 11 -12 -13 14 15 -16 17 -18 19 20 -21 22 -23 24 -25 -26 27 28 -29 -30 31 32 -33 34 35 36
0x8deb79e42e2d7313 1905 1 2 -3 -4 -5 -6 7 8 9 10 11 -12 -13 14 15 -16 17 -18 19 20 -21 22 -23 24 -25 -26 27 28 -29 -30 31 32 -33 34 35 36
0x5399bfd06ced8964 1905 1 2 -3 -4 -5 -6 7 8 9 10 11 -12 -13 14 15 -16 17 -18 19 20 -21 22 -23 24 -25 -26 27 28 -29 -30 31 32 -33 34 35 36
0xf852a988b180afb8 1905 1 2 -3 -4 -5 -6 7 8 9 10 11 -12 -13 14 15 -16 17 -18 19 20 -21 22 -23 24 -25 -26 27 28 -29 -30 31 32 -33 34 35 36
0x94aa55cc491a60e2 1905 1 2 -3 -4 -5 -6 7 8 9 10 11 -12 -13 14 15 -16 17 -18 19 20 -21 22 -23 24 -25 -26 27 28 -29 -30 31 32 -33 34 35 36
0xa2b6e74611c6fe96 1905 1 2 -3 -4 -5 -6 7 8 9 10 11 -12 -13 14 15 -16 17 -18 19 20 -21 22 -23 24 -25 -26 27 28 -29 -30 31 32 -33 34 35 36
0x58a6dc6452351152 1905 1 2 -3 -4 -5 -6 7 8 9 10 11 -12 -13 14 15 -16 17 -18 19 20 -21 22 -23 24 -25 -26 27 28 -29 -30 31 32 -33 34 35 36
0xfeb641be0c363b45 1905 1 2 -3 -4 -5 -6 7 8 9 10 11 -12 -13 14 15 -16 17 -18 19 20 -21 22 -23 24 -25 -26 27 28 -29 -30 31 32 -33 34 35 36
0xd203a6d10b07b41 1905 1 2 -3 -4 -5 -6 7 8 9 10 11 -12 -13 14 15 -16 17 -18 19 20 -21 22 -23 24 -25 -26 27 28 -29 -30 31 32 -33 34 35 36
0x59ba8c048b9f78ee 1905 1 2 -3 -4 -5 -6 7 8 9 10 11 -12 -13 14 15 -16 17 -18 19 20 -21 22 -23 24 -25 -26 27 28 -29 -30 31 32 -33 34 35 36
0x216ae41a26c73780 1905 1 2 -3 -4 -5 -6 7 8 9 10 11 -12 -13 14 15 -16 17 -18 19 20 -21 22 -23 24 -25 -26 27 28 -29 -30 31 32 -33 34 35 36
0x5bfc923c6542c7be 1905 1 2 -3 -4 -5 -6 7 8 9 10 11 -12 -13 14 15 -16 17 -18 19 20 -21 22 -23 24 -25 -26 27 28 -29 -30 31 32 -33 34 35 36
0x355924594121fca0 1905 1 2 -3 -4 -5 -6 7 8 9 10 11 -12 -13 14 15 -16 17 -18 19 20 -21 22 -23 24 -25 -26 27 28 -29 -30 31 32 -33 34 35 36
0x220fe5b11e4457ad 1905 1 2 -3 -4 -5 -6 7 8 9 10 11 -12 -13 14 15 -16 17 -18 19 20 -21 22 -23 24 -25 -26 27 28 -29 -30 31 32 -33 34 35 36