0x725c0ba1d4dd2a2c 26297 -1 2 -3 -4 -5 -6 7 8 9 10 -11 -12 13 14 15 16 17 18 -19 -20 -21 22 -23 -24 -25 26 27 -28 29 30 -31 32 -33 -34 35 -36
0x930ed11462a4ff8a 25848 -1 2 -3 -4 -5 -6 7 -8 9 10 -11 -12 13 14 15 16 17 18 -19 -20 -21 22 -23 -24 -25 26 27 -28 29 30 -31 32 -33 -34 35 -36
0xa342f5e12966fcc0 26297 -1 2 -3 -4 -5 -6 7 8 9 10 -11 -12 13 14 15 16 17 18 -19 -20 -21 22 -23 -24 -25 26 27 -28 29 30 -31 32 -33 -34 35 -36
0x162858a7c3e2f96a 25848 -1 2 -3 -4 -5 -6 7 -8 9 10 -11 -12 13 14 15 16 17 18 -19 -20 -21 22 -23 -24 -25 26 27 -28 29 30 -31 32 -33 -34 35 -36
0x3151f355c996451f 26297 -1 2 -3 -4 -5 -6 7 8 9 10 -11 -12 13 14 15 16 17 18 -19 -20 -21 22 -23 -24 -25 26 27 -28 29 30 -31 32 -33 -34 35 -36
0x67e4cb5260ad35cd 26297 -1 2 -3 -4 -5 -6 7 8 9 10 -11 -12 13 14 15 16 17 18 -19 -20 -21 22 -23 -24 -25 26 27 -28 29 30 -31 32 -33 -34 35 -36
0xc4f05632abf8fbe3 26297 -1 2 -3 -4 -5 -6 7 8 9 10 -11 -12 13 14 15 16 17 18 -19 -20 -21 22 -23 -24 -25 26 27 -28 29 30 -31 32 -33 -34 35 -36
0xfab7b49b945175a0 26297 -1 2 -3 -4 -5 -6 7 8 9 10 -11 -12 13 14 15 16 17 18 -19 -20 -21 22 -23 -24 -25 26 27 -28 29 30 -31 32 -33 -34 35 -36
0xcaa9e49b23e3da5b 26297 -1 2 -3 -4 -5 -6 7 8 9 10 -11 -12 13 14 15 16 17 18 -19 -20 -21 22 -23 -24 -25 26 27 -28 29 30 -31 32 -33 -34 35 -36
0xb2ecf6f415dae24d 26297 -1 2 -3 -4 -5 -6 7 8 9 10 -11 -12 13 14 15 16 17 18 -19 -20 -21 22 -23 -24 -25 26 27 -28 29 30 -31 32 -33 -34 35 -36
0x6a30b5dab12db93 26297 -1 2 -3 -4 -5 -6 7 8 9 10 -11 -12 13 14 15 16 17 18 -19 -20 -21 22 -23 -24 -25 26 27 -28 29 30 -31 32 -33 -34 35 -36
0x325b0002d5c163ae 26297 -1 2 -3 -4 -5 -6 7 8 9 10 -11 -12 13 14 15 16 17 18 -19 -20 -21 22 -23 -24 -25 26 27 -28 29 30 -31 32 -33 -34 35 -36
0xff1e7102e3f83105 26297 -1 2 -3 -4 -5 -6 7 8 9 10 -11 -12 13 14 15 16 17 18 -19 -20 -21 22 -23 -24 -25 26 27 -28 29 30 -31 32 -33 -34 35 -36
0xd8eb07efc8b8ec60 26297 -1 2 -3 -4 -5 -6 7 8 9 10 -11 -12 13 14 15 16 17 18 -19 -20 -21 22 -23 -24 -25 26 27 -28 29 30 -31 32 -33 -34 35 -36
0xe8a51b512d901a6d 25579 -1 2 -3 -4 -5 -6 7 8 9 10 -11 -12 13 14 15 16 17 18 -19 -20 -21 22 -23 -24 -25 26 27 -28 29 30 -31 32 -33 -34 -35 -36
0x14d19e2098ed153d 25130 -1 2 -3 -4 -5 -6 7 -8 9 10 -11 -12 13 14 15 16 17 18 -19 -20 -21 22 -23 -24 -25 26 27 -28 29 30 -31 32 -33 -34 -35 -36
0xb7a55f4f2fad15c5 26297 -1 2 -3 -4 -5 -6 7 8 9 10 -11 -12 13 14 15 16 17 18 -19 -20 -21 22 -23 -24 -25 26 27 -28 29 30 -31 32 -33 -34 35 -36
0xc9d2aa0e4f978ceb 26297 -1 2 -3 -4 -5 -6 7 8 9 10 -11 -12 13 14 15 16 17 18 -19 -20 -21 22 -23 -24 -25 26 27 -28 29 30 -31 32 -33 -34 35 -36
0xffe5d14382880f49 26297 -1 2 -3 -4 -5 -6 7 8 9 10 -11 -12 13 14 15 16 17 18 -19 -20 -21 22 -23 -24 -25 26 27 -28 29 30 -31 32 -33 -34 35 -36
0x3837072cd9290a23 26297 -1 2 -3 -4 -5 -6 7 8 9 10 -11 -12 13 14 15 16 17 18 -19 -20 -21 22 -23 -24 -25 26 27 -28 29 30 -31 32 -33 -34 35 -36
0xc6580ee96b427f75 26297 -1 2 -3 -4 -5 -6 7 8 9 10 -11 -12 13 14 15 16 17 18 -19 -20 -21 22 -23 -24 -25 26 27 -28 29 30 -31 32 -33 -34 35 -36
0x52d85cbf1af6d94c 25579 -1 2 -3 -4 -5 -6 7 8 9 10 -11 -12 13 14 15 16 17 18 -19 -20 -21 22 -23 -24 -25 26 27 -28 29 30 -31 32 -33 -34 -35 -36
0xfd86970881c8bd08 26297 -1 2 -3 -4 -5 -6 7 8 9 10 -11 -12 13 14 15 16 17 18 -19 -20 -21 22 -23 -24 -25 26 27 -28 29 30 -31 32 -33 -34 35 -36
0xf93a03db189b15a5 26297 -1 2 -3 -4 -5 -6 7 8 9 10 -11 -12 13 14 15 16 17 18 -19 -20 -21 22 -23 -24 -25 26 27 -28 29 30 -31 32 -33 -34 35 -36
0x2d880bbe551a8664 26297 -1 2 -3 -4 -5 -6 7 8 9 10 -11 -12 13 14 15 16 17 18 -19 -20 -21 22 -23 -24 -25 26 27 -28 29 30 -31 32 -33 -34 35 -36
0xea56406035be0d5c 26297 -1 2 -3 -4 -5 -6 7 8 9 10 -11 -12 13 14 15 16 17 18 -19 -20 -21 22 -23 -24 -25 26 27 -28 29 30 -31 32 -33 -34 35 -36
0x52963944f2430f62 25848 -1 2 -3 -4 -5 -6 7 -8 9 10 -11 -12 13 14 15 16 17 18 -19 -20 -21 22 -23 -24 -25 26 27 -28 29 30 -31 32 -33 -34 35 -36
0xed3c37a845f0eaec 26297 -1 2 -3 -4 -5 -6 7 8 9 10 -11 -12 13 14 15 16 17 18 -19 -20 -21 22 -23 -24 -25 26 27 -28 29 30 -31 32 -33 -34 35 -36
0xdd929df3927fd997 26297 -1 2 -3 -4 -5 -6 7 8 9 10 -11 -12 13 14 15 16 17 18 -19 -20 -21 22 -23 -24 -25 26 27 -28 29 30 -31 32 -33 -34 35 -36
0x7d3db74ac2f1e1a0 26297 -1 2 -3 -4 -5 -6 7 8 9 10 -11 -12 13 14 15 16 17 18 -19 -20 -21 22 -23 -24 -25 26 27 -28 29 30 -31 32 -33 -34 35 -36