0xa0d1af9c859d7487 38348 1 2 3 4 5 6 7 -8 -9 10 11 -12 13 14 15 16 -17 18 19 20 21 -22 23 24 25 26 27 28 -29 30 31 32 33 -34 35 36
0xf39cb724c0fda16a 38348 1 2 3 4 5 6 7 -8 -9 10 11 -12 13 14 15 16 -17 18 19 20 21 -22 23 24 25 26 27 28 -29 30 31 32 33 -34 35 36
0xcae99ababe85ea5d 38348 1 2 3 4 5 6 7 -8 -9 10 11 -12 13 14 15 16 -17 18 19 20 21 -22 23 24 25 26 27 28 -29 30 31 32 33 -34 35 36
0x2e6dd3d028f80742 38348 1 2 3 4 5 6 7 -8 -9 10 11 -12 13 14 15 16 -17 18 19 20 21 -22 23 24 25 26 27 28 -29 30 31 32 33 -34 35 36
0x6bcf60a5d544b641 38348 1 2 3 4 5 6 7 -8 -9 10 11 -12 13 14 15 16 -17 18 19 20 21 -22 23 24 25 26 27 28 -29 30 31 32 33 -34 35 36
0x4ab287d5840cf944 38348 1 2 3 4 5 6 7 -8 -9 10 11 -12 13 14 15 16 -17 18 19 20 21 -22 23 24 25 26 27 28 -29 30 31 32 33 -34 35 36
0xb8806bcc67b3e378 38348 1 2 3 4 5 6 7 -8 -9 10 11 -12 13 14 15 16 -17 18 19 20 21 -22 23 24 25 26 27 28 -29 30 31 32 33 -34 35 36
0x2846e470446f6d0 38348 1 2 3 4 5 6 7 -8 -9 10 11 -12 13 14 15 16 -17 18 19 20 21 -22 23 24 25 26 27 28 -29 30 31 32 33 -34 35 36
0x7e3e63db2ec31183 38348 1 2 3 4 5 6 7 -8 -9 10 11 -12 13 14 15 16 -17 18 19 20 21 -22 23 24 25 26 27 28 -29 30 31 32 33 -34 35 36
0x1079771797beb8b 38348 1 2 3 4 5 6 7 -8 -9 10 11 -12 13 14 15 16 -17 18 19 20 21 -22 23 24 25 26 27 28 -29 30 31 32 33 -34 35 36
0xc1689dc43bac2426 38348 1 2 3 4 5 6 7 -8 -9 10 11 -12 13 14 15 16 -17 18 19 20 21 -22 23 24 25 26 27 28 -29 30 31 32 33 -34 35 36
0x25d5f9b8c765e841 38348 1 2 3 4 5 6 7 -8 -9 10 11 -12 13 14 15 16 -17 18 19 20 21 -22 23 24 25 26 27 28 -29 30 31 32 33 -34 35 36
0xbfb3344b5c8b8301 38348 1 2 3 4 5 6 7 -8 -9 10 11 -12 13 14 15 16 -17 18 19 20 21 -22 23 24 25 26 27 28 -29 30 31 32 33 -34 35 36
0x4592737660e1949b 38348 1 2 3 4 5 6 7 -8 -9 10 11 -12 13 14 15 16 -17 18 19 20 21 -22 23 24 25 26 27 28 -29 30 31 32 33 -34 35 36
0x40131fa9c26b7e5e 38348 1 2 3 4 5 6 7 -8 -9 10 11 -12 13 14 15 16 -17 18 19 20 21 -22 23 24 25 26 27 28 -29 30 31 32 33 -34 35 36
0xc4056f8e292725bd 38348 1 2 3 4 5 6 7 -8 -9 10 11 -12 13 14 15 16 -17 18 19 20 21 -22 23 24 25 26 27 28 -29 30 31 32 33 -34 35 36
0x6da40f7a251645d0 38348 1 2 3 4 5 6 7 -8 -9 10 11 -12 13 14 15 16 -17 18 19 20 21 -22 23 24 25 26 27 28 -29 30 31 32 33 -34 35 36
0x998018f99513d0d1 38348 1 2 3 4 5 6 7 -8 -9 10 11 -12 13 14 15 16 -17 18 19 20 21 -22 23 24 25 26 27 28 -29 30 31 32 33 -34 35 36
0x7e489f9582655a59 38348 1 2 3 4 5 6 7 -8 -9 10 11 -12 13 14 15 16 -17 18 19 20 21 -22 23 24 25 26 27 28 -29 30 31 32 33 -34 35 36
0x159b003876000134 38348 1 2 3 4 5 6 7 -8 -9 10 11 -12 13 14 15 16 -17 18 19 20 21 -22 23 24 25 26 27 28 -29 30 31 32 33 -34 35 36
0xe96b0cf053323de9 38348 1 2 3 4 5 6 7 -8 -9 10 11 -12 13 14 15 16 -17 18 19 20 21 -22 23 24 25 26 27 28 -29 30 31 32 33 -34 35 36
0xd941d5f7af604535 38348 1 2 3 4 5 6 7 -8 -9 10 11 -12 13 14 15 16 -17 18 19 20 21 -22 23 24 25 26 27 28 -29 30 31 32 33 -34 35 36
0xb7a1c24dacc28b9 38348 1 2 3 4 5 6 7 -8 -9 10 11 -12 13 14 15 16 -17 18 19 20 21 -22 23 24 25 26 27 28 -29 30 31 32 33 -34 35 36
0x84e37fa9498fe823 38348 1 2 3 4 5 6 7 -8 -9 10 11 -12 13 14 15 16 -17 18 19 20 21 -22 23 24 25 26 27 28 -29 30 31 32 33 -34 35 36
0x575bb8bb52a44e4a 38348 1 2 3 4 5 6 7 -8 -9 10 11 -12 13 14 15 16 -17 18 19 20 21 -22 23 24 25 26 27 28 -29 30 31 32 33 -34 35 36
0x244d9f4a02d835fe 38348 1 2 3 4 5 6 7 -8 -9 10 11 -12 13 14 15 16 -17 18 19 20 21 -22 23 24 25 26 27 28 -29 30 31 32 33 -34 35 36
0xe2ba297ca6f80e32 38348 1 2 3 4 5 6 7 -8 -9 10 11 -12 13 14 15 16 -17 18 19 20 21 -22 23 24 25 26 27 28 -29 30 31 32 33 -34 35 36
0xf240132c308d2b7e 38348 1 2 3 4 5 6 7 -8 -9 10 11 -12 13 14 15 16 -17 18 19 20 21 -22 23 24 25 26 27 28 -29 30 31 32 33 -34 35 36
0x5715d5637da9299e 38348 1 2 3 4 5 6 7 -8 -9 10 11 -12 13 14 15 16 -17 18 19 20 21 -22 23 24 25 26 27 28 -29 30 31 32 33 -34 35 36
0x20a3ede38ed35cef 38348 1 2 3 4 5 6 7 -8 -9 10 11 -12 13 14 15 16 -17 18 19 20 21 -22 23 24 25 26 27 28 -29 30 31 32 33 -34 35 36