0xb648134fa0c4f25a 22064 1 -2 3 4 5 -6 -7 8 9 10 11 -12 13 14 15 16 17 18 -19 -20 21 -22 -23 24 -25 26 27 28 -29 -30 31 32 33 34 35 36
0xdfca8217ab155757 19364 1 -2 3 4 5 -6 -7 8 9 10 11 -12 13 14 15 16 17 18 -19 -20 21 -22 -23 24 -25 26 -27 28 -29 -30 31 32 33 34 35 36
0x23977ad4cc351ab1 19364 1 -2 3 4 5 -6 -7 8 9 10 11 -12 13 14 15 16 17 18 -19 -20 21 -22 -23 24 -25 26 -27 28 -29 -30 31 32 33 34 35 36
0xe957b0d6eb399e0b 22064 1 -2 3 4 5 -6 -7 8 9 10 11 -12 13 14 15 16 17 18 -19 -20 21 -22 -23 24 -25 26 27 28 -29 -30 31 32 33 34 35 36
0x73b1391e2010cf48 22064 1 -2 3 4 5 -6 -7 8 9 10 11 -12 13 14 15 16 17 18 -19 -20 21 -22 -23 24 -25 26 27 28 -29 -30 31 32 33 34 35 36
0x67731dc856d66df4 16214 1 -2 3 4 5 -6 -7 8 9 10 11 -12 13 14 15 16 17 18 -19 -20 21 -22 -23 24 -25 26 -27 28 -29 -30 31 32 33 -34 35 36
0x808863a4abbdb03d 19364 1 -2 3 4 5 -6 -7 8 9 10 11 -12 13 14 15 16 17 18 -19 -20 21 -22 -23 24 -25 26 -27 28 -29 -30 31 32 33 34 35 36
0x1942e1b8ed8c0478 18914 1 -2 3 4 5 -6 -7 8 9 10 11 -12 13 14 15 16 17 18 -19 -20 21 -22 -23 24 -25 26 27 28 -29 -30 31 32 33 -34 35 36
0x9e7a68bf7659e29c 22064 1 -2 3 4 5 -6 -7 8 9 10 11 -12 13 14 15 16 17 18 -19 -20 21 -22 -23 24 -25 26 27 28 -29 -30 31 32 33 34 35 36
0x98ee3aa1e56fadc4 22064 1 -2 3 4 5 -6 -7 8 9 10 11 -12 13 14 15 16 17 18 -19 -20 21 -22 -23 24 -25 26 27 28 -29 -30 31 32 33 34 35 36
0xbb96d2039b54a5af 19364 1 -2 3 4 5 -6 -7 8 9 10 11 -12 13 14 15 16 17 18 -19 -20 21 -22 -23 24 -25 26 -27 28 -29 -30 31 32 33 34 35 36
0x2dbdf8e39a73df58 22064 1 -2 3 4 5 -6 -7 8 9 10 11 -12 13 14 15 16 17 18 -19 -20 21 -22 -23 24 -25 26 27 28 -29 -30 31 32 33 34 35 36
0xed098bb389cbf365 22064 1 -2 3 4 5 -6 -7 8 9 10 11 -12 13 14 15 16 17 18 -19 -20 21 -22 -23 24 -25 26 27 28 -29 -30 31 32 33 34 35 36
0x64b2e7fe9d513f30 22064 1 -2 3 4 5 -6 -7 8 9 10 11 -12 13 14 15 16 17 18 -19 -20 21 -22 -23 24 -25 26 27 28 -29 -30 31 32 33 34 35 36
0x5e2f1ce29b8ea0c8 22064 1 -2 3 4 5 -6 -7 8 9 10 11 -12 13 14 15 16 17 18 -19 -20 21 -22 -23 24 -25 26 27 28 -29 -30 31 32 33 34 35 36
0x96df387c9f9ad996 22064 1 -2 3 4 5 -6 -7 8 9 10 11 -12 13 14 15 16 17 18 -19 -20 21 -22 -23 24 -25 26 27 28 -29 -30 31 32 33 34 35 36
0xefe96a83e9802149 22064 1 -2 3 4 5 -6 -7 8 9 10 11 -12 13 14 15 16 17 18 -19 -20 21 -22 -23 24 -25 26 27 28 -29 -30 31 32 33 34 35 36
0x1536f7c219b8a118 22064 1 -2 3 4 5 -6 -7 8 9 10 11 -12 13 14 15 16 17 18 -19 -20 21 -22 -23 24 -25 26 27 28 -29 -30 31 32 33 34 35 36
0x51f89cdfc4c092fc 22064 1 -2 3 4 5 -6 -7 8 9 10 11 -12 13 14 15 16 17 18 -19 -20 21 -22 -23 24 -25 26 27 28 -29 -30 31 32 33 34 35 36
0xf9f9bbc4201e55ce 22064 1 -2 3 4 5 -6 -7 8 9 10 11 -12 13 14 15 16 17 18 -19 -20 21 -22 -23 24 -25 26 27 28 -29 -30 31 32 33 34 35 36
0x711a23c016f46859 22064 1 -2 3 4 5 -6 -7 8 9 10 11 -12 13 14 15 16 17 18 -19 -20 21 -22 -23 24 -25 26 27 28 -29 -30 31 32 33 34 35 36
0xf127d4237c4fdc72 18914 1 -2 3 4 5 -6 -7 8 9 10 11 -12 13 14 15 16 17 18 -19 -20 21 -22 -23 24 -25 26 27 28 -29 -30 31 32 33 -34 35 36
0xe6d4bbaeee5cf051 22064 1 -2 3 4 5 -6 -7 8 9 10 11 -12 13 14 15 16 17 18 -19 -20 21 -22 -23 24 -25 26 27 28 -29 -30 31 32 33 34 35 36
0xffd0181bad01b815 17565 1 -2 3 4 5 -6 -7 -8 9 10 11 -12 13 14 15 16 17 -18 -19 -20 21 -22 -23 24 -25 26 27 28 -29 -30 31 32 33 34 35 36
0x82ef25957addd73e 22064 1 -2 3 4 5 -6 -7 8 9 10 11 -12 13 14 15 16 17 18 -19 -20 21 -22 -23 24 -25 26 27 28 -29 -30 31 32 33 34 35 36
0x83f31e3816254a32 22064 1 -2 3 4 5 -6 -7 8 9 10 11 -12 13 14 15 16 17 18 -19 -20 21 -22 -23 24 -25 26 27 28 -29 -30 31 32 33 34 35 36
0xd7ba8998c90c3fba 22064 1 -2 3 4 5 -6 -7 8 9 10 11 -12 13 14 15 16 17 18 -19 -20 21 -22 -23 24 -25 26 27 28 -29 -30 31 32 33 34 35 36
0x78ebdc3c9bba0285 19364 1 -2 3 4 5 -6 -7 8 9 10 11 -12 13 14 15 16 17 18 -19 -20 21 -22 -23 24 -25 26 -27 28 -29 -30 31 32 33 34 35 36
0xa038e2a2390fe214 22064 1 -2 3 4 5 -6 -7 8 9 10 11 -12 13 14 15 16 17 18 -19 -20 21 -22 -23 24 -25 26 27 28 -29 -30 31 32 33 34 35 36
0x90a14ff667e77c0 22064 1 -2 3 4 5 -6 -7 8 9 10 11 -12 13 14 15 16 17 18 -19 -20 21 -22 -23 24 -25 26 27 28 -29 -30 31 32 33 34 35 36