0x14dbb2da4a5ffb99 24504 -1 -2 -3 4 5 6 -7 8 -9 10 -11 12 13 -14 -15 -16 -17 18 19 20 -21 22 -23 24 -25 -26 27 28 29 -30 -31 -32 33 -34 -35 36
0x2dbbf9e2d687d254 24504 -1 -2 -3 4 5 6 -7 8 -9 10 -11 12 13 -14 -15 -16 -17 18 19 20 -21 22 -23 24 -25 -26 27 28 29 -30 -31 -32 33 -34 -35 36
0x44cd169e48f1e32d 24504 -1 -2 -3 4 5 6 -7 8 -9 10 -11 12 13 -14 -15 -16 -17 18 19 20 -21 22 -23 24 -25 -26 27 28 29 -30 -31 -32 33 -34 -35 36
0xb5871d99d140e5cb 23631 -1 -2 -3 4 5 6 -7 8 -9 10 -11 12 -13 -14 -15 -16 17 18 19 20 -21 22 -23 -24 -25 -26 27 28 29 30 -31 32 -33 -34 -35 36
0x106d617514b4f3af 24504 -1 -2 -3 4 5 6 -7 8 -9 10 -11 12 13 -14 -15 -16 -17 18 19 20 -21 22 -23 24 -25 -26 27 28 29 -30 -31 -32 33 -34 -35 36
0xea84d90c90c1280e 24504 -1 -2 -3 4 5 6 -7 8 -9 10 -11 12 13 -14 -15 -16 -17 18 19 20 -21 22 -23 24 -25 -26 27 28 29 -30 -31 -32 33 -34 -35 36
0xeac255d54ded4259 24504 -1 -2 -3 4 5 6 -7 8 -9 10 -11 12 13 -14 -15 -16 -17 18 19 20 -21 22 -23 24 -25 -26 27 28 29 -30 -31 -32 33 -34 -35 36
0x48566e3f233b06ba 24504 -1 -2 -3 4 5 6 -7 8 -9 10 -11 12 13 -14 -15 -16 -17 18 19 20 -21 22 -23 24 -25 -26 27 28 29 -30 -31 -32 33 -34 -35 36
0xc3f119b1dcf3b93d 24504 -1 -2 -3 4 5 6 -7 8 -9 10 -11 12 13 -14 -15 -16 -17 18 19 20 -21 22 -23 24 -25 -26 27 28 29 -30 -31 -32 33 -34 -35 36
0x7c932008ce019755 24504 -1 -2 -3 4 5 6 -7 8 -9 10 -11 12 13 -14 -15 -16 -17 18 19 20 -21 22 -23 24 -25 -26 27 28 29 -30 -31 -32 33 -34 -35 36
0x604d9129a8c6156 24504 -1 -2 -3 4 5 6 -7 8 -9 10 -11 12 13 -14 -15 -16 -17 18 19 20 -21 22 -23 24 -25 -26 27 28 29 -30 -31 -32 33 -34 -35 36
0x30c03c11ea8ef3fa 24504 -1 -2 -3 4 5 6 -7 8 -9 10 -11 12 13 -14 -15 -16 -17 18 19 20 -21 22 -23 24 -25 -26 27 28 29 -30 -31 -32 33 -34 -35 36
0xde5c3f3f5d5bf1de 24504 -1 -2 -3 4 5 6 -7 8 -9 10 -11 12 13 -14 -15 -16 -17 18 19 20 -21 22 -23 24 -25 -26 27 28 29 -30 -31 -32 33 -34 -35 36
0xa0c78742d9477d04 24504 -1 -2 -3 4 5 6 -7 8 -9 10 -11 12 13 -14 -15 -16 -17 18 19 20 -21 22 -23 24 -25 -26 27 28 29 -30 -31 -32 33 -34 -35 36
0xbde066bd2cec0051 24504 -1 -2 -3 4 5 6 -7 8 -9 10 -11 12 13 -14 -15 -16 -17 18 19 20 -21 22 -23 24 -25 -26 27 28 29 -30 -31 -32 33 -34 -35 36
0x5a02551d826b90f0 24504 -1 -2 -3 4 5 6 -7 8 -9 10 -11 12 13 -14 -15 -16 -17 18 19 20 -21 22 -23 24 -25 -26 27 28 29 -30 -31 -32 33 -34 -35 36
0xf56d7ea8fd620cfe 24504 -1 -2 -3 4 5 6 -7 8 -9 10 -11 12 13 -14 -15 -16 -17 18 19 20 -21 22 -23 24 -25 -26 27 28 29 -30 -31 -32 33 -34 -35 36
0x2930a543f40a1bc3 24504 -1 -2 -3 4 5 6 -7 8 -9 10 -11 12 13 -14 -15 -16 -17 18 19 20 -21 22 -23 24 -25 -26 27 28 29 -30 -31 -32 33 -34 -35 36
0xeb6dea4aa9d6fc9f 24504 -1 -2 -3 4 5 6 -7 8 -9 10 -11 12 13 -14 -15 -16 -17 18 19 20 -21 22 -23 24 -25 -26 27 28 29 -30 -31 -32 33 -34 -35 36
0x7dfcedf11468bd44 24504 -1 -2 -3 4 5 6 -7 8 -9 10 -11 12 13 -14 -15 -16 -17 18 19 20 -21 22 -23 24 -25 -26 27 28 29 -30 -31 -32 33 -34 -35 36
0x45d422057dd5645f 24504 -1 -2 -3 4 5 6 -7 8 -9 10 -11 12 13 -14 -15 -16 -17 18 19 20 -21 22 -23 24 -25 -26 27 28 29 -30 -31 -32 33 -34 -35 36
0x306dafe8b39a34bf 24504 -1 -2 -3 4 5 6 -7 8 -9 10 -11 12 13 -14 -15 -16 -17 18 19 20 -21 22 -23 24 -25 -26 27 28 29 -30 -31 -32 33 -34 -35 36
0xbcd343ae1f3b1ad3 24504 -1 -2 -3 4 5 6 -7 8 -9 10 -11 12 13 -14 -15 -16 -17 18 19 20 -21 22 -23 24 -25 -26 27 28 29 -30 -31 -32 33 -34 -35 36
0x6369e0aa1d0be685 24504 -1 -2 -3 4 5 6 -7 8 -9 10 -11 12 13 -14 -15 -16 -17 18 19 20 -21 22 -23 24 -25 -26 27 28 29 -30 -31 -32 33 -34 -35 36
0x12ecac08b2495316 24504 -1 -2 -3 4 5 6 -7 8 -9 10 -11 12 13 -14 -15 -16 -17 18 19 20 -21 22 -23 24 -25 -26 27 28 29 -30 -31 -32 33 -34 -35 36
0xf56d73bd02a66bf5 24504 -1 -2 -3 4 5 6 -7 8 -9 10 -11 12 13 -14 -15 -16 -17 18 19 20 -21 22 -23 24 -25 -26 27 28 29 -30 -31 -32 33 -34 -35 36
0x28118fc4aa623f7a 24504 -1 -2 -3 4 5 6 -7 8 -9 10 -11 12 13 -14 -15 -16 -17 18 19 20 -21 22 -23 24 -25 -26 27 28 29 -30 -31 -32 33 -34 -35 36
0x81c0103273093481 24504 -1 -2 -3 4 5 6 -7 8 -9 10 -11 12 13 -14 -15 -16 -17 18 19 20 -21 22 -23 24 -25 -26 27 28 29 -30 -31 -32 33 -34 -35 36
0xd37f8aa22615feb 24504 -1 -2 -3 4 5 6 -7 8 -9 10 -11 12 13 -14 -15 -16 -17 18 19 20 -21 22 -23 24 -25 -26 27 28 29 -30 -31 -32 33 -34 -35 36
0x5d444be6b0e86a1b 24504 -1 -2 -3 4 5 6 -7 8 -9 10 -11 12 13 -14 -15 -16 -17 18 19 20 -21 22 -23 24 -25 -26 27 28 29 -30 -31 -32 33 -34 -35 36