0xeddcf01a5b3d76d 64752 1 -2 3 -4 5 6 7 -8 9 -10 -11 12 13 14 15 16 -17 18 19 -20 -21 22 -23 -24 25 26 27 28 -29 30 -31 -32 33 34 35 36
0xf77d981ffb9c6f04 64752 1 -2 3 -4 5 6 7 -8 9 -10 -11 12 13 14 15 16 -17 18 19 -20 -21 22 -23 -24 25 26 27 28 -29 30 -31 -32 33 34 35 36
0x9c3ae4e3979f5d90 64752 1 -2 3 -4 5 6 7 -8 9 -10 -11 12 13 14 15 16 -17 18 19 -20 -21 22 -23 -24 25 26 27 28 -29 30 -31 -32 33 34 35 36
0xa8d7ae3da14a8ae2 64752 1 -2 3 -4 5 6 7 -8 9 -10 -11 12 13 14 15 16 -17 18 19 -20 -21 22 -23 -24 25 26 27 28 -29 30 -31 -32 33 34 35 36
0x23216b535a6352eb 64752 1 -2 3 -4 5 6 7 -8 9 -10 -11 12 13 14 15 16 -17 18 19 -20 -21 22 -23 -24 25 26 27 28 -29 30 -31 -32 33 34 35 36
0x1dce2e6f742d750c 64752 1 -2 3 -4 5 6 7 -8 9 -10 -11 12 13 14 15 16 -17 18 19 -20 -21 22 -23 -24 25 26 27 28 -29 30 -31 -32 33 34 35 36
0x201c95c897659793 64752 1 -2 3 -4 5 6 7 -8 9 -10 -11 12 13 14 15 16 -17 18 19 -20 -21 22 -23 -24 25 26 27 28 -29 30 -31 -32 33 34 35 36
0xe2630962e149b2aa 64752 1 -2 3 -4 5 6 7 -8 9 -10 -11 12 13 14 15 16 -17 18 19 -20 -21 22 -23 -24 25 26 27 28 -29 30 -31 -32 33 34 35 36
0x688c072ee513358c 64752 1 -2 3 -4 5 6 7 -8 9 -10 -11 12 13 14 15 16 -17 18 19 -20 -21 22 -23 -24 25 26 27 28 -29 30 -31 -32 33 34 35 36
0x494c14b28d3fc179 64752 1 -2 3 -4 5 6 7 -8 9 -10 -11 12 13 14 15 16 -17 18 19 -20 -21 22 -23 -24 25 26 27 28 -29 30 -31 -32 33 34 35 36
0x58514a88e3248f37 64752 1 -2 3 -4 5 6 7 -8 9 -10 -11 12 13 14 15 16 -17 18 19 -20 -21 22 -23 -24 25 26 27 28 -29 30 -31 -32 33 34 35 36
0x99deafdeb649648c 64752 1 -2 3 -4 5 6 7 -8 9 -10 -11 12 13 14 15 16 -17 18 19 -20 -21 22 -23 -24 25 26 27 28 -29 30 -31 -32 33 34 35 36
0x649165f63c7119c6 64752 1 -2 3 -4 5 6 7 -8 9 -10 -11 12 13 14 15 16 -17 18 19 -20 -21 22 -23 -24 25 26 27 28 -29 30 -31 -32 33 34 35 36
0xcb4da3a4ef75af36 64752 1 -2 3 -4 5 6 7 -8 9 -10 -11 12 13 14 15 16 -17 18 19 -20 -21 22 -23 -24 25 26 27 28 -29 30 -31 -32 33 34 35 36
0xd69180d5f25df2ae 64752 1 -2 3 -4 5 6 7 -8 9 -10 -11 12 13 14 15 16 -17 18 19 -20 -21 22 -23 -24 25 26 27 28 -29 30 -31 -32 33 34 35 36
0xb9ab92052352b509 64752 1 -2 3 -4 5 6 7 -8 9 -10 -11 12 13 14 15 16 -17 18 19 -20 -21 22 -23 -24 25 26 27 28 -29 30 -31 -32 33 34 35 36
0xd9353c5b4598fa1 64752 1 -2 3 -4 5 6 7 -8 9 -10 -11 12 13 14 15 16 -17 18 19 -20 -21 22 -23 -24 25 26 27 28 -29 30 -31 -32 33 34 35 36
0x3061663db0fb39d8 64752 1 -2 3 -4 5 6 7 -8 9 -10 -11 12 13 14 15 16 -17 18 19 -20 -21 22 -23 -24 25 26 27 28 -29 30 -31 -32 33 34 35 36
0x35a598a73b3b6e92 64752 1 -2 3 -4 5 6 7 -8 9 -10 -11 12 13 14 15 16 -17 18 19 -20 -21 22 -23 -24 25 26 27 28 -29 30 -31 -32 33 34 35 36
0x5918c4ce868861b8 64752 1 -2 3 -4 5 6 7 -8 9 -10 -11 12 13 14 15 16 -17 18 19 -20 -21 22 -23 -24 25 26 27 28 -29 30 -31 -32 33 34 35 36
0xa2687a96ab87c5b5 64752 1 -2 3 -4 5 6 7 -8 9 -10 -11 12 13 14 15 16 -17 18 19 -20 -21 22 -23 -24 25 26 27 28 -29 30 -31 -32 33 34 35 36
0x5e1a7b765be760fa 64752 1 -2 3 -4 5 6 7 -8 9 -10 -11 12 13 14 15 16 -17 18 19 -20 -21 22 -23 -24 25 26 27 28 -29 30 -31 -32 33 34 35 36
0x3cc605f64197337b 64752 1 -2 3 -4 5 6 7 -8 9 -10 -11 12 13 14 15 16 -17 18 19 -20 -21 22 -23 -24 25 26 27 28 -29 30 -31 -32 33 34 35 36
0x4f20f13371132c31 64752 1 -2 3 -4 5 6 7 -8 9 -10 -11 12 13 14 15 16 -17 18 19 -20 -21 22 -23 -24 25 26 27 28 -29 30 -31 -32 33 34 35 36
0xb29e9860caa26e99 64752 1 -2 3 -4 5 6 7 -8 9 -10 -11 12 13 14 15 16 -17 18 19 -20 -21 22 -23 -24 25 26 27 28 -29 30 -31 -32 33 34 35 36
0x979e964572b22832 64752 1 -2 3 -4 5 6 7 -8 9 -10 -11 12 13 14 15 16 -17 18 19 -20 -21 22 -23 -24 25 26 27 28 -29 30 -31 -32 33 34 35 36
0x576950b8adb1f600 64752 1 -2 3 -4 5 6 7 -8 9 -10 -11 12 13 14 15 16 -17 18 19 -20 -21 22 -23 -24 25 26 27 28 -29 30 -31 -32 33 34 35 36
0xb6bf4c19648bf5b2 64752 1 -2 3 -4 5 6 7 -8 9 -10 -11 12 13 14 15 16 -17 18 19 -20 -21 22 -23 -24 25 26 27 28 -29 30 -31 -32 33 34 35 36
0x83c3b6f6eecc27f5 64752 1 -2 3 -4 5 6 7 -8 9 -10 -11 12 13 14 15 16 -17 18 19 -20 -21 22 -23 -24 25 26 27 28 -29 30 -31 -32 33 34 35 36
0x22dd06fa12be3cb0 64752 1 -2 3 -4 5 6 7 -8 9 -10 -11 12 13 14 15 16 -17 18 19 -20 -21 22 -23 -24 25 26 27 28 -29 30 -31 -32 33 34 35 36