0x787f69b9538e5059 29998 1 -2 -3 -4 -5 6 7 -8 9 10 11 -12 -13 -14 15 -16 -17 18 -19 20 -21 -22 23 24 25 26 27 -28 -29 30 -31 -32 33 34 35 36
0xce94f7aba9bc7aae 29998 1 -2 -3 -4 -5 6 7 -8 9 10 11 -12 -13 -14 15 -16 -17 18 -19 20 -21 -22 23 24 25 26 27 -28 -29 30 -31 -32 33 34 35 36
0x9b21d8732e284765 29998 1 -2 -3 -4 -5 6 7 -8 9 10 11 -12 -13 -14 15 -16 -17 18 -19 20 -21 -22 23 24 25 26 27 -28 -29 30 -31 -32 33 34 35 36
0x9c428f9c6257e44d 29998 1 -2 -3 -4 -5 6 7 -8 9 10 11 -12 -13 -14 15 -16 -17 18 -19 20 -21 -22 23 24 25 26 27 -28 -29 30 -31 -32 33 34 35 36
0xd5386c03909989f9 29998 1 -2 -3 -4 -5 6 7 -8 9 10 11 -12 -13 -14 15 -16 -17 18 -19 20 -21 -22 23 24 25 26 27 -28 -29 30 -31 -32 33 34 35 36
0x921c3b61665ee93d 29998 1 -2 -3 -4 -5 6 7 -8 9 10 11 -12 -13 -14 15 -16 -17 18 -19 20 -21 -22 23 24 25 26 27 -28 -29 30 -31 -32 33 34 35 36
0xb393cdba7eab28b6 29998 1 -2 -3 -4 -5 6 7 -8 9 10 11 -12 -13 -14 15 -16 -17 18 -19 20 -21 -22 23 24 25 26 27 -28 -29 30 -31 -32 33 34 35 36
0x4ee848eb94997242 29998 1 -2 -3 -4 -5 6 7 -8 9 10 11 -12 -13 -14 15 -16 -17 18 -19 20 -21 -22 23 24 25 26 27 -28 -29 30 -31 -32 33 34 35 36
0x601b4c250e421082 29451 -1 2 3 4 -5 6 7 -8 -9 10 11 -12 -13 -14 15 -16 17 18 -19 20 -21 -22 -23 24 -25 26 27 28 29 -30 31 -32 33 -34 35 36
0x5826e1f340bffd07 29998 1 -2 -3 -4 -5 6 7 -8 9 10 11 -12 -13 -14 15 -16 -17 18 -19 20 -21 -22 23 24 25 26 27 -28 -29 30 -31 -32 33 34 35 36
0x8e3487cfa7e65539 29998 1 -2 -3 -4 -5 6 7 -8 9 10 11 -12 -13 -14 15 -16 -17 18 -19 20 -21 -22 23 24 25 26 27 -28 -29 30 -31 -32 33 34 35 36
0x1c09871afb0b1dbb 29451 -1 2 3 4 -5 6 7 -8 -9 10 11 -12 -13 -14 15 -16 17 18 -19 20 -21 -22 -23 24 -25 26 27 28 29 -30 31 -32 33 -34 35 36
0x75991696b3b009a1 29998 1 -2 -3 -4 -5 6 7 -8 9 10 11 -12 -13 -14 15 -16 -17 18 -19 20 -21 -22 23 24 25 26 27 -28 -29 30 -31 -32 33 34 35 36
0x36560ebdf1e65da1 29998 1 -2 -3 -4 -5 6 7 -8 9 10 11 -12 -13 -14 15 -16 -17 18 -19 20 -21 -22 23 24 25 26 27 -28 -29 30 -31 -32 33 34 35 36
0x301b613bdaa6d198 29998 1 -2 -3 -4 -5 6 7 -8 9 10 11 -12 -13 -14 15 -16 -17 18 -19 20 -21 -22 23 24 25 26 27 -28 -29 30 -31 -32 33 34 35 36
0xb0a4e073997b8204 29998 1 -2 -3 -4 -5 6 7 -8 9 10 11 -12 -13 -14 15 -16 -17 18 -19 20 -21 -22 23 24 25 26 27 -28 -29 30 -31 -32 33 34 35 36
0x688656f860d1f189 29998 1 -2 -3 -4 -5 6 7 -8 9 10 11 -12 -13 -14 15 -16 -17 18 -19 20 -21 -22 23 24 25 26 27 -28 -29 30 -31 -32 33 34 35 36
0x95ceef12ca8b1a6d 29998 1 -2 -3 -4 -5 6 7 -8 9 10 11 -12 -13 -14 15 -16 -17 18 -19 20 -21 -22 23 24 25 26 27 -28 -29 30 -31 -32 33 34 35 36
0x43c6ea41989f901e 29998 1 -2 -3 -4 -5 6 7 -8 9 10 11 -12 -13 -14 15 -16 -17 18 -19 20 -21 -22 23 24 25 26 27 -28 -29 30 -31 -32 33 34 35 36
0x9875a8b40bedb0a9 29998 1 -2 -3 -4 -5 6 7 -8 9 10 11 -12 -13 -14 15 -16 -17 18 -19 20 -21 -22 23 24 25 26 27 -28 -29 30 -31 -32 33 34 35 36
0x47de00ced587e643 29998 1 -2 -3 -4 -5 6 7 -8 9 10 11 -12 -13 -14 15 -16 -17 18 -19 20 -21 -22 23 24 25 26 27 -28 -29 30 -31 -32 33 34 35 36
0x5c1ee6ac0d18f8c3 29998 1 -2 -3 -4 -5 6 7 -8 9 10 11 -12 -13 -14 15 -16 -17 18 -19 20 -21 -22 23 24 25 26 27 -28 -29 30 -31 -32 33 34 35 36
0x90e6639795346f23 29998 1 -2 -3 -4 -5 6 7 -8 9 10 11 -12 -13 -14 15 -16 -17 18 -19 20 -21 -22 23 24 25 26 27 -28 -29 30 -31 -32 33 34 35 36
0x87e4dd93eca90104 29998 1 -2 -3 -4 -5 6 7 -8 9 10 11 -12 -13 -14 15 -16 -17 18 -19 20 -21 -22 23 24 25 26 27 -28 -29 30 -31 -32 33 34 35 36
0x1b2eaed39a2b1829 29998 1 -2 -3 -4 -5 6 7 -8 9 10 11 -12 -13 -14 15 -16 -17 18 -19 20 -21 -22 23 24 25 26 27 -28 -29 30 -31 -32 33 34 35 36
0x9ba0d4125ed61f9 29998 1 -2 -3 -4 -5 6 7 -8 9 10 11 -12 -13 -14 15 -16 -17 18 -19 20 -21 -22 23 24 25 26 27 -28 -29 30 -31 -32 33 34 35 36
0x296741f7f2fd70ff 29998 1 -2 -3 -4 -5 6 7 -8 9 10 11 -12 -13 -14 15 -16 -17 18 -19 20 -21 -22 23 24 25 26 27 -28 -29 30 -31 -32 33 34 35 36
0x314130cb407a6e6c 29998 1 -2 -3 -4 -5 6 7 -8 9 10 11 -12 -13 -14 15 -16 -17 18 -19 20 -21 -22 23 24 25 26 27 -28 -29 30 -31 -32 33 34 35 36
0xde42fbd28fbdb91 29998 1 -2 -3 -4 -5 6 7 -8 9 10 11 -12 -13 -14 15 -16 -17 18 -19 20 -21 -22 23 24 25 26 27 -28 -29 30 -31 -32 33 34 35 36
0x89392e879cbe6368 29998 1 -2 -3 -4 -5 6 7 -8 9 10 11 -12 -13 -14 15 -16 -17 18 -19 20 -21 -22 23 24 25 26 27 -28 -29 30 -31 -32 33 34 35 36