0x43f2fb6a3d95fd87 42162 1 2 3 -4 -5 6 -7 8 -9 10 11 -12 13 14 15 -16 -17 18 19 20 21 -22 -23 24 -25 26 27 -28 29 -30 -31 32 -33 34 35 36
0xd98254d4f26ceb0c 42162 1 2 3 -4 -5 6 -7 8 -9 10 11 -12 13 14 15 -16 -17 18 19 20 21 -22 -23 24 -25 26 27 -28 29 -30 -31 32 -33 34 35 36
0xf3e9d6e448e4abae 42162 1 2 3 -4 -5 6 -7 8 -9 10 11 -12 13 14 15 -16 -17 18 19 20 21 -22 -23 24 -25 26 27 -28 29 -30 -31 32 -33 34 35 36
0x57f2ecb5e7b418d4 42162 1 2 3 -4 -5 6 -7 8 -9 10 11 -12 13 14 15 -16 -17 18 19 20 21 -22 -23 24 -25 26 27 -28 29 -30 -31 32 -33 34 35 36
0xe5efaedc798a1e45 42162 1 2 3 -4 -5 6 -7 8 -9 10 11 -12 13 14 15 -16 -17 18 19 20 21 -22 -23 24 -25 26 27 -28 29 -30 -31 32 -33 34 35 36
0x690982de9ed4a3b1 42162 1 2 3 -4 -5 6 -7 8 -9 10 11 -12 13 14 15 -16 -17 18 19 20 21 -22 -23 24 -25 26 27 -28 29 -30 -31 32 -33 34 35 36
0xbd70ab910c48628 42162 1 2 3 -4 -5 6 -7 8 -9 10 11 -12 13 14 15 -16 -17 18 19 20 21 -22 -23 24 -25 26 27 -28 29 -30 -31 32 -33 34 35 36
0x30c76458ac04a19f 42162 1 2 3 -4 -5 6 -7 8 -9 10 11 -12 13 14 15 -16 -17 18 19 20 21 -22 -23 24 -25 26 27 -28 29 -30 -31 32 -33 34 35 36
0xa030b9216bd9ea70 42162 1 2 3 -4 -5 6 -7 8 -9 10 11 -12 13 14 15 -16 -17 18 19 20 21 -22 -23 24 -25 26 27 -28 29 -30 -31 32 -33 34 35 36
0xb4d8e369e0841c5d 42162 1 2 3 -4 -5 6 -7 8 -9 10 11 -12 13 14 15 -16 -17 18 19 20 21 -22 -23 24 -25 26 27 -28 29 -30 -31 32 -33 34 35 36
0x58644b137479ba7d 42162 1 2 3 -4 -5 6 -7 8 -9 10 11 -12 13 14 15 -16 -17 18 19 20 21 -22 -23 24 -25 26 27 -28 29 -30 -31 32 -33 34 35 36
0xa1dd834c379ce8d2 42162 1 2 3 -4 -5 6 -7 8 -9 10 11 -12 13 14 15 -16 -17 18 19 20 21 -22 -23 24 -25 26 27 -28 29 -30 -31 32 -33 34 35 36
0x977db393d7e2dc0c 42162 1 2 3 -4 -5 6 -7 8 -9 10 11 -12 13 14 15 -16 -17 18 19 20 21 -22 -23 24 -25 26 27 -28 29 -30 -31 32 -33 34 35 36
0xa2a85e3edd53ed23 42162 1 2 3 -4 -5 6 -7 8 -9 10 11 -12 13 14 15 -16 -17 18 19 20 21 -22 -23 24 -25 26 27 -28 29 -30 -31 32 -33 34 35 36
0x91ef63f65ae616d1 42162 1 2 3 -4 -5 6 -7 8 -9 10 11 -12 13 14 15 -16 -17 18 19 20 21 -22 -23 24 -25 26 27 -28 29 -30 -31 32 -33 34 35 36
0x9f67d733d0a00315 42162 1 2 3 -4 -5 6 -7 8 -9 10 11 -12 13 14 15 -16 -17 18 19 20 21 -22 -23 24 -25 26 27 -28 29 -30 -31 32 -33 34 35 36
0xa2ed9fc8114aa8b0 42162 1 2 3 -4 -5 6 -7 8 -9 10 11 -12 13 14 15 -16 -17 18 19 20 21 -22 -23 24 -25 26 27 -28 29 -30 -31 32 -33 34 35 36
0xc133ee580e3778aa 42162 1 2 3 -4 -5 6 -7 8 -9 10 11 -12 13 14 15 -16 -17 18 19 20 21 -22 -23 24 -25 26 27 -28 29 -30 -31 32 -33 34 35 36
0xc9c07fd9d3e11bcb 42162 1 2 3 -4 -5 6 -7 8 -9 10 11 -12 13 14 15 -16 -17 18 19 20 21 -22 -23 24 -25 26 27 -28 29 -30 -31 32 -33 34 35 36
0xf2fb11ac26cc024 42162 1 2 3 -4 -5 6 -7 8 -9 10 11 -12 13 14 15 -16 -17 18 19 20 21 -22 -23 24 -25 26 27 -28 29 -30 -31 32 -33 34 35 36
0xd65f623b2551f686 42162 1 2 3 -4 -5 6 -7 8 -9 10 11 -12 13 14 15 -16 -17 18 19 20 21 -22 -23 24 -25 26 27 -28 29 -30 -31 32 -33 34 35 36
0xe906343a47960fca 42162 1 2 3 -4 -5 6 -7 8 -9 10 11 -12 13 14 15 -16 -17 18 19 20 21 -22 -23 24 -25 26 27 -28 29 -30 -31 32 -33 34 35 36
0x79d0e68bafd5f8ee 42162 1 2 3 -4 -5 6 -7 8 -9 10 11 -12 13 14 15 -16 -17 18 19 20 21 -22 -23 24 -25 26 27 -28 29 -30 -31 32 -33 34 35 36
0xdc1bcb3117cfcb88 42162 1 2 3 -4 -5 6 -7 8 -9 10 11 -12 13 14 15 -16 -17 18 19 20 21 -22 -23 24 -25 26 27 -28 29 -30 -31 32 -33 34 35 36
0xcdf0fecb83f28e32 42162 1 2 3 -4 -5 6 -7 8 -9 10 11 -12 13 14 15 -16 -17 18 19 20 21 -22 -23 24 -25 26 27 -28 29 -30 -31 32 -33 34 35 36
0x7fd200f5c959a16a 42162 1 2 3 -4 -5 6 -7 8 -9 10 11 -12 13 14 15 -16 -17 18 19 20 21 -22 -23 24 -25 26 27 -28 29 -30 -31 32 -33 34 35 36
0xfddbe3b79ee1f910 42162 1 2 3 -4 -5 6 -7 8 -9 10 11 -12 13 14 15 -16 -17 18 19 20 21 -22 -23 24 -25 26 27 -28 29 -30 -31 32 -33 34 35 36
0x5a58cb10ffaa65ea 42162 1 2 3 -4 -5 6 -7 8 -9 10 11 -12 13 14 15 -16 -17 18 19 20 21 -22 -23 24 -25 26 27 -28 29 -30 -31 32 -33 34 35 36
0xfc8cbc7504b4ef21 42162 1 2 3 -4 -5 6 -7 8 -9 10 11 -12 13 14 15 -16 -17 18 19 20 21 -22 -23 24 -25 26 27 -28 29 -30 -31 32 -33 34 35 36
0x81cbbe49a59f3bc3 42162 1 2 3 -4 -5 6 -7 8 -9 10 11 -12 13 14 15 -16 -17 18 19 20 21 -22 -23 24 -25 26 27 -28 29 -30 -31 32 -33 34 35 36