0xf6a0b399977170b0 8419 -1 2 3 -4 5 -6 7 -8 -9 -10 11 12 13 14 15 -16 17 18 19 -20 -21 22 23 24 25 -26 -27 28 29 30 31 -32 33 34 35 -36
0x1fac40d663c4b50c 8419 -1 2 3 -4 5 -6 7 -8 -9 -10 11 12 13 14 15 -16 17 18 19 -20 -21 22 23 24 25 -26 -27 28 29 30 31 -32 33 34 35 -36
0xdccbc54e39e18d9 8419 -1 2 3 -4 5 -6 7 -8 -9 -10 11 12 13 14 15 -16 17 18 19 -20 -21 22 23 24 25 -26 -27 28 29 30 31 -32 33 34 35 -36
0x36e24a8269febc6b 8419 -1 2 3 -4 5 -6 7 -8 -9 -10 11 12 13 14 15 -16 17 18 19 -20 -21 22 23 24 25 -26 -27 28 29 30 31 -32 33 34 35 -36
0x4e22bc59d0df331b 8419 -1 2 3 -4 5 -6 7 -8 -9 -10 11 12 13 14 15 -16 17 18 19 -20 -21 22 23 24 25 -26 -27 28 29 30 31 -32 33 34 35 -36
0x2d93faeef8e448c5 8419 -1 2 3 -4 5 -6 7 -8 -9 -10 11 12 13 14 15 -16 17 18 19 -20 -21 22 23 24 25 -26 -27 28 29 30 31 -32 33 34 35 -36
0x52e642e6ddbf574a 8419 -1 2 3 -4 5 -6 7 -8 -9 -10 11 12 13 14 15 -16 17 18 19 -20 -21 22 23 24 25 -26 -27 28 29 30 31 -32 33 34 35 -36
0xa3ec2ffbb1a02c0e 8419 -1 2 3 -4 5 -6 7 -8 -9 -10 11 12 13 14 15 -16 17 18 19 -20 -21 22 23 24 25 -26 -27 28 29 30 31 -32 33 34 35 -36
0xb42e987bae5e7d79 8419 -1 2 3 -4 5 -6 7 -8 -9 -10 11 12 13 14 15 -16 17 18 19 -20 -21 22 23 24 25 -26 -27 28 29 30 31 -32 33 34 35 -36
0xa5640bb98e90aaa0 8419 -1 2 3 -4 5 -6 7 -8 -9 -10 11 12 13 14 15 -16 17 18 19 -20 -21 22 23 24 25 -26 -27 28 29 30 31 -32 33 34 35 -36
0xbb1717bae4f48b65 8419 -1 2 3 -4 5 -6 7 -8 -9 -10 11 12 13 14 15 -16 17 18 19 -20 -21 22 23 24 25 -26 -27 28 29 30 31 -32 33 34 35 -36
0xd7b6c9c5510c80d4 8419 -1 2 3 -4 5 -6 7 -8 -9 -10 11 12 13 14 15 -16 17 18 19 -20 -21 22 23 24 25 -26 -27 28 29 30 31 -32 33 34 35 -36
0xfa4e257151981258 8419 -1 2 3 -4 5 -6 7 -8 -9 -10 11 12 13 14 15 -16 17 18 19 -20 -21 22 23 24 25 -26 -27 28 29 30 31 -32 33 34 35 -36
0x74e26fae80279d52 8419 -1 2 3 -4 5 -6 7 -8 -9 -10 11 12 13 14 15 -16 17 18 19 -20 -21 22 23 24 25 -26 -27 28 29 30 31 -32 33 34 35 -36
0x41dfeffb10cfe8da 8419 -1 2 3 -4 5 -6 7 -8 -9 -10 11 12 13 14 15 -16 17 18 19 -20 -21 22 23 24 25 -26 -27 28 29 30 31 -32 33 34 35 -36
0xe932dd67f5890a1d 8419 -1 2 3 -4 5 -6 7 -8 -9 -10 11 12 13 14 15 -16 17 18 19 -20 -21 22 23 24 25 -26 -27 28 29 30 31 -32 33 34 35 -36
0x5611f4a166488bdc 8419 -1 2 3 -4 5 -6 7 -8 -9 -10 11 12 13 14 15 -16 17 18 19 -20 -21 22 23 24 25 -26 -27 28 29 30 31 -32 33 34 35 -36
0x64cd5a50398b61a2 8419 -1 2 3 -4 5 -6 7 -8 -9 -10 11 12 13 14 15 -16 17 18 19 -20 -21 22 23 24 25 -26 -27 28 29 30 31 -32 33 34 35 -36
0x4ce5b86e5ef29fb3 8419 -1 2 3 -4 5 -6 7 -8 -9 -10 11 12 13 14 15 -16 17 18 19 -20 -21 22 23 24 25 -26 -27 28 29 30 31 -32 33 34 35 -36
0xc066b731c9ad5366 8419 -1 2 3 -4 5 -6 7 -8 -9 -10 11 12 13 14 15 -16 17 18 19 -20 -21 22 23 24 25 -26 -27 28 29 30 31 -32 33 34 35 -36
0xc0788e6c45d801e3 8419 -1 2 3 -4 5 -6 7 -8 -9 -10 11 12 13 14 15 -16 17 18 19 -20 -21 22 23 24 25 -26 -27 28 29 30 31 -32 33 34 35 -36
0x2c9f79cb3b0efe98 8419 -1 2 3 -4 5 -6 7 -8 -9 -10 11 12 13 14 15 -16 17 18 19 -20 -21 22 23 24 25 -26 -27 28 29 30 31 -32 33 34 35 -36
0x48d6ac4c933b63b7 8419 -1 2 3 -4 5 -6 7 -8 -9 -10 11 12 13 14 15 -16 17 18 19 -20 -21 22 23 24 25 -26 -27 28 29 30 31 -32 33 34 35 -36
0x931f83c5cad0ffb7 8419 -1 2 3 -4 5 -6 7 -8 -9 -10 11 12 13 14 15 -16 17 18 19 -20 -21 22 23 24 25 -26 -27 28 29 30 31 -32 33 34 35 -36
0xa4438c5e2c8ed2d1 8419 -1 2 3 -4 5 -6 7 -8 -9 -10 11 12 13 14 15 -16 17 18 19 -20 -21 22 23 24 25 -26 -27 28 29 30 31 -32 33 34 35 -36
0xaf71fe7593ac01a5 8419 -1 2 3 -4 5 -6 7 -8 -9 -10 11 12 13 14 15 -16 17 18 19 -20 -21 22 23 24 25 -26 -27 28 29 30 31 -32 33 34 35 -36
0x599bccc9e04c7305 8419 -1 2 3 -4 5 -6 7 -8 -9 -10 11 12 13 14 15 -16 17 18 19 -20 -21 22 23 24 25 -26 -27 28 29 30 31 -32 33 34 35 -36
0xd12d53b94255ea26 8419 -1 2 3 -4 5 -6 7 -8 -9 -10 11 12 13 14 15 -16 17 18 19 -20 -21 22 23 24 25 -26 -27 28 29 30 31 -32 33 34 35 -36
0x5ad322e8abd49aaa 8419 -1 2 3 -4 5 -6 7 -8 -9 -10 11 12 13 14 15 -16 17 18 19 -20 -21 22 23 24 25 -26 -27 28 29 30 31 -32 33 34 35 -36
0xee55dc4194ae478a 8419 -1 2 3 -4 5 -6 7 -8 -9 -10 11 12 13 14 15 -16 17 18 19 -20 -21 22 23 24 25 -26 -27 28 29 30 31 -32 33 34 35 -36