0x874784bba76020c8 14851 -1 2 3 4 5 6 -7 -8 9 10 -11 -12 -13 -14 15 16 17 -18 -19 20 21 22 23 -24 25 26 27 28 29 -30 31 32 33 -34 -35 -36
0x1fbabb492c9611b9 14851 -1 2 3 4 5 6 -7 -8 9 10 -11 -12 -13 -14 15 16 17 -18 -19 20 21 22 23 -24 25 26 27 28 29 -30 31 32 33 -34 -35 -36
0xd78b2f0cf5c0b260 14851 -1 2 3 4 5 6 -7 -8 9 10 -11 -12 -13 -14 15 16 17 -18 -19 20 21 22 23 -24 25 26 27 28 29 -30 31 32 33 -34 -35 -36
0xc0fead6080494a16 14851 -1 2 3 4 5 6 -7 -8 9 10 -11 -12 -13 -14 15 16 17 -18 -19 20 21 22 23 -24 25 26 27 28 29 -30 31 32 33 -34 -35 -36
0x135f74565b12076e 14851 -1 2 3 4 5 6 -7 -8 9 10 -11 -12 -13 -14 15 16 17 -18 -19 20 21 22 23 -24 25 26 27 28 29 -30 31 32 33 -34 -35 -36
0xde5e38e077177904 14851 -1 2 3 4 5 6 -7 -8 9 10 -11 -12 -13 -14 15 16 17 -18 -19 20 21 22 23 -24 25 26 27 28 29 -30 31 32 33 -34 -35 -36
0x71e7d5b415348369 14851 -1 2 3 4 5 6 -7 -8 9 10 -11 -12 -13 -14 15 16 17 -18 -19 20 21 22 23 -24 25 26 27 28 29 -30 31 32 33 -34 -35 -36
0x5f0eb8daccda2b57 14851 -1 2 3 4 5 6 -7 -8 9 10 -11 -12 -13 -14 15 16 17 -18 -19 20 21 22 23 -24 25 26 27 28 29 -30 31 32 33 -34 -35 -36
0x576b7b18cbfd582c 14851 -1 2 3 4 5 6 -7 -8 9 10 -11 -12 -13 -14 15 16 17 -18 -19 20 21 22 23 -24 25 26 27 28 29 -30 31 32 33 -34 -35 -36
0x7c888f2c8cf1fc01 14851 -1 2 3 4 5 6 -7 -8 9 10 -11 -12 -13 -14 15 16 17 -18 -19 20 21 22 23 -24 25 26 27 28 29 -30 31 32 33 -34 -35 -36
0x8384e7e835c88973 14851 -1 2 3 4 5 6 -7 -8 9 10 -11 -12 -13 -14 15 16 17 -18 -19 20 21 22 23 -24 25 26 27 28 29 -30 31 32 33 -34 -35 -36
0x3c3d33b00a514921 14851 -1 2 3 4 5 6 -7 -8 9 10 -11 -12 -13 -14 15 16 17 -18 -19 20 21 22 23 -24 25 26 27 28 29 -30 31 32 33 -34 -35 -36
0xa00edd6da433a658 14851 -1 2 3 4 5 6 -7 -8 9 10 -11 -12 -13 -14 15 16 17 -18 -19 20 21 22 23 -24 25 26 27 28 29 -30 31 32 33 -34 -35 -36
0x12182d1bf81efb81 14851 -1 2 3 4 5 6 -7 -8 9 10 -11 -12 -13 -14 15 16 17 -18 -19 20 21 22 23 -24 25 26 27 28 29 -30 31 32 33 -34 -35 -36
0x84382dc0e9c0090e 14851 -1 2 3 4 5 6 -7 -8 9 10 -11 -12 -13 -14 15 16 17 -18 -19 20 21 22 23 -24 25 26 27 28 29 -30 31 32 33 -34 -35 -36
0xa90fc95469f33069 14851 -1 2 3 4 5 6 -7 -8 9 10 -11 -12 -13 -14 15 16 17 -18 -19 20 21 22 23 -24 25 26 27 28 29 -30 31 32 33 -34 -35 -36
0xaadbb2f315c814f3 14851 -1 2 3 4 5 6 -7 -8 9 10 -11 -12 -13 -14 15 16 17 -18 -19 20 21 22 23 -24 25 26 27 28 29 -30 31 32 33 -34 -35 -36
0xeedd300c36e16421 14851 -1 2 3 4 5 6 -7 -8 9 10 -11 -12 -13 -14 15 16 17 -18 -19 20 21 22 23 -24 25 26 27 28 29 -30 31 32 33 -34 -35 -36
0x839ee180fa37f3ce 14851 -1 2 3 4 5 6 -7 -8 9 10 -11 -12 -13 -14 15 16 17 -18 -19 20 21 22 23 -24 25 26 27 28 29 -30 31 32 33 -34 -35 -36
0x1d62a329abafebb6 14851 -1 2 3 4 5 6 -7 -8 9 10 -11 -12 -13 -14 15 16 17 -18 -19 20 21 22 23 -24 25 26 27 28 29 -30 31 32 33 -34 -35 -36
0x4cebb51b882fefa 14851 -1 2 3 4 5 6 -7 -8 9 10 -11 -12 -13 -14 15 16 17 -18 -19 20 21 22 23 -24 25 26 27 28 29 -30 31 32 33 -34 -35 -36
0x4b685a369ff5b5a0 14851 -1 2 3 4 5 6 -7 -8 9 10 -11 -12 -13 -14 15 16 17 -18 -19 20 21 22 23 -24 25 26 27 28 29 -30 31 32 33 -34 -35 -36
0xaca9698bac0dc612 14851 -1 2 3 4 5 6 -7 -8 9 10 -11 -12 -13 -14 15 16 17 -18 -19 20 21 22 23 -24 25 26 27 28 29 -30 31 32 33 -34 -35 -36
0xdbfabf8163f7e9c 14851 -1 2 3 4 5 6 -7 -8 9 10 -11 -12 -13 -14 15 16 17 -18 -19 20 21 22 23 -24 25 26 27 28 29 -30 31 32 33 -34 -35 -36
0x91432c971e483ef1 14851 -1 2 3 4 5 6 -7 -8 9 10 -11 -12 -13 -14 15 16 17 -18 -19 20 21 22 23 -24 25 26 27 28 29 -30 31 32 33 -34 -35 -36
0xa2754122ac81c85 14851 -1 2 3 4 5 6 -7 -8 9 10 -11 -12 -13 -14 15 16 17 -18 -19 20 21 22 23 -24 25 26 27 28 29 -30 31 32 33 -34 -35 -36
0x7b4c0e30807bf915 14851 -1 2 3 4 5 6 -7 -8 9 10 -11 -12 -13 -14 15 16 17 -18 -19 20 21 22 23 -24 25 26 27 28 29 -30 31 32 33 -34 -35 -36
0xe4c87f1b8771c0e5 14851 -1 2 3 4 5 6 -7 -8 9 10 -11 -12 -13 -14 15 16 17 -18 -19 20 21 22 23 -24 25 26 27 28 29 -30 31 32 33 -34 -35 -36
0x1f33fda2cdaa9718 14851 -1 2 3 4 5 6 -7 -8 9 10 -11 -12 -13 -14 15 16 17 -18 -19 20 21 22 23 -24 25 26 27 28 29 -30 31 32 33 -34 -35 -36
0xddf32e19116cbc0a 14851 -1 2 3 4 5 6 -7 -8 9 10 -11 -12 -13 -14 15 16 17 -18 -19 20 21 22 23 -24 25 26 27 28 29 -30 31 32 33 -34 -35 -36