0xb70cf4214a3949cf 88232 1 -2 3 -4 -5 -6 7 -8 -9 10 -11 12 -13 14 15 16 -17 18 19 -20 21 -22 23 -24 25 26 -27 -28 -29 -30 31 -32 -33 34 -35 -36
0x33faf8497ce0298f 95838 1 -2 3 -4 -5 -6 7 -8 -9 10 -11 12 -13 14 15 16 -17 18 19 -20 21 -22 23 -24 25 26 -27 -28 29 -30 31 -32 -33 34 -35 -36
0x4148d3d3d1b2417a 95838 1 -2 3 -4 -5 -6 7 -8 -9 10 -11 12 -13 14 15 16 -17 18 19 -20 21 -22 23 -24 25 26 -27 -28 29 -30 31 -32 -33 34 -35 -36
0xa7041128828518e8 95838 1 -2 3 -4 -5 -6 7 -8 -9 10 -11 12 -13 14 15 16 -17 18 19 -20 21 -22 23 -24 25 26 -27 -28 29 -30 31 -32 -33 34 -35 -36
0x4b01ad186d176b75 95838 1 -2 3 -4 -5 -6 7 -8 -9 10 -11 12 -13 14 15 16 -17 18 19 -20 21 -22 23 -24 25 26 -27 -28 29 -30 31 -32 -33 34 -35 -36
0x36d7737a053d294e 95838 1 -2 3 -4 -5 -6 7 -8 -9 10 -11 12 -13 14 15 16 -17 18 19 -20 21 -22 23 -24 25 26 -27 -28 29 -30 31 -32 -33 34 -35 -36
0x4e68713bcd529788 95838 1 -2 3 -4 -5 -6 7 -8 -9 10 -11 12 -13 14 15 16 -17 18 19 -20 21 -22 23 -24 25 26 -27 -28 29 -30 31 -32 -33 34 -35 -36
0xc80eb6551f7e043c 95838 1 -2 3 -4 -5 -6 7 -8 -9 10 -11 12 -13 14 15 16 -17 18 19 -20 21 -22 23 -24 25 26 -27 -28 29 -30 31 -32 -33 34 -35 -36
0x68b270b78cba146 95838 1 -2 3 -4 -5 -6 7 -8 -9 10 -11 12 -13 14 15 16 -17 18 19 -20 21 -22 23 -24 25 26 -27 -28 29 -30 31 -32 -33 34 -35 -36
0x4dcdb7afd68f6b2d 95838 1 -2 3 -4 -5 -6 7 -8 -9 10 -11 12 -13 14 15 16 -17 18 19 -20 21 -22 23 -24 25 26 -27 -28 29 -30 31 -32 -33 34 -35 -36
0xd221d18b21116260 95838 1 -2 3 -4 -5 -6 7 -8 -9 10 -11 12 -13 14 15 16 -17 18 19 -20 21 -22 23 -24 25 26 -27 -28 29 -30 31 -32 -33 34 -35 -36
0x54bb42583cbc84b1 95838 1 -2 3 -4 -5 -6 7 -8 -9 10 -11 12 -13 14 15 16 -17 18 19 -20 21 -22 23 -24 25 26 -27 -28 29 -30 31 -32 -33 34 -35 -36
0x2fb87bc3b620d6d4 95838 1 -2 3 -4 -5 -6 7 -8 -9 10 -11 12 -13 14 15 16 -17 18 19 -20 21 -22 23 -24 25 26 -27 -28 29 -30 31 -32 -33 34 -35 -36
0xbf6822f35d7e7de2 95838 1 -2 3 -4 -5 -6 7 -8 -9 10 -11 12 -13 14 15 16 -17 18 19 -20 21 -22 23 -24 25 26 -27 -28 29 -30 31 -32 -33 34 -35 -36
0x3f2d424313ba1569 95838 1 -2 3 -4 -5 -6 7 -8 -9 10 -11 12 -13 14 15 16 -17 18 19 -20 21 -22 23 -24 25 26 -27 -28 29 -30 31 -32 -33 34 -35 -36
0x93f06a8637830c27 95838 1 -2 3 -4 -5 -6 7 -8 -9 10 -11 12 -13 14 15 16 -17 18 19 -20 21 -22 23 -24 25 26 -27 -28 29 -30 31 -32 -33 34 -35 -36
0xad2f991e3fe0cb42 95838 1 -2 3 -4 -5 -6 7 -8 -9 10 -11 12 -13 14 15 16 -17 18 19 -20 21 -22 23 -24 25 26 -27 -28 29 -30 31 -32 -33 34 -35 -36
0x181bc3e0d9714333 95838 1 -2 3 -4 -5 -6 7 -8 -9 10 -11 12 -13 14 15 16 -17 18 19 -20 21 -22 23 -24 25 26 -27 -28 29 -30 31 -32 -33 34 -35 -36
0x2fde4b0a67f40570 95838 1 -2 3 -4 -5 -6 7 -8 -9 10 -11 12 -13 14 15 16 -17 18 19 -20 21 -22 23 -24 25 26 -27 -28 29 -30 31 -32 -33 34 -35 -36
0xb259500389579e95 85196 -1 -2 3 4 -5 6 7 8 -9 10 -11 12 -13 14 15 16 -17 18 -19 20 -21 -22 23 24 25 26 -27 28 29 30 -31 -32 -33 -34 -35 36
0x3ac77cefc2fe87e2 85196 -1 -2 3 4 -5 6 7 8 -9 10 -11 12 -13 14 15 16 -17 18 -19 20 -21 -22 23 24 25 26 -27 28 29 30 -31 -32 -33 -34 -35 36
0xd2b228e23b9d609a 95838 1 -2 3 -4 -5 -6 7 -8 -9 10 -11 12 -13 14 15 16 -17 18 19 -20 21 -22 23 -24 25 26 -27 -28 29 -30 31 -32 -33 34 -35 -36
0xdca8041171451bdf 95838 1 -2 3 -4 -5 -6 7 -8 -9 10 -11 12 -13 14 15 16 -17 18 19 -20 21 -22 23 -24 25 26 -27 -28 29 -30 31 -32 -33 34 -35 -36
0x42da3c098f028f 95838 1 -2 3 -4 -5 -6 7 -8 -9 10 -11 12 -13 14 15 16 -17 18 19 -20 21 -22 23 -24 25 26 -27 -28 29 -30 31 -32 -33 34 -35 -36
0xf698a5f03722ed78 88232 1 -2 3 -4 -5 -6 7 -8 -9 10 -11 12 -13 14 15 16 -17 18 19 -20 21 -22 23 -24 25 26 -27 -28 -29 -30 31 -32 -33 34 -35 -36
0x53ffcd0c30f3e02c 88232 1 -2 3 -4 -5 -6 7 -8 -9 10 -11 12 -13 14 15 16 -17 18 19 -20 21 -22 23 -24 25 26 -27 -28 -29 -30 31 -32 -33 34 -35 -36
0x72bdd4448de77682 95838 1 -2 3 -4 -5 -6 7 -8 -9 10 -11 12 -13 14 15 16 -17 18 19 -20 21 -22 23 -24 25 26 -27 -28 29 -30 31 -32 -33 34 -35 -36
0x50676720d3f8f2a2 95838 1 -2 3 -4 -5 -6 7 -8 -9 10 -11 12 -13 14 15 16 -17 18 19 -20 21 -22 23 -24 25 26 -27 -28 29 -30 31 -32 -33 34 -35 -36
0x100e9732a9198f08 95838 1 -2 3 -4 -5 -6 7 -8 -9 10 -11 12 -13 14 15 16 -17 18 19 -20 21 -22 23 -24 25 26 -27 -28 29 -30 31 -32 -33 34 -35 -36
0x1ae84d564be8f10 95838 1 -2 3 -4 -5 -6 7 -8 -9 10 -11 12 -13 14 15 16 -17 18 19 -20 21 -22 23 -24 25 26 -27 -28 29 -30 31 -32 -33 34 -35 -36