0x5f05226e132ff474 40744 -1 2 3 4 -5 6 7 8 9 -10 11 -12 13 -14 15 16 -17 18 19 20 -21 22 23 -24 -25 26 27 28 29 30 -31 32 33 34 35 -36
0xd7f55aed8a8b8a5 40744 -1 2 3 4 -5 6 7 8 9 -10 11 -12 13 -14 15 16 -17 18 19 20 -21 22 23 -24 -25 26 27 28 29 30 -31 32 33 34 35 -36
0x7e7d70c4e47bc54 40744 -1 2 3 4 -5 6 7 8 9 -10 11 -12 13 -14 15 16 -17 18 19 20 -21 22 23 -24 -25 26 27 28 29 30 -31 32 33 34 35 -36
0xe247f2348cbd9119 40744 -1 2 3 4 -5 6 7 8 9 -10 11 -12 13 -14 15 16 -17 18 19 20 -21 22 23 -24 -25 26 27 28 29 30 -31 32 33 34 35 -36
0xbbe1a7a172e690e3 40744 -1 2 3 4 -5 6 7 8 9 -10 11 -12 13 -14 15 16 -17 18 19 20 -21 22 23 -24 -25 26 27 28 29 30 -31 32 33 34 35 -36
0x4139a66a1edeae3 40273 -1 2 3 4 -5 6 7 8 9 -10 11 -12 13 -14 15 16 -17 18 19 20 -21 22 23 -24 -25 26 27 28 29 30 -31 32 -33 34 35 -36
0xdcc4a2266e39da11 40744 -1 2 3 4 -5 6 7 8 9 -10 11 -12 13 -14 15 16 -17 18 19 20 -21 22 23 -24 -25 26 27 28 29 30 -31 32 33 34 35 -36
0x49e9f8f58df93036 40744 -1 2 3 4 -5 6 7 8 9 -10 11 -12 13 -14 15 16 -17 18 19 20 -21 22 23 -24 -25 26 27 28 29 30 -31 32 33 34 35 -36
0xe6865ff0c85f6d8e 40744 -1 2 3 4 -5 6 7 8 9 -10 11 -12 13 -14 15 16 -17 18 19 20 -21 22 23 -24 -25 26 27 28 29 30 -31 32 33 34 35 -36
0x35ed2bb6ed91bd6c 40744 -1 2 3 4 -5 6 7 8 9 -10 11 -12 13 -14 15 16 -17 18 19 20 -21 22 23 -24 -25 26 27 28 29 30 -31 32 33 34 35 -36
0xc061639529e130a6 40744 -1 2 3 4 -5 6 7 8 9 -10 11 -12 13 -14 15 16 -17 18 19 20 -21 22 23 -24 -25 26 27 28 29 30 -31 32 33 34 35 -36
0x916b0b89e2fcaca9 40744 -1 2 3 4 -5 6 7 8 9 -10 11 -12 13 -14 15 16 -17 18 19 20 -21 22 23 -24 -25 26 27 28 29 30 -31 32 33 34 35 -36
0x4b73ba19dc411cc8 40744 -1 2 3 4 -5 6 7 8 9 -10 11 -12 13 -14 15 16 -17 18 19 20 -21 22 23 -24 -25 26 27 28 29 30 -31 32 33 34 35 -36
0x3851d85af02ffeba 40744 -1 2 3 4 -5 6 7 8 9 -10 11 -12 13 -14 15 16 -17 18 19 20 -21 22 23 -24 -25 26 27 28 29 30 -31 32 33 34 35 -36
0xbba0531e9e39c080 40744 -1 2 3 4 -5 6 7 8 9 -10 11 -12 13 -14 15 16 -17 18 19 20 -21 22 23 -24 -25 26 27 28 29 30 -31 32 33 34 35 -36
0xd890339e19272639 40744 -1 2 3 4 -5 6 7 8 9 -10 11 -12 13 -14 15 16 -17 18 19 20 -21 22 23 -24 -25 26 27 28 29 30 -31 32 33 34 35 -36
0x989c82c7d7eb346c 40744 -1 2 3 4 -5 6 7 8 9 -10 11 -12 13 -14 15 16 -17 18 19 20 -21 22 23 -24 -25 26 27 28 29 30 -31 32 33 34 35 -36
0x1402cb9d9d984a25 40744 -1 2 3 4 -5 6 7 8 9 -10 11 -12 13 -14 15 16 -17 18 19 20 -21 22 23 -24 -25 26 27 28 29 30 -31 32 33 34 35 -36
0x77f16b4f85f3675 40744 -1 2 3 4 -5 6 7 8 9 -10 11 -12 13 -14 15 16 -17 18 19 20 -21 22 23 -24 -25 26 27 28 29 30 -31 32 33 34 35 -36
0x4e0db5b6cfe7ddf1 40744 -1 2 3 4 -5 6 7 8 9 -10 11 -12 13 -14 15 16 -17 18 19 20 -21 22 23 -24 -25 26 27 28 29 30 -31 32 33 34 35 -36
0xc730dee354a97031 40744 -1 2 3 4 -5 6 7 8 9 -10 11 -12 13 -14 15 16 -17 18 19 20 -21 22 23 -24 -25 26 27 28 29 30 -31 32 33 34 35 -36
0x8f781889d6282d51 40744 -1 2 3 4 -5 6 7 8 9 -10 11 -12 13 -14 15 16 -17 18 19 20 -21 22 23 -24 -25 26 27 28 29 30 -31 32 33 34 35 -36
0x6477492123ebb71 40744 -1 2 3 4 -5 6 7 8 9 -10 11 -12 13 -14 15 16 -17 18 19 20 -21 22 23 -24 -25 26 27 28 29 30 -31 32 33 34 35 -36
0xe91c9bf473d90c36 40744 -1 2 3 4 -5 6 7 8 9 -10 11 -12 13 -14 15 16 -17 18 19 20 -21 22 23 -24 -25 26 27 28 29 30 -31 32 33 34 35 -36
0xd1cfaa4073c6d249 40744 -1 2 3 4 -5 6 7 8 9 -10 11 -12 13 -14 15 16 -17 18 19 20 -21 22 23 -24 -25 26 27 28 29 30 -31 32 33 34 35 -36
0xa28dd915e28b86d5 40744 -1 2 3 4 -5 6 7 8 9 -10 11 -12 13 -14 15 16 -17 18 19 20 -21 22 23 -24 -25 26 27 28 29 30 -31 32 33 34 35 -36
0xdf8bfbad4e51ff0b 40744 -1 2 3 4 -5 6 7 8 9 -10 11 -12 13 -14 15 16 -17 18 19 20 -21 22 23 -24 -25 26 27 28 29 30 -31 32 33 34 35 -36
0xa3aeca4efc6991a0 40744 -1 2 3 4 -5 6 7 8 9 -10 11 -12 13 -14 15 16 -17 18 19 20 -21 22 23 -24 -25 26 27 28 29 30 -31 32 33 34 35 -36
0xc2a6fdd809f2cc4b 40744 -1 2 3 4 -5 6 7 8 9 -10 11 -12 13 -14 15 16 -17 18 19 20 -21 22 23 -24 -25 26 27 28 29 30 -31 32 33 34 35 -36
0xc83f3b3c3ba1b94a 40744 -1 2 3 4 -5 6 7 8 9 -10 11 -12 13 -14 15 16 -17 18 19 20 -21 22 23 -24 -25 26 27 28 29 30 -31 32 33 34 35 -36