0x251e8e03e5627c73 39363 -1 2 -3 4 5 6 7 8 -9 10 11 12 13 14 15 16 -17 -18 19 -20 21 22 23 24 25 -26 27 28 29 30 31 32 -33 -34 -35 -36
0x93b824d22a2c1b14 39363 -1 2 -3 4 5 6 7 8 -9 10 11 12 13 14 15 16 -17 -18 19 -20 21 22 23 24 25 -26 27 28 29 30 31 32 -33 -34 -35 -36
0x7656c7e828b448df 39363 -1 2 -3 4 5 6 7 8 -9 10 11 12 13 14 15 16 -17 -18 19 -20 21 22 23 24 25 -26 27 28 29 30 31 32 -33 -34 -35 -36
0x3aea4b0c5b067853 39363 -1 2 -3 4 5 6 7 8 -9 10 11 12 13 14 15 16 -17 -18 19 -20 21 22 23 24 25 -26 27 28 29 30 31 32 -33 -34 -35 -36
0xa6a76fa8aead7669 39363 -1 2 -3 4 5 6 7 8 -9 10 11 12 13 14 15 16 -17 -18 19 -20 21 22 23 24 25 -26 27 28 29 30 31 32 -33 -34 -35 -36
0x62f6ba33868d1290 38745 -1 2 -3 4 5 6 7 8 -9 10 11 12 13 14 15 16 17 -18 19 -20 21 22 23 24 25 -26 27 28 -29 30 31 32 -33 -34 -35 -36
0x8a39254ebab83fde 39363 -1 2 -3 4 5 6 7 8 -9 10 11 12 13 14 15 16 -17 -18 19 -20 21 22 23 24 25 -26 27 28 29 30 31 32 -33 -34 -35 -36
0xe2fd6a55ca0ab9c1 38745 -1 2 -3 4 5 6 7 8 -9 10 11 12 13 14 15 16 17 -18 19 -20 21 22 23 24 25 -26 27 28 -29 30 31 32 -33 -34 -35 -36
0x8935a2dc1233d1b 39363 -1 2 -3 4 5 6 7 8 -9 10 11 12 13 14 15 16 -17 -18 19 -20 21 22 23 24 25 -26 27 28 29 30 31 32 -33 -34 -35 -36
0x825a38c85f40f077 39363 -1 2 -3 4 5 6 7 8 -9 10 11 12 13 14 15 16 -17 -18 19 -20 21 22 23 24 25 -26 27 28 29 30 31 32 -33 -34 -35 -36
0x99852ed71287adfa 39363 -1 2 -3 4 5 6 7 8 -9 10 11 12 13 14 15 16 -17 -18 19 -20 21 22 23 24 25 -26 27 28 29 30 31 32 -33 -34 -35 -36
0xaf8a45b2e6208875 38745 -1 2 -3 4 5 6 7 8 -9 10 11 12 13 14 15 16 17 -18 19 -20 21 22 23 24 25 -26 27 28 -29 30 31 32 -33 -34 -35 -36
0x89774c71338613de 39363 -1 2 -3 4 5 6 7 8 -9 10 11 12 13 14 15 16 -17 -18 19 -20 21 22 23 24 25 -26 27 28 29 30 31 32 -33 -34 -35 -36
0x4ab923ac24a9bf59 39363 -1 2 -3 4 5 6 7 8 -9 10 11 12 13 14 15 16 -17 -18 19 -20 21 22 23 24 25 -26 27 28 29 30 31 32 -33 -34 -35 -36
0x6245a2e62607c67b 39363 -1 2 -3 4 5 6 7 8 -9 10 11 12 13 14 15 16 -17 -18 19 -20 21 22 23 24 25 -26 27 28 29 30 31 32 -33 -34 -35 -36
0x7d6e35ab97e3d257 39363 -1 2 -3 4 5 6 7 8 -9 10 11 12 13 14 15 16 -17 -18 19 -20 21 22 23 24 25 -26 27 28 29 30 31 32 -33 -34 -35 -36
0xd3e70f01fcb2b069 39363 -1 2 -3 4 5 6 7 8 -9 10 11 12 13 14 15 16 -17 -18 19 -20 21 22 23 24 25 -26 27 28 29 30 31 32 -33 -34 -35 -36
0xea0988df5b29fc0d 38745 -1 2 -3 4 5 6 7 8 -9 10 11 12 13 14 15 16 17 -18 19 -20 21 22 23 24 25 -26 27 28 -29 30 31 32 -33 -34 -35 -36
0x3d85d3ad3394d804 38745 -1 2 -3 4 5 6 7 8 -9 10 11 12 13 14 15 16 17 -18 19 -20 21 22 23 24 25 -26 27 28 -29 30 31 32 -33 -34 -35 -36
0xf211f5cbc9e3b7f5 39363 -1 2 -3 4 5 6 7 8 -9 10 11 12 13 14 15 16 -17 -18 19 -20 21 22 23 24 25 -26 27 28 29 30 31 32 -33 -34 -35 -36
0x66e41b0df82d39e8 39363 -1 2 -3 4 5 6 7 8 -9 10 11 12 13 14 15 16 -17 -18 19 -20 21 22 23 24 25 -26 27 28 29 30 31 32 -33 -34 -35 -36
0x825eaa2bbdaf2007 39363 -1 2 -3 4 5 6 7 8 -9 10 11 12 13 14 15 16 -17 -18 19 -20 21 22 23 24 25 -26 27 28 29 30 31 32 -33 -34 -35 -36
0x64405a379b106b83 39363 -1 2 -3 4 5 6 7 8 -9 10 11 12 13 14 15 16 -17 -18 19 -20 21 22 23 24 25 -26 27 28 29 30 31 32 -33 -34 -35 -36
0x8f2e517abeaf6317 39363 -1 2 -3 4 5 6 7 8 -9 10 11 12 13 14 15 16 -17 -18 19 -20 21 22 23 24 25 -26 27 28 29 30 31 32 -33 -34 -35 -36
0x425ba0637d7109a5 39363 -1 2 -3 4 5 6 7 8 -9 10 11 12 13 14 15 16 -17 -18 19 -20 21 22 23 24 25 -26 27 28 29 30 31 32 -33 -34 -35 -36
0x63b37c3565288855 39363 -1 2 -3 4 5 6 7 8 -9 10 11 12 13 14 15 16 -17 -18 19 -20 21 22 23 24 25 -26 27 28 29 30 31 32 -33 -34 -35 -36
0x2763028791e46c10 38745 -1 2 -3 4 5 6 7 8 -9 10 11 12 13 14 15 16 17 -18 19 -20 21 22 23 24 25 -26 27 28 -29 30 31 32 -33 -34 -35 -36
0x9578542a6817da0e 39363 -1 2 -3 4 5 6 7 8 -9 10 11 12 13 14 15 16 -17 -18 19 -20 21 22 23 24 25 -26 27 28 29 30 31 32 -33 -34 -35 -36
0xec5e06ddd4c18f06 39363 -1 2 -3 4 5 6 7 8 -9 10 11 12 13 14 15 16 -17 -18 19 -20 21 22 23 24 25 -26 27 28 29 30 31 32 -33 -34 -35 -36
0xf1ede692034ecca5 39363 -1 2 -3 4 5 6 7 8 -9 10 11 12 13 14 15 16 -17 -18 19 -20 21 22 23 24 25 -26 27 28 29 30 31 32 -33 -34 -35 -36