0x2119002f0e344ad2 20542 -1 2 3 4 -5 -6 7 8 9 -10 11 12 13 -14 15 16 -17 -18 -19 20 21 22 23 -24 -25 -26 27 28 29 -30 31 -32 33 34 35 -36
0x86d79fcb0da74283 20542 -1 2 3 4 -5 -6 7 8 9 -10 11 12 13 -14 15 16 -17 -18 -19 20 21 22 23 -24 -25 -26 27 28 29 -30 31 -32 33 34 35 -36
0x1f109a0c8381f776 20542 -1 2 3 4 -5 -6 7 8 9 -10 11 12 13 -14 15 16 -17 -18 -19 20 21 22 23 -24 -25 -26 27 28 29 -30 31 -32 33 34 35 -36
0x2215a1778f3a385a 20542 -1 2 3 4 -5 -6 7 8 9 -10 11 12 13 -14 15 16 -17 -18 -19 20 21 22 23 -24 -25 -26 27 28 29 -30 31 -32 33 34 35 -36
0x465cb8fbae39d745 20542 -1 2 3 4 -5 -6 7 8 9 -10 11 12 13 -14 15 16 -17 -18 -19 20 21 22 23 -24 -25 -26 27 28 29 -30 31 -32 33 34 35 -36
0xb12351464f8860a9 20542 -1 2 3 4 -5 -6 7 8 9 -10 11 12 13 -14 15 16 -17 -18 -19 20 21 22 23 -24 -25 -26 27 28 29 -30 31 -32 33 34 35 -36
0xf76252f13ff4d078 20542 -1 2 3 4 -5 -6 7 8 9 -10 11 12 13 -14 15 16 -17 -18 -19 20 21 22 23 -24 -25 -26 27 28 29 -30 31 -32 33 34 35 -36
0x2966d8f24a8a2235 20542 -1 2 3 4 -5 -6 7 8 9 -10 11 12 13 -14 15 16 -17 -18 -19 20 21 22 23 -24 -25 -26 27 28 29 -30 31 -32 33 34 35 -36
0xa9101d69c8a296d8 20542 -1 2 3 4 -5 -6 7 8 9 -10 11 12 13 -14 15 16 -17 -18 -19 20 21 22 23 -24 -25 -26 27 28 29 -30 31 -32 33 34 35 -36
0xf4c8bffc6eea5879 19334 -1 2 3 4 -5 -6 7 -8 9 -10 11 12 13 -14 15 16 -17 -18 -19 20 21 22 23 -24 -25 -26 27 28 29 -30 31 -32 33 34 35 -36
0x69706997de89a5d8 20542 -1 2 3 4 -5 -6 7 8 9 -10 11 12 13 -14 15 16 -17 -18 -19 20 21 22 23 -24 -25 -26 27 28 29 -30 31 -32 33 34 35 -36
0x3ef810f97f2ab161 20542 -1 2 3 4 -5 -6 7 8 9 -10 11 12 13 -14 15 16 -17 -18 -19 20 21 22 23 -24 -25 -26 27 28 29 -30 31 -32 33 34 35 -36
0xa954c9fac4b72148 20542 -1 2 3 4 -5 -6 7 8 9 -10 11 12 13 -14 15 16 -17 -18 -19 20 21 22 23 -24 -25 -26 27 28 29 -30 31 -32 33 34 35 -36
0x17e2194adf48e0e 20542 -1 2 3 4 -5 -6 7 8 9 -10 11 12 13 -14 15 16 -17 -18 -19 20 21 22 23 -24 -25 -26 27 28 29 -30 31 -32 33 34 35 -36
0x88684f4540244208 20542 -1 2 3 4 -5 -6 7 8 9 -10 11 12 13 -14 15 16 -17 -18 -19 20 21 22 23 -24 -25 -26 27 28 29 -30 31 -32 33 34 35 -36
0xf7d4a7b97d81a0f0 20542 -1 2 3 4 -5 -6 7 8 9 -10 11 12 13 -14 15 16 -17 -18 -19 20 21 22 23 -24 -25 -26 27 28 29 -30 31 -32 33 34 35 -36
0xa17255932b152939 20542 -1 2 3 4 -5 -6 7 8 9 -10 11 12 13 -14 15 16 -17 -18 -19 20 21 22 23 -24 -25 -26 27 28 29 -30 31 -32 33 34 35 -36
0x5f7156adb797669 19334 -1 2 3 4 -5 -6 7 -8 9 -10 11 12 13 -14 15 16 -17 -18 -19 20 21 22 23 -24 -25 -26 27 28 29 -30 31 -32 33 34 35 -36
0x83b1a04f7f940769 20542 -1 2 3 4 -5 -6 7 8 9 -10 11 12 13 -14 15 16 -17 -18 -19 20 21 22 23 -24 -25 -26 27 28 29 -30 31 -32 33 34 35 -36
0xf2cc258e1f7827c 20542 -1 2 3 4 -5 -6 7 8 9 -10 11 12 13 -14 15 16 -17 -18 -19 20 21 22 23 -24 -25 -26 27 28 29 -30 31 -32 33 34 35 -36
0xbf4b06374a3baaec 20542 -1 2 3 4 -5 -6 7 8 9 -10 11 12 13 -14 15 16 -17 -18 -19 20 21 22 23 -24 -25 -26 27 28 29 -30 31 -32 33 34 35 -36
0xb91d53989d22d32e 20542 -1 2 3 4 -5 -6 7 8 9 -10 11 12 13 -14 15 16 -17 -18 -19 20 21 22 23 -24 -25 -26 27 28 29 -30 31 -32 33 34 35 -36
0xe04747a1b574bc07 20542 -1 2 3 4 -5 -6 7 8 9 -10 11 12 13 -14 15 16 -17 -18 -19 20 21 22 23 -24 -25 -26 27 28 29 -30 31 -32 33 34 35 -36
0x2e25f0f7f55ab6bb 20542 -1 2 3 4 -5 -6 7 8 9 -10 11 12 13 -14 15 16 -17 -18 -19 20 21 22 23 -24 -25 -26 27 28 29 -30 31 -32 33 34 35 -36
0x8d2e517a6de51948 19334 -1 2 3 4 -5 -6 7 -8 9 -10 11 12 13 -14 15 16 -17 -18 -19 20 21 22 23 -24 -25 -26 27 28 29 -30 31 -32 33 34 35 -36
0xc0fab33dcbd2afd3 20542 -1 2 3 4 -5 -6 7 8 9 -10 11 12 13 -14 15 16 -17 -18 -19 20 21 22 23 -24 -25 -26 27 28 29 -30 31 -32 33 34 35 -36
0xa7bc100b81d6ce21 20542 -1 2 3 4 -5 -6 7 8 9 -10 11 12 13 -14 15 16 -17 -18 -19 20 21 22 23 -24 -25 -26 27 28 29 -30 31 -32 33 34 35 -36
0x1c05c8e11d33711f 20542 -1 2 3 4 -5 -6 7 8 9 -10 11 12 13 -14 15 16 -17 -18 -19 20 21 22 23 -24 -25 -26 27 28 29 -30 31 -32 33 34 35 -36
0xe7a1ad6e12bd705b 20542 -1 2 3 4 -5 -6 7 8 9 -10 11 12 13 -14 15 16 -17 -18 -19 20 21 22 23 -24 -25 -26 27 28 29 -30 31 -32 33 34 35 -36
0x31d5cb4c98fa6634 20542 -1 2 3 4 -5 -6 7 8 9 -10 11 12 13 -14 15 16 -17 -18 -19 20 21 22 23 -24 -25 -26 27 28 29 -30 31 -32 33 34 35 -36