0x7bad76a3646e53f7 10081 -1 -2 3 -4 -5 6 -7 -8 9 10 -11 -12 13 14 15 -16 17 18 19 -20 21 22 23 24 25 -26 27 -28 29 -30 -31 32 33 -34 35 36
0x2227476b32a80c42 10081 -1 -2 3 -4 -5 6 -7 -8 9 10 -11 12 -13 14 15 -16 17 18 19 -20 21 22 23 24 25 -26 27 -28 29 -30 -31 32 33 -34 35 36
0xf7f30f92cc843fe4 10081 -1 -2 3 -4 -5 6 -7 -8 9 10 -11 -12 13 14 15 -16 17 18 19 -20 21 22 23 24 25 -26 27 -28 29 -30 -31 32 33 -34 35 36
0xc5c38be51b6d2c6 10081 -1 -2 3 -4 -5 6 -7 -8 9 10 -11 -12 13 14 15 -16 17 18 19 -20 21 22 23 24 25 -26 27 -28 29 -30 -31 32 33 -34 35 36
0xef236f2781ac26e 10081 -1 -2 3 -4 -5 6 -7 -8 9 10 -11 12 -13 14 15 -16 17 18 19 -20 21 22 23 24 25 -26 27 -28 29 -30 -31 32 33 -34 35 36
0x860686a2cf20d3d0 10081 -1 -2 3 -4 -5 6 -7 -8 9 10 -11 -12 13 14 15 -16 17 18 19 -20 21 22 23 24 25 -26 27 -28 29 -30 -31 32 33 -34 35 36
0xb781387fc87cf175 10081 -1 -2 3 -4 -5 6 -7 -8 9 10 -11 -12 13 14 15 -16 17 18 19 -20 21 22 23 24 25 -26 27 -28 29 -30 -31 32 33 -34 35 36
0xc0f480f259b3ab47 10081 -1 -2 3 -4 -5 6 -7 -8 9 10 -11 -12 13 14 15 -16 17 18 19 -20 21 22 23 24 25 -26 27 -28 29 -30 -31 32 33 -34 35 36
0x9b0feed874a56c9a 10081 -1 -2 3 -4 -5 6 -7 -8 9 10 -11 12 -13 14 15 -16 17 18 19 -20 21 22 23 24 25 -26 27 -28 29 -30 -31 32 33 -34 35 36
0x7846a580a8bd947b 10081 -1 -2 3 -4 -5 6 -7 -8 9 10 -11 -12 13 14 15 -16 17 18 19 -20 21 22 23 24 25 -26 27 -28 29 -30 -31 32 33 -34 35 36
0xc0dd35ea3153dc3d 10081 -1 -2 3 -4 -5 6 -7 -8 9 10 -11 12 -13 14 15 -16 17 18 19 -20 21 22 23 24 25 -26 27 -28 29 -30 -31 32 33 -34 35 36
0x3730f338e842b840 10081 -1 -2 3 -4 -5 6 -7 -8 9 10 -11 -12 13 14 15 -16 17 18 19 -20 21 22 23 24 25 -26 27 -28 29 -30 -31 32 33 -34 35 36
0x7923de79aff59f05 10081 -1 -2 3 -4 -5 6 -7 -8 9 10 -11 -12 13 14 15 -16 17 18 19 -20 21 22 23 24 25 -26 27 -28 29 -30 -31 32 33 -34 35 36
0x266d8598847e6270 10081 -1 -2 3 -4 -5 6 -7 -8 9 10 -11 12 -13 14 15 -16 17 18 19 -20 21 22 23 24 25 -26 27 -28 29 -30 -31 32 33 -34 35 36
0xd26271a041d9075c 10081 -1 -2 3 -4 -5 6 -7 -8 9 10 -11 12 -13 14 15 -16 17 18 19 -20 21 22 23 24 25 -26 27 -28 29 -30 -31 32 33 -34 35 36
0x91d100327ca9c765 10081 -1 -2 3 -4 -5 6 -7 -8 9 10 -11 12 -13 14 15 -16 17 18 19 -20 21 22 23 24 25 -26 27 -28 29 -30 -31 32 33 -34 35 36
0x461bc44764b128f1 10081 -1 -2 3 -4 -5 6 -7 -8 9 10 -11 12 -13 14 15 -16 17 18 19 -20 21 22 23 24 25 -26 27 -28 29 -30 -31 32 33 -34 35 36
0xb4feca29532e5981 10081 -1 -2 3 -4 -5 6 -7 -8 9 10 -11 12 -13 14 15 -16 17 18 19 -20 21 22 23 24 25 -26 27 -28 29 -30 -31 32 33 -34 35 36
0x5bae5ab055b03637 10081 -1 -2 3 -4 -5 6 -7 -8 9 10 -11 -12 13 14 15 -16 17 18 19 -20 21 22 23 24 25 -26 27 -28 29 -30 -31 32 33 -34 35 36
0xab7b19ba15a9aea8 10081 -1 -2 3 -4 -5 6 -7 -8 9 10 -11 12 -13 14 15 -16 17 18 19 -20 21 22 23 24 25 -26 27 -28 29 -30 -31 32 33 -34 35 36
0x283d7143f0967b1c 10081 -1 -2 3 -4 -5 6 -7 -8 9 10 -11 12 -13 14 15 -16 17 18 19 -20 21 22 23 24 25 -26 27 -28 29 -30 -31 32 33 -34 35 36
0xcc1cb85c7bb58c32 10081 -1 -2 3 -4 -5 6 -7 -8 9 10 -11 -12 13 14 15 -16 17 18 19 -20 21 22 23 24 25 -26 27 -28 29 -30 -31 32 33 -34 35 36
0x57bedb09ead2930e 10081 -1 -2 3 -4 -5 6 -7 -8 9 10 -11 -12 13 14 15 -16 17 18 19 -20 21 22 23 24 25 -26 27 -28 29 -30 -31 32 33 -34 35 36
0x1dac541578b44676 10081 -1 -2 3 -4 -5 6 -7 -8 9 10 -11 12 -13 14 15 -16 17 18 19 -20 21 22 23 24 25 -26 27 -28 29 -30 -31 32 33 -34 35 36
0x14c2a89e319027d5 10081 -1 -2 3 -4 -5 6 -7 -8 9 10 -11 -12 13 14 15 -16 17 18 19 -20 21 22 23 24 25 -26 27 -28 29 -30 -31 32 33 -34 35 36
0x19a33c77eed59668 10081 -1 -2 3 -4 -5 6 -7 -8 9 10 -11 12 -13 14 15 -16 17 18 19 -20 21 22 23 24 25 -26 27 -28 29 -30 -31 32 33 -34 35 36
0x1594b7c55a403aab 10081 -1 -2 3 -4 -5 6 -7 -8 9 10 -11 12 -13 14 15 -16 17 18 19 -20 21 22 23 24 25 -26 27 -28 29 -30 -31 32 33 -34 35 36
0xec5639d19b465604 10081 -1 -2 3 -4 -5 6 -7 -8 9 10 -11 -12 13 14 15 -16 17 18 19 -20 21 22 23 24 25 -26 27 -28 29 -30 -31 32 33 -34 35 36
0xdafed5343791c2ad 10081 -1 -2 3 -4 -5 6 -7 -8 9 10 -11 12 -13 14 15 -16 17 18 19 -20 21 22 23 24 25 -26 27 -28 29 -30 -31 32 33 -34 35 36
0x7bbb1122f5b8afe7 10081 -1 -2 3 -4 -5 6 -7 -8 9 10 -11 12 -13 14 15 -16 17 18 19 -20 21 22 23 24 25 -26 27 -28 29 -30 -31 32 33 -34 35 36