0x918ea18be8f4cd28 5155 -1 2 -3 -4 -5 -6 7 8 9 10 11 12 -13 -14 -15 -16 -17 18 19 20 -21 22 23 24 25 26 -27 28 29 30 -31 -32 -33 34 -35 -36
0xd9d9ceffd0bbb4dc 5155 -1 2 -3 -4 -5 -6 7 8 9 10 11 12 -13 -14 -15 -16 -17 18 19 20 -21 22 23 24 25 26 -27 28 29 30 -31 -32 -33 34 -35 -36
0x64d883602db65c86 5155 -1 2 -3 -4 -5 -6 7 8 9 10 11 12 -13 -14 -15 -16 -17 18 19 20 -21 22 23 24 25 26 -27 28 29 30 -31 -32 -33 34 -35 -36
0x7a8c0ab4fd6262e9 5155 -1 2 -3 -4 -5 -6 7 8 9 10 11 12 -13 -14 -15 -16 -17 18 19 20 -21 22 23 24 25 26 -27 28 29 30 -31 -32 -33 34 -35 -36
0xd35b8b5ce3c30a98 3442 -1 2 -3 -4 -5 -6 7 8 9 10 11 12 -13 -14 -15 -16 -17 18 19 20 -21 -22 23 24 25 26 -27 28 29 30 -31 -32 -33 34 -35 -36
0x763a0a755563280e 5155 -1 2 -3 -4 -5 -6 7 8 9 10 11 12 -13 -14 -15 -16 -17 18 19 20 -21 22 23 24 25 26 -27 28 29 30 -31 -32 -33 34 -35 -36
0x889fbeb28867c40f 5155 -1 2 -3 -4 -5 -6 7 8 9 10 11 12 -13 -14 -15 -16 -17 18 19 20 -21 22 23 24 25 26 -27 28 29 30 -31 -32 -33 34 -35 -36
0xf0aac24e9b177e5e 3442 -1 2 -3 -4 -5 -6 7 8 9 10 11 12 -13 -14 -15 -16 -17 18 19 20 -21 -22 23 24 25 26 -27 28 29 30 -31 -32 -33 34 -35 -36
0xf603de11299030a1 5155 -1 2 -3 -4 -5 -6 7 8 9 10 11 12 -13 -14 -15 -16 -17 18 19 20 -21 22 23 24 25 26 -27 28 29 30 -31 -32 -33 34 -35 -36
0x80d029bacd8add91 5155 -1 2 -3 -4 -5 -6 7 8 9 10 11 12 -13 -14 -15 -16 -17 18 19 20 -21 22 23 24 25 26 -27 28 29 30 -31 -32 -33 34 -35 -36
0xac5b7d99b6d03866 5155 -1 2 -3 -4 -5 -6 7 8 9 10 11 12 -13 -14 -15 -16 -17 18 19 20 -21 22 23 24 25 26 -27 28 29 30 -31 -32 -33 34 -35 -36
0x5026f167c72e5082 5155 -1 2 -3 -4 -5 -6 7 8 9 10 11 12 -13 -14 -15 -16 -17 18 19 20 -21 22 23 24 25 26 -27 28 29 30 -31 -32 -33 34 -35 -36
0xe2e1e464b59a2d5d 5155 -1 2 -3 -4 -5 -6 7 8 9 10 11 12 -13 -14 -15 -16 -17 18 19 20 -21 22 23 24 25 26 -27 28 29 30 -31 -32 -33 34 -35 -36
0x28cb4ab4d1ee66b1 5155 -1 2 -3 -4 -5 -6 7 8 9 10 11 12 -13 -14 -15 -16 -17 18 19 20 -21 22 23 24 25 26 -27 28 29 30 -31 -32 -33 34 -35 -36
0xaf4c3bfb41aa04e7 5155 -1 2 -3 -4 -5 -6 7 8 9 10 11 12 -13 -14 -15 -16 -17 18 19 20 -21 22 23 24 25 26 -27 28 29 30 -31 -32 -33 34 -35 -36
0x5b8bff376e7135c1 5155 -1 2 -3 -4 -5 -6 7 8 9 10 11 12 -13 -14 -15 -16 -17 18 19 20 -21 22 23 24 25 26 -27 28 29 30 -31 -32 -33 34 -35 -36
0xb6890fdde51ba148 5155 -1 2 -3 -4 -5 -6 7 8 9 10 11 12 -13 -14 -15 -16 -17 18 19 20 -21 22 23 24 25 26 -27 28 29 30 -31 -32 -33 34 -35 -36
0x1029d837e0126af8 5155 -1 2 -3 -4 -5 -6 7 8 9 10 11 12 -13 -14 -15 -16 -17 18 19 20 -21 22 23 24 25 26 -27 28 29 30 -31 -32 -33 34 -35 -36
0x6069d230a7632be2 5155 -1 2 -3 -4 -5 -6 7 8 9 10 11 12 -13 -14 -15 -16 -17 18 19 20 -21 22 23 24 25 26 -27 28 29 30 -31 -32 -33 34 -35 -36
0x7981fd1f02ddd2c2 5155 -1 2 -3 -4 -5 -6 7 8 9 10 11 12 -13 -14 -15 -16 -17 18 19 20 -21 22 23 24 25 26 -27 28 29 30 -31 -32 -33 34 -35 -36
0x126b48a10e528e2e 5155 -1 2 -3 -4 -5 -6 7 8 9 10 11 12 -13 -14 -15 -16 -17 18 19 20 -21 22 23 24 25 26 -27 28 29 30 -31 -32 -33 34 -35 -36
0xb5d6d6acb79dd9b 5155 -1 2 -3 -4 -5 -6 7 8 9 10 11 12 -13 -14 -15 -16 -17 18 19 20 -21 22 23 24 25 26 -27 28 29 30 -31 -32 -33 34 -35 -36
0x80a970c4590359d3 5155 -1 2 -3 -4 -5 -6 7 8 9 10 11 12 -13 -14 -15 -16 -17 18 19 20 -21 22 23 24 25 26 -27 28 29 30 -31 -32 -33 34 -35 -36
0x237403bdfed02986 5155 -1 2 -3 -4 -5 -6 7 8 9 10 11 12 -13 -14 -15 -16 -17 18 19 20 -21 22 23 24 25 26 -27 28 29 30 -31 -32 -33 34 -35 -36
0x97e27db622751013 5155 -1 2 -3 -4 -5 -6 7 8 9 10 11 12 -13 -14 -15 -16 -17 18 19 20 -21 22 23 24 25 26 -27 28 29 30 -31 -32 -33 34 -35 -36
0xf25b8e0b9cc50298 5155 -1 2 -3 -4 -5 -6 7 8 9 10 11 12 -13 -14 -15 -16 -17 18 19 20 -21 22 23 24 25 26 -27 28 29 30 -31 -32 -33 34 -35 -36
0x42720122ed116f38 5155 -1 2 -3 -4 -5 -6 7 8 9 10 11 12 -13 -14 -15 -16 -17 18 19 20 -21 22 23 24 25 26 -27 28 29 30 -31 -32 -33 34 -35 -36
0x2101349c7b05a2ac 5155 -1 2 -3 -4 -5 -6 7 8 9 10 11 12 -13 -14 -15 -16 -17 18 19 20 -21 22 23 24 25 26 -27 28 29 30 -31 -32 -33 34 -35 -36
0x8f3016ce4ac6f80d 5155 -1 2 -3 -4 -5 -6 7 8 9 10 11 12 -13 -14 -15 -16 -17 18 19 20 -21 22 23 24 25 26 -27 28 29 30 -31 -32 -33 34 -35 -36
0x18b8cd89b293bee1 5155 -1 2 -3 -4 -5 -6 7 8 9 10 11 12 -13 -14 -15 -16 -17 18 19 20 -21 22 23 24 25 26 -27 28 29 30 -31 -32 -33 34 -35 -36