0x648be7364689047b 8798 1 2 3 4 5 6 7 -8 9 -10 -11 12 -13 -14 15 16 17 18 -19 20 -21 -22 23 24 25 26 27 28 29 30 -31 32 33 34 35 36
0x68350d49832b68db 8798 1 2 3 4 5 6 7 -8 9 -10 -11 12 -13 -14 15 16 17 18 -19 20 -21 -22 23 24 25 26 27 28 29 30 -31 32 33 34 35 36
0x89abeac3ead34e4 8798 1 2 3 4 5 6 7 -8 9 -10 -11 12 -13 -14 15 16 17 18 -19 20 -21 -22 23 24 25 26 27 28 29 30 -31 32 33 34 35 36
0x8d09a59a261cf28d 8798 1 2 3 4 5 6 7 -8 9 -10 -11 12 -13 -14 15 16 17 18 -19 20 -21 -22 23 24 25 26 27 28 29 30 -31 32 33 34 35 36
0xf9cc14bea1157732 8798 1 2 3 4 5 6 7 -8 9 -10 -11 12 -13 -14 15 16 17 18 -19 20 -21 -22 23 24 25 26 27 28 29 30 -31 32 33 34 35 36
0x55b0a79dab611b23 8798 1 2 3 4 5 6 7 -8 9 -10 -11 12 -13 -14 15 16 17 18 -19 20 -21 -22 23 24 25 26 27 28 29 30 -31 32 33 34 35 36
0xf4cf8c87516cb945 8798 1 2 3 4 5 6 7 -8 9 -10 -11 12 -13 -14 15 16 17 18 -19 20 -21 -22 23 24 25 26 27 28 29 30 -31 32 33 34 35 36
0xa1660fd9b829dfa6 8798 1 2 3 4 5 6 7 -8 9 -10 -11 12 -13 -14 15 16 17 18 -19 20 -21 -22 23 24 25 26 27 28 29 30 -31 32 33 34 35 36
0x641d027da56bda41 8798 1 2 3 4 5 6 7 -8 9 -10 -11 12 -13 -14 15 16 17 18 -19 20 -21 -22 23 24 25 26 27 28 29 30 -31 32 33 34 35 36
0x97e717a12f1c840e 8798 1 2 3 4 5 6 7 -8 9 -10 -11 12 -13 -14 15 16 17 18 -19 20 -21 -22 23 24 25 26 27 28 29 30 -31 32 33 34 35 36
0xffec7d1eb593c1c2 8798 1 2 3 4 5 6 7 -8 9 -10 -11 12 -13 -14 15 16 17 18 -19 20 -21 -22 23 24 25 26 27 28 29 30 -31 32 33 34 35 36
0xa260fe3c4bdc924b 8798 1 2 3 4 5 6 7 -8 9 -10 -11 12 -13 -14 15 16 17 18 -19 20 -21 -22 23 24 25 26 27 28 29 30 -31 32 33 34 35 36
0xa172e9203d8f1c4c 8798 1 2 3 4 5 6 7 -8 9 -10 -11 12 -13 -14 15 16 17 18 -19 20 -21 -22 23 24 25 26 27 28 29 30 -31 32 33 34 35 36
0x663d1eb467d6a557 8798 1 2 3 4 5 6 7 -8 9 -10 -11 12 -13 -14 15 16 17 18 -19 20 -21 -22 23 24 25 26 27 28 29 30 -31 32 33 34 35 36
0x3ef70c35705cb5ca 8798 1 2 3 4 5 6 7 -8 9 -10 -11 12 -13 -14 15 16 17 18 -19 20 -21 -22 23 24 25 26 27 28 29 30 -31 32 33 34 35 36
0xc72bb7a127bbaa34 8798 1 2 3 4 5 6 7 -8 9 -10 -11 12 -13 -14 15 16 17 18 -19 20 -21 -22 23 24 25 26 27 28 29 30 -31 32 33 34 35 36
0xaf9455d293500ba8 8798 1 2 3 4 5 6 7 -8 9 -10 -11 12 -13 -14 15 16 17 18 -19 20 -21 -22 23 24 25 26 27 28 29 30 -31 32 33 34 35 36
0x9f97c02d88ff77aa 8798 1 2 3 4 5 6 7 -8 9 -10 -11 12 -13 -14 15 16 17 18 -19 20 -21 -22 23 24 25 26 27 28 29 30 -31 32 33 34 35 36
0xde29906018973a5 8798 1 2 3 4 5 6 7 -8 9 -10 -11 12 -13 -14 15 16 17 18 -19 20 -21 -22 23 24 25 26 27 28 29 30 -31 32 33 34 35 36
0x6c6a3da51780dd3f 8798 1 2 3 4 5 6 7 -8 9 -10 -11 12 -13 -14 15 16 17 18 -19 20 -21 -22 23 24 25 26 27 28 29 30 -31 32 33 34 35 36
0x2daff31bcc7fcc36 8798 1 2 3 4 5 6 7 -8 9 -10 -11 12 -13 -14 15 16 17 18 -19 20 -21 -22 23 24 25 26 27 28 29 30 -31 32 33 34 35 36
0x8f1b24e2ff241624 8798 1 2 3 4 5 6 7 -8 9 -10 -11 12 -13 -14 15 16 17 18 -19 20 -21 -22 23 24 25 26 27 28 29 30 -31 32 33 34 35 36
0x5c79fe06e493079c 8798 1 2 3 4 5 6 7 -8 9 -10 -11 12 -13 -14 15 16 17 18 -19 20 -21 -22 23 24 25 26 27 28 29 30 -31 32 33 34 35 36
0x21a4c3648113e6b3 8798 1 2 3 4 5 6 7 -8 9 -10 -11 12 -13 -14 15 16 17 18 -19 20 -21 -22 23 24 25 26 27 28 29 30 -31 32 33 34 35 36
0x1a327fd933da9aa8 8798 1 2 3 4 5 6 7 -8 9 -10 -11 12 -13 -14 15 16 17 18 -19 20 -21 -22 23 24 25 26 27 28 29 30 -31 32 33 34 35 36
0x4bf3881766797895 8798 1 2 3 4 5 6 7 -8 9 -10 -11 12 -13 -14 15 16 17 18 -19 20 -21 -22 23 24 25 26 27 28 29 30 -31 32 33 34 35 36
0x1ba777cefd95305d 8798 1 2 3 4 5 6 7 -8 9 -10 -11 12 -13 -14 15 16 17 18 -19 20 -21 -22 23 24 25 26 27 28 29 30 -31 32 33 34 35 36
0x1f9964018f74e5d1 8798 1 2 3 4 5 6 7 -8 9 -10 -11 12 -13 -14 15 16 17 18 -19 20 -21 -22 23 24 25 26 27 28 29 30 -31 32 33 34 35 36
0x7c903e9e0baac225 8798 1 2 3 4 5 6 7 -8 9 -10 -11 12 -13 -14 15 16 17 18 -19 20 -21 -22 23 24 25 26 27 28 29 30 -31 32 33 34 35 36
0xeae0a761381f8993 8798 1 2 3 4 5 6 7 -8 9 -10 -11 12 -13 -14 15 16 17 18 -19 20 -21 -22 23 24 25 26 27 28 29 30 -31 32 33 34 35 36