0x71b2c598ed1fb57e 14591 -1 2 3 -4 5 6 7 -8 9 -10 -11 -12 13 -14 -15 16 -17 18 19 20 21 22 -23 -24 25 26 27 -28 -29 30 31 32 -33 -34 -35 36
0x571bd35e93880bf7 14655 -1 2 3 -4 -5 6 7 -8 9 -10 -11 -12 13 -14 -15 16 -17 18 19 20 21 22 -23 -24 25 26 27 -28 -29 30 31 32 -33 34 -35 36
0x967d0810f89a9838 14655 -1 2 3 -4 -5 6 7 -8 9 -10 -11 -12 13 -14 -15 16 -17 18 19 20 21 22 -23 -24 25 26 27 -28 -29 30 31 32 -33 34 -35 36
0xabcde09b6ad3ba5f 14655 -1 2 3 -4 -5 6 7 -8 9 -10 -11 -12 13 -14 -15 16 -17 18 19 20 21 22 -23 -24 25 26 27 -28 -29 30 31 32 -33 34 -35 36
0xd6458643fc47a8d5 14655 -1 2 3 -4 -5 6 7 -8 9 -10 -11 -12 13 -14 -15 16 -17 18 19 20 21 22 -23 -24 25 26 27 -28 -29 30 31 32 -33 34 -35 36
0x3874449230833cc 14655 -1 2 3 -4 -5 6 7 -8 9 -10 -11 -12 13 -14 -15 16 -17 18 19 20 21 22 -23 -24 25 26 27 -28 -29 30 31 32 -33 34 -35 36
0xe397ca3a8700ae68 14655 -1 2 3 -4 -5 6 7 -8 9 -10 -11 -12 13 -14 -15 16 -17 18 19 20 21 22 -23 -24 25 26 27 -28 -29 30 31 32 -33 34 -35 36
0xa4d99f9ab8215029 14591 -1 2 3 -4 5 6 7 -8 9 -10 -11 -12 13 -14 -15 16 -17 18 19 20 21 22 -23 -24 25 26 27 -28 -29 30 31 32 -33 -34 -35 36
0x776e04b43b749a9d 14591 -1 2 3 -4 5 6 7 -8 9 -10 -11 -12 13 -14 -15 16 -17 18 19 20 21 22 -23 -24 25 26 27 -28 -29 30 31 32 -33 -34 -35 36
0xb992bcb84c738f43 14655 -1 2 3 -4 -5 6 7 -8 9 -10 -11 -12 13 -14 -15 16 -17 18 19 20 21 22 -23 -24 25 26 27 -28 -29 30 31 32 -33 34 -35 36
0x4d995b088d20a4e 14591 -1 2 3 -4 5 6 7 -8 9 -10 -11 -12 13 -14 -15 16 -17 18 19 20 21 22 -23 -24 25 26 27 -28 -29 30 31 32 -33 -34 -35 36
0xea92f69b64c70e15 14655 -1 2 3 -4 -5 6 7 -8 9 -10 -11 -12 13 -14 -15 16 -17 18 19 20 21 22 -23 -24 25 26 27 -28 -29 30 31 32 -33 34 -35 36
0x8d305343153ad018 14655 -1 2 3 -4 -5 6 7 -8 9 -10 -11 -12 13 -14 -15 16 -17 18 19 20 21 22 -23 -24 25 26 27 -28 -29 30 31 32 -33 34 -35 36
0x3abbb645480f52b9 14655 -1 2 3 -4 -5 6 7 -8 9 -10 -11 -12 13 -14 -15 16 -17 18 19 20 21 22 -23 -24 25 26 27 -28 -29 30 31 32 -33 34 -35 36
0x31a2b1ea7e579e51 14655 -1 2 3 -4 -5 6 7 -8 9 -10 -11 -12 13 -14 -15 16 -17 18 19 20 21 22 -23 -24 25 26 27 -28 -29 30 31 32 -33 34 -35 36
0x665d56d16b093bd 14655 -1 2 3 -4 -5 6 7 -8 9 -10 -11 -12 13 -14 -15 16 -17 18 19 20 21 22 -23 -24 25 26 27 -28 -29 30 31 32 -33 34 -35 36
0x6e8edd6f21f2f92c 14655 -1 2 3 -4 -5 6 7 -8 9 -10 -11 -12 13 -14 -15 16 -17 18 19 20 21 22 -23 -24 25 26 27 -28 -29 30 31 32 -33 34 -35 36
0xdc54bbb8304dad27 14591 -1 2 3 -4 5 6 7 -8 9 -10 -11 -12 13 -14 -15 16 -17 18 19 20 21 22 -23 -24 25 26 27 -28 -29 30 31 32 -33 -34 -35 36
0xb0fb1cfe05e22b2b 13692 -1 2 3 -4 5 6 7 -8 9 -10 -11 -12 13 -14 -15 16 -17 18 -19 20 21 22 -23 -24 25 26 27 28 -29 30 31 32 -33 -34 -35 36
0xc1315633ad736cc3 14591 -1 2 3 -4 5 6 7 -8 9 -10 -11 -12 13 -14 -15 16 -17 18 19 20 21 22 -23 -24 25 26 27 -28 -29 30 31 32 -33 -34 -35 36
0xc9209bedf8be6de3 14655 -1 2 3 -4 -5 6 7 -8 9 -10 -11 -12 13 -14 -15 16 -17 18 19 20 21 22 -23 -24 25 26 27 -28 -29 30 31 32 -33 34 -35 36
0xe598cfb13368f5c2 14655 -1 2 3 -4 -5 6 7 -8 9 -10 -11 -12 13 -14 -15 16 -17 18 19 20 21 22 -23 -24 25 26 27 -28 -29 30 31 32 -33 34 -35 36
0x1affd568e9939870 14591 -1 2 3 -4 5 6 7 -8 9 -10 -11 -12 13 -14 -15 16 -17 18 19 20 21 22 -23 -24 25 26 27 -28 -29 30 31 32 -33 -34 -35 36
0x410122f1ed41fc3b 14655 -1 2 3 -4 -5 6 7 -8 9 -10 -11 -12 13 -14 -15 16 -17 18 19 20 21 22 -23 -24 25 26 27 -28 -29 30 31 32 -33 34 -35 36
0x25b00e5d6cb9159d 14655 -1 2 3 -4 -5 6 7 -8 9 -10 -11 -12 13 -14 -15 16 -17 18 19 20 21 22 -23 -24 25 26 27 -28 -29 30 31 32 -33 34 -35 36
0xd8d31bf015efc385 14655 -1 2 3 -4 -5 6 7 -8 9 -10 -11 -12 13 -14 -15 16 -17 18 19 20 21 22 -23 -24 25 26 27 -28 -29 30 31 32 -33 34 -35 36
0x73caab5b2eba79eb 14655 -1 2 3 -4 -5 6 7 -8 9 -10 -11 -12 13 -14 -15 16 -17 18 19 20 21 22 -23 -24 25 26 27 -28 -29 30 31 32 -33 34 -35 36
0xce98e0369e58a693 14655 -1 2 3 -4 -5 6 7 -8 9 -10 -11 -12 13 -14 -15 16 -17 18 19 20 21 22 -23 -24 25 26 27 -28 -29 30 31 32 -33 34 -35 36
0x8e69e1c5500abc21 14655 -1 2 3 -4 -5 6 7 -8 9 -10 -11 -12 13 -14 -15 16 -17 18 19 20 21 22 -23 -24 25 26 27 -28 -29 30 31 32 -33 34 -35 36
0xb290cde505640f5e 14655 -1 2 3 -4 -5 6 7 -8 9 -10 -11 -12 13 -14 -15 16 -17 18 19 20 21 22 -23 -24 25 26 27 -28 -29 30 31 32 -33 34 -35 36