0x690b2a0260c73908 19 -1 2 3 -4 5 6 7 -8 -9 -10 -11 12 13 14 15 16 -17 18 -19 -20 21 -22 23 24 25 26 -27 28 -29 -30 -31 -32 -33 34 -35 36
0x37bb2dfa706deef6 19 -1 2 3 -4 5 6 7 -8 -9 -10 -11 12 13 14 15 16 -17 18 -19 -20 21 -22 23 24 25 26 -27 28 -29 -30 -31 -32 -33 34 -35 36
0x37dd0b80eeb6bb07 19 -1 2 3 -4 5 6 7 -8 -9 -10 -11 12 13 14 15 16 -17 18 -19 -20 21 -22 23 24 25 26 -27 28 -29 -30 -31 -32 -33 34 -35 36
0x16058528ef188d7d 19 -1 2 3 -4 5 6 7 -8 -9 -10 -11 12 13 14 15 16 -17 18 -19 -20 21 -22 23 24 25 26 -27 28 -29 -30 -31 -32 -33 34 -35 36
0x710fc9b3a57a6420 19 -1 2 3 -4 5 6 7 -8 -9 -10 -11 12 13 14 15 16 -17 18 -19 -20 21 -22 23 24 25 26 -27 28 -29 -30 -31 -32 -33 34 -35 36
0x413c9ecc40210d85 19 -1 2 3 -4 5 6 7 -8 -9 -10 -11 12 13 14 15 16 -17 18 -19 -20 21 -22 23 24 25 26 -27 28 -29 -30 -31 -32 -33 34 -35 36
0x2ee230c14e7d841e 12347 -1 2 3 -4 5 -6 -7 -8 9 -10 -11 -12 13 14 15 16 17 -18 -19 -20 -21 -22 23 -24 -25 26 27 28 -29 30 31 32 -33 -34 -35 36
0x93fb9581a3461b86 19 -1 2 3 -4 5 6 7 -8 -9 -10 -11 12 13 14 15 16 -17 18 -19 -20 21 -22 23 24 25 26 -27 28 -29 -30 -31 -32 -33 34 -35 36
0x2a2d9edd98b5ec0b 19 -1 2 3 -4 5 6 7 -8 -9 -10 -11 12 13 14 15 16 -17 18 -19 -20 21 -22 23 24 25 26 -27 28 -29 -30 -31 -32 -33 34 -35 36
0x61a3d7fbceb2287c 19 -1 2 3 -4 5 6 7 -8 -9 -10 -11 12 13 14 15 16 -17 18 -19 -20 21 -22 23 24 25 26 -27 28 -29 -30 -31 -32 -33 34 -35 36
0x2271ca184a454a34 19 -1 2 3 -4 5 6 7 -8 -9 -10 -11 12 13 14 15 16 -17 18 -19 -20 21 -22 23 24 25 26 -27 28 -29 -30 -31 -32 -33 34 -35 36
0x129e47fd29c3f67 19 -1 2 3 -4 5 6 7 -8 -9 -10 -11 12 13 14 15 16 -17 18 -19 -20 21 -22 23 24 25 26 -27 28 -29 -30 -31 -32 -33 34 -35 36
0xcb5ca3ce33ba07ac 19 -1 2 3 -4 5 6 7 -8 -9 -10 -11 12 13 14 15 16 -17 18 -19 -20 21 -22 23 24 25 26 -27 28 -29 -30 -31 -32 -33 34 -35 36
0x70efd466d0aa6acc 19 -1 2 3 -4 5 6 7 -8 -9 -10 -11 12 13 14 15 16 -17 18 -19 -20 21 -22 23 24 25 26 -27 28 -29 -30 -31 -32 -33 34 -35 36
0x59721411fb4d9851 14403 1 2 3 -4 -5 6 7 -8 -9 10 -11 -12 13 -14 15 16 17 -18 -19 -20 -21 -22 23 -24 25 26 27 -28 29 30 31 -32 -33 34 -35 -36
0x99674023972558df 19 -1 2 3 -4 5 6 7 -8 -9 -10 -11 12 13 14 15 16 -17 18 -19 -20 21 -22 23 24 25 26 -27 28 -29 -30 -31 -32 -33 34 -35 36
0x3573d67fb72d7b0e 19 -1 2 3 -4 5 6 7 -8 -9 -10 -11 12 13 14 15 16 -17 18 -19 -20 21 -22 23 24 25 26 -27 28 -29 -30 -31 -32 -33 34 -35 36
0x83054b826e112b42 19 -1 2 3 -4 5 6 7 -8 -9 -10 -11 12 13 14 15 16 -17 18 -19 -20 21 -22 23 24 25 26 -27 28 -29 -30 -31 -32 -33 34 -35 36
0x18035dab4b27d261 19 -1 2 3 -4 5 6 7 -8 -9 -10 -11 12 13 14 15 16 -17 18 -19 -20 21 -22 23 24 25 26 -27 28 -29 -30 -31 -32 -33 34 -35 36
0x2bb0a03a66684240 19 -1 2 3 -4 5 6 7 -8 -9 -10 -11 12 13 14 15 16 -17 18 -19 -20 21 -22 23 24 25 26 -27 28 -29 -30 -31 -32 -33 34 -35 36
0x463c30995abf64e 19 -1 2 3 -4 5 6 7 -8 -9 -10 -11 12 13 14 15 16 -17 18 -19 -20 21 -22 23 24 25 26 -27 28 -29 -30 -31 -32 -33 34 -35 36
0x5a8113ab08ba347f 19 -1 2 3 -4 5 6 7 -8 -9 -10 -11 12 13 14 15 16 -17 18 -19 -20 21 -22 23 24 25 26 -27 28 -29 -30 -31 -32 -33 34 -35 36
0x6142f3c305c91a7c 19 -1 2 3 -4 5 6 7 -8 -9 -10 -11 12 13 14 15 16 -17 18 -19 -20 21 -22 23 24 25 26 -27 28 -29 -30 -31 -32 -33 34 -35 36
0x596340a75a84e309 19 -1 2 3 -4 5 6 7 -8 -9 -10 -11 12 13 14 15 16 -17 18 -19 -20 21 -22 23 24 25 26 -27 28 -29 -30 -31 -32 -33 34 -35 36
0x11d6e834b67befb6 19 -1 2 3 -4 5 6 7 -8 -9 -10 -11 12 13 14 15 16 -17 18 -19 -20 21 -22 23 24 25 26 -27 28 -29 -30 -31 -32 -33 34 -35 36
0x50d7ac88f066f718 19 -1 2 3 -4 5 6 7 -8 -9 -10 -11 12 13 14 15 16 -17 18 -19 -20 21 -22 23 24 25 26 -27 28 -29 -30 -31 -32 -33 34 -35 36
0x64aedcc48fa4ce71 19 -1 2 3 -4 5 6 7 -8 -9 -10 -11 12 13 14 15 16 -17 18 -19 -20 21 -22 23 24 25 26 -27 28 -29 -30 -31 -32 -33 34 -35 36
0x760a4b8fe737d29d 19 -1 2 3 -4 5 6 7 -8 -9 -10 -11 12 13 14 15 16 -17 18 -19 -20 21 -22 23 24 25 26 -27 28 -29 -30 -31 -32 -33 34 -35 36
0x2247ae3afc65dfd9 19 -1 2 3 -4 5 6 7 -8 -9 -10 -11 12 13 14 15 16 -17 18 -19 -20 21 -22 23 24 25 26 -27 28 -29 -30 -31 -32 -33 34 -35 36
0xa506eb9a9f2c394f 19 -1 2 3 -4 5 6 7 -8 -9 -10 -11 12 13 14 15 16 -17 18 -19 -20 21 -22 23 24 25 26 -27 28 -29 -30 -31 -32 -33 34 -35 36