0x8a1214e89be8eeba 14609 -1 -2 -3 -4 5 -6 7 8 9 10 -11 -12 -13 -14 -15 16 17 18 -19 20 21 -22 23 -24 25 26 27 -28 29 30 31 -32 33 -34 35 -36
0x575a539820a0bf8b 14609 -1 -2 -3 -4 5 -6 7 8 9 10 -11 -12 -13 -14 -15 16 17 18 -19 20 21 -22 23 -24 25 26 27 -28 29 30 31 -32 33 -34 35 -36
0x8540fea5d477c3f1 14609 -1 -2 -3 -4 5 -6 7 8 9 10 -11 -12 -13 -14 -15 16 17 18 -19 20 21 -22 23 -24 25 26 27 -28 29 30 31 -32 33 -34 35 -36
0x16e9bef7c77ac003 14609 -1 -2 -3 -4 5 -6 7 8 9 10 -11 -12 -13 -14 -15 16 17 18 -19 20 21 -22 23 -24 25 26 27 -28 29 30 31 -32 33 -34 35 -36
0x6710ca3ff062028c 14609 -1 -2 -3 -4 5 -6 7 8 9 10 -11 -12 -13 -14 -15 16 17 18 -19 20 21 -22 23 -24 25 26 27 -28 29 30 31 -32 33 -34 35 -36
0xb7a585b5ba0a241 14609 -1 -2 -3 -4 5 -6 7 8 9 10 -11 -12 -13 -14 -15 16 17 18 -19 20 21 -22 23 -24 25 26 27 -28 29 30 31 -32 33 -34 35 -36
0x57ac2f6dfa164daf 14609 -1 -2 -3 -4 5 -6 7 8 9 10 -11 -12 -13 -14 -15 16 17 18 -19 20 21 -22 23 -24 25 26 27 -28 29 30 31 -32 33 -34 35 -36
0xea683540c5a7d764 14609 -1 -2 -3 -4 5 -6 7 8 9 10 -11 -12 -13 -14 -15 16 17 18 -19 20 21 -22 23 -24 25 26 27 -28 29 30 31 -32 33 -34 35 -36
0x445d01dbfdf5ca5c 14609 -1 -2 -3 -4 5 -6 7 8 9 10 -11 -12 -13 -14 -15 16 17 18 -19 20 21 -22 23 -24 25 26 27 -28 29 30 31 -32 33 -34 35 -36
0x4930af60378692ae 14609 -1 -2 -3 -4 5 -6 7 8 9 10 -11 -12 -13 -14 -15 16 17 18 -19 20 21 -22 23 -24 25 26 27 -28 29 30 31 -32 33 -34 35 -36
0x5395632809840677 14609 -1 -2 -3 -4 5 -6 7 8 9 10 -11 -12 -13 -14 -15 16 17 18 -19 20 21 -22 23 -24 25 26 27 -28 29 30 31 -32 33 -34 35 -36
0xdabe4c1fe1e25b07 14609 -1 -2 -3 -4 5 -6 7 8 9 10 -11 -12 -13 -14 -15 16 17 18 -19 20 21 -22 23 -24 25 26 27 -28 29 30 31 -32 33 -34 35 -36
0xf08f126489a8d24b 14609 -1 -2 -3 -4 5 -6 7 8 9 10 -11 -12 -13 -14 -15 16 17 18 -19 20 21 -22 23 -24 25 26 27 -28 29 30 31 -32 33 -34 35 -36
0x7d7ef41e1362ac7b 14609 -1 -2 -3 -4 5 -6 7 8 9 10 -11 -12 -13 -14 -15 16 17 18 -19 20 21 -22 23 -24 25 26 27 -28 29 30 31 -32 33 -34 35 -36
0xaea40b99c0b92a05 14609 -1 -2 -3 -4 5 -6 7 8 9 10 -11 -12 -13 -14 -15 16 17 18 -19 20 21 -22 23 -24 25 26 27 -28 29 30 31 -32 33 -34 35 -36
0xa4f27aac221da9b9 14609 -1 -2 -3 -4 5 -6 7 8 9 10 -11 -12 -13 -14 -15 16 17 18 -19 20 21 -22 23 -24 25 26 27 -28 29 30 31 -32 33 -34 35 -36
0xefae7742987d2f35 14609 -1 -2 -3 -4 5 -6 7 8 9 10 -11 -12 -13 -14 -15 16 17 18 -19 20 21 -22 23 -24 25 26 27 -28 29 30 31 -32 33 -34 35 -36
0x889f754d0d74dd94 14609 -1 -2 -3 -4 5 -6 7 8 9 10 -11 -12 -13 -14 -15 16 17 18 -19 20 21 -22 23 -24 25 26 27 -28 29 30 31 -32 33 -34 35 -36
0xf3fde9cd4ea93253 14609 -1 -2 -3 -4 5 -6 7 8 9 10 -11 -12 -13 -14 -15 16 17 18 -19 20 21 -22 23 -24 25 26 27 -28 29 30 31 -32 33 -34 35 -36
0x599c633aecf80c84 14609 -1 -2 -3 -4 5 -6 7 8 9 10 -11 -12 -13 -14 -15 16 17 18 -19 20 21 -22 23 -24 25 26 27 -28 29 30 31 -32 33 -34 35 -36
0x8b9d77cb0e828e2 14609 -1 -2 -3 -4 5 -6 7 8 9 10 -11 -12 -13 -14 -15 16 17 18 -19 20 21 -22 23 -24 25 26 27 -28 29 30 31 -32 33 -34 35 -36
0x7dd368af378b1a87 14609 -1 -2 -3 -4 5 -6 7 8 9 10 -11 -12 -13 -14 -15 16 17 18 -19 20 21 -22 23 -24 25 26 27 -28 29 30 31 -32 33 -34 35 -36
0x3587efbbd4f0e4c6 14609 -1 -2 -3 -4 5 -6 7 8 9 10 -11 -12 -13 -14 -15 16 17 18 -19 20 21 -22 23 -24 25 26 27 -28 29 30 31 -32 33 -34 35 -36
0xb87efe8a0f8dda1c 14609 -1 -2 -3 -4 5 -6 7 8 9 10 -11 -12 -13 -14 -15 16 17 18 -19 20 21 -22 23 -24 25 26 27 -28 29 30 31 -32 33 -34 35 -36
0x5177609aa9f41c7c 14609 -1 -2 -3 -4 5 -6 7 8 9 10 -11 -12 -13 -14 -15 16 17 18 -19 20 21 -22 23 -24 25 26 27 -28 29 30 31 -32 33 -34 35 -36
0xa4c826f57f4862ca 14609 -1 -2 -3 -4 5 -6 7 8 9 10 -11 -12 -13 -14 -15 16 17 18 -19 20 21 -22 23 -24 25 26 27 -28 29 30 31 -32 33 -34 35 -36
0xac132b6f8536556d 14609 -1 -2 -3 -4 5 -6 7 8 9 10 -11 -12 -13 -14 -15 16 17 18 -19 20 21 -22 23 -24 25 26 27 -28 29 30 31 -32 33 -34 35 -36
0x6dfc1acf1cb7f615 14609 -1 -2 -3 -4 5 -6 7 8 9 10 -11 -12 -13 -14 -15 16 17 18 -19 20 21 -22 23 -24 25 26 27 -28 29 30 31 -32 33 -34 35 -36
0x71e4b2b79df71b33 14609 -1 -2 -3 -4 5 -6 7 8 9 10 -11 -12 -13 -14 -15 16 17 18 -19 20 21 -22 23 -24 25 26 27 -28 29 30 31 -32 33 -34 35 -36
0x12b30465cc7e161e 14609 -1 -2 -3 -4 5 -6 7 8 9 10 -11 -12 -13 -14 -15 16 17 18 -19 20 21 -22 23 -24 25 26 27 -28 29 30 31 -32 33 -34 35 -36