0x23544953104172af 88397 1 2 -3 4 -5 6 -7 8 9 10 11 12 -13 14 -15 -16 -17 18 -19 20 -21 -22 23 -24 -25 -26 -27 28 -29 -30 -31 -32 -33 34 35 36
0x7dacf3ffddf97402 88397 1 2 -3 4 -5 6 -7 8 9 10 11 12 -13 14 -15 -16 -17 18 -19 20 -21 -22 23 -24 -25 -26 -27 28 -29 -30 -31 -32 -33 34 35 36
0x92c7c0c5cb817336 88397 1 2 -3 4 -5 6 -7 8 9 10 11 12 -13 14 -15 -16 -17 18 -19 20 -21 -22 23 -24 -25 -26 -27 28 -29 -30 -31 -32 -33 34 35 36
0x67596c9fcdb883dc 88397 1 2 -3 4 -5 6 -7 8 9 10 11 12 -13 14 -15 -16 -17 18 -19 20 -21 -22 23 -24 -25 -26 -27 28 -29 -30 -31 -32 -33 34 35 36
0xbac81d3bd9bfb534 88397 1 2 -3 4 -5 6 -7 8 9 10 11 12 -13 14 -15 -16 -17 18 -19 20 -21 -22 23 -24 -25 -26 -27 28 -29 -30 -31 -32 -33 34 35 36
0x4f677ab2e6a18581 88397 1 2 -3 4 -5 6 -7 8 9 10 11 12 -13 14 -15 -16 -17 18 -19 20 -21 -22 23 -24 -25 -26 -27 28 -29 -30 -31 -32 -33 34 35 36
0xc73049dc657d5b0e 88397 1 2 -3 4 -5 6 -7 8 9 10 11 12 -13 14 -15 -16 -17 18 -19 20 -21 -22 23 -24 -25 -26 -27 28 -29 -30 -31 -32 -33 34 35 36
0xa141f2ba6f2ecde2 88397 1 2 -3 4 -5 6 -7 8 9 10 11 12 -13 14 -15 -16 -17 18 -19 20 -21 -22 23 -24 -25 -26 -27 28 -29 -30 -31 -32 -33 34 35 36
0x56c1a7633a4aa3d6 88397 1 2 -3 4 -5 6 -7 8 9 10 11 12 -13 14 -15 -16 -17 18 -19 20 -21 -22 23 -24 -25 -26 -27 28 -29 -30 -31 -32 -33 34 35 36
0x26a7bb2b7de9194d 88397 1 2 -3 4 -5 6 -7 8 9 10 11 12 -13 14 -15 -16 -17 18 -19 20 -21 -22 23 -24 -25 -26 -27 28 -29 -30 -31 -32 -33 34 35 36
0x28a1e91be37b4a4e 88397 1 2 -3 4 -5 6 -7 8 9 10 11 12 -13 14 -15 -16 -17 18 -19 20 -21 -22 23 -24 -25 -26 -27 28 -29 -30 -31 -32 -33 34 35 36
0x6d895f286f4d2d23 88397 1 2 -3 4 -5 6 -7 8 9 10 11 12 -13 14 -15 -16 -17 18 -19 20 -21 -22 23 -24 -25 -26 -27 28 -29 -30 -31 -32 -33 34 35 36
0xfeb1231db6b88640 88397 1 2 -3 4 -5 6 -7 8 9 10 11 12 -13 14 -15 -16 -17 18 -19 20 -21 -22 23 -24 -25 -26 -27 28 -29 -30 -31 -32 -33 34 35 36
0xcd32af44f036a4f3 88397 1 2 -3 4 -5 6 -7 8 9 10 11 12 -13 14 -15 -16 -17 18 -19 20 -21 -22 23 -24 -25 -26 -27 28 -29 -30 -31 -32 -33 34 35 36
0x6bb454c0057f39b7 88397 1 2 -3 4 -5 6 -7 8 9 10 11 12 -13 14 -15 -16 -17 18 -19 20 -21 -22 23 -24 -25 -26 -27 28 -29 -30 -31 -32 -33 34 35 36
0x3dc9d59a8af1f545 88397 1 2 -3 4 -5 6 -7 8 9 10 11 12 -13 14 -15 -16 -17 18 -19 20 -21 -22 23 -24 -25 -26 -27 28 -29 -30 -31 -32 -33 34 35 36
0x81655898cb8920fe 88397 1 2 -3 4 -5 6 -7 8 9 10 11 12 -13 14 -15 -16 -17 18 -19 20 -21 -22 23 -24 -25 -26 -27 28 -29 -30 -31 -32 -33 34 35 36
0xfd0400ababf32065 88397 1 2 -3 4 -5 6 -7 8 9 10 11 12 -13 14 -15 -16 -17 18 -19 20 -21 -22 23 -24 -25 -26 -27 28 -29 -30 -31 -32 -33 34 35 36
0x4602fd8a8d3f60a6 88397 1 2 -3 4 -5 6 -7 8 9 10 11 12 -13 14 -15 -16 -17 18 -19 20 -21 -22 23 -24 -25 -26 -27 28 -29 -30 -31 -32 -33 34 35 36
0x1b420c23515bc4fd 88397 1 2 -3 4 -5 6 -7 8 9 10 11 12 -13 14 -15 -16 -17 18 -19 20 -21 -22 23 -24 -25 -26 -27 28 -29 -30 -31 -32 -33 34 35 36
0x3d90a4faa2e254ad 88397 1 2 -3 4 -5 6 -7 8 9 10 11 12 -13 14 -15 -16 -17 18 -19 20 -21 -22 23 -24 -25 -26 -27 28 -29 -30 -31 -32 -33 34 35 36
0x8676b153c53d1001 88397 1 2 -3 4 -5 6 -7 8 9 10 11 12 -13 14 -15 -16 -17 18 -19 20 -21 -22 23 -24 -25 -26 -27 28 -29 -30 -31 -32 -33 34 35 36
0xc7a56410c31d2263 88397 1 2 -3 4 -5 6 -7 8 9 10 11 12 -13 14 -15 -16 -17 18 -19 20 -21 -22 23 -24 -25 -26 -27 28 -29 -30 -31 -32 -33 34 35 36
0x818f45225e1d7684 88397 1 2 -3 4 -5 6 -7 8 9 10 11 12 -13 14 -15 -16 -17 18 -19 20 -21 -22 23 -24 -25 -26 -27 28 -29 -30 -31 -32 -33 34 35 36
0x8cff2baa9d77d0da 88397 1 2 -3 4 -5 6 -7 8 9 10 11 12 -13 14 -15 -16 -17 18 -19 20 -21 -22 23 -24 -25 -26 -27 28 -29 -30 -31 -32 -33 34 35 36
0x9666e9e0cb5a168a 88397 1 2 -3 4 -5 6 -7 8 9 10 11 12 -13 14 -15 -16 -17 18 -19 20 -21 -22 23 -24 -25 -26 -27 28 -29 -30 -31 -32 -33 34 35 36
0x47b6150673d6aaa6 88397 1 2 -3 4 -5 6 -7 8 9 10 11 12 -13 14 -15 -16 -17 18 -19 20 -21 -22 23 -24 -25 -26 -27 28 -29 -30 -31 -32 -33 34 35 36
0x58e9c885bb810667 88397 1 2 -3 4 -5 6 -7 8 9 10 11 12 -13 14 -15 -16 -17 18 -19 20 -21 -22 23 -24 -25 -26 -27 28 -29 -30 -31 -32 -33 34 35 36
0x49b2b138e0c22b80 88397 1 2 -3 4 -5 6 -7 8 9 10 11 12 -13 14 -15 -16 -17 18 -19 20 -21 -22 23 -24 -25 -26 -27 28 -29 -30 -31 -32 -33 34 35 36
0xc57eece739f96b19 88397 1 2 -3 4 -5 6 -7 8 9 10 11 12 -13 14 -15 -16 -17 18 -19 20 -21 -22 23 -24 -25 -26 -27 28 -29 -30 -31 -32 -33 34 35 36