0x6b5c7725865149d6 125467 -1 2 3 -4 5 6 -7 8 9 10 11 12 13 -14 -15 16 17 18 19 20 21 -22 23 24 25 -26 -27 -28 -29 -30 31 32 -33 -34 35 36
0x9e28c3afdc2f3fe2 125467 -1 2 3 -4 5 6 -7 8 9 10 11 12 13 -14 -15 16 17 18 19 20 21 -22 23 24 25 -26 -27 -28 -29 -30 31 32 -33 -34 35 36
0x4fbfebfe71f6b206 125467 -1 2 3 -4 5 6 -7 8 9 10 11 12 13 -14 -15 16 17 18 19 20 21 -22 23 24 25 -26 -27 -28 -29 -30 31 32 -33 -34 35 36
0xa7c1b9fdd57f8cd6 125467 -1 2 3 -4 5 6 -7 8 9 10 11 12 13 -14 -15 16 17 18 19 20 21 -22 23 24 25 -26 -27 -28 -29 -30 31 32 -33 -34 35 36
0x671843fe83739c24 125467 -1 2 3 -4 5 6 -7 8 9 10 11 12 13 -14 -15 16 17 18 19 20 21 -22 23 24 25 -26 -27 -28 -29 -30 31 32 -33 -34 35 36
0xc013875de00065a3 125467 -1 2 3 -4 5 6 -7 8 9 10 11 12 13 -14 -15 16 17 18 19 20 21 -22 23 24 25 -26 -27 -28 -29 -30 31 32 -33 -34 35 36
0xd1c42bd26594a061 125467 -1 2 3 -4 5 6 -7 8 9 10 11 12 13 -14 -15 16 17 18 19 20 21 -22 23 24 25 -26 -27 -28 -29 -30 31 32 -33 -34 35 36
0x5b229b64e3d3050 125467 -1 2 3 -4 5 6 -7 8 9 10 11 12 13 -14 -15 16 17 18 19 20 21 -22 23 24 25 -26 -27 -28 -29 -30 31 32 -33 -34 35 36
0x9b63b959ebad6c43 125467 -1 2 3 -4 5 6 -7 8 9 10 11 12 13 -14 -15 16 17 18 19 20 21 -22 23 24 25 -26 -27 -28 -29 -30 31 32 -33 -34 35 36
0x4ef9627e179eb776 125467 -1 2 3 -4 5 6 -7 8 9 10 11 12 13 -14 -15 16 17 18 19 20 21 -22 23 24 25 -26 -27 -28 -29 -30 31 32 -33 -34 35 36
0x110b5bdc6adf2b05 125467 -1 2 3 -4 5 6 -7 8 9 10 11 12 13 -14 -15 16 17 18 19 20 21 -22 23 24 25 -26 -27 -28 -29 -30 31 32 -33 -34 35 36
0x16163a9d3e454f71 125467 -1 2 3 -4 5 6 -7 8 9 10 11 12 13 -14 -15 16 17 18 19 20 21 -22 23 24 25 -26 -27 -28 -29 -30 31 32 -33 -34 35 36
0x5f04f1e052fee620 125467 -1 2 3 -4 5 6 -7 8 9 10 11 12 13 -14 -15 16 17 18 19 20 21 -22 23 24 25 -26 -27 -28 -29 -30 31 32 -33 -34 35 36
0x2fa62238f1f0c2dc 125467 -1 2 3 -4 5 6 -7 8 9 10 11 12 13 -14 -15 16 17 18 19 20 21 -22 23 24 25 -26 -27 -28 -29 -30 31 32 -33 -34 35 36
0xb31ab92e5c1db552 125467 -1 2 3 -4 5 6 -7 8 9 10 11 12 13 -14 -15 16 17 18 19 20 21 -22 23 24 25 -26 -27 -28 -29 -30 31 32 -33 -34 35 36
0x518be0b9884a8292 125467 -1 2 3 -4 5 6 -7 8 9 10 11 12 13 -14 -15 16 17 18 19 20 21 -22 23 24 25 -26 -27 -28 -29 -30 31 32 -33 -34 35 36
0xf5b63ecc6454ee94 125467 -1 2 3 -4 5 6 -7 8 9 10 11 12 13 -14 -15 16 17 18 19 20 21 -22 23 24 25 -26 -27 -28 -29 -30 31 32 -33 -34 35 36
0xb41884c622f3d5af 125467 -1 2 3 -4 5 6 -7 8 9 10 11 12 13 -14 -15 16 17 18 19 20 21 -22 23 24 25 -26 -27 -28 -29 -30 31 32 -33 -34 35 36
0xf0d34eff88d65621 125467 -1 2 3 -4 5 6 -7 8 9 10 11 12 13 -14 -15 16 17 18 19 20 21 -22 23 24 25 -26 -27 -28 -29 -30 31 32 -33 -34 35 36
0x44885444ae58098c 125467 -1 2 3 -4 5 6 -7 8 9 10 11 12 13 -14 -15 16 17 18 19 20 21 -22 23 24 25 -26 -27 -28 -29 -30 31 32 -33 -34 35 36
0xfbc6e55345404e75 125467 -1 2 3 -4 5 6 -7 8 9 10 11 12 13 -14 -15 16 17 18 19 20 21 -22 23 24 25 -26 -27 -28 -29 -30 31 32 -33 -34 35 36
0x1fd3bc5d2442a1c5 125467 -1 2 3 -4 5 6 -7 8 9 10 11 12 13 -14 -15 16 17 18 19 20 21 -22 23 24 25 -26 -27 -28 -29 -30 31 32 -33 -34 35 36
0x82da1c8aa436084a 125467 -1 2 3 -4 5 6 -7 8 9 10 11 12 13 -14 -15 16 17 18 19 20 21 -22 23 24 25 -26 -27 -28 -29 -30 31 32 -33 -34 35 36
0xb45303572a0d838d 125467 -1 2 3 -4 5 6 -7 8 9 10 11 12 13 -14 -15 16 17 18 19 20 21 -22 23 24 25 -26 -27 -28 -29 -30 31 32 -33 -34 35 36
0x4d25e098928ed3df 125467 -1 2 3 -4 5 6 -7 8 9 10 11 12 13 -14 -15 16 17 18 19 20 21 -22 23 24 25 -26 -27 -28 -29 -30 31 32 -33 -34 35 36
0x47ce0743b124706c 125467 -1 2 3 -4 5 6 -7 8 9 10 11 12 13 -14 -15 16 17 18 19 20 21 -22 23 24 25 -26 -27 -28 -29 -30 31 32 -33 -34 35 36
0xff83ca5c7d57e03f 125467 -1 2 3 -4 5 6 -7 8 9 10 11 12 13 -14 -15 16 17 18 19 20 21 -22 23 24 25 -26 -27 -28 -29 -30 31 32 -33 -34 35 36
0x5810fa74e7e81a6a 125467 -1 2 3 -4 5 6 -7 8 9 10 11 12 13 -14 -15 16 17 18 19 20 21 -22 23 24 25 -26 -27 -28 -29 -30 31 32 -33 -34 35 36
0x1ce0181707f1abe2 125467 -1 2 3 -4 5 6 -7 8 9 10 11 12 13 -14 -15 16 17 18 19 20 21 -22 23 24 25 -26 -27 -28 -29 -30 31 32 -33 -34 35 36
0xe4fbb78ab265211f 125467 -1 2 3 -4 5 6 -7 8 9 10 11 12 13 -14 -15 16 17 18 19 20 21 -22 23 24 25 -26 -27 -28 -29 -30 31 32 -33 -34 35 36