0xbce19f27c55f1f10 253591 1 -2 -3 4 5 6 7 8 -9 10 11 12 13 -14 15 16 17 18 19 20 21 22 23 -24 25 -26 -27 -28 29 -30 31 32 33 34 35 -36
0x714673cef2db6a70 253591 1 -2 -3 4 5 6 7 8 -9 10 11 12 13 -14 15 16 17 18 19 20 21 22 23 -24 25 -26 -27 -28 29 -30 31 32 33 34 35 -36
0x3b9ee346c82f369f 253591 1 -2 -3 4 5 6 7 8 -9 10 11 12 13 -14 15 16 17 18 19 20 21 22 23 -24 25 -26 -27 -28 29 -30 31 32 33 34 35 -36
0x28371aba999a1488 253591 1 -2 -3 4 5 6 7 8 -9 10 11 12 13 -14 15 16 17 18 19 20 21 22 23 -24 25 -26 -27 -28 29 -30 31 32 33 34 35 -36
0x6c76b7af50d8b26a 253591 1 -2 -3 4 5 6 7 8 -9 10 11 12 13 -14 15 16 17 18 19 20 21 22 23 -24 25 -26 -27 -28 29 -30 31 32 33 34 35 -36
0x95bb59a6e4d7dd1a 253591 1 -2 -3 4 5 6 7 8 -9 10 11 12 13 -14 15 16 17 18 19 20 21 22 23 -24 25 -26 -27 -28 29 -30 31 32 33 34 35 -36
0xfa812491bb7fc3c 253591 1 -2 -3 4 5 6 7 8 -9 10 11 12 13 -14 15 16 17 18 19 20 21 22 23 -24 25 -26 -27 -28 29 -30 31 32 33 34 35 -36
0x68d0231172a87b79 253591 1 -2 -3 4 5 6 7 8 -9 10 11 12 13 -14 15 16 17 18 19 20 21 22 23 -24 25 -26 -27 -28 29 -30 31 32 33 34 35 -36
0x82bf100e996e53be 253591 1 -2 -3 4 5 6 7 8 -9 10 11 12 13 -14 15 16 17 18 19 20 21 22 23 -24 25 -26 -27 -28 29 -30 31 32 33 34 35 -36
0xdddf08a0c02fd01b 253591 1 -2 -3 4 5 6 7 8 -9 10 11 12 13 -14 15 16 17 18 19 20 21 22 23 -24 25 -26 -27 -28 29 -30 31 32 33 34 35 -36
0xd71d1faa9b0303b1 253591 1 -2 -3 4 5 6 7 8 -9 10 11 12 13 -14 15 16 17 18 19 20 21 22 23 -24 25 -26 -27 -28 29 -30 31 32 33 34 35 -36
0xc3b835ddbdf63298 253591 1 -2 -3 4 5 6 7 8 -9 10 11 12 13 -14 15 16 17 18 19 20 21 22 23 -24 25 -26 -27 -28 29 -30 31 32 33 34 35 -36
0xf6cd1d51c0a7d1d5 253591 1 -2 -3 4 5 6 7 8 -9 10 11 12 13 -14 15 16 17 18 19 20 21 22 23 -24 25 -26 -27 -28 29 -30 31 32 33 34 35 -36
0x6cf247c5ba4b86c5 253591 1 -2 -3 4 5 6 7 8 -9 10 11 12 13 -14 15 16 17 18 19 20 21 22 23 -24 25 -26 -27 -28 29 -30 31 32 33 34 35 -36
0xf6289fbec409ff50 253591 1 -2 -3 4 5 6 7 8 -9 10 11 12 13 -14 15 16 17 18 19 20 21 22 23 -24 25 -26 -27 -28 29 -30 31 32 33 34 35 -36
0x72a344dad66cb972 253591 1 -2 -3 4 5 6 7 8 -9 10 11 12 13 -14 15 16 17 18 19 20 21 22 23 -24 25 -26 -27 -28 29 -30 31 32 33 34 35 -36
0xa43030f6a56eefe3 253591 1 -2 -3 4 5 6 7 8 -9 10 11 12 13 -14 15 16 17 18 19 20 21 22 23 -24 25 -26 -27 -28 29 -30 31 32 33 34 35 -36
0x69ccfaadb44b468f 253591 1 -2 -3 4 5 6 7 8 -9 10 11 12 13 -14 15 16 17 18 19 20 21 22 23 -24 25 -26 -27 -28 29 -30 31 32 33 34 35 -36
0x8dd0f8258ec521d1 253591 1 -2 -3 4 5 6 7 8 -9 10 11 12 13 -14 15 16 17 18 19 20 21 22 23 -24 25 -26 -27 -28 29 -30 31 32 33 34 35 -36
0x1f3f5db4b63b44bb 253591 1 -2 -3 4 5 6 7 8 -9 10 11 12 13 -14 15 16 17 18 19 20 21 22 23 -24 25 -26 -27 -28 29 -30 31 32 33 34 35 -36
0xc27d33e7175fcfa9 253591 1 -2 -3 4 5 6 7 8 -9 10 11 12 13 -14 15 16 17 18 19 20 21 22 23 -24 25 -26 -27 -28 29 -30 31 32 33 34 35 -36
0x8c12d28eec184bd8 253591 1 -2 -3 4 5 6 7 8 -9 10 11 12 13 -14 15 16 17 18 19 20 21 22 23 -24 25 -26 -27 -28 29 -30 31 32 33 34 35 -36
0xf282392af5c5ef06 253591 1 -2 -3 4 5 6 7 8 -9 10 11 12 13 -14 15 16 17 18 19 20 21 22 23 -24 25 -26 -27 -28 29 -30 31 32 33 34 35 -36
0x9824a47ac60d9428 253591 1 -2 -3 4 5 6 7 8 -9 10 11 12 13 -14 15 16 17 18 19 20 21 22 23 -24 25 -26 -27 -28 29 -30 31 32 33 34 35 -36
0x3a2e36def7a68152 253591 1 -2 -3 4 5 6 7 8 -9 10 11 12 13 -14 15 16 17 18 19 20 21 22 23 -24 25 -26 -27 -28 29 -30 31 32 33 34 35 -36
0xb3d9618c1c3a04d9 253591 1 -2 -3 4 5 6 7 8 -9 10 11 12 13 -14 15 16 17 18 19 20 21 22 23 -24 25 -26 -27 -28 29 -30 31 32 33 34 35 -36
0x52fa6808815772d8 253591 1 -2 -3 4 5 6 7 8 -9 10 11 12 13 -14 15 16 17 18 19 20 21 22 23 -24 25 -26 -27 -28 29 -30 31 32 33 34 35 -36
0x744cd33e2b63aad6 253591 1 -2 -3 4 5 6 7 8 -9 10 11 12 13 -14 15 16 17 18 19 20 21 22 23 -24 25 -26 -27 -28 29 -30 31 32 33 34 35 -36
0x5e68f73807555c7c 253591 1 -2 -3 4 5 6 7 8 -9 10 11 12 13 -14 15 16 17 18 19 20 21 22 23 -24 25 -26 -27 -28 29 -30 31 32 33 34 35 -36
0xb64f221cc22266aa 253591 1 -2 -3 4 5 6 7 8 -9 10 11 12 13 -14 15 16 17 18 19 20 21 22 23 -24 25 -26 -27 -28 29 -30 31 32 33 34 35 -36