0x2470bfb0bec4564c 189693 -1 -2 3 -4 -5 6 -7 8 -9 10 11 -12 13 -14 -15 16 17 18 19 20 21 -22 23 24 25 -26 27 28 -29 -30 31 32 -33 34 35 36
0x7895877347e7053f 189693 -1 -2 3 -4 -5 6 -7 8 -9 10 11 -12 13 -14 -15 16 17 18 19 20 21 -22 23 24 25 -26 27 28 -29 -30 31 32 -33 34 35 36
0xd0f45359c45a144 189693 -1 -2 3 -4 -5 6 -7 8 -9 10 11 -12 13 -14 -15 16 17 18 19 20 21 -22 23 24 25 -26 27 28 -29 -30 31 32 -33 34 35 36
0x9f43fea9c2c13020 189693 -1 -2 3 -4 -5 6 -7 8 -9 10 11 -12 13 -14 -15 16 17 18 19 20 21 -22 23 24 25 -26 27 28 -29 -30 31 32 -33 34 35 36
0x9a73f20ceaf85d0d 189693 -1 -2 3 -4 -5 6 -7 8 -9 10 11 -12 13 -14 -15 16 17 18 19 20 21 -22 23 24 25 -26 27 28 -29 -30 31 32 -33 34 35 36
0x25d861023897d60f 189693 -1 -2 3 -4 -5 6 -7 8 -9 10 11 -12 13 -14 -15 16 17 18 19 20 21 -22 23 24 25 -26 27 28 -29 -30 31 32 -33 34 35 36
0x35fc79828af160f2 189693 -1 -2 3 -4 -5 6 -7 8 -9 10 11 -12 13 -14 -15 16 17 18 19 20 21 -22 23 24 25 -26 27 28 -29 -30 31 32 -33 34 35 36
0xb256959cad128c4 189693 -1 -2 3 -4 -5 6 -7 8 -9 10 11 -12 13 -14 -15 16 17 18 19 20 21 -22 23 24 25 -26 27 28 -29 -30 31 32 -33 34 35 36
0x582141a80af99b58 189693 -1 -2 3 -4 -5 6 -7 8 -9 10 11 -12 13 -14 -15 16 17 18 19 20 21 -22 23 24 25 -26 27 28 -29 -30 31 32 -33 34 35 36
0x475aaa5fdecbd6c2 189693 -1 -2 3 -4 -5 6 -7 8 -9 10 11 -12 13 -14 -15 16 17 18 19 20 21 -22 23 24 25 -26 27 28 -29 -30 31 32 -33 34 35 36
0x554f65ca12e2a6df 189693 -1 -2 3 -4 -5 6 -7 8 -9 10 11 -12 13 -14 -15 16 17 18 19 20 21 -22 23 24 25 -26 27 28 -29 -30 31 32 -33 34 35 36
0x70c7a40313a612cc 189693 -1 -2 3 -4 -5 6 -7 8 -9 10 11 -12 13 -14 -15 16 17 18 19 20 21 -22 23 24 25 -26 27 28 -29 -30 31 32 -33 34 35 36
0x26c2678c61d7a6c 189693 -1 -2 3 -4 -5 6 -7 8 -9 10 11 -12 13 -14 -15 16 17 18 19 20 21 -22 23 24 25 -26 27 28 -29 -30 31 32 -33 34 35 36
0x66993371678643e5 189693 -1 -2 3 -4 -5 6 -7 8 -9 10 11 -12 13 -14 -15 16 17 18 19 20 21 -22 23 24 25 -26 27 28 -29 -30 31 32 -33 34 35 36
0x58c598330751921 189693 -1 -2 3 -4 -5 6 -7 8 -9 10 11 -12 13 -14 -15 16 17 18 19 20 21 -22 23 24 25 -26 27 28 -29 -30 31 32 -33 34 35 36
0x8f4b031af887b54f 189693 -1 -2 3 -4 -5 6 -7 8 -9 10 11 -12 13 -14 -15 16 17 18 19 20 21 -22 23 24 25 -26 27 28 -29 -30 31 32 -33 34 35 36
0xf1dfd9f7efed4262 189693 -1 -2 3 -4 -5 6 -7 8 -9 10 11 -12 13 -14 -15 16 17 18 19 20 21 -22 23 24 25 -26 27 28 -29 -30 31 32 -33 34 35 36
0x43362fe2eded4e 189693 -1 -2 3 -4 -5 6 -7 8 -9 10 11 -12 13 -14 -15 16 17 18 19 20 21 -22 23 24 25 -26 27 28 -29 -30 31 32 -33 34 35 36
0xc2a4de3891f19030 189693 -1 -2 3 -4 -5 6 -7 8 -9 10 11 -12 13 -14 -15 16 17 18 19 20 21 -22 23 24 25 -26 27 28 -29 -30 31 32 -33 34 35 36
0x705caf1a892c1b66 189693 -1 -2 3 -4 -5 6 -7 8 -9 10 11 -12 13 -14 -15 16 17 18 19 20 21 -22 23 24 25 -26 27 28 -29 -30 31 32 -33 34 35 36
0xe257e99d409dff51 189693 -1 -2 3 -4 -5 6 -7 8 -9 10 11 -12 13 -14 -15 16 17 18 19 20 21 -22 23 24 25 -26 27 28 -29 -30 31 32 -33 34 35 36
0x2e1f1205e555cc0b 189693 -1 -2 3 -4 -5 6 -7 8 -9 10 11 -12 13 -14 -15 16 17 18 19 20 21 -22 23 24 25 -26 27 28 -29 -30 31 32 -33 34 35 36
0xaa7aaec37748e0cf 189693 -1 -2 3 -4 -5 6 -7 8 -9 10 11 -12 13 -14 -15 16 17 18 19 20 21 -22 23 24 25 -26 27 28 -29 -30 31 32 -33 34 35 36
0x2fce314a10bdb77c 189693 -1 -2 3 -4 -5 6 -7 8 -9 10 11 -12 13 -14 -15 16 17 18 19 20 21 -22 23 24 25 -26 27 28 -29 -30 31 32 -33 34 35 36
0x204dd83f8c799d85 189693 -1 -2 3 -4 -5 6 -7 8 -9 10 11 -12 13 -14 -15 16 17 18 19 20 21 -22 23 24 25 -26 27 28 -29 -30 31 32 -33 34 35 36
0x6c6357fdf3b4b602 189693 -1 -2 3 -4 -5 6 -7 8 -9 10 11 -12 13 -14 -15 16 17 18 19 20 21 -22 23 24 25 -26 27 28 -29 -30 31 32 -33 34 35 36
0x5ab9d20f958f5b2d 189693 -1 -2 3 -4 -5 6 -7 8 -9 10 11 -12 13 -14 -15 16 17 18 19 20 21 -22 23 24 25 -26 27 28 -29 -30 31 32 -33 34 35 36
0x6233b3b205c0b2ae 189693 -1 -2 3 -4 -5 6 -7 8 -9 10 11 -12 13 -14 -15 16 17 18 19 20 21 -22 23 24 25 -26 27 28 -29 -30 31 32 -33 34 35 36
0xd4197de6546140cd 189693 -1 -2 3 -4 -5 6 -7 8 -9 10 11 -12 13 -14 -15 16 17 18 19 20 21 -22 23 24 25 -26 27 28 -29 -30 31 32 -33 34 35 36
0x83d5ad80ca7f74be 189693 -1 -2 3 -4 -5 6 -7 8 -9 10 11 -12 13 -14 -15 16 17 18 19 20 21 -22 23 24 25 -26 27 28 -29 -30 31 32 -33 34 35 36