0x19fb522edda63b74 66308 1 2 3 4 -5 6 7 8 -9 10 11 12 -13 14 -15 16 17 18 19 -20 21 22 -23 24 -25 -26 27 28 -29 30 31 -32 -33 34 35 -36
0xa0934fbe91bb51bb 66308 1 2 3 4 -5 6 7 8 -9 10 11 12 -13 14 -15 16 17 18 19 -20 21 22 -23 24 -25 -26 27 28 -29 30 31 -32 -33 34 35 -36
0x3b8dc46f99834475 66308 1 2 3 4 -5 6 7 8 -9 10 11 12 -13 14 -15 16 17 18 19 -20 21 22 -23 24 -25 -26 27 28 -29 30 31 -32 -33 34 35 -36
0x9c0541f6d59cfdad 66308 1 2 3 4 -5 6 7 8 -9 10 11 12 -13 14 -15 16 17 18 19 -20 21 22 -23 24 -25 -26 27 28 -29 30 31 -32 -33 34 35 -36
0x3f4db8658fd08892 66308 1 2 3 4 -5 6 7 8 -9 10 11 12 -13 14 -15 16 17 18 19 -20 21 22 -23 24 -25 -26 27 28 -29 30 31 -32 -33 34 35 -36
0x7c877e9c625b734b 66308 1 2 3 4 -5 6 7 8 -9 10 11 12 -13 14 -15 16 17 18 19 -20 21 22 -23 24 -25 -26 27 28 -29 30 31 -32 -33 34 35 -36
0x4f9f1a54c5c87a30 66308 1 2 3 4 -5 6 7 8 -9 10 11 12 -13 14 -15 16 17 18 19 -20 21 22 -23 24 -25 -26 27 28 -29 30 31 -32 -33 34 35 -36
0x162d3e87e5642567 66308 1 2 3 4 -5 6 7 8 -9 10 11 12 -13 14 -15 16 17 18 19 -20 21 22 -23 24 -25 -26 27 28 -29 30 31 -32 -33 34 35 -36
0x9b9b4441a813440d 66308 1 2 3 4 -5 6 7 8 -9 10 11 12 -13 14 -15 16 17 18 19 -20 21 22 -23 24 -25 -26 27 28 -29 30 31 -32 -33 34 35 -36
0xa5348d3ea5ab8f1b 66308 1 2 3 4 -5 6 7 8 -9 10 11 12 -13 14 -15 16 17 18 19 -20 21 22 -23 24 -25 -26 27 28 -29 30 31 -32 -33 34 35 -36
0x909897b7d3052ae2 66308 1 2 3 4 -5 6 7 8 -9 10 11 12 -13 14 -15 16 17 18 19 -20 21 22 -23 24 -25 -26 27 28 -29 30 31 -32 -33 34 35 -36
0x9dc0b71e71e5404 66308 1 2 3 4 -5 6 7 8 -9 10 11 12 -13 14 -15 16 17 18 19 -20 21 22 -23 24 -25 -26 27 28 -29 30 31 -32 -33 34 35 -36
0x147ba3a604a92c1b 66308 1 2 3 4 -5 6 7 8 -9 10 11 12 -13 14 -15 16 17 18 19 -20 21 22 -23 24 -25 -26 27 28 -29 30 31 -32 -33 34 35 -36
0xb962c6aaa92a6e18 66308 1 2 3 4 -5 6 7 8 -9 10 11 12 -13 14 -15 16 17 18 19 -20 21 22 -23 24 -25 -26 27 28 -29 30 31 -32 -33 34 35 -36
0x76be9cf5fe7ee041 66308 1 2 3 4 -5 6 7 8 -9 10 11 12 -13 14 -15 16 17 18 19 -20 21 22 -23 24 -25 -26 27 28 -29 30 31 -32 -33 34 35 -36
0x59357d2f268abe16 66308 1 2 3 4 -5 6 7 8 -9 10 11 12 -13 14 -15 16 17 18 19 -20 21 22 -23 24 -25 -26 27 28 -29 30 31 -32 -33 34 35 -36
0xff3c85cae2adb3c1 66308 1 2 3 4 -5 6 7 8 -9 10 11 12 -13 14 -15 16 17 18 19 -20 21 22 -23 24 -25 -26 27 28 -29 30 31 -32 -33 34 35 -36
0x1e98aa048dd539de 66308 1 2 3 4 -5 6 7 8 -9 10 11 12 -13 14 -15 16 17 18 19 -20 21 22 -23 24 -25 -26 27 28 -29 30 31 -32 -33 34 35 -36
0x7716d47f2c3a02a0 66308 1 2 3 4 -5 6 7 8 -9 10 11 12 -13 14 -15 16 17 18 19 -20 21 22 -23 24 -25 -26 27 28 -29 30 31 -32 -33 34 35 -36
0xee15f5edb5cf23fd 66308 1 2 3 4 -5 6 7 8 -9 10 11 12 -13 14 -15 16 17 18 19 -20 21 22 -23 24 -25 -26 27 28 -29 30 31 -32 -33 34 35 -36
0xefec2989da10df69 66308 1 2 3 4 -5 6 7 8 -9 10 11 12 -13 14 -15 16 17 18 19 -20 21 22 -23 24 -25 -26 27 28 -29 30 31 -32 -33 34 35 -36
0xcea8ae1833a04ff9 66308 1 2 3 4 -5 6 7 8 -9 10 11 12 -13 14 -15 16 17 18 19 -20 21 22 -23 24 -25 -26 27 28 -29 30 31 -32 -33 34 35 -36
0xd9d6300490041f4a 66308 1 2 3 4 -5 6 7 8 -9 10 11 12 -13 14 -15 16 17 18 19 -20 21 22 -23 24 -25 -26 27 28 -29 30 31 -32 -33 34 35 -36
0x315e00f80bb3785d 66308 1 2 3 4 -5 6 7 8 -9 10 11 12 -13 14 -15 16 17 18 19 -20 21 22 -23 24 -25 -26 27 28 -29 30 31 -32 -33 34 35 -36
0x8fe080aa37401411 66308 1 2 3 4 -5 6 7 8 -9 10 11 12 -13 14 -15 16 17 18 19 -20 21 22 -23 24 -25 -26 27 28 -29 30 31 -32 -33 34 35 -36
0x664bf3ac5072b3c4 66308 1 2 3 4 -5 6 7 8 -9 10 11 12 -13 14 -15 16 17 18 19 -20 21 22 -23 24 -25 -26 27 28 -29 30 31 -32 -33 34 35 -36
0x942c225852e36d5 66308 1 2 3 4 -5 6 7 8 -9 10 11 12 -13 14 -15 16 17 18 19 -20 21 22 -23 24 -25 -26 27 28 -29 30 31 -32 -33 34 35 -36
0x2391835158078029 66308 1 2 3 4 -5 6 7 8 -9 10 11 12 -13 14 -15 16 17 18 19 -20 21 22 -23 24 -25 -26 27 28 -29 30 31 -32 -33 34 35 -36
0x9700d8fb3ed4eba8 66308 1 2 3 4 -5 6 7 8 -9 10 11 12 -13 14 -15 16 17 18 19 -20 21 22 -23 24 -25 -26 27 28 -29 30 31 -32 -33 34 35 -36
0xfa411b05161b53bf 66308 1 2 3 4 -5 6 7 8 -9 10 11 12 -13 14 -15 16 17 18 19 -20 21 22 -23 24 -25 -26 27 28 -29 30 31 -32 -33 34 35 -36