0x69e7ab829455818a 45622 -1 2 3 4 -5 -6 -7 -8 9 10 11 -12 -13 -14 -15 -16 17 -18 19 -20 -21 22 -23 24 25 26 27 28 -29 -30 31 32 33 34 -35 36
0xf23e1cadf4a80ee0 45622 -1 2 3 4 -5 -6 -7 -8 9 10 11 -12 -13 -14 -15 -16 17 -18 19 -20 -21 22 -23 24 25 26 27 28 -29 -30 31 32 33 34 -35 36
0xb3c403954ae7a1cd 45622 -1 2 3 4 -5 -6 -7 -8 9 10 11 -12 -13 -14 -15 -16 17 -18 19 -20 -21 22 -23 24 25 26 27 28 -29 -30 31 32 33 34 -35 36
0xbadfe9ce42e14956 45622 -1 2 3 4 -5 -6 -7 -8 9 10 11 -12 -13 -14 -15 -16 17 -18 19 -20 -21 22 -23 24 25 26 27 28 -29 -30 31 32 33 34 -35 36
0x30c56eda603727ef 45622 -1 2 3 4 -5 -6 -7 -8 9 10 11 -12 -13 -14 -15 -16 17 -18 19 -20 -21 22 -23 24 25 26 27 28 -29 -30 31 32 33 34 -35 36
0x508508bd076ebf5d 45622 -1 2 3 4 -5 -6 -7 -8 9 10 11 -12 -13 -14 -15 -16 17 -18 19 -20 -21 22 -23 24 25 26 27 28 -29 -30 31 32 33 34 -35 36
0x6bb6f9e5e4558ce1 45622 -1 2 3 4 -5 -6 -7 -8 9 10 11 -12 -13 -14 -15 -16 17 -18 19 -20 -21 22 -23 24 25 26 27 28 -29 -30 31 32 33 34 -35 36
0x14f29baeeaeeaf7 45622 -1 2 3 4 -5 -6 -7 -8 9 10 11 -12 -13 -14 -15 -16 17 -18 19 -20 -21 22 -23 24 25 26 27 28 -29 -30 31 32 33 34 -35 36
0x603bf979dcc88b5c 45622 -1 2 3 4 -5 -6 -7 -8 9 10 11 -12 -13 -14 -15 -16 17 -18 19 -20 -21 22 -23 24 25 26 27 28 -29 -30 31 32 33 34 -35 36
0xfcece7b23eb31493 45622 -1 2 3 4 -5 -6 -7 -8 9 10 11 -12 -13 -14 -15 -16 17 -18 19 -20 -21 22 -23 24 25 26 27 28 -29 -30 31 32 33 34 -35 36
0xb7c603c6b12f4f61 45622 -1 2 3 4 -5 -6 -7 -8 9 10 11 -12 -13 -14 -15 -16 17 -18 19 -20 -21 22 -23 24 25 26 27 28 -29 -30 31 32 33 34 -35 36
0xf29e3170af15e453 45622 -1 2 3 4 -5 -6 -7 -8 9 10 11 -12 -13 -14 -15 -16 17 -18 19 -20 -21 22 -23 24 25 26 27 28 -29 -30 31 32 33 34 -35 36
0x6ca63c3ac83fa935 45622 -1 2 3 4 -5 -6 -7 -8 9 10 11 -12 -13 -14 -15 -16 17 -18 19 -20 -21 22 -23 24 25 26 27 28 -29 -30 31 32 33 34 -35 36
0xad56bb049d347e9a 45622 -1 2 3 4 -5 -6 -7 -8 9 10 11 -12 -13 -14 -15 -16 17 -18 19 -20 -21 22 -23 24 25 26 27 28 -29 -30 31 32 33 34 -35 36
0x5042c383ef26bd59 45622 -1 2 3 4 -5 -6 -7 -8 9 10 11 -12 -13 -14 -15 -16 17 -18 19 -20 -21 22 -23 24 25 26 27 28 -29 -30 31 32 33 34 -35 36
0xc4ed6dc05c01340c 45622 -1 2 3 4 -5 -6 -7 -8 9 10 11 -12 -13 -14 -15 -16 17 -18 19 -20 -21 22 -23 24 25 26 27 28 -29 -30 31 32 33 34 -35 36
0xf002792fe8db491 45622 -1 2 3 4 -5 -6 -7 -8 9 10 11 -12 -13 -14 -15 -16 17 -18 19 -20 -21 22 -23 24 25 26 27 28 -29 -30 31 32 33 34 -35 36
0xc47fd82e22fa318b 45622 -1 2 3 4 -5 -6 -7 -8 9 10 11 -12 -13 -14 -15 -16 17 -18 19 -20 -21 22 -23 24 25 26 27 28 -29 -30 31 32 33 34 -35 36
0xf0ded39490426be0 45622 -1 2 3 4 -5 -6 -7 -8 9 10 11 -12 -13 -14 -15 -16 17 -18 19 -20 -21 22 -23 24 25 26 27 28 -29 -30 31 32 33 34 -35 36
0xa5099e1f8f44303b 45622 -1 2 3 4 -5 -6 -7 -8 9 10 11 -12 -13 -14 -15 -16 17 -18 19 -20 -21 22 -23 24 25 26 27 28 -29 -30 31 32 33 34 -35 36
0xd5cc7ffad8842489 45622 -1 2 3 4 -5 -6 -7 -8 9 10 11 -12 -13 -14 -15 -16 17 -18 19 -20 -21 22 -23 24 25 26 27 28 -29 -30 31 32 33 34 -35 36
0xbb2fe8a4e9e9257e 45622 -1 2 3 4 -5 -6 -7 -8 9 10 11 -12 -13 -14 -15 -16 17 -18 19 -20 -21 22 -23 24 25 26 27 28 -29 -30 31 32 33 34 -35 36
0x2ca9a271f5f4340f 45622 -1 2 3 4 -5 -6 -7 -8 9 10 11 -12 -13 -14 -15 -16 17 -18 19 -20 -21 22 -23 24 25 26 27 28 -29 -30 31 32 33 34 -35 36
0x7740d60aa63af2f7 45622 -1 2 3 4 -5 -6 -7 -8 9 10 11 -12 -13 -14 -15 -16 17 -18 19 -20 -21 22 -23 24 25 26 27 28 -29 -30 31 32 33 34 -35 36
0xe402ddeb4b2ab434 45622 -1 2 3 4 -5 -6 -7 -8 9 10 11 -12 -13 -14 -15 -16 17 -18 19 -20 -21 22 -23 24 25 26 27 28 -29 -30 31 32 33 34 -35 36
0xd290ea4226351c08 45622 -1 2 3 4 -5 -6 -7 -8 9 10 11 -12 -13 -14 -15 -16 17 -18 19 -20 -21 22 -23 24 25 26 27 28 -29 -30 31 32 33 34 -35 36
0x10a6b32f2ec0ba57 45622 -1 2 3 4 -5 -6 -7 -8 9 10 11 -12 -13 -14 -15 -16 17 -18 19 -20 -21 22 -23 24 25 26 27 28 -29 -30 31 32 33 34 -35 36
0xba46cfeec02ca732 45622 -1 2 3 4 -5 -6 -7 -8 9 10 11 -12 -13 -14 -15 -16 17 -18 19 -20 -21 22 -23 24 25 26 27 28 -29 -30 31 32 33 34 -35 36
0xafc1a8b4699fa8a7 45622 -1 2 3 4 -5 -6 -7 -8 9 10 11 -12 -13 -14 -15 -16 17 -18 19 -20 -21 22 -23 24 25 26 27 28 -29 -30 31 32 33 34 -35 36
0xea8b2d5c0eaf84c7 45622 -1 2 3 4 -5 -6 -7 -8 9 10 11 -12 -13 -14 -15 -16 17 -18 19 -20 -21 22 -23 24 25 26 27 28 -29 -30 31 32 33 34 -35 36