0xf0d80632fbcca2e4 48073 1 -2 3 4 -5 6 7 -8 9 10 -11 12 -13 -14 -15 16 -17 -18 19 20 -21 22 23 -24 25 26 27 -28 29 30 31 32 33 -34 -35 -36
0xfc55d464137fd384 48073 1 -2 3 4 -5 6 7 -8 9 10 -11 12 -13 -14 -15 16 -17 -18 19 20 -21 22 23 -24 25 26 27 -28 29 30 31 32 33 -34 -35 -36
0x7046bc8cb290f747 48073 1 -2 3 4 -5 6 7 -8 9 10 -11 12 -13 -14 -15 16 -17 -18 19 20 -21 22 23 -24 25 26 27 -28 29 30 31 32 33 -34 -35 -36
0xf98e2fe5e7a3993a 48073 1 -2 3 4 -5 6 7 -8 9 10 -11 12 -13 -14 -15 16 -17 -18 19 20 -21 22 23 -24 25 26 27 -28 29 30 31 32 33 -34 -35 -36
0xae0648115135b490 48073 1 -2 3 4 -5 6 7 -8 9 10 -11 12 -13 -14 -15 16 -17 -18 19 20 -21 22 23 -24 25 26 27 -28 29 30 31 32 33 -34 -35 -36
0x8156fd0ad70a95bc 48073 1 -2 3 4 -5 6 7 -8 9 10 -11 12 -13 -14 -15 16 -17 -18 19 20 -21 22 23 -24 25 26 27 -28 29 30 31 32 33 -34 -35 -36
0xc863b54cfcc4499c 48073 1 -2 3 4 -5 6 7 -8 9 10 -11 12 -13 -14 -15 16 -17 -18 19 20 -21 22 23 -24 25 26 27 -28 29 30 31 32 33 -34 -35 -36
0xb9be385c7764822f 48073 1 -2 3 4 -5 6 7 -8 9 10 -11 12 -13 -14 -15 16 -17 -18 19 20 -21 22 23 -24 25 26 27 -28 29 30 31 32 33 -34 -35 -36
0xd7de6b7af4a6edc8 48073 1 -2 3 4 -5 6 7 -8 9 10 -11 12 -13 -14 -15 16 -17 -18 19 20 -21 22 23 -24 25 26 27 -28 29 30 31 32 33 -34 -35 -36
0x1219c93c03095ae3 48073 1 -2 3 4 -5 6 7 -8 9 10 -11 12 -13 -14 -15 16 -17 -18 19 20 -21 22 23 -24 25 26 27 -28 29 30 31 32 33 -34 -35 -36
0xc570a1b583eb3671 48073 1 -2 3 4 -5 6 7 -8 9 10 -11 12 -13 -14 -15 16 -17 -18 19 20 -21 22 23 -24 25 26 27 -28 29 30 31 32 33 -34 -35 -36
0xe8640d05ebb91c6d 48073 1 -2 3 4 -5 6 7 -8 9 10 -11 12 -13 -14 -15 16 -17 -18 19 20 -21 22 23 -24 25 26 27 -28 29 30 31 32 33 -34 -35 -36
0x5754075e6a20bd51 48073 1 -2 3 4 -5 6 7 -8 9 10 -11 12 -13 -14 -15 16 -17 -18 19 20 -21 22 23 -24 25 26 27 -28 29 30 31 32 33 -34 -35 -36
0xef922c841f7fb3a0 48073 1 -2 3 4 -5 6 7 -8 9 10 -11 12 -13 -14 -15 16 -17 -18 19 20 -21 22 23 -24 25 26 27 -28 29 30 31 32 33 -34 -35 -36
0x13c24351d153e95c 48073 1 -2 3 4 -5 6 7 -8 9 10 -11 12 -13 -14 -15 16 -17 -18 19 20 -21 22 23 -24 25 26 27 -28 29 30 31 32 33 -34 -35 -36
0x5400885440c863d3 48073 1 -2 3 4 -5 6 7 -8 9 10 -11 12 -13 -14 -15 16 -17 -18 19 20 -21 22 23 -24 25 26 27 -28 29 30 31 32 33 -34 -35 -36
0x9566e6da872cb7f0 48073 1 -2 3 4 -5 6 7 -8 9 10 -11 12 -13 -14 -15 16 -17 -18 19 20 -21 22 23 -24 25 26 27 -28 29 30 31 32 33 -34 -35 -36
0x8145e7b1a654207e 48073 1 -2 3 4 -5 6 7 -8 9 10 -11 12 -13 -14 -15 16 -17 -18 19 20 -21 22 23 -24 25 26 27 -28 29 30 31 32 33 -34 -35 -36
0x904884287acd57d0 48073 1 -2 3 4 -5 6 7 -8 9 10 -11 12 -13 -14 -15 16 -17 -18 19 20 -21 22 23 -24 25 26 27 -28 29 30 31 32 33 -34 -35 -36
0x1fb43edc7d1c05a5 48073 1 -2 3 4 -5 6 7 -8 9 10 -11 12 -13 -14 -15 16 -17 -18 19 20 -21 22 23 -24 25 26 27 -28 29 30 31 32 33 -34 -35 -36
0xa862eaa32be8afe1 48073 1 -2 3 4 -5 6 7 -8 9 10 -11 12 -13 -14 -15 16 -17 -18 19 20 -21 22 23 -24 25 26 27 -28 29 30 31 32 33 -34 -35 -36
0x25e0df06002abb97 48073 1 -2 3 4 -5 6 7 -8 9 10 -11 12 -13 -14 -15 16 -17 -18 19 20 -21 22 23 -24 25 26 27 -28 29 30 31 32 33 -34 -35 -36
0x605f8bbb38e81287 48073 1 -2 3 4 -5 6 7 -8 9 10 -11 12 -13 -14 -15 16 -17 -18 19 20 -21 22 23 -24 25 26 27 -28 29 30 31 32 33 -34 -35 -36
0xe71914a7ef49275e 48073 1 -2 3 4 -5 6 7 -8 9 10 -11 12 -13 -14 -15 16 -17 -18 19 20 -21 22 23 -24 25 26 27 -28 29 30 31 32 33 -34 -35 -36
0xab3b51dcf39a6f65 48073 1 -2 3 4 -5 6 7 -8 9 10 -11 12 -13 -14 -15 16 -17 -18 19 20 -21 22 23 -24 25 26 27 -28 29 30 31 32 33 -34 -35 -36
0xcd1eb862bd406bca 48073 1 -2 3 4 -5 6 7 -8 9 10 -11 12 -13 -14 -15 16 -17 -18 19 20 -21 22 23 -24 25 26 27 -28 29 30 31 32 33 -34 -35 -36
0x5fea49b3cab1a31e 48073 1 -2 3 4 -5 6 7 -8 9 10 -11 12 -13 -14 -15 16 -17 -18 19 20 -21 22 23 -24 25 26 27 -28 29 30 31 32 33 -34 -35 -36
0xe3aa1cb826698fe8 48073 1 -2 3 4 -5 6 7 -8 9 10 -11 12 -13 -14 -15 16 -17 -18 19 20 -21 22 23 -24 25 26 27 -28 29 30 31 32 33 -34 -35 -36
0x28f55a6b08728134 48073 1 -2 3 4 -5 6 7 -8 9 10 -11 12 -13 -14 -15 16 -17 -18 19 20 -21 22 23 -24 25 26 27 -28 29 30 31 32 33 -34 -35 -36
0x9fbe150250617b9 48073 1 -2 3 4 -5 6 7 -8 9 10 -11 12 -13 -14 -15 16 -17 -18 19 20 -21 22 23 -24 25 26 27 -28 29 30 31 32 33 -34 -35 -36