0xfddfda4b14038ea3 47441 -1 2 3 4 5 6 7 -8 -9 10 -11 -12 13 -14 15 -16 -17 -18 -19 -20 -21 22 -23 24 25 -26 -27 28 29 30 -31 -32 33 -34 -35 36
0x329c469fc72fe38d 47441 -1 2 3 4 5 6 7 -8 -9 10 -11 -12 13 -14 15 -16 -17 -18 -19 -20 -21 22 -23 24 25 -26 -27 28 29 30 -31 -32 33 -34 -35 36
0x4f53df682b2824c1 47441 -1 2 3 4 5 6 7 -8 -9 10 -11 -12 13 -14 15 -16 -17 -18 -19 -20 -21 22 -23 24 25 -26 -27 28 29 30 -31 -32 33 -34 -35 36
0x7c06eb28136bb5e1 47441 -1 2 3 4 5 6 7 -8 -9 10 -11 -12 13 -14 15 -16 -17 -18 -19 -20 -21 22 -23 24 25 -26 -27 28 29 30 -31 -32 33 -34 -35 36
0xf2870cb5e555f732 47441 -1 2 3 4 5 6 7 -8 -9 10 -11 -12 13 -14 15 -16 -17 -18 -19 -20 -21 22 -23 24 25 -26 -27 28 29 30 -31 -32 33 -34 -35 36
0x5037b21992425e18 47441 -1 2 3 4 5 6 7 -8 -9 10 -11 -12 13 -14 15 -16 -17 -18 -19 -20 -21 22 -23 24 25 -26 -27 28 29 30 -31 -32 33 -34 -35 36
0x6c09dc9c14e50b46 47441 -1 2 3 4 5 6 7 -8 -9 10 -11 -12 13 -14 15 -16 -17 -18 -19 -20 -21 22 -23 24 25 -26 -27 28 29 30 -31 -32 33 -34 -35 36
0xe609f641ef72ea7b 47441 -1 2 3 4 5 6 7 -8 -9 10 -11 -12 13 -14 15 -16 -17 -18 -19 -20 -21 22 -23 24 25 -26 -27 28 29 30 -31 -32 33 -34 -35 36
0x9d8c2c273d62eefb 47441 -1 2 3 4 5 6 7 -8 -9 10 -11 -12 13 -14 15 -16 -17 -18 -19 -20 -21 22 -23 24 25 -26 -27 28 29 30 -31 -32 33 -34 -35 36
0xefc9c9f716a30911 47441 -1 2 3 4 5 6 7 -8 -9 10 -11 -12 13 -14 15 -16 -17 -18 -19 -20 -21 22 -23 24 25 -26 -27 28 29 30 -31 -32 33 -34 -35 36
0x97686574473aab86 47441 -1 2 3 4 5 6 7 -8 -9 10 -11 -12 13 -14 15 -16 -17 -18 -19 -20 -21 22 -23 24 25 -26 -27 28 29 30 -31 -32 33 -34 -35 36
0xee8d9f4c880e12d 47441 -1 2 3 4 5 6 7 -8 -9 10 -11 -12 13 -14 15 -16 -17 -18 -19 -20 -21 22 -23 24 25 -26 -27 28 29 30 -31 -32 33 -34 -35 36
0xc53c13e46d4bf25a 47441 -1 2 3 4 5 6 7 -8 -9 10 -11 -12 13 -14 15 -16 -17 -18 -19 -20 -21 22 -23 24 25 -26 -27 28 29 30 -31 -32 33 -34 -35 36
0x18fbac3e0ec09a64 47441 -1 2 3 4 5 6 7 -8 -9 10 -11 -12 13 -14 15 -16 -17 -18 -19 -20 -21 22 -23 24 25 -26 -27 28 29 30 -31 -32 33 -34 -35 36
0xec0454153ba6cd28 47441 -1 2 3 4 5 6 7 -8 -9 10 -11 -12 13 -14 15 -16 -17 -18 -19 -20 -21 22 -23 24 25 -26 -27 28 29 30 -31 -32 33 -34 -35 36
0xb670100ef86a0c87 47441 -1 2 3 4 5 6 7 -8 -9 10 -11 -12 13 -14 15 -16 -17 -18 -19 -20 -21 22 -23 24 25 -26 -27 28 29 30 -31 -32 33 -34 -35 36
0x4d2e43e5822b4de4 47441 -1 2 3 4 5 6 7 -8 -9 10 -11 -12 13 -14 15 -16 -17 -18 -19 -20 -21 22 -23 24 25 -26 -27 28 29 30 -31 -32 33 -34 -35 36
0x15b78de8438a6fa9 47441 -1 2 3 4 5 6 7 -8 -9 10 -11 -12 13 -14 15 -16 -17 -18 -19 -20 -21 22 -23 24 25 -26 -27 28 29 30 -31 -32 33 -34 -35 36
0x1d9b72763e0d3ec2 47441 -1 2 3 4 5 6 7 -8 -9 10 -11 -12 13 -14 15 -16 -17 -18 -19 -20 -21 22 -23 24 25 -26 -27 28 29 30 -31 -32 33 -34 -35 36
0x81e5d787174a0c1e 47441 -1 2 3 4 5 6 7 -8 -9 10 -11 -12 13 -14 15 -16 -17 -18 -19 -20 -21 22 -23 24 25 -26 -27 28 29 30 -31 -32 33 -34 -35 36
0xbf9a5024bd3bd233 47441 -1 2 3 4 5 6 7 -8 -9 10 -11 -12 13 -14 15 -16 -17 -18 -19 -20 -21 22 -23 24 25 -26 -27 28 29 30 -31 -32 33 -34 -35 36
0xebc337ed3165ea79 47441 -1 2 3 4 5 6 7 -8 -9 10 -11 -12 13 -14 15 -16 -17 -18 -19 -20 -21 22 -23 24 25 -26 -27 28 29 30 -31 -32 33 -34 -35 36
0x6ed29e917ead52ec 47441 -1 2 3 4 5 6 7 -8 -9 10 -11 -12 13 -14 15 -16 -17 -18 -19 -20 -21 22 -23 24 25 -26 -27 28 29 30 -31 -32 33 -34 -35 36
0x4cd441763d398836 47441 -1 2 3 4 5 6 7 -8 -9 10 -11 -12 13 -14 15 -16 -17 -18 -19 -20 -21 22 -23 24 25 -26 -27 28 29 30 -31 -32 33 -34 -35 36
0x1b91eaecc3bb29c 47441 -1 2 3 4 5 6 7 -8 -9 10 -11 -12 13 -14 15 -16 -17 -18 -19 -20 -21 22 -23 24 25 -26 -27 28 29 30 -31 -32 33 -34 -35 36
0xecbd6f36fb9b3cf8 47441 -1 2 3 4 5 6 7 -8 -9 10 -11 -12 13 -14 15 -16 -17 -18 -19 -20 -21 22 -23 24 25 -26 -27 28 29 30 -31 -32 33 -34 -35 36
0x937e7292b4ef32fd 47441 -1 2 3 4 5 6 7 -8 -9 10 -11 -12 13 -14 15 -16 -17 -18 -19 -20 -21 22 -23 24 25 -26 -27 28 29 30 -31 -32 33 -34 -35 36
0xa4107cf73be05a59 47441 -1 2 3 4 5 6 7 -8 -9 10 -11 -12 13 -14 15 -16 -17 -18 -19 -20 -21 22 -23 24 25 -26 -27 28 29 30 -31 -32 33 -34 -35 36
0x5cfdadd9b01562ab 47441 -1 2 3 4 5 6 7 -8 -9 10 -11 -12 13 -14 15 -16 -17 -18 -19 -20 -21 22 -23 24 25 -26 -27 28 29 30 -31 -32 33 -34 -35 36
0x690e1be0ea4390eb 47441 -1 2 3 4 5 6 7 -8 -9 10 -11 -12 13 -14 15 -16 -17 -18 -19 -20 -21 22 -23 24 25 -26 -27 28 29 30 -31 -32 33 -34 -35 36