0x68df7fe0fd248fd5 156413 -1 -2 3 4 5 6 -7 -8 -9 -10 11 -12 -13 14 -15 -16 17 -18 19 20 21 22 -23 -24 25 -26 27 28 -29 -30 31 32 -33 34 35 36
0x2f18d325950b0927 156413 -1 -2 3 4 5 6 -7 -8 -9 -10 11 -12 -13 14 -15 -16 17 -18 19 20 21 22 -23 -24 25 -26 27 28 -29 -30 31 32 -33 34 35 36
0xcb0a11d94298e290 156413 -1 -2 3 4 5 6 -7 -8 -9 -10 11 -12 -13 14 -15 -16 17 -18 19 20 21 22 -23 -24 25 -26 27 28 -29 -30 31 32 -33 34 35 36
0xc443aeb622842490 156413 -1 -2 3 4 5 6 -7 -8 -9 -10 11 -12 -13 14 -15 -16 17 -18 19 20 21 22 -23 -24 25 -26 27 28 -29 -30 31 32 -33 34 35 36
0xfece7ddabb686801 155682 -1 -2 3 4 5 6 -7 -8 -9 10 11 -12 -13 14 -15 -16 17 -18 19 20 21 22 -23 -24 25 -26 27 28 -29 -30 -31 32 -33 34 35 36
0xf3d9d0ad078e0c38 156413 -1 -2 3 4 5 6 -7 -8 -9 -10 11 -12 -13 14 -15 -16 17 -18 19 20 21 22 -23 -24 25 -26 27 28 -29 -30 31 32 -33 34 35 36
0xf6cccaa19db8ab3a 156413 -1 -2 3 4 5 6 -7 -8 -9 -10 11 -12 -13 14 -15 -16 17 -18 19 20 21 22 -23 -24 25 -26 27 28 -29 -30 31 32 -33 34 35 36
0xc9722e1a2767aac 156413 -1 -2 3 4 5 6 -7 -8 -9 -10 11 -12 -13 14 -15 -16 17 -18 19 20 21 22 -23 -24 25 -26 27 28 -29 -30 31 32 -33 34 35 36
0x33b65bca4c35ed5b 156413 -1 -2 3 4 5 6 -7 -8 -9 -10 11 -12 -13 14 -15 -16 17 -18 19 20 21 22 -23 -24 25 -26 27 28 -29 -30 31 32 -33 34 35 36
0x88534a6ab59564b6 156413 -1 -2 3 4 5 6 -7 -8 -9 -10 11 -12 -13 14 -15 -16 17 -18 19 20 21 22 -23 -24 25 -26 27 28 -29 -30 31 32 -33 34 35 36
0x8a65ee0a9842f251 156413 -1 -2 3 4 5 6 -7 -8 -9 -10 11 -12 -13 14 -15 -16 17 -18 19 20 21 22 -23 -24 25 -26 27 28 -29 -30 31 32 -33 34 35 36
0x230d97a131022962 156413 -1 -2 3 4 5 6 -7 -8 -9 -10 11 -12 -13 14 -15 -16 17 -18 19 20 21 22 -23 -24 25 -26 27 28 -29 -30 31 32 -33 34 35 36
0x558b6159cbae0045 156413 -1 -2 3 4 5 6 -7 -8 -9 -10 11 -12 -13 14 -15 -16 17 -18 19 20 21 22 -23 -24 25 -26 27 28 -29 -30 31 32 -33 34 35 36
0xcf8cf6194c4cc1f9 156413 -1 -2 3 4 5 6 -7 -8 -9 -10 11 -12 -13 14 -15 -16 17 -18 19 20 21 22 -23 -24 25 -26 27 28 -29 -30 31 32 -33 34 35 36
0xcbb5a8f1788c0fa2 156413 -1 -2 3 4 5 6 -7 -8 -9 -10 11 -12 -13 14 -15 -16 17 -18 19 20 21 22 -23 -24 25 -26 27 28 -29 -30 31 32 -33 34 35 36
0xf093dcaacb3af208 156413 -1 -2 3 4 5 6 -7 -8 -9 -10 11 -12 -13 14 -15 -16 17 -18 19 20 21 22 -23 -24 25 -26 27 28 -29 -30 31 32 -33 34 35 36
0x570bb443997fb15 156413 -1 -2 3 4 5 6 -7 -8 -9 -10 11 -12 -13 14 -15 -16 17 -18 19 20 21 22 -23 -24 25 -26 27 28 -29 -30 31 32 -33 34 35 36
0x7da83d6d88897759 156413 -1 -2 3 4 5 6 -7 -8 -9 -10 11 -12 -13 14 -15 -16 17 -18 19 20 21 22 -23 -24 25 -26 27 28 -29 -30 31 32 -33 34 35 36
0xfa77820b9e15af88 156413 -1 -2 3 4 5 6 -7 -8 -9 -10 11 -12 -13 14 -15 -16 17 -18 19 20 21 22 -23 -24 25 -26 27 28 -29 -30 31 32 -33 34 35 36
0xfa6f75b7a1b139f8 156413 -1 -2 3 4 5 6 -7 -8 -9 -10 11 -12 -13 14 -15 -16 17 -18 19 20 21 22 -23 -24 25 -26 27 28 -29 -30 31 32 -33 34 35 36
0xcc981b29bd05520a 156413 -1 -2 3 4 5 6 -7 -8 -9 -10 11 -12 -13 14 -15 -16 17 -18 19 20 21 22 -23 -24 25 -26 27 28 -29 -30 31 32 -33 34 35 36
0x1b8899781dfa2e87 156413 -1 -2 3 4 5 6 -7 -8 -9 -10 11 -12 -13 14 -15 -16 17 -18 19 20 21 22 -23 -24 25 -26 27 28 -29 -30 31 32 -33 34 35 36
0x2e9df51833742c3b 156413 -1 -2 3 4 5 6 -7 -8 -9 -10 11 -12 -13 14 -15 -16 17 -18 19 20 21 22 -23 -24 25 -26 27 28 -29 -30 31 32 -33 34 35 36
0x8a680fcf105ee6cc 156413 -1 -2 3 4 5 6 -7 -8 -9 -10 11 -12 -13 14 -15 -16 17 -18 19 20 21 22 -23 -24 25 -26 27 28 -29 -30 31 32 -33 34 35 36
0x5a8230434fbc5cb 156413 -1 -2 3 4 5 6 -7 -8 -9 -10 11 -12 -13 14 -15 -16 17 -18 19 20 21 22 -23 -24 25 -26 27 28 -29 -30 31 32 -33 34 35 36
0x77fdc9ed639c6bd0 156413 -1 -2 3 4 5 6 -7 -8 -9 -10 11 -12 -13 14 -15 -16 17 -18 19 20 21 22 -23 -24 25 -26 27 28 -29 -30 31 32 -33 34 35 36
0xfb09adc2fb8cdc6b 156413 -1 -2 3 4 5 6 -7 -8 -9 -10 11 -12 -13 14 -15 -16 17 -18 19 20 21 22 -23 -24 25 -26 27 28 -29 -30 31 32 -33 34 35 36
0x786c36bd5a6b1112 156413 -1 -2 3 4 5 6 -7 -8 -9 -10 11 -12 -13 14 -15 -16 17 -18 19 20 21 22 -23 -24 25 -26 27 28 -29 -30 31 32 -33 34 35 36
0xa7655064cf047fee 156413 -1 -2 3 4 5 6 -7 -8 -9 -10 11 -12 -13 14 -15 -16 17 -18 19 20 21 22 -23 -24 25 -26 27 28 -29 -30 31 32 -33 34 35 36
0x1eac920e93cf7034 156413 -1 -2 3 4 5 6 -7 -8 -9 -10 11 -12 -13 14 -15 -16 17 -18 19 20 21 22 -23 -24 25 -26 27 28 -29 -30 31 32 -33 34 35 36