0xb05f349884c274eb 158610 1 2 3 -4 -5 -6 7 -8 -9 -10 11 -12 13 -14 -15 -16 -17 -18 -19 20 21 22 -23 -24 25 -26 27 28 29 30 31 -32 33 34 35 -36
0x7d4518a73c146e3 158610 1 2 3 -4 -5 -6 7 -8 -9 -10 11 -12 13 -14 -15 -16 -17 -18 -19 20 21 22 -23 -24 25 -26 27 28 29 30 31 -32 33 34 35 -36
0x5387df4f30f40905 158610 1 2 3 -4 -5 -6 7 -8 -9 -10 11 -12 13 -14 -15 -16 -17 -18 -19 20 21 22 -23 -24 25 -26 27 28 29 30 31 -32 33 34 35 -36
0xa09fdff1db83426 158610 1 2 3 -4 -5 -6 7 -8 -9 -10 11 -12 13 -14 -15 -16 -17 -18 -19 20 21 22 -23 -24 25 -26 27 28 29 30 31 -32 33 34 35 -36
0x7a6467d0a28f2b9d 158610 1 2 3 -4 -5 -6 7 -8 -9 -10 11 -12 13 -14 -15 -16 -17 -18 -19 20 21 22 -23 -24 25 -26 27 28 29 30 31 -32 33 34 35 -36
0x22270949c5c53883 158610 1 2 3 -4 -5 -6 7 -8 -9 -10 11 -12 13 -14 -15 -16 -17 -18 -19 20 21 22 -23 -24 25 -26 27 28 29 30 31 -32 33 34 35 -36
0x5ba054c6ee721738 158610 1 2 3 -4 -5 -6 7 -8 -9 -10 11 -12 13 -14 -15 -16 -17 -18 -19 20 21 22 -23 -24 25 -26 27 28 29 30 31 -32 33 34 35 -36
0xdcd465f8b79814de 158610 1 2 3 -4 -5 -6 7 -8 -9 -10 11 -12 13 -14 -15 -16 -17 -18 -19 20 21 22 -23 -24 25 -26 27 28 29 30 31 -32 33 34 35 -36
0x7610f5627be7bcda 158610 1 2 3 -4 -5 -6 7 -8 -9 -10 11 -12 13 -14 -15 -16 -17 -18 -19 20 21 22 -23 -24 25 -26 27 28 29 30 31 -32 33 34 35 -36
0xa03c1bdaeaee1658 158610 1 2 3 -4 -5 -6 7 -8 -9 -10 11 -12 13 -14 -15 -16 -17 -18 -19 20 21 22 -23 -24 25 -26 27 28 29 30 31 -32 33 34 35 -36
0x443be60ff8b371c6 158610 1 2 3 -4 -5 -6 7 -8 -9 -10 11 -12 13 -14 -15 -16 -17 -18 -19 20 21 22 -23 -24 25 -26 27 28 29 30 31 -32 33 34 35 -36
0xb614b7ffd110c657 158610 1 2 3 -4 -5 -6 7 -8 -9 -10 11 -12 13 -14 -15 -16 -17 -18 -19 20 21 22 -23 -24 25 -26 27 28 29 30 31 -32 33 34 35 -36
0x279c808028419f7f 158610 1 2 3 -4 -5 -6 7 -8 -9 -10 11 -12 13 -14 -15 -16 -17 -18 -19 20 21 22 -23 -24 25 -26 27 28 29 30 31 -32 33 34 35 -36
0xd7e0bcb64a789a7b 158610 1 2 3 -4 -5 -6 7 -8 -9 -10 11 -12 13 -14 -15 -16 -17 -18 -19 20 21 22 -23 -24 25 -26 27 28 29 30 31 -32 33 34 35 -36
0xfd9d4b9fac7c73c8 158610 1 2 3 -4 -5 -6 7 -8 -9 -10 11 -12 13 -14 -15 -16 -17 -18 -19 20 21 22 -23 -24 25 -26 27 28 29 30 31 -32 33 34 35 -36
0xdc62118d7793a4a9 158610 1 2 3 -4 -5 -6 7 -8 -9 -10 11 -12 13 -14 -15 -16 -17 -18 -19 20 21 22 -23 -24 25 -26 27 28 29 30 31 -32 33 34 35 -36
0x9d456ba09b4490a4 158610 1 2 3 -4 -5 -6 7 -8 -9 -10 11 -12 13 -14 -15 -16 -17 -18 -19 20 21 22 -23 -24 25 -26 27 28 29 30 31 -32 33 34 35 -36
0x6541735357b04304 158610 1 2 3 -4 -5 -6 7 -8 -9 -10 11 -12 13 -14 -15 -16 -17 -18 -19 20 21 22 -23 -24 25 -26 27 28 29 30 31 -32 33 34 35 -36
0xbc9a11eff38dbc56 158610 1 2 3 -4 -5 -6 7 -8 -9 -10 11 -12 13 -14 -15 -16 -17 -18 -19 20 21 22 -23 -24 25 -26 27 28 29 30 31 -32 33 34 35 -36
0xabe9e418690bcfed 158610 1 2 3 -4 -5 -6 7 -8 -9 -10 11 -12 13 -14 -15 -16 -17 -18 -19 20 21 22 -23 -24 25 -26 27 28 29 30 31 -32 33 34 35 -36
0xfcb3ed3e451f9161 158610 1 2 3 -4 -5 -6 7 -8 -9 -10 11 -12 13 -14 -15 -16 -17 -18 -19 20 21 22 -23 -24 25 -26 27 28 29 30 31 -32 33 34 35 -36
0xfcf9ca3ebc395c25 158610 1 2 3 -4 -5 -6 7 -8 -9 -10 11 -12 13 -14 -15 -16 -17 -18 -19 20 21 22 -23 -24 25 -26 27 28 29 30 31 -32 33 34 35 -36
0x679e3e21deb07c2e 158610 1 2 3 -4 -5 -6 7 -8 -9 -10 11 -12 13 -14 -15 -16 -17 -18 -19 20 21 22 -23 -24 25 -26 27 28 29 30 31 -32 33 34 35 -36
0x79f634152512a258 158610 1 2 3 -4 -5 -6 7 -8 -9 -10 11 -12 13 -14 -15 -16 -17 -18 -19 20 21 22 -23 -24 25 -26 27 28 29 30 31 -32 33 34 35 -36
0x947c9a8130d80a88 158610 1 2 3 -4 -5 -6 7 -8 -9 -10 11 -12 13 -14 -15 -16 -17 -18 -19 20 21 22 -23 -24 25 -26 27 28 29 30 31 -32 33 34 35 -36
0xe8d9e3b1d022cda5 158610 1 2 3 -4 -5 -6 7 -8 -9 -10 11 -12 13 -14 -15 -16 -17 -18 -19 20 21 22 -23 -24 25 -26 27 28 29 30 31 -32 33 34 35 -36
0xe82e16b0647cf174 158610 1 2 3 -4 -5 -6 7 -8 -9 -10 11 -12 13 -14 -15 -16 -17 -18 -19 20 21 22 -23 -24 25 -26 27 28 29 30 31 -32 33 34 35 -36
0x41625e075d6d61aa 158610 1 2 3 -4 -5 -6 7 -8 -9 -10 11 -12 13 -14 -15 -16 -17 -18 -19 20 21 22 -23 -24 25 -26 27 28 29 30 31 -32 33 34 35 -36
0x1e27b1cac8c21a00 158610 1 2 3 -4 -5 -6 7 -8 -9 -10 11 -12 13 -14 -15 -16 -17 -18 -19 20 21 22 -23 -24 25 -26 27 28 29 30 31 -32 33 34 35 -36
0x35698e493612fe61 158610 1 2 3 -4 -5 -6 7 -8 -9 -10 11 -12 13 -14 -15 -16 -17 -18 -19 20 21 22 -23 -24 25 -26 27 28 29 30 31 -32 33 34 35 -36