0xfba2ced48c5639dd 156528 -1 2 3 4 5 -6 7 -8 -9 10 11 12 13 14 15 -16 -17 18 19 -20 21 22 -23 -24 -25 -26 27 -28 -29 30 31 -32 33 -34 -35 -36
0xc3efd4f9134c2095 156528 -1 2 3 4 5 -6 7 -8 -9 10 11 12 13 14 15 -16 -17 18 19 -20 21 22 -23 -24 -25 -26 27 -28 -29 30 31 -32 33 -34 -35 -36
0x341f1363ecfa1f5a 156528 -1 2 3 4 5 -6 7 -8 -9 10 11 12 13 14 15 -16 -17 18 19 -20 21 22 -23 -24 -25 -26 27 -28 -29 30 31 -32 33 -34 -35 -36
0x88ed7f8941c25238 156528 -1 2 3 4 5 -6 7 -8 -9 10 11 12 13 14 15 -16 -17 18 19 -20 21 22 -23 -24 -25 -26 27 -28 -29 30 31 -32 33 -34 -35 -36
0xdbc1366cdc52343e 156528 -1 2 3 4 5 -6 7 -8 -9 10 11 12 13 14 15 -16 -17 18 19 -20 21 22 -23 -24 -25 -26 27 -28 -29 30 31 -32 33 -34 -35 -36
0xc47b33b407c9a0eb 156528 -1 2 3 4 5 -6 7 -8 -9 10 11 12 13 14 15 -16 -17 18 19 -20 21 22 -23 -24 -25 -26 27 -28 -29 30 31 -32 33 -34 -35 -36
0xd9b3f5ccf9248ab5 156528 -1 2 3 4 5 -6 7 -8 -9 10 11 12 13 14 15 -16 -17 18 19 -20 21 22 -23 -24 -25 -26 27 -28 -29 30 31 -32 33 -34 -35 -36
0xf7a3b69a73bbec75 156528 -1 2 3 4 5 -6 7 -8 -9 10 11 12 13 14 15 -16 -17 18 19 -20 21 22 -23 -24 -25 -26 27 -28 -29 30 31 -32 33 -34 -35 -36
0x82544af3d14ef2e8 156528 -1 2 3 4 5 -6 7 -8 -9 10 11 12 13 14 15 -16 -17 18 19 -20 21 22 -23 -24 -25 -26 27 -28 -29 30 31 -32 33 -34 -35 -36
0x279252231061362f 156528 -1 2 3 4 5 -6 7 -8 -9 10 11 12 13 14 15 -16 -17 18 19 -20 21 22 -23 -24 -25 -26 27 -28 -29 30 31 -32 33 -34 -35 -36
0x42bb56960640351 156528 -1 2 3 4 5 -6 7 -8 -9 10 11 12 13 14 15 -16 -17 18 19 -20 21 22 -23 -24 -25 -26 27 -28 -29 30 31 -32 33 -34 -35 -36
0x234977765560b5b6 156528 -1 2 3 4 5 -6 7 -8 -9 10 11 12 13 14 15 -16 -17 18 19 -20 21 22 -23 -24 -25 -26 27 -28 -29 30 31 -32 33 -34 -35 -36
0xd9f2d3f2b71a20ab 156528 -1 2 3 4 5 -6 7 -8 -9 10 11 12 13 14 15 -16 -17 18 19 -20 21 22 -23 -24 -25 -26 27 -28 -29 30 31 -32 33 -34 -35 -36
0x8407aef8c1db08e3 156528 -1 2 3 4 5 -6 7 -8 -9 10 11 12 13 14 15 -16 -17 18 19 -20 21 22 -23 -24 -25 -26 27 -28 -29 30 31 -32 33 -34 -35 -36
0xa3405498a967adf3 156528 -1 2 3 4 5 -6 7 -8 -9 10 11 12 13 14 15 -16 -17 18 19 -20 21 22 -23 -24 -25 -26 27 -28 -29 30 31 -32 33 -34 -35 -36
0xa506993636538d8e 156528 -1 2 3 4 5 -6 7 -8 -9 10 11 12 13 14 15 -16 -17 18 19 -20 21 22 -23 -24 -25 -26 27 -28 -29 30 31 -32 33 -34 -35 -36
0xf9b62db1c71299c3 156528 -1 2 3 4 5 -6 7 -8 -9 10 11 12 13 14 15 -16 -17 18 19 -20 21 22 -23 -24 -25 -26 27 -28 -29 30 31 -32 33 -34 -35 -36
0xf9aaddaac5be78b 156528 -1 2 3 4 5 -6 7 -8 -9 10 11 12 13 14 15 -16 -17 18 19 -20 21 22 -23 -24 -25 -26 27 -28 -29 30 31 -32 33 -34 -35 -36
0x24f43fdae8a3d5fb 156528 -1 2 3 4 5 -6 7 -8 -9 10 11 12 13 14 15 -16 -17 18 19 -20 21 22 -23 -24 -25 -26 27 -28 -29 30 31 -32 33 -34 -35 -36
0x8c11e71363a7f2a 156528 -1 2 3 4 5 -6 7 -8 -9 10 11 12 13 14 15 -16 -17 18 19 -20 21 22 -23 -24 -25 -26 27 -28 -29 30 31 -32 33 -34 -35 -36
0xd007046e48237db5 156528 -1 2 3 4 5 -6 7 -8 -9 10 11 12 13 14 15 -16 -17 18 19 -20 21 22 -23 -24 -25 -26 27 -28 -29 30 31 -32 33 -34 -35 -36
0x331c683827b9423d 156528 -1 2 3 4 5 -6 7 -8 -9 10 11 12 13 14 15 -16 -17 18 19 -20 21 22 -23 -24 -25 -26 27 -28 -29 30 31 -32 33 -34 -35 -36
0xa9ac5a964c0240a9 156528 -1 2 3 4 5 -6 7 -8 -9 10 11 12 13 14 15 -16 -17 18 19 -20 21 22 -23 -24 -25 -26 27 -28 -29 30 31 -32 33 -34 -35 -36
0x3db9f6f69fc43a01 156528 -1 2 3 4 5 -6 7 -8 -9 10 11 12 13 14 15 -16 -17 18 19 -20 21 22 -23 -24 -25 -26 27 -28 -29 30 31 -32 33 -34 -35 -36
0x5af7adf190a1ad03 156528 -1 2 3 4 5 -6 7 -8 -9 10 11 12 13 14 15 -16 -17 18 19 -20 21 22 -23 -24 -25 -26 27 -28 -29 30 31 -32 33 -34 -35 -36
0x56470211042e7410 156528 -1 2 3 4 5 -6 7 -8 -9 10 11 12 13 14 15 -16 -17 18 19 -20 21 22 -23 -24 -25 -26 27 -28 -29 30 31 -32 33 -34 -35 -36
0x722537d46081366d 156528 -1 2 3 4 5 -6 7 -8 -9 10 11 12 13 14 15 -16 -17 18 19 -20 21 22 -23 -24 -25 -26 27 -28 -29 30 31 -32 33 -34 -35 -36
0x592a252bec9ec1c3 156528 -1 2 3 4 5 -6 7 -8 -9 10 11 12 13 14 15 -16 -17 18 19 -20 21 22 -23 -24 -25 -26 27 -28 -29 30 31 -32 33 -34 -35 -36
0xf905101fdbc739f 156528 -1 2 3 4 5 -6 7 -8 -9 10 11 12 13 14 15 -16 -17 18 19 -20 21 22 -23 -24 -25 -26 27 -28 -29 30 31 -32 33 -34 -35 -36
0xd51462afab8fb2f4 156528 -1 2 3 4 5 -6 7 -8 -9 10 11 12 13 14 15 -16 -17 18 19 -20 21 22 -23 -24 -25 -26 27 -28 -29 30 31 -32 33 -34 -35 -36