0x8467499a46754265 193151 -1 -2 3 4 5 -6 -7 8 9 10 11 12 13 -14 15 16 17 18 -19 20 -21 22 23 -24 -25 -26 27 -28 29 -30 -31 -32 -33 -34 35 36
0x874f2ce0a1095cb4 193151 -1 -2 3 4 5 -6 -7 8 9 10 11 12 13 -14 15 16 17 18 -19 20 -21 22 23 -24 -25 -26 27 -28 29 -30 -31 -32 -33 -34 35 36
0xf74a4e475aa31ea9 193151 -1 -2 3 4 5 -6 -7 8 9 10 11 12 13 -14 15 16 17 18 -19 20 -21 22 23 -24 -25 -26 27 -28 29 -30 -31 -32 -33 -34 35 36
0xb2fea8ba66ba493d 193151 -1 -2 3 4 5 -6 -7 8 9 10 11 12 13 -14 15 16 17 18 -19 20 -21 22 23 -24 -25 -26 27 -28 29 -30 -31 -32 -33 -34 35 36
0xc64bb752c7adaae0 193151 -1 -2 3 4 5 -6 -7 8 9 10 11 12 13 -14 15 16 17 18 -19 20 -21 22 23 -24 -25 -26 27 -28 29 -30 -31 -32 -33 -34 35 36
0xf95a0d5a8485f2dd 193151 -1 -2 3 4 5 -6 -7 8 9 10 11 12 13 -14 15 16 17 18 -19 20 -21 22 23 -24 -25 -26 27 -28 29 -30 -31 -32 -33 -34 35 36
0x8c107f0f7f7544a4 193151 -1 -2 3 4 5 -6 -7 8 9 10 11 12 13 -14 15 16 17 18 -19 20 -21 22 23 -24 -25 -26 27 -28 29 -30 -31 -32 -33 -34 35 36
0x8e1968e8ccc5222e 193151 -1 -2 3 4 5 -6 -7 8 9 10 11 12 13 -14 15 16 17 18 -19 20 -21 22 23 -24 -25 -26 27 -28 29 -30 -31 -32 -33 -34 35 36
0x2f1af5eab3df5bc8 193151 -1 -2 3 4 5 -6 -7 8 9 10 11 12 13 -14 15 16 17 18 -19 20 -21 22 23 -24 -25 -26 27 -28 29 -30 -31 -32 -33 -34 35 36
0x712bcb1537c2d33f 193151 -1 -2 3 4 5 -6 -7 8 9 10 11 12 13 -14 15 16 17 18 -19 20 -21 22 23 -24 -25 -26 27 -28 29 -30 -31 -32 -33 -34 35 36
0xc41a0a2511b6848e 193151 -1 -2 3 4 5 -6 -7 8 9 10 11 12 13 -14 15 16 17 18 -19 20 -21 22 23 -24 -25 -26 27 -28 29 -30 -31 -32 -33 -34 35 36
0x5a7dc21c61021c57 193151 -1 -2 3 4 5 -6 -7 8 9 10 11 12 13 -14 15 16 17 18 -19 20 -21 22 23 -24 -25 -26 27 -28 29 -30 -31 -32 -33 -34 35 36
0xfbc356301eebd95b 193151 -1 -2 3 4 5 -6 -7 8 9 10 11 12 13 -14 15 16 17 18 -19 20 -21 22 23 -24 -25 -26 27 -28 29 -30 -31 -32 -33 -34 35 36
0x2a2d654a6d851e02 193151 -1 -2 3 4 5 -6 -7 8 9 10 11 12 13 -14 15 16 17 18 -19 20 -21 22 23 -24 -25 -26 27 -28 29 -30 -31 -32 -33 -34 35 36
0x83e101860dbb11d8 193151 -1 -2 3 4 5 -6 -7 8 9 10 11 12 13 -14 15 16 17 18 -19 20 -21 22 23 -24 -25 -26 27 -28 29 -30 -31 -32 -33 -34 35 36
0x1aa37b394c1530b 193151 -1 -2 3 4 5 -6 -7 8 9 10 11 12 13 -14 15 16 17 18 -19 20 -21 22 23 -24 -25 -26 27 -28 29 -30 -31 -32 -33 -34 35 36
0x770be4a1d3e33c61 193151 -1 -2 3 4 5 -6 -7 8 9 10 11 12 13 -14 15 16 17 18 -19 20 -21 22 23 -24 -25 -26 27 -28 29 -30 -31 -32 -33 -34 35 36
0xd2698a6d821ac0df 193151 -1 -2 3 4 5 -6 -7 8 9 10 11 12 13 -14 15 16 17 18 -19 20 -21 22 23 -24 -25 -26 27 -28 29 -30 -31 -32 -33 -34 35 36
0xc7052095c367bb73 193151 -1 -2 3 4 5 -6 -7 8 9 10 11 12 13 -14 15 16 17 18 -19 20 -21 22 23 -24 -25 -26 27 -28 29 -30 -31 -32 -33 -34 35 36
0xbdb236d33a410a4 193151 -1 -2 3 4 5 -6 -7 8 9 10 11 12 13 -14 15 16 17 18 -19 20 -21 22 23 -24 -25 -26 27 -28 29 -30 -31 -32 -33 -34 35 36
0x2abe843a49fca8e1 193151 -1 -2 3 4 5 -6 -7 8 9 10 11 12 13 -14 15 16 17 18 -19 20 -21 22 23 -24 -25 -26 27 -28 29 -30 -31 -32 -33 -34 35 36
0x3e0598b844c069fc 193151 -1 -2 3 4 5 -6 -7 8 9 10 11 12 13 -14 15 16 17 18 -19 20 -21 22 23 -24 -25 -26 27 -28 29 -30 -31 -32 -33 -34 35 36
0xa32f87494d81f8e6 193151 -1 -2 3 4 5 -6 -7 8 9 10 11 12 13 -14 15 16 17 18 -19 20 -21 22 23 -24 -25 -26 27 -28 29 -30 -31 -32 -33 -34 35 36
0x2d8941aecfdbfed8 193151 -1 -2 3 4 5 -6 -7 8 9 10 11 12 13 -14 15 16 17 18 -19 20 -21 22 23 -24 -25 -26 27 -28 29 -30 -31 -32 -33 -34 35 36
0x7f49c58a9667e7c0 193151 -1 -2 3 4 5 -6 -7 8 9 10 11 12 13 -14 15 16 17 18 -19 20 -21 22 23 -24 -25 -26 27 -28 29 -30 -31 -32 -33 -34 35 36
0xd19d0a93ed56134e 193151 -1 -2 3 4 5 -6 -7 8 9 10 11 12 13 -14 15 16 17 18 -19 20 -21 22 23 -24 -25 -26 27 -28 29 -30 -31 -32 -33 -34 35 36
0x33a51d9417fdd2b6 193151 -1 -2 3 4 5 -6 -7 8 9 10 11 12 13 -14 15 16 17 18 -19 20 -21 22 23 -24 -25 -26 27 -28 29 -30 -31 -32 -33 -34 35 36
0x8c983be79e641e31 193151 -1 -2 3 4 5 -6 -7 8 9 10 11 12 13 -14 15 16 17 18 -19 20 -21 22 23 -24 -25 -26 27 -28 29 -30 -31 -32 -33 -34 35 36
0xcdd0bf020597da7b 193151 -1 -2 3 4 5 -6 -7 8 9 10 11 12 13 -14 15 16 17 18 -19 20 -21 22 23 -24 -25 -26 27 -28 29 -30 -31 -32 -33 -34 35 36
0x21ccd7e76f09ae55 193151 -1 -2 3 4 5 -6 -7 8 9 10 11 12 13 -14 15 16 17 18 -19 20 -21 22 23 -24 -25 -26 27 -28 29 -30 -31 -32 -33 -34 35 36