0xc8a9668876838598 177174 1 2 -3 -4 -5 6 -7 8 9 10 -11 12 13 14 15 16 17 -18 -19 -20 21 22 23 -24 -25 -26 -27 -28 29 30 31 32 33 34 -35 -36
0xab1511ce178b7619 177174 1 2 -3 -4 -5 6 -7 8 9 10 -11 12 13 14 15 16 17 -18 -19 -20 21 22 23 -24 -25 -26 -27 -28 29 30 31 32 33 34 -35 -36
0x4201ea24ffd49eed 177174 1 2 -3 -4 -5 6 -7 8 9 10 -11 12 13 14 15 16 17 -18 -19 -20 21 22 23 -24 -25 -26 -27 -28 29 30 31 32 33 34 -35 -36
0x90b038b9660cf6fd 177174 1 2 -3 -4 -5 6 -7 8 9 10 -11 12 13 14 15 16 17 -18 -19 -20 21 22 23 -24 -25 -26 -27 -28 29 30 31 32 33 34 -35 -36
0x9170e80f60ff59e0 177174 1 2 -3 -4 -5 6 -7 8 9 10 -11 12 13 14 15 16 17 -18 -19 -20 21 22 23 -24 -25 -26 -27 -28 29 30 31 32 33 34 -35 -36
0x94855e7572b967d1 177174 1 2 -3 -4 -5 6 -7 8 9 10 -11 12 13 14 15 16 17 -18 -19 -20 21 22 23 -24 -25 -26 -27 -28 29 30 31 32 33 34 -35 -36
0x4cd211e7ddf6921d 177174 1 2 -3 -4 -5 6 -7 8 9 10 -11 12 13 14 15 16 17 -18 -19 -20 21 22 23 -24 -25 -26 -27 -28 29 30 31 32 33 34 -35 -36
0x2dedc338f6e5a9ba 177174 1 2 -3 -4 -5 6 -7 8 9 10 -11 12 13 14 15 16 17 -18 -19 -20 21 22 23 -24 -25 -26 -27 -28 29 30 31 32 33 34 -35 -36
0x1c856d0c794a68f5 177174 1 2 -3 -4 -5 6 -7 8 9 10 -11 12 13 14 15 16 17 -18 -19 -20 21 22 23 -24 -25 -26 -27 -28 29 30 31 32 33 34 -35 -36
0x7b78eb919cb37d1c 177174 1 2 -3 -4 -5 6 -7 8 9 10 -11 12 13 14 15 16 17 -18 -19 -20 21 22 23 -24 -25 -26 -27 -28 29 30 31 32 33 34 -35 -36
0x950c55582cde6388 177174 1 2 -3 -4 -5 6 -7 8 9 10 -11 12 13 14 15 16 17 -18 -19 -20 21 22 23 -24 -25 -26 -27 -28 29 30 31 32 33 34 -35 -36
0x199d27d85ef2680c 177174 1 2 -3 -4 -5 6 -7 8 9 10 -11 12 13 14 15 16 17 -18 -19 -20 21 22 23 -24 -25 -26 -27 -28 29 30 31 32 33 34 -35 -36
0x32a3393f1fed7370 177174 1 2 -3 -4 -5 6 -7 8 9 10 -11 12 13 14 15 16 17 -18 -19 -20 21 22 23 -24 -25 -26 -27 -28 29 30 31 32 33 34 -35 -36
0x9d6519d0e970a101 177174 1 2 -3 -4 -5 6 -7 8 9 10 -11 12 13 14 15 16 17 -18 -19 -20 21 22 23 -24 -25 -26 -27 -28 29 30 31 32 33 34 -35 -36
0xfe410f60a3c8540f 177174 1 2 -3 -4 -5 6 -7 8 9 10 -11 12 13 14 15 16 17 -18 -19 -20 21 22 23 -24 -25 -26 -27 -28 29 30 31 32 33 34 -35 -36
0x41dbe0dbabaddd6f 177174 1 2 -3 -4 -5 6 -7 8 9 10 -11 12 13 14 15 16 17 -18 -19 -20 21 22 23 -24 -25 -26 -27 -28 29 30 31 32 33 34 -35 -36
0x28b371bd5168b0f8 177174 1 2 -3 -4 -5 6 -7 8 9 10 -11 12 13 14 15 16 17 -18 -19 -20 21 22 23 -24 -25 -26 -27 -28 29 30 31 32 33 34 -35 -36
0xf6d32d97db352b07 177174 1 2 -3 -4 -5 6 -7 8 9 10 -11 12 13 14 15 16 17 -18 -19 -20 21 22 23 -24 -25 -26 -27 -28 29 30 31 32 33 34 -35 -36
0x56a84390a116e5fd 177174 1 2 -3 -4 -5 6 -7 8 9 10 -11 12 13 14 15 16 17 -18 -19 -20 21 22 23 -24 -25 -26 -27 -28 29 30 31 32 33 34 -35 -36
0x46001e802e4c6c88 177174 1 2 -3 -4 -5 6 -7 8 9 10 -11 12 13 14 15 16 17 -18 -19 -20 21 22 23 -24 -25 -26 -27 -28 29 30 31 32 33 34 -35 -36
0x52413100ab64dcb5 177174 1 2 -3 -4 -5 6 -7 8 9 10 -11 12 13 14 15 16 17 -18 -19 -20 21 22 23 -24 -25 -26 -27 -28 29 30 31 32 33 34 -35 -36
0x8e9db9de1f172425 177174 1 2 -3 -4 -5 6 -7 8 9 10 -11 12 13 14 15 16 17 -18 -19 -20 21 22 23 -24 -25 -26 -27 -28 29 30 31 32 33 34 -35 -36
0x7b717be848c15579 177174 1 2 -3 -4 -5 6 -7 8 9 10 -11 12 13 14 15 16 17 -18 -19 -20 21 22 23 -24 -25 -26 -27 -28 29 30 31 32 33 34 -35 -36
0x55aff9b4353d4569 177174 1 2 -3 -4 -5 6 -7 8 9 10 -11 12 13 14 15 16 17 -18 -19 -20 21 22 23 -24 -25 -26 -27 -28 29 30 31 32 33 34 -35 -36
0xfce3787a674b92cb 177174 1 2 -3 -4 -5 6 -7 8 9 10 -11 12 13 14 15 16 17 -18 -19 -20 21 22 23 -24 -25 -26 -27 -28 29 30 31 32 33 34 -35 -36
0x7c3838ad3d926ab8 177174 1 2 -3 -4 -5 6 -7 8 9 10 -11 12 13 14 15 16 17 -18 -19 -20 21 22 23 -24 -25 -26 -27 -28 29 30 31 32 33 34 -35 -36
0xb5402db60d7a796d 177174 1 2 -3 -4 -5 6 -7 8 9 10 -11 12 13 14 15 16 17 -18 -19 -20 21 22 23 -24 -25 -26 -27 -28 29 30 31 32 33 34 -35 -36
0x63d94e82447f7c57 177174 1 2 -3 -4 -5 6 -7 8 9 10 -11 12 13 14 15 16 17 -18 -19 -20 21 22 23 -24 -25 -26 -27 -28 29 30 31 32 33 34 -35 -36
0x5728c0ba1b146f8a 177174 1 2 -3 -4 -5 6 -7 8 9 10 -11 12 13 14 15 16 17 -18 -19 -20 21 22 23 -24 -25 -26 -27 -28 29 30 31 32 33 34 -35 -36
0xaa30c5a1d891e18 177174 1 2 -3 -4 -5 6 -7 8 9 10 -11 12 13 14 15 16 17 -18 -19 -20 21 22 23 -24 -25 -26 -27 -28 29 30 31 32 33 34 -35 -36