0x6bb9e18540207997 243709 1 2 3 4 5 6 7 -8 -9 10 11 -12 13 14 15 16 -17 18 -19 20 21 -22 23 24 25 26 27 28 -29 30 31 32 33 34 35 36
0xab43444429d4edc0 243709 1 2 3 4 5 6 7 -8 -9 10 11 -12 13 14 15 16 -17 18 -19 20 21 -22 23 24 25 26 27 28 -29 30 31 32 33 34 35 36
0x846c85ac6b11f813 243709 1 2 3 4 5 6 7 -8 -9 10 11 -12 13 14 15 16 -17 18 -19 20 21 -22 23 24 25 26 27 28 -29 30 31 32 33 34 35 36
0xf01608c7d922f03e 243709 1 2 3 4 5 6 7 -8 -9 10 11 -12 13 14 15 16 -17 18 -19 20 21 -22 23 24 25 26 27 28 -29 30 31 32 33 34 35 36
0x61954da9abddacdc 243709 1 2 3 4 5 6 7 -8 -9 10 11 -12 13 14 15 16 -17 18 -19 20 21 -22 23 24 25 26 27 28 -29 30 31 32 33 34 35 36
0xe804b6ef4e38abba 243709 1 2 3 4 5 6 7 -8 -9 10 11 -12 13 14 15 16 -17 18 -19 20 21 -22 23 24 25 26 27 28 -29 30 31 32 33 34 35 36
0x45cbca7d4cd858cf 243709 1 2 3 4 5 6 7 -8 -9 10 11 -12 13 14 15 16 -17 18 -19 20 21 -22 23 24 25 26 27 28 -29 30 31 32 33 34 35 36
0x96e1c3ec53cb1527 243709 1 2 3 4 5 6 7 -8 -9 10 11 -12 13 14 15 16 -17 18 -19 20 21 -22 23 24 25 26 27 28 -29 30 31 32 33 34 35 36
0x7f84b5819a5d9fa8 243709 1 2 3 4 5 6 7 -8 -9 10 11 -12 13 14 15 16 -17 18 -19 20 21 -22 23 24 25 26 27 28 -29 30 31 32 33 34 35 36
0x1d41cc481ae04354 243709 1 2 3 4 5 6 7 -8 -9 10 11 -12 13 14 15 16 -17 18 -19 20 21 -22 23 24 25 26 27 28 -29 30 31 32 33 34 35 36
0x5dc5071aae8da89d 243709 1 2 3 4 5 6 7 -8 -9 10 11 -12 13 14 15 16 -17 18 -19 20 21 -22 23 24 25 26 27 28 -29 30 31 32 33 34 35 36
0x340594c8c9a91ad6 243709 1 2 3 4 5 6 7 -8 -9 10 11 -12 13 14 15 16 -17 18 -19 20 21 -22 23 24 25 26 27 28 -29 30 31 32 33 34 35 36
0xd62be394d26021bb 243709 1 2 3 4 5 6 7 -8 -9 10 11 -12 13 14 15 16 -17 18 -19 20 21 -22 23 24 25 26 27 28 -29 30 31 32 33 34 35 36
0xa27900b4811b2ae8 243709 1 2 3 4 5 6 7 -8 -9 10 11 -12 13 14 15 16 -17 18 -19 20 21 -22 23 24 25 26 27 28 -29 30 31 32 33 34 35 36
0x2798001ab6668c38 243709 1 2 3 4 5 6 7 -8 -9 10 11 -12 13 14 15 16 -17 18 -19 20 21 -22 23 24 25 26 27 28 -29 30 31 32 33 34 35 36
0x9d38d6f6bff68a5b 243709 1 2 3 4 5 6 7 -8 -9 10 11 -12 13 14 15 16 -17 18 -19 20 21 -22 23 24 25 26 27 28 -29 30 31 32 33 34 35 36
0xc79c9801bd87bc22 243709 1 2 3 4 5 6 7 -8 -9 10 11 -12 13 14 15 16 -17 18 -19 20 21 -22 23 24 25 26 27 28 -29 30 31 32 33 34 35 36
0x1f7f6c29170bb8e6 243709 1 2 3 4 5 6 7 -8 -9 10 11 -12 13 14 15 16 -17 18 -19 20 21 -22 23 24 25 26 27 28 -29 30 31 32 33 34 35 36
0x63a18f84430ae0e0 243709 1 2 3 4 5 6 7 -8 -9 10 11 -12 13 14 15 16 -17 18 -19 20 21 -22 23 24 25 26 27 28 -29 30 31 32 33 34 35 36
0xcb33b1e43c7c9fbe 243709 1 2 3 4 5 6 7 -8 -9 10 11 -12 13 14 15 16 -17 18 -19 20 21 -22 23 24 25 26 27 28 -29 30 31 32 33 34 35 36
0x9318215e025baf32 243709 1 2 3 4 5 6 7 -8 -9 10 11 -12 13 14 15 16 -17 18 -19 20 21 -22 23 24 25 26 27 28 -29 30 31 32 33 34 35 36
0x9b4190e012a909c6 243709 1 2 3 4 5 6 7 -8 -9 10 11 -12 13 14 15 16 -17 18 -19 20 21 -22 23 24 25 26 27 28 -29 30 31 32 33 34 35 36
0x1524d0e03455d8ea 243709 1 2 3 4 5 6 7 -8 -9 10 11 -12 13 14 15 16 -17 18 -19 20 21 -22 23 24 25 26 27 28 -29 30 31 32 33 34 35 36
0x71d4ceea79359f92 243709 1 2 3 4 5 6 7 -8 -9 10 11 -12 13 14 15 16 -17 18 -19 20 21 -22 23 24 25 26 27 28 -29 30 31 32 33 34 35 36
0x4b44b6986e9288d 243709 1 2 3 4 5 6 7 -8 -9 10 11 -12 13 14 15 16 -17 18 -19 20 21 -22 23 24 25 26 27 28 -29 30 31 32 33 34 35 36
0x27ead3fa0eebf327 243709 1 2 3 4 5 6 7 -8 -9 10 11 -12 13 14 15 16 -17 18 -19 20 21 -22 23 24 25 26 27 28 -29 30 31 32 33 34 35 36
0xbd2b8d5efa858ef3 243709 1 2 3 4 5 6 7 -8 -9 10 11 -12 13 14 15 16 -17 18 -19 20 21 -22 23 24 25 26 27 28 -29 30 31 32 33 34 35 36
0x3ab14938333972ca 243709 1 2 3 4 5 6 7 -8 -9 10 11 -12 13 14 15 16 -17 18 -19 20 21 -22 23 24 25 26 27 28 -29 30 31 32 33 34 35 36
0x38b26d671a685e79 243709 1 2 3 4 5 6 7 -8 -9 10 11 -12 13 14 15 16 -17 18 -19 20 21 -22 23 24 25 26 27 28 -29 30 31 32 33 34 35 36
0xbb6e3b2ba2a3091d 243709 1 2 3 4 5 6 7 -8 -9 10 11 -12 13 14 15 16 -17 18 -19 20 21 -22 23 24 25 26 27 28 -29 30 31 32 33 34 35 36