0x725c1ab33f456803 62910 1 2 -3 4 -5 6 7 8 -9 10 -11 -12 13 14 15 -16 17 18 19 -20 21 -22 23 -24 -25 -26 -27 28 -29 -30 -31 -32 33 34 35 36
0x6578da1368b2f2cc 62910 1 2 -3 4 -5 6 7 8 -9 10 -11 -12 13 14 15 -16 17 18 19 -20 21 -22 23 -24 -25 -26 -27 28 -29 -30 -31 -32 33 34 35 36
0xed8b52c84b44dc7f 62910 1 2 -3 4 -5 6 7 8 -9 10 -11 -12 13 14 15 -16 17 18 19 -20 21 -22 23 -24 -25 -26 -27 28 -29 -30 -31 -32 33 34 35 36
0xbf14a729463a6aeb 62910 1 2 -3 4 -5 6 7 8 -9 10 -11 -12 13 14 15 -16 17 18 19 -20 21 -22 23 -24 -25 -26 -27 28 -29 -30 -31 -32 33 34 35 36
0x6affaaa01d5b4164 62910 1 2 -3 4 -5 6 7 8 -9 10 -11 -12 13 14 15 -16 17 18 19 -20 21 -22 23 -24 -25 -26 -27 28 -29 -30 -31 -32 33 34 35 36
0x82157d292f529643 62910 1 2 -3 4 -5 6 7 8 -9 10 -11 -12 13 14 15 -16 17 18 19 -20 21 -22 23 -24 -25 -26 -27 28 -29 -30 -31 -32 33 34 35 36
0x353f6d82f0ff863 62910 1 2 -3 4 -5 6 7 8 -9 10 -11 -12 13 14 15 -16 17 18 19 -20 21 -22 23 -24 -25 -26 -27 28 -29 -30 -31 -32 33 34 35 36
0x6c23e3519e53a4a7 62910 1 2 -3 4 -5 6 7 8 -9 10 -11 -12 13 14 15 -16 17 18 19 -20 21 -22 23 -24 -25 -26 -27 28 -29 -30 -31 -32 33 34 35 36
0xead0d50abcc6b71 62910 1 2 -3 4 -5 6 7 8 -9 10 -11 -12 13 14 15 -16 17 18 19 -20 21 -22 23 -24 -25 -26 -27 28 -29 -30 -31 -32 33 34 35 36
0x13b6f1f882d63dcf 62910 1 2 -3 4 -5 6 7 8 -9 10 -11 -12 13 14 15 -16 17 18 19 -20 21 -22 23 -24 -25 -26 -27 28 -29 -30 -31 -32 33 34 35 36
0xf259b674bc725ec0 62910 1 2 -3 4 -5 6 7 8 -9 10 -11 -12 13 14 15 -16 17 18 19 -20 21 -22 23 -24 -25 -26 -27 28 -29 -30 -31 -32 33 34 35 36
0xab83663eb4ecef2 62910 1 2 -3 4 -5 6 7 8 -9 10 -11 -12 13 14 15 -16 17 18 19 -20 21 -22 23 -24 -25 -26 -27 28 -29 -30 -31 -32 33 34 35 36
0xed4e918443010fe9 62910 1 2 -3 4 -5 6 7 8 -9 10 -11 -12 13 14 15 -16 17 18 19 -20 21 -22 23 -24 -25 -26 -27 28 -29 -30 -31 -32 33 34 35 36
0x25c2f107fb72e190 62910 1 2 -3 4 -5 6 7 8 -9 10 -11 -12 13 14 15 -16 17 18 19 -20 21 -22 23 -24 -25 -26 -27 28 -29 -30 -31 -32 33 34 35 36
0x1072a7171245abb4 62910 1 2 -3 4 -5 6 7 8 -9 10 -11 -12 13 14 15 -16 17 18 19 -20 21 -22 23 -24 -25 -26 -27 28 -29 -30 -31 -32 33 34 35 36
0x6f369e4be8a2f786 62910 1 2 -3 4 -5 6 7 8 -9 10 -11 -12 13 14 15 -16 17 18 19 -20 21 -22 23 -24 -25 -26 -27 28 -29 -30 -31 -32 33 34 35 36
0xa5ed193655eff91c 62910 1 2 -3 4 -5 6 7 8 -9 10 -11 -12 13 14 15 -16 17 18 19 -20 21 -22 23 -24 -25 -26 -27 28 -29 -30 -31 -32 33 34 35 36
0x7a96c1d7da1a28ee 62910 1 2 -3 4 -5 6 7 8 -9 10 -11 -12 13 14 15 -16 17 18 19 -20 21 -22 23 -24 -25 -26 -27 28 -29 -30 -31 -32 33 34 35 36
0xa0150928c472ed5b 62910 1 2 -3 4 -5 6 7 8 -9 10 -11 -12 13 14 15 -16 17 18 19 -20 21 -22 23 -24 -25 -26 -27 28 -29 -30 -31 -32 33 34 35 36
0x35d7d69366505423 62910 1 2 -3 4 -5 6 7 8 -9 10 -11 -12 13 14 15 -16 17 18 19 -20 21 -22 23 -24 -25 -26 -27 28 -29 -30 -31 -32 33 34 35 36
0xc2088775c2e8dbec 62910 1 2 -3 4 -5 6 7 8 -9 10 -11 -12 13 14 15 -16 17 18 19 -20 21 -22 23 -24 -25 -26 -27 28 -29 -30 -31 -32 33 34 35 36
0xff003ea2a0204dc0 62910 1 2 -3 4 -5 6 7 8 -9 10 -11 -12 13 14 15 -16 17 18 19 -20 21 -22 23 -24 -25 -26 -27 28 -29 -30 -31 -32 33 34 35 36
0x201783e3663ba68b 62910 1 2 -3 4 -5 6 7 8 -9 10 -11 -12 13 14 15 -16 17 18 19 -20 21 -22 23 -24 -25 -26 -27 28 -29 -30 -31 -32 33 34 35 36
0xf51d336fdeb210a0 62910 1 2 -3 4 -5 6 7 8 -9 10 -11 -12 13 14 15 -16 17 18 19 -20 21 -22 23 -24 -25 -26 -27 28 -29 -30 -31 -32 33 34 35 36
0x8f02bd789c90ed33 62910 1 2 -3 4 -5 6 7 8 -9 10 -11 -12 13 14 15 -16 17 18 19 -20 21 -22 23 -24 -25 -26 -27 28 -29 -30 -31 -32 33 34 35 36
0xbb8bb5a0ab28eddd 62910 1 2 -3 4 -5 6 7 8 -9 10 -11 -12 13 14 15 -16 17 18 19 -20 21 -22 23 -24 -25 -26 -27 28 -29 -30 -31 -32 33 34 35 36
0xd90eb27e09fa3e1e 62910 1 2 -3 4 -5 6 7 8 -9 10 -11 -12 13 14 15 -16 17 18 19 -20 21 -22 23 -24 -25 -26 -27 28 -29 -30 -31 -32 33 34 35 36
0x26957d1c7f15bcd4 62910 1 2 -3 4 -5 6 7 8 -9 10 -11 -12 13 14 15 -16 17 18 19 -20 21 -22 23 -24 -25 -26 -27 28 -29 -30 -31 -32 33 34 35 36
0xcfea9079636945c7 62910 1 2 -3 4 -5 6 7 8 -9 10 -11 -12 13 14 15 -16 17 18 19 -20 21 -22 23 -24 -25 -26 -27 28 -29 -30 -31 -32 33 34 35 36
0x8861e9083ead0b1f 62910 1 2 -3 4 -5 6 7 8 -9 10 -11 -12 13 14 15 -16 17 18 19 -20 21 -22 23 -24 -25 -26 -27 28 -29 -30 -31 -32 33 34 35 36