0x43de72c59cae9943 74498 -1 2 -3 4 5 6 7 8 9 -10 11 12 13 14 -15 16 17 18 -19 20 21 -22 23 -24 -25 26 27 28 29 30 31 -32 -33 34 35 36
0xf437c2dd09e05a40 74498 -1 2 -3 4 5 6 7 8 9 -10 11 12 13 14 -15 16 17 18 -19 20 21 -22 23 -24 -25 26 27 28 29 30 31 -32 -33 34 35 36
0xb45c4fda20c57f46 74498 -1 2 -3 4 5 6 7 8 9 -10 11 12 13 14 -15 16 17 18 -19 20 21 -22 23 -24 -25 26 27 28 29 30 31 -32 -33 34 35 36
0xda4e89b61cafce89 74498 -1 2 -3 4 5 6 7 8 9 -10 11 12 13 14 -15 16 17 18 -19 20 21 -22 23 -24 -25 26 27 28 29 30 31 -32 -33 34 35 36
0xbbd5499daa069167 74498 -1 2 -3 4 5 6 7 8 9 -10 11 12 13 14 -15 16 17 18 -19 20 21 -22 23 -24 -25 26 27 28 29 30 31 -32 -33 34 35 36
0x17629971d1c685de 74498 -1 2 -3 4 5 6 7 8 9 -10 11 12 13 14 -15 16 17 18 -19 20 21 -22 23 -24 -25 26 27 28 29 30 31 -32 -33 34 35 36
0x5b8cb46d9e9e012 74498 -1 2 -3 4 5 6 7 8 9 -10 11 12 13 14 -15 16 17 18 -19 20 21 -22 23 -24 -25 26 27 28 29 30 31 -32 -33 34 35 36
0xe7be0e7144e5bcb 74498 -1 2 -3 4 5 6 7 8 9 -10 11 12 13 14 -15 16 17 18 -19 20 21 -22 23 -24 -25 26 27 28 29 30 31 -32 -33 34 35 36
0x4f851c92db18dcd3 74498 -1 2 -3 4 5 6 7 8 9 -10 11 12 13 14 -15 16 17 18 -19 20 21 -22 23 -24 -25 26 27 28 29 30 31 -32 -33 34 35 36
0x4c5e0d180f29abc5 74498 -1 2 -3 4 5 6 7 8 9 -10 11 12 13 14 -15 16 17 18 -19 20 21 -22 23 -24 -25 26 27 28 29 30 31 -32 -33 34 35 36
0xc790ed73cb4c49e5 74498 -1 2 -3 4 5 6 7 8 9 -10 11 12 13 14 -15 16 17 18 -19 20 21 -22 23 -24 -25 26 27 28 29 30 31 -32 -33 34 35 36
0xa2dfc1f4b9b40fe9 74498 -1 2 -3 4 5 6 7 8 9 -10 11 12 13 14 -15 16 17 18 -19 20 21 -22 23 -24 -25 26 27 28 29 30 31 -32 -33 34 35 36
0xa54580916d5f3d3d 74498 -1 2 -3 4 5 6 7 8 9 -10 11 12 13 14 -15 16 17 18 -19 20 21 -22 23 -24 -25 26 27 28 29 30 31 -32 -33 34 35 36
0x239c32c8aa48f24a 74498 -1 2 -3 4 5 6 7 8 9 -10 11 12 13 14 -15 16 17 18 -19 20 21 -22 23 -24 -25 26 27 28 29 30 31 -32 -33 34 35 36
0x21ea2fa06019f3e 74498 -1 2 -3 4 5 6 7 8 9 -10 11 12 13 14 -15 16 17 18 -19 20 21 -22 23 -24 -25 26 27 28 29 30 31 -32 -33 34 35 36
0x90025e8c06513301 74498 -1 2 -3 4 5 6 7 8 9 -10 11 12 13 14 -15 16 17 18 -19 20 21 -22 23 -24 -25 26 27 28 29 30 31 -32 -33 34 35 36
0x646b561b8a90919f 74498 -1 2 -3 4 5 6 7 8 9 -10 11 12 13 14 -15 16 17 18 -19 20 21 -22 23 -24 -25 26 27 28 29 30 31 -32 -33 34 35 36
0x131a64fb71b645c7 74498 -1 2 -3 4 5 6 7 8 9 -10 11 12 13 14 -15 16 17 18 -19 20 21 -22 23 -24 -25 26 27 28 29 30 31 -32 -33 34 35 36
0xf28228af54d3424c 74498 -1 2 -3 4 5 6 7 8 9 -10 11 12 13 14 -15 16 17 18 -19 20 21 -22 23 -24 -25 26 27 28 29 30 31 -32 -33 34 35 36
0xb470286eea95b3a6 74498 -1 2 -3 4 5 6 7 8 9 -10 11 12 13 14 -15 16 17 18 -19 20 21 -22 23 -24 -25 26 27 28 29 30 31 -32 -33 34 35 36
0x61b84ca966a7e170 74498 -1 2 -3 4 5 6 7 8 9 -10 11 12 13 14 -15 16 17 18 -19 20 21 -22 23 -24 -25 26 27 28 29 30 31 -32 -33 34 35 36
0x1090a67d7e011fe9 74498 -1 2 -3 4 5 6 7 8 9 -10 11 12 13 14 -15 16 17 18 -19 20 21 -22 23 -24 -25 26 27 28 29 30 31 -32 -33 34 35 36
0x6c8b8740a77ed175 74498 -1 2 -3 4 5 6 7 8 9 -10 11 12 13 14 -15 16 17 18 -19 20 21 -22 23 -24 -25 26 27 28 29 30 31 -32 -33 34 35 36
0xde5de7fcb65b781b 74498 -1 2 -3 4 5 6 7 8 9 -10 11 12 13 14 -15 16 17 18 -19 20 21 -22 23 -24 -25 26 27 28 29 30 31 -32 -33 34 35 36
0xd0e020ef0a59d707 74498 -1 2 -3 4 5 6 7 8 9 -10 11 12 13 14 -15 16 17 18 -19 20 21 -22 23 -24 -25 26 27 28 29 30 31 -32 -33 34 35 36
0x37f6f10647ba2408 74498 -1 2 -3 4 5 6 7 8 9 -10 11 12 13 14 -15 16 17 18 -19 20 21 -22 23 -24 -25 26 27 28 29 30 31 -32 -33 34 35 36
0x1d52d568d74f4911 74498 -1 2 -3 4 5 6 7 8 9 -10 11 12 13 14 -15 16 17 18 -19 20 21 -22 23 -24 -25 26 27 28 29 30 31 -32 -33 34 35 36
0x8e33b0ef554a35ba 74498 -1 2 -3 4 5 6 7 8 9 -10 11 12 13 14 -15 16 17 18 -19 20 21 -22 23 -24 -25 26 27 28 29 30 31 -32 -33 34 35 36
0xd49ec3a5939140be 74498 -1 2 -3 4 5 6 7 8 9 -10 11 12 13 14 -15 16 17 18 -19 20 21 -22 23 -24 -25 26 27 28 29 30 31 -32 -33 34 35 36
0x6db4f24eeab9997c 74498 -1 2 -3 4 5 6 7 8 9 -10 11 12 13 14 -15 16 17 18 -19 20 21 -22 23 -24 -25 26 27 28 29 30 31 -32 -33 34 35 36