0x1437243a215c6361 60090 -1 -2 3 -4 5 6 7 8 9 -10 -11 -12 13 14 15 16 17 18 -19 20 21 -22 -23 24 25 26 27 -28 29 -30 31 32 -33 -34 35 36
0xb71813a034a4e0f 60090 -1 -2 3 -4 5 6 7 8 9 -10 -11 -12 13 14 15 16 17 18 -19 20 21 -22 -23 24 25 26 27 -28 29 -30 31 32 -33 -34 35 36
0x93e8b41e4966e8e8 60090 -1 -2 3 -4 5 6 7 8 9 -10 -11 -12 13 14 15 16 17 18 -19 20 21 -22 -23 24 25 26 27 -28 29 -30 31 32 -33 -34 35 36
0x7d062b8be3eaa62 60090 -1 -2 3 -4 5 6 7 8 9 -10 -11 -12 13 14 15 16 17 18 -19 20 21 -22 -23 24 25 26 27 -28 29 -30 31 32 -33 -34 35 36
0xdd17cbe6b5f4d26c 60090 -1 -2 3 -4 5 6 7 8 9 -10 -11 -12 13 14 15 16 17 18 -19 20 21 -22 -23 24 25 26 27 -28 29 -30 31 32 -33 -34 35 36
0x5501f03889451baa 60090 -1 -2 3 -4 5 6 7 8 9 -10 -11 -12 13 14 15 16 17 18 -19 20 21 -22 -23 24 25 26 27 -28 29 -30 31 32 -33 -34 35 36
0xed964b0a3c9b42ae 60090 -1 -2 3 -4 5 6 7 8 9 -10 -11 -12 13 14 15 16 17 18 -19 20 21 -22 -23 24 25 26 27 -28 29 -30 31 32 -33 -34 35 36
0x595545d92fcd4d1a 60090 -1 -2 3 -4 5 6 7 8 9 -10 -11 -12 13 14 15 16 17 18 -19 20 21 -22 -23 24 25 26 27 -28 29 -30 31 32 -33 -34 35 36
0x4439666f81dd36f2 60090 -1 -2 3 -4 5 6 7 8 9 -10 -11 -12 13 14 15 16 17 18 -19 20 21 -22 -23 24 25 26 27 -28 29 -30 31 32 -33 -34 35 36
0x788750c500606b5 60090 -1 -2 3 -4 5 6 7 8 9 -10 -11 -12 13 14 15 16 17 18 -19 20 21 -22 -23 24 25 26 27 -28 29 -30 31 32 -33 -34 35 36
0x4175509d4170857d 60090 -1 -2 3 -4 5 6 7 8 9 -10 -11 -12 13 14 15 16 17 18 -19 20 21 -22 -23 24 25 26 27 -28 29 -30 31 32 -33 -34 35 36
0x2629af8ba1b4a499 60090 -1 -2 3 -4 5 6 7 8 9 -10 -11 -12 13 14 15 16 17 18 -19 20 21 -22 -23 24 25 26 27 -28 29 -30 31 32 -33 -34 35 36
0x911396938170ccda 60090 -1 -2 3 -4 5 6 7 8 9 -10 -11 -12 13 14 15 16 17 18 -19 20 21 -22 -23 24 25 26 27 -28 29 -30 31 32 -33 -34 35 36
0x93ec385f48c07049 60090 -1 -2 3 -4 5 6 7 8 9 -10 -11 -12 13 14 15 16 17 18 -19 20 21 -22 -23 24 25 26 27 -28 29 -30 31 32 -33 -34 35 36
0x4f5c20d29b03a2a6 60090 -1 -2 3 -4 5 6 7 8 9 -10 -11 -12 13 14 15 16 17 18 -19 20 21 -22 -23 24 25 26 27 -28 29 -30 31 32 -33 -34 35 36
0x1ae9a184b055f7e8 60090 -1 -2 3 -4 5 6 7 8 9 -10 -11 -12 13 14 15 16 17 18 -19 20 21 -22 -23 24 25 26 27 -28 29 -30 31 32 -33 -34 35 36
0xe40c8b8d20d96a79 60090 -1 -2 3 -4 5 6 7 8 9 -10 -11 -12 13 14 15 16 17 18 -19 20 21 -22 -23 24 25 26 27 -28 29 -30 31 32 -33 -34 35 36
0xe943fbd6525bb609 60090 -1 -2 3 -4 5 6 7 8 9 -10 -11 -12 13 14 15 16 17 18 -19 20 21 -22 -23 24 25 26 27 -28 29 -30 31 32 -33 -34 35 36
0x990dbea16510b508 60090 -1 -2 3 -4 5 6 7 8 9 -10 -11 -12 13 14 15 16 17 18 -19 20 21 -22 -23 24 25 26 27 -28 29 -30 31 32 -33 -34 35 36
0x9ad28300b0694e2e 60090 -1 -2 3 -4 5 6 7 8 9 -10 -11 -12 13 14 15 16 17 18 -19 20 21 -22 -23 24 25 26 27 -28 29 -30 31 32 -33 -34 35 36
0x8ae4de5e25ccf1f6 60090 -1 -2 3 -4 5 6 7 8 9 -10 -11 -12 13 14 15 16 17 18 -19 20 21 -22 -23 24 25 26 27 -28 29 -30 31 32 -33 -34 35 36
0x2bf11ff4cf3ba81c 60090 -1 -2 3 -4 5 6 7 8 9 -10 -11 -12 13 14 15 16 17 18 -19 20 21 -22 -23 24 25 26 27 -28 29 -30 31 32 -33 -34 35 36
0xc17bf453d81ead24 60090 -1 -2 3 -4 5 6 7 8 9 -10 -11 -12 13 14 15 16 17 18 -19 20 21 -22 -23 24 25 26 27 -28 29 -30 31 32 -33 -34 35 36
0xd402d66cb41eed88 60090 -1 -2 3 -4 5 6 7 8 9 -10 -11 -12 13 14 15 16 17 18 -19 20 21 -22 -23 24 25 26 27 -28 29 -30 31 32 -33 -34 35 36
0xa411fe42f0517c55 60090 -1 -2 3 -4 5 6 7 8 9 -10 -11 -12 13 14 15 16 17 18 -19 20 21 -22 -23 24 25 26 27 -28 29 -30 31 32 -33 -34 35 36
0xcc670d0164c1d802 60090 -1 -2 3 -4 5 6 7 8 9 -10 -11 -12 13 14 15 16 17 18 -19 20 21 -22 -23 24 25 26 27 -28 29 -30 31 32 -33 -34 35 36
0x688ce9a7d1e85af1 60090 -1 -2 3 -4 5 6 7 8 9 -10 -11 -12 13 14 15 16 17 18 -19 20 21 -22 -23 24 25 26 27 -28 29 -30 31 32 -33 -34 35 36
0xff3cd96c90a5bbf 60090 -1 -2 3 -4 5 6 7 8 9 -10 -11 -12 13 14 15 16 17 18 -19 20 21 -22 -23 24 25 26 27 -28 29 -30 31 32 -33 -34 35 36
0xe9e66ce9530be1cb 60090 -1 -2 3 -4 5 6 7 8 9 -10 -11 -12 13 14 15 16 17 18 -19 20 21 -22 -23 24 25 26 27 -28 29 -30 31 32 -33 -34 35 36
0x5ebe468854d57c57 60090 -1 -2 3 -4 5 6 7 8 9 -10 -11 -12 13 14 15 16 17 18 -19 20 21 -22 -23 24 25 26 27 -28 29 -30 31 32 -33 -34 35 36