0x42863059af67e1cd 50078 1 -2 -3 4 -5 6 -7 8 -9 -10 11 -12 -13 14 -15 16 17 -18 19 20 21 -22 -23 -24 25 -26 -27 -28 29 30 31 32 -33 -34 -35 36
0xdb49beb0d8edf7fd 50078 1 -2 -3 4 -5 6 -7 8 -9 -10 11 -12 -13 14 -15 16 17 -18 19 20 21 -22 -23 -24 25 -26 -27 -28 29 30 31 32 -33 -34 -35 36
0x2f8eca38cc6555b9 50078 1 -2 -3 4 -5 6 -7 8 -9 -10 11 -12 -13 14 -15 16 17 -18 19 20 21 -22 -23 -24 25 -26 -27 -28 29 30 31 32 -33 -34 -35 36
0x6bf29d96c1ef314d 50078 1 -2 -3 4 -5 6 -7 8 -9 -10 11 -12 -13 14 -15 16 17 -18 19 20 21 -22 -23 -24 25 -26 -27 -28 29 30 31 32 -33 -34 -35 36
0x58876133e2d03ab7 50078 1 -2 -3 4 -5 6 -7 8 -9 -10 11 -12 -13 14 -15 16 17 -18 19 20 21 -22 -23 -24 25 -26 -27 -28 29 30 31 32 -33 -34 -35 36
0xe90a858915758164 50078 1 -2 -3 4 -5 6 -7 8 -9 -10 11 -12 -13 14 -15 16 17 -18 19 20 21 -22 -23 -24 25 -26 -27 -28 29 30 31 32 -33 -34 -35 36
0x4c4bd0e428b2401 50078 1 -2 -3 4 -5 6 -7 8 -9 -10 11 -12 -13 14 -15 16 17 -18 19 20 21 -22 -23 -24 25 -26 -27 -28 29 30 31 32 -33 -34 -35 36
0x19945bdcae13e04e 50078 1 -2 -3 4 -5 6 -7 8 -9 -10 11 -12 -13 14 -15 16 17 -18 19 20 21 -22 -23 -24 25 -26 -27 -28 29 30 31 32 -33 -34 -35 36
0x291d434e33ef5df3 50078 1 -2 -3 4 -5 6 -7 8 -9 -10 11 -12 -13 14 -15 16 17 -18 19 20 21 -22 -23 -24 25 -26 -27 -28 29 30 31 32 -33 -34 -35 36
0x9acfca2df68a2619 50078 1 -2 -3 4 -5 6 -7 8 -9 -10 11 -12 -13 14 -15 16 17 -18 19 20 21 -22 -23 -24 25 -26 -27 -28 29 30 31 32 -33 -34 -35 36
0xc1721369bf020ff3 50078 1 -2 -3 4 -5 6 -7 8 -9 -10 11 -12 -13 14 -15 16 17 -18 19 20 21 -22 -23 -24 25 -26 -27 -28 29 30 31 32 -33 -34 -35 36
0x727e8b59783bbb22 50078 1 -2 -3 4 -5 6 -7 8 -9 -10 11 -12 -13 14 -15 16 17 -18 19 20 21 -22 -23 -24 25 -26 -27 -28 29 30 31 32 -33 -34 -35 36
0x26c196bef96676c4 50078 1 -2 -3 4 -5 6 -7 8 -9 -10 11 -12 -13 14 -15 16 17 -18 19 20 21 -22 -23 -24 25 -26 -27 -28 29 30 31 32 -33 -34 -35 36
0x855e39f656c2c41e 50078 1 -2 -3 4 -5 6 -7 8 -9 -10 11 -12 -13 14 -15 16 17 -18 19 20 21 -22 -23 -24 25 -26 -27 -28 29 30 31 32 -33 -34 -35 36
0x39e4abb23a163c2e 50078 1 -2 -3 4 -5 6 -7 8 -9 -10 11 -12 -13 14 -15 16 17 -18 19 20 21 -22 -23 -24 25 -26 -27 -28 29 30 31 32 -33 -34 -35 36
0x1f0b323846ca11f3 50078 1 -2 -3 4 -5 6 -7 8 -9 -10 11 -12 -13 14 -15 16 17 -18 19 20 21 -22 -23 -24 25 -26 -27 -28 29 30 31 32 -33 -34 -35 36
0x44a8aee158ed77f2 50078 1 -2 -3 4 -5 6 -7 8 -9 -10 11 -12 -13 14 -15 16 17 -18 19 20 21 -22 -23 -24 25 -26 -27 -28 29 30 31 32 -33 -34 -35 36
0xae3af99cb49f95b4 50078 1 -2 -3 4 -5 6 -7 8 -9 -10 11 -12 -13 14 -15 16 17 -18 19 20 21 -22 -23 -24 25 -26 -27 -28 29 30 31 32 -33 -34 -35 36
0x7ab70c6c1ac70d44 50078 1 -2 -3 4 -5 6 -7 8 -9 -10 11 -12 -13 14 -15 16 17 -18 19 20 21 -22 -23 -24 25 -26 -27 -28 29 30 31 32 -33 -34 -35 36
0xdba0fee5643d10b3 50078 1 -2 -3 4 -5 6 -7 8 -9 -10 11 -12 -13 14 -15 16 17 -18 19 20 21 -22 -23 -24 25 -26 -27 -28 29 30 31 32 -33 -34 -35 36
0x2ea9d1b0c8d20796 50078 1 -2 -3 4 -5 6 -7 8 -9 -10 11 -12 -13 14 -15 16 17 -18 19 20 21 -22 -23 -24 25 -26 -27 -28 29 30 31 32 -33 -34 -35 36
0xb2510a0e53d1c484 50078 1 -2 -3 4 -5 6 -7 8 -9 -10 11 -12 -13 14 -15 16 17 -18 19 20 21 -22 -23 -24 25 -26 -27 -28 29 30 31 32 -33 -34 -35 36
0xab481d4f3bed4a9b 50078 1 -2 -3 4 -5 6 -7 8 -9 -10 11 -12 -13 14 -15 16 17 -18 19 20 21 -22 -23 -24 25 -26 -27 -28 29 30 31 32 -33 -34 -35 36
0x6595ac58e0b022fa 50078 1 -2 -3 4 -5 6 -7 8 -9 -10 11 -12 -13 14 -15 16 17 -18 19 20 21 -22 -23 -24 25 -26 -27 -28 29 30 31 32 -33 -34 -35 36
0x49b68f2513e74246 50078 1 -2 -3 4 -5 6 -7 8 -9 -10 11 -12 -13 14 -15 16 17 -18 19 20 21 -22 -23 -24 25 -26 -27 -28 29 30 31 32 -33 -34 -35 36
0x433ab043119f7e27 47595 1 -2 3 4 -5 6 -7 8 -9 -10 11 -12 -13 14 -15 -16 17 -18 19 -20 21 -22 -23 -24 25 -26 -27 -28 29 30 31 32 -33 -34 35 36
0xf39bb8531da192ca 50078 1 -2 -3 4 -5 6 -7 8 -9 -10 11 -12 -13 14 -15 16 17 -18 19 20 21 -22 -23 -24 25 -26 -27 -28 29 30 31 32 -33 -34 -35 36
0xa14b898b2991b85f 50078 1 -2 -3 4 -5 6 -7 8 -9 -10 11 -12 -13 14 -15 16 17 -18 19 20 21 -22 -23 -24 25 -26 -27 -28 29 30 31 32 -33 -34 -35 36
0x80388b362b18c89a 50078 1 -2 -3 4 -5 6 -7 8 -9 -10 11 -12 -13 14 -15 16 17 -18 19 20 21 -22 -23 -24 25 -26 -27 -28 29 30 31 32 -33 -34 -35 36
0xd645c531e5bcf434 50078 1 -2 -3 4 -5 6 -7 8 -9 -10 11 -12 -13 14 -15 16 17 -18 19 20 21 -22 -23 -24 25 -26 -27 -28 29 30 31 32 -33 -34 -35 36