0xd7edd2e5f07ea6de 49175 1 -2 -3 -4 5 6 7 -8 9 10 11 12 -13 -14 -15 16 17 18 -19 20 21 -22 -23 -24 -25 26 -27 -28 -29 30 31 32 -33 34 35 36
0xffe707278d9c0cfa 49175 1 -2 -3 -4 5 6 7 -8 9 10 11 12 -13 -14 -15 16 17 18 -19 20 21 -22 -23 -24 -25 26 -27 -28 -29 30 31 32 -33 34 35 36
0xa17e56e75ff39d0a 49175 1 -2 -3 -4 5 6 7 -8 9 10 11 12 -13 -14 -15 16 17 18 -19 20 21 -22 -23 -24 -25 26 -27 -28 -29 30 31 32 -33 34 35 36
0x8235e5577dc7a28b 49175 1 -2 -3 -4 5 6 7 -8 9 10 11 12 -13 -14 -15 16 17 18 -19 20 21 -22 -23 -24 -25 26 -27 -28 -29 30 31 32 -33 34 35 36
0x7a0f153d251772fe 49175 1 -2 -3 -4 5 6 7 -8 9 10 11 12 -13 -14 -15 16 17 18 -19 20 21 -22 -23 -24 -25 26 -27 -28 -29 30 31 32 -33 34 35 36
0x6ba714729f1bd367 49175 1 -2 -3 -4 5 6 7 -8 9 10 11 12 -13 -14 -15 16 17 18 -19 20 21 -22 -23 -24 -25 26 -27 -28 -29 30 31 32 -33 34 35 36
0x339f37674beaedce 49175 1 -2 -3 -4 5 6 7 -8 9 10 11 12 -13 -14 -15 16 17 18 -19 20 21 -22 -23 -24 -25 26 -27 -28 -29 30 31 32 -33 34 35 36
0x880f249a7329d6c0 49175 1 -2 -3 -4 5 6 7 -8 9 10 11 12 -13 -14 -15 16 17 18 -19 20 21 -22 -23 -24 -25 26 -27 -28 -29 30 31 32 -33 34 35 36
0x75fed02322f1a2cd 49175 1 -2 -3 -4 5 6 7 -8 9 10 11 12 -13 -14 -15 16 17 18 -19 20 21 -22 -23 -24 -25 26 -27 -28 -29 30 31 32 -33 34 35 36
0x1826472aea4e0c09 49175 1 -2 -3 -4 5 6 7 -8 9 10 11 12 -13 -14 -15 16 17 18 -19 20 21 -22 -23 -24 -25 26 -27 -28 -29 30 31 32 -33 34 35 36
0x794e6e68812c33ae 49175 1 -2 -3 -4 5 6 7 -8 9 10 11 12 -13 -14 -15 16 17 18 -19 20 21 -22 -23 -24 -25 26 -27 -28 -29 30 31 32 -33 34 35 36
0x513980ae79327bf5 49175 1 -2 -3 -4 5 6 7 -8 9 10 11 12 -13 -14 -15 16 17 18 -19 20 21 -22 -23 -24 -25 26 -27 -28 -29 30 31 32 -33 34 35 36
0x8cd3c176934ed2f2 49175 1 -2 -3 -4 5 6 7 -8 9 10 11 12 -13 -14 -15 16 17 18 -19 20 21 -22 -23 -24 -25 26 -27 -28 -29 30 31 32 -33 34 35 36
0x8c856981f7399251 49175 1 -2 -3 -4 5 6 7 -8 9 10 11 12 -13 -14 -15 16 17 18 -19 20 21 -22 -23 -24 -25 26 -27 -28 -29 30 31 32 -33 34 35 36
0xca6bc83e771b7660 49175 1 -2 -3 -4 5 6 7 -8 9 10 11 12 -13 -14 -15 16 17 18 -19 20 21 -22 -23 -24 -25 26 -27 -28 -29 30 31 32 -33 34 35 36
0x528a9b51bb2cdf94 49175 1 -2 -3 -4 5 6 7 -8 9 10 11 12 -13 -14 -15 16 17 18 -19 20 21 -22 -23 -24 -25 26 -27 -28 -29 30 31 32 -33 34 35 36
0x28c1b614c9cb2403 49175 1 -2 -3 -4 5 6 7 -8 9 10 11 12 -13 -14 -15 16 17 18 -19 20 21 -22 -23 -24 -25 26 -27 -28 -29 30 31 32 -33 34 35 36
0xef4f91578d9f0ea 49175 1 -2 -3 -4 5 6 7 -8 9 10 11 12 -13 -14 -15 16 17 18 -19 20 21 -22 -23 -24 -25 26 -27 -28 -29 30 31 32 -33 34 35 36
0xa51499936b86bc27 49175 1 -2 -3 -4 5 6 7 -8 9 10 11 12 -13 -14 -15 16 17 18 -19 20 21 -22 -23 -24 -25 26 -27 -28 -29 30 31 32 -33 34 35 36
0x5bf3b902edc445be 49175 1 -2 -3 -4 5 6 7 -8 9 10 11 12 -13 -14 -15 16 17 18 -19 20 21 -22 -23 -24 -25 26 -27 -28 -29 30 31 32 -33 34 35 36
0xf6de502687c87f89 49175 1 -2 -3 -4 5 6 7 -8 9 10 11 12 -13 -14 -15 16 17 18 -19 20 21 -22 -23 -24 -25 26 -27 -28 -29 30 31 32 -33 34 35 36
0x998ab660ec0ae0fa 49175 1 -2 -3 -4 5 6 7 -8 9 10 11 12 -13 -14 -15 16 17 18 -19 20 21 -22 -23 -24 -25 26 -27 -28 -29 30 31 32 -33 34 35 36
0x7afadca754da63a 49175 1 -2 -3 -4 5 6 7 -8 9 10 11 12 -13 -14 -15 16 17 18 -19 20 21 -22 -23 -24 -25 26 -27 -28 -29 30 31 32 -33 34 35 36
0xd8f880cb4155554c 49175 1 -2 -3 -4 5 6 7 -8 9 10 11 12 -13 -14 -15 16 17 18 -19 20 21 -22 -23 -24 -25 26 -27 -28 -29 30 31 32 -33 34 35 36
0x66d0890a9179877f 49175 1 -2 -3 -4 5 6 7 -8 9 10 11 12 -13 -14 -15 16 17 18 -19 20 21 -22 -23 -24 -25 26 -27 -28 -29 30 31 32 -33 34 35 36
0x30d508a4a41a0785 49175 1 -2 -3 -4 5 6 7 -8 9 10 11 12 -13 -14 -15 16 17 18 -19 20 21 -22 -23 -24 -25 26 -27 -28 -29 30 31 32 -33 34 35 36
0x779754c258c70211 49175 1 -2 -3 -4 5 6 7 -8 9 10 11 12 -13 -14 -15 16 17 18 -19 20 21 -22 -23 -24 -25 26 -27 -28 -29 30 31 32 -33 34 35 36
0x6e03e7d6da0c09c3 49175 1 -2 -3 -4 5 6 7 -8 9 10 11 12 -13 -14 -15 16 17 18 -19 20 21 -22 -23 -24 -25 26 -27 -28 -29 30 31 32 -33 34 35 36
0x95639161b33a289f 49175 1 -2 -3 -4 5 6 7 -8 9 10 11 12 -13 -14 -15 16 17 18 -19 20 21 -22 -23 -24 -25 26 -27 -28 -29 30 31 32 -33 34 35 36
0xd318410add5aad0f 49175 1 -2 -3 -4 5 6 7 -8 9 10 11 12 -13 -14 -15 16 17 18 -19 20 21 -22 -23 -24 -25 26 -27 -28 -29 30 31 32 -33 34 35 36