0x410a258fbc498fd4 56932 1 2 3 -4 -5 6 7 8 9 10 -11 12 13 -14 -15 16 -17 18 19 -20 -21 -22 -23 24 -25 26 -27 28 29 -30 -31 -32 33 -34 -35 -36
0xa00dd70e69da945f 56932 1 2 3 -4 -5 6 7 8 9 10 -11 12 13 -14 -15 16 -17 18 19 -20 -21 -22 -23 24 -25 26 -27 28 29 -30 -31 -32 33 -34 -35 -36
0xcb7e9e5b2b09be2a 56932 1 2 3 -4 -5 6 7 8 9 10 -11 12 13 -14 -15 16 -17 18 19 -20 -21 -22 -23 24 -25 26 -27 28 29 -30 -31 -32 33 -34 -35 -36
0x1f50ddad7a1edef9 56932 1 2 3 -4 -5 6 7 8 9 10 -11 12 13 -14 -15 16 -17 18 19 -20 -21 -22 -23 24 -25 26 -27 28 29 -30 -31 -32 33 -34 -35 -36
0x6da5d2ec11cf0c33 56932 1 2 3 -4 -5 6 7 8 9 10 -11 12 13 -14 -15 16 -17 18 19 -20 -21 -22 -23 24 -25 26 -27 28 29 -30 -31 -32 33 -34 -35 -36
0x2ff3cf3627394063 56932 1 2 3 -4 -5 6 7 8 9 10 -11 12 13 -14 -15 16 -17 18 19 -20 -21 -22 -23 24 -25 26 -27 28 29 -30 -31 -32 33 -34 -35 -36
0x1c66be59a7bd0cba 56932 1 2 3 -4 -5 6 7 8 9 10 -11 12 13 -14 -15 16 -17 18 19 -20 -21 -22 -23 24 -25 26 -27 28 29 -30 -31 -32 33 -34 -35 -36
0x9166fe5ed1015a89 56932 1 2 3 -4 -5 6 7 8 9 10 -11 12 13 -14 -15 16 -17 18 19 -20 -21 -22 -23 24 -25 26 -27 28 29 -30 -31 -32 33 -34 -35 -36
0x207486fb9fc13cca 56932 1 2 3 -4 -5 6 7 8 9 10 -11 12 13 -14 -15 16 -17 18 19 -20 -21 -22 -23 24 -25 26 -27 28 29 -30 -31 -32 33 -34 -35 -36
0x50c4611f5034d196 56932 1 2 3 -4 -5 6 7 8 9 10 -11 12 13 -14 -15 16 -17 18 19 -20 -21 -22 -23 24 -25 26 -27 28 29 -30 -31 -32 33 -34 -35 -36
0x47714b7098fba78d 56932 1 2 3 -4 -5 6 7 8 9 10 -11 12 13 -14 -15 16 -17 18 19 -20 -21 -22 -23 24 -25 26 -27 28 29 -30 -31 -32 33 -34 -35 -36
0x6304bec5624baaf5 56932 1 2 3 -4 -5 6 7 8 9 10 -11 12 13 -14 -15 16 -17 18 19 -20 -21 -22 -23 24 -25 26 -27 28 29 -30 -31 -32 33 -34 -35 -36
0xe2c3de8ecd5341e2 56932 1 2 3 -4 -5 6 7 8 9 10 -11 12 13 -14 -15 16 -17 18 19 -20 -21 -22 -23 24 -25 26 -27 28 29 -30 -31 -32 33 -34 -35 -36
0x34934f47c0cc7377 56932 1 2 3 -4 -5 6 7 8 9 10 -11 12 13 -14 -15 16 -17 18 19 -20 -21 -22 -23 24 -25 26 -27 28 29 -30 -31 -32 33 -34 -35 -36
0x69d7f7fcb54e97de 56932 1 2 3 -4 -5 6 7 8 9 10 -11 12 13 -14 -15 16 -17 18 19 -20 -21 -22 -23 24 -25 26 -27 28 29 -30 -31 -32 33 -34 -35 -36
0x77efadd1acc45dc3 56932 1 2 3 -4 -5 6 7 8 9 10 -11 12 13 -14 -15 16 -17 18 19 -20 -21 -22 -23 24 -25 26 -27 28 29 -30 -31 -32 33 -34 -35 -36
0x43a1af79fa455fd5 56932 1 2 3 -4 -5 6 7 8 9 10 -11 12 13 -14 -15 16 -17 18 19 -20 -21 -22 -23 24 -25 26 -27 28 29 -30 -31 -32 33 -34 -35 -36
0x5cc4f0c229b94a4a 56932 1 2 3 -4 -5 6 7 8 9 10 -11 12 13 -14 -15 16 -17 18 19 -20 -21 -22 -23 24 -25 26 -27 28 29 -30 -31 -32 33 -34 -35 -36
0x349a360572ea905a 56932 1 2 3 -4 -5 6 7 8 9 10 -11 12 13 -14 -15 16 -17 18 19 -20 -21 -22 -23 24 -25 26 -27 28 29 -30 -31 -32 33 -34 -35 -36
0xb697ffb717eeb1c1 56932 1 2 3 -4 -5 6 7 8 9 10 -11 12 13 -14 -15 16 -17 18 19 -20 -21 -22 -23 24 -25 26 -27 28 29 -30 -31 -32 33 -34 -35 -36
0x80a645dbdb0a103f 56932 1 2 3 -4 -5 6 7 8 9 10 -11 12 13 -14 -15 16 -17 18 19 -20 -21 -22 -23 24 -25 26 -27 28 29 -30 -31 -32 33 -34 -35 -36
0x850803905c75551a 56932 1 2 3 -4 -5 6 7 8 9 10 -11 12 13 -14 -15 16 -17 18 19 -20 -21 -22 -23 24 -25 26 -27 28 29 -30 -31 -32 33 -34 -35 -36
0xa570927facaa6698 56932 1 2 3 -4 -5 6 7 8 9 10 -11 12 13 -14 -15 16 -17 18 19 -20 -21 -22 -23 24 -25 26 -27 28 29 -30 -31 -32 33 -34 -35 -36
0xb1183f3a307029a6 56932 1 2 3 -4 -5 6 7 8 9 10 -11 12 13 -14 -15 16 -17 18 19 -20 -21 -22 -23 24 -25 26 -27 28 29 -30 -31 -32 33 -34 -35 -36
0xe2e95f51358e3eb7 56932 1 2 3 -4 -5 6 7 8 9 10 -11 12 13 -14 -15 16 -17 18 19 -20 -21 -22 -23 24 -25 26 -27 28 29 -30 -31 -32 33 -34 -35 -36
0x896a4132fa14b59b 56932 1 2 3 -4 -5 6 7 8 9 10 -11 12 13 -14 -15 16 -17 18 19 -20 -21 -22 -23 24 -25 26 -27 28 29 -30 -31 -32 33 -34 -35 -36
0x9d6b436482ca7b12 56932 1 2 3 -4 -5 6 7 8 9 10 -11 12 13 -14 -15 16 -17 18 19 -20 -21 -22 -23 24 -25 26 -27 28 29 -30 -31 -32 33 -34 -35 -36
0x9bd0e99c1161bdf2 56932 1 2 3 -4 -5 6 7 8 9 10 -11 12 13 -14 -15 16 -17 18 19 -20 -21 -22 -23 24 -25 26 -27 28 29 -30 -31 -32 33 -34 -35 -36
0x2796f9de027b62d6 56932 1 2 3 -4 -5 6 7 8 9 10 -11 12 13 -14 -15 16 -17 18 19 -20 -21 -22 -23 24 -25 26 -27 28 29 -30 -31 -32 33 -34 -35 -36
0x41fed0095265919d 56932 1 2 3 -4 -5 6 7 8 9 10 -11 12 13 -14 -15 16 -17 18 19 -20 -21 -22 -23 24 -25 26 -27 28 29 -30 -31 -32 33 -34 -35 -36