0x44725a6fc1fdc9c3 60976 1 2 -3 4 5 6 7 8 -9 -10 11 12 13 -14 -15 -16 -17 18 -19 -20 21 22 -23 24 25 26 27 -28 -29 30 -31 32 -33 -34 35 36
0x31d34e5e6be40878 60976 1 2 -3 4 5 6 7 8 -9 -10 11 12 13 -14 -15 -16 -17 18 -19 -20 21 22 -23 24 25 26 27 -28 -29 30 -31 32 -33 -34 35 36
0xecfdf2c29782af1d 60976 1 2 -3 4 5 6 7 8 -9 -10 11 12 13 -14 -15 -16 -17 18 -19 -20 21 22 -23 24 25 26 27 -28 -29 30 -31 32 -33 -34 35 36
0x91d32390fe372c11 60976 1 2 -3 4 5 6 7 8 -9 -10 11 12 13 -14 -15 -16 -17 18 -19 -20 21 22 -23 24 25 26 27 -28 -29 30 -31 32 -33 -34 35 36
0xb1994ce5142b54bf 60976 1 2 -3 4 5 6 7 8 -9 -10 11 12 13 -14 -15 -16 -17 18 -19 -20 21 22 -23 24 25 26 27 -28 -29 30 -31 32 -33 -34 35 36
0x9093840bae0a67a6 60976 1 2 -3 4 5 6 7 8 -9 -10 11 12 13 -14 -15 -16 -17 18 -19 -20 21 22 -23 24 25 26 27 -28 -29 30 -31 32 -33 -34 35 36
0x7b8abea1a5e5128d 60976 1 2 -3 4 5 6 7 8 -9 -10 11 12 13 -14 -15 -16 -17 18 -19 -20 21 22 -23 24 25 26 27 -28 -29 30 -31 32 -33 -34 35 36
0x55da03248c0ccf7d 60976 1 2 -3 4 5 6 7 8 -9 -10 11 12 13 -14 -15 -16 -17 18 -19 -20 21 22 -23 24 25 26 27 -28 -29 30 -31 32 -33 -34 35 36
0xd7c61a22536d262b 59382 1 2 -3 -4 5 6 7 8 -9 -10 11 12 13 -14 -15 -16 -17 18 -19 -20 21 22 -23 24 25 26 27 -28 -29 30 -31 32 -33 -34 35 36
0x6b3e3528b3dfbcc0 60976 1 2 -3 4 5 6 7 8 -9 -10 11 12 13 -14 -15 -16 -17 18 -19 -20 21 22 -23 24 25 26 27 -28 -29 30 -31 32 -33 -34 35 36
0xf29d2a9c231ae4d5 60976 1 2 -3 4 5 6 7 8 -9 -10 11 12 13 -14 -15 -16 -17 18 -19 -20 21 22 -23 24 25 26 27 -28 -29 30 -31 32 -33 -34 35 36
0x8f48cf64c4f25a2b 60976 1 2 -3 4 5 6 7 8 -9 -10 11 12 13 -14 -15 -16 -17 18 -19 -20 21 22 -23 24 25 26 27 -28 -29 30 -31 32 -33 -34 35 36
0x43af4e63f3538df6 60976 1 2 -3 4 5 6 7 8 -9 -10 11 12 13 -14 -15 -16 -17 18 -19 -20 21 22 -23 24 25 26 27 -28 -29 30 -31 32 -33 -34 35 36
0x20c8f31f77f2b805 60976 1 2 -3 4 5 6 7 8 -9 -10 11 12 13 -14 -15 -16 -17 18 -19 -20 21 22 -23 24 25 26 27 -28 -29 30 -31 32 -33 -34 35 36
0xf88f53dae0a18506 60976 1 2 -3 4 5 6 7 8 -9 -10 11 12 13 -14 -15 -16 -17 18 -19 -20 21 22 -23 24 25 26 27 -28 -29 30 -31 32 -33 -34 35 36
0x11c622239a7bd25a 60976 1 2 -3 4 5 6 7 8 -9 -10 11 12 13 -14 -15 -16 -17 18 -19 -20 21 22 -23 24 25 26 27 -28 -29 30 -31 32 -33 -34 35 36
0xb7a571786d1c6a45 60976 1 2 -3 4 5 6 7 8 -9 -10 11 12 13 -14 -15 -16 -17 18 -19 -20 21 22 -23 24 25 26 27 -28 -29 30 -31 32 -33 -34 35 36
0xa73486caeab45d72 59382 1 2 -3 -4 5 6 7 8 -9 -10 11 12 13 -14 -15 -16 -17 18 -19 -20 21 22 -23 24 25 26 27 -28 -29 30 -31 32 -33 -34 35 36
0x422df80319796c6d 60976 1 2 -3 4 5 6 7 8 -9 -10 11 12 13 -14 -15 -16 -17 18 -19 -20 21 22 -23 24 25 26 27 -28 -29 30 -31 32 -33 -34 35 36
0xf0bb1b7a40a18129 59382 1 2 -3 -4 5 6 7 8 -9 -10 11 12 13 -14 -15 -16 -17 18 -19 -20 21 22 -23 24 25 26 27 -28 -29 30 -31 32 -33 -34 35 36
0x1694c7813d61387a 60976 1 2 -3 4 5 6 7 8 -9 -10 11 12 13 -14 -15 -16 -17 18 -19 -20 21 22 -23 24 25 26 27 -28 -29 30 -31 32 -33 -34 35 36
0x735761d956a37b9a 60976 1 2 -3 4 5 6 7 8 -9 -10 11 12 13 -14 -15 -16 -17 18 -19 -20 21 22 -23 24 25 26 27 -28 -29 30 -31 32 -33 -34 35 36
0xf04dd8e01ecd9fd4 60976 1 2 -3 4 5 6 7 8 -9 -10 11 12 13 -14 -15 -16 -17 18 -19 -20 21 22 -23 24 25 26 27 -28 -29 30 -31 32 -33 -34 35 36
0x478a52cf4237d120 60976 1 2 -3 4 5 6 7 8 -9 -10 11 12 13 -14 -15 -16 -17 18 -19 -20 21 22 -23 24 25 26 27 -28 -29 30 -31 32 -33 -34 35 36
0x62ed73ab7455dc7e 60976 1 2 -3 4 5 6 7 8 -9 -10 11 12 13 -14 -15 -16 -17 18 -19 -20 21 22 -23 24 25 26 27 -28 -29 30 -31 32 -33 -34 35 36
0xd2132e648432f431 60976 1 2 -3 4 5 6 7 8 -9 -10 11 12 13 -14 -15 -16 -17 18 -19 -20 21 22 -23 24 25 26 27 -28 -29 30 -31 32 -33 -34 35 36
0xc1c067eabcd8dbaf 60976 1 2 -3 4 5 6 7 8 -9 -10 11 12 13 -14 -15 -16 -17 18 -19 -20 21 22 -23 24 25 26 27 -28 -29 30 -31 32 -33 -34 35 36
0xc5a4b2e526f48ad7 60976 1 2 -3 4 5 6 7 8 -9 -10 11 12 13 -14 -15 -16 -17 18 -19 -20 21 22 -23 24 25 26 27 -28 -29 30 -31 32 -33 -34 35 36
0xd9e8862977f32b60 60976 1 2 -3 4 5 6 7 8 -9 -10 11 12 13 -14 -15 -16 -17 18 -19 -20 21 22 -23 24 25 26 27 -28 -29 30 -31 32 -33 -34 35 36
0x7947beacb8e916bd 60976 1 2 -3 4 5 6 7 8 -9 -10 11 12 13 -14 -15 -16 -17 18 -19 -20 21 22 -23 24 25 26 27 -28 -29 30 -31 32 -33 -34 35 36