0x9eee1fa88f85000b 66086 -1 2 -3 4 5 6 7 8 -9 10 11 12 -13 -14 -15 -16 17 -18 19 -20 21 22 23 -24 -25 26 27 -28 29 -30 31 -32 -33 34 -35 -36
0x3c527dac098ceff9 66086 -1 2 -3 4 5 6 7 8 -9 10 11 12 -13 -14 -15 -16 17 -18 19 -20 21 22 23 -24 -25 26 27 -28 29 -30 31 -32 -33 34 -35 -36
0xfd683041b6ba7306 66086 -1 2 -3 4 5 6 7 8 -9 10 11 12 -13 -14 -15 -16 17 -18 19 -20 21 22 23 -24 -25 26 27 -28 29 -30 31 -32 -33 34 -35 -36
0xeb97588ba0ebb44f 66086 -1 2 -3 4 5 6 7 8 -9 10 11 12 -13 -14 -15 -16 17 -18 19 -20 21 22 23 -24 -25 26 27 -28 29 -30 31 -32 -33 34 -35 -36
0x6d42447f87d79d78 66086 -1 2 -3 4 5 6 7 8 -9 10 11 12 -13 -14 -15 -16 17 -18 19 -20 21 22 23 -24 -25 26 27 -28 29 -30 31 -32 -33 34 -35 -36
0xab6f59b65ec0636d 66086 -1 2 -3 4 5 6 7 8 -9 10 11 12 -13 -14 -15 -16 17 -18 19 -20 21 22 23 -24 -25 26 27 -28 29 -30 31 -32 -33 34 -35 -36
0x612c7998fec86c5c 66086 -1 2 -3 4 5 6 7 8 -9 10 11 12 -13 -14 -15 -16 17 -18 19 -20 21 22 23 -24 -25 26 27 -28 29 -30 31 -32 -33 34 -35 -36
0xa4864ea5546ad37 66086 -1 2 -3 4 5 6 7 8 -9 10 11 12 -13 -14 -15 -16 17 -18 19 -20 21 22 23 -24 -25 26 27 -28 29 -30 31 -32 -33 34 -35 -36
0x36c0ef3c65f79735 66086 -1 2 -3 4 5 6 7 8 -9 10 11 12 -13 -14 -15 -16 17 -18 19 -20 21 22 23 -24 -25 26 27 -28 29 -30 31 -32 -33 34 -35 -36
0x540402769ed09550 66086 -1 2 -3 4 5 6 7 8 -9 10 11 12 -13 -14 -15 -16 17 -18 19 -20 21 22 23 -24 -25 26 27 -28 29 -30 31 -32 -33 34 -35 -36
0x76617257db7c19c6 66086 -1 2 -3 4 5 6 7 8 -9 10 11 12 -13 -14 -15 -16 17 -18 19 -20 21 22 23 -24 -25 26 27 -28 29 -30 31 -32 -33 34 -35 -36
0x9e4b9fedaec43b9a 66086 -1 2 -3 4 5 6 7 8 -9 10 11 12 -13 -14 -15 -16 17 -18 19 -20 21 22 23 -24 -25 26 27 -28 29 -30 31 -32 -33 34 -35 -36
0x9e44ed1c1871e412 66086 -1 2 -3 4 5 6 7 8 -9 10 11 12 -13 -14 -15 -16 17 -18 19 -20 21 22 23 -24 -25 26 27 -28 29 -30 31 -32 -33 34 -35 -36
0xd97d47d41573435e 66086 -1 2 -3 4 5 6 7 8 -9 10 11 12 -13 -14 -15 -16 17 -18 19 -20 21 22 23 -24 -25 26 27 -28 29 -30 31 -32 -33 34 -35 -36
0x372c62920542e104 66086 -1 2 -3 4 5 6 7 8 -9 10 11 12 -13 -14 -15 -16 17 -18 19 -20 21 22 23 -24 -25 26 27 -28 29 -30 31 -32 -33 34 -35 -36
0x1d6cab0eb2c9ef8e 66086 -1 2 -3 4 5 6 7 8 -9 10 11 12 -13 -14 -15 -16 17 -18 19 -20 21 22 23 -24 -25 26 27 -28 29 -30 31 -32 -33 34 -35 -36
0xbc16a49788c9f526 66086 -1 2 -3 4 5 6 7 8 -9 10 11 12 -13 -14 -15 -16 17 -18 19 -20 21 22 23 -24 -25 26 27 -28 29 -30 31 -32 -33 34 -35 -36
0x28c75e1896e0fa3e 66086 -1 2 -3 4 5 6 7 8 -9 10 11 12 -13 -14 -15 -16 17 -18 19 -20 21 22 23 -24 -25 26 27 -28 29 -30 31 -32 -33 34 -35 -36
0xf4ed37edd4931134 66086 -1 2 -3 4 5 6 7 8 -9 10 11 12 -13 -14 -15 -16 17 -18 19 -20 21 22 23 -24 -25 26 27 -28 29 -30 31 -32 -33 34 -35 -36
0x5fc37bc744b51d2b 66086 -1 2 -3 4 5 6 7 8 -9 10 11 12 -13 -14 -15 -16 17 -18 19 -20 21 22 23 -24 -25 26 27 -28 29 -30 31 -32 -33 34 -35 -36
0x2b1b4c8f45142956 66086 -1 2 -3 4 5 6 7 8 -9 10 11 12 -13 -14 -15 -16 17 -18 19 -20 21 22 23 -24 -25 26 27 -28 29 -30 31 -32 -33 34 -35 -36
0x69075492ec747fba 66086 -1 2 -3 4 5 6 7 8 -9 10 11 12 -13 -14 -15 -16 17 -18 19 -20 21 22 23 -24 -25 26 27 -28 29 -30 31 -32 -33 34 -35 -36
0x8c7c641ea787905b 66086 -1 2 -3 4 5 6 7 8 -9 10 11 12 -13 -14 -15 -16 17 -18 19 -20 21 22 23 -24 -25 26 27 -28 29 -30 31 -32 -33 34 -35 -36
0x70e25b8b8a70dc8a 66086 -1 2 -3 4 5 6 7 8 -9 10 11 12 -13 -14 -15 -16 17 -18 19 -20 21 22 23 -24 -25 26 27 -28 29 -30 31 -32 -33 34 -35 -36
0x6eda209ba0f88041 66086 -1 2 -3 4 5 6 7 8 -9 10 11 12 -13 -14 -15 -16 17 -18 19 -20 21 22 23 -24 -25 26 27 -28 29 -30 31 -32 -33 34 -35 -36
0x9964f4b0f5d9f51a 66086 -1 2 -3 4 5 6 7 8 -9 10 11 12 -13 -14 -15 -16 17 -18 19 -20 21 22 23 -24 -25 26 27 -28 29 -30 31 -32 -33 34 -35 -36
0x57725d9ae13b2254 66086 -1 2 -3 4 5 6 7 8 -9 10 11 12 -13 -14 -15 -16 17 -18 19 -20 21 22 23 -24 -25 26 27 -28 29 -30 31 -32 -33 34 -35 -36
0x889bac6d8fbacf13 66086 -1 2 -3 4 5 6 7 8 -9 10 11 12 -13 -14 -15 -16 17 -18 19 -20 21 22 23 -24 -25 26 27 -28 29 -30 31 -32 -33 34 -35 -36
0x3b5281f4099d6a1e 66086 -1 2 -3 4 5 6 7 8 -9 10 11 12 -13 -14 -15 -16 17 -18 19 -20 21 22 23 -24 -25 26 27 -28 29 -30 31 -32 -33 34 -35 -36
0x861818dbd5eb7ff0 66086 -1 2 -3 4 5 6 7 8 -9 10 11 12 -13 -14 -15 -16 17 -18 19 -20 21 22 23 -24 -25 26 27 -28 29 -30 31 -32 -33 34 -35 -36