0x580bfbd06da54153 115759 1 2 -3 -4 5 6 7 -8 9 -10 11 -12 -13 14 -15 16 17 18 -19 -20 21 22 23 -24 25 26 27 -28 29 30 31 32 33 -34 -35 36
0x8557b7da58ca7c4d 115759 1 2 -3 -4 5 6 7 -8 9 -10 11 -12 -13 14 -15 16 17 18 -19 -20 21 22 23 -24 25 26 27 -28 29 30 31 32 33 -34 -35 36
0xa62c91fee1b635ad 115759 1 2 -3 -4 5 6 7 -8 9 -10 11 -12 -13 14 -15 16 17 18 -19 -20 21 22 23 -24 25 26 27 -28 29 30 31 32 33 -34 -35 36
0x14826dcc3c704819 115759 1 2 -3 -4 5 6 7 -8 9 -10 11 -12 -13 14 -15 16 17 18 -19 -20 21 22 23 -24 25 26 27 -28 29 30 31 32 33 -34 -35 36
0xf92717acb206af53 115759 1 2 -3 -4 5 6 7 -8 9 -10 11 -12 -13 14 -15 16 17 18 -19 -20 21 22 23 -24 25 26 27 -28 29 30 31 32 33 -34 -35 36
0x19056920b28e14c3 115759 1 2 -3 -4 5 6 7 -8 9 -10 11 -12 -13 14 -15 16 17 18 -19 -20 21 22 23 -24 25 26 27 -28 29 30 31 32 33 -34 -35 36
0xe75766e15443d2fe 115759 1 2 -3 -4 5 6 7 -8 9 -10 11 -12 -13 14 -15 16 17 18 -19 -20 21 22 23 -24 25 26 27 -28 29 30 31 32 33 -34 -35 36
0x7a98a2ec16627904 115759 1 2 -3 -4 5 6 7 -8 9 -10 11 -12 -13 14 -15 16 17 18 -19 -20 21 22 23 -24 25 26 27 -28 29 30 31 32 33 -34 -35 36
0xf94c27dd4c07dda7 115759 1 2 -3 -4 5 6 7 -8 9 -10 11 -12 -13 14 -15 16 17 18 -19 -20 21 22 23 -24 25 26 27 -28 29 30 31 32 33 -34 -35 36
0x8bff995667a1c9f5 115759 1 2 -3 -4 5 6 7 -8 9 -10 11 -12 -13 14 -15 16 17 18 -19 -20 21 22 23 -24 25 26 27 -28 29 30 31 32 33 -34 -35 36
0x871722523fd15d2c 115759 1 2 -3 -4 5 6 7 -8 9 -10 11 -12 -13 14 -15 16 17 18 -19 -20 21 22 23 -24 25 26 27 -28 29 30 31 32 33 -34 -35 36
0x2dcb66642276e53c 115759 1 2 -3 -4 5 6 7 -8 9 -10 11 -12 -13 14 -15 16 17 18 -19 -20 21 22 23 -24 25 26 27 -28 29 30 31 32 33 -34 -35 36
0x4de423502ddb9036 115759 1 2 -3 -4 5 6 7 -8 9 -10 11 -12 -13 14 -15 16 17 18 -19 -20 21 22 23 -24 25 26 27 -28 29 30 31 32 33 -34 -35 36
0x927a588f66d93dd3 115759 1 2 -3 -4 5 6 7 -8 9 -10 11 -12 -13 14 -15 16 17 18 -19 -20 21 22 23 -24 25 26 27 -28 29 30 31 32 33 -34 -35 36
0x5a4c2e2febbc01ba 115759 1 2 -3 -4 5 6 7 -8 9 -10 11 -12 -13 14 -15 16 17 18 -19 -20 21 22 23 -24 25 26 27 -28 29 30 31 32 33 -34 -35 36
0xcc8a127b92466b58 115759 1 2 -3 -4 5 6 7 -8 9 -10 11 -12 -13 14 -15 16 17 18 -19 -20 21 22 23 -24 25 26 27 -28 29 30 31 32 33 -34 -35 36
0xe844050589e6b916 115759 1 2 -3 -4 5 6 7 -8 9 -10 11 -12 -13 14 -15 16 17 18 -19 -20 21 22 23 -24 25 26 27 -28 29 30 31 32 33 -34 -35 36
0xd8dbb57476546efb 115759 1 2 -3 -4 5 6 7 -8 9 -10 11 -12 -13 14 -15 16 17 18 -19 -20 21 22 23 -24 25 26 27 -28 29 30 31 32 33 -34 -35 36
0xe8cbffbb8c4268cf 115759 1 2 -3 -4 5 6 7 -8 9 -10 11 -12 -13 14 -15 16 17 18 -19 -20 21 22 23 -24 25 26 27 -28 29 30 31 32 33 -34 -35 36
0xf408ffa98fcc27a3 115759 1 2 -3 -4 5 6 7 -8 9 -10 11 -12 -13 14 -15 16 17 18 -19 -20 21 22 23 -24 25 26 27 -28 29 30 31 32 33 -34 -35 36
0xb7c6f4603689af47 115759 1 2 -3 -4 5 6 7 -8 9 -10 11 -12 -13 14 -15 16 17 18 -19 -20 21 22 23 -24 25 26 27 -28 29 30 31 32 33 -34 -35 36
0x1585f3ceb0cff3d3 115759 1 2 -3 -4 5 6 7 -8 9 -10 11 -12 -13 14 -15 16 17 18 -19 -20 21 22 23 -24 25 26 27 -28 29 30 31 32 33 -34 -35 36
0x20806e40e5e3d722 115759 1 2 -3 -4 5 6 7 -8 9 -10 11 -12 -13 14 -15 16 17 18 -19 -20 21 22 23 -24 25 26 27 -28 29 30 31 32 33 -34 -35 36
0x45da81d10f25b650 115759 1 2 -3 -4 5 6 7 -8 9 -10 11 -12 -13 14 -15 16 17 18 -19 -20 21 22 23 -24 25 26 27 -28 29 30 31 32 33 -34 -35 36
0x11301deed67b8741 115759 1 2 -3 -4 5 6 7 -8 9 -10 11 -12 -13 14 -15 16 17 18 -19 -20 21 22 23 -24 25 26 27 -28 29 30 31 32 33 -34 -35 36
0xf85ff6ddec7f861c 115759 1 2 -3 -4 5 6 7 -8 9 -10 11 -12 -13 14 -15 16 17 18 -19 -20 21 22 23 -24 25 26 27 -28 29 30 31 32 33 -34 -35 36
0xe3f607b5935ec97f 115759 1 2 -3 -4 5 6 7 -8 9 -10 11 -12 -13 14 -15 16 17 18 -19 -20 21 22 23 -24 25 26 27 -28 29 30 31 32 33 -34 -35 36
0x578e0dcff85b26f8 115759 1 2 -3 -4 5 6 7 -8 9 -10 11 -12 -13 14 -15 16 17 18 -19 -20 21 22 23 -24 25 26 27 -28 29 30 31 32 33 -34 -35 36
0x879e7cb2928ba3b2 115759 1 2 -3 -4 5 6 7 -8 9 -10 11 -12 -13 14 -15 16 17 18 -19 -20 21 22 23 -24 25 26 27 -28 29 30 31 32 33 -34 -35 36
0x207456bb0ecef41e 115759 1 2 -3 -4 5 6 7 -8 9 -10 11 -12 -13 14 -15 16 17 18 -19 -20 21 22 23 -24 25 26 27 -28 29 30 31 32 33 -34 -35 36