0xc63b8c5b17d3dc53 110339 1 2 3 -4 5 6 7 8 9 10 -11 -12 13 14 15 16 17 -18 19 -20 21 22 23 -24 -25 26 27 28 -29 30 -31 -32 33 34 -35 -36
0x346b50a2e0ac0b8d 110339 1 2 3 -4 5 6 7 8 9 10 -11 -12 13 14 15 16 17 -18 19 -20 21 22 23 -24 -25 26 27 28 -29 30 -31 -32 33 34 -35 -36
0x7a2dcacdf1dd5e81 110339 1 2 3 -4 5 6 7 8 9 10 -11 -12 13 14 15 16 17 -18 19 -20 21 22 23 -24 -25 26 27 28 -29 30 -31 -32 33 34 -35 -36
0x32ad74e33f53caff 110339 1 2 3 -4 5 6 7 8 9 10 -11 -12 13 14 15 16 17 -18 19 -20 21 22 23 -24 -25 26 27 28 -29 30 -31 -32 33 34 -35 -36
0x637c418cf855cc4e 110339 1 2 3 -4 5 6 7 8 9 10 -11 -12 13 14 15 16 17 -18 19 -20 21 22 23 -24 -25 26 27 28 -29 30 -31 -32 33 34 -35 -36
0x5052086e9d93a970 110339 1 2 3 -4 5 6 7 8 9 10 -11 -12 13 14 15 16 17 -18 19 -20 21 22 23 -24 -25 26 27 28 -29 30 -31 -32 33 34 -35 -36
0x9df5c826ff1b84e9 110339 1 2 3 -4 5 6 7 8 9 10 -11 -12 13 14 15 16 17 -18 19 -20 21 22 23 -24 -25 26 27 28 -29 30 -31 -32 33 34 -35 -36
0xbe20c925e6c4a18f 110339 1 2 3 -4 5 6 7 8 9 10 -11 -12 13 14 15 16 17 -18 19 -20 21 22 23 -24 -25 26 27 28 -29 30 -31 -32 33 34 -35 -36
0x4ff393153d0925b2 110339 1 2 3 -4 5 6 7 8 9 10 -11 -12 13 14 15 16 17 -18 19 -20 21 22 23 -24 -25 26 27 28 -29 30 -31 -32 33 34 -35 -36
0x8583b0f793cd3d38 110339 1 2 3 -4 5 6 7 8 9 10 -11 -12 13 14 15 16 17 -18 19 -20 21 22 23 -24 -25 26 27 28 -29 30 -31 -32 33 34 -35 -36
0xdbe47e2759a23fcb 110339 1 2 3 -4 5 6 7 8 9 10 -11 -12 13 14 15 16 17 -18 19 -20 21 22 23 -24 -25 26 27 28 -29 30 -31 -32 33 34 -35 -36
0x4f88b9cccbd77e5a 110339 1 2 3 -4 5 6 7 8 9 10 -11 -12 13 14 15 16 17 -18 19 -20 21 22 23 -24 -25 26 27 28 -29 30 -31 -32 33 34 -35 -36
0xac1aea6b1901a097 110339 1 2 3 -4 5 6 7 8 9 10 -11 -12 13 14 15 16 17 -18 19 -20 21 22 23 -24 -25 26 27 28 -29 30 -31 -32 33 34 -35 -36
0xe3aa9153957e9279 110339 1 2 3 -4 5 6 7 8 9 10 -11 -12 13 14 15 16 17 -18 19 -20 21 22 23 -24 -25 26 27 28 -29 30 -31 -32 33 34 -35 -36
0x841cbeccb5be60ee 110339 1 2 3 -4 5 6 7 8 9 10 -11 -12 13 14 15 16 17 -18 19 -20 21 22 23 -24 -25 26 27 28 -29 30 -31 -32 33 34 -35 -36
0xd2048f6c6703f107 110339 1 2 3 -4 5 6 7 8 9 10 -11 -12 13 14 15 16 17 -18 19 -20 21 22 23 -24 -25 26 27 28 -29 30 -31 -32 33 34 -35 -36
0xbf489c013b2b6bc1 110339 1 2 3 -4 5 6 7 8 9 10 -11 -12 13 14 15 16 17 -18 19 -20 21 22 23 -24 -25 26 27 28 -29 30 -31 -32 33 34 -35 -36
0xc63cb5d4175ae662 110339 1 2 3 -4 5 6 7 8 9 10 -11 -12 13 14 15 16 17 -18 19 -20 21 22 23 -24 -25 26 27 28 -29 30 -31 -32 33 34 -35 -36
0xb36b6562068d2f57 110339 1 2 3 -4 5 6 7 8 9 10 -11 -12 13 14 15 16 17 -18 19 -20 21 22 23 -24 -25 26 27 28 -29 30 -31 -32 33 34 -35 -36
0xa0d7f1dc716bffb0 110339 1 2 3 -4 5 6 7 8 9 10 -11 -12 13 14 15 16 17 -18 19 -20 21 22 23 -24 -25 26 27 28 -29 30 -31 -32 33 34 -35 -36
0x5976b8a7412a3c9e 110339 1 2 3 -4 5 6 7 8 9 10 -11 -12 13 14 15 16 17 -18 19 -20 21 22 23 -24 -25 26 27 28 -29 30 -31 -32 33 34 -35 -36
0xc409d4dc07f448fa 110339 1 2 3 -4 5 6 7 8 9 10 -11 -12 13 14 15 16 17 -18 19 -20 21 22 23 -24 -25 26 27 28 -29 30 -31 -32 33 34 -35 -36
0x3d016c747cc66bf 110339 1 2 3 -4 5 6 7 8 9 10 -11 -12 13 14 15 16 17 -18 19 -20 21 22 23 -24 -25 26 27 28 -29 30 -31 -32 33 34 -35 -36
0xe86bb1194173efb7 110339 1 2 3 -4 5 6 7 8 9 10 -11 -12 13 14 15 16 17 -18 19 -20 21 22 23 -24 -25 26 27 28 -29 30 -31 -32 33 34 -35 -36
0x4b85c1a0aa7fafd5 110339 1 2 3 -4 5 6 7 8 9 10 -11 -12 13 14 15 16 17 -18 19 -20 21 22 23 -24 -25 26 27 28 -29 30 -31 -32 33 34 -35 -36
0xc6cc2a45c191f06d 110339 1 2 3 -4 5 6 7 8 9 10 -11 -12 13 14 15 16 17 -18 19 -20 21 22 23 -24 -25 26 27 28 -29 30 -31 -32 33 34 -35 -36
0x2acd7fe3f6365182 110339 1 2 3 -4 5 6 7 8 9 10 -11 -12 13 14 15 16 17 -18 19 -20 21 22 23 -24 -25 26 27 28 -29 30 -31 -32 33 34 -35 -36
0xb2a21de7457af81e 110339 1 2 3 -4 5 6 7 8 9 10 -11 -12 13 14 15 16 17 -18 19 -20 21 22 23 -24 -25 26 27 28 -29 30 -31 -32 33 34 -35 -36
0xac1a51d26aae13cc 110339 1 2 3 -4 5 6 7 8 9 10 -11 -12 13 14 15 16 17 -18 19 -20 21 22 23 -24 -25 26 27 28 -29 30 -31 -32 33 34 -35 -36
0x36b06b16056785a5 110339 1 2 3 -4 5 6 7 8 9 10 -11 -12 13 14 15 16 17 -18 19 -20 21 22 23 -24 -25 26 27 28 -29 30 -31 -32 33 34 -35 -36