0x9ba1754f245e91f6 128195 1 2 3 4 5 -6 7 8 9 -10 -11 12 13 14 15 -16 17 -18 19 -20 21 -22 23 24 25 26 -27 28 29 -30 -31 -32 33 -34 35 36
0x92488afd4d5f2d7f 128195 1 2 3 4 5 -6 7 8 9 -10 -11 12 13 14 15 -16 17 -18 19 -20 21 -22 23 24 25 26 -27 28 29 -30 -31 -32 33 -34 35 36
0x347fb418c3dd25df 128195 1 2 3 4 5 -6 7 8 9 -10 -11 12 13 14 15 -16 17 -18 19 -20 21 -22 23 24 25 26 -27 28 29 -30 -31 -32 33 -34 35 36
0xe239fe2af205cacf 128195 1 2 3 4 5 -6 7 8 9 -10 -11 12 13 14 15 -16 17 -18 19 -20 21 -22 23 24 25 26 -27 28 29 -30 -31 -32 33 -34 35 36
0x9d116ae56e57ab36 128195 1 2 3 4 5 -6 7 8 9 -10 -11 12 13 14 15 -16 17 -18 19 -20 21 -22 23 24 25 26 -27 28 29 -30 -31 -32 33 -34 35 36
0xfeaa0052edda27e7 128195 1 2 3 4 5 -6 7 8 9 -10 -11 12 13 14 15 -16 17 -18 19 -20 21 -22 23 24 25 26 -27 28 29 -30 -31 -32 33 -34 35 36
0x7e06758817518699 128195 1 2 3 4 5 -6 7 8 9 -10 -11 12 13 14 15 -16 17 -18 19 -20 21 -22 23 24 25 26 -27 28 29 -30 -31 -32 33 -34 35 36
0x8b8763842be7caee 128195 1 2 3 4 5 -6 7 8 9 -10 -11 12 13 14 15 -16 17 -18 19 -20 21 -22 23 24 25 26 -27 28 29 -30 -31 -32 33 -34 35 36
0xada9adb835d19e69 128195 1 2 3 4 5 -6 7 8 9 -10 -11 12 13 14 15 -16 17 -18 19 -20 21 -22 23 24 25 26 -27 28 29 -30 -31 -32 33 -34 35 36
0x22f7c9821036c0ec 128195 1 2 3 4 5 -6 7 8 9 -10 -11 12 13 14 15 -16 17 -18 19 -20 21 -22 23 24 25 26 -27 28 29 -30 -31 -32 33 -34 35 36
0x1e29219698693218 128195 1 2 3 4 5 -6 7 8 9 -10 -11 12 13 14 15 -16 17 -18 19 -20 21 -22 23 24 25 26 -27 28 29 -30 -31 -32 33 -34 35 36
0xe6207985a394f7f4 128195 1 2 3 4 5 -6 7 8 9 -10 -11 12 13 14 15 -16 17 -18 19 -20 21 -22 23 24 25 26 -27 28 29 -30 -31 -32 33 -34 35 36
0x2b9b669b94cb8af4 128195 1 2 3 4 5 -6 7 8 9 -10 -11 12 13 14 15 -16 17 -18 19 -20 21 -22 23 24 25 26 -27 28 29 -30 -31 -32 33 -34 35 36
0x6fefcda5a9e54d8e 128195 1 2 3 4 5 -6 7 8 9 -10 -11 12 13 14 15 -16 17 -18 19 -20 21 -22 23 24 25 26 -27 28 29 -30 -31 -32 33 -34 35 36
0xf32c3c68687183d5 128195 1 2 3 4 5 -6 7 8 9 -10 -11 12 13 14 15 -16 17 -18 19 -20 21 -22 23 24 25 26 -27 28 29 -30 -31 -32 33 -34 35 36
0xfc881c5d1060d58d 128195 1 2 3 4 5 -6 7 8 9 -10 -11 12 13 14 15 -16 17 -18 19 -20 21 -22 23 24 25 26 -27 28 29 -30 -31 -32 33 -34 35 36
0x1a3628b02af1f26d 128195 1 2 3 4 5 -6 7 8 9 -10 -11 12 13 14 15 -16 17 -18 19 -20 21 -22 23 24 25 26 -27 28 29 -30 -31 -32 33 -34 35 36
0x47a9c37abc1ac4b3 128195 1 2 3 4 5 -6 7 8 9 -10 -11 12 13 14 15 -16 17 -18 19 -20 21 -22 23 24 25 26 -27 28 29 -30 -31 -32 33 -34 35 36
0x5b3d063edf5cddee 128195 1 2 3 4 5 -6 7 8 9 -10 -11 12 13 14 15 -16 17 -18 19 -20 21 -22 23 24 25 26 -27 28 29 -30 -31 -32 33 -34 35 36
0x98669547f30cf6fd 128195 1 2 3 4 5 -6 7 8 9 -10 -11 12 13 14 15 -16 17 -18 19 -20 21 -22 23 24 25 26 -27 28 29 -30 -31 -32 33 -34 35 36
0x5e752c395991b8b1 128195 1 2 3 4 5 -6 7 8 9 -10 -11 12 13 14 15 -16 17 -18 19 -20 21 -22 23 24 25 26 -27 28 29 -30 -31 -32 33 -34 35 36
0x3c8bf5a3964e620d 128195 1 2 3 4 5 -6 7 8 9 -10 -11 12 13 14 15 -16 17 -18 19 -20 21 -22 23 24 25 26 -27 28 29 -30 -31 -32 33 -34 35 36
0x1d4fa0d29acc0acb 128195 1 2 3 4 5 -6 7 8 9 -10 -11 12 13 14 15 -16 17 -18 19 -20 21 -22 23 24 25 26 -27 28 29 -30 -31 -32 33 -34 35 36
0xfa2b93d438e20748 128195 1 2 3 4 5 -6 7 8 9 -10 -11 12 13 14 15 -16 17 -18 19 -20 21 -22 23 24 25 26 -27 28 29 -30 -31 -32 33 -34 35 36
0xc5c8d41384231aee 128195 1 2 3 4 5 -6 7 8 9 -10 -11 12 13 14 15 -16 17 -18 19 -20 21 -22 23 24 25 26 -27 28 29 -30 -31 -32 33 -34 35 36
0xebef4c3cd85bdee1 128195 1 2 3 4 5 -6 7 8 9 -10 -11 12 13 14 15 -16 17 -18 19 -20 21 -22 23 24 25 26 -27 28 29 -30 -31 -32 33 -34 35 36
0x3c86eb4ce0d028ed 128195 1 2 3 4 5 -6 7 8 9 -10 -11 12 13 14 15 -16 17 -18 19 -20 21 -22 23 24 25 26 -27 28 29 -30 -31 -32 33 -34 35 36
0xbe3558f7023b7eb0 128195 1 2 3 4 5 -6 7 8 9 -10 -11 12 13 14 15 -16 17 -18 19 -20 21 -22 23 24 25 26 -27 28 29 -30 -31 -32 33 -34 35 36
0xb5383b3ed41ae104 128195 1 2 3 4 5 -6 7 8 9 -10 -11 12 13 14 15 -16 17 -18 19 -20 21 -22 23 24 25 26 -27 28 29 -30 -31 -32 33 -34 35 36
0xa5db49506cb47bb0 128195 1 2 3 4 5 -6 7 8 9 -10 -11 12 13 14 15 -16 17 -18 19 -20 21 -22 23 24 25 26 -27 28 29 -30 -31 -32 33 -34 35 36