0x6ad63d19acd4ceec 96465 1 2 3 -4 5 -6 7 8 -9 -10 11 12 -13 14 -15 16 -17 -18 -19 -20 -21 22 23 24 -25 26 27 28 -29 -30 -31 32 33 -34 35 36
0x3b1f6fbd82a8456a 96465 1 2 3 -4 5 -6 7 8 -9 -10 11 12 -13 14 -15 16 -17 -18 -19 -20 -21 22 23 24 -25 26 27 28 -29 -30 -31 32 33 -34 35 36
0x953aefcc99c14c99 96465 1 2 3 -4 5 -6 7 8 -9 -10 11 12 -13 14 -15 16 -17 -18 -19 -20 -21 22 23 24 -25 26 27 28 -29 -30 -31 32 33 -34 35 36
0xf139121fb04f44ed 96465 1 2 3 -4 5 -6 7 8 -9 -10 11 12 -13 14 -15 16 -17 -18 -19 -20 -21 22 23 24 -25 26 27 28 -29 -30 -31 32 33 -34 35 36
0x25df7ddc3820bf2b 96465 1 2 3 -4 5 -6 7 8 -9 -10 11 12 -13 14 -15 16 -17 -18 -19 -20 -21 22 23 24 -25 26 27 28 -29 -30 -31 32 33 -34 35 36
0x132ebffd4c1f0582 96465 1 2 3 -4 5 -6 7 8 -9 -10 11 12 -13 14 -15 16 -17 -18 -19 -20 -21 22 23 24 -25 26 27 28 -29 -30 -31 32 33 -34 35 36
0xf381b5d41f425c44 96465 1 2 3 -4 5 -6 7 8 -9 -10 11 12 -13 14 -15 16 -17 -18 -19 -20 -21 22 23 24 -25 26 27 28 -29 -30 -31 32 33 -34 35 36
0x5241faf164ac0f5c 96465 1 2 3 -4 5 -6 7 8 -9 -10 11 12 -13 14 -15 16 -17 -18 -19 -20 -21 22 23 24 -25 26 27 28 -29 -30 -31 32 33 -34 35 36
0x3ca3589cc3ee5212 96465 1 2 3 -4 5 -6 7 8 -9 -10 11 12 -13 14 -15 16 -17 -18 -19 -20 -21 22 23 24 -25 26 27 28 -29 -30 -31 32 33 -34 35 36
0x6338dc961543d51b 96465 1 2 3 -4 5 -6 7 8 -9 -10 11 12 -13 14 -15 16 -17 -18 -19 -20 -21 22 23 24 -25 26 27 28 -29 -30 -31 32 33 -34 35 36
0xc316f30c84bd3ee5 96465 1 2 3 -4 5 -6 7 8 -9 -10 11 12 -13 14 -15 16 -17 -18 -19 -20 -21 22 23 24 -25 26 27 28 -29 -30 -31 32 33 -34 35 36
0x89971fde3052f221 96465 1 2 3 -4 5 -6 7 8 -9 -10 11 12 -13 14 -15 16 -17 -18 -19 -20 -21 22 23 24 -25 26 27 28 -29 -30 -31 32 33 -34 35 36
0x586f330ee93dce91 96465 1 2 3 -4 5 -6 7 8 -9 -10 11 12 -13 14 -15 16 -17 -18 -19 -20 -21 22 23 24 -25 26 27 28 -29 -30 -31 32 33 -34 35 36
0xc3e7148c1f39d814 96465 1 2 3 -4 5 -6 7 8 -9 -10 11 12 -13 14 -15 16 -17 -18 -19 -20 -21 22 23 24 -25 26 27 28 -29 -30 -31 32 33 -34 35 36
0xe1cd83203aa1efef 96465 1 2 3 -4 5 -6 7 8 -9 -10 11 12 -13 14 -15 16 -17 -18 -19 -20 -21 22 23 24 -25 26 27 28 -29 -30 -31 32 33 -34 35 36
0x689d62b68aec0c5e 96465 1 2 3 -4 5 -6 7 8 -9 -10 11 12 -13 14 -15 16 -17 -18 -19 -20 -21 22 23 24 -25 26 27 28 -29 -30 -31 32 33 -34 35 36
0x325275d2a0319a5b 96465 1 2 3 -4 5 -6 7 8 -9 -10 11 12 -13 14 -15 16 -17 -18 -19 -20 -21 22 23 24 -25 26 27 28 -29 -30 -31 32 33 -34 35 36
0xd0f59e4c425ff5ae 96465 1 2 3 -4 5 -6 7 8 -9 -10 11 12 -13 14 -15 16 -17 -18 -19 -20 -21 22 23 24 -25 26 27 28 -29 -30 -31 32 33 -34 35 36
0x3b2e014c05a92336 96465 1 2 3 -4 5 -6 7 8 -9 -10 11 12 -13 14 -15 16 -17 -18 -19 -20 -21 22 23 24 -25 26 27 28 -29 -30 -31 32 33 -34 35 36
0xc065aa8aac153976 96465 1 2 3 -4 5 -6 7 8 -9 -10 11 12 -13 14 -15 16 -17 -18 -19 -20 -21 22 23 24 -25 26 27 28 -29 -30 -31 32 33 -34 35 36
0x5d8d8ac775e92363 96465 1 2 3 -4 5 -6 7 8 -9 -10 11 12 -13 14 -15 16 -17 -18 -19 -20 -21 22 23 24 -25 26 27 28 -29 -30 -31 32 33 -34 35 36
0x85ed864037a96d 96465 1 2 3 -4 5 -6 7 8 -9 -10 11 12 -13 14 -15 16 -17 -18 -19 -20 -21 22 23 24 -25 26 27 28 -29 -30 -31 32 33 -34 35 36
0x2fe5c20fd09deccc 96465 1 2 3 -4 5 -6 7 8 -9 -10 11 12 -13 14 -15 16 -17 -18 -19 -20 -21 22 23 24 -25 26 27 28 -29 -30 -31 32 33 -34 35 36
0x2a8c53a81124c10d 96465 1 2 3 -4 5 -6 7 8 -9 -10 11 12 -13 14 -15 16 -17 -18 -19 -20 -21 22 23 24 -25 26 27 28 -29 -30 -31 32 33 -34 35 36
0xc5564d09d5c48fdd 96465 1 2 3 -4 5 -6 7 8 -9 -10 11 12 -13 14 -15 16 -17 -18 -19 -20 -21 22 23 24 -25 26 27 28 -29 -30 -31 32 33 -34 35 36
0xd0b8232a4859b314 96465 1 2 3 -4 5 -6 7 8 -9 -10 11 12 -13 14 -15 16 -17 -18 -19 -20 -21 22 23 24 -25 26 27 28 -29 -30 -31 32 33 -34 35 36
0x7b25432a6e337105 96465 1 2 3 -4 5 -6 7 8 -9 -10 11 12 -13 14 -15 16 -17 -18 -19 -20 -21 22 23 24 -25 26 27 28 -29 -30 -31 32 33 -34 35 36
0x2b4c9f9cb6100705 96465 1 2 3 -4 5 -6 7 8 -9 -10 11 12 -13 14 -15 16 -17 -18 -19 -20 -21 22 23 24 -25 26 27 28 -29 -30 -31 32 33 -34 35 36
0x7d9078fadc8c6e3a 96465 1 2 3 -4 5 -6 7 8 -9 -10 11 12 -13 14 -15 16 -17 -18 -19 -20 -21 22 23 24 -25 26 27 28 -29 -30 -31 32 33 -34 35 36
0x15f87d65220ec6a6 96465 1 2 3 -4 5 -6 7 8 -9 -10 11 12 -13 14 -15 16 -17 -18 -19 -20 -21 22 23 24 -25 26 27 28 -29 -30 -31 32 33 -34 35 36