0x926b243152e7feea 202859 -1 -2 3 4 5 -6 -7 -8 -9 -10 -11 12 13 14 15 16 -17 18 19 -20 21 -22 23 -24 25 -26 -27 28 -29 30 31 32 33 34 35 -36
0xc68c5590213e6644 202859 -1 -2 3 4 5 -6 -7 -8 -9 -10 -11 12 13 14 15 16 -17 18 19 -20 21 -22 23 -24 25 -26 -27 28 -29 30 31 32 33 34 35 -36
0x8abf79750a19447b 202859 -1 -2 3 4 5 -6 -7 -8 -9 -10 -11 12 13 14 15 16 -17 18 19 -20 21 -22 23 -24 25 -26 -27 28 -29 30 31 32 33 34 35 -36
0x962f5b9793d526ee 202859 -1 -2 3 4 5 -6 -7 -8 -9 -10 -11 12 13 14 15 16 -17 18 19 -20 21 -22 23 -24 25 -26 -27 28 -29 30 31 32 33 34 35 -36
0x9d19c9ad3014e282 202859 -1 -2 3 4 5 -6 -7 -8 -9 -10 -11 12 13 14 15 16 -17 18 19 -20 21 -22 23 -24 25 -26 -27 28 -29 30 31 32 33 34 35 -36
0x7171744f32e4cc43 202859 -1 -2 3 4 5 -6 -7 -8 -9 -10 -11 12 13 14 15 16 -17 18 19 -20 21 -22 23 -24 25 -26 -27 28 -29 30 31 32 33 34 35 -36
0x16260f11be810b5d 202859 -1 -2 3 4 5 -6 -7 -8 -9 -10 -11 12 13 14 15 16 -17 18 19 -20 21 -22 23 -24 25 -26 -27 28 -29 30 31 32 33 34 35 -36
0xb21ce9b1a86720e6 202859 -1 -2 3 4 5 -6 -7 -8 -9 -10 -11 12 13 14 15 16 -17 18 19 -20 21 -22 23 -24 25 -26 -27 28 -29 30 31 32 33 34 35 -36
0x7c975c3417e317c9 202859 -1 -2 3 4 5 -6 -7 -8 -9 -10 -11 12 13 14 15 16 -17 18 19 -20 21 -22 23 -24 25 -26 -27 28 -29 30 31 32 33 34 35 -36
0xfac4383fb1a570f5 202859 -1 -2 3 4 5 -6 -7 -8 -9 -10 -11 12 13 14 15 16 -17 18 19 -20 21 -22 23 -24 25 -26 -27 28 -29 30 31 32 33 34 35 -36
0xe0d13bbd08f917c6 202859 -1 -2 3 4 5 -6 -7 -8 -9 -10 -11 12 13 14 15 16 -17 18 19 -20 21 -22 23 -24 25 -26 -27 28 -29 30 31 32 33 34 35 -36
0x8580c0ae394eeab4 202859 -1 -2 3 4 5 -6 -7 -8 -9 -10 -11 12 13 14 15 16 -17 18 19 -20 21 -22 23 -24 25 -26 -27 28 -29 30 31 32 33 34 35 -36
0x38d3264d2e9ea43a 202859 -1 -2 3 4 5 -6 -7 -8 -9 -10 -11 12 13 14 15 16 -17 18 19 -20 21 -22 23 -24 25 -26 -27 28 -29 30 31 32 33 34 35 -36
0x9dfaaf65d0d3300a 202859 -1 -2 3 4 5 -6 -7 -8 -9 -10 -11 12 13 14 15 16 -17 18 19 -20 21 -22 23 -24 25 -26 -27 28 -29 30 31 32 33 34 35 -36
0xcbd3d1f59a5ab86f 202859 -1 -2 3 4 5 -6 -7 -8 -9 -10 -11 12 13 14 15 16 -17 18 19 -20 21 -22 23 -24 25 -26 -27 28 -29 30 31 32 33 34 35 -36
0xcebb34040440f802 202859 -1 -2 3 4 5 -6 -7 -8 -9 -10 -11 12 13 14 15 16 -17 18 19 -20 21 -22 23 -24 25 -26 -27 28 -29 30 31 32 33 34 35 -36
0xd015d1bf17349b92 202859 -1 -2 3 4 5 -6 -7 -8 -9 -10 -11 12 13 14 15 16 -17 18 19 -20 21 -22 23 -24 25 -26 -27 28 -29 30 31 32 33 34 35 -36
0xbc7708d898bec04d 202859 -1 -2 3 4 5 -6 -7 -8 -9 -10 -11 12 13 14 15 16 -17 18 19 -20 21 -22 23 -24 25 -26 -27 28 -29 30 31 32 33 34 35 -36
0x964385240305da33 202859 -1 -2 3 4 5 -6 -7 -8 -9 -10 -11 12 13 14 15 16 -17 18 19 -20 21 -22 23 -24 25 -26 -27 28 -29 30 31 32 33 34 35 -36
0x893f4a6a53f38ebd 202859 -1 -2 3 4 5 -6 -7 -8 -9 -10 -11 12 13 14 15 16 -17 18 19 -20 21 -22 23 -24 25 -26 -27 28 -29 30 31 32 33 34 35 -36
0x58e05791eabf4fc9 202859 -1 -2 3 4 5 -6 -7 -8 -9 -10 -11 12 13 14 15 16 -17 18 19 -20 21 -22 23 -24 25 -26 -27 28 -29 30 31 32 33 34 35 -36
0x70c69ef010f5c2c9 202859 -1 -2 3 4 5 -6 -7 -8 -9 -10 -11 12 13 14 15 16 -17 18 19 -20 21 -22 23 -24 25 -26 -27 28 -29 30 31 32 33 34 35 -36
0xf99d4fed6a57402d 202859 -1 -2 3 4 5 -6 -7 -8 -9 -10 -11 12 13 14 15 16 -17 18 19 -20 21 -22 23 -24 25 -26 -27 28 -29 30 31 32 33 34 35 -36
0x1e28add7a595f70e 202859 -1 -2 3 4 5 -6 -7 -8 -9 -10 -11 12 13 14 15 16 -17 18 19 -20 21 -22 23 -24 25 -26 -27 28 -29 30 31 32 33 34 35 -36
0xa19ef00b3b56811c 202859 -1 -2 3 4 5 -6 -7 -8 -9 -10 -11 12 13 14 15 16 -17 18 19 -20 21 -22 23 -24 25 -26 -27 28 -29 30 31 32 33 34 35 -36
0x2e1e742711bf2ca 202859 -1 -2 3 4 5 -6 -7 -8 -9 -10 -11 12 13 14 15 16 -17 18 19 -20 21 -22 23 -24 25 -26 -27 28 -29 30 31 32 33 34 35 -36
0x5d026437df3ab3b8 202859 -1 -2 3 4 5 -6 -7 -8 -9 -10 -11 12 13 14 15 16 -17 18 19 -20 21 -22 23 -24 25 -26 -27 28 -29 30 31 32 33 34 35 -36
0xb5e59b845bcbab61 202859 -1 -2 3 4 5 -6 -7 -8 -9 -10 -11 12 13 14 15 16 -17 18 19 -20 21 -22 23 -24 25 -26 -27 28 -29 30 31 32 33 34 35 -36
0x653002b2ed238e06 202859 -1 -2 3 4 5 -6 -7 -8 -9 -10 -11 12 13 14 15 16 -17 18 19 -20 21 -22 23 -24 25 -26 -27 28 -29 30 31 32 33 34 35 -36
0x190062a594c855da 202859 -1 -2 3 4 5 -6 -7 -8 -9 -10 -11 12 13 14 15 16 -17 18 19 -20 21 -22 23 -24 25 -26 -27 28 -29 30 31 32 33 34 35 -36