0x9b74cb6ee050086a 206874 -1 -2 3 -4 5 6 7 -8 9 10 -11 -12 13 14 -15 16 -17 -18 19 20 21 22 23 24 25 26 -27 28 -29 -30 31 32 33 34 35 -36
0xd2aa9f53121e3b87 206874 -1 -2 3 -4 5 6 7 -8 9 10 -11 -12 13 14 -15 16 -17 -18 19 20 21 22 23 24 25 26 -27 28 -29 -30 31 32 33 34 35 -36
0x7c884afb84a445da 206874 -1 -2 3 -4 5 6 7 -8 9 10 -11 -12 13 14 -15 16 -17 -18 19 20 21 22 23 24 25 26 -27 28 -29 -30 31 32 33 34 35 -36
0xbe94d19e300e89e6 206874 -1 -2 3 -4 5 6 7 -8 9 10 -11 -12 13 14 -15 16 -17 -18 19 20 21 22 23 24 25 26 -27 28 -29 -30 31 32 33 34 35 -36
0xfa365986fe1510ec 206874 -1 -2 3 -4 5 6 7 -8 9 10 -11 -12 13 14 -15 16 -17 -18 19 20 21 22 23 24 25 26 -27 28 -29 -30 31 32 33 34 35 -36
0x279decae7d0a15e1 206874 -1 -2 3 -4 5 6 7 -8 9 10 -11 -12 13 14 -15 16 -17 -18 19 20 21 22 23 24 25 26 -27 28 -29 -30 31 32 33 34 35 -36
0x57600c0dc3056b9e 206874 -1 -2 3 -4 5 6 7 -8 9 10 -11 -12 13 14 -15 16 -17 -18 19 20 21 22 23 24 25 26 -27 28 -29 -30 31 32 33 34 35 -36
0xd483a44025d6cb49 206874 -1 -2 3 -4 5 6 7 -8 9 10 -11 -12 13 14 -15 16 -17 -18 19 20 21 22 23 24 25 26 -27 28 -29 -30 31 32 33 34 35 -36
0x723d9f5817be9703 206874 -1 -2 3 -4 5 6 7 -8 9 10 -11 -12 13 14 -15 16 -17 -18 19 20 21 22 23 24 25 26 -27 28 -29 -30 31 32 33 34 35 -36
0xdb7a9001ba96dcd3 206874 -1 -2 3 -4 5 6 7 -8 9 10 -11 -12 13 14 -15 16 -17 -18 19 20 21 22 23 24 25 26 -27 28 -29 -30 31 32 33 34 35 -36
0x355f31dba0aca5d3 206874 -1 -2 3 -4 5 6 7 -8 9 10 -11 -12 13 14 -15 16 -17 -18 19 20 21 22 23 24 25 26 -27 28 -29 -30 31 32 33 34 35 -36
0xd64bbb16384bdd9a 206874 -1 -2 3 -4 5 6 7 -8 9 10 -11 -12 13 14 -15 16 -17 -18 19 20 21 22 23 24 25 26 -27 28 -29 -30 31 32 33 34 35 -36
0xf9ed3b494d2e5de9 206874 -1 -2 3 -4 5 6 7 -8 9 10 -11 -12 13 14 -15 16 -17 -18 19 20 21 22 23 24 25 26 -27 28 -29 -30 31 32 33 34 35 -36
0x35c3839435d8ea99 206874 -1 -2 3 -4 5 6 7 -8 9 10 -11 -12 13 14 -15 16 -17 -18 19 20 21 22 23 24 25 26 -27 28 -29 -30 31 32 33 34 35 -36
0x797953fccab729c4 206874 -1 -2 3 -4 5 6 7 -8 9 10 -11 -12 13 14 -15 16 -17 -18 19 20 21 22 23 24 25 26 -27 28 -29 -30 31 32 33 34 35 -36
0xd0bfca0755b9e433 206874 -1 -2 3 -4 5 6 7 -8 9 10 -11 -12 13 14 -15 16 -17 -18 19 20 21 22 23 24 25 26 -27 28 -29 -30 31 32 33 34 35 -36
0x1a4d4c8fbb991a09 206874 -1 -2 3 -4 5 6 7 -8 9 10 -11 -12 13 14 -15 16 -17 -18 19 20 21 22 23 24 25 26 -27 28 -29 -30 31 32 33 34 35 -36
0xe66b70ed37e5b7ad 206874 -1 -2 3 -4 5 6 7 -8 9 10 -11 -12 13 14 -15 16 -17 -18 19 20 21 22 23 24 25 26 -27 28 -29 -30 31 32 33 34 35 -36
0xab7ea9a3d1740a08 206874 -1 -2 3 -4 5 6 7 -8 9 10 -11 -12 13 14 -15 16 -17 -18 19 20 21 22 23 24 25 26 -27 28 -29 -30 31 32 33 34 35 -36
0xd08420736cda3493 206874 -1 -2 3 -4 5 6 7 -8 9 10 -11 -12 13 14 -15 16 -17 -18 19 20 21 22 23 24 25 26 -27 28 -29 -30 31 32 33 34 35 -36
0x61ad81cff1f40c55 206874 -1 -2 3 -4 5 6 7 -8 9 10 -11 -12 13 14 -15 16 -17 -18 19 20 21 22 23 24 25 26 -27 28 -29 -30 31 32 33 34 35 -36
0xd3961ebc031e1117 206874 -1 -2 3 -4 5 6 7 -8 9 10 -11 -12 13 14 -15 16 -17 -18 19 20 21 22 23 24 25 26 -27 28 -29 -30 31 32 33 34 35 -36
0x3fb5decb2301f7aa 206874 -1 -2 3 -4 5 6 7 -8 9 10 -11 -12 13 14 -15 16 -17 -18 19 20 21 22 23 24 25 26 -27 28 -29 -30 31 32 33 34 35 -36
0x7cbfe49d63d92f82 206874 -1 -2 3 -4 5 6 7 -8 9 10 -11 -12 13 14 -15 16 -17 -18 19 20 21 22 23 24 25 26 -27 28 -29 -30 31 32 33 34 35 -36
0xbbfbe7861c7bdfff 206874 -1 -2 3 -4 5 6 7 -8 9 10 -11 -12 13 14 -15 16 -17 -18 19 20 21 22 23 24 25 26 -27 28 -29 -30 31 32 33 34 35 -36
0x15e9a2e647796ca1 206874 -1 -2 3 -4 5 6 7 -8 9 10 -11 -12 13 14 -15 16 -17 -18 19 20 21 22 23 24 25 26 -27 28 -29 -30 31 32 33 34 35 -36
0xdf49ed1e6abc6bf2 206874 -1 -2 3 -4 5 6 7 -8 9 10 -11 -12 13 14 -15 16 -17 -18 19 20 21 22 23 24 25 26 -27 28 -29 -30 31 32 33 34 35 -36
0xe4e5cf7e6818d7d2 206874 -1 -2 3 -4 5 6 7 -8 9 10 -11 -12 13 14 -15 16 -17 -18 19 20 21 22 23 24 25 26 -27 28 -29 -30 31 32 33 34 35 -36
0x5e7d7d27fe9877b6 206874 -1 -2 3 -4 5 6 7 -8 9 10 -11 -12 13 14 -15 16 -17 -18 19 20 21 22 23 24 25 26 -27 28 -29 -30 31 32 33 34 35 -36
0xae15e7e9c81dace0 206874 -1 -2 3 -4 5 6 7 -8 9 10 -11 -12 13 14 -15 16 -17 -18 19 20 21 22 23 24 25 26 -27 28 -29 -30 31 32 33 34 35 -36