0xae175dde42f8c979 225514 1 2 3 -4 5 6 7 8 -9 10 11 12 -13 -14 15 -16 17 -18 -19 20 21 22 23 24 25 -26 -27 28 -29 30 -31 32 33 -34 -35 -36
0x88d820cb7418ae27 225514 1 2 3 -4 5 6 7 8 -9 10 11 12 -13 -14 15 -16 17 -18 -19 20 21 22 23 24 25 -26 -27 28 -29 30 -31 32 33 -34 -35 -36
0x462007bb4d15d4ef 225514 1 2 3 -4 5 6 7 8 -9 10 11 12 -13 -14 15 -16 17 -18 -19 20 21 22 23 24 25 -26 -27 28 -29 30 -31 32 33 -34 -35 -36
0x249d5ec5d42d5a47 225514 1 2 3 -4 5 6 7 8 -9 10 11 12 -13 -14 15 -16 17 -18 -19 20 21 22 23 24 25 -26 -27 28 -29 30 -31 32 33 -34 -35 -36
0xe8ad737b46e19035 225514 1 2 3 -4 5 6 7 8 -9 10 11 12 -13 -14 15 -16 17 -18 -19 20 21 22 23 24 25 -26 -27 28 -29 30 -31 32 33 -34 -35 -36
0xe800598e4ed2c0f3 225514 1 2 3 -4 5 6 7 8 -9 10 11 12 -13 -14 15 -16 17 -18 -19 20 21 22 23 24 25 -26 -27 28 -29 30 -31 32 33 -34 -35 -36
0xbc0b7fa7f9e41764 225514 1 2 3 -4 5 6 7 8 -9 10 11 12 -13 -14 15 -16 17 -18 -19 20 21 22 23 24 25 -26 -27 28 -29 30 -31 32 33 -34 -35 -36
0xaa7918f8e8fabb5b 225514 1 2 3 -4 5 6 7 8 -9 10 11 12 -13 -14 15 -16 17 -18 -19 20 21 22 23 24 25 -26 -27 28 -29 30 -31 32 33 -34 -35 -36
0xf0ef8c4f97e7afd3 225514 1 2 3 -4 5 6 7 8 -9 10 11 12 -13 -14 15 -16 17 -18 -19 20 21 22 23 24 25 -26 -27 28 -29 30 -31 32 33 -34 -35 -36
0xbf94265aca7f9e7a 225514 1 2 3 -4 5 6 7 8 -9 10 11 12 -13 -14 15 -16 17 -18 -19 20 21 22 23 24 25 -26 -27 28 -29 30 -31 32 33 -34 -35 -36
0x79fff722ea2a8d80 225514 1 2 3 -4 5 6 7 8 -9 10 11 12 -13 -14 15 -16 17 -18 -19 20 21 22 23 24 25 -26 -27 28 -29 30 -31 32 33 -34 -35 -36
0xad32f6c316bb6b9e 225514 1 2 3 -4 5 6 7 8 -9 10 11 12 -13 -14 15 -16 17 -18 -19 20 21 22 23 24 25 -26 -27 28 -29 30 -31 32 33 -34 -35 -36
0xda16cd68c41b9e6a 225514 1 2 3 -4 5 6 7 8 -9 10 11 12 -13 -14 15 -16 17 -18 -19 20 21 22 23 24 25 -26 -27 28 -29 30 -31 32 33 -34 -35 -36
0x5a23da8f0c5efeda 225514 1 2 3 -4 5 6 7 8 -9 10 11 12 -13 -14 15 -16 17 -18 -19 20 21 22 23 24 25 -26 -27 28 -29 30 -31 32 33 -34 -35 -36
0xedf857798168f016 225514 1 2 3 -4 5 6 7 8 -9 10 11 12 -13 -14 15 -16 17 -18 -19 20 21 22 23 24 25 -26 -27 28 -29 30 -31 32 33 -34 -35 -36
0x7f6ab0f30cab7c82 225514 1 2 3 -4 5 6 7 8 -9 10 11 12 -13 -14 15 -16 17 -18 -19 20 21 22 23 24 25 -26 -27 28 -29 30 -31 32 33 -34 -35 -36
0xf115744504f5a50c 225514 1 2 3 -4 5 6 7 8 -9 10 11 12 -13 -14 15 -16 17 -18 -19 20 21 22 23 24 25 -26 -27 28 -29 30 -31 32 33 -34 -35 -36
0x7fcc6b77f3fe4eb3 225514 1 2 3 -4 5 6 7 8 -9 10 11 12 -13 -14 15 -16 17 -18 -19 20 21 22 23 24 25 -26 -27 28 -29 30 -31 32 33 -34 -35 -36
0x60f6d71c5036cda0 225514 1 2 3 -4 5 6 7 8 -9 10 11 12 -13 -14 15 -16 17 -18 -19 20 21 22 23 24 25 -26 -27 28 -29 30 -31 32 33 -34 -35 -36
0x49fb617933b5b2ca 225514 1 2 3 -4 5 6 7 8 -9 10 11 12 -13 -14 15 -16 17 -18 -19 20 21 22 23 24 25 -26 -27 28 -29 30 -31 32 33 -34 -35 -36
0x135a7a4e1ebdd0d 225514 1 2 3 -4 5 6 7 8 -9 10 11 12 -13 -14 15 -16 17 -18 -19 20 21 22 23 24 25 -26 -27 28 -29 30 -31 32 33 -34 -35 -36
0x9b0273a515b3d6ea 225514 1 2 3 -4 5 6 7 8 -9 10 11 12 -13 -14 15 -16 17 -18 -19 20 21 22 23 24 25 -26 -27 28 -29 30 -31 32 33 -34 -35 -36
0x7f8c0479182c8fbc 225514 1 2 3 -4 5 6 7 8 -9 10 11 12 -13 -14 15 -16 17 -18 -19 20 21 22 23 24 25 -26 -27 28 -29 30 -31 32 33 -34 -35 -36
0x5fccff81e2068779 225514 1 2 3 -4 5 6 7 8 -9 10 11 12 -13 -14 15 -16 17 -18 -19 20 21 22 23 24 25 -26 -27 28 -29 30 -31 32 33 -34 -35 -36
0xe46b598bf51549f1 225514 1 2 3 -4 5 6 7 8 -9 10 11 12 -13 -14 15 -16 17 -18 -19 20 21 22 23 24 25 -26 -27 28 -29 30 -31 32 33 -34 -35 -36
0xaa6b812ede7020c2 225514 1 2 3 -4 5 6 7 8 -9 10 11 12 -13 -14 15 -16 17 -18 -19 20 21 22 23 24 25 -26 -27 28 -29 30 -31 32 33 -34 -35 -36
0x12e339ed4050029b 225514 1 2 3 -4 5 6 7 8 -9 10 11 12 -13 -14 15 -16 17 -18 -19 20 21 22 23 24 25 -26 -27 28 -29 30 -31 32 33 -34 -35 -36
0x2ccbae3145238705 225514 1 2 3 -4 5 6 7 8 -9 10 11 12 -13 -14 15 -16 17 -18 -19 20 21 22 23 24 25 -26 -27 28 -29 30 -31 32 33 -34 -35 -36
0x4e9b39042da50cd6 225514 1 2 3 -4 5 6 7 8 -9 10 11 12 -13 -14 15 -16 17 -18 -19 20 21 22 23 24 25 -26 -27 28 -29 30 -31 32 33 -34 -35 -36
0xefc5706135bd5ea0 225514 1 2 3 -4 5 6 7 8 -9 10 11 12 -13 -14 15 -16 17 -18 -19 20 21 22 23 24 25 -26 -27 28 -29 30 -31 32 33 -34 -35 -36