0x75bc814c4738d2e9 180871 1 2 -3 4 5 -6 7 8 -9 10 11 12 -13 14 15 16 17 18 -19 -20 21 -22 23 -24 -25 26 -27 -28 -29 30 -31 -32 -33 34 35 36
0xa6e4a0e605213ded 180871 1 2 -3 4 5 -6 7 8 -9 10 11 12 -13 14 15 16 17 18 -19 -20 21 -22 23 -24 -25 26 -27 -28 -29 30 -31 -32 -33 34 35 36
0x7c00cfab20d9bd9f 180871 1 2 -3 4 5 -6 7 8 -9 10 11 12 -13 14 15 16 17 18 -19 -20 21 -22 23 -24 -25 26 -27 -28 -29 30 -31 -32 -33 34 35 36
0xbf16f8c0774c5200 180871 1 2 -3 4 5 -6 7 8 -9 10 11 12 -13 14 15 16 17 18 -19 -20 21 -22 23 -24 -25 26 -27 -28 -29 30 -31 -32 -33 34 35 36
0x37ded7d57a5346b 180871 1 2 -3 4 5 -6 7 8 -9 10 11 12 -13 14 15 16 17 18 -19 -20 21 -22 23 -24 -25 26 -27 -28 -29 30 -31 -32 -33 34 35 36
0xb86ce76cf4a0b045 180871 1 2 -3 4 5 -6 7 8 -9 10 11 12 -13 14 15 16 17 18 -19 -20 21 -22 23 -24 -25 26 -27 -28 -29 30 -31 -32 -33 34 35 36
0x1ac510eef2cd333b 180871 1 2 -3 4 5 -6 7 8 -9 10 11 12 -13 14 15 16 17 18 -19 -20 21 -22 23 -24 -25 26 -27 -28 -29 30 -31 -32 -33 34 35 36
0x2d41f135aa7daf96 180871 1 2 -3 4 5 -6 7 8 -9 10 11 12 -13 14 15 16 17 18 -19 -20 21 -22 23 -24 -25 26 -27 -28 -29 30 -31 -32 -33 34 35 36
0x509ad780d7ac2cc1 180871 1 2 -3 4 5 -6 7 8 -9 10 11 12 -13 14 15 16 17 18 -19 -20 21 -22 23 -24 -25 26 -27 -28 -29 30 -31 -32 -33 34 35 36
0xad7d7f0f9990ce62 180871 1 2 -3 4 5 -6 7 8 -9 10 11 12 -13 14 15 16 17 18 -19 -20 21 -22 23 -24 -25 26 -27 -28 -29 30 -31 -32 -33 34 35 36
0xe0c29373360ad4ae 180871 1 2 -3 4 5 -6 7 8 -9 10 11 12 -13 14 15 16 17 18 -19 -20 21 -22 23 -24 -25 26 -27 -28 -29 30 -31 -32 -33 34 35 36
0xf1c1801d93cc5d4 180871 1 2 -3 4 5 -6 7 8 -9 10 11 12 -13 14 15 16 17 18 -19 -20 21 -22 23 -24 -25 26 -27 -28 -29 30 -31 -32 -33 34 35 36
0x42d75af1c9701267 180871 1 2 -3 4 5 -6 7 8 -9 10 11 12 -13 14 15 16 17 18 -19 -20 21 -22 23 -24 -25 26 -27 -28 -29 30 -31 -32 -33 34 35 36
0x9510b53424d8f833 180871 1 2 -3 4 5 -6 7 8 -9 10 11 12 -13 14 15 16 17 18 -19 -20 21 -22 23 -24 -25 26 -27 -28 -29 30 -31 -32 -33 34 35 36
0x7c33b18dc71a512b 180871 1 2 -3 4 5 -6 7 8 -9 10 11 12 -13 14 15 16 17 18 -19 -20 21 -22 23 -24 -25 26 -27 -28 -29 30 -31 -32 -33 34 35 36
0xa06948fd333fee95 180871 1 2 -3 4 5 -6 7 8 -9 10 11 12 -13 14 15 16 17 18 -19 -20 21 -22 23 -24 -25 26 -27 -28 -29 30 -31 -32 -33 34 35 36
0x69dc304a585dcc74 180871 1 2 -3 4 5 -6 7 8 -9 10 11 12 -13 14 15 16 17 18 -19 -20 21 -22 23 -24 -25 26 -27 -28 -29 30 -31 -32 -33 34 35 36
0xd4fa72eb6d70a936 180871 1 2 -3 4 5 -6 7 8 -9 10 11 12 -13 14 15 16 17 18 -19 -20 21 -22 23 -24 -25 26 -27 -28 -29 30 -31 -32 -33 34 35 36
0xde17c4cbdd9d7a59 180871 1 2 -3 4 5 -6 7 8 -9 10 11 12 -13 14 15 16 17 18 -19 -20 21 -22 23 -24 -25 26 -27 -28 -29 30 -31 -32 -33 34 35 36
0xde03c73e2abe10f6 180871 1 2 -3 4 5 -6 7 8 -9 10 11 12 -13 14 15 16 17 18 -19 -20 21 -22 23 -24 -25 26 -27 -28 -29 30 -31 -32 -33 34 35 36
0xf054bc701096656f 180871 1 2 -3 4 5 -6 7 8 -9 10 11 12 -13 14 15 16 17 18 -19 -20 21 -22 23 -24 -25 26 -27 -28 -29 30 -31 -32 -33 34 35 36
0xbc22666c7f3678d8 180871 1 2 -3 4 5 -6 7 8 -9 10 11 12 -13 14 15 16 17 18 -19 -20 21 -22 23 -24 -25 26 -27 -28 -29 30 -31 -32 -33 34 35 36
0xaf90ca4796a3586 180871 1 2 -3 4 5 -6 7 8 -9 10 11 12 -13 14 15 16 17 18 -19 -20 21 -22 23 -24 -25 26 -27 -28 -29 30 -31 -32 -33 34 35 36
0x1ebcc020c6d8903a 180871 1 2 -3 4 5 -6 7 8 -9 10 11 12 -13 14 15 16 17 18 -19 -20 21 -22 23 -24 -25 26 -27 -28 -29 30 -31 -32 -33 34 35 36
0x6b3316b360c49ad7 180871 1 2 -3 4 5 -6 7 8 -9 10 11 12 -13 14 15 16 17 18 -19 -20 21 -22 23 -24 -25 26 -27 -28 -29 30 -31 -32 -33 34 35 36
0x6aa666bd46873641 180871 1 2 -3 4 5 -6 7 8 -9 10 11 12 -13 14 15 16 17 18 -19 -20 21 -22 23 -24 -25 26 -27 -28 -29 30 -31 -32 -33 34 35 36
0x8be3f67f50aed4f4 180871 1 2 -3 4 5 -6 7 8 -9 10 11 12 -13 14 15 16 17 18 -19 -20 21 -22 23 -24 -25 26 -27 -28 -29 30 -31 -32 -33 34 35 36
0x87b7733bb44de474 180871 1 2 -3 4 5 -6 7 8 -9 10 11 12 -13 14 15 16 17 18 -19 -20 21 -22 23 -24 -25 26 -27 -28 -29 30 -31 -32 -33 34 35 36
0xc29545744f7e92db 180871 1 2 -3 4 5 -6 7 8 -9 10 11 12 -13 14 15 16 17 18 -19 -20 21 -22 23 -24 -25 26 -27 -28 -29 30 -31 -32 -33 34 35 36
0xfc84a7a13aec054f 180871 1 2 -3 4 5 -6 7 8 -9 10 11 12 -13 14 15 16 17 18 -19 -20 21 -22 23 -24 -25 26 -27 -28 -29 30 -31 -32 -33 34 35 36