0xbae02e4a42eb213c 5747 -1 -2 3 4 -5 6 7 8 -9 10 11 -12 -13 14 15 16 -17 -18 -19 -20 21 22 -23 24 -25 26 27 -28 -29 30 31 -32 -33 34 35 -36
0x8879537fc20d973a 5747 -1 -2 3 4 -5 6 7 8 -9 10 11 -12 -13 14 15 16 -17 -18 -19 -20 21 22 -23 24 -25 26 27 -28 -29 30 31 -32 -33 34 35 -36
0xc28914a161e12644 5747 -1 -2 3 4 -5 6 7 8 -9 10 11 -12 -13 14 15 16 -17 -18 -19 -20 21 22 -23 24 -25 26 27 -28 -29 30 31 -32 -33 34 35 -36
0x96f2394b70bd75cd 5747 -1 -2 3 4 -5 6 7 8 -9 10 11 -12 -13 14 15 16 -17 -18 -19 -20 21 22 -23 24 -25 26 27 -28 -29 30 31 -32 -33 34 35 -36
0xebcaa615d63421c6 5747 -1 -2 3 4 -5 6 7 8 -9 10 11 -12 -13 14 15 16 -17 -18 -19 -20 21 22 -23 24 -25 26 27 -28 -29 30 31 -32 -33 34 35 -36
0xbfce355a7293d0e9 5747 -1 -2 3 4 -5 6 7 8 -9 10 11 -12 -13 14 15 16 -17 -18 -19 -20 21 22 -23 24 -25 26 27 -28 -29 30 31 -32 -33 34 35 -36
0xf38413fe843f7b11 5747 -1 -2 3 4 -5 6 7 8 -9 10 11 -12 -13 14 15 16 -17 -18 -19 -20 21 22 -23 24 -25 26 27 -28 -29 30 31 -32 -33 34 35 -36
0x84a3c37db03b1cd3 5747 -1 -2 3 4 -5 6 7 8 -9 10 11 -12 -13 14 15 16 -17 -18 -19 -20 21 22 -23 24 -25 26 27 -28 -29 30 31 -32 -33 34 35 -36
0xb00b8ff2c877f971 5747 -1 -2 3 4 -5 6 7 8 -9 10 11 -12 -13 14 15 16 -17 -18 -19 -20 21 22 -23 24 -25 26 27 -28 -29 30 31 -32 -33 34 35 -36
0xf3a44933264e4fcd 5747 -1 -2 3 4 -5 6 7 8 -9 10 11 -12 -13 14 15 16 -17 -18 -19 -20 21 22 -23 24 -25 26 27 -28 -29 30 31 -32 -33 34 35 -36
0xe5eb56c80c96ae6f 5747 -1 -2 3 4 -5 6 7 8 -9 10 11 -12 -13 14 15 16 -17 -18 -19 -20 21 22 -23 24 -25 26 27 -28 -29 30 31 -32 -33 34 35 -36
0xd1d6f6dcfb71504 5747 -1 -2 3 4 -5 6 7 8 -9 10 11 -12 -13 14 15 16 -17 -18 -19 -20 21 22 -23 24 -25 26 27 -28 -29 30 31 -32 -33 34 35 -36
0x8209a095ac3a25d9 5747 -1 -2 3 4 -5 6 7 8 -9 10 11 -12 -13 14 15 16 -17 -18 -19 -20 21 22 -23 24 -25 26 27 -28 -29 30 31 -32 -33 34 35 -36
0x8a7aa5e4d4466762 5747 -1 -2 3 4 -5 6 7 8 -9 10 11 -12 -13 14 15 16 -17 -18 -19 -20 21 22 -23 24 -25 26 27 -28 -29 30 31 -32 -33 34 35 -36
0xee6490b4228b95b7 5747 -1 -2 3 4 -5 6 7 8 -9 10 11 -12 -13 14 15 16 -17 -18 -19 -20 21 22 -23 24 -25 26 27 -28 -29 30 31 -32 -33 34 35 -36
0x5a44bf905f7c0413 5747 -1 -2 3 4 -5 6 7 8 -9 10 11 -12 -13 14 15 16 -17 -18 -19 -20 21 22 -23 24 -25 26 27 -28 -29 30 31 -32 -33 34 35 -36
0xa86225b91be80e55 5747 -1 -2 3 4 -5 6 7 8 -9 10 11 -12 -13 14 15 16 -17 -18 -19 -20 21 22 -23 24 -25 26 27 -28 -29 30 31 -32 -33 34 35 -36
0x69dbe2a4d2519a82 5747 -1 -2 3 4 -5 6 7 8 -9 10 11 -12 -13 14 15 16 -17 -18 -19 -20 21 22 -23 24 -25 26 27 -28 -29 30 31 -32 -33 34 35 -36
0x7fb4297c468daa3f 5747 -1 -2 3 4 -5 6 7 8 -9 10 11 -12 -13 14 15 16 -17 -18 -19 -20 21 22 -23 24 -25 26 27 -28 -29 30 31 -32 -33 34 35 -36
0x345789af989fc59 5747 -1 -2 3 4 -5 6 7 8 -9 10 11 -12 -13 14 15 16 -17 -18 -19 -20 21 22 -23 24 -25 26 27 -28 -29 30 31 -32 -33 34 35 -36
0x24d02112fd4cbe3f 5747 -1 -2 3 4 -5 6 7 8 -9 10 11 -12 -13 14 15 16 -17 -18 -19 -20 21 22 -23 24 -25 26 27 -28 -29 30 31 -32 -33 34 35 -36
0x60e1e2983844d85 5747 -1 -2 3 4 -5 6 7 8 -9 10 11 -12 -13 14 15 16 -17 -18 -19 -20 21 22 -23 24 -25 26 27 -28 -29 30 31 -32 -33 34 35 -36
0x6100a8a4bdafcc83 5747 -1 -2 3 4 -5 6 7 8 -9 10 11 -12 -13 14 15 16 -17 -18 -19 -20 21 22 -23 24 -25 26 27 -28 -29 30 31 -32 -33 34 35 -36
0x90a19cb3545ef6e2 5747 -1 -2 3 4 -5 6 7 8 -9 10 11 -12 -13 14 15 16 -17 -18 -19 -20 21 22 -23 24 -25 26 27 -28 -29 30 31 -32 -33 34 35 -36
0x99d431cc28f0d63f 5747 -1 -2 3 4 -5 6 7 8 -9 10 11 -12 -13 14 15 16 -17 -18 -19 -20 21 22 -23 24 -25 26 27 -28 -29 30 31 -32 -33 34 35 -36
0xfac9b5022e5bca77 5747 -1 -2 3 4 -5 6 7 8 -9 10 11 -12 -13 14 15 16 -17 -18 -19 -20 21 22 -23 24 -25 26 27 -28 -29 30 31 -32 -33 34 35 -36
0xa6a746fa97ee4168 5747 -1 -2 3 4 -5 6 7 8 -9 10 11 -12 -13 14 15 16 -17 -18 -19 -20 21 22 -23 24 -25 26 27 -28 -29 30 31 -32 -33 34 35 -36
0x4b0de77148909c79 5747 -1 -2 3 4 -5 6 7 8 -9 10 11 -12 -13 14 15 16 -17 -18 -19 -20 21 22 -23 24 -25 26 27 -28 -29 30 31 -32 -33 34 35 -36
0xcbe50b1b5bea611 5747 -1 -2 3 4 -5 6 7 8 -9 10 11 -12 -13 14 15 16 -17 -18 -19 -20 21 22 -23 24 -25 26 27 -28 -29 30 31 -32 -33 34 35 -36
0xf216a31f411e971d 5747 -1 -2 3 4 -5 6 7 8 -9 10 11 -12 -13 14 15 16 -17 -18 -19 -20 21 22 -23 24 -25 26 27 -28 -29 30 31 -32 -33 34 35 -36