0x9a729b9a1e3e9474 5348 -1 -2 3 -4 5 -6 7 -8 9 -10 -11 12 13 14 15 16 17 18 19 -20 21 22 -23 24 25 26 -27 28 -29 30 31 -32 33 -34 35 -36
0x6b3f164ef0b9a341 5348 -1 -2 3 -4 5 -6 7 -8 9 -10 -11 12 13 14 15 16 17 18 19 -20 21 22 -23 24 25 26 -27 28 -29 30 31 -32 33 -34 35 -36
0x95b78ab1a442fcf8 5348 -1 -2 3 -4 5 -6 7 -8 9 -10 -11 12 13 14 15 16 17 18 19 -20 21 22 -23 24 25 26 -27 28 -29 30 31 -32 33 -34 35 -36
0x2b73c0e829b1ebc9 5348 -1 -2 3 -4 5 -6 7 -8 9 -10 -11 12 13 14 15 16 17 18 19 -20 21 22 -23 24 25 26 -27 28 -29 30 31 -32 33 -34 35 -36
0x109039f113568b0d 5348 -1 -2 3 -4 5 -6 7 -8 9 -10 -11 12 13 14 15 16 17 18 19 -20 21 22 -23 24 25 26 -27 28 -29 30 31 -32 33 -34 35 -36
0xca7497c40c8bc0d8 5348 -1 -2 3 -4 5 -6 7 -8 9 -10 -11 12 13 14 15 16 17 18 19 -20 21 22 -23 24 25 26 -27 28 -29 30 31 -32 33 -34 35 -36
0xe3f7884c75c11f6a 5348 -1 -2 3 -4 5 -6 7 -8 9 -10 -11 12 13 14 15 16 17 18 19 -20 21 22 -23 24 25 26 -27 28 -29 30 31 -32 33 -34 35 -36
0x87be1f69bed0d9ea 5348 -1 -2 3 -4 5 -6 7 -8 9 -10 -11 12 13 14 15 16 17 18 19 -20 21 22 -23 24 25 26 -27 28 -29 30 31 -32 33 -34 35 -36
0x97fc266d954e9ddf 5348 -1 -2 3 -4 5 -6 7 -8 9 -10 -11 12 13 14 15 16 17 18 19 -20 21 22 -23 24 25 26 -27 28 -29 30 31 -32 33 -34 35 -36
0xf34dbb9fc47d7cb9 5348 -1 -2 3 -4 5 -6 7 -8 9 -10 -11 12 13 14 15 16 17 18 19 -20 21 22 -23 24 25 26 -27 28 -29 30 31 -32 33 -34 35 -36
0x35f841bb9f22e548 5348 -1 -2 3 -4 5 -6 7 -8 9 -10 -11 12 13 14 15 16 17 18 19 -20 21 22 -23 24 25 26 -27 28 -29 30 31 -32 33 -34 35 -36
0xae9d061e1f50dcfd 5348 -1 -2 3 -4 5 -6 7 -8 9 -10 -11 12 13 14 15 16 17 18 19 -20 21 22 -23 24 25 26 -27 28 -29 30 31 -32 33 -34 35 -36
0x8cc4cedded602abe 5348 -1 -2 3 -4 5 -6 7 -8 9 -10 -11 12 13 14 15 16 17 18 19 -20 21 22 -23 24 25 26 -27 28 -29 30 31 -32 33 -34 35 -36
0xdc6ee8e27537074f 5348 -1 -2 3 -4 5 -6 7 -8 9 -10 -11 12 13 14 15 16 17 18 19 -20 21 22 -23 24 25 26 -27 28 -29 30 31 -32 33 -34 35 -36
0xaa9679b9a9d9299d 5348 -1 -2 3 -4 5 -6 7 -8 9 -10 -11 12 13 14 15 16 17 18 19 -20 21 22 -23 24 25 26 -27 28 -29 30 31 -32 33 -34 35 -36
0x6149b631f37d9ea6 5348 -1 -2 3 -4 5 -6 7 -8 9 -10 -11 12 13 14 15 16 17 18 19 -20 21 22 -23 24 25 26 -27 28 -29 30 31 -32 33 -34 35 -36
0x672e9577dc875380 5348 -1 -2 3 -4 5 -6 7 -8 9 -10 -11 12 13 14 15 16 17 18 19 -20 21 22 -23 24 25 26 -27 28 -29 30 31 -32 33 -34 35 -36
0x8a7cb7307b4ceb9 5348 -1 -2 3 -4 5 -6 7 -8 9 -10 -11 12 13 14 15 16 17 18 19 -20 21 22 -23 24 25 26 -27 28 -29 30 31 -32 33 -34 35 -36
0x191a304133286d34 5348 -1 -2 3 -4 5 -6 7 -8 9 -10 -11 12 13 14 15 16 17 18 19 -20 21 22 -23 24 25 26 -27 28 -29 30 31 -32 33 -34 35 -36
0xe9b01baebc76111c 5348 -1 -2 3 -4 5 -6 7 -8 9 -10 -11 12 13 14 15 16 17 18 19 -20 21 22 -23 24 25 26 -27 28 -29 30 31 -32 33 -34 35 -36
0x544c0e366c2469f6 5348 -1 -2 3 -4 5 -6 7 -8 9 -10 -11 12 13 14 15 16 17 18 19 -20 21 22 -23 24 25 26 -27 28 -29 30 31 -32 33 -34 35 -36
0x8133da1d8cd3b829 5348 -1 -2 3 -4 5 -6 7 -8 9 -10 -11 12 13 14 15 16 17 18 19 -20 21 22 -23 24 25 26 -27 28 -29 30 31 -32 33 -34 35 -36
0x8d0ea1ab0c00844a 5348 -1 -2 3 -4 5 -6 7 -8 9 -10 -11 12 13 14 15 16 17 18 19 -20 21 22 -23 24 25 26 -27 28 -29 30 31 -32 33 -34 35 -36
0xdbdca22de3fb0411 5348 -1 -2 3 -4 5 -6 7 -8 9 -10 -11 12 13 14 15 16 17 18 19 -20 21 22 -23 24 25 26 -27 28 -29 30 31 -32 33 -34 35 -36
0x6dcd56cbb1dc476f 5348 -1 -2 3 -4 5 -6 7 -8 9 -10 -11 12 13 14 15 16 17 18 19 -20 21 22 -23 24 25 26 -27 28 -29 30 31 -32 33 -34 35 -36
0x9e5734f2e3bc1acb 5348 -1 -2 3 -4 5 -6 7 -8 9 -10 -11 12 13 14 15 16 17 18 19 -20 21 22 -23 24 25 26 -27 28 -29 30 31 -32 33 -34 35 -36
0xf99de33d6c7dc5e1 5348 -1 -2 3 -4 5 -6 7 -8 9 -10 -11 12 13 14 15 16 17 18 19 -20 21 22 -23 24 25 26 -27 28 -29 30 31 -32 33 -34 35 -36
0x5cad0dbf23177ae9 5348 -1 -2 3 -4 5 -6 7 -8 9 -10 -11 12 13 14 15 16 17 18 19 -20 21 22 -23 24 25 26 -27 28 -29 30 31 -32 33 -34 35 -36
0xb4c7f7aa4fec5886 5348 -1 -2 3 -4 5 -6 7 -8 9 -10 -11 12 13 14 15 16 17 18 19 -20 21 22 -23 24 25 26 -27 28 -29 30 31 -32 33 -34 35 -36
0xeabdd1003829cb9e 5348 -1 -2 3 -4 5 -6 7 -8 9 -10 -11 12 13 14 15 16 17 18 19 -20 21 22 -23 24 25 26 -27 28 -29 30 31 -32 33 -34 35 -36