0xe0c91b2cbc81346f 5923 -1 -2 3 -4 -5 -6 7 8 -9 -10 11 -12 -13 14 15 16 17 18 -19 20 21 -22 23 24 -25 26 -27 28 29 30 31 -32 33 34 35 36
0x4c008d31cd666bc4 5923 -1 -2 3 -4 -5 -6 7 8 -9 -10 11 -12 -13 14 15 16 17 18 -19 20 21 -22 23 24 -25 26 -27 28 29 30 31 -32 33 34 35 36
0xb82408d3bcf0ae5 5923 -1 -2 3 -4 -5 -6 7 8 -9 -10 11 -12 -13 14 15 16 17 18 -19 20 21 -22 23 24 -25 26 -27 28 29 30 31 -32 33 34 35 36
0x1cd158e646065876 5923 -1 -2 3 -4 -5 -6 7 8 -9 -10 11 -12 -13 14 15 16 17 18 -19 20 21 -22 23 24 -25 26 -27 28 29 30 31 -32 33 34 35 36
0xfccb5e84e5f40ba6 5923 -1 -2 3 -4 -5 -6 7 8 -9 -10 11 -12 -13 14 15 16 17 18 -19 20 21 -22 23 24 -25 26 -27 28 29 30 31 -32 33 34 35 36
0xd4de6861a5af3294 5923 -1 -2 3 -4 -5 -6 7 8 -9 -10 11 -12 -13 14 15 16 17 18 -19 20 21 -22 23 24 -25 26 -27 28 29 30 31 -32 33 34 35 36
0x95c2c99d31df5bc7 5923 -1 -2 3 -4 -5 -6 7 8 -9 -10 11 -12 -13 14 15 16 17 18 -19 20 21 -22 23 24 -25 26 -27 28 29 30 31 -32 33 34 35 36
0x6d42e9e19a54837d 5923 -1 -2 3 -4 -5 -6 7 8 -9 -10 11 -12 -13 14 15 16 17 18 -19 20 21 -22 23 24 -25 26 -27 28 29 30 31 -32 33 34 35 36
0xbf1f8e31307b4a5b 5923 -1 -2 3 -4 -5 -6 7 8 -9 -10 11 -12 -13 14 15 16 17 18 -19 20 21 -22 23 24 -25 26 -27 28 29 30 31 -32 33 34 35 36
0x2329ab7d4a58f28 5923 -1 -2 3 -4 -5 -6 7 8 -9 -10 11 -12 -13 14 15 16 17 18 -19 20 21 -22 23 24 -25 26 -27 28 29 30 31 -32 33 34 35 36
0x7327edb92aaaa333 5923 -1 -2 3 -4 -5 -6 7 8 -9 -10 11 -12 -13 14 15 16 17 18 -19 20 21 -22 23 24 -25 26 -27 28 29 30 31 -32 33 34 35 36
0xe3e5b092d075fca 5923 -1 -2 3 -4 -5 -6 7 8 -9 -10 11 -12 -13 14 15 16 17 18 -19 20 21 -22 23 24 -25 26 -27 28 29 30 31 -32 33 34 35 36
0x3bee779324b7cbc3 5923 -1 -2 3 -4 -5 -6 7 8 -9 -10 11 -12 -13 14 15 16 17 18 -19 20 21 -22 23 24 -25 26 -27 28 29 30 31 -32 33 34 35 36
0x2cf534d3bb7050f6 5923 -1 -2 3 -4 -5 -6 7 8 -9 -10 11 -12 -13 14 15 16 17 18 -19 20 21 -22 23 24 -25 26 -27 28 29 30 31 -32 33 34 35 36
0xbf804c5d921c81bf 5923 -1 -2 3 -4 -5 -6 7 8 -9 -10 11 -12 -13 14 15 16 17 18 -19 20 21 -22 23 24 -25 26 -27 28 29 30 31 -32 33 34 35 36
0xdc7a7b5751c96e7e 5923 -1 -2 3 -4 -5 -6 7 8 -9 -10 11 -12 -13 14 15 16 17 18 -19 20 21 -22 23 24 -25 26 -27 28 29 30 31 -32 33 34 35 36
0xd26300b619d8bf52 5923 -1 -2 3 -4 -5 -6 7 8 -9 -10 11 -12 -13 14 15 16 17 18 -19 20 21 -22 23 24 -25 26 -27 28 29 30 31 -32 33 34 35 36
0x9ce70e9bce1a3f70 5923 -1 -2 3 -4 -5 -6 7 8 -9 -10 11 -12 -13 14 15 16 17 18 -19 20 21 -22 23 24 -25 26 -27 28 29 30 31 -32 33 34 35 36
0x1256a1b3a0f7b4 5923 -1 -2 3 -4 -5 -6 7 8 -9 -10 11 -12 -13 14 15 16 17 18 -19 20 21 -22 23 24 -25 26 -27 28 29 30 31 -32 33 34 35 36
0x679731e2f697b0f6 5923 -1 -2 3 -4 -5 -6 7 8 -9 -10 11 -12 -13 14 15 16 17 18 -19 20 21 -22 23 24 -25 26 -27 28 29 30 31 -32 33 34 35 36
0x106f0e67f596649d 5923 -1 -2 3 -4 -5 -6 7 8 -9 -10 11 -12 -13 14 15 16 17 18 -19 20 21 -22 23 24 -25 26 -27 28 29 30 31 -32 33 34 35 36
0xcd937c5414b4ae0d 5923 -1 -2 3 -4 -5 -6 7 8 -9 -10 11 -12 -13 14 15 16 17 18 -19 20 21 -22 23 24 -25 26 -27 28 29 30 31 -32 33 34 35 36
0x222462a3f1d1f857 5923 -1 -2 3 -4 -5 -6 7 8 -9 -10 11 -12 -13 14 15 16 17 18 -19 20 21 -22 23 24 -25 26 -27 28 29 30 31 -32 33 34 35 36
0x64333f8bdf850493 5923 -1 -2 3 -4 -5 -6 7 8 -9 -10 11 -12 -13 14 15 16 17 18 -19 20 21 -22 23 24 -25 26 -27 28 29 30 31 -32 33 34 35 36
0x3d4bf62d7026e0b2 5923 -1 -2 3 -4 -5 -6 7 8 -9 -10 11 -12 -13 14 15 16 17 18 -19 20 21 -22 23 24 -25 26 -27 28 29 30 31 -32 33 34 35 36
0x2865ccf2fff7f3e3 5923 -1 -2 3 -4 -5 -6 7 8 -9 -10 11 -12 -13 14 15 16 17 18 -19 20 21 -22 23 24 -25 26 -27 28 29 30 31 -32 33 34 35 36
0xc76bc99eb8569419 5923 -1 -2 3 -4 -5 -6 7 8 -9 -10 11 -12 -13 14 15 16 17 18 -19 20 21 -22 23 24 -25 26 -27 28 29 30 31 -32 33 34 35 36
0x3f9ee4c499d3f389 5923 -1 -2 3 -4 -5 -6 7 8 -9 -10 11 -12 -13 14 15 16 17 18 -19 20 21 -22 23 24 -25 26 -27 28 29 30 31 -32 33 34 35 36
0x7b4b0d4c516b9e2e 5923 -1 -2 3 -4 -5 -6 7 8 -9 -10 11 -12 -13 14 15 16 17 18 -19 20 21 -22 23 24 -25 26 -27 28 29 30 31 -32 33 34 35 36
0x2b2cfbef46e38746 5923 -1 -2 3 -4 -5 -6 7 8 -9 -10 11 -12 -13 14 15 16 17 18 -19 20 21 -22 23 24 -25 26 -27 28 29 30 31 -32 33 34 35 36