0x89094948e178db80 5661 1 2 -3 -4 5 -6 7 8 -9 -10 11 12 -13 14 15 -16 -17 -18 -19 20 21 -22 -23 24 25 -26 27 28 -29 30 -31 32 33 34 35 36
0x2fd31be4669557 5396 1 -2 3 -4 5 -6 7 -8 -9 10 11 12 -13 14 15 -16 17 -18 -19 20 21 -22 -23 -24 25 -26 27 28 -29 30 31 32 33 34 35 -36
0x6efeb9f7953abeb 5661 1 2 -3 -4 5 -6 7 8 -9 -10 11 12 -13 14 15 -16 -17 -18 -19 20 21 -22 -23 24 25 -26 27 28 -29 30 -31 32 33 34 35 36
0xdb4c05a3d937e3ad 5661 1 2 -3 -4 5 -6 7 8 -9 -10 11 12 -13 14 15 -16 -17 -18 -19 20 21 -22 -23 24 25 -26 27 28 -29 30 -31 32 33 34 35 36
0x1f4967f4276279e8 5661 1 2 -3 -4 5 -6 7 8 -9 -10 11 12 -13 14 15 -16 -17 -18 -19 20 21 -22 -23 24 25 -26 27 28 -29 30 -31 32 33 34 35 36
0xff27e1d62114136b 5661 1 2 -3 -4 5 -6 7 8 -9 -10 11 12 -13 14 15 -16 -17 -18 -19 20 21 -22 -23 24 25 -26 27 28 -29 30 -31 32 33 34 35 36
0x5fe1c1a2f9185b7f 5396 1 -2 3 -4 5 -6 7 -8 -9 10 11 12 -13 14 15 -16 17 -18 -19 20 21 -22 -23 -24 25 -26 27 28 -29 30 31 32 33 34 35 -36
0xc8e04cbb15583c55 5661 1 2 -3 -4 5 -6 7 8 -9 -10 11 12 -13 14 15 -16 -17 -18 -19 20 21 -22 -23 24 25 -26 27 28 -29 30 -31 32 33 34 35 36
0x8c78a66068b0fe83 5396 1 -2 3 -4 5 -6 7 -8 -9 10 11 12 -13 14 15 -16 17 -18 -19 20 21 -22 -23 -24 25 -26 27 28 -29 30 31 32 33 34 35 -36
0x41f5fe6460d70da4 5661 1 2 -3 -4 5 -6 7 8 -9 -10 11 12 -13 14 15 -16 -17 -18 -19 20 21 -22 -23 24 25 -26 27 28 -29 30 -31 32 33 34 35 36
0x233d202d6d1d0b5a 5661 1 2 -3 -4 5 -6 7 8 -9 -10 11 12 -13 14 15 -16 -17 -18 -19 20 21 -22 -23 24 25 -26 27 28 -29 30 -31 32 33 34 35 36
0x19877e35106cb4ca 5661 1 2 -3 -4 5 -6 7 8 -9 -10 11 12 -13 14 15 -16 -17 -18 -19 20 21 -22 -23 24 25 -26 27 28 -29 30 -31 32 33 34 35 36
0x9f5a0d8a3a97581a 5661 1 2 -3 -4 5 -6 7 8 -9 -10 11 12 -13 14 15 -16 -17 -18 -19 20 21 -22 -23 24 25 -26 27 28 -29 30 -31 32 33 34 35 36
0x1a75f14de7e3d9f8 5661 1 2 -3 -4 5 -6 7 8 -9 -10 11 12 -13 14 15 -16 -17 -18 -19 20 21 -22 -23 24 25 -26 27 28 -29 30 -31 32 33 34 35 36
0x858ae93217b73352 5396 1 -2 3 -4 5 -6 7 -8 -9 10 11 12 -13 14 15 -16 17 -18 -19 20 21 -22 -23 -24 25 -26 27 28 -29 30 31 32 33 34 35 -36
0xd0317e1251163063 5396 1 -2 3 -4 5 -6 7 -8 -9 10 11 12 -13 14 15 -16 17 -18 -19 20 21 -22 -23 -24 25 -26 27 28 -29 30 31 32 33 34 35 -36
0x3448a1c444376ef4 5661 1 2 -3 -4 5 -6 7 8 -9 -10 11 12 -13 14 15 -16 -17 -18 -19 20 21 -22 -23 24 25 -26 27 28 -29 30 -31 32 33 34 35 36
0x210715c2119abbc 5396 1 -2 3 -4 5 -6 7 -8 -9 10 11 12 -13 14 15 -16 17 -18 -19 20 21 -22 -23 -24 25 -26 27 28 -29 30 31 32 33 34 35 -36
0x56b531d77b85bf3d 5661 1 2 -3 -4 5 -6 7 8 -9 -10 11 12 -13 14 15 -16 -17 -18 -19 20 21 -22 -23 24 25 -26 27 28 -29 30 -31 32 33 34 35 36
0xe807a8d6d42c7e3b 5661 1 2 -3 -4 5 -6 7 8 -9 -10 11 12 -13 14 15 -16 -17 -18 -19 20 21 -22 -23 24 25 -26 27 28 -29 30 -31 32 33 34 35 36
0xc5fdce97467a83dd 5661 1 2 -3 -4 5 -6 7 8 -9 -10 11 12 -13 14 15 -16 -17 -18 -19 20 21 -22 -23 24 25 -26 27 28 -29 30 -31 32 33 34 35 36
0xa3faf339ce81ec88 5661 1 2 -3 -4 5 -6 7 8 -9 -10 11 12 -13 14 15 -16 -17 -18 -19 20 21 -22 -23 24 25 -26 27 28 -29 30 -31 32 33 34 35 36
0x41cb0a71fda16d5c 5661 1 2 -3 -4 5 -6 7 8 -9 -10 11 12 -13 14 15 -16 -17 -18 -19 20 21 -22 -23 24 25 -26 27 28 -29 30 -31 32 33 34 35 36
0xd8a2fb6b19726e41 5661 1 2 -3 -4 5 -6 7 8 -9 -10 11 12 -13 14 15 -16 -17 -18 -19 20 21 -22 -23 24 25 -26 27 28 -29 30 -31 32 33 34 35 36
0x721fb904a69ffbc9 5661 1 2 -3 -4 5 -6 7 8 -9 -10 11 12 -13 14 15 -16 -17 -18 -19 20 21 -22 -23 24 25 -26 27 28 -29 30 -31 32 33 34 35 36
0xdece05d897fa3fe 5661 1 2 -3 -4 5 -6 7 8 -9 -10 11 12 -13 14 15 -16 -17 -18 -19 20 21 -22 -23 24 25 -26 27 28 -29 30 -31 32 33 34 35 36
0x791fcf12bb21677 5396 1 -2 3 -4 5 -6 7 -8 -9 10 11 12 -13 14 15 -16 17 -18 -19 20 21 -22 -23 -24 25 -26 27 28 -29 30 31 32 33 34 35 -36
0x25ec4f449403b43b 5396 1 -2 3 -4 5 -6 7 -8 -9 10 11 12 -13 14 15 -16 17 -18 -19 20 21 -22 -23 -24 25 -26 27 28 -29 30 31 32 33 34 35 -36
0xcea0f64ea7912ccd 5661 1 2 -3 -4 5 -6 7 8 -9 -10 11 12 -13 14 15 -16 -17 -18 -19 20 21 -22 -23 24 25 -26 27 28 -29 30 -31 32 33 34 35 36
0x7fa374b9145b5b54 5396 1 -2 3 -4 5 -6 7 -8 -9 10 11 12 -13 14 15 -16 17 -18 -19 20 21 -22 -23 -24 25 -26 27 28 -29 30 31 32 33 34 35 -36