0x254d18b036b45caa 10134 -1 2 3 -4 5 6 -7 8 9 10 11 -12 -13 14 15 16 -17 -18 -19 20 -21 22 23 -24 25 26 -27 28 29 30 -31 32 33 34 -35 -36
0x957a1c3a387d652f 10134 -1 2 3 -4 5 6 -7 8 9 10 11 -12 -13 14 15 16 -17 -18 -19 20 -21 22 23 -24 25 26 -27 28 29 30 -31 32 33 34 -35 -36
0xb961e5334bfb282d 10134 -1 2 3 -4 5 6 -7 8 9 10 11 -12 -13 14 15 16 -17 -18 -19 20 -21 22 23 -24 25 26 -27 28 29 30 -31 32 33 34 -35 -36
0x24222b062e142d2a 10134 -1 2 3 -4 5 6 -7 8 9 10 11 -12 -13 14 15 16 -17 -18 -19 20 -21 22 23 -24 25 26 -27 28 29 30 -31 32 33 34 -35 -36
0xcf15ccb7a5c82c7e 10134 -1 2 3 -4 5 6 -7 8 9 10 11 -12 -13 14 15 16 -17 -18 -19 20 -21 22 23 -24 25 26 -27 28 29 30 -31 32 33 34 -35 -36
0xd0fece3b7c37a335 10134 -1 2 3 -4 5 6 -7 8 9 10 11 -12 -13 14 15 16 -17 -18 -19 20 -21 22 23 -24 25 26 -27 28 29 30 -31 32 33 34 -35 -36
0x125c0a978bb79dff 10134 -1 2 3 -4 5 6 -7 8 9 10 11 -12 -13 14 15 16 -17 -18 -19 20 -21 22 23 -24 25 26 -27 28 29 30 -31 32 33 34 -35 -36
0xe4936b5964d86bd3 10134 -1 2 3 -4 5 6 -7 8 9 10 11 -12 -13 14 15 16 -17 -18 -19 20 -21 22 23 -24 25 26 -27 28 29 30 -31 32 33 34 -35 -36
0xde40d21b38514105 10134 -1 2 3 -4 5 6 -7 8 9 10 11 -12 -13 14 15 16 -17 -18 -19 20 -21 22 23 -24 25 26 -27 28 29 30 -31 32 33 34 -35 -36
0xe8ef6754a3ccf22a 10134 -1 2 3 -4 5 6 -7 8 9 10 11 -12 -13 14 15 16 -17 -18 -19 20 -21 22 23 -24 25 26 -27 28 29 30 -31 32 33 34 -35 -36
0x40c21dcc2ccef19e 9129 -1 -2 3 -4 5 6 -7 8 9 10 11 -12 -13 14 15 16 -17 -18 -19 20 -21 22 23 -24 25 26 -27 28 29 30 -31 32 33 34 -35 -36
0x82209f6e85acad41 9129 -1 -2 3 -4 5 6 -7 8 9 10 11 -12 -13 14 15 16 -17 -18 -19 20 -21 22 23 -24 25 26 -27 28 29 30 -31 32 33 34 -35 -36
0x266d72397c5e9aac 9129 -1 -2 3 -4 5 6 -7 8 9 10 11 -12 -13 14 15 16 -17 -18 -19 20 -21 22 23 -24 25 26 -27 28 29 30 -31 32 33 34 -35 -36
0x5886bd1e37885dbc 10134 -1 2 3 -4 5 6 -7 8 9 10 11 -12 -13 14 15 16 -17 -18 -19 20 -21 22 23 -24 25 26 -27 28 29 30 -31 32 33 34 -35 -36
0xc5c0f63672004b14 10134 -1 2 3 -4 5 6 -7 8 9 10 11 -12 -13 14 15 16 -17 -18 -19 20 -21 22 23 -24 25 26 -27 28 29 30 -31 32 33 34 -35 -36
0xf063de0d41bd0da3 10134 -1 2 3 -4 5 6 -7 8 9 10 11 -12 -13 14 15 16 -17 -18 -19 20 -21 22 23 -24 25 26 -27 28 29 30 -31 32 33 34 -35 -36
0x3c9c7b2fad378adc 10134 -1 2 3 -4 5 6 -7 8 9 10 11 -12 -13 14 15 16 -17 -18 -19 20 -21 22 23 -24 25 26 -27 28 29 30 -31 32 33 34 -35 -36
0xa6019c10c25a787c 10134 -1 2 3 -4 5 6 -7 8 9 10 11 -12 -13 14 15 16 -17 -18 -19 20 -21 22 23 -24 25 26 -27 28 29 30 -31 32 33 34 -35 -36
0x6c36c6b589d9ae44 10134 -1 2 3 -4 5 6 -7 8 9 10 11 -12 -13 14 15 16 -17 -18 -19 20 -21 22 23 -24 25 26 -27 28 29 30 -31 32 33 34 -35 -36
0x8c4dc439f30f8b78 9129 -1 -2 3 -4 5 6 -7 8 9 10 11 -12 -13 14 15 16 -17 -18 -19 20 -21 22 23 -24 25 26 -27 28 29 30 -31 32 33 34 -35 -36
0xb2e85073fc4b9dfe 10134 -1 2 3 -4 5 6 -7 8 9 10 11 -12 -13 14 15 16 -17 -18 -19 20 -21 22 23 -24 25 26 -27 28 29 30 -31 32 33 34 -35 -36
0x402309d884e01e88 10134 -1 2 3 -4 5 6 -7 8 9 10 11 -12 -13 14 15 16 -17 -18 -19 20 -21 22 23 -24 25 26 -27 28 29 30 -31 32 33 34 -35 -36
0xad9c4a40d2f5e110 10134 -1 2 3 -4 5 6 -7 8 9 10 11 -12 -13 14 15 16 -17 -18 -19 20 -21 22 23 -24 25 26 -27 28 29 30 -31 32 33 34 -35 -36
0x446e40cb23bf32fa 9129 -1 -2 3 -4 5 6 -7 8 9 10 11 -12 -13 14 15 16 -17 -18 -19 20 -21 22 23 -24 25 26 -27 28 29 30 -31 32 33 34 -35 -36
0x94e94a0b3245f411 10134 -1 2 3 -4 5 6 -7 8 9 10 11 -12 -13 14 15 16 -17 -18 -19 20 -21 22 23 -24 25 26 -27 28 29 30 -31 32 33 34 -35 -36
0xb0728f86e8828001 10134 -1 2 3 -4 5 6 -7 8 9 10 11 -12 -13 14 15 16 -17 -18 -19 20 -21 22 23 -24 25 26 -27 28 29 30 -31 32 33 34 -35 -36
0xea9f738cfafa7dd 10134 -1 2 3 -4 5 6 -7 8 9 10 11 -12 -13 14 15 16 -17 -18 -19 20 -21 22 23 -24 25 26 -27 28 29 30 -31 32 33 34 -35 -36
0x1c6563123651bb99 10134 -1 2 3 -4 5 6 -7 8 9 10 11 -12 -13 14 15 16 -17 -18 -19 20 -21 22 23 -24 25 26 -27 28 29 30 -31 32 33 34 -35 -36
0xa64f407454a6a38f 10134 -1 2 3 -4 5 6 -7 8 9 10 11 -12 -13 14 15 16 -17 -18 -19 20 -21 22 23 -24 25 26 -27 28 29 30 -31 32 33 34 -35 -36
0xfc3667b5227509fd 10134 -1 2 3 -4 5 6 -7 8 9 10 11 -12 -13 14 15 16 -17 -18 -19 20 -21 22 23 -24 25 26 -27 28 29 30 -31 32 33 34 -35 -36