0x60d915ff5f016cd8 1731 -1 2 -3 4 5 6 7 -8 -9 -10 -11 -12 13 14 -15 16 17 18 -19 20 21 -22 -23 -24 25 26 -27 -28 -29 30 31 32 33 -34 -35 36
0x89dbef07309043a8 1731 -1 2 -3 4 5 6 7 -8 -9 -10 -11 -12 13 14 -15 16 17 18 -19 20 21 -22 -23 -24 25 26 -27 -28 -29 30 31 32 33 -34 -35 36
0xd0bb3ff073e63430 1731 -1 2 -3 4 5 6 7 -8 -9 -10 -11 -12 13 14 -15 16 17 18 -19 20 21 -22 -23 -24 25 26 -27 -28 -29 30 31 32 33 -34 -35 36
0xde0cef37a2bc4cfd 1731 -1 2 -3 4 5 6 7 -8 -9 -10 -11 -12 13 14 -15 16 17 18 -19 20 21 -22 -23 -24 25 26 -27 -28 -29 30 31 32 33 -34 -35 36
0xbe98fec84f313f18 1731 -1 2 -3 4 5 6 7 -8 -9 -10 -11 -12 13 14 -15 16 17 18 -19 20 21 -22 -23 -24 25 26 -27 -28 -29 30 31 32 33 -34 -35 36
0x5f065f1601ea92bc 1731 -1 2 -3 4 5 6 7 -8 -9 -10 -11 -12 13 14 -15 16 17 18 -19 20 21 -22 -23 -24 25 26 -27 -28 -29 30 31 32 33 -34 -35 36
0x51c2fb868f42c15f 874 -1 2 -3 4 5 -6 7 -8 -9 -10 -11 -12 13 14 -15 16 17 18 -19 20 21 -22 -23 -24 25 26 -27 -28 -29 30 31 32 33 -34 -35 36
0xf7054d7d05f3e8ee 1731 -1 2 -3 4 5 6 7 -8 -9 -10 -11 -12 13 14 -15 16 17 18 -19 20 21 -22 -23 -24 25 26 -27 -28 -29 30 31 32 33 -34 -35 36
0xbfd90fed04e00b59 1731 -1 2 -3 4 5 6 7 -8 -9 -10 -11 -12 13 14 -15 16 17 18 -19 20 21 -22 -23 -24 25 26 -27 -28 -29 30 31 32 33 -34 -35 36
0xcbce8ae1f6893414 1731 -1 2 -3 4 5 6 7 -8 -9 -10 -11 -12 13 14 -15 16 17 18 -19 20 21 -22 -23 -24 25 26 -27 -28 -29 30 31 32 33 -34 -35 36
0xb5bdaef8e4d92d98 1731 -1 2 -3 4 5 6 7 -8 -9 -10 -11 -12 13 14 -15 16 17 18 -19 20 21 -22 -23 -24 25 26 -27 -28 -29 30 31 32 33 -34 -35 36
0x7b5b00e3f91ec6e1 1731 -1 2 -3 4 5 6 7 -8 -9 -10 -11 -12 13 14 -15 16 17 18 -19 20 21 -22 -23 -24 25 26 -27 -28 -29 30 31 32 33 -34 -35 36
0x409c54ea0866a8f0 1731 -1 2 -3 4 5 6 7 -8 -9 -10 -11 -12 13 14 -15 16 17 18 -19 20 21 -22 -23 -24 25 26 -27 -28 -29 30 31 32 33 -34 -35 36
0xbd2b5a62b095bc49 1731 -1 2 -3 4 5 6 7 -8 -9 -10 -11 -12 13 14 -15 16 17 18 -19 20 21 -22 -23 -24 25 26 -27 -28 -29 30 31 32 33 -34 -35 36
0x6763f73d86eb1e74 1731 -1 2 -3 4 5 6 7 -8 -9 -10 -11 -12 13 14 -15 16 17 18 -19 20 21 -22 -23 -24 25 26 -27 -28 -29 30 31 32 33 -34 -35 36
0xed9c737caccfa77d 1731 -1 2 -3 4 5 6 7 -8 -9 -10 -11 -12 13 14 -15 16 17 18 -19 20 21 -22 -23 -24 25 26 -27 -28 -29 30 31 32 33 -34 -35 36
0x43b574b4cc18ff76 1159 -1 2 -3 4 5 6 7 -8 -9 -10 -11 -12 13 14 -15 16 -17 18 -19 20 21 -22 -23 -24 25 26 -27 -28 -29 30 31 32 33 -34 -35 36
0x782fc990002643f2 1731 -1 2 -3 4 5 6 7 -8 -9 -10 -11 -12 13 14 -15 16 17 18 -19 20 21 -22 -23 -24 25 26 -27 -28 -29 30 31 32 33 -34 -35 36
0xa946054c8d7c3d8a 1731 -1 2 -3 4 5 6 7 -8 -9 -10 -11 -12 13 14 -15 16 17 18 -19 20 21 -22 -23 -24 25 26 -27 -28 -29 30 31 32 33 -34 -35 36
0xcfc7eb3d7dc7255a 1731 -1 2 -3 4 5 6 7 -8 -9 -10 -11 -12 13 14 -15 16 17 18 -19 20 21 -22 -23 -24 25 26 -27 -28 -29 30 31 32 33 -34 -35 36
0xaab5aa474267fa83 1731 -1 2 -3 4 5 6 7 -8 -9 -10 -11 -12 13 14 -15 16 17 18 -19 20 21 -22 -23 -24 25 26 -27 -28 -29 30 31 32 33 -34 -35 36
0xe3d8e86363f367a8 1731 -1 2 -3 4 5 6 7 -8 -9 -10 -11 -12 13 14 -15 16 17 18 -19 20 21 -22 -23 -24 25 26 -27 -28 -29 30 31 32 33 -34 -35 36
0x8ad99e2001483873 1731 -1 2 -3 4 5 6 7 -8 -9 -10 -11 -12 13 14 -15 16 17 18 -19 20 21 -22 -23 -24 25 26 -27 -28 -29 30 31 32 33 -34 -35 36
0x418cc21f75235f0f 1731 -1 2 -3 4 5 6 7 -8 -9 -10 -11 -12 13 14 -15 16 17 18 -19 20 21 -22 -23 -24 25 26 -27 -28 -29 30 31 32 33 -34 -35 36
0xe97ac496e55789ae 1731 -1 2 -3 4 5 6 7 -8 -9 -10 -11 -12 13 14 -15 16 17 18 -19 20 21 -22 -23 -24 25 26 -27 -28 -29 30 31 32 33 -34 -35 36
0x4fdbdad1c30e4803 1731 -1 2 -3 4 5 6 7 -8 -9 -10 -11 -12 13 14 -15 16 17 18 -19 20 21 -22 -23 -24 25 26 -27 -28 -29 30 31 32 33 -34 -35 36
0x3a881aad5fb8c0c6 1731 -1 2 -3 4 5 6 7 -8 -9 -10 -11 -12 13 14 -15 16 17 18 -19 20 21 -22 -23 -24 25 26 -27 -28 -29 30 31 32 33 -34 -35 36
0x55996619ae95f735 1731 -1 2 -3 4 5 6 7 -8 -9 -10 -11 -12 13 14 -15 16 17 18 -19 20 21 -22 -23 -24 25 26 -27 -28 -29 30 31 32 33 -34 -35 36
0xd6bd269f16f4a090 1731 -1 2 -3 4 5 6 7 -8 -9 -10 -11 -12 13 14 -15 16 17 18 -19 20 21 -22 -23 -24 25 26 -27 -28 -29 30 31 32 33 -34 -35 36
0x3873d8d5df96899a 1731 -1 2 -3 4 5 6 7 -8 -9 -10 -11 -12 13 14 -15 16 17 18 -19 20 21 -22 -23 -24 25 26 -27 -28 -29 30 31 32 33 -34 -35 36