0x27bdd69b9ff4d2ef 10326 1 2 3 -4 5 6 7 8 9 -10 -11 -12 -13 -14 -15 16 17 -18 19 20 21 -22 -23 24 -25 26 -27 28 -29 -30 31 -32 33 34 35 36
0xe334e2940cd0ab5c 10326 1 2 3 -4 5 6 7 8 9 -10 -11 -12 -13 -14 -15 16 17 -18 19 20 21 -22 -23 24 -25 26 -27 28 -29 -30 31 -32 33 34 35 36
0x4126c293b4031759 10326 1 2 3 -4 5 6 7 8 9 -10 -11 -12 -13 -14 -15 16 17 -18 19 20 21 -22 -23 24 -25 26 -27 28 -29 -30 31 -32 33 34 35 36
0x5c38cc6541075ca3 10326 1 2 3 -4 5 6 7 8 9 -10 -11 -12 -13 -14 -15 16 17 -18 19 20 21 -22 -23 24 -25 26 -27 28 -29 -30 31 -32 33 34 35 36
0x2f623fd011e09d00 10326 1 2 3 -4 5 6 7 8 9 -10 -11 -12 -13 -14 -15 16 17 -18 19 20 21 -22 -23 24 -25 26 -27 28 -29 -30 31 -32 33 34 35 36
0x9a8d03d33e0be35e 10326 1 2 3 -4 5 6 7 8 9 -10 -11 -12 -13 -14 -15 16 17 -18 19 20 21 -22 -23 24 -25 26 -27 28 -29 -30 31 -32 33 34 35 36
0x85c1ae1e08fc554a 10326 1 2 3 -4 5 6 7 8 9 -10 -11 -12 -13 -14 -15 16 17 -18 19 20 21 -22 -23 24 -25 26 -27 28 -29 -30 31 -32 33 34 35 36
0xde49da952e577479 10326 1 2 3 -4 5 6 7 8 9 -10 -11 -12 -13 -14 -15 16 17 -18 19 20 21 -22 -23 24 -25 26 -27 28 -29 -30 31 -32 33 34 35 36
0x74f6d2d36a877041 10326 1 2 3 -4 5 6 7 8 9 -10 -11 -12 -13 -14 -15 16 17 -18 19 20 21 -22 -23 24 -25 26 -27 28 -29 -30 31 -32 33 34 35 36
0xd3fa85a2a079871e 10326 1 2 3 -4 5 6 7 8 9 -10 -11 -12 -13 -14 -15 16 17 -18 19 20 21 -22 -23 24 -25 26 -27 28 -29 -30 31 -32 33 34 35 36
0x2a00ce86939e7830 10326 1 2 3 -4 5 6 7 8 9 -10 -11 -12 -13 -14 -15 16 17 -18 19 20 21 -22 -23 24 -25 26 -27 28 -29 -30 31 -32 33 34 35 36
0x67770d335b8304ba 10326 1 2 3 -4 5 6 7 8 9 -10 -11 -12 -13 -14 -15 16 17 -18 19 20 21 -22 -23 24 -25 26 -27 28 -29 -30 31 -32 33 34 35 36
0xa2300d117c9681a2 10326 1 2 3 -4 5 6 7 8 9 -10 -11 -12 -13 -14 -15 16 17 -18 19 20 21 -22 -23 24 -25 26 -27 28 -29 -30 31 -32 33 34 35 36
0xc2d23cbceff578f6 10326 1 2 3 -4 5 6 7 8 9 -10 -11 -12 -13 -14 -15 16 17 -18 19 20 21 -22 -23 24 -25 26 -27 28 -29 -30 31 -32 33 34 35 36
0x66be35875a4e5b63 10326 1 2 3 -4 5 6 7 8 9 -10 -11 -12 -13 -14 -15 16 17 -18 19 20 21 -22 -23 24 -25 26 -27 28 -29 -30 31 -32 33 34 35 36
0xc05b92f6403641be 10326 1 2 3 -4 5 6 7 8 9 -10 -11 -12 -13 -14 -15 16 17 -18 19 20 21 -22 -23 24 -25 26 -27 28 -29 -30 31 -32 33 34 35 36
0x16fa1a422c83be7d 10326 1 2 3 -4 5 6 7 8 9 -10 -11 -12 -13 -14 -15 16 17 -18 19 20 21 -22 -23 24 -25 26 -27 28 -29 -30 31 -32 33 34 35 36
0xf5600c7e10c50042 10326 1 2 3 -4 5 6 7 8 9 -10 -11 -12 -13 -14 -15 16 17 -18 19 20 21 -22 -23 24 -25 26 -27 28 -29 -30 31 -32 33 34 35 36
0x3222cce7cbcdcaf1 10326 1 2 3 -4 5 6 7 8 9 -10 -11 -12 -13 -14 -15 16 17 -18 19 20 21 -22 -23 24 -25 26 -27 28 -29 -30 31 -32 33 34 35 36
0x3853fc481561ec60 10326 1 2 3 -4 5 6 7 8 9 -10 -11 -12 -13 -14 -15 16 17 -18 19 20 21 -22 -23 24 -25 26 -27 28 -29 -30 31 -32 33 34 35 36
0xb9c9a0a4c814afc9 10326 1 2 3 -4 5 6 7 8 9 -10 -11 -12 -13 -14 -15 16 17 -18 19 20 21 -22 -23 24 -25 26 -27 28 -29 -30 31 -32 33 34 35 36
0xedfb3cd7273d0961 10086 -1 2 -3 -4 5 6 7 8 9 -10 -11 -12 -13 14 -15 16 -17 -18 19 20 -21 -22 -23 24 25 -26 -27 28 29 30 -31 -32 33 34 35 36
0xb0cb7a8ba5e509c9 10086 -1 2 -3 -4 5 6 7 8 9 -10 -11 -12 -13 14 -15 16 -17 -18 19 20 -21 -22 -23 24 25 -26 -27 28 29 30 -31 -32 33 34 35 36
0xc8c9b3255ba55c99 10326 1 2 3 -4 5 6 7 8 9 -10 -11 -12 -13 -14 -15 16 17 -18 19 20 21 -22 -23 24 -25 26 -27 28 -29 -30 31 -32 33 34 35 36
0xd59c8219848031eb 10326 1 2 3 -4 5 6 7 8 9 -10 -11 -12 -13 -14 -15 16 17 -18 19 20 21 -22 -23 24 -25 26 -27 28 -29 -30 31 -32 33 34 35 36
0x51b15c6ec853fd75 9482 1 2 -3 -4 5 6 7 8 9 -10 -11 -12 -13 -14 -15 16 17 -18 19 20 21 -22 -23 24 -25 26 -27 28 -29 -30 31 -32 33 34 35 36
0xf71361e0e84c460e 10326 1 2 3 -4 5 6 7 8 9 -10 -11 -12 -13 -14 -15 16 17 -18 19 20 21 -22 -23 24 -25 26 -27 28 -29 -30 31 -32 33 34 35 36
0x3a15754faf3e61dc 10326 1 2 3 -4 5 6 7 8 9 -10 -11 -12 -13 -14 -15 16 17 -18 19 20 21 -22 -23 24 -25 26 -27 28 -29 -30 31 -32 33 34 35 36
0x1e0381f01464912a 10326 1 2 3 -4 5 6 7 8 9 -10 -11 -12 -13 -14 -15 16 17 -18 19 20 21 -22 -23 24 -25 26 -27 28 -29 -30 31 -32 33 34 35 36
0x6aed7badaa315791 10086 -1 2 -3 -4 5 6 7 8 9 -10 -11 -12 -13 14 -15 16 -17 -18 19 20 -21 -22 -23 24 25 -26 -27 28 29 30 -31 -32 33 34 35 36