0xb1f4d3e57a2b8861 6418 1 -2 3 4 -5 6 7 8 9 -10 -11 -12 -13 14 15 -16 17 -18 19 20 21 22 23 24 25 -26 27 -28 29 -30 31 32 33 34 35 36
0x232aeb08ee7b4e45 6418 1 -2 3 4 -5 6 7 8 9 -10 -11 -12 -13 14 15 -16 17 -18 19 20 21 22 23 24 25 -26 27 -28 29 -30 31 32 33 34 35 36
0xc50c171e86459a78 6418 1 -2 3 4 -5 6 7 8 9 -10 -11 -12 -13 14 15 -16 17 -18 19 20 21 22 23 24 25 -26 27 -28 29 -30 31 32 33 34 35 36
0x3850a809f53cc736 6418 1 -2 3 4 -5 6 7 8 9 -10 -11 -12 -13 14 15 -16 17 -18 19 20 21 22 23 24 25 -26 27 -28 29 -30 31 32 33 34 35 36
0x149d31dbc1c01a47 6418 1 -2 3 4 -5 6 7 8 9 -10 -11 -12 -13 14 15 -16 17 -18 19 20 21 22 23 24 25 -26 27 -28 29 -30 31 32 33 34 35 36
0xe816a05f60ec7626 6418 1 -2 3 4 -5 6 7 8 9 -10 -11 -12 -13 14 15 -16 17 -18 19 20 21 22 23 24 25 -26 27 -28 29 -30 31 32 33 34 35 36
0xc1c022adb44e63db 6418 1 -2 3 4 -5 6 7 8 9 -10 -11 -12 -13 14 15 -16 17 -18 19 20 21 22 23 24 25 -26 27 -28 29 -30 31 32 33 34 35 36
0xc664afad4e946d17 6418 1 -2 3 4 -5 6 7 8 9 -10 -11 -12 -13 14 15 -16 17 -18 19 20 21 22 23 24 25 -26 27 -28 29 -30 31 32 33 34 35 36
0x48ae1b8b0582bf3b 6418 1 -2 3 4 -5 6 7 8 9 -10 -11 -12 -13 14 15 -16 17 -18 19 20 21 22 23 24 25 -26 27 -28 29 -30 31 32 33 34 35 36
0x2549a87a454f290 6418 1 -2 3 4 -5 6 7 8 9 -10 -11 -12 -13 14 15 -16 17 -18 19 20 21 22 23 24 25 -26 27 -28 29 -30 31 32 33 34 35 36
0x208e2fe716a549fb 6418 1 -2 3 4 -5 6 7 8 9 -10 -11 -12 -13 14 15 -16 17 -18 19 20 21 22 23 24 25 -26 27 -28 29 -30 31 32 33 34 35 36
0xfcde6ffa768fda63 6418 1 -2 3 4 -5 6 7 8 9 -10 -11 -12 -13 14 15 -16 17 -18 19 20 21 22 23 24 25 -26 27 -28 29 -30 31 32 33 34 35 36
0xd1fb3a93f415ed73 6418 1 -2 3 4 -5 6 7 8 9 -10 -11 -12 -13 14 15 -16 17 -18 19 20 21 22 23 24 25 -26 27 -28 29 -30 31 32 33 34 35 36
0xeec7f95e33e9fb12 6418 1 -2 3 4 -5 6 7 8 9 -10 -11 -12 -13 14 15 -16 17 -18 19 20 21 22 23 24 25 -26 27 -28 29 -30 31 32 33 34 35 36
0x8036a5407b72b960 6418 1 -2 3 4 -5 6 7 8 9 -10 -11 -12 -13 14 15 -16 17 -18 19 20 21 22 23 24 25 -26 27 -28 29 -30 31 32 33 34 35 36
0x54f5cf251efa8426 6418 1 -2 3 4 -5 6 7 8 9 -10 -11 -12 -13 14 15 -16 17 -18 19 20 21 22 23 24 25 -26 27 -28 29 -30 31 32 33 34 35 36
0x8033833466d1c4ec 6418 1 -2 3 4 -5 6 7 8 9 -10 -11 -12 -13 14 15 -16 17 -18 19 20 21 22 23 24 25 -26 27 -28 29 -30 31 32 33 34 35 36
0x4372cb3b26c352c1 6418 1 -2 3 4 -5 6 7 8 9 -10 -11 -12 -13 14 15 -16 17 -18 19 20 21 22 23 24 25 -26 27 -28 29 -30 31 32 33 34 35 36
0xc42e1456ef9cc777 6418 1 -2 3 4 -5 6 7 8 9 -10 -11 -12 -13 14 15 -16 17 -18 19 20 21 22 23 24 25 -26 27 -28 29 -30 31 32 33 34 35 36
0xcdae27e4b06ed25 6418 1 -2 3 4 -5 6 7 8 9 -10 -11 -12 -13 14 15 -16 17 -18 19 20 21 22 23 24 25 -26 27 -28 29 -30 31 32 33 34 35 36
0x5970855c9174f8f2 6418 1 -2 3 4 -5 6 7 8 9 -10 -11 -12 -13 14 15 -16 17 -18 19 20 21 22 23 24 25 -26 27 -28 29 -30 31 32 33 34 35 36
0xe8d9966c48580b41 6418 1 -2 3 4 -5 6 7 8 9 -10 -11 -12 -13 14 15 -16 17 -18 19 20 21 22 23 24 25 -26 27 -28 29 -30 31 32 33 34 35 36
0x411e7d2f6175a826 6418 1 -2 3 4 -5 6 7 8 9 -10 -11 -12 -13 14 15 -16 17 -18 19 20 21 22 23 24 25 -26 27 -28 29 -30 31 32 33 34 35 36
0xdd11c58fa0294463 6418 1 -2 3 4 -5 6 7 8 9 -10 -11 -12 -13 14 15 -16 17 -18 19 20 21 22 23 24 25 -26 27 -28 29 -30 31 32 33 34 35 36
0xad1b7c810d5067a8 6418 1 -2 3 4 -5 6 7 8 9 -10 -11 -12 -13 14 15 -16 17 -18 19 20 21 22 23 24 25 -26 27 -28 29 -30 31 32 33 34 35 36
0xb5bbb02504133b8 5703 1 -2 3 4 -5 6 7 8 9 -10 -11 -12 -13 -14 15 -16 17 -18 19 20 21 22 23 24 25 -26 27 -28 29 -30 31 32 33 34 35 36
0xa0e55b84b66c60be 6418 1 -2 3 4 -5 6 7 8 9 -10 -11 -12 -13 14 15 -16 17 -18 19 20 21 22 23 24 25 -26 27 -28 29 -30 31 32 33 34 35 36
0x700819713739a6c6 6418 1 -2 3 4 -5 6 7 8 9 -10 -11 -12 -13 14 15 -16 17 -18 19 20 21 22 23 24 25 -26 27 -28 29 -30 31 32 33 34 35 36
0x29b200a122b13742 6418 1 -2 3 4 -5 6 7 8 9 -10 -11 -12 -13 14 15 -16 17 -18 19 20 21 22 23 24 25 -26 27 -28 29 -30 31 32 33 34 35 36
0xa762ce3d7684688 6418 1 -2 3 4 -5 6 7 8 9 -10 -11 -12 -13 14 15 -16 17 -18 19 20 21 22 23 24 25 -26 27 -28 29 -30 31 32 33 34 35 36