0x8bc82539f4763b82 7299 1 -2 -3 4 5 6 -7 -8 -9 10 11 -12 -13 -14 15 -16 17 -18 -19 20 -21 22 23 -24 25 26 -27 28 -29 30 -31 32 -33 34 35 -36
0xb254f6a1adc97344 7299 1 -2 -3 4 5 6 -7 -8 -9 10 11 -12 -13 -14 15 -16 17 -18 -19 20 -21 22 23 -24 25 26 -27 28 -29 30 -31 32 -33 34 35 -36
0x9500ca8cabaa7dcf 7299 1 -2 -3 4 5 6 -7 -8 -9 10 11 -12 -13 -14 15 -16 17 -18 -19 20 -21 22 23 -24 25 26 -27 28 -29 30 -31 32 -33 34 35 -36
0xf38dca9eafd4c0d7 7299 1 -2 -3 4 5 6 -7 -8 -9 10 11 -12 -13 -14 15 -16 17 -18 -19 20 -21 22 23 -24 25 26 -27 28 -29 30 -31 32 -33 34 35 -36
0xc80f82e615bd4dd4 7299 1 -2 -3 4 5 6 -7 -8 -9 10 11 -12 -13 -14 15 -16 17 -18 -19 20 -21 22 23 -24 25 26 -27 28 -29 30 -31 32 -33 34 35 -36
0x782fdcbda7bed613 7299 1 -2 -3 4 5 6 -7 -8 -9 10 11 -12 -13 -14 15 -16 17 -18 -19 20 -21 22 23 -24 25 26 -27 28 -29 30 -31 32 -33 34 35 -36
0xeedb64472fcf6db2 7299 1 -2 -3 4 5 6 -7 -8 -9 10 11 -12 -13 -14 15 -16 17 -18 -19 20 -21 22 23 -24 25 26 -27 28 -29 30 -31 32 -33 34 35 -36
0x7029184f5c3cfc26 7299 1 -2 -3 4 5 6 -7 -8 -9 10 11 -12 -13 -14 15 -16 17 -18 -19 20 -21 22 23 -24 25 26 -27 28 -29 30 -31 32 -33 34 35 -36
0x550e7c6038df1bbd 7299 1 -2 -3 4 5 6 -7 -8 -9 10 11 -12 -13 -14 15 -16 17 -18 -19 20 -21 22 23 -24 25 26 -27 28 -29 30 -31 32 -33 34 35 -36
0xaa6e365f23d30c8f 7299 1 -2 -3 4 5 6 -7 -8 -9 10 11 -12 -13 -14 15 -16 17 -18 -19 20 -21 22 23 -24 25 26 -27 28 -29 30 -31 32 -33 34 35 -36
0x3ae71837743023a 7299 1 -2 -3 4 5 6 -7 -8 -9 10 11 -12 -13 -14 15 -16 17 -18 -19 20 -21 22 23 -24 25 26 -27 28 -29 30 -31 32 -33 34 35 -36
0xa73de77662ea0fbe 7299 1 -2 -3 4 5 6 -7 -8 -9 10 11 -12 -13 -14 15 -16 17 -18 -19 20 -21 22 23 -24 25 26 -27 28 -29 30 -31 32 -33 34 35 -36
0x785fdfd8497cf101 7299 1 -2 -3 4 5 6 -7 -8 -9 10 11 -12 -13 -14 15 -16 17 -18 -19 20 -21 22 23 -24 25 26 -27 28 -29 30 -31 32 -33 34 35 -36
0xd9a37fbaa8e3e44c 7299 1 -2 -3 4 5 6 -7 -8 -9 10 11 -12 -13 -14 15 -16 17 -18 -19 20 -21 22 23 -24 25 26 -27 28 -29 30 -31 32 -33 34 35 -36
0x901469248f3b93cd 7299 1 -2 -3 4 5 6 -7 -8 -9 10 11 -12 -13 -14 15 -16 17 -18 -19 20 -21 22 23 -24 25 26 -27 28 -29 30 -31 32 -33 34 35 -36
0xf272aa92c0d30f16 7299 1 -2 -3 4 5 6 -7 -8 -9 10 11 -12 -13 -14 15 -16 17 -18 -19 20 -21 22 23 -24 25 26 -27 28 -29 30 -31 32 -33 34 35 -36
0x6afffe72ed9cd49b 7299 1 -2 -3 4 5 6 -7 -8 -9 10 11 -12 -13 -14 15 -16 17 -18 -19 20 -21 22 23 -24 25 26 -27 28 -29 30 -31 32 -33 34 35 -36
0xde445ed3a44e09b9 7299 1 -2 -3 4 5 6 -7 -8 -9 10 11 -12 -13 -14 15 -16 17 -18 -19 20 -21 22 23 -24 25 26 -27 28 -29 30 -31 32 -33 34 35 -36
0xad29b02cea08fe79 7299 1 -2 -3 4 5 6 -7 -8 -9 10 11 -12 -13 -14 15 -16 17 -18 -19 20 -21 22 23 -24 25 26 -27 28 -29 30 -31 32 -33 34 35 -36
0x379e193487e128da 7299 1 -2 -3 4 5 6 -7 -8 -9 10 11 -12 -13 -14 15 -16 17 -18 -19 20 -21 22 23 -24 25 26 -27 28 -29 30 -31 32 -33 34 35 -36
0xf0182987969854b 7299 1 -2 -3 4 5 6 -7 -8 -9 10 11 -12 -13 -14 15 -16 17 -18 -19 20 -21 22 23 -24 25 26 -27 28 -29 30 -31 32 -33 34 35 -36
0xf3c0ac56a59236fe 7299 1 -2 -3 4 5 6 -7 -8 -9 10 11 -12 -13 -14 15 -16 17 -18 -19 20 -21 22 23 -24 25 26 -27 28 -29 30 -31 32 -33 34 35 -36
0xb3f86145c46a756a 6584 1 -2 -3 4 5 6 -7 -8 -9 10 11 -12 -13 -14 15 -16 17 -18 -19 20 -21 22 23 -24 25 26 -27 28 -29 -30 -31 32 -33 34 35 -36
0x823f93483093342f 7299 1 -2 -3 4 5 6 -7 -8 -9 10 11 -12 -13 -14 15 -16 17 -18 -19 20 -21 22 23 -24 25 26 -27 28 -29 30 -31 32 -33 34 35 -36
0xf9ea485ce776e4ee 6584 1 -2 -3 4 5 6 -7 -8 -9 10 11 -12 -13 -14 15 -16 17 -18 -19 20 -21 22 23 -24 -25 26 -27 28 -29 30 -31 32 -33 34 35 -36
0x7c6aab2c78d808c3 7299 1 -2 -3 4 5 6 -7 -8 -9 10 11 -12 -13 -14 15 -16 17 -18 -19 20 -21 22 23 -24 25 26 -27 28 -29 30 -31 32 -33 34 35 -36
0x16f59a7cf7d07473 7299 1 -2 -3 4 5 6 -7 -8 -9 10 11 -12 -13 -14 15 -16 17 -18 -19 20 -21 22 23 -24 25 26 -27 28 -29 30 -31 32 -33 34 35 -36
0xe1c53c4ca2a205eb 7299 1 -2 -3 4 5 6 -7 -8 -9 10 11 -12 -13 -14 15 -16 17 -18 -19 20 -21 22 23 -24 25 26 -27 28 -29 30 -31 32 -33 34 35 -36
0x15e1054dc99ed5ba 7299 1 -2 -3 4 5 6 -7 -8 -9 10 11 -12 -13 -14 15 -16 17 -18 -19 20 -21 22 23 -24 25 26 -27 28 -29 30 -31 32 -33 34 35 -36
0xf35c106284517894 7299 1 -2 -3 4 5 6 -7 -8 -9 10 11 -12 -13 -14 15 -16 17 -18 -19 20 -21 22 23 -24 25 26 -27 28 -29 30 -31 32 -33 34 35 -36