0x150e529fecc52750 21 -1 2 3 4 5 6 -7 8 -9 10 -11 12 13 14 15 -16 -17 -18 -19 20 -21 22 23 -24 25 26 -27 -28 -29 30 -31 -32 33 34 35 36
0xfeebb91687db95e5 21 -1 2 3 4 5 6 -7 8 -9 10 -11 12 13 14 15 -16 -17 -18 -19 20 -21 22 23 -24 25 26 -27 -28 -29 30 -31 -32 33 34 35 36
0x773e401dcf69f25d 21 -1 2 3 4 5 6 -7 8 -9 10 -11 12 13 14 15 -16 -17 -18 -19 20 -21 22 23 -24 25 26 -27 -28 -29 30 -31 -32 33 34 35 36
0x6400274eb5b5f70b 7371 -1 2 -3 4 -5 6 -7 8 -9 10 -11 -12 -13 -14 -15 -16 -17 18 19 20 21 -22 -23 24 25 26 27 28 29 30 31 -32 33 -34 35 -36
0x5f7749e213672532 21 -1 2 3 4 5 6 -7 8 -9 10 -11 12 13 14 15 -16 -17 -18 -19 20 -21 22 23 -24 25 26 -27 -28 -29 30 -31 -32 33 34 35 36
0xe97e17c6d282e175 5530 -1 2 -3 -4 -5 -6 -7 8 -9 -10 11 12 -13 -14 -15 -16 -17 18 19 20 -21 22 23 24 -25 26 27 -28 -29 -30 31 -32 33 -34 35 36
0xed71bde93f05a010 21 -1 2 3 4 5 6 -7 8 -9 10 -11 12 13 14 15 -16 -17 -18 -19 20 -21 22 23 -24 25 26 -27 -28 -29 30 -31 -32 33 34 35 36
0x38028d09de07537f 21 -1 2 3 4 5 6 -7 8 -9 10 -11 12 13 14 15 -16 -17 -18 -19 20 -21 22 23 -24 25 26 -27 -28 -29 30 -31 -32 33 34 35 36
0x771b18c27d0b4fb6 6450 1 2 -3 -4 5 -6 7 8 9 -10 -11 12 13 -14 -15 -16 17 -18 -19 -20 -21 22 23 -24 -25 -26 27 28 29 30 -31 -32 33 -34 35 -36
0x614967e99460f5b 21 -1 2 3 4 5 6 -7 8 -9 10 -11 12 13 14 15 -16 -17 -18 -19 20 -21 22 23 -24 25 26 -27 -28 -29 30 -31 -32 33 34 35 36
0x953dd624b55f51b5 21 -1 2 3 4 5 6 -7 8 -9 10 -11 12 13 14 15 -16 -17 -18 -19 20 -21 22 23 -24 25 26 -27 -28 -29 30 -31 -32 33 34 35 36
0xe6f52bebcaeda5cd 21 -1 2 3 4 5 6 -7 8 -9 10 -11 12 13 14 15 -16 -17 -18 -19 20 -21 22 23 -24 25 26 -27 -28 -29 30 -31 -32 33 34 35 36
0xa68183dec668b7f1 21 -1 2 3 4 5 6 -7 8 -9 10 -11 12 13 14 15 -16 -17 -18 -19 20 -21 22 23 -24 25 26 -27 -28 -29 30 -31 -32 33 34 35 36
0xaab2455f45a22f35 21 -1 2 3 4 5 6 -7 8 -9 10 -11 12 13 14 15 -16 -17 -18 -19 20 -21 22 23 -24 25 26 -27 -28 -29 30 -31 -32 33 34 35 36
0x7e24069ed04b1aef 2776 -1 -2 3 4 -5 6 -7 -8 -9 10 -11 12 13 14 15 -16 -17 -18 19 -20 21 22 -23 -24 25 26 -27 -28 -29 30 31 -32 33 34 35 36
0x484810270a4bf038 21 -1 2 3 4 5 6 -7 8 -9 10 -11 12 13 14 15 -16 -17 -18 -19 20 -21 22 23 -24 25 26 -27 -28 -29 30 -31 -32 33 34 35 36
0x2b8cb053fff51770 21 -1 2 3 4 5 6 -7 8 -9 10 -11 12 13 14 15 -16 -17 -18 -19 20 -21 22 23 -24 25 26 -27 -28 -29 30 -31 -32 33 34 35 36
0x85b05aa7a6c8eb35 6451 -1 -2 3 -4 5 6 7 8 9 -10 11 12 -13 14 15 -16 -17 -18 19 -20 -21 -22 -23 24 -25 -26 27 28 -29 30 -31 -32 33 -34 35 36
0x6fcbd0082f7e0ba3 21 -1 2 3 4 5 6 -7 8 -9 10 -11 12 13 14 15 -16 -17 -18 -19 20 -21 22 23 -24 25 26 -27 -28 -29 30 -31 -32 33 34 35 36
0xf14fb9dec5e7da06 21 -1 2 3 4 5 6 -7 8 -9 10 -11 12 13 14 15 -16 -17 -18 -19 20 -21 22 23 -24 25 26 -27 -28 -29 30 -31 -32 33 34 35 36
0x839d3d6a9c102f62 21 -1 2 3 4 5 6 -7 8 -9 10 -11 12 13 14 15 -16 -17 -18 -19 20 -21 22 23 -24 25 26 -27 -28 -29 30 -31 -32 33 34 35 36
0x3c4319606a397322 2769 -1 2 3 -4 5 -6 -7 -8 -9 -10 -11 -12 13 14 -15 -16 17 -18 -19 -20 -21 -22 -23 -24 25 -26 27 -28 29 30 -31 -32 -33 34 -35 36
0xcdf0c5634eb00493 21 -1 2 3 4 5 6 -7 8 -9 10 -11 12 13 14 15 -16 -17 -18 -19 20 -21 22 23 -24 25 26 -27 -28 -29 30 -31 -32 33 34 35 36
0xe4e0e1909148b466 21 -1 2 3 4 5 6 -7 8 -9 10 -11 12 13 14 15 -16 -17 -18 -19 20 -21 22 23 -24 25 26 -27 -28 -29 30 -31 -32 33 34 35 36
0x9f48f5f7db024e30 21 -1 2 3 4 5 6 -7 8 -9 10 -11 12 13 14 15 -16 -17 -18 -19 20 -21 22 23 -24 25 26 -27 -28 -29 30 -31 -32 33 34 35 36
0xd7054b5f801b131d 21 -1 2 3 4 5 6 -7 8 -9 10 -11 12 13 14 15 -16 -17 -18 -19 20 -21 22 23 -24 25 26 -27 -28 -29 30 -31 -32 33 34 35 36
0x1fb57c62e5723cda 21 -1 2 3 4 5 6 -7 8 -9 10 -11 12 13 14 15 -16 -17 -18 -19 20 -21 22 23 -24 25 26 -27 -28 -29 30 -31 -32 33 34 35 36
0xe483bba55f1e111d 21 -1 2 3 4 5 6 -7 8 -9 10 -11 12 13 14 15 -16 -17 -18 -19 20 -21 22 23 -24 25 26 -27 -28 -29 30 -31 -32 33 34 35 36
0xf3e1ce7119043c72 21 -1 2 3 4 5 6 -7 8 -9 10 -11 12 13 14 15 -16 -17 -18 -19 20 -21 22 23 -24 25 26 -27 -28 -29 30 -31 -32 33 34 35 36
0x5806ad67078ebe2d 6451 1 2 -3 4 5 -6 7 8 -9 10 -11 12 -13 -14 -15 16 -17 -18 -19 -20 21 22 23 24 25 26 27 -28 -29 -30 31 -32 -33 -34 -35 36