0xf33adc5111d4be89 8404 1 2 -3 4 5 6 7 8 -9 -10 11 12 -13 14 -15 -16 17 -18 19 20 -21 -22 -23 -24 -25 26 27 -28 -29 30 -31 32 -33 34 -35 -36
0x190f9c584993716c 8404 1 2 -3 4 5 6 7 8 -9 -10 11 12 -13 14 -15 -16 17 -18 19 20 -21 -22 -23 -24 -25 26 27 -28 -29 30 -31 32 -33 34 -35 -36
0xa564725e7413806c 8404 1 2 -3 4 5 6 7 8 -9 -10 11 12 -13 14 -15 -16 17 -18 19 20 -21 -22 -23 -24 -25 26 27 -28 -29 30 -31 32 -33 34 -35 -36
0x4f0e5ce96ada9dfe 8404 1 2 -3 4 5 6 7 8 -9 -10 11 12 -13 14 -15 -16 17 -18 19 20 -21 -22 -23 -24 -25 26 27 -28 -29 30 -31 32 -33 34 -35 -36
0xe55756e2db1d3a53 8404 1 2 -3 4 5 6 7 8 -9 -10 11 12 -13 14 -15 -16 17 -18 19 20 -21 -22 -23 -24 -25 26 27 -28 -29 30 -31 32 -33 34 -35 -36
0x1ac8bc3b9c3d04bb 8404 1 2 -3 4 5 6 7 8 -9 -10 11 12 -13 14 -15 -16 17 -18 19 20 -21 -22 -23 -24 -25 26 27 -28 -29 30 -31 32 -33 34 -35 -36
0xf9f922d32985b92f 8404 1 2 -3 4 5 6 7 8 -9 -10 11 12 -13 14 -15 -16 17 -18 19 20 -21 -22 -23 -24 -25 26 27 -28 -29 30 -31 32 -33 34 -35 -36
0xc518c2d0790138ae 8404 1 2 -3 4 5 6 7 8 -9 -10 11 12 -13 14 -15 -16 17 -18 19 20 -21 -22 -23 -24 -25 26 27 -28 -29 30 -31 32 -33 34 -35 -36
0xe5d46c2331a98e1c 8404 1 2 -3 4 5 6 7 8 -9 -10 11 12 -13 14 -15 -16 17 -18 19 20 -21 -22 -23 -24 -25 26 27 -28 -29 30 -31 32 -33 34 -35 -36
0x43700560a8f1c32c 8404 1 2 -3 4 5 6 7 8 -9 -10 11 12 -13 14 -15 -16 17 -18 19 20 -21 -22 -23 -24 -25 26 27 -28 -29 30 -31 32 -33 34 -35 -36
0xffcfa2303f91e460 8404 1 2 -3 4 5 6 7 8 -9 -10 11 12 -13 14 -15 -16 17 -18 19 20 -21 -22 -23 -24 -25 26 27 -28 -29 30 -31 32 -33 34 -35 -36
0x1d9db074823e47e 8404 1 2 -3 4 5 6 7 8 -9 -10 11 12 -13 14 -15 -16 17 -18 19 20 -21 -22 -23 -24 -25 26 27 -28 -29 30 -31 32 -33 34 -35 -36
0x85ea346aa1d35671 8404 1 2 -3 4 5 6 7 8 -9 -10 11 12 -13 14 -15 -16 17 -18 19 20 -21 -22 -23 -24 -25 26 27 -28 -29 30 -31 32 -33 34 -35 -36
0xabab7b8e41c672d1 8404 1 2 -3 4 5 6 7 8 -9 -10 11 12 -13 14 -15 -16 17 -18 19 20 -21 -22 -23 -24 -25 26 27 -28 -29 30 -31 32 -33 34 -35 -36
0x65797bee4086a6e1 8404 1 2 -3 4 5 6 7 8 -9 -10 11 12 -13 14 -15 -16 17 -18 19 20 -21 -22 -23 -24 -25 26 27 -28 -29 30 -31 32 -33 34 -35 -36
0x796ed18cda8f6c28 8404 1 2 -3 4 5 6 7 8 -9 -10 11 12 -13 14 -15 -16 17 -18 19 20 -21 -22 -23 -24 -25 26 27 -28 -29 30 -31 32 -33 34 -35 -36
0x89358df991618b18 8404 1 2 -3 4 5 6 7 8 -9 -10 11 12 -13 14 -15 -16 17 -18 19 20 -21 -22 -23 -24 -25 26 27 -28 -29 30 -31 32 -33 34 -35 -36
0x6ef03b1326e02476 8404 1 2 -3 4 5 6 7 8 -9 -10 11 12 -13 14 -15 -16 17 -18 19 20 -21 -22 -23 -24 -25 26 27 -28 -29 30 -31 32 -33 34 -35 -36
0x56f5cf838ee26603 8404 1 2 -3 4 5 6 7 8 -9 -10 11 12 -13 14 -15 -16 17 -18 19 20 -21 -22 -23 -24 -25 26 27 -28 -29 30 -31 32 -33 34 -35 -36
0xf55a9c401bbef30 8404 1 2 -3 4 5 6 7 8 -9 -10 11 12 -13 14 -15 -16 17 -18 19 20 -21 -22 -23 -24 -25 26 27 -28 -29 30 -31 32 -33 34 -35 -36
0xcd5053f7fb50bba4 8404 1 2 -3 4 5 6 7 8 -9 -10 11 12 -13 14 -15 -16 17 -18 19 20 -21 -22 -23 -24 -25 26 27 -28 -29 30 -31 32 -33 34 -35 -36
0xaee74df4b32e614 8404 1 2 -3 4 5 6 7 8 -9 -10 11 12 -13 14 -15 -16 17 -18 19 20 -21 -22 -23 -24 -25 26 27 -28 -29 30 -31 32 -33 34 -35 -36
0x81ae0d0473764733 8404 1 2 -3 4 5 6 7 8 -9 -10 11 12 -13 14 -15 -16 17 -18 19 20 -21 -22 -23 -24 -25 26 27 -28 -29 30 -31 32 -33 34 -35 -36
0x9b88e8b3e61a5225 8404 1 2 -3 4 5 6 7 8 -9 -10 11 12 -13 14 -15 -16 17 -18 19 20 -21 -22 -23 -24 -25 26 27 -28 -29 30 -31 32 -33 34 -35 -36
0x68b2b926b741eb66 8404 1 2 -3 4 5 6 7 8 -9 -10 11 12 -13 14 -15 -16 17 -18 19 20 -21 -22 -23 -24 -25 26 27 -28 -29 30 -31 32 -33 34 -35 -36
0x85c7072bf4e07d24 8404 1 2 -3 4 5 6 7 8 -9 -10 11 12 -13 14 -15 -16 17 -18 19 20 -21 -22 -23 -24 -25 26 27 -28 -29 30 -31 32 -33 34 -35 -36
0x731dadc9b5e329b4 8404 1 2 -3 4 5 6 7 8 -9 -10 11 12 -13 14 -15 -16 17 -18 19 20 -21 -22 -23 -24 -25 26 27 -28 -29 30 -31 32 -33 34 -35 -36
0xfa7a01b92d419d0d 8404 1 2 -3 4 5 6 7 8 -9 -10 11 12 -13 14 -15 -16 17 -18 19 20 -21 -22 -23 -24 -25 26 27 -28 -29 30 -31 32 -33 34 -35 -36
0xcffc48e54c2aee4a 8404 1 2 -3 4 5 6 7 8 -9 -10 11 12 -13 14 -15 -16 17 -18 19 20 -21 -22 -23 -24 -25 26 27 -28 -29 30 -31 32 -33 34 -35 -36
0x166dcf0e2b014169 8404 1 2 -3 4 5 6 7 8 -9 -10 11 12 -13 14 -15 -16 17 -18 19 20 -21 -22 -23 -24 -25 26 27 -28 -29 30 -31 32 -33 34 -35 -36