0x23a0e80c6ad6096 2230 1 2 3 -4 -5 -6 7 -8 9 10 11 12 13 -14 -15 -16 17 -18 -19 20 21 -22 23 24 -25 -26 -27 28 -29 -30 -31 -32 33 -34 35 36
0xe900c7a70d8c3c66 2230 1 2 3 -4 -5 -6 7 -8 9 10 11 12 13 -14 -15 -16 17 -18 -19 20 21 -22 23 24 -25 -26 -27 28 -29 -30 -31 -32 33 -34 35 36
0xf2700a10d322c0e5 2230 1 2 3 -4 -5 -6 7 -8 9 10 11 12 13 -14 -15 -16 17 -18 -19 20 21 -22 23 24 -25 -26 -27 28 -29 -30 -31 -32 33 -34 35 36
0x663ce3f6d1b5e94 2230 1 2 3 -4 -5 -6 7 -8 9 10 11 12 13 -14 -15 -16 17 -18 -19 20 21 -22 23 24 -25 -26 -27 28 -29 -30 -31 -32 33 -34 35 36
0xd2262d53605cff8 2230 1 2 3 -4 -5 -6 7 -8 9 10 11 12 13 -14 -15 -16 17 -18 -19 20 21 -22 23 24 -25 -26 -27 28 -29 -30 -31 -32 33 -34 35 36
0x2b1f1549682ab600 2230 1 2 3 -4 -5 -6 7 -8 9 10 11 12 13 -14 -15 -16 17 -18 -19 20 21 -22 23 24 -25 -26 -27 28 -29 -30 -31 -32 33 -34 35 36
0xd14fcfcf861f24bf 2230 1 2 3 -4 -5 -6 7 -8 9 10 11 12 13 -14 -15 -16 17 -18 -19 20 21 -22 23 24 -25 -26 -27 28 -29 -30 -31 -32 33 -34 35 36
0x8f7b69729679f64f 2230 1 2 3 -4 -5 -6 7 -8 9 10 11 12 13 -14 -15 -16 17 -18 -19 20 21 -22 23 24 -25 -26 -27 28 -29 -30 -31 -32 33 -34 35 36
0xeac0321260ea946d 2230 1 2 3 -4 -5 -6 7 -8 9 10 11 12 13 -14 -15 -16 17 -18 -19 20 21 -22 23 24 -25 -26 -27 28 -29 -30 -31 -32 33 -34 35 36
0xc43db550994ff82 2230 1 2 3 -4 -5 -6 7 -8 9 10 11 12 13 -14 -15 -16 17 -18 -19 20 21 -22 23 24 -25 -26 -27 28 -29 -30 -31 -32 33 -34 35 36
0xf2b4c5cd7cdebfd7 2230 1 2 3 -4 -5 -6 7 -8 9 10 11 12 13 -14 -15 -16 17 -18 -19 20 21 -22 23 24 -25 -26 -27 28 -29 -30 -31 -32 33 -34 35 36
0x6e7c619eac860338 2230 1 2 3 -4 -5 -6 7 -8 9 10 11 12 13 -14 -15 -16 17 -18 -19 20 21 -22 23 24 -25 -26 -27 28 -29 -30 -31 -32 33 -34 35 36
0x9bd8f768315158d7 2230 1 2 3 -4 -5 -6 7 -8 9 10 11 12 13 -14 -15 -16 17 -18 -19 20 21 -22 23 24 -25 -26 -27 28 -29 -30 -31 -32 33 -34 35 36
0x2c1f67b6181b3aca 2230 1 2 3 -4 -5 -6 7 -8 9 10 11 12 13 -14 -15 -16 17 -18 -19 20 21 -22 23 24 -25 -26 -27 28 -29 -30 -31 -32 33 -34 35 36
0x6f903a8ac776a78a 2230 1 2 3 -4 -5 -6 7 -8 9 10 11 12 13 -14 -15 -16 17 -18 -19 20 21 -22 23 24 -25 -26 -27 28 -29 -30 -31 -32 33 -34 35 36
0x46cdfedf32e2cb74 2230 1 2 3 -4 -5 -6 7 -8 9 10 11 12 13 -14 -15 -16 17 -18 -19 20 21 -22 23 24 -25 -26 -27 28 -29 -30 -31 -32 33 -34 35 36
0x642fa1cd2c3ba4a 2230 1 2 3 -4 -5 -6 7 -8 9 10 11 12 13 -14 -15 -16 17 -18 -19 20 21 -22 23 24 -25 -26 -27 28 -29 -30 -31 -32 33 -34 35 36
0xb10427a3329638b1 2230 1 2 3 -4 -5 -6 7 -8 9 10 11 12 13 -14 -15 -16 17 -18 -19 20 21 -22 23 24 -25 -26 -27 28 -29 -30 -31 -32 33 -34 35 36
0xc3ff8844591495b2 2230 1 2 3 -4 -5 -6 7 -8 9 10 11 12 13 -14 -15 -16 17 -18 -19 20 21 -22 23 24 -25 -26 -27 28 -29 -30 -31 -32 33 -34 35 36
0x1583c1c7d842943b 2230 1 2 3 -4 -5 -6 7 -8 9 10 11 12 13 -14 -15 -16 17 -18 -19 20 21 -22 23 24 -25 -26 -27 28 -29 -30 -31 -32 33 -34 35 36
0x30a9eeaa7dbb5330 2230 1 2 3 -4 -5 -6 7 -8 9 10 11 12 13 -14 -15 -16 17 -18 -19 20 21 -22 23 24 -25 -26 -27 28 -29 -30 -31 -32 33 -34 35 36
0x4f6817f80b915704 2230 1 2 3 -4 -5 -6 7 -8 9 10 11 12 13 -14 -15 -16 17 -18 -19 20 21 -22 23 24 -25 -26 -27 28 -29 -30 -31 -32 33 -34 35 36
0x16497522b3f54298 2230 1 2 3 -4 -5 -6 7 -8 9 10 11 12 13 -14 -15 -16 17 -18 -19 20 21 -22 23 24 -25 -26 -27 28 -29 -30 -31 -32 33 -34 35 36
0xbfa0d94794c12579 2230 1 2 3 -4 -5 -6 7 -8 9 10 11 12 13 -14 -15 -16 17 -18 -19 20 21 -22 23 24 -25 -26 -27 28 -29 -30 -31 -32 33 -34 35 36
0xdb3925b48eb509e8 2230 1 2 3 -4 -5 -6 7 -8 9 10 11 12 13 -14 -15 -16 17 -18 -19 20 21 -22 23 24 -25 -26 -27 28 -29 -30 -31 -32 33 -34 35 36
0x8a00c3d7b3970aee 2230 1 2 3 -4 -5 -6 7 -8 9 10 11 12 13 -14 -15 -16 17 -18 -19 20 21 -22 23 24 -25 -26 -27 28 -29 -30 -31 -32 33 -34 35 36
0xf1214f3293cf8e16 2230 1 2 3 -4 -5 -6 7 -8 9 10 11 12 13 -14 -15 -16 17 -18 -19 20 21 -22 23 24 -25 -26 -27 28 -29 -30 -31 -32 33 -34 35 36
0xd92d90db2ef258f1 2230 1 2 3 -4 -5 -6 7 -8 9 10 11 12 13 -14 -15 -16 17 -18 -19 20 21 -22 23 24 -25 -26 -27 28 -29 -30 -31 -32 33 -34 35 36
0xfe154af9a1613693 2230 1 2 3 -4 -5 -6 7 -8 9 10 11 12 13 -14 -15 -16 17 -18 -19 20 21 -22 23 24 -25 -26 -27 28 -29 -30 -31 -32 33 -34 35 36
0x205cd44ec8ae2d16 2230 1 2 3 -4 -5 -6 7 -8 9 10 11 12 13 -14 -15 -16 17 -18 -19 20 21 -22 23 24 -25 -26 -27 28 -29 -30 -31 -32 33 -34 35 36