0x67b8e85f4f02e81b 16 1 2 -3 4 -5 6 7 8 -9 10 -11 -12 -13 14 -15 -16 -17 -18 -19 -20 21 22 23 24 -25 -26 27 -28 -29 -30 -31 32 -33 -34 35 36
0x385391d212fdfa12 16 1 2 -3 4 -5 6 7 8 -9 10 -11 -12 -13 14 -15 -16 -17 -18 -19 -20 21 22 23 24 -25 -26 27 -28 -29 -30 -31 32 -33 -34 35 36
0xa7d3739c4aa97845 16 1 2 -3 4 -5 6 7 8 -9 10 -11 -12 -13 14 -15 -16 -17 -18 -19 -20 21 22 23 24 -25 -26 27 -28 -29 -30 -31 32 -33 -34 35 36
0x98a535d8af17d819 16 1 2 -3 4 -5 6 7 8 -9 10 -11 -12 -13 14 -15 -16 -17 -18 -19 -20 21 22 23 24 -25 -26 27 -28 -29 -30 -31 32 -33 -34 35 36
0x7df9e28018a29c64 16 1 2 -3 4 -5 6 7 8 -9 10 -11 -12 -13 14 -15 -16 -17 -18 -19 -20 21 22 23 24 -25 -26 27 -28 -29 -30 -31 32 -33 -34 35 36
0xa5a2b00ea6c3c325 16 1 2 -3 4 -5 6 7 8 -9 10 -11 -12 -13 14 -15 -16 -17 -18 -19 -20 21 22 23 24 -25 -26 27 -28 -29 -30 -31 32 -33 -34 35 36
0x71892a55656b171d 16 1 2 -3 4 -5 6 7 8 -9 10 -11 -12 -13 14 -15 -16 -17 -18 -19 -20 21 22 23 24 -25 -26 27 -28 -29 -30 -31 32 -33 -34 35 36
0xb2cfa5f4bb945d53 16 1 2 -3 4 -5 6 7 8 -9 10 -11 -12 -13 14 -15 -16 -17 -18 -19 -20 21 22 23 24 -25 -26 27 -28 -29 -30 -31 32 -33 -34 35 36
0xc9dc83e968b81292 16 1 2 -3 4 -5 6 7 8 -9 10 -11 -12 -13 14 -15 -16 -17 -18 -19 -20 21 22 23 24 -25 -26 27 -28 -29 -30 -31 32 -33 -34 35 36
0xde34e233a32d2828 16 1 2 -3 4 -5 6 7 8 -9 10 -11 -12 -13 14 -15 -16 -17 -18 -19 -20 21 22 23 24 -25 -26 27 -28 -29 -30 -31 32 -33 -34 35 36
0x697a57d7bac20717 16 1 2 -3 4 -5 6 7 8 -9 10 -11 -12 -13 14 -15 -16 -17 -18 -19 -20 21 22 23 24 -25 -26 27 -28 -29 -30 -31 32 -33 -34 35 36
0x6c39df9d94815fcb 16 1 2 -3 4 -5 6 7 8 -9 10 -11 -12 -13 14 -15 -16 -17 -18 -19 -20 21 22 23 24 -25 -26 27 -28 -29 -30 -31 32 -33 -34 35 36
0x42b686d304096d41 16 1 2 -3 4 -5 6 7 8 -9 10 -11 -12 -13 14 -15 -16 -17 -18 -19 -20 21 22 23 24 -25 -26 27 -28 -29 -30 -31 32 -33 -34 35 36
0xc2bb37773a0b1b17 16 1 2 -3 4 -5 6 7 8 -9 10 -11 -12 -13 14 -15 -16 -17 -18 -19 -20 21 22 23 24 -25 -26 27 -28 -29 -30 -31 32 -33 -34 35 36
0x818c4fc044448711 16 1 2 -3 4 -5 6 7 8 -9 10 -11 -12 -13 14 -15 -16 -17 -18 -19 -20 21 22 23 24 -25 -26 27 -28 -29 -30 -31 32 -33 -34 35 36
0xd9f5899689699296 16 1 2 -3 4 -5 6 7 8 -9 10 -11 -12 -13 14 -15 -16 -17 -18 -19 -20 21 22 23 24 -25 -26 27 -28 -29 -30 -31 32 -33 -34 35 36
0xbcd667ebfee46a69 16 1 2 -3 4 -5 6 7 8 -9 10 -11 -12 -13 14 -15 -16 -17 -18 -19 -20 21 22 23 24 -25 -26 27 -28 -29 -30 -31 32 -33 -34 35 36
0x3b6918fedabbf108 16 1 2 -3 4 -5 6 7 8 -9 10 -11 -12 -13 14 -15 -16 -17 -18 -19 -20 21 22 23 24 -25 -26 27 -28 -29 -30 -31 32 -33 -34 35 36
0xe9109a7b187d4ae5 16 1 2 -3 4 -5 6 7 8 -9 10 -11 -12 -13 14 -15 -16 -17 -18 -19 -20 21 22 23 24 -25 -26 27 -28 -29 -30 -31 32 -33 -34 35 36
0xfe0b6c93784930c 16 1 2 -3 4 -5 6 7 8 -9 10 -11 -12 -13 14 -15 -16 -17 -18 -19 -20 21 22 23 24 -25 -26 27 -28 -29 -30 -31 32 -33 -34 35 36
0x30f828c33dce7def 11971 1 -2 3 4 5 6 -7 -8 -9 10 11 12 -13 14 -15 16 17 18 -19 -20 21 22 23 24 25 -26 -27 28 29 -30 31 32 33 34 -35 36
0x1fe35b37a310e2e4 6452 -1 2 -3 4 -5 6 -7 8 9 10 -11 -12 13 -14 -15 16 -17 -18 -19 20 -21 22 23 24 25 -26 27 -28 -29 -30 -31 32 33 34 35 36
0x3dd59a50a34d075d 16 1 2 -3 4 -5 6 7 8 -9 10 -11 -12 -13 14 -15 -16 -17 -18 -19 -20 21 22 23 24 -25 -26 27 -28 -29 -30 -31 32 -33 -34 35 36
0xda90c9908ecccfcb 16 1 2 -3 4 -5 6 7 8 -9 10 -11 -12 -13 14 -15 -16 -17 -18 -19 -20 21 22 23 24 -25 -26 27 -28 -29 -30 -31 32 -33 -34 35 36
0xf9dfd4fc883a93a1 16 1 2 -3 4 -5 6 7 8 -9 10 -11 -12 -13 14 -15 -16 -17 -18 -19 -20 21 22 23 24 -25 -26 27 -28 -29 -30 -31 32 -33 -34 35 36
0xb2d5e60734ae91c8 16 1 2 -3 4 -5 6 7 8 -9 10 -11 -12 -13 14 -15 -16 -17 -18 -19 -20 21 22 23 24 -25 -26 27 -28 -29 -30 -31 32 -33 -34 35 36
0x9d1636b28a5acab6 16 1 2 -3 4 -5 6 7 8 -9 10 -11 -12 -13 14 -15 -16 -17 -18 -19 -20 21 22 23 24 -25 -26 27 -28 -29 -30 -31 32 -33 -34 35 36
0x87142d6260e5c4f5 16 1 2 -3 4 -5 6 7 8 -9 10 -11 -12 -13 14 -15 -16 -17 -18 -19 -20 21 22 23 24 -25 -26 27 -28 -29 -30 -31 32 -33 -34 35 36
0x160284e2c2a62b8b 16 1 2 -3 4 -5 6 7 8 -9 10 -11 -12 -13 14 -15 -16 -17 -18 -19 -20 21 22 23 24 -25 -26 27 -28 -29 -30 -31 32 -33 -34 35 36
0x94795a72e19c2ed 16 1 2 -3 4 -5 6 7 8 -9 10 -11 -12 -13 14 -15 -16 -17 -18 -19 -20 21 22 23 24 -25 -26 27 -28 -29 -30 -31 32 -33 -34 35 36