0x60e67a1a140bccdc 9460 1 -2 3 -4 5 6 7 -8 9 -10 -11 12 13 14 15 16 -17 18 19 -20 -21 22 -23 -24 25 26 27 28 -29 30 -31 -32 33 34 35 36
0x697817234dd1ae2d 9460 1 -2 3 -4 5 6 7 -8 9 -10 -11 12 13 14 15 16 -17 18 19 -20 -21 22 -23 -24 25 26 27 28 -29 30 -31 -32 33 34 35 36
0xaeb4abd7d79df84d 9460 1 -2 3 -4 5 6 7 -8 9 -10 -11 12 13 14 15 16 -17 18 19 -20 -21 22 -23 -24 25 26 27 28 -29 30 -31 -32 33 34 35 36
0xa98292e8527b5b82 9460 1 -2 3 -4 5 6 7 -8 9 -10 -11 12 13 14 15 16 -17 18 19 -20 -21 22 -23 -24 25 26 27 28 -29 30 -31 -32 33 34 35 36
0xef413caf5e1d8f8e 9460 1 -2 3 -4 5 6 7 -8 9 -10 -11 12 13 14 15 16 -17 18 19 -20 -21 22 -23 -24 25 26 27 28 -29 30 -31 -32 33 34 35 36
0x115aff8f71f4e4ef 9460 1 -2 3 -4 5 6 7 -8 9 -10 -11 12 13 14 15 16 -17 18 19 -20 -21 22 -23 -24 25 26 27 28 -29 30 -31 -32 33 34 35 36
0x19133138e7aa6132 9460 1 -2 3 -4 5 6 7 -8 9 -10 -11 12 13 14 15 16 -17 18 19 -20 -21 22 -23 -24 25 26 27 28 -29 30 -31 -32 33 34 35 36
0xa6d17fd356a2ff88 9460 1 -2 3 -4 5 6 7 -8 9 -10 -11 12 13 14 15 16 -17 18 19 -20 -21 22 -23 -24 25 26 27 28 -29 30 -31 -32 33 34 35 36
0xee71932567c57afc 9460 1 -2 3 -4 5 6 7 -8 9 -10 -11 12 13 14 15 16 -17 18 19 -20 -21 22 -23 -24 25 26 27 28 -29 30 -31 -32 33 34 35 36
0xe5fcd1329a4a5dcd 9460 1 -2 3 -4 5 6 7 -8 9 -10 -11 12 13 14 15 16 -17 18 19 -20 -21 22 -23 -24 25 26 27 28 -29 30 -31 -32 33 34 35 36
0x2f02e226bcfc6488 9460 1 -2 3 -4 5 6 7 -8 9 -10 -11 12 13 14 15 16 -17 18 19 -20 -21 22 -23 -24 25 26 27 28 -29 30 -31 -32 33 34 35 36
0x488d5ed2f8550a22 9460 1 -2 3 -4 5 6 7 -8 9 -10 -11 12 13 14 15 16 -17 18 19 -20 -21 22 -23 -24 25 26 27 28 -29 30 -31 -32 33 34 35 36
0xbdf193024abbcdd4 9460 1 -2 3 -4 5 6 7 -8 9 -10 -11 12 13 14 15 16 -17 18 19 -20 -21 22 -23 -24 25 26 27 28 -29 30 -31 -32 33 34 35 36
0xb16255b569229dd0 9460 1 -2 3 -4 5 6 7 -8 9 -10 -11 12 13 14 15 16 -17 18 19 -20 -21 22 -23 -24 25 26 27 28 -29 30 -31 -32 33 34 35 36
0xeb3a28bfbe499c8c 9460 1 -2 3 -4 5 6 7 -8 9 -10 -11 12 13 14 15 16 -17 18 19 -20 -21 22 -23 -24 25 26 27 28 -29 30 -31 -32 33 34 35 36
0xe4cd3c48ef4f9e44 9460 1 -2 3 -4 5 6 7 -8 9 -10 -11 12 13 14 15 16 -17 18 19 -20 -21 22 -23 -24 25 26 27 28 -29 30 -31 -32 33 34 35 36
0x22cc424e1bcb3675 9460 1 -2 3 -4 5 6 7 -8 9 -10 -11 12 13 14 15 16 -17 18 19 -20 -21 22 -23 -24 25 26 27 28 -29 30 -31 -32 33 34 35 36
0x7ed6121cc3b25561 9460 1 -2 3 -4 5 6 7 -8 9 -10 -11 12 13 14 15 16 -17 18 19 -20 -21 22 -23 -24 25 26 27 28 -29 30 -31 -32 33 34 35 36
0x29161bdc4d967590 9460 1 -2 3 -4 5 6 7 -8 9 -10 -11 12 13 14 15 16 -17 18 19 -20 -21 22 -23 -24 25 26 27 28 -29 30 -31 -32 33 34 35 36
0xc0dac008ffb594b 9460 1 -2 3 -4 5 6 7 -8 9 -10 -11 12 13 14 15 16 -17 18 19 -20 -21 22 -23 -24 25 26 27 28 -29 30 -31 -32 33 34 35 36
0xd5e5fed880ce5821 9460 1 -2 3 -4 5 6 7 -8 9 -10 -11 12 13 14 15 16 -17 18 19 -20 -21 22 -23 -24 25 26 27 28 -29 30 -31 -32 33 34 35 36
0x3be9240346443c65 9460 1 -2 3 -4 5 6 7 -8 9 -10 -11 12 13 14 15 16 -17 18 19 -20 -21 22 -23 -24 25 26 27 28 -29 30 -31 -32 33 34 35 36
0x15ffb1f454a3b0ab 9460 1 -2 3 -4 5 6 7 -8 9 -10 -11 12 13 14 15 16 -17 18 19 -20 -21 22 -23 -24 25 26 27 28 -29 30 -31 -32 33 34 35 36
0xdcb255f6085fdb3f 9460 1 -2 3 -4 5 6 7 -8 9 -10 -11 12 13 14 15 16 -17 18 19 -20 -21 22 -23 -24 25 26 27 28 -29 30 -31 -32 33 34 35 36
0xc861ad8556c82057 9460 1 -2 3 -4 5 6 7 -8 9 -10 -11 12 13 14 15 16 -17 18 19 -20 -21 22 -23 -24 25 26 27 28 -29 30 -31 -32 33 34 35 36
0x988a32ad52c1a476 9460 1 -2 3 -4 5 6 7 -8 9 -10 -11 12 13 14 15 16 -17 18 19 -20 -21 22 -23 -24 25 26 27 28 -29 30 -31 -32 33 34 35 36
0x607beed61cc32284 9460 1 -2 3 -4 5 6 7 -8 9 -10 -11 12 13 14 15 16 -17 18 19 -20 -21 22 -23 -24 25 26 27 28 -29 30 -31 -32 33 34 35 36
0x53fce9cc90cca8d 9460 1 -2 3 -4 5 6 7 -8 9 -10 -11 12 13 14 15 16 -17 18 19 -20 -21 22 -23 -24 25 26 27 28 -29 30 -31 -32 33 34 35 36
0xccb62952a764f340 9460 1 -2 3 -4 5 6 7 -8 9 -10 -11 12 13 14 15 16 -17 18 19 -20 -21 22 -23 -24 25 26 27 28 -29 30 -31 -32 33 34 35 36
0xd81b987e7144db70 9460 1 -2 3 -4 5 6 7 -8 9 -10 -11 12 13 14 15 16 -17 18 19 -20 -21 22 -23 -24 25 26 27 28 -29 30 -31 -32 33 34 35 36