0xcd5d4ba113709483 7613 -1 2 3 4 5 6 7 8 -9 10 -11 12 13 -14 -15 16 17 -18 19 -20 -21 22 23 -24 -25 -26 27 28 29 -30 -31 -32 -33 -34 -35 -36
0x595678f589a92da6 7449 1 2 3 4 5 6 -7 8 -9 10 -11 12 13 -14 -15 -16 -17 -18 19 20 21 22 23 -24 -25 -26 27 28 -29 30 31 -32 -33 -34 -35 -36
0xa43c65e77fbb5e52 7609 -1 2 3 4 5 6 7 8 -9 10 -11 12 13 -14 -15 16 17 -18 19 -20 -21 22 -23 -24 -25 -26 27 28 29 -30 -31 -32 -33 -34 -35 -36
0xe852919bb6b7b752 7609 -1 2 3 4 5 6 7 8 -9 10 -11 12 13 -14 -15 16 17 -18 19 -20 -21 22 -23 -24 -25 -26 27 28 29 -30 -31 -32 -33 -34 -35 -36
0x825df3ad95f74ad8 7613 -1 2 3 4 5 6 7 8 -9 10 -11 12 13 -14 -15 16 17 -18 19 -20 -21 22 23 -24 -25 -26 27 28 29 -30 -31 -32 -33 -34 -35 -36
0x1142bbace55335fa 7613 -1 2 3 4 5 6 7 8 -9 10 -11 12 13 -14 -15 16 17 -18 19 -20 -21 22 23 -24 -25 -26 27 28 29 -30 -31 -32 -33 -34 -35 -36
0x74b5609c9c753a30 7411 1 2 3 4 5 6 7 8 -9 10 -11 12 13 -14 -15 -16 17 -18 19 -20 21 22 23 -24 -25 -26 27 28 -29 30 31 -32 -33 -34 -35 -36
0xc20d00722c3766d9 7613 -1 2 3 4 5 6 7 8 -9 10 -11 12 13 -14 -15 16 17 -18 19 -20 -21 22 23 -24 -25 -26 27 28 29 -30 -31 -32 -33 -34 -35 -36
0x29850f99e948d2b6 7609 -1 2 3 4 5 6 7 8 -9 10 -11 12 13 -14 -15 16 17 -18 19 -20 -21 22 -23 -24 -25 -26 27 28 29 -30 -31 -32 -33 -34 -35 -36
0x96ae44fb5c1cb8e8 7613 -1 2 3 4 5 6 7 8 -9 10 -11 12 13 -14 -15 16 17 -18 19 -20 -21 22 23 -24 -25 -26 27 28 29 -30 -31 -32 -33 -34 -35 -36
0x96166d4ac94eb527 7613 -1 2 3 4 5 6 7 8 -9 10 -11 12 13 -14 -15 16 17 -18 19 -20 -21 22 23 -24 -25 -26 27 28 29 -30 -31 -32 -33 -34 -35 -36
0x91b937ce4d44bc65 7609 -1 2 3 4 5 6 7 8 -9 10 -11 12 13 -14 -15 16 17 -18 19 -20 -21 22 -23 -24 -25 -26 27 28 29 -30 -31 -32 -33 -34 -35 -36
0x9f019cabff6d17e 7609 -1 2 3 4 5 6 7 8 -9 10 -11 12 13 -14 -15 16 17 -18 19 -20 -21 22 -23 -24 -25 -26 27 28 29 -30 -31 -32 -33 -34 -35 -36
0xf9ed165e6e6dd28e 7449 1 2 3 4 5 6 -7 8 -9 10 -11 12 13 -14 -15 -16 -17 -18 19 20 21 22 23 -24 -25 -26 27 28 -29 30 31 -32 -33 -34 -35 -36
0xc7bce1f6f191967a 7613 -1 2 3 4 5 6 7 8 -9 10 -11 12 13 -14 -15 16 17 -18 19 -20 -21 22 23 -24 -25 -26 27 28 29 -30 -31 -32 -33 -34 -35 -36
0x1b05d5d9a63b9a66 7613 -1 2 3 4 5 6 7 8 -9 10 -11 12 13 -14 -15 16 17 -18 19 -20 -21 22 23 -24 -25 -26 27 28 29 -30 -31 -32 -33 -34 -35 -36
0x1de23216d2d08431 7613 -1 2 3 4 5 6 7 8 -9 10 -11 12 13 -14 -15 16 17 -18 19 -20 -21 22 23 -24 -25 -26 27 28 29 -30 -31 -32 -33 -34 -35 -36
0x3869834979ac136e 7613 -1 2 3 4 5 6 7 8 -9 10 -11 12 13 -14 -15 16 17 -18 19 -20 -21 22 23 -24 -25 -26 27 28 29 -30 -31 -32 -33 -34 -35 -36
0x529a608e6e41668d 7287 1 2 3 4 5 6 -7 8 -9 10 -11 -12 13 -14 -15 -16 -17 -18 19 20 21 22 23 -24 -25 -26 27 28 -29 30 31 -32 -33 -34 -35 -36
0x631cb44275666b99 7613 -1 2 3 4 5 6 7 8 -9 10 -11 12 13 -14 -15 16 17 -18 19 -20 -21 22 23 -24 -25 -26 27 28 29 -30 -31 -32 -33 -34 -35 -36
0x62e8b11bb7993250 7613 -1 2 3 4 5 6 7 8 -9 10 -11 12 13 -14 -15 16 17 -18 19 -20 -21 22 23 -24 -25 -26 27 28 29 -30 -31 -32 -33 -34 -35 -36
0xe4efb4bcd24ba173 7613 -1 2 3 4 5 6 7 8 -9 10 -11 12 13 -14 -15 16 17 -18 19 -20 -21 22 23 -24 -25 -26 27 28 29 -30 -31 -32 -33 -34 -35 -36
0x90bc8cf88b031de5 7449 1 2 3 4 5 6 -7 8 -9 10 -11 12 13 -14 -15 -16 -17 -18 19 20 21 22 23 -24 -25 -26 27 28 -29 30 31 -32 -33 -34 -35 -36
0x35dbdf5949c99c2d 7613 -1 2 3 4 5 6 7 8 -9 10 -11 12 13 -14 -15 16 17 -18 19 -20 -21 22 23 -24 -25 -26 27 28 29 -30 -31 -32 -33 -34 -35 -36
0x4b3ee09b3112c1f7 7613 -1 2 3 4 5 6 7 8 -9 10 -11 12 13 -14 -15 16 17 -18 19 -20 -21 22 23 -24 -25 -26 27 28 29 -30 -31 -32 -33 -34 -35 -36
0x47465c2e6d2b1791 7613 -1 2 3 4 5 6 7 8 -9 10 -11 12 13 -14 -15 16 17 -18 19 -20 -21 22 23 -24 -25 -26 27 28 29 -30 -31 -32 -33 -34 -35 -36
0xdc640bb8a3874970 7613 -1 2 3 4 5 6 7 8 -9 10 -11 12 13 -14 -15 16 17 -18 19 -20 -21 22 23 -24 -25 -26 27 28 29 -30 -31 -32 -33 -34 -35 -36
0xbd803e93508979aa 7101 1 2 3 4 5 6 -7 8 -9 10 -11 12 13 -14 -15 -16 17 -18 19 -20 21 22 23 -24 -25 -26 27 28 -29 30 31 -32 -33 -34 -35 -36
0x1c91d14b6092a17c 7613 -1 2 3 4 5 6 7 8 -9 10 -11 12 13 -14 -15 16 17 -18 19 -20 -21 22 23 -24 -25 -26 27 28 29 -30 -31 -32 -33 -34 -35 -36
0x9d16751f677602c4 7449 1 2 3 4 5 6 -7 8 -9 10 -11 12 13 -14 -15 -16 -17 -18 19 20 21 22 23 -24 -25 -26 27 28 -29 30 31 -32 -33 -34 -35 -36