0x2767e0aef7dbac8c 3743 1 -2 -3 4 5 6 7 8 -9 -10 11 12 13 14 15 16 17 -18 19 -20 -21 -22 23 24 -25 26 -27 28 -29 -30 -31 32 33 34 -35 36
0x7661386c6b2a4cd4 3743 1 -2 -3 4 5 6 7 8 -9 -10 11 12 13 14 15 16 17 -18 19 -20 -21 -22 23 24 -25 26 -27 28 -29 -30 -31 32 33 34 -35 36
0xaf0f21f2f19bbd6d 3743 1 -2 -3 4 5 6 7 8 -9 -10 11 12 13 14 15 16 17 -18 19 -20 -21 -22 23 24 -25 26 -27 28 -29 -30 -31 32 33 34 -35 36
0x5e2c48f615276853 3743 1 -2 -3 4 5 6 7 8 -9 -10 11 12 13 14 15 16 17 -18 19 -20 -21 -22 23 24 -25 26 -27 28 -29 -30 -31 32 33 34 -35 36
0x1c248bb3e0fb187 3743 1 -2 -3 4 5 6 7 8 -9 -10 11 12 13 14 15 16 17 -18 19 -20 -21 -22 23 24 -25 26 -27 28 -29 -30 -31 32 33 34 -35 36
0xfa58379bcf085c8c 3743 1 -2 -3 4 5 6 7 8 -9 -10 11 12 13 14 15 16 17 -18 19 -20 -21 -22 23 24 -25 26 -27 28 -29 -30 -31 32 33 34 -35 36
0xbc2d0285e34481ec 3743 1 -2 -3 4 5 6 7 8 -9 -10 11 12 13 14 15 16 17 -18 19 -20 -21 -22 23 24 -25 26 -27 28 -29 -30 -31 32 33 34 -35 36
0xdda342863ae5addf 3743 1 -2 -3 4 5 6 7 8 -9 -10 11 12 13 14 15 16 17 -18 19 -20 -21 -22 23 24 -25 26 -27 28 -29 -30 -31 32 33 34 -35 36
0x1fe8f7e28a343837 3743 1 -2 -3 4 5 6 7 8 -9 -10 11 12 13 14 15 16 17 -18 19 -20 -21 -22 23 24 -25 26 -27 28 -29 -30 -31 32 33 34 -35 36
0x54a344b7a537b127 3743 1 -2 -3 4 5 6 7 8 -9 -10 11 12 13 14 15 16 17 -18 19 -20 -21 -22 23 24 -25 26 -27 28 -29 -30 -31 32 33 34 -35 36
0xfffaec5443ba9e84 3743 1 -2 -3 4 5 6 7 8 -9 -10 11 12 13 14 15 16 17 -18 19 -20 -21 -22 23 24 -25 26 -27 28 -29 -30 -31 32 33 34 -35 36
0xe26a21794d463288 3743 1 -2 -3 4 5 6 7 8 -9 -10 11 12 13 14 15 16 17 -18 19 -20 -21 -22 23 24 -25 26 -27 28 -29 -30 -31 32 33 34 -35 36
0x5965e5e0370cf551 3743 1 -2 -3 4 5 6 7 8 -9 -10 11 12 13 14 15 16 17 -18 19 -20 -21 -22 23 24 -25 26 -27 28 -29 -30 -31 32 33 34 -35 36
0x1016b9b1fa3a7e5f 3743 1 -2 -3 4 5 6 7 8 -9 -10 11 12 13 14 15 16 17 -18 19 -20 -21 -22 23 24 -25 26 -27 28 -29 -30 -31 32 33 34 -35 36
0xfc14fcaf2616762c 3743 1 -2 -3 4 5 6 7 8 -9 -10 11 12 13 14 15 16 17 -18 19 -20 -21 -22 23 24 -25 26 -27 28 -29 -30 -31 32 33 34 -35 36
0x9d2483f691d75a5e 3743 1 -2 -3 4 5 6 7 8 -9 -10 11 12 13 14 15 16 17 -18 19 -20 -21 -22 23 24 -25 26 -27 28 -29 -30 -31 32 33 34 -35 36
0x6ad391057f7ed5f2 3743 1 -2 -3 4 5 6 7 8 -9 -10 11 12 13 14 15 16 17 -18 19 -20 -21 -22 23 24 -25 26 -27 28 -29 -30 -31 32 33 34 -35 36
0xe0dd9460be932618 3743 1 -2 -3 4 5 6 7 8 -9 -10 11 12 13 14 15 16 17 -18 19 -20 -21 -22 23 24 -25 26 -27 28 -29 -30 -31 32 33 34 -35 36
0x3b86deac11b422c3 3743 1 -2 -3 4 5 6 7 8 -9 -10 11 12 13 14 15 16 17 -18 19 -20 -21 -22 23 24 -25 26 -27 28 -29 -30 -31 32 33 34 -35 36
0x1ac95ce7048629ef 3743 1 -2 -3 4 5 6 7 8 -9 -10 11 12 13 14 15 16 17 -18 19 -20 -21 -22 23 24 -25 26 -27 28 -29 -30 -31 32 33 34 -35 36
0x2c6b7669cfb1c8db 3743 1 -2 -3 4 5 6 7 8 -9 -10 11 12 13 14 15 16 17 -18 19 -20 -21 -22 23 24 -25 26 -27 28 -29 -30 -31 32 33 34 -35 36
0xd8e3ccfef85ca828 3743 1 -2 -3 4 5 6 7 8 -9 -10 11 12 13 14 15 16 17 -18 19 -20 -21 -22 23 24 -25 26 -27 28 -29 -30 -31 32 33 34 -35 36
0x1091bc65fdc4d55b 3743 1 -2 -3 4 5 6 7 8 -9 -10 11 12 13 14 15 16 17 -18 19 -20 -21 -22 23 24 -25 26 -27 28 -29 -30 -31 32 33 34 -35 36
0x7ad129d17b1d1c5d 3743 1 -2 -3 4 5 6 7 8 -9 -10 11 12 13 14 15 16 17 -18 19 -20 -21 -22 23 24 -25 26 -27 28 -29 -30 -31 32 33 34 -35 36
0x30f7a36839a070fc 3743 1 -2 -3 4 5 6 7 8 -9 -10 11 12 13 14 15 16 17 -18 19 -20 -21 -22 23 24 -25 26 -27 28 -29 -30 -31 32 33 34 -35 36
0x4ddd57e5d76f9f68 3743 1 -2 -3 4 5 6 7 8 -9 -10 11 12 13 14 15 16 17 -18 19 -20 -21 -22 23 24 -25 26 -27 28 -29 -30 -31 32 33 34 -35 36
0x3b302d756f22c2b9 3743 1 -2 -3 4 5 6 7 8 -9 -10 11 12 13 14 15 16 17 -18 19 -20 -21 -22 23 24 -25 26 -27 28 -29 -30 -31 32 33 34 -35 36
0xee77161e86c64f74 3743 1 -2 -3 4 5 6 7 8 -9 -10 11 12 13 14 15 16 17 -18 19 -20 -21 -22 23 24 -25 26 -27 28 -29 -30 -31 32 33 34 -35 36
0x44ebb3cd601941f7 3743 1 -2 -3 4 5 6 7 8 -9 -10 11 12 13 14 15 16 17 -18 19 -20 -21 -22 23 24 -25 26 -27 28 -29 -30 -31 32 33 34 -35 36
0xd82703ecf9837548 3743 1 -2 -3 4 5 6 7 8 -9 -10 11 12 13 14 15 16 17 -18 19 -20 -21 -22 23 24 -25 26 -27 28 -29 -30 -31 32 33 34 -35 36