0x6f37c625c77b50cf 1978 -1 -2 -3 -4 -5 6 -7 8 9 10 11 12 -13 -14 15 16 17 -18 19 20 21 -22 23 24 25 26 -27 -28 29 -30 31 -32 -33 -34 35 -36
0xaf58d4646cbeefe7 1978 -1 -2 -3 -4 -5 6 -7 8 9 10 11 12 -13 -14 15 16 17 -18 19 20 21 -22 23 24 25 26 -27 -28 29 -30 31 -32 -33 -34 35 -36
0x623c759e530c87fb 1978 -1 -2 -3 -4 -5 6 -7 8 9 10 11 12 -13 -14 15 16 17 -18 19 20 21 -22 23 24 25 26 -27 -28 29 -30 31 -32 -33 -34 35 -36
0xff5c0887ed266d50 1978 -1 -2 -3 -4 -5 6 -7 8 9 10 11 12 -13 -14 15 16 17 -18 19 20 21 -22 23 24 25 26 -27 -28 29 -30 31 -32 -33 -34 35 -36
0x4f8f9e88ce7a059b 1978 -1 -2 -3 -4 -5 6 -7 8 9 10 11 12 -13 -14 15 16 17 -18 19 20 21 -22 23 24 25 26 -27 -28 29 -30 31 -32 -33 -34 35 -36
0x5dd39efc54975f56 1978 -1 -2 -3 -4 -5 6 -7 8 9 10 11 12 -13 -14 15 16 17 -18 19 20 21 -22 23 24 25 26 -27 -28 29 -30 31 -32 -33 -34 35 -36
0xabe61b279f0ae628 1978 -1 -2 -3 -4 -5 6 -7 8 9 10 11 12 -13 -14 15 16 17 -18 19 20 21 -22 23 24 25 26 -27 -28 29 -30 31 -32 -33 -34 35 -36
0x413b987cb35214b2 1978 -1 -2 -3 -4 -5 6 -7 8 9 10 11 12 -13 -14 15 16 17 -18 19 20 21 -22 23 24 25 26 -27 -28 29 -30 31 -32 -33 -34 35 -36
0x7206e61551e8f7f0 1978 -1 -2 -3 -4 -5 6 -7 8 9 10 11 12 -13 -14 15 16 17 -18 19 20 21 -22 23 24 25 26 -27 -28 29 -30 31 -32 -33 -34 35 -36
0xeb5858a7551fb9fb 1978 -1 -2 -3 -4 -5 6 -7 8 9 10 11 12 -13 -14 15 16 17 -18 19 20 21 -22 23 24 25 26 -27 -28 29 -30 31 -32 -33 -34 35 -36
0x7c6c6b3b8f8b423d 1978 -1 -2 -3 -4 -5 6 -7 8 9 10 11 12 -13 -14 15 16 17 -18 19 20 21 -22 23 24 25 26 -27 -28 29 -30 31 -32 -33 -34 35 -36
0xcfaea0795d93dae9 1978 -1 -2 -3 -4 -5 6 -7 8 9 10 11 12 -13 -14 15 16 17 -18 19 20 21 -22 23 24 25 26 -27 -28 29 -30 31 -32 -33 -34 35 -36
0x1a42ce66f4361f08 1978 -1 -2 -3 -4 -5 6 -7 8 9 10 11 12 -13 -14 15 16 17 -18 19 20 21 -22 23 24 25 26 -27 -28 29 -30 31 -32 -33 -34 35 -36
0x4fe80a4187414ac4 1978 -1 -2 -3 -4 -5 6 -7 8 9 10 11 12 -13 -14 15 16 17 -18 19 20 21 -22 23 24 25 26 -27 -28 29 -30 31 -32 -33 -34 35 -36
0x99b5aff996906ced 1978 -1 -2 -3 -4 -5 6 -7 8 9 10 11 12 -13 -14 15 16 17 -18 19 20 21 -22 23 24 25 26 -27 -28 29 -30 31 -32 -33 -34 35 -36
0xb62eb9b5e0e3a876 1978 -1 -2 -3 -4 -5 6 -7 8 9 10 11 12 -13 -14 15 16 17 -18 19 20 21 -22 23 24 25 26 -27 -28 29 -30 31 -32 -33 -34 35 -36
0x6dd9674db2ef85f7 1978 -1 -2 -3 -4 -5 6 -7 8 9 10 11 12 -13 -14 15 16 17 -18 19 20 21 -22 23 24 25 26 -27 -28 29 -30 31 -32 -33 -34 35 -36
0x4a809ae3be594afe 1978 -1 -2 -3 -4 -5 6 -7 8 9 10 11 12 -13 -14 15 16 17 -18 19 20 21 -22 23 24 25 26 -27 -28 29 -30 31 -32 -33 -34 35 -36
0xa8c926f8038f9e72 1978 -1 -2 -3 -4 -5 6 -7 8 9 10 11 12 -13 -14 15 16 17 -18 19 20 21 -22 23 24 25 26 -27 -28 29 -30 31 -32 -33 -34 35 -36
0x92477fd0aa6930ed 1978 -1 -2 -3 -4 -5 6 -7 8 9 10 11 12 -13 -14 15 16 17 -18 19 20 21 -22 23 24 25 26 -27 -28 29 -30 31 -32 -33 -34 35 -36
0x31ab3a1fcc65936 1978 -1 -2 -3 -4 -5 6 -7 8 9 10 11 12 -13 -14 15 16 17 -18 19 20 21 -22 23 24 25 26 -27 -28 29 -30 31 -32 -33 -34 35 -36
0x66b2975faf2870ac 1978 -1 -2 -3 -4 -5 6 -7 8 9 10 11 12 -13 -14 15 16 17 -18 19 20 21 -22 23 24 25 26 -27 -28 29 -30 31 -32 -33 -34 35 -36
0xc0cbc63544f9743e 1978 -1 -2 -3 -4 -5 6 -7 8 9 10 11 12 -13 -14 15 16 17 -18 19 20 21 -22 23 24 25 26 -27 -28 29 -30 31 -32 -33 -34 35 -36
0x864922a26c75379f 1978 -1 -2 -3 -4 -5 6 -7 8 9 10 11 12 -13 -14 15 16 17 -18 19 20 21 -22 23 24 25 26 -27 -28 29 -30 31 -32 -33 -34 35 -36
0xa05109fa085d52c4 1978 -1 -2 -3 -4 -5 6 -7 8 9 10 11 12 -13 -14 15 16 17 -18 19 20 21 -22 23 24 25 26 -27 -28 29 -30 31 -32 -33 -34 35 -36
0x3288cfc391126869 1978 -1 -2 -3 -4 -5 6 -7 8 9 10 11 12 -13 -14 15 16 17 -18 19 20 21 -22 23 24 25 26 -27 -28 29 -30 31 -32 -33 -34 35 -36
0x4a1c39dfc3a54689 1978 -1 -2 -3 -4 -5 6 -7 8 9 10 11 12 -13 -14 15 16 17 -18 19 20 21 -22 23 24 25 26 -27 -28 29 -30 31 -32 -33 -34 35 -36
0xf3fd2b99b805dea 1978 -1 -2 -3 -4 -5 6 -7 8 9 10 11 12 -13 -14 15 16 17 -18 19 20 21 -22 23 24 25 26 -27 -28 29 -30 31 -32 -33 -34 35 -36
0x369aae1607ee1591 1978 -1 -2 -3 -4 -5 6 -7 8 9 10 11 12 -13 -14 15 16 17 -18 19 20 21 -22 23 24 25 26 -27 -28 29 -30 31 -32 -33 -34 35 -36
0x3ffd7ce6b4962eb1 1978 -1 -2 -3 -4 -5 6 -7 8 9 10 11 12 -13 -14 15 16 17 -18 19 20 21 -22 23 24 25 26 -27 -28 29 -30 31 -32 -33 -34 35 -36