0x537037fc6c2a55e3 9268 1 2 3 4 5 6 7 8 -9 -10 11 -12 -13 14 -15 16 17 -18 19 20 -21 -22 -23 24 25 26 -27 28 29 30 31 32 -33 -34 35 -36
0x9a07b7f731f780ef 9268 1 2 3 4 5 6 7 8 -9 -10 11 -12 -13 14 -15 16 17 -18 19 20 -21 -22 -23 24 25 26 -27 28 29 30 31 32 -33 -34 35 -36
0x2f4734f506b407ef 9268 1 2 3 4 5 6 7 8 -9 -10 11 -12 -13 14 -15 16 17 -18 19 20 -21 -22 -23 24 25 26 -27 28 29 30 31 32 -33 -34 35 -36
0x82fd97e38c231c46 8641 1 2 3 4 5 6 7 8 -9 -10 11 -12 -13 14 -15 16 -17 -18 19 20 -21 -22 -23 24 25 26 -27 28 29 30 31 32 -33 -34 35 -36
0xf46cf78b59d3a7cb 8571 1 2 3 4 5 -6 7 8 9 -10 11 -12 13 14 -15 16 17 -18 19 20 -21 -22 -23 24 25 26 -27 28 -29 30 31 32 -33 -34 35 -36
0xb2eaf0457f969479 9268 1 2 3 4 5 6 7 8 -9 -10 11 -12 -13 14 -15 16 17 -18 19 20 -21 -22 -23 24 25 26 -27 28 29 30 31 32 -33 -34 35 -36
0x789a6b049bfd9709 9268 1 2 3 4 5 6 7 8 -9 -10 11 -12 -13 14 -15 16 17 -18 19 20 -21 -22 -23 24 25 26 -27 28 29 30 31 32 -33 -34 35 -36
0x8cf1825244e3db4f 9268 1 2 3 4 5 6 7 8 -9 -10 11 -12 -13 14 -15 16 17 -18 19 20 -21 -22 -23 24 25 26 -27 28 29 30 31 32 -33 -34 35 -36
0xe6408e81fffbd51a 8571 1 2 3 4 5 -6 7 8 9 -10 11 -12 13 14 -15 16 17 -18 19 20 -21 -22 -23 24 25 26 -27 28 -29 30 31 32 -33 -34 35 -36
0xfd4cf429b1f4766c 9268 1 2 3 4 5 6 7 8 -9 -10 11 -12 -13 14 -15 16 17 -18 19 20 -21 -22 -23 24 25 26 -27 28 29 30 31 32 -33 -34 35 -36
0xe7878983ecdd4234 8571 1 2 3 4 5 -6 7 8 9 -10 11 -12 13 14 -15 16 17 -18 19 20 -21 -22 -23 24 25 26 -27 28 -29 30 31 32 -33 -34 35 -36
0xa118c01f38d855f7 9268 1 2 3 4 5 6 7 8 -9 -10 11 -12 -13 14 -15 16 17 -18 19 20 -21 -22 -23 24 25 26 -27 28 29 30 31 32 -33 -34 35 -36
0xdce3ba5d81d39179 9268 1 2 3 4 5 6 7 8 -9 -10 11 -12 -13 14 -15 16 17 -18 19 20 -21 -22 -23 24 25 26 -27 28 29 30 31 32 -33 -34 35 -36
0xcf708efa2fec5446 9268 1 2 3 4 5 6 7 8 -9 -10 11 -12 -13 14 -15 16 17 -18 19 20 -21 -22 -23 24 25 26 -27 28 29 30 31 32 -33 -34 35 -36
0x14bf5c7e9fd3cb2c 9268 1 2 3 4 5 6 7 8 -9 -10 11 -12 -13 14 -15 16 17 -18 19 20 -21 -22 -23 24 25 26 -27 28 29 30 31 32 -33 -34 35 -36
0x4868607c8817ed4a 8571 1 2 3 4 5 -6 7 8 9 -10 11 -12 13 14 -15 16 17 -18 19 20 -21 -22 -23 24 25 26 -27 28 -29 30 31 32 -33 -34 35 -36
0x5ef7409531acfb6d 9268 1 2 3 4 5 6 7 8 -9 -10 11 -12 -13 14 -15 16 17 -18 19 20 -21 -22 -23 24 25 26 -27 28 29 30 31 32 -33 -34 35 -36
0xd6c935cdc778552c 9268 1 2 3 4 5 6 7 8 -9 -10 11 -12 -13 14 -15 16 17 -18 19 20 -21 -22 -23 24 25 26 -27 28 29 30 31 32 -33 -34 35 -36
0xafda449249c17427 9268 1 2 3 4 5 6 7 8 -9 -10 11 -12 -13 14 -15 16 17 -18 19 20 -21 -22 -23 24 25 26 -27 28 29 30 31 32 -33 -34 35 -36
0x631458c00849a44f 9268 1 2 3 4 5 6 7 8 -9 -10 11 -12 -13 14 -15 16 17 -18 19 20 -21 -22 -23 24 25 26 -27 28 29 30 31 32 -33 -34 35 -36
0x7bcaeccfd980f4e8 9268 1 2 3 4 5 6 7 8 -9 -10 11 -12 -13 14 -15 16 17 -18 19 20 -21 -22 -23 24 25 26 -27 28 29 30 31 32 -33 -34 35 -36
0x40914003b77e0b8a 9268 1 2 3 4 5 6 7 8 -9 -10 11 -12 -13 14 -15 16 17 -18 19 20 -21 -22 -23 24 25 26 -27 28 29 30 31 32 -33 -34 35 -36
0x770771ebbf990225 9268 1 2 3 4 5 6 7 8 -9 -10 11 -12 -13 14 -15 16 17 -18 19 20 -21 -22 -23 24 25 26 -27 28 29 30 31 32 -33 -34 35 -36
0x2b073c4ef62b52ca 9268 1 2 3 4 5 6 7 8 -9 -10 11 -12 -13 14 -15 16 17 -18 19 20 -21 -22 -23 24 25 26 -27 28 29 30 31 32 -33 -34 35 -36
0x731bb7f0902d43c5 9268 1 2 3 4 5 6 7 8 -9 -10 11 -12 -13 14 -15 16 17 -18 19 20 -21 -22 -23 24 25 26 -27 28 29 30 31 32 -33 -34 35 -36
0xa90ad78a6abbea58 9268 1 2 3 4 5 6 7 8 -9 -10 11 -12 -13 14 -15 16 17 -18 19 20 -21 -22 -23 24 25 26 -27 28 29 30 31 32 -33 -34 35 -36
0xe487792b79de7934 8641 1 2 3 4 5 6 7 8 -9 -10 11 -12 -13 14 -15 16 -17 -18 19 20 -21 -22 -23 24 25 26 -27 28 29 30 31 32 -33 -34 35 -36
0x8dc1a4651b8fb8b6 8641 1 2 3 4 5 6 7 8 -9 -10 11 -12 -13 14 -15 16 -17 -18 19 20 -21 -22 -23 24 25 26 -27 28 29 30 31 32 -33 -34 35 -36
0x9001a45cf0462f3f 9268 1 2 3 4 5 6 7 8 -9 -10 11 -12 -13 14 -15 16 17 -18 19 20 -21 -22 -23 24 25 26 -27 28 29 30 31 32 -33 -34 35 -36
0x8aca134ef6c806b3 9268 1 2 3 4 5 6 7 8 -9 -10 11 -12 -13 14 -15 16 17 -18 19 20 -21 -22 -23 24 25 26 -27 28 29 30 31 32 -33 -34 35 -36