0x16b9c63048f5921 4387 -1 2 3 -4 -5 6 -7 8 9 -10 -11 -12 13 -14 -15 -16 -17 -18 19 20 21 22 23 24 25 -26 27 -28 29 30 -31 -32 -33 34 35 -36
0x1713ef087e859ad6 4387 -1 2 3 -4 -5 6 -7 8 9 -10 -11 -12 13 -14 -15 -16 -17 -18 19 20 21 22 23 24 25 -26 27 -28 29 30 -31 -32 -33 34 35 -36
0xb444e523a8eb7b8b 4189 -1 2 3 -4 -5 6 -7 8 -9 10 11 -12 13 -14 -15 -16 -17 -18 19 20 21 22 23 24 25 -26 27 -28 29 -30 31 -32 33 34 35 -36
0x459a6cc936f67f50 4387 -1 2 3 -4 -5 6 -7 8 9 -10 -11 -12 13 -14 -15 -16 -17 -18 19 20 21 22 23 24 25 -26 27 -28 29 30 -31 -32 -33 34 35 -36
0xeb434c838d8fe02b 4387 -1 2 3 -4 -5 6 -7 8 9 -10 -11 -12 13 -14 -15 -16 -17 -18 19 20 21 22 23 24 25 -26 27 -28 29 30 -31 -32 -33 34 35 -36
0xaa8980b8614e9cc 4387 -1 2 3 -4 -5 6 -7 8 9 -10 -11 -12 13 -14 -15 -16 -17 -18 19 20 21 22 23 24 25 -26 27 -28 29 30 -31 -32 -33 34 35 -36
0x404e5f051f24817f 4387 -1 2 3 -4 -5 6 -7 8 9 -10 -11 -12 13 -14 -15 -16 -17 -18 19 20 21 22 23 24 25 -26 27 -28 29 30 -31 -32 -33 34 35 -36
0x921a35045add3445 4387 -1 2 3 -4 -5 6 -7 8 9 -10 -11 -12 13 -14 -15 -16 -17 -18 19 20 21 22 23 24 25 -26 27 -28 29 30 -31 -32 -33 34 35 -36
0x797aadade09e2abc 4387 -1 2 3 -4 -5 6 -7 8 9 -10 -11 -12 13 -14 -15 -16 -17 -18 19 20 21 22 23 24 25 -26 27 -28 29 30 -31 -32 -33 34 35 -36
0x28c29b2a166a198c 4387 -1 2 3 -4 -5 6 -7 8 9 -10 -11 -12 13 -14 -15 -16 -17 -18 19 20 21 22 23 24 25 -26 27 -28 29 30 -31 -32 -33 34 35 -36
0x62cfbad6a8aa9281 4387 -1 2 3 -4 -5 6 -7 8 9 -10 -11 -12 13 -14 -15 -16 -17 -18 19 20 21 22 23 24 25 -26 27 -28 29 30 -31 -32 -33 34 35 -36
0x38343cc54e9bb609 4387 -1 2 3 -4 -5 6 -7 8 9 -10 -11 -12 13 -14 -15 -16 -17 -18 19 20 21 22 23 24 25 -26 27 -28 29 30 -31 -32 -33 34 35 -36
0x36e69b38bdc7f4ba 4387 -1 2 3 -4 -5 6 -7 8 9 -10 -11 -12 13 -14 -15 -16 -17 -18 19 20 21 22 23 24 25 -26 27 -28 29 30 -31 -32 -33 34 35 -36
0x59a5c22bfd29e0c8 4387 -1 2 3 -4 -5 6 -7 8 9 -10 -11 -12 13 -14 -15 -16 -17 -18 19 20 21 22 23 24 25 -26 27 -28 29 30 -31 -32 -33 34 35 -36
0x537f86ca86ca0f91 4387 -1 2 3 -4 -5 6 -7 8 9 -10 -11 -12 13 -14 -15 -16 -17 -18 19 20 21 22 23 24 25 -26 27 -28 29 30 -31 -32 -33 34 35 -36
0x1b276ef67cef0b13 4387 -1 2 3 -4 -5 6 -7 8 9 -10 -11 -12 13 -14 -15 -16 -17 -18 19 20 21 22 23 24 25 -26 27 -28 29 30 -31 -32 -33 34 35 -36
0xd90bc8c2a6355373 4387 -1 2 3 -4 -5 6 -7 8 9 -10 -11 -12 13 -14 -15 -16 -17 -18 19 20 21 22 23 24 25 -26 27 -28 29 30 -31 -32 -33 34 35 -36
0x925711f9ea257076 4387 -1 2 3 -4 -5 6 -7 8 9 -10 -11 -12 13 -14 -15 -16 -17 -18 19 20 21 22 23 24 25 -26 27 -28 29 30 -31 -32 -33 34 35 -36
0x1a4baf97a61e1309 4387 -1 2 3 -4 -5 6 -7 8 9 -10 -11 -12 13 -14 -15 -16 -17 -18 19 20 21 22 23 24 25 -26 27 -28 29 30 -31 -32 -33 34 35 -36
0xfaa7f54e68a846ba 4387 -1 2 3 -4 -5 6 -7 8 9 -10 -11 -12 13 -14 -15 -16 -17 -18 19 20 21 22 23 24 25 -26 27 -28 29 30 -31 -32 -33 34 35 -36
0xefe47f1238fa555b 4387 -1 2 3 -4 -5 6 -7 8 9 -10 -11 -12 13 -14 -15 -16 -17 -18 19 20 21 22 23 24 25 -26 27 -28 29 30 -31 -32 -33 34 35 -36
0xa2c065c12978f3d0 4387 -1 2 3 -4 -5 6 -7 8 9 -10 -11 -12 13 -14 -15 -16 -17 -18 19 20 21 22 23 24 25 -26 27 -28 29 30 -31 -32 -33 34 35 -36
0xb01a0846179be1a4 4387 -1 2 3 -4 -5 6 -7 8 9 -10 -11 -12 13 -14 -15 -16 -17 -18 19 20 21 22 23 24 25 -26 27 -28 29 30 -31 -32 -33 34 35 -36
0xc2a653c3633df52 4387 -1 2 3 -4 -5 6 -7 8 9 -10 -11 -12 13 -14 -15 -16 -17 -18 19 20 21 22 23 24 25 -26 27 -28 29 30 -31 -32 -33 34 35 -36
0x16aa4f573078f1d5 4387 -1 2 3 -4 -5 6 -7 8 9 -10 -11 -12 13 -14 -15 -16 -17 -18 19 20 21 22 23 24 25 -26 27 -28 29 30 -31 -32 -33 34 35 -36
0x20af28dc537b382d 4387 -1 2 3 -4 -5 6 -7 8 9 -10 -11 -12 13 -14 -15 -16 -17 -18 19 20 21 22 23 24 25 -26 27 -28 29 30 -31 -32 -33 34 35 -36
0xc1956f24095550df 4387 -1 2 3 -4 -5 6 -7 8 9 -10 -11 -12 13 -14 -15 -16 -17 -18 19 20 21 22 23 24 25 -26 27 -28 29 30 -31 -32 -33 34 35 -36
0x964e227e706a0467 4387 -1 2 3 -4 -5 6 -7 8 9 -10 -11 -12 13 -14 -15 -16 -17 -18 19 20 21 22 23 24 25 -26 27 -28 29 30 -31 -32 -33 34 35 -36
0xf7265bd59ff51fce 4387 -1 2 3 -4 -5 6 -7 8 9 -10 -11 -12 13 -14 -15 -16 -17 -18 19 20 21 22 23 24 25 -26 27 -28 29 30 -31 -32 -33 34 35 -36
0xaf107bc566804679 4387 -1 2 3 -4 -5 6 -7 8 9 -10 -11 -12 13 -14 -15 -16 -17 -18 19 20 21 22 23 24 25 -26 27 -28 29 30 -31 -32 -33 34 35 -36