0x455683ab4ca34314 9953 1 -2 -3 -4 -5 6 -7 -8 -9 10 11 12 -13 -14 15 16 17 18 -19 -20 -21 -22 23 -24 -25 -26 27 -28 29 -30 -31 -32 33 -34 -35 36
0x295beb738715d52f 9953 1 -2 -3 -4 -5 6 -7 -8 -9 10 11 12 -13 -14 15 16 17 18 -19 -20 -21 -22 23 -24 -25 -26 27 -28 29 -30 -31 -32 33 -34 -35 36
0xfcb3fcacdc757f3e 9953 1 -2 -3 -4 -5 6 -7 -8 -9 10 11 12 -13 -14 15 16 17 18 -19 -20 -21 -22 23 -24 -25 -26 27 -28 29 -30 -31 -32 33 -34 -35 36
0xa6b6ae74c7c01f72 9953 1 -2 -3 -4 -5 6 -7 -8 -9 10 11 12 -13 -14 15 16 17 18 -19 -20 -21 -22 23 -24 -25 -26 27 -28 29 -30 -31 -32 33 -34 -35 36
0x5acb807730f05e6f 9953 1 -2 -3 -4 -5 6 -7 -8 -9 10 11 12 -13 -14 15 16 17 18 -19 -20 -21 -22 23 -24 -25 -26 27 -28 29 -30 -31 -32 33 -34 -35 36
0xeaacb13d2eca2296 9953 1 -2 -3 -4 -5 6 -7 -8 -9 10 11 12 -13 -14 15 16 17 18 -19 -20 -21 -22 23 -24 -25 -26 27 -28 29 -30 -31 -32 33 -34 -35 36
0x3f12c14676849f2e 9953 1 -2 -3 -4 -5 6 -7 -8 -9 10 11 12 -13 -14 15 16 17 18 -19 -20 -21 -22 23 -24 -25 -26 27 -28 29 -30 -31 -32 33 -34 -35 36
0x8595244dc333d582 9953 1 -2 -3 -4 -5 6 -7 -8 -9 10 11 12 -13 -14 15 16 17 18 -19 -20 -21 -22 23 -24 -25 -26 27 -28 29 -30 -31 -32 33 -34 -35 36
0x84951a63003826c1 9953 1 -2 -3 -4 -5 6 -7 -8 -9 10 11 12 -13 -14 15 16 17 18 -19 -20 -21 -22 23 -24 -25 -26 27 -28 29 -30 -31 -32 33 -34 -35 36
0x286ba0f7f613a438 9953 1 -2 -3 -4 -5 6 -7 -8 -9 10 11 12 -13 -14 15 16 17 18 -19 -20 -21 -22 23 -24 -25 -26 27 -28 29 -30 -31 -32 33 -34 -35 36
0x94f5e36564575d25 9953 1 -2 -3 -4 -5 6 -7 -8 -9 10 11 12 -13 -14 15 16 17 18 -19 -20 -21 -22 23 -24 -25 -26 27 -28 29 -30 -31 -32 33 -34 -35 36
0x2c7897ad3cc1f6d2 9953 1 -2 -3 -4 -5 6 -7 -8 -9 10 11 12 -13 -14 15 16 17 18 -19 -20 -21 -22 23 -24 -25 -26 27 -28 29 -30 -31 -32 33 -34 -35 36
0xd8e4b3b600032b5f 9953 1 -2 -3 -4 -5 6 -7 -8 -9 10 11 12 -13 -14 15 16 17 18 -19 -20 -21 -22 23 -24 -25 -26 27 -28 29 -30 -31 -32 33 -34 -35 36
0xf4447079978b30d3 9953 1 -2 -3 -4 -5 6 -7 -8 -9 10 11 12 -13 -14 15 16 17 18 -19 -20 -21 -22 23 -24 -25 -26 27 -28 29 -30 -31 -32 33 -34 -35 36
0x61fdb2aecbf1a0a2 9953 1 -2 -3 -4 -5 6 -7 -8 -9 10 11 12 -13 -14 15 16 17 18 -19 -20 -21 -22 23 -24 -25 -26 27 -28 29 -30 -31 -32 33 -34 -35 36
0xf5123dd174e5bbde 9953 1 -2 -3 -4 -5 6 -7 -8 -9 10 11 12 -13 -14 15 16 17 18 -19 -20 -21 -22 23 -24 -25 -26 27 -28 29 -30 -31 -32 33 -34 -35 36
0xf6a1b39ef3543f3f 9214 1 2 -3 -4 5 6 7 -8 -9 -10 11 -12 -13 -14 15 16 17 -18 19 -20 21 -22 23 -24 -25 -26 27 -28 29 -30 -31 32 33 34 -35 36
0x462db1126bf8b913 9953 1 -2 -3 -4 -5 6 -7 -8 -9 10 11 12 -13 -14 15 16 17 18 -19 -20 -21 -22 23 -24 -25 -26 27 -28 29 -30 -31 -32 33 -34 -35 36
0x420a1f5b1b55cb53 9953 1 -2 -3 -4 -5 6 -7 -8 -9 10 11 12 -13 -14 15 16 17 18 -19 -20 -21 -22 23 -24 -25 -26 27 -28 29 -30 -31 -32 33 -34 -35 36
0x853e4462c1816c72 9953 1 -2 -3 -4 -5 6 -7 -8 -9 10 11 12 -13 -14 15 16 17 18 -19 -20 -21 -22 23 -24 -25 -26 27 -28 29 -30 -31 -32 33 -34 -35 36
0x224d9b8a2f881ce2 9953 1 -2 -3 -4 -5 6 -7 -8 -9 10 11 12 -13 -14 15 16 17 18 -19 -20 -21 -22 23 -24 -25 -26 27 -28 29 -30 -31 -32 33 -34 -35 36
0x3f8a028eb6c85db9 9953 1 -2 -3 -4 -5 6 -7 -8 -9 10 11 12 -13 -14 15 16 17 18 -19 -20 -21 -22 23 -24 -25 -26 27 -28 29 -30 -31 -32 33 -34 -35 36
0xdc44f741a1b9d094 9953 1 -2 -3 -4 -5 6 -7 -8 -9 10 11 12 -13 -14 15 16 17 18 -19 -20 -21 -22 23 -24 -25 -26 27 -28 29 -30 -31 -32 33 -34 -35 36
0xd792c24792f6bf5 9953 1 -2 -3 -4 -5 6 -7 -8 -9 10 11 12 -13 -14 15 16 17 18 -19 -20 -21 -22 23 -24 -25 -26 27 -28 29 -30 -31 -32 33 -34 -35 36
0xc44727baead1d2cb 9953 1 -2 -3 -4 -5 6 -7 -8 -9 10 11 12 -13 -14 15 16 17 18 -19 -20 -21 -22 23 -24 -25 -26 27 -28 29 -30 -31 -32 33 -34 -35 36
0xbaa3d9dc1bfc3bb6 9953 1 -2 -3 -4 -5 6 -7 -8 -9 10 11 12 -13 -14 15 16 17 18 -19 -20 -21 -22 23 -24 -25 -26 27 -28 29 -30 -31 -32 33 -34 -35 36
0x9c57b5804b2f52f6 9953 1 -2 -3 -4 -5 6 -7 -8 -9 10 11 12 -13 -14 15 16 17 18 -19 -20 -21 -22 23 -24 -25 -26 27 -28 29 -30 -31 -32 33 -34 -35 36
0x2876041652e9106b 9953 1 -2 -3 -4 -5 6 -7 -8 -9 10 11 12 -13 -14 15 16 17 18 -19 -20 -21 -22 23 -24 -25 -26 27 -28 29 -30 -31 -32 33 -34 -35 36
0xbd01f58e50ca96fd 9953 1 -2 -3 -4 -5 6 -7 -8 -9 10 11 12 -13 -14 15 16 17 18 -19 -20 -21 -22 23 -24 -25 -26 27 -28 29 -30 -31 -32 33 -34 -35 36
0x5929b22842c6ed20 9953 1 -2 -3 -4 -5 6 -7 -8 -9 10 11 12 -13 -14 15 16 17 18 -19 -20 -21 -22 23 -24 -25 -26 27 -28 29 -30 -31 -32 33 -34 -35 36