0x5326d6bf8a9aa6d4 549 -1 -2 3 -4 5 -6 7 8 -9 10 11 -12 13 -14 15 -16 17 -18 19 -20 -21 22 23 24 -25 -26 27 28 -29 30 -31 32 33 34 -35 -36
0xfee33ca8bb568306 549 -1 -2 3 -4 5 -6 7 8 -9 10 11 -12 13 -14 15 -16 17 -18 19 -20 -21 22 23 24 -25 -26 27 28 -29 30 -31 32 33 34 -35 -36
0x9f1fba9bef14e635 549 -1 -2 3 -4 5 -6 7 8 -9 10 11 -12 13 -14 15 -16 17 -18 19 -20 -21 22 23 24 -25 -26 27 28 -29 30 -31 32 33 34 -35 -36
0x1b5ee1f9c92c166d 549 -1 -2 3 -4 5 -6 7 8 -9 10 11 -12 13 -14 15 -16 17 -18 19 -20 -21 22 23 24 -25 -26 27 28 -29 30 -31 32 33 34 -35 -36
0xc962ed66b83dad21 549 -1 -2 3 -4 5 -6 7 8 -9 10 11 -12 13 -14 15 -16 17 -18 19 -20 -21 22 23 24 -25 -26 27 28 -29 30 -31 32 33 34 -35 -36
0xa1be0d3bee269969 549 -1 -2 3 -4 5 -6 7 8 -9 10 11 -12 13 -14 15 -16 17 -18 19 -20 -21 22 23 24 -25 -26 27 28 -29 30 -31 32 33 34 -35 -36
0xb18ff82a9dae5967 549 -1 -2 3 -4 5 -6 7 8 -9 10 11 -12 13 -14 15 -16 17 -18 19 -20 -21 22 23 24 -25 -26 27 28 -29 30 -31 32 33 34 -35 -36
0xa929c63e19071335 549 -1 -2 3 -4 5 -6 7 8 -9 10 11 -12 13 -14 15 -16 17 -18 19 -20 -21 22 23 24 -25 -26 27 28 -29 30 -31 32 33 34 -35 -36
0x8310f7b594d867f2 549 -1 -2 3 -4 5 -6 7 8 -9 10 11 -12 13 -14 15 -16 17 -18 19 -20 -21 22 23 24 -25 -26 27 28 -29 30 -31 32 33 34 -35 -36
0x2d3ad99b3f71ea5f 549 -1 -2 3 -4 5 -6 7 8 -9 10 11 -12 13 -14 15 -16 17 -18 19 -20 -21 22 23 24 -25 -26 27 28 -29 30 -31 32 33 34 -35 -36
0x27149c059ba2d4bf 549 -1 -2 3 -4 5 -6 7 8 -9 10 11 -12 13 -14 15 -16 17 -18 19 -20 -21 22 23 24 -25 -26 27 28 -29 30 -31 32 33 34 -35 -36
0x374cada529aafe5c 549 -1 -2 3 -4 5 -6 7 8 -9 10 11 -12 13 -14 15 -16 17 -18 19 -20 -21 22 23 24 -25 -26 27 28 -29 30 -31 32 33 34 -35 -36
0x7f05e738a7196102 549 -1 -2 3 -4 5 -6 7 8 -9 10 11 -12 13 -14 15 -16 17 -18 19 -20 -21 22 23 24 -25 -26 27 28 -29 30 -31 32 33 34 -35 -36
0xfc728718c2be2e80 549 -1 -2 3 -4 5 -6 7 8 -9 10 11 -12 13 -14 15 -16 17 -18 19 -20 -21 22 23 24 -25 -26 27 28 -29 30 -31 32 33 34 -35 -36
0xd1ae9b0e701e3e18 549 -1 -2 3 -4 5 -6 7 8 -9 10 11 -12 13 -14 15 -16 17 -18 19 -20 -21 22 23 24 -25 -26 27 28 -29 30 -31 32 33 34 -35 -36
0xa22a5586d3e75746 549 -1 -2 3 -4 5 -6 7 8 -9 10 11 -12 13 -14 15 -16 17 -18 19 -20 -21 22 23 24 -25 -26 27 28 -29 30 -31 32 33 34 -35 -36
0x7a7ba895db844bd0 549 -1 -2 3 -4 5 -6 7 8 -9 10 11 -12 13 -14 15 -16 17 -18 19 -20 -21 22 23 24 -25 -26 27 28 -29 30 -31 32 33 34 -35 -36
0xb14b06181dd7d1cf 549 -1 -2 3 -4 5 -6 7 8 -9 10 11 -12 13 -14 15 -16 17 -18 19 -20 -21 22 23 24 -25 -26 27 28 -29 30 -31 32 33 34 -35 -36
0xa3aa4de1d4631227 549 -1 -2 3 -4 5 -6 7 8 -9 10 11 -12 13 -14 15 -16 17 -18 19 -20 -21 22 23 24 -25 -26 27 28 -29 30 -31 32 33 34 -35 -36
0x9a2f20e6b7a85ab3 549 -1 -2 3 -4 5 -6 7 8 -9 10 11 -12 13 -14 15 -16 17 -18 19 -20 -21 22 23 24 -25 -26 27 28 -29 30 -31 32 33 34 -35 -36
0xb554afac7d5e1bb2 549 -1 -2 3 -4 5 -6 7 8 -9 10 11 -12 13 -14 15 -16 17 -18 19 -20 -21 22 23 24 -25 -26 27 28 -29 30 -31 32 33 34 -35 -36
0xb8f2ddcb2106fce9 549 -1 -2 3 -4 5 -6 7 8 -9 10 11 -12 13 -14 15 -16 17 -18 19 -20 -21 22 23 24 -25 -26 27 28 -29 30 -31 32 33 34 -35 -36
0x73f2786a2e4c55a4 549 -1 -2 3 -4 5 -6 7 8 -9 10 11 -12 13 -14 15 -16 17 -18 19 -20 -21 22 23 24 -25 -26 27 28 -29 30 -31 32 33 34 -35 -36
0x7cb3046db46dbb98 549 -1 -2 3 -4 5 -6 7 8 -9 10 11 -12 13 -14 15 -16 17 -18 19 -20 -21 22 23 24 -25 -26 27 28 -29 30 -31 32 33 34 -35 -36
0x38eb66583bcf6a5d 549 -1 -2 3 -4 5 -6 7 8 -9 10 11 -12 13 -14 15 -16 17 -18 19 -20 -21 22 23 24 -25 -26 27 28 -29 30 -31 32 33 34 -35 -36
0x6675345d0043273e 549 -1 -2 3 -4 5 -6 7 8 -9 10 11 -12 13 -14 15 -16 17 -18 19 -20 -21 22 23 24 -25 -26 27 28 -29 30 -31 32 33 34 -35 -36
0xd4cecceef024f31d 549 -1 -2 3 -4 5 -6 7 8 -9 10 11 -12 13 -14 15 -16 17 -18 19 -20 -21 22 23 24 -25 -26 27 28 -29 30 -31 32 33 34 -35 -36
0x13008de5cc769cf8 549 -1 -2 3 -4 5 -6 7 8 -9 10 11 -12 13 -14 15 -16 17 -18 19 -20 -21 22 23 24 -25 -26 27 28 -29 30 -31 32 33 34 -35 -36
0x529d1f75bcea1a73 549 -1 -2 3 -4 5 -6 7 8 -9 10 11 -12 13 -14 15 -16 17 -18 19 -20 -21 22 23 24 -25 -26 27 28 -29 30 -31 32 33 34 -35 -36
0xa0f2bdfa66fc29ec 549 -1 -2 3 -4 5 -6 7 8 -9 10 11 -12 13 -14 15 -16 17 -18 19 -20 -21 22 23 24 -25 -26 27 28 -29 30 -31 32 33 34 -35 -36