0xef06d97d6e66a551 1819 1 2 3 4 5 -6 -7 -8 -9 10 11 -12 -13 -14 15 16 -17 18 19 -20 21 -22 -23 24 -25 -26 27 28 29 -30 31 32 33 34 35 36
0x23e95925379a1464 1819 1 2 3 4 5 -6 -7 -8 -9 10 11 -12 -13 -14 15 16 -17 18 19 -20 21 -22 -23 24 -25 -26 27 28 29 -30 31 32 33 34 35 36
0x199dc7555acb36c0 1819 1 2 3 4 5 -6 -7 -8 -9 10 11 -12 -13 -14 15 16 -17 18 19 -20 21 -22 -23 24 -25 -26 27 28 29 -30 31 32 33 34 35 36
0x36250f31d7fe4757 1819 1 2 3 4 5 -6 -7 -8 -9 10 11 -12 -13 -14 15 16 -17 18 19 -20 21 -22 -23 24 -25 -26 27 28 29 -30 31 32 33 34 35 36
0x46ce214f2bf3bfb9 1819 1 2 3 4 5 -6 -7 -8 -9 10 11 -12 -13 -14 15 16 -17 18 19 -20 21 -22 -23 24 -25 -26 27 28 29 -30 31 32 33 34 35 36
0xc4adb25bf4a12199 1819 1 2 3 4 5 -6 -7 -8 -9 10 11 -12 -13 -14 15 16 -17 18 19 -20 21 -22 -23 24 -25 -26 27 28 29 -30 31 32 33 34 35 36
0xb43431b1e85c47d7 1819 1 2 3 4 5 -6 -7 -8 -9 10 11 -12 -13 -14 15 16 -17 18 19 -20 21 -22 -23 24 -25 -26 27 28 29 -30 31 32 33 34 35 36
0xd0c23b7c5ffa56de 1819 1 2 3 4 5 -6 -7 -8 -9 10 11 -12 -13 -14 15 16 -17 18 19 -20 21 -22 -23 24 -25 -26 27 28 29 -30 31 32 33 34 35 36
0xa5be0c654666d630 1819 1 2 3 4 5 -6 -7 -8 -9 10 11 -12 -13 -14 15 16 -17 18 19 -20 21 -22 -23 24 -25 -26 27 28 29 -30 31 32 33 34 35 36
0x296984db1770c3a 1819 1 2 3 4 5 -6 -7 -8 -9 10 11 -12 -13 -14 15 16 -17 18 19 -20 21 -22 -23 24 -25 -26 27 28 29 -30 31 32 33 34 35 36
0x2b1c84ae1693d36c 1819 1 2 3 4 5 -6 -7 -8 -9 10 11 -12 -13 -14 15 16 -17 18 19 -20 21 -22 -23 24 -25 -26 27 28 29 -30 31 32 33 34 35 36
0xfcb740eb5c3bfba 1819 1 2 3 4 5 -6 -7 -8 -9 10 11 -12 -13 -14 15 16 -17 18 19 -20 21 -22 -23 24 -25 -26 27 28 29 -30 31 32 33 34 35 36
0x58e7218cd5c4d41e 1819 1 2 3 4 5 -6 -7 -8 -9 10 11 -12 -13 -14 15 16 -17 18 19 -20 21 -22 -23 24 -25 -26 27 28 29 -30 31 32 33 34 35 36
0x582a4c5bed1bc812 1819 1 2 3 4 5 -6 -7 -8 -9 10 11 -12 -13 -14 15 16 -17 18 19 -20 21 -22 -23 24 -25 -26 27 28 29 -30 31 32 33 34 35 36
0xca057341203edd18 1819 1 2 3 4 5 -6 -7 -8 -9 10 11 -12 -13 -14 15 16 -17 18 19 -20 21 -22 -23 24 -25 -26 27 28 29 -30 31 32 33 34 35 36
0x5cab6015a1424434 1819 1 2 3 4 5 -6 -7 -8 -9 10 11 -12 -13 -14 15 16 -17 18 19 -20 21 -22 -23 24 -25 -26 27 28 29 -30 31 32 33 34 35 36
0xca7038b10b009731 1819 1 2 3 4 5 -6 -7 -8 -9 10 11 -12 -13 -14 15 16 -17 18 19 -20 21 -22 -23 24 -25 -26 27 28 29 -30 31 32 33 34 35 36
0x440081d0ac26c32f 1819 1 2 3 4 5 -6 -7 -8 -9 10 11 -12 -13 -14 15 16 -17 18 19 -20 21 -22 -23 24 -25 -26 27 28 29 -30 31 32 33 34 35 36
0x6def3e9199cee06f 1819 1 2 3 4 5 -6 -7 -8 -9 10 11 -12 -13 -14 15 16 -17 18 19 -20 21 -22 -23 24 -25 -26 27 28 29 -30 31 32 33 34 35 36
0x2f17b4dd062685ed 1819 1 2 3 4 5 -6 -7 -8 -9 10 11 -12 -13 -14 15 16 -17 18 19 -20 21 -22 -23 24 -25 -26 27 28 29 -30 31 32 33 34 35 36
0x73f5946c0f2cd1e6 1819 1 2 3 4 5 -6 -7 -8 -9 10 11 -12 -13 -14 15 16 -17 18 19 -20 21 -22 -23 24 -25 -26 27 28 29 -30 31 32 33 34 35 36
0xb5259d7104a8d320 1819 1 2 3 4 5 -6 -7 -8 -9 10 11 -12 -13 -14 15 16 -17 18 19 -20 21 -22 -23 24 -25 -26 27 28 29 -30 31 32 33 34 35 36
0x5de1ae148b125a4 1819 1 2 3 4 5 -6 -7 -8 -9 10 11 -12 -13 -14 15 16 -17 18 19 -20 21 -22 -23 24 -25 -26 27 28 29 -30 31 32 33 34 35 36
0x6fd61aa50267a932 1819 1 2 3 4 5 -6 -7 -8 -9 10 11 -12 -13 -14 15 16 -17 18 19 -20 21 -22 -23 24 -25 -26 27 28 29 -30 31 32 33 34 35 36
0x28b9c19b22edc438 1819 1 2 3 4 5 -6 -7 -8 -9 10 11 -12 -13 -14 15 16 -17 18 19 -20 21 -22 -23 24 -25 -26 27 28 29 -30 31 32 33 34 35 36
0x349ce690b830675c 1819 1 2 3 4 5 -6 -7 -8 -9 10 11 -12 -13 -14 15 16 -17 18 19 -20 21 -22 -23 24 -25 -26 27 28 29 -30 31 32 33 34 35 36
0x97b2571c30035c41 1819 1 2 3 4 5 -6 -7 -8 -9 10 11 -12 -13 -14 15 16 -17 18 19 -20 21 -22 -23 24 -25 -26 27 28 29 -30 31 32 33 34 35 36
0x7544608623e7842d 1819 1 2 3 4 5 -6 -7 -8 -9 10 11 -12 -13 -14 15 16 -17 18 19 -20 21 -22 -23 24 -25 -26 27 28 29 -30 31 32 33 34 35 36
0xdb1e874b19eaf98d 1819 1 2 3 4 5 -6 -7 -8 -9 10 11 -12 -13 -14 15 16 -17 18 19 -20 21 -22 -23 24 -25 -26 27 28 29 -30 31 32 33 34 35 36
0x873f8e9b8e334171 1819 1 2 3 4 5 -6 -7 -8 -9 10 11 -12 -13 -14 15 16 -17 18 19 -20 21 -22 -23 24 -25 -26 27 28 29 -30 31 32 33 34 35 36