0x34bc67ed37db8c1c 5062 -1 -2 -3 4 -5 6 7 8 9 -10 -11 -12 -13 14 -15 -16 17 18 19 -20 21 22 23 24 -25 26 27 -28 29 -30 31 -32 -33 -34 -35 36
0x3b30c0a1f5fb6a3b 4796 -1 -2 -3 -4 -5 6 7 8 9 -10 -11 -12 -13 14 -15 -16 17 18 19 -20 21 22 23 24 -25 26 27 -28 29 -30 31 -32 -33 -34 -35 36
0x91a5cafe96b6ab45 2583 1 -2 -3 4 5 -6 -7 -8 -9 -10 11 12 -13 -14 15 16 -17 -18 -19 -20 -21 22 -23 24 25 -26 -27 28 29 -30 -31 32 33 34 35 36
0xfb92fe4acf0aef54 5062 -1 -2 -3 4 -5 6 7 8 9 -10 -11 -12 -13 14 -15 -16 17 18 19 -20 21 22 23 24 -25 26 27 -28 29 -30 31 -32 -33 -34 -35 36
0xdd766b7f23d000a1 2583 1 -2 -3 4 5 -6 -7 -8 -9 -10 11 12 -13 -14 15 16 -17 -18 -19 -20 -21 22 -23 24 25 -26 -27 28 29 -30 -31 32 33 34 35 36
0xcc91259b0015506b 5062 -1 -2 -3 4 -5 6 7 8 9 -10 -11 -12 -13 14 -15 -16 17 18 19 -20 21 22 23 24 -25 26 27 -28 29 -30 31 -32 -33 -34 -35 36
0x8678cc26cf665ece 5062 -1 -2 -3 4 -5 6 7 8 9 -10 -11 -12 -13 14 -15 -16 17 18 19 -20 21 22 23 24 -25 26 27 -28 29 -30 31 -32 -33 -34 -35 36
0xf7cfa47f1a1dbf26 5062 -1 -2 -3 4 -5 6 7 8 9 -10 -11 -12 -13 14 -15 -16 17 18 19 -20 21 22 23 24 -25 26 27 -28 29 -30 31 -32 -33 -34 -35 36
0xba7bd529e803598 5062 -1 -2 -3 4 -5 6 7 8 9 -10 -11 -12 -13 14 -15 -16 17 18 19 -20 21 22 23 24 -25 26 27 -28 29 -30 31 -32 -33 -34 -35 36
0x6016d9d4afce43ba 5062 -1 -2 -3 4 -5 6 7 8 9 -10 -11 -12 -13 14 -15 -16 17 18 19 -20 21 22 23 24 -25 26 27 -28 29 -30 31 -32 -33 -34 -35 36
0xeed537560102d3e3 5062 -1 -2 -3 4 -5 6 7 8 9 -10 -11 -12 -13 14 -15 -16 17 18 19 -20 21 22 23 24 -25 26 27 -28 29 -30 31 -32 -33 -34 -35 36
0xa6c9ddf381b40a4f 5062 -1 -2 -3 4 -5 6 7 8 9 -10 -11 -12 -13 14 -15 -16 17 18 19 -20 21 22 23 24 -25 26 27 -28 29 -30 31 -32 -33 -34 -35 36
0x14a8fb619ace9165 2583 1 -2 -3 4 5 -6 -7 -8 -9 -10 11 12 -13 -14 15 16 -17 -18 -19 -20 -21 22 -23 24 25 -26 -27 28 29 -30 -31 32 33 34 35 36
0x97981647be5d2b75 5062 -1 -2 -3 4 -5 6 7 8 9 -10 -11 -12 -13 14 -15 -16 17 18 19 -20 21 22 23 24 -25 26 27 -28 29 -30 31 -32 -33 -34 -35 36
0x55747dbf7bb32c2e 5062 -1 -2 -3 4 -5 6 7 8 9 -10 -11 -12 -13 14 -15 -16 17 18 19 -20 21 22 23 24 -25 26 27 -28 29 -30 31 -32 -33 -34 -35 36
0x799f08d6d43a0228 5062 -1 -2 -3 4 -5 6 7 8 9 -10 -11 -12 -13 14 -15 -16 17 18 19 -20 21 22 23 24 -25 26 27 -28 29 -30 31 -32 -33 -34 -35 36
0x621b2612a397d05a 5062 -1 -2 -3 4 -5 6 7 8 9 -10 -11 -12 -13 14 -15 -16 17 18 19 -20 21 22 23 24 -25 26 27 -28 29 -30 31 -32 -33 -34 -35 36
0xca0f3aea182517a2 5062 -1 -2 -3 4 -5 6 7 8 9 -10 -11 -12 -13 14 -15 -16 17 18 19 -20 21 22 23 24 -25 26 27 -28 29 -30 31 -32 -33 -34 -35 36
0xe3f453467ae77042 5062 -1 -2 -3 4 -5 6 7 8 9 -10 -11 -12 -13 14 -15 -16 17 18 19 -20 21 22 23 24 -25 26 27 -28 29 -30 31 -32 -33 -34 -35 36
0xb1032106e087535e 4796 -1 -2 -3 -4 -5 6 7 8 9 -10 -11 -12 -13 14 -15 -16 17 18 19 -20 21 22 23 24 -25 26 27 -28 29 -30 31 -32 -33 -34 -35 36
0xb6ac4b7ecef6f482 5062 -1 -2 -3 4 -5 6 7 8 9 -10 -11 -12 -13 14 -15 -16 17 18 19 -20 21 22 23 24 -25 26 27 -28 29 -30 31 -32 -33 -34 -35 36
0x7e2a0ef56dc02b19 5062 -1 -2 -3 4 -5 6 7 8 9 -10 -11 -12 -13 14 -15 -16 17 18 19 -20 21 22 23 24 -25 26 27 -28 29 -30 31 -32 -33 -34 -35 36
0xf844d30b2e4c8d13 4796 -1 -2 -3 -4 -5 6 7 8 9 -10 -11 -12 -13 14 -15 -16 17 18 19 -20 21 22 23 24 -25 26 27 -28 29 -30 31 -32 -33 -34 -35 36
0x4ff7d66325fa065c 5062 -1 -2 -3 4 -5 6 7 8 9 -10 -11 -12 -13 14 -15 -16 17 18 19 -20 21 22 23 24 -25 26 27 -28 29 -30 31 -32 -33 -34 -35 36
0xf2e30456de2d8096 5062 -1 -2 -3 4 -5 6 7 8 9 -10 -11 -12 -13 14 -15 -16 17 18 19 -20 21 22 23 24 -25 26 27 -28 29 -30 31 -32 -33 -34 -35 36
0x370ace0affea166d 5062 -1 -2 -3 4 -5 6 7 8 9 -10 -11 -12 -13 14 -15 -16 17 18 19 -20 21 22 23 24 -25 26 27 -28 29 -30 31 -32 -33 -34 -35 36
0x1538e31e1d44e93 5062 -1 -2 -3 4 -5 6 7 8 9 -10 -11 -12 -13 14 -15 -16 17 18 19 -20 21 22 23 24 -25 26 27 -28 29 -30 31 -32 -33 -34 -35 36
0x817d4978405413b 5062 -1 -2 -3 4 -5 6 7 8 9 -10 -11 -12 -13 14 -15 -16 17 18 19 -20 21 22 23 24 -25 26 27 -28 29 -30 31 -32 -33 -34 -35 36
0x9a72819b594d4d9e 5062 -1 -2 -3 4 -5 6 7 8 9 -10 -11 -12 -13 14 -15 -16 17 18 19 -20 21 22 23 24 -25 26 27 -28 29 -30 31 -32 -33 -34 -35 36
0x93fab1abfdcc5f78 5062 -1 -2 -3 4 -5 6 7 8 9 -10 -11 -12 -13 14 -15 -16 17 18 19 -20 21 22 23 24 -25 26 27 -28 29 -30 31 -32 -33 -34 -35 36