0xd721a4a1d94c271e 551 1 -2 3 4 5 -6 -7 -8 9 10 -11 12 13 14 -15 -16 -17 -18 -19 -20 -21 -22 23 24 25 26 27 28 29 30 31 -32 33 34 35 -36
0xde3990cbd48d222f 551 1 -2 3 4 5 -6 -7 -8 9 10 -11 12 13 14 -15 -16 -17 -18 -19 -20 -21 -22 23 24 25 26 27 28 29 30 31 -32 33 34 35 -36
0x87302e6702705505 551 1 -2 3 4 5 -6 -7 -8 9 10 -11 12 13 14 -15 -16 -17 -18 -19 -20 -21 -22 23 24 25 26 27 28 29 30 31 -32 33 34 35 -36
0xcff106d76058540d 5063 -1 2 -3 -4 5 6 7 8 -9 10 11 12 13 -14 -15 16 -17 -18 19 -20 21 -22 -23 24 -25 26 -27 28 -29 -30 31 -32 33 34 -35 36
0x16a7aa1d46fc9249 551 1 -2 3 4 5 -6 -7 -8 9 10 -11 12 13 14 -15 -16 -17 -18 -19 -20 -21 -22 23 24 25 26 27 28 29 30 31 -32 33 34 35 -36
0xcf9feaa14a9ac5e2 551 1 -2 3 4 5 -6 -7 -8 9 10 -11 12 13 14 -15 -16 -17 -18 -19 -20 -21 -22 23 24 25 26 27 28 29 30 31 -32 33 34 35 -36
0xe5ab06981f94c728 551 1 -2 3 4 5 -6 -7 -8 9 10 -11 12 13 14 -15 -16 -17 -18 -19 -20 -21 -22 23 24 25 26 27 28 29 30 31 -32 33 34 35 -36
0x217c5871998d656b 551 1 -2 3 4 5 -6 -7 -8 9 10 -11 12 13 14 -15 -16 -17 -18 -19 -20 -21 -22 23 24 25 26 27 28 29 30 31 -32 33 34 35 -36
0x7f4acc97eeb103 551 1 -2 3 4 5 -6 -7 -8 9 10 -11 12 13 14 -15 -16 -17 -18 -19 -20 -21 -22 23 24 25 26 27 28 29 30 31 -32 33 34 35 -36
0x7a2b9b718c93db6b 19 -1 -2 3 4 5 -6 -7 -8 9 10 -11 12 13 14 -15 -16 -17 -18 -19 -20 -21 -22 23 24 25 26 27 28 29 30 -31 -32 33 34 35 -36
0x363b339c59b697f3 551 1 -2 3 4 5 -6 -7 -8 9 10 -11 12 13 14 -15 -16 -17 -18 -19 -20 -21 -22 23 24 25 26 27 28 29 30 31 -32 33 34 35 -36
0xf59e447881f78071 551 1 -2 3 4 5 -6 -7 -8 9 10 -11 12 13 14 -15 -16 -17 -18 -19 -20 -21 -22 23 24 25 26 27 28 29 30 31 -32 33 34 35 -36
0xa4cd49863c4abcb1 551 1 -2 3 4 5 -6 -7 -8 9 10 -11 12 13 14 -15 -16 -17 -18 -19 -20 -21 -22 23 24 25 26 27 28 29 30 31 -32 33 34 35 -36
0xa9a22cccca79cdbd 551 1 -2 3 4 5 -6 -7 -8 9 10 -11 12 13 14 -15 -16 -17 -18 -19 -20 -21 -22 23 24 25 26 27 28 29 30 31 -32 33 34 35 -36
0xd8c21a533e78895 551 1 -2 3 4 5 -6 -7 -8 9 10 -11 12 13 14 -15 -16 -17 -18 -19 -20 -21 -22 23 24 25 26 27 28 29 30 31 -32 33 34 35 -36
0x21760b7e461011c9 551 1 -2 3 4 5 -6 -7 -8 9 10 -11 12 13 14 -15 -16 -17 -18 -19 -20 -21 -22 23 24 25 26 27 28 29 30 31 -32 33 34 35 -36
0x3c55a1c24614a46 551 1 -2 3 4 5 -6 -7 -8 9 10 -11 12 13 14 -15 -16 -17 -18 -19 -20 -21 -22 23 24 25 26 27 28 29 30 31 -32 33 34 35 -36
0xa9c03e2bcfa144d3 285 -1 -2 3 4 5 -6 -7 -8 9 10 -11 12 13 14 -15 -16 -17 -18 -19 -20 -21 -22 23 24 25 26 27 28 29 30 31 -32 33 34 35 -36
0x23007d016f8bb33f 551 1 -2 3 4 5 -6 -7 -8 9 10 -11 12 13 14 -15 -16 -17 -18 -19 -20 -21 -22 23 24 25 26 27 28 29 30 31 -32 33 34 35 -36
0x463ece49ab38edec 285 -1 -2 3 4 5 -6 -7 -8 9 10 -11 12 13 14 -15 -16 -17 -18 -19 -20 -21 -22 23 24 25 26 27 28 29 30 31 -32 33 34 35 -36
0xb15149730cc23d50 551 1 -2 3 4 5 -6 -7 -8 9 10 -11 12 13 14 -15 -16 -17 -18 -19 -20 -21 -22 23 24 25 26 27 28 29 30 31 -32 33 34 35 -36
0x3265e91c6f39d5f1 285 1 -2 3 4 5 -6 -7 -8 9 10 -11 12 13 14 -15 -16 -17 -18 -19 -20 -21 -22 23 24 25 26 27 28 29 30 -31 -32 33 34 35 -36
0x106610def09cf6f1 551 1 -2 3 4 5 -6 -7 -8 9 10 -11 12 13 14 -15 -16 -17 -18 -19 -20 -21 -22 23 24 25 26 27 28 29 30 31 -32 33 34 35 -36
0xea844da011516cb2 551 1 -2 3 4 5 -6 -7 -8 9 10 -11 12 13 14 -15 -16 -17 -18 -19 -20 -21 -22 23 24 25 26 27 28 29 30 31 -32 33 34 35 -36
0x1064f08fa07d4f20 551 1 -2 3 4 5 -6 -7 -8 9 10 -11 12 13 14 -15 -16 -17 -18 -19 -20 -21 -22 23 24 25 26 27 28 29 30 31 -32 33 34 35 -36
0x4a99122b3b9b3946 551 1 -2 3 4 5 -6 -7 -8 9 10 -11 12 13 14 -15 -16 -17 -18 -19 -20 -21 -22 23 24 25 26 27 28 29 30 31 -32 33 34 35 -36
0x1215b3655ffd47ce 551 1 -2 3 4 5 -6 -7 -8 9 10 -11 12 13 14 -15 -16 -17 -18 -19 -20 -21 -22 23 24 25 26 27 28 29 30 31 -32 33 34 35 -36
0x32c5a622f04ac745 3999 1 -2 -3 -4 -5 6 -7 -8 -9 -10 -11 12 13 -14 15 16 17 18 -19 -20 21 -22 -23 -24 25 26 27 28 -29 30 -31 32 33 -34 35 -36
0x74160aafb349308f 551 1 -2 3 4 5 -6 -7 -8 9 10 -11 12 13 14 -15 -16 -17 -18 -19 -20 -21 -22 23 24 25 26 27 28 29 30 31 -32 33 34 35 -36
0x8d728d731487a961 285 1 -2 3 4 5 -6 -7 -8 9 10 -11 12 13 14 -15 -16 -17 -18 -19 -20 -21 -22 23 24 25 26 27 28 29 30 -31 -32 33 34 35 -36