0xb221f54b30b7b95 813 -1 -2 3 -4 5 6 -7 8 -9 -10 -11 12 13 14 15 -16 17 18 19 20 21 -22 -23 -24 -25 -26 27 -28 -29 30 -31 -32 -33 34 -35 36
0x64d6cc0a881aaa1f 813 -1 -2 3 -4 5 6 -7 8 -9 -10 -11 12 13 14 15 -16 17 18 19 20 21 -22 -23 -24 -25 -26 27 -28 -29 30 -31 -32 -33 34 -35 36
0xe0b5b9a960a6fd69 813 -1 -2 3 -4 5 6 -7 8 -9 -10 -11 12 13 14 15 -16 17 18 19 20 21 -22 -23 -24 -25 -26 27 -28 -29 30 -31 -32 -33 34 -35 36
0xedd201cc2291bed0 813 -1 -2 3 -4 5 6 -7 8 -9 -10 -11 12 13 14 15 -16 17 18 19 20 21 -22 -23 -24 -25 -26 27 -28 -29 30 -31 -32 -33 34 -35 36
0x21f55c9d157c2151 813 -1 -2 3 -4 5 6 -7 8 -9 -10 -11 12 13 14 15 -16 17 18 19 20 21 -22 -23 -24 -25 -26 27 -28 -29 30 -31 -32 -33 34 -35 36
0xf9d2912c7b203085 813 -1 -2 3 -4 5 6 -7 8 -9 -10 -11 12 13 14 15 -16 17 18 19 20 21 -22 -23 -24 -25 -26 27 -28 -29 30 -31 -32 -33 34 -35 36
0x6fa480bbc19c316d 813 -1 -2 3 -4 5 6 -7 8 -9 -10 -11 12 13 14 15 -16 17 18 19 20 21 -22 -23 -24 -25 -26 27 -28 -29 30 -31 -32 -33 34 -35 36
0xcbb119754f4e8a4c 813 -1 -2 3 -4 5 6 -7 8 -9 -10 -11 12 13 14 15 -16 17 18 19 20 21 -22 -23 -24 -25 -26 27 -28 -29 30 -31 -32 -33 34 -35 36
0x9da3aa62c858d5b2 813 -1 -2 3 -4 5 6 -7 8 -9 -10 -11 12 13 14 15 -16 17 18 19 20 21 -22 -23 -24 -25 -26 27 -28 -29 30 -31 -32 -33 34 -35 36
0xa8a46ae060159d4b 813 -1 -2 3 -4 5 6 -7 8 -9 -10 -11 12 13 14 15 -16 17 18 19 20 21 -22 -23 -24 -25 -26 27 -28 -29 30 -31 -32 -33 34 -35 36
0x65c3a98903f08abf 813 -1 -2 3 -4 5 6 -7 8 -9 -10 -11 12 13 14 15 -16 17 18 19 20 21 -22 -23 -24 -25 -26 27 -28 -29 30 -31 -32 -33 34 -35 36
0xef8c6d3d55c75aff 813 -1 -2 3 -4 5 6 -7 8 -9 -10 -11 12 13 14 15 -16 17 18 19 20 21 -22 -23 -24 -25 -26 27 -28 -29 30 -31 -32 -33 34 -35 36
0x9302055636c62fcf 813 -1 -2 3 -4 5 6 -7 8 -9 -10 -11 12 13 14 15 -16 17 18 19 20 21 -22 -23 -24 -25 -26 27 -28 -29 30 -31 -32 -33 34 -35 36
0x4279652bd474eb95 813 -1 -2 3 -4 5 6 -7 8 -9 -10 -11 12 13 14 15 -16 17 18 19 20 21 -22 -23 -24 -25 -26 27 -28 -29 30 -31 -32 -33 34 -35 36
0x4ea866c6b77b8361 813 -1 -2 3 -4 5 6 -7 8 -9 -10 -11 12 13 14 15 -16 17 18 19 20 21 -22 -23 -24 -25 -26 27 -28 -29 30 -31 -32 -33 34 -35 36
0xf1ea50e2ac7f733d 813 -1 -2 3 -4 5 6 -7 8 -9 -10 -11 12 13 14 15 -16 17 18 19 20 21 -22 -23 -24 -25 -26 27 -28 -29 30 -31 -32 -33 34 -35 36
0x55f6a5291c27bcb3 813 -1 -2 3 -4 5 6 -7 8 -9 -10 -11 12 13 14 15 -16 17 18 19 20 21 -22 -23 -24 -25 -26 27 -28 -29 30 -31 -32 -33 34 -35 36
0xc21cfccaa21687e9 813 -1 -2 3 -4 5 6 -7 8 -9 -10 -11 12 13 14 15 -16 17 18 19 20 21 -22 -23 -24 -25 -26 27 -28 -29 30 -31 -32 -33 34 -35 36
0xb5d126467b981109 813 -1 -2 3 -4 5 6 -7 8 -9 -10 -11 12 13 14 15 -16 17 18 19 20 21 -22 -23 -24 -25 -26 27 -28 -29 30 -31 -32 -33 34 -35 36
0x2adadd41846fb49c 813 -1 -2 3 -4 5 6 -7 8 -9 -10 -11 12 13 14 15 -16 17 18 19 20 21 -22 -23 -24 -25 -26 27 -28 -29 30 -31 -32 -33 34 -35 36
0xa2daddb22ce88ab6 813 -1 -2 3 -4 5 6 -7 8 -9 -10 -11 12 13 14 15 -16 17 18 19 20 21 -22 -23 -24 -25 -26 27 -28 -29 30 -31 -32 -33 34 -35 36
0x76ae15f0dfe6e4e2 813 -1 -2 3 -4 5 6 -7 8 -9 -10 -11 12 13 14 15 -16 17 18 19 20 21 -22 -23 -24 -25 -26 27 -28 -29 30 -31 -32 -33 34 -35 36
0xb740fe1dee31284b 813 -1 -2 3 -4 5 6 -7 8 -9 -10 -11 12 13 14 15 -16 17 18 19 20 21 -22 -23 -24 -25 -26 27 -28 -29 30 -31 -32 -33 34 -35 36
0x291e10b52245502c 813 -1 -2 3 -4 5 6 -7 8 -9 -10 -11 12 13 14 15 -16 17 18 19 20 21 -22 -23 -24 -25 -26 27 -28 -29 30 -31 -32 -33 34 -35 36
0xaed1a06eadcea47a 813 -1 -2 3 -4 5 6 -7 8 -9 -10 -11 12 13 14 15 -16 17 18 19 20 21 -22 -23 -24 -25 -26 27 -28 -29 30 -31 -32 -33 34 -35 36
0xabe8875ad73970cf 813 -1 -2 3 -4 5 6 -7 8 -9 -10 -11 12 13 14 15 -16 17 18 19 20 21 -22 -23 -24 -25 -26 27 -28 -29 30 -31 -32 -33 34 -35 36
0x54166b3ddb38c79a 813 -1 -2 3 -4 5 6 -7 8 -9 -10 -11 12 13 14 15 -16 17 18 19 20 21 -22 -23 -24 -25 -26 27 -28 -29 30 -31 -32 -33 34 -35 36
0xfd33932817949d86 813 -1 -2 3 -4 5 6 -7 8 -9 -10 -11 12 13 14 15 -16 17 18 19 20 21 -22 -23 -24 -25 -26 27 -28 -29 30 -31 -32 -33 34 -35 36
0xe8818a575284c928 813 -1 -2 3 -4 5 6 -7 8 -9 -10 -11 12 13 14 15 -16 17 18 19 20 21 -22 -23 -24 -25 -26 27 -28 -29 30 -31 -32 -33 34 -35 36
0x4d410c4fe077b2ec 813 -1 -2 3 -4 5 6 -7 8 -9 -10 -11 12 13 14 15 -16 17 18 19 20 21 -22 -23 -24 -25 -26 27 -28 -29 30 -31 -32 -33 34 -35 36