0x87e4c4f68dcaa589 2563 -1 2 -3 4 5 6 7 -8 -9 -10 11 12 -13 14 15 -16 -17 -18 19 20 21 22 23 24 25 26 -27 -28 -29 30 31 -32 33 34 35 -36
0x7db41f0ffd703bb6 2563 -1 2 -3 4 5 6 7 -8 -9 -10 11 12 -13 14 15 -16 -17 -18 19 20 21 22 23 24 25 26 -27 -28 -29 30 31 -32 33 34 35 -36
0xc96715727c0d39a8 2563 -1 2 -3 4 5 6 7 -8 -9 -10 11 12 -13 14 15 -16 -17 -18 19 20 21 22 23 24 25 26 -27 -28 -29 30 31 -32 33 34 35 -36
0xf07aae70ef90bece 2563 -1 2 -3 4 5 6 7 -8 -9 -10 11 12 -13 14 15 -16 -17 -18 19 20 21 22 23 24 25 26 -27 -28 -29 30 31 -32 33 34 35 -36
0xc4b5f3c10b31907a 2563 -1 2 -3 4 5 6 7 -8 -9 -10 11 12 -13 14 15 -16 -17 -18 19 20 21 22 23 24 25 26 -27 -28 -29 30 31 -32 33 34 35 -36
0x7912726bb361605a 2563 -1 2 -3 4 5 6 7 -8 -9 -10 11 12 -13 14 15 -16 -17 -18 19 20 21 22 23 24 25 26 -27 -28 -29 30 31 -32 33 34 35 -36
0xc688644d41af9ecb 2563 -1 2 -3 4 5 6 7 -8 -9 -10 11 12 -13 14 15 -16 -17 -18 19 20 21 22 23 24 25 26 -27 -28 -29 30 31 -32 33 34 35 -36
0x5b77bf7e84a80a76 2563 -1 2 -3 4 5 6 7 -8 -9 -10 11 12 -13 14 15 -16 -17 -18 19 20 21 22 23 24 25 26 -27 -28 -29 30 31 -32 33 34 35 -36
0xc73d4134c2910f39 2563 -1 2 -3 4 5 6 7 -8 -9 -10 11 12 -13 14 15 -16 -17 -18 19 20 21 22 23 24 25 26 -27 -28 -29 30 31 -32 33 34 35 -36
0xdc3b8da797565bcd 2563 -1 2 -3 4 5 6 7 -8 -9 -10 11 12 -13 14 15 -16 -17 -18 19 20 21 22 23 24 25 26 -27 -28 -29 30 31 -32 33 34 35 -36
0x84e788fbf6c197e7 2563 -1 2 -3 4 5 6 7 -8 -9 -10 11 12 -13 14 15 -16 -17 -18 19 20 21 22 23 24 25 26 -27 -28 -29 30 31 -32 33 34 35 -36
0xabb63696543f2659 2563 -1 2 -3 4 5 6 7 -8 -9 -10 11 12 -13 14 15 -16 -17 -18 19 20 21 22 23 24 25 26 -27 -28 -29 30 31 -32 33 34 35 -36
0xe13f39bd36eb0f87 2563 -1 2 -3 4 5 6 7 -8 -9 -10 11 12 -13 14 15 -16 -17 -18 19 20 21 22 23 24 25 26 -27 -28 -29 30 31 -32 33 34 35 -36
0x7376336ff621a00d 2563 -1 2 -3 4 5 6 7 -8 -9 -10 11 12 -13 14 15 -16 -17 -18 19 20 21 22 23 24 25 26 -27 -28 -29 30 31 -32 33 34 35 -36
0x24087986a7b987af 2563 -1 2 -3 4 5 6 7 -8 -9 -10 11 12 -13 14 15 -16 -17 -18 19 20 21 22 23 24 25 26 -27 -28 -29 30 31 -32 33 34 35 -36
0x6333e30d55e38481 2563 -1 2 -3 4 5 6 7 -8 -9 -10 11 12 -13 14 15 -16 -17 -18 19 20 21 22 23 24 25 26 -27 -28 -29 30 31 -32 33 34 35 -36
0xed0ea5dd1bade658 2563 -1 2 -3 4 5 6 7 -8 -9 -10 11 12 -13 14 15 -16 -17 -18 19 20 21 22 23 24 25 26 -27 -28 -29 30 31 -32 33 34 35 -36
0xe277817ad4987670 2563 -1 2 -3 4 5 6 7 -8 -9 -10 11 12 -13 14 15 -16 -17 -18 19 20 21 22 23 24 25 26 -27 -28 -29 30 31 -32 33 34 35 -36
0x3200b33531bf8f5f 2563 -1 2 -3 4 5 6 7 -8 -9 -10 11 12 -13 14 15 -16 -17 -18 19 20 21 22 23 24 25 26 -27 -28 -29 30 31 -32 33 34 35 -36
0x195f6f7aa62b7139 2563 -1 2 -3 4 5 6 7 -8 -9 -10 11 12 -13 14 15 -16 -17 -18 19 20 21 22 23 24 25 26 -27 -28 -29 30 31 -32 33 34 35 -36
0x2a7cdc7b20031e05 2563 -1 2 -3 4 5 6 7 -8 -9 -10 11 12 -13 14 15 -16 -17 -18 19 20 21 22 23 24 25 26 -27 -28 -29 30 31 -32 33 34 35 -36
0x174ca00a6004a61 2563 -1 2 -3 4 5 6 7 -8 -9 -10 11 12 -13 14 15 -16 -17 -18 19 20 21 22 23 24 25 26 -27 -28 -29 30 31 -32 33 34 35 -36
0x67d9a28df3cc2e71 2563 -1 2 -3 4 5 6 7 -8 -9 -10 11 12 -13 14 15 -16 -17 -18 19 20 21 22 23 24 25 26 -27 -28 -29 30 31 -32 33 34 35 -36
0x26bc51b62523430d 2563 -1 2 -3 4 5 6 7 -8 -9 -10 11 12 -13 14 15 -16 -17 -18 19 20 21 22 23 24 25 26 -27 -28 -29 30 31 -32 33 34 35 -36
0x297a1bbe8300372b 2563 -1 2 -3 4 5 6 7 -8 -9 -10 11 12 -13 14 15 -16 -17 -18 19 20 21 22 23 24 25 26 -27 -28 -29 30 31 -32 33 34 35 -36
0x3bb31d0f14612448 2563 -1 2 -3 4 5 6 7 -8 -9 -10 11 12 -13 14 15 -16 -17 -18 19 20 21 22 23 24 25 26 -27 -28 -29 30 31 -32 33 34 35 -36
0x87ec553b10a58284 2563 -1 2 -3 4 5 6 7 -8 -9 -10 11 12 -13 14 15 -16 -17 -18 19 20 21 22 23 24 25 26 -27 -28 -29 30 31 -32 33 34 35 -36
0x174bb45bad1e434 2563 -1 2 -3 4 5 6 7 -8 -9 -10 11 12 -13 14 15 -16 -17 -18 19 20 21 22 23 24 25 26 -27 -28 -29 30 31 -32 33 34 35 -36
0xeddd523dd9cba6c2 2563 -1 2 -3 4 5 6 7 -8 -9 -10 11 12 -13 14 15 -16 -17 -18 19 20 21 22 23 24 25 26 -27 -28 -29 30 31 -32 33 34 35 -36
0xa3fcb2edffe456f5 2563 -1 2 -3 4 5 6 7 -8 -9 -10 11 12 -13 14 15 -16 -17 -18 19 20 21 22 23 24 25 26 -27 -28 -29 30 31 -32 33 34 35 -36