0xf359478587a4a986 1578 -1 2 3 4 5 6 -7 -8 9 -10 11 12 13 -14 15 16 -17 -18 19 20 21 22 23 -24 -25 -26 -27 -28 -29 -30 -31 -32 33 -34 -35 36
0x91e31f6437a55cb3 1578 -1 2 3 4 5 6 -7 -8 9 -10 11 12 13 -14 15 16 -17 -18 19 20 21 22 23 -24 -25 -26 -27 -28 -29 -30 -31 -32 33 -34 -35 36
0xefc1cfddb9878d0a 1578 -1 2 3 4 5 6 -7 -8 9 -10 11 12 13 -14 15 16 -17 -18 19 20 21 22 23 -24 -25 -26 -27 -28 -29 -30 -31 -32 33 -34 -35 36
0x62a1c99031f723a8 1578 -1 2 3 4 5 6 -7 -8 9 -10 11 12 13 -14 15 16 -17 -18 19 20 21 22 23 -24 -25 -26 -27 -28 -29 -30 -31 -32 33 -34 -35 36
0xa7cd766e08d4c2b6 1578 -1 2 3 4 5 6 -7 -8 9 -10 11 12 13 -14 15 16 -17 -18 19 20 21 22 23 -24 -25 -26 -27 -28 -29 -30 -31 -32 33 -34 -35 36
0x58a807510eed9a68 1578 -1 2 3 4 5 6 -7 -8 9 -10 11 12 13 -14 15 16 -17 -18 19 20 21 22 23 -24 -25 -26 -27 -28 -29 -30 -31 -32 33 -34 -35 36
0x55b316edf80d5467 1578 -1 2 3 4 5 6 -7 -8 9 -10 11 12 13 -14 15 16 -17 -18 19 20 21 22 23 -24 -25 -26 -27 -28 -29 -30 -31 -32 33 -34 -35 36
0x6070c41e52bff24b 1578 -1 2 3 4 5 6 -7 -8 9 -10 11 12 13 -14 15 16 -17 -18 19 20 21 22 23 -24 -25 -26 -27 -28 -29 -30 -31 -32 33 -34 -35 36
0x89777d2cc631a218 1578 -1 2 3 4 5 6 -7 -8 9 -10 11 12 13 -14 15 16 -17 -18 19 20 21 22 23 -24 -25 -26 -27 -28 -29 -30 -31 -32 33 -34 -35 36
0x8c7629dd39fd068e 1578 -1 2 3 4 5 6 -7 -8 9 -10 11 12 13 -14 15 16 -17 -18 19 20 21 22 23 -24 -25 -26 -27 -28 -29 -30 -31 -32 33 -34 -35 36
0x1e3cf4998004cdad 1578 -1 2 3 4 5 6 -7 -8 9 -10 11 12 13 -14 15 16 -17 -18 19 20 21 22 23 -24 -25 -26 -27 -28 -29 -30 -31 -32 33 -34 -35 36
0x250c8efa300b4187 1578 -1 2 3 4 5 6 -7 -8 9 -10 11 12 13 -14 15 16 -17 -18 19 20 21 22 23 -24 -25 -26 -27 -28 -29 -30 -31 -32 33 -34 -35 36
0x2870d7921fabf4a 1578 -1 2 3 4 5 6 -7 -8 9 -10 11 12 13 -14 15 16 -17 -18 19 20 21 22 23 -24 -25 -26 -27 -28 -29 -30 -31 -32 33 -34 -35 36
0x9e72b673611e408d 1578 -1 2 3 4 5 6 -7 -8 9 -10 11 12 13 -14 15 16 -17 -18 19 20 21 22 23 -24 -25 -26 -27 -28 -29 -30 -31 -32 33 -34 -35 36
0x25506061522162db 1578 -1 2 3 4 5 6 -7 -8 9 -10 11 12 13 -14 15 16 -17 -18 19 20 21 22 23 -24 -25 -26 -27 -28 -29 -30 -31 -32 33 -34 -35 36
0x6cd43b5845d3997e 1578 -1 2 3 4 5 6 -7 -8 9 -10 11 12 13 -14 15 16 -17 -18 19 20 21 22 23 -24 -25 -26 -27 -28 -29 -30 -31 -32 33 -34 -35 36
0x85d921bead9a758e 1578 -1 2 3 4 5 6 -7 -8 9 -10 11 12 13 -14 15 16 -17 -18 19 20 21 22 23 -24 -25 -26 -27 -28 -29 -30 -31 -32 33 -34 -35 36
0x26abcc51627b3039 1578 -1 2 3 4 5 6 -7 -8 9 -10 11 12 13 -14 15 16 -17 -18 19 20 21 22 23 -24 -25 -26 -27 -28 -29 -30 -31 -32 33 -34 -35 36
0x9ccc8552deebe355 1578 -1 2 3 4 5 6 -7 -8 9 -10 11 12 13 -14 15 16 -17 -18 19 20 21 22 23 -24 -25 -26 -27 -28 -29 -30 -31 -32 33 -34 -35 36
0xc9c337164c711c23 1578 -1 2 3 4 5 6 -7 -8 9 -10 11 12 13 -14 15 16 -17 -18 19 20 21 22 23 -24 -25 -26 -27 -28 -29 -30 -31 -32 33 -34 -35 36
0x1e9af1afe2acb466 1578 -1 2 3 4 5 6 -7 -8 9 -10 11 12 13 -14 15 16 -17 -18 19 20 21 22 23 -24 -25 -26 -27 -28 -29 -30 -31 -32 33 -34 -35 36
0x7c4f43f7442f1da5 1578 -1 2 3 4 5 6 -7 -8 9 -10 11 12 13 -14 15 16 -17 -18 19 20 21 22 23 -24 -25 -26 -27 -28 -29 -30 -31 -32 33 -34 -35 36
0x982703be68548abc 1578 -1 2 3 4 5 6 -7 -8 9 -10 11 12 13 -14 15 16 -17 -18 19 20 21 22 23 -24 -25 -26 -27 -28 -29 -30 -31 -32 33 -34 -35 36
0xe0e56153c6fba3aa 1578 -1 2 3 4 5 6 -7 -8 9 -10 11 12 13 -14 15 16 -17 -18 19 20 21 22 23 -24 -25 -26 -27 -28 -29 -30 -31 -32 33 -34 -35 36
0xa023623a1d33af96 1578 -1 2 3 4 5 6 -7 -8 9 -10 11 12 13 -14 15 16 -17 -18 19 20 21 22 23 -24 -25 -26 -27 -28 -29 -30 -31 -32 33 -34 -35 36
0x9491f23675c6123 1519 -1 2 3 4 5 6 -7 -8 9 -10 11 12 13 -14 -15 16 -17 -18 19 20 21 22 23 -24 -25 -26 -27 -28 29 -30 -31 -32 33 -34 -35 36
0x48bf6131e7d9b0f6 1578 -1 2 3 4 5 6 -7 -8 9 -10 11 12 13 -14 15 16 -17 -18 19 20 21 22 23 -24 -25 -26 -27 -28 -29 -30 -31 -32 33 -34 -35 36
0x414f7a6effb27285 1578 -1 2 3 4 5 6 -7 -8 9 -10 11 12 13 -14 15 16 -17 -18 19 20 21 22 23 -24 -25 -26 -27 -28 -29 -30 -31 -32 33 -34 -35 36
0x2680758aaa708f22 1578 -1 2 3 4 5 6 -7 -8 9 -10 11 12 13 -14 15 16 -17 -18 19 20 21 22 23 -24 -25 -26 -27 -28 -29 -30 -31 -32 33 -34 -35 36
0x5055f8d5eea61347 1578 -1 2 3 4 5 6 -7 -8 9 -10 11 12 13 -14 15 16 -17 -18 19 20 21 22 23 -24 -25 -26 -27 -28 -29 -30 -31 -32 33 -34 -35 36