0x194b0f223646da86 715 -1 2 -3 4 -5 -6 7 8 9 -10 -11 12 -13 -14 -15 16 17 18 19 20 21 -22 -23 24 25 26 27 28 29 -30 31 32 33 -34 -35 36
0xb00ca245830c674a 715 -1 2 -3 4 -5 -6 7 8 9 -10 -11 12 -13 -14 -15 16 17 18 19 20 21 -22 -23 24 25 26 27 28 29 -30 31 32 33 -34 -35 36
0x4eaf2768f4f70281 715 -1 2 -3 4 -5 -6 7 8 9 -10 -11 12 -13 -14 -15 16 17 18 19 20 21 -22 -23 24 25 26 27 28 29 -30 31 32 33 -34 -35 36
0xceececa89edbc65c 715 -1 2 -3 4 -5 -6 7 8 9 -10 -11 12 -13 -14 -15 16 17 18 19 20 21 -22 -23 24 25 26 27 28 29 -30 31 32 33 -34 -35 36
0x7be053e7985f9db7 715 -1 2 -3 4 -5 -6 7 8 9 -10 -11 12 -13 -14 -15 16 17 18 19 20 21 -22 -23 24 25 26 27 28 29 -30 31 32 33 -34 -35 36
0x8a513556dea84b07 715 -1 2 -3 4 -5 -6 7 8 9 -10 -11 12 -13 -14 -15 16 17 18 19 20 21 -22 -23 24 25 26 27 28 29 -30 31 32 33 -34 -35 36
0x7ef7c50fab4d4293 715 -1 2 -3 4 -5 -6 7 8 9 -10 -11 12 -13 -14 -15 16 17 18 19 20 21 -22 -23 24 25 26 27 28 29 -30 31 32 33 -34 -35 36
0x974152d29db0357b 715 -1 2 -3 4 -5 -6 7 8 9 -10 -11 12 -13 -14 -15 16 17 18 19 20 21 -22 -23 24 25 26 27 28 29 -30 31 32 33 -34 -35 36
0xc3e1bcfea0896f0b 715 -1 2 -3 4 -5 -6 7 8 9 -10 -11 12 -13 -14 -15 16 17 18 19 20 21 -22 -23 24 25 26 27 28 29 -30 31 32 33 -34 -35 36
0x133732d2ee337040 715 -1 2 -3 4 -5 -6 7 8 9 -10 -11 12 -13 -14 -15 16 17 18 19 20 21 -22 -23 24 25 26 27 28 29 -30 31 32 33 -34 -35 36
0xc3e1014d50ced57f 715 -1 2 -3 4 -5 -6 7 8 9 -10 -11 12 -13 -14 -15 16 17 18 19 20 21 -22 -23 24 25 26 27 28 29 -30 31 32 33 -34 -35 36
0xf232b1fa6d112c7 715 -1 2 -3 4 -5 -6 7 8 9 -10 -11 12 -13 -14 -15 16 17 18 19 20 21 -22 -23 24 25 26 27 28 29 -30 31 32 33 -34 -35 36
0x83997748b2076796 715 -1 2 -3 4 -5 -6 7 8 9 -10 -11 12 -13 -14 -15 16 17 18 19 20 21 -22 -23 24 25 26 27 28 29 -30 31 32 33 -34 -35 36
0x70ea14d3d1c82a0b 715 -1 2 -3 4 -5 -6 7 8 9 -10 -11 12 -13 -14 -15 16 17 18 19 20 21 -22 -23 24 25 26 27 28 29 -30 31 32 33 -34 -35 36
0xa3eb15d708a8778d 715 -1 2 -3 4 -5 -6 7 8 9 -10 -11 12 -13 -14 -15 16 17 18 19 20 21 -22 -23 24 25 26 27 28 29 -30 31 32 33 -34 -35 36
0xe88c2593706be6b9 715 -1 2 -3 4 -5 -6 7 8 9 -10 -11 12 -13 -14 -15 16 17 18 19 20 21 -22 -23 24 25 26 27 28 29 -30 31 32 33 -34 -35 36
0xc1a923c8b7155591 715 -1 2 -3 4 -5 -6 7 8 9 -10 -11 12 -13 -14 -15 16 17 18 19 20 21 -22 -23 24 25 26 27 28 29 -30 31 32 33 -34 -35 36
0xd2b4a15970421fe2 715 -1 2 -3 4 -5 -6 7 8 9 -10 -11 12 -13 -14 -15 16 17 18 19 20 21 -22 -23 24 25 26 27 28 29 -30 31 32 33 -34 -35 36
0xb87a224b7749f6 715 -1 2 -3 4 -5 -6 7 8 9 -10 -11 12 -13 -14 -15 16 17 18 19 20 21 -22 -23 24 25 26 27 28 29 -30 31 32 33 -34 -35 36
0x896081621326b7c 715 -1 2 -3 4 -5 -6 7 8 9 -10 -11 12 -13 -14 -15 16 17 18 19 20 21 -22 -23 24 25 26 27 28 29 -30 31 32 33 -34 -35 36
0xb8f6ab9c35a666b5 715 -1 2 -3 4 -5 -6 7 8 9 -10 -11 12 -13 -14 -15 16 17 18 19 20 21 -22 -23 24 25 26 27 28 29 -30 31 32 33 -34 -35 36
0x6c40a52b054e37e0 715 -1 2 -3 4 -5 -6 7 8 9 -10 -11 12 -13 -14 -15 16 17 18 19 20 21 -22 -23 24 25 26 27 28 29 -30 31 32 33 -34 -35 36
0xb637c22b52e68e7 715 -1 2 -3 4 -5 -6 7 8 9 -10 -11 12 -13 -14 -15 16 17 18 19 20 21 -22 -23 24 25 26 27 28 29 -30 31 32 33 -34 -35 36
0x4aaa6eeeaaf7f54a 715 -1 2 -3 4 -5 -6 7 8 9 -10 -11 12 -13 -14 -15 16 17 18 19 20 21 -22 -23 24 25 26 27 28 29 -30 31 32 33 -34 -35 36
0xef3aa8598085aa4d 715 -1 2 -3 4 -5 -6 7 8 9 -10 -11 12 -13 -14 -15 16 17 18 19 20 21 -22 -23 24 25 26 27 28 29 -30 31 32 33 -34 -35 36
0x73b6362e269f4f5e 715 -1 2 -3 4 -5 -6 7 8 9 -10 -11 12 -13 -14 -15 16 17 18 19 20 21 -22 -23 24 25 26 27 28 29 -30 31 32 33 -34 -35 36
0x5ebfd1394cc22c9 715 -1 2 -3 4 -5 -6 7 8 9 -10 -11 12 -13 -14 -15 16 17 18 19 20 21 -22 -23 24 25 26 27 28 29 -30 31 32 33 -34 -35 36
0x83c825a75b88769f 715 -1 2 -3 4 -5 -6 7 8 9 -10 -11 12 -13 -14 -15 16 17 18 19 20 21 -22 -23 24 25 26 27 28 29 -30 31 32 33 -34 -35 36
0x3c1fbeda23a879e4 715 -1 2 -3 4 -5 -6 7 8 9 -10 -11 12 -13 -14 -15 16 17 18 19 20 21 -22 -23 24 25 26 27 28 29 -30 31 32 33 -34 -35 36
0xedb5918bf55479f8 715 -1 2 -3 4 -5 -6 7 8 9 -10 -11 12 -13 -14 -15 16 17 18 19 20 21 -22 -23 24 25 26 27 28 29 -30 31 32 33 -34 -35 36