0x3e05338ea26c17f5 1058 1 -2 -3 -4 5 6 7 -8 9 10 -11 -12 13 -14 15 16 17 18 19 -20 21 22 -23 24 25 26 27 -28 -29 30 -31 32 -33 34 35 36
0xecb4fcc2242bad9b 1058 1 -2 -3 -4 5 6 7 -8 9 10 -11 -12 13 -14 15 16 17 18 19 -20 21 22 -23 24 25 26 27 -28 -29 30 -31 32 -33 34 35 36
0x30ad2124a1741be4 1058 1 -2 -3 -4 5 6 7 -8 9 10 -11 -12 13 -14 15 16 17 18 19 -20 21 22 -23 24 25 26 27 -28 -29 30 -31 32 -33 34 35 36
0xac44c7e43aba6338 1058 1 -2 -3 -4 5 6 7 -8 9 10 -11 -12 13 -14 15 16 17 18 19 -20 21 22 -23 24 25 26 27 -28 -29 30 -31 32 -33 34 35 36
0x470d46ec5fc4582b 1058 1 -2 -3 -4 5 6 7 -8 9 10 -11 -12 13 -14 15 16 17 18 19 -20 21 22 -23 24 25 26 27 -28 -29 30 -31 32 -33 34 35 36
0x9ea281471ba8ee64 1058 1 -2 -3 -4 5 6 7 -8 9 10 -11 -12 13 -14 15 16 17 18 19 -20 21 22 -23 24 25 26 27 -28 -29 30 -31 32 -33 34 35 36
0xefa2289fa13626da 1058 1 -2 -3 -4 5 6 7 -8 9 10 -11 -12 13 -14 15 16 17 18 19 -20 21 22 -23 24 25 26 27 -28 -29 30 -31 32 -33 34 35 36
0x66b9df197f31227f 1058 1 -2 -3 -4 5 6 7 -8 9 10 -11 -12 13 -14 15 16 17 18 19 -20 21 22 -23 24 25 26 27 -28 -29 30 -31 32 -33 34 35 36
0xa7fe727065657528 1058 1 -2 -3 -4 5 6 7 -8 9 10 -11 -12 13 -14 15 16 17 18 19 -20 21 22 -23 24 25 26 27 -28 -29 30 -31 32 -33 34 35 36
0xa4c4ec521393c4c0 1058 1 -2 -3 -4 5 6 7 -8 9 10 -11 -12 13 -14 15 16 17 18 19 -20 21 22 -23 24 25 26 27 -28 -29 30 -31 32 -33 34 35 36
0x9b9973fe681200ae 1058 1 -2 -3 -4 5 6 7 -8 9 10 -11 -12 13 -14 15 16 17 18 19 -20 21 22 -23 24 25 26 27 -28 -29 30 -31 32 -33 34 35 36
0x27ef3d1e191dbd84 1058 1 -2 -3 -4 5 6 7 -8 9 10 -11 -12 13 -14 15 16 17 18 19 -20 21 22 -23 24 25 26 27 -28 -29 30 -31 32 -33 34 35 36
0x94ffffe1c5bb80e9 1058 1 -2 -3 -4 5 6 7 -8 9 10 -11 -12 13 -14 15 16 17 18 19 -20 21 22 -23 24 25 26 27 -28 -29 30 -31 32 -33 34 35 36
0xb248b65ed9c409c9 1058 1 -2 -3 -4 5 6 7 -8 9 10 -11 -12 13 -14 15 16 17 18 19 -20 21 22 -23 24 25 26 27 -28 -29 30 -31 32 -33 34 35 36
0x65649b2768b2e0bb 1058 1 -2 -3 -4 5 6 7 -8 9 10 -11 -12 13 -14 15 16 17 18 19 -20 21 22 -23 24 25 26 27 -28 -29 30 -31 32 -33 34 35 36
0x145a3c2a55a4c0b6 1058 1 -2 -3 -4 5 6 7 -8 9 10 -11 -12 13 -14 15 16 17 18 19 -20 21 22 -23 24 25 26 27 -28 -29 30 -31 32 -33 34 35 36
0x8c4133ad04f137ab 1058 1 -2 -3 -4 5 6 7 -8 9 10 -11 -12 13 -14 15 16 17 18 19 -20 21 22 -23 24 25 26 27 -28 -29 30 -31 32 -33 34 35 36
0x28af2ca41750cd56 1058 1 -2 -3 -4 5 6 7 -8 9 10 -11 -12 13 -14 15 16 17 18 19 -20 21 22 -23 24 25 26 27 -28 -29 30 -31 32 -33 34 35 36
0x532b31683b865598 1058 1 -2 -3 -4 5 6 7 -8 9 10 -11 -12 13 -14 15 16 17 18 19 -20 21 22 -23 24 25 26 27 -28 -29 30 -31 32 -33 34 35 36
0xac785bace22bf68a 1058 1 -2 -3 -4 5 6 7 -8 9 10 -11 -12 13 -14 15 16 17 18 19 -20 21 22 -23 24 25 26 27 -28 -29 30 -31 32 -33 34 35 36
0xf6ba7a03f24b0641 1058 1 -2 -3 -4 5 6 7 -8 9 10 -11 -12 13 -14 15 16 17 18 19 -20 21 22 -23 24 25 26 27 -28 -29 30 -31 32 -33 34 35 36
0xe7c90e3433ee0 1058 1 -2 -3 -4 5 6 7 -8 9 10 -11 -12 13 -14 15 16 17 18 19 -20 21 22 -23 24 25 26 27 -28 -29 30 -31 32 -33 34 35 36
0x4b3005088ef574e4 1058 1 -2 -3 -4 5 6 7 -8 9 10 -11 -12 13 -14 15 16 17 18 19 -20 21 22 -23 24 25 26 27 -28 -29 30 -31 32 -33 34 35 36
0x7b46b5eea0ae3bac 1058 1 -2 -3 -4 5 6 7 -8 9 10 -11 -12 13 -14 15 16 17 18 19 -20 21 22 -23 24 25 26 27 -28 -29 30 -31 32 -33 34 35 36
0xb071a277ffdca98a 1058 1 -2 -3 -4 5 6 7 -8 9 10 -11 -12 13 -14 15 16 17 18 19 -20 21 22 -23 24 25 26 27 -28 -29 30 -31 32 -33 34 35 36
0x49bb9356d49072a1 1058 1 -2 -3 -4 5 6 7 -8 9 10 -11 -12 13 -14 15 16 17 18 19 -20 21 22 -23 24 25 26 27 -28 -29 30 -31 32 -33 34 35 36
0xb01abad6bebe8ac7 1058 1 -2 -3 -4 5 6 7 -8 9 10 -11 -12 13 -14 15 16 17 18 19 -20 21 22 -23 24 25 26 27 -28 -29 30 -31 32 -33 34 35 36
0xe2ca79106850d8a3 1058 1 -2 -3 -4 5 6 7 -8 9 10 -11 -12 13 -14 15 16 17 18 19 -20 21 22 -23 24 25 26 27 -28 -29 30 -31 32 -33 34 35 36
0x14e1d396958273d7 1058 1 -2 -3 -4 5 6 7 -8 9 10 -11 -12 13 -14 15 16 17 18 19 -20 21 22 -23 24 25 26 27 -28 -29 30 -31 32 -33 34 35 36
0xf55af63c69a9c142 1058 1 -2 -3 -4 5 6 7 -8 9 10 -11 -12 13 -14 15 16 17 18 19 -20 21 22 -23 24 25 26 27 -28 -29 30 -31 32 -33 34 35 36