0x7dd5b607347681fa 798 -1 -2 3 4 5 -6 -7 -8 9 10 -11 12 13 -14 -15 16 -17 18 19 -20 21 -22 -23 -24 -25 -26 -27 28 29 -30 -31 32 33 -34 35 -36
0x79ef78cfc705c489 798 -1 -2 3 4 5 -6 -7 8 9 10 -11 12 13 -14 -15 16 -17 18 19 -20 21 -22 -23 -24 -25 -26 -27 28 29 -30 -31 -32 33 -34 35 -36
0xc84aa18f5816e3e6 798 -1 -2 3 4 5 -6 -7 8 9 10 -11 12 13 -14 -15 16 -17 18 19 -20 21 -22 -23 -24 -25 -26 -27 28 29 -30 -31 -32 33 -34 35 -36
0x4c116e22bdd59217 898 -1 -2 3 4 5 -6 -7 8 9 10 -11 12 13 -14 -15 16 -17 18 19 -20 21 -22 -23 -24 -25 -26 -27 28 29 -30 -31 32 33 -34 35 -36
0xec27e229ef710b31 798 -1 -2 3 4 5 -6 -7 -8 9 10 -11 12 13 -14 -15 16 -17 18 19 -20 21 -22 -23 -24 -25 -26 -27 28 29 -30 -31 32 33 -34 35 -36
0xedc02e4f691b1ea3 710 -1 -2 3 4 5 -6 -7 8 9 10 -11 12 13 -14 -15 16 -17 18 19 -20 21 -22 -23 -24 -25 -26 -27 28 29 -30 -31 32 -33 -34 35 -36
0x6e7b91cc6cc749e1 798 -1 -2 3 4 5 -6 -7 -8 9 10 -11 12 13 -14 -15 16 -17 18 19 -20 21 -22 -23 -24 -25 -26 -27 28 29 -30 -31 32 33 -34 35 -36
0xd9bfbbb71e3309aa 898 -1 -2 3 4 5 -6 -7 8 9 10 -11 12 13 -14 -15 16 -17 18 19 -20 21 -22 -23 -24 -25 -26 -27 28 29 -30 -31 32 33 -34 35 -36
0xc1ed27c705bea7ba 798 -1 -2 3 4 5 -6 -7 8 9 10 -11 12 13 -14 -15 16 -17 18 19 -20 21 -22 -23 -24 -25 -26 -27 28 29 -30 -31 -32 33 -34 35 -36
0x6f6020f18c037f3f 798 -1 -2 3 4 5 -6 -7 8 9 10 -11 12 13 -14 -15 16 -17 18 19 -20 21 -22 -23 -24 -25 -26 -27 28 29 -30 -31 -32 33 -34 35 -36
0xb95321e4f825759c 798 -1 -2 3 4 5 -6 -7 8 9 10 -11 12 13 -14 -15 16 -17 18 19 -20 21 -22 -23 -24 -25 -26 -27 28 29 -30 -31 -32 33 -34 35 -36
0xedc46ae326bcd327 798 -1 -2 3 4 5 -6 -7 8 9 10 -11 12 13 -14 -15 16 -17 18 19 -20 21 -22 -23 -24 -25 -26 -27 28 29 -30 -31 -32 33 -34 35 -36
0x53443989ec3152c6 798 -1 -2 3 4 5 -6 -7 8 9 10 -11 12 13 -14 -15 16 -17 18 19 -20 21 -22 -23 -24 -25 -26 -27 28 29 -30 -31 -32 33 -34 35 -36
0x9e681be4329900c1 898 -1 -2 3 4 5 -6 -7 8 9 10 -11 12 13 -14 -15 16 -17 18 19 -20 21 -22 -23 -24 -25 -26 -27 28 29 -30 -31 32 33 -34 35 -36
0x65b934c6df74128f 798 -1 -2 3 4 5 -6 -7 8 9 10 -11 12 13 -14 -15 16 -17 18 19 -20 21 -22 -23 -24 -25 -26 -27 28 29 -30 -31 -32 33 -34 35 -36
0xfa49a589c999d3e4 798 -1 -2 3 4 5 -6 -7 -8 9 10 -11 12 13 -14 -15 16 -17 18 19 -20 21 -22 -23 -24 -25 -26 -27 28 29 -30 -31 32 33 -34 35 -36
0x83568b08c6cbc5fe 798 -1 -2 3 4 5 -6 -7 -8 9 10 -11 12 13 -14 -15 16 -17 18 19 -20 21 -22 -23 -24 -25 -26 -27 28 29 -30 -31 32 33 -34 35 -36
0x5cf629dc46ec5d2c 898 -1 -2 3 4 5 -6 -7 8 9 10 -11 12 13 -14 -15 16 -17 18 19 -20 21 -22 -23 -24 -25 -26 -27 28 29 -30 -31 32 33 -34 35 -36
0x887f25d29a1b089f 898 -1 -2 3 4 5 -6 -7 8 9 10 -11 12 13 -14 -15 16 -17 18 19 -20 21 -22 -23 -24 -25 -26 -27 28 29 -30 -31 32 33 -34 35 -36
0x507ee0b677077075 898 -1 -2 3 4 5 -6 -7 8 9 10 -11 12 13 -14 -15 16 -17 18 19 -20 21 -22 -23 -24 -25 -26 -27 28 29 -30 -31 32 33 -34 35 -36
0xb0fa5c3a85ea1604 898 -1 -2 3 4 5 -6 -7 8 9 10 -11 12 13 -14 -15 16 -17 18 19 -20 21 -22 -23 -24 -25 -26 -27 28 29 -30 -31 32 33 -34 35 -36
0x92963b46acf8c264 898 -1 -2 3 4 5 -6 -7 8 9 10 -11 12 13 -14 -15 16 -17 18 19 -20 21 -22 -23 -24 -25 -26 -27 28 29 -30 -31 32 33 -34 35 -36
0x35fbe6a1b216f40 898 -1 -2 3 4 5 -6 -7 8 9 10 -11 12 13 -14 -15 16 -17 18 19 -20 21 -22 -23 -24 -25 -26 -27 28 29 -30 -31 32 33 -34 35 -36
0xbd89d794bf9695dd 898 -1 -2 3 4 5 -6 -7 8 9 10 -11 12 13 -14 -15 16 -17 18 19 -20 21 -22 -23 -24 -25 -26 -27 28 29 -30 -31 32 33 -34 35 -36
0x2c6b11e1684106b 798 -1 -2 3 4 5 -6 -7 8 9 10 -11 12 13 -14 -15 16 -17 18 19 -20 21 -22 -23 -24 -25 -26 -27 28 29 -30 -31 -32 33 -34 35 -36
0xfd3743f6375bf98c 898 -1 -2 3 4 5 -6 -7 8 9 10 -11 12 13 -14 -15 16 -17 18 19 -20 21 -22 -23 -24 -25 -26 -27 28 29 -30 -31 32 33 -34 35 -36
0xf477d9298dcf3623 898 -1 -2 3 4 5 -6 -7 8 9 10 -11 12 13 -14 -15 16 -17 18 19 -20 21 -22 -23 -24 -25 -26 -27 28 29 -30 -31 32 33 -34 35 -36
0x11599297f5f5955f 898 -1 -2 3 4 5 -6 -7 8 9 10 -11 12 13 -14 -15 16 -17 18 19 -20 21 -22 -23 -24 -25 -26 -27 28 29 -30 -31 32 33 -34 35 -36
0x9c9e56f25ca5b308 798 -1 -2 3 4 5 -6 -7 -8 9 10 -11 12 13 -14 -15 16 -17 18 19 -20 21 -22 -23 -24 -25 -26 -27 28 29 -30 -31 32 33 -34 35 -36
0x6fcdbcf7f8c50808 798 -1 -2 3 4 5 -6 -7 8 9 10 -11 12 13 -14 -15 16 -17 18 19 -20 21 -22 -23 -24 -25 -26 -27 28 29 -30 -31 -32 33 -34 35 -36