0xbc2b365497f00be7 5987 -1 2 3 4 -5 -6 -7 8 9 10 11 12 -13 14 -15 16 17 18 -19 20 21 22 23 -24 25 26 27 28 -29 -30 -31 -32 33 34 35 -36 -37 38 39 40 41 -42 -43 44 -45 46 47 -48 49 50
0x9f9ce746b761ea51 5987 -1 2 3 4 -5 -6 -7 8 9 10 11 12 -13 14 -15 16 17 18 -19 20 21 22 23 -24 25 26 27 28 -29 -30 -31 -32 33 34 35 -36 -37 38 39 40 41 -42 -43 44 -45 46 47 -48 49 50
0x718717c4affbe0d 5987 -1 2 3 4 -5 -6 -7 8 9 10 11 12 -13 14 -15 16 17 18 -19 20 21 22 23 -24 25 26 27 28 -29 -30 -31 -32 33 34 35 -36 -37 38 39 40 41 -42 -43 44 -45 46 47 -48 49 50
0xd9a18c99ad446f15 5987 -1 2 3 4 -5 -6 -7 8 9 10 11 12 -13 14 -15 16 17 18 -19 20 21 22 23 -24 25 26 27 28 -29 -30 -31 -32 33 34 35 -36 -37 38 39 40 41 -42 -43 44 -45 46 47 -48 49 50
0xbdaebe267343ecdb 5987 -1 2 3 4 -5 -6 -7 8 9 10 11 12 -13 14 -15 16 17 18 -19 20 21 22 23 -24 25 26 27 28 -29 -30 -31 -32 33 34 35 -36 -37 38 39 40 41 -42 -43 44 -45 46 47 -48 49 50
0x6f75d3bf16f2f9ad 5987 -1 2 3 4 -5 -6 -7 8 9 10 11 12 -13 14 -15 16 17 18 -19 20 21 22 23 -24 25 26 27 28 -29 -30 -31 -32 33 34 35 -36 -37 38 39 40 41 -42 -43 44 -45 46 47 -48 49 50
0x6ecbf2502b2e12b6 5987 -1 2 3 4 -5 -6 -7 8 9 10 11 12 -13 14 -15 16 17 18 -19 20 21 22 23 -24 25 26 27 28 -29 -30 -31 -32 33 34 35 -36 -37 38 39 40 41 -42 -43 44 -45 46 47 -48 49 50
0x750d093fa9bc7b7e 5987 -1 2 3 4 -5 -6 -7 8 9 10 11 12 -13 14 -15 16 17 18 -19 20 21 22 23 -24 25 26 27 28 -29 -30 -31 -32 33 34 35 -36 -37 38 39 40 41 -42 -43 44 -45 46 47 -48 49 50
0x2ecf0d534a7b7ccd 4001 -1 2 3 4 -5 -6 -7 8 9 10 11 12 -13 14 -15 16 17 18 -19 20 21 -22 23 -24 25 26 27 28 -29 -30 -31 -32 33 34 35 -36 -37 38 39 40 41 -42 -43 44 -45 46 47 -48 49 50
0xdd2748be0c14a028 5987 -1 2 3 4 -5 -6 -7 8 9 10 11 12 -13 14 -15 16 17 18 -19 20 21 22 23 -24 25 26 27 28 -29 -30 -31 -32 33 34 35 -36 -37 38 39 40 41 -42 -43 44 -45 46 47 -48 49 50
0x6e0d49f329398515 5987 -1 2 3 4 -5 -6 -7 8 9 10 11 12 -13 14 -15 16 17 18 -19 20 21 22 23 -24 25 26 27 28 -29 -30 -31 -32 33 34 35 -36 -37 38 39 40 41 -42 -43 44 -45 46 47 -48 49 50
0x59b14a7501046a39 5987 -1 2 3 4 -5 -6 -7 8 9 10 11 12 -13 14 -15 16 17 18 -19 20 21 22 23 -24 25 26 27 28 -29 -30 -31 -32 33 34 35 -36 -37 38 39 40 41 -42 -43 44 -45 46 47 -48 49 50
0xe18de6fe76667801 4001 -1 2 3 4 -5 -6 -7 8 9 10 11 12 -13 14 -15 16 17 18 -19 20 21 22 23 -24 25 26 -27 28 -29 -30 -31 -32 33 34 35 -36 -37 38 39 40 41 -42 -43 44 -45 46 47 -48 49 50
0xca01c59e68849832 5987 -1 2 3 4 -5 -6 -7 8 9 10 11 12 -13 14 -15 16 17 18 -19 20 21 22 23 -24 25 26 27 28 -29 -30 -31 -32 33 34 35 -36 -37 38 39 40 41 -42 -43 44 -45 46 47 -48 49 50
0x6e0b2ad7d04cb39a 5987 -1 2 3 4 -5 -6 -7 8 9 10 11 12 -13 14 -15 16 17 18 -19 20 21 22 23 -24 25 26 27 28 -29 -30 -31 -32 33 34 35 -36 -37 38 39 40 41 -42 -43 44 -45 46 47 -48 49 50
0xa1ce6e9f9e30b066 4001 -1 2 3 4 -5 -6 -7 8 9 10 11 12 -13 14 -15 16 17 18 -19 20 21 -22 23 -24 25 26 27 28 -29 -30 -31 -32 33 34 35 -36 -37 38 39 40 41 -42 -43 44 -45 46 47 -48 49 50
0x3ad41e5e7e88ca37 4001 -1 2 3 4 -5 -6 -7 8 9 10 11 12 -13 14 -15 16 17 18 -19 20 21 -22 23 -24 25 26 27 28 -29 -30 -31 -32 33 34 35 -36 -37 38 39 40 41 -42 -43 44 -45 46 47 -48 49 50
0xf4742e8aac081831 4001 -1 2 3 4 -5 -6 -7 8 9 10 11 12 -13 14 -15 16 17 18 -19 20 21 -22 23 -24 25 26 27 28 -29 -30 -31 -32 33 34 35 -36 -37 38 39 40 41 -42 -43 44 -45 46 47 -48 49 50
0x894d633cc35027b 5987 -1 2 3 4 -5 -6 -7 8 9 10 11 12 -13 14 -15 16 17 18 -19 20 21 22 23 -24 25 26 27 28 -29 -30 -31 -32 33 34 35 -36 -37 38 39 40 41 -42 -43 44 -45 46 47 -48 49 50
0xd3633a7ca91f47c4 5987 -1 2 3 4 -5 -6 -7 8 9 10 11 12 -13 14 -15 16 17 18 -19 20 21 22 23 -24 25 26 27 28 -29 -30 -31 -32 33 34 35 -36 -37 38 39 40 41 -42 -43 44 -45 46 47 -48 49 50
0xba03ea18d37992bb 5987 -1 2 3 4 -5 -6 -7 8 9 10 11 12 -13 14 -15 16 17 18 -19 20 21 22 23 -24 25 26 27 28 -29 -30 -31 -32 33 34 35 -36 -37 38 39 40 41 -42 -43 44 -45 46 47 -48 49 50
0xc5a0f3d80cf79057 4001 -1 2 3 4 -5 -6 -7 8 9 10 11 12 -13 14 -15 16 17 18 -19 20 21 -22 23 -24 25 26 27 28 -29 -30 -31 -32 33 34 35 -36 -37 38 39 40 41 -42 -43 44 -45 46 47 -48 49 50
0x5c5a57ff3dd58bc8 5987 -1 2 3 4 -5 -6 -7 8 9 10 11 12 -13 14 -15 16 17 18 -19 20 21 22 23 -24 25 26 27 28 -29 -30 -31 -32 33 34 35 -36 -37 38 39 40 41 -42 -43 44 -45 46 47 -48 49 50
0x24919b89f854a088 4001 -1 2 3 4 -5 -6 -7 8 9 10 11 12 -13 14 -15 16 17 18 -19 20 21 22 23 -24 25 26 -27 28 -29 -30 -31 -32 33 34 35 -36 -37 38 39 40 41 -42 -43 44 -45 46 47 -48 49 50
0xcc10e4d664034887 5987 -1 2 3 4 -5 -6 -7 8 9 10 11 12 -13 14 -15 16 17 18 -19 20 21 22 23 -24 25 26 27 28 -29 -30 -31 -32 33 34 35 -36 -37 38 39 40 41 -42 -43 44 -45 46 47 -48 49 50
0x71cfda3146b4b09c 5987 -1 2 3 4 -5 -6 -7 8 9 10 11 12 -13 14 -15 16 17 18 -19 20 21 22 23 -24 25 26 27 28 -29 -30 -31 -32 33 34 35 -36 -37 38 39 40 41 -42 -43 44 -45 46 47 -48 49 50
0xa350aa7cdb4775cc 5987 -1 2 3 4 -5 -6 -7 8 9 10 11 12 -13 14 -15 16 17 18 -19 20 21 22 23 -24 25 26 27 28 -29 -30 -31 -32 33 34 35 -36 -37 38 39 40 41 -42 -43 44 -45 46 47 -48 49 50
0xee6fa3d65d8c5a0 5987 -1 2 3 4 -5 -6 -7 8 9 10 11 12 -13 14 -15 16 17 18 -19 20 21 22 23 -24 25 26 27 28 -29 -30 -31 -32 33 34 35 -36 -37 38 39 40 41 -42 -43 44 -45 46 47 -48 49 50
0x43a7d39d3473a250 5987 -1 2 3 4 -5 -6 -7 8 9 10 11 12 -13 14 -15 16 17 18 -19 20 21 22 23 -24 25 26 27 28 -29 -30 -31 -32 33 34 35 -36 -37 38 39 40 41 -42 -43 44 -45 46 47 -48 49 50
0xf8908dc84ef291d4 5987 -1 2 3 4 -5 -6 -7 8 9 10 11 12 -13 14 -15 16 17 18 -19 20 21 22 23 -24 25 26 27 28 -29 -30 -31 -32 33 34 35 -36 -37 38 39 40 41 -42 -43 44 -45 46 47 -48 49 50