0x1387a3340483917f 5980 -1 2 3 4 -5 6 -7 -8 -9 10 11 12 -13 14 15 16 17 -18 19 -20 -21 22 -23 24 25 26 -27 28 29 30 31 -32 33 -34 -35 -36 -37 -38 39 -40 -41 42 -43 -44 -45 -46 -47 48 49 -50
0xe7d3f9dd487db8ba 5980 -1 2 3 4 -5 6 -7 -8 -9 10 11 12 -13 14 15 16 17 -18 19 -20 -21 22 -23 24 25 26 -27 28 29 30 31 -32 33 -34 -35 -36 -37 -38 39 -40 -41 42 -43 -44 -45 -46 -47 48 49 -50
0x32a5ea81014aebc4 5980 -1 2 3 4 -5 6 -7 -8 -9 10 11 12 -13 14 15 16 17 -18 19 -20 -21 22 -23 24 25 26 -27 28 29 30 31 -32 33 -34 -35 -36 -37 -38 39 -40 -41 42 -43 -44 -45 -46 -47 48 49 -50
0x8c15718a0716ff9d 5980 -1 2 3 4 -5 6 -7 -8 -9 10 11 12 -13 14 15 16 17 -18 19 -20 -21 22 -23 24 25 26 -27 28 29 30 31 -32 33 -34 -35 -36 -37 -38 39 -40 -41 42 -43 -44 -45 -46 -47 48 49 -50
0xa2290d69a42d1670 5980 -1 2 3 4 -5 6 -7 -8 -9 10 11 12 -13 14 15 16 17 -18 19 -20 -21 22 -23 24 25 26 -27 28 29 30 31 -32 33 -34 -35 -36 -37 -38 39 -40 -41 42 -43 -44 -45 -46 -47 48 49 -50
0xd3d1abfac9403003 5980 -1 2 3 4 -5 6 -7 -8 -9 10 11 12 -13 14 15 16 17 -18 19 -20 -21 22 -23 24 25 26 -27 28 29 30 31 -32 33 -34 -35 -36 -37 -38 39 -40 -41 42 -43 -44 -45 -46 -47 48 49 -50
0x91cb20ad8784b3f7 5980 -1 2 3 4 -5 6 -7 -8 -9 10 11 12 -13 14 15 16 17 -18 19 -20 -21 22 -23 24 25 26 -27 28 29 30 31 -32 33 -34 -35 -36 -37 -38 39 -40 -41 42 -43 -44 -45 -46 -47 48 49 -50
0x6bfbfdf4695dd28 5980 -1 2 3 4 -5 6 -7 -8 -9 10 11 12 -13 14 15 16 17 -18 19 -20 -21 22 -23 24 25 26 -27 28 29 30 31 -32 33 -34 -35 -36 -37 -38 39 -40 -41 42 -43 -44 -45 -46 -47 48 49 -50
0x4e535c02d5bcb98a 5980 -1 2 3 4 -5 6 -7 -8 -9 10 11 12 -13 14 15 16 17 -18 19 -20 -21 22 -23 24 25 26 -27 28 29 30 31 -32 33 -34 -35 -36 -37 -38 39 -40 -41 42 -43 -44 -45 -46 -47 48 49 -50
0xf5c211a7d0805b8c 5980 -1 2 3 4 -5 6 -7 -8 -9 10 11 12 -13 14 15 16 17 -18 19 -20 -21 22 -23 24 25 26 -27 28 29 30 31 -32 33 -34 -35 -36 -37 -38 39 -40 -41 42 -43 -44 -45 -46 -47 48 49 -50
0xb05c635214506a27 5980 -1 2 3 4 -5 6 -7 -8 -9 10 11 12 -13 14 15 16 17 -18 19 -20 -21 22 -23 24 25 26 -27 28 29 30 31 -32 33 -34 -35 -36 -37 -38 39 -40 -41 42 -43 -44 -45 -46 -47 48 49 -50
0x7cb2b7f5cffb54a5 5980 -1 2 3 4 -5 6 -7 -8 -9 10 11 12 -13 14 15 16 17 -18 19 -20 -21 22 -23 24 25 26 -27 28 29 30 31 -32 33 -34 -35 -36 -37 -38 39 -40 -41 42 -43 -44 -45 -46 -47 48 49 -50
0x8ec1d33fa285b521 5980 -1 2 3 4 -5 6 -7 -8 -9 10 11 12 -13 14 15 16 17 -18 19 -20 -21 22 -23 24 25 26 -27 28 29 30 31 -32 33 -34 -35 -36 -37 -38 39 -40 -41 42 -43 -44 -45 -46 -47 48 49 -50
0x31fc4c1cb2e76218 5980 -1 2 3 4 -5 6 -7 -8 -9 10 11 12 -13 14 15 16 17 -18 19 -20 -21 22 -23 24 25 26 -27 28 29 30 31 -32 33 -34 -35 -36 -37 -38 39 -40 -41 42 -43 -44 -45 -46 -47 48 49 -50
0x504262d770009dd 5980 -1 2 3 4 -5 6 -7 -8 -9 10 11 12 -13 14 15 16 17 -18 19 -20 -21 22 -23 24 25 26 -27 28 29 30 31 -32 33 -34 -35 -36 -37 -38 39 -40 -41 42 -43 -44 -45 -46 -47 48 49 -50
0x5c16b0c5993d23ea 5980 -1 2 3 4 -5 6 -7 -8 -9 10 11 12 -13 14 15 16 17 -18 19 -20 -21 22 -23 24 25 26 -27 28 29 30 31 -32 33 -34 -35 -36 -37 -38 39 -40 -41 42 -43 -44 -45 -46 -47 48 49 -50
0x675ab205a4bae1ea 5980 -1 2 3 4 -5 6 -7 -8 -9 10 11 12 -13 14 15 16 17 -18 19 -20 -21 22 -23 24 25 26 -27 28 29 30 31 -32 33 -34 -35 -36 -37 -38 39 -40 -41 42 -43 -44 -45 -46 -47 48 49 -50
0x1f966b338061d62c 5980 -1 2 3 4 -5 6 -7 -8 -9 10 11 12 -13 14 15 16 17 -18 19 -20 -21 22 -23 24 25 26 -27 28 29 30 31 -32 33 -34 -35 -36 -37 -38 39 -40 -41 42 -43 -44 -45 -46 -47 48 49 -50
0x7747e02d418164c 5980 -1 2 3 4 -5 6 -7 -8 -9 10 11 12 -13 14 15 16 17 -18 19 -20 -21 22 -23 24 25 26 -27 28 29 30 31 -32 33 -34 -35 -36 -37 -38 39 -40 -41 42 -43 -44 -45 -46 -47 48 49 -50
0x10838312d1c85311 5980 -1 2 3 4 -5 6 -7 -8 -9 10 11 12 -13 14 15 16 17 -18 19 -20 -21 22 -23 24 25 26 -27 28 29 30 31 -32 33 -34 -35 -36 -37 -38 39 -40 -41 42 -43 -44 -45 -46 -47 48 49 -50
0xf2415bfe0aea13c9 5980 -1 2 3 4 -5 6 -7 -8 -9 10 11 12 -13 14 15 16 17 -18 19 -20 -21 22 -23 24 25 26 -27 28 29 30 31 -32 33 -34 -35 -36 -37 -38 39 -40 -41 42 -43 -44 -45 -46 -47 48 49 -50
0xd5589a7af7e9e37c 5980 -1 2 3 4 -5 6 -7 -8 -9 10 11 12 -13 14 15 16 17 -18 19 -20 -21 22 -23 24 25 26 -27 28 29 30 31 -32 33 -34 -35 -36 -37 -38 39 -40 -41 42 -43 -44 -45 -46 -47 48 49 -50
0x86dbd2fa0045b820 5980 -1 2 3 4 -5 6 -7 -8 -9 10 11 12 -13 14 15 16 17 -18 19 -20 -21 22 -23 24 25 26 -27 28 29 30 31 -32 33 -34 -35 -36 -37 -38 39 -40 -41 42 -43 -44 -45 -46 -47 48 49 -50
0xc7e6048e603a886a 5980 -1 2 3 4 -5 6 -7 -8 -9 10 11 12 -13 14 15 16 17 -18 19 -20 -21 22 -23 24 25 26 -27 28 29 30 31 -32 33 -34 -35 -36 -37 -38 39 -40 -41 42 -43 -44 -45 -46 -47 48 49 -50
0x582a149f6111d4d5 3994 -1 2 -3 4 -5 6 -7 -8 -9 10 11 12 -13 14 15 16 17 -18 19 -20 -21 22 -23 24 25 26 -27 28 29 30 31 -32 33 -34 -35 -36 -37 -38 39 -40 -41 42 -43 -44 -45 -46 -47 48 49 -50
0xa6a2a2688603b51f 5980 -1 2 3 4 -5 6 -7 -8 -9 10 11 12 -13 14 15 16 17 -18 19 -20 -21 22 -23 24 25 26 -27 28 29 30 31 -32 33 -34 -35 -36 -37 -38 39 -40 -41 42 -43 -44 -45 -46 -47 48 49 -50
0x6f87b15d28785200 5980 -1 2 3 4 -5 6 -7 -8 -9 10 11 12 -13 14 15 16 17 -18 19 -20 -21 22 -23 24 25 26 -27 28 29 30 31 -32 33 -34 -35 -36 -37 -38 39 -40 -41 42 -43 -44 -45 -46 -47 48 49 -50
0x9888f11ef409bd1 5980 -1 2 3 4 -5 6 -7 -8 -9 10 11 12 -13 14 15 16 17 -18 19 -20 -21 22 -23 24 25 26 -27 28 29 30 31 -32 33 -34 -35 -36 -37 -38 39 -40 -41 42 -43 -44 -45 -46 -47 48 49 -50
0x2b1e367b556eac8f 5980 -1 2 3 4 -5 6 -7 -8 -9 10 11 12 -13 14 15 16 17 -18 19 -20 -21 22 -23 24 25 26 -27 28 29 30 31 -32 33 -34 -35 -36 -37 -38 39 -40 -41 42 -43 -44 -45 -46 -47 48 49 -50
0x311208b678b91ba0 5980 -1 2 3 4 -5 6 -7 -8 -9 10 11 12 -13 14 15 16 17 -18 19 -20 -21 22 -23 24 25 26 -27 28 29 30 31 -32 33 -34 -35 -36 -37 -38 39 -40 -41 42 -43 -44 -45 -46 -47 48 49 -50