0xeaa8e6a686e7e4ff 60079 -1 -2 -3 4 -5 -6 7 8 -9 10 11 -12 -13 14 15 -16 17 -18 19 -20 -21 -22 23 24 25 26 -27 -28 29 30 -31 32 -33 34 35 -36 -37 38 -39 -40 41 42 -43 44 45 46 -47 48 -49 -50
0x29db577266754c16 60079 -1 -2 -3 4 -5 -6 7 8 -9 10 11 -12 -13 14 15 -16 17 -18 19 -20 -21 -22 23 24 25 26 -27 -28 29 30 -31 32 -33 34 35 -36 -37 38 -39 -40 41 42 -43 44 45 46 -47 48 -49 -50
0x17f9782bb1c99629 60079 -1 -2 -3 4 -5 -6 7 8 -9 10 11 -12 -13 14 15 -16 17 -18 19 -20 -21 -22 23 24 25 26 -27 -28 29 30 -31 32 -33 34 35 -36 -37 38 -39 -40 41 42 -43 44 45 46 -47 48 -49 -50
0xd280f8fa7619af54 60079 -1 -2 -3 4 -5 -6 7 8 -9 10 11 -12 -13 14 15 -16 17 -18 19 -20 -21 -22 23 24 25 26 -27 -28 29 30 -31 32 -33 34 35 -36 -37 38 -39 -40 41 42 -43 44 45 46 -47 48 -49 -50
0x4482542b11710544 60079 -1 -2 -3 4 -5 -6 7 8 -9 10 11 -12 -13 14 15 -16 17 -18 19 -20 -21 -22 23 24 25 26 -27 -28 29 30 -31 32 -33 34 35 -36 -37 38 -39 -40 41 42 -43 44 45 46 -47 48 -49 -50
0x5e905028ddb0b323 60079 -1 -2 -3 4 -5 -6 7 8 -9 10 11 -12 -13 14 15 -16 17 -18 19 -20 -21 -22 23 24 25 26 -27 -28 29 30 -31 32 -33 34 35 -36 -37 38 -39 -40 41 42 -43 44 45 46 -47 48 -49 -50
0xb71cb47601c2c086 60079 -1 -2 -3 4 -5 -6 7 8 -9 10 11 -12 -13 14 15 -16 17 -18 19 -20 -21 -22 23 24 25 26 -27 -28 29 30 -31 32 -33 34 35 -36 -37 38 -39 -40 41 42 -43 44 45 46 -47 48 -49 -50
0x676c436c582affa8 60079 -1 -2 -3 4 -5 -6 7 8 -9 10 11 -12 -13 14 15 -16 17 -18 19 -20 -21 -22 23 24 25 26 -27 -28 29 30 -31 32 -33 34 35 -36 -37 38 -39 -40 41 42 -43 44 45 46 -47 48 -49 -50
0x189af24482e9968b 60079 -1 -2 -3 4 -5 -6 7 8 -9 10 11 -12 -13 14 15 -16 17 -18 19 -20 -21 -22 23 24 25 26 -27 -28 29 30 -31 32 -33 34 35 -36 -37 38 -39 -40 41 42 -43 44 45 46 -47 48 -49 -50
0x22791d9bc208fa35 60079 -1 -2 -3 4 -5 -6 7 8 -9 10 11 -12 -13 14 15 -16 17 -18 19 -20 -21 -22 23 24 25 26 -27 -28 29 30 -31 32 -33 34 35 -36 -37 38 -39 -40 41 42 -43 44 45 46 -47 48 -49 -50
0xf4e4bc36a40c4512 60079 -1 -2 -3 4 -5 -6 7 8 -9 10 11 -12 -13 14 15 -16 17 -18 19 -20 -21 -22 23 24 25 26 -27 -28 29 30 -31 32 -33 34 35 -36 -37 38 -39 -40 41 42 -43 44 45 46 -47 48 -49 -50
0xce237e1cb9a83cd2 60079 -1 -2 -3 4 -5 -6 7 8 -9 10 11 -12 -13 14 15 -16 17 -18 19 -20 -21 -22 23 24 25 26 -27 -28 29 30 -31 32 -33 34 35 -36 -37 38 -39 -40 41 42 -43 44 45 46 -47 48 -49 -50
0x720b8c82ab1d3f87 60079 -1 -2 -3 4 -5 -6 7 8 -9 10 11 -12 -13 14 15 -16 17 -18 19 -20 -21 -22 23 24 25 26 -27 -28 29 30 -31 32 -33 34 35 -36 -37 38 -39 -40 41 42 -43 44 45 46 -47 48 -49 -50
0x6bf85d0f44009f5a 60079 -1 -2 -3 4 -5 -6 7 8 -9 10 11 -12 -13 14 15 -16 17 -18 19 -20 -21 -22 23 24 25 26 -27 -28 29 30 -31 32 -33 34 35 -36 -37 38 -39 -40 41 42 -43 44 45 46 -47 48 -49 -50
0xeb7d209ff9c31b95 60079 -1 -2 -3 4 -5 -6 7 8 -9 10 11 -12 -13 14 15 -16 17 -18 19 -20 -21 -22 23 24 25 26 -27 -28 29 30 -31 32 -33 34 35 -36 -37 38 -39 -40 41 42 -43 44 45 46 -47 48 -49 -50
0x27ac4ac65ee29228 60079 -1 -2 -3 4 -5 -6 7 8 -9 10 11 -12 -13 14 15 -16 17 -18 19 -20 -21 -22 23 24 25 26 -27 -28 29 30 -31 32 -33 34 35 -36 -37 38 -39 -40 41 42 -43 44 45 46 -47 48 -49 -50
0x4e256946056bc126 60079 -1 -2 -3 4 -5 -6 7 8 -9 10 11 -12 -13 14 15 -16 17 -18 19 -20 -21 -22 23 24 25 26 -27 -28 29 30 -31 32 -33 34 35 -36 -37 38 -39 -40 41 42 -43 44 45 46 -47 48 -49 -50
0x3174b9959621848 60079 -1 -2 -3 4 -5 -6 7 8 -9 10 11 -12 -13 14 15 -16 17 -18 19 -20 -21 -22 23 24 25 26 -27 -28 29 30 -31 32 -33 34 35 -36 -37 38 -39 -40 41 42 -43 44 45 46 -47 48 -49 -50
0xc6a47a6b39e39a67 52824 -1 2 -3 4 -5 -6 7 8 -9 10 11 -12 -13 14 15 -16 17 -18 19 -20 -21 -22 23 24 25 26 -27 -28 29 30 -31 32 -33 -34 35 -36 -37 38 -39 -40 41 42 -43 44 45 46 -47 48 -49 -50
0xdb57ff1dee1ecf03 60079 -1 -2 -3 4 -5 -6 7 8 -9 10 11 -12 -13 14 15 -16 17 -18 19 -20 -21 -22 23 24 25 26 -27 -28 29 30 -31 32 -33 34 35 -36 -37 38 -39 -40 41 42 -43 44 45 46 -47 48 -49 -50
0x61fbc93318531139 60079 -1 -2 -3 4 -5 -6 7 8 -9 10 11 -12 -13 14 15 -16 17 -18 19 -20 -21 -22 23 24 25 26 -27 -28 29 30 -31 32 -33 34 35 -36 -37 38 -39 -40 41 42 -43 44 45 46 -47 48 -49 -50
0x8c91971f84785713 60079 -1 -2 -3 4 -5 -6 7 8 -9 10 11 -12 -13 14 15 -16 17 -18 19 -20 -21 -22 23 24 25 26 -27 -28 29 30 -31 32 -33 34 35 -36 -37 38 -39 -40 41 42 -43 44 45 46 -47 48 -49 -50
0x249ecce74e423537 60079 -1 -2 -3 4 -5 -6 7 8 -9 10 11 -12 -13 14 15 -16 17 -18 19 -20 -21 -22 23 24 25 26 -27 -28 29 30 -31 32 -33 34 35 -36 -37 38 -39 -40 41 42 -43 44 45 46 -47 48 -49 -50
0xb4e76353e2b5128f 60079 -1 -2 -3 4 -5 -6 7 8 -9 10 11 -12 -13 14 15 -16 17 -18 19 -20 -21 -22 23 24 25 26 -27 -28 29 30 -31 32 -33 34 35 -36 -37 38 -39 -40 41 42 -43 44 45 46 -47 48 -49 -50
0xb0c6a94b610af487 60079 -1 -2 -3 4 -5 -6 7 8 -9 10 11 -12 -13 14 15 -16 17 -18 19 -20 -21 -22 23 24 25 26 -27 -28 29 30 -31 32 -33 34 35 -36 -37 38 -39 -40 41 42 -43 44 45 46 -47 48 -49 -50
0x65aebf3ed0f0148f 60079 -1 -2 -3 4 -5 -6 7 8 -9 10 11 -12 -13 14 15 -16 17 -18 19 -20 -21 -22 23 24 25 26 -27 -28 29 30 -31 32 -33 34 35 -36 -37 38 -39 -40 41 42 -43 44 45 46 -47 48 -49 -50
0xc97de2bc38a9059b 60079 -1 -2 -3 4 -5 -6 7 8 -9 10 11 -12 -13 14 15 -16 17 -18 19 -20 -21 -22 23 24 25 26 -27 -28 29 30 -31 32 -33 34 35 -36 -37 38 -39 -40 41 42 -43 44 45 46 -47 48 -49 -50
0x4c2789e02ac869a4 60079 -1 -2 -3 4 -5 -6 7 8 -9 10 11 -12 -13 14 15 -16 17 -18 19 -20 -21 -22 23 24 25 26 -27 -28 29 30 -31 32 -33 34 35 -36 -37 38 -39 -40 41 42 -43 44 45 46 -47 48 -49 -50
0x706f4edad75a3726 60079 -1 -2 -3 4 -5 -6 7 8 -9 10 11 -12 -13 14 15 -16 17 -18 19 -20 -21 -22 23 24 25 26 -27 -28 29 30 -31 32 -33 34 35 -36 -37 38 -39 -40 41 42 -43 44 45 46 -47 48 -49 -50
0xc4b3ab74f8aa8ea2 60079 -1 -2 -3 4 -5 -6 7 8 -9 10 11 -12 -13 14 15 -16 17 -18 19 -20 -21 -22 23 24 25 26 -27 -28 29 30 -31 32 -33 34 35 -36 -37 38 -39 -40 41 42 -43 44 45 46 -47 48 -49 -50