0x3db6078dab4bb906 76933 1 2 3 -4 -5 6 7 -8 9 10 -11 12 -13 14 15 16 17 18 19 -20 21 -22 -23 24 25 -26 -27 -28 29 -30 -31 32 -33 -34 35 36 -37 -38 39 -40 41 -42 43 -44 45 -46 -47 -48 -49 50
0xae1a01ee5f261c5e 76933 1 2 3 -4 -5 6 7 -8 9 10 -11 12 -13 14 15 16 17 18 19 -20 21 -22 -23 24 25 -26 -27 -28 29 -30 -31 32 -33 -34 35 36 -37 -38 39 -40 41 -42 43 -44 45 -46 -47 -48 -49 50
0x2eaf9d8a1e549cba 76933 1 2 3 -4 -5 6 7 -8 9 10 -11 12 -13 14 15 16 17 18 19 -20 21 -22 -23 24 25 -26 -27 -28 29 -30 -31 32 -33 -34 35 36 -37 -38 39 -40 41 -42 43 -44 45 -46 -47 -48 -49 50
0x48b7b655995880ca 76933 1 2 3 -4 -5 6 7 -8 9 10 -11 12 -13 14 15 16 17 18 19 -20 21 -22 -23 24 25 -26 -27 -28 29 -30 -31 32 -33 -34 35 36 -37 -38 39 -40 41 -42 43 -44 45 -46 -47 -48 -49 50
0xff2ab495cce542dc 76933 1 2 3 -4 -5 6 7 -8 9 10 -11 12 -13 14 15 16 17 18 19 -20 21 -22 -23 24 25 -26 -27 -28 29 -30 -31 32 -33 -34 35 36 -37 -38 39 -40 41 -42 43 -44 45 -46 -47 -48 -49 50
0x97dd0eea512cff8a 76933 1 2 3 -4 -5 6 7 -8 9 10 -11 12 -13 14 15 16 17 18 19 -20 21 -22 -23 24 25 -26 -27 -28 29 -30 -31 32 -33 -34 35 36 -37 -38 39 -40 41 -42 43 -44 45 -46 -47 -48 -49 50
0x14f65212dc7754a0 76933 1 2 3 -4 -5 6 7 -8 9 10 -11 12 -13 14 15 16 17 18 19 -20 21 -22 -23 24 25 -26 -27 -28 29 -30 -31 32 -33 -34 35 36 -37 -38 39 -40 41 -42 43 -44 45 -46 -47 -48 -49 50
0x1e44f0679bce97f0 76933 1 2 3 -4 -5 6 7 -8 9 10 -11 12 -13 14 15 16 17 18 19 -20 21 -22 -23 24 25 -26 -27 -28 29 -30 -31 32 -33 -34 35 36 -37 -38 39 -40 41 -42 43 -44 45 -46 -47 -48 -49 50
0xee53c1bbcd950d60 76933 1 2 3 -4 -5 6 7 -8 9 10 -11 12 -13 14 15 16 17 18 19 -20 21 -22 -23 24 25 -26 -27 -28 29 -30 -31 32 -33 -34 35 36 -37 -38 39 -40 41 -42 43 -44 45 -46 -47 -48 -49 50
0x438718d032a04990 76933 1 2 3 -4 -5 6 7 -8 9 10 -11 12 -13 14 15 16 17 18 19 -20 21 -22 -23 24 25 -26 -27 -28 29 -30 -31 32 -33 -34 35 36 -37 -38 39 -40 41 -42 43 -44 45 -46 -47 -48 -49 50
0x2f4fc70d48115a93 76933 1 2 3 -4 -5 6 7 -8 9 10 -11 12 -13 14 15 16 17 18 19 -20 21 -22 -23 24 25 -26 -27 -28 29 -30 -31 32 -33 -34 35 36 -37 -38 39 -40 41 -42 43 -44 45 -46 -47 -48 -49 50
0xc3c907c0b82a25cf 76933 1 2 3 -4 -5 6 7 -8 9 10 -11 12 -13 14 15 16 17 18 19 -20 21 -22 -23 24 25 -26 -27 -28 29 -30 -31 32 -33 -34 35 36 -37 -38 39 -40 41 -42 43 -44 45 -46 -47 -48 -49 50
0xccccf0bc45176cfb 76933 1 2 3 -4 -5 6 7 -8 9 10 -11 12 -13 14 15 16 17 18 19 -20 21 -22 -23 24 25 -26 -27 -28 29 -30 -31 32 -33 -34 35 36 -37 -38 39 -40 41 -42 43 -44 45 -46 -47 -48 -49 50
0x9d1829b00123ffa6 76933 1 2 3 -4 -5 6 7 -8 9 10 -11 12 -13 14 15 16 17 18 19 -20 21 -22 -23 24 25 -26 -27 -28 29 -30 -31 32 -33 -34 35 36 -37 -38 39 -40 41 -42 43 -44 45 -46 -47 -48 -49 50
0xde1120803ce6c983 76933 1 2 3 -4 -5 6 7 -8 9 10 -11 12 -13 14 15 16 17 18 19 -20 21 -22 -23 24 25 -26 -27 -28 29 -30 -31 32 -33 -34 35 36 -37 -38 39 -40 41 -42 43 -44 45 -46 -47 -48 -49 50
0x66296be27f5abb04 76933 1 2 3 -4 -5 6 7 -8 9 10 -11 12 -13 14 15 16 17 18 19 -20 21 -22 -23 24 25 -26 -27 -28 29 -30 -31 32 -33 -34 35 36 -37 -38 39 -40 41 -42 43 -44 45 -46 -47 -48 -49 50
0x55611b4de5713756 76933 1 2 3 -4 -5 6 7 -8 9 10 -11 12 -13 14 15 16 17 18 19 -20 21 -22 -23 24 25 -26 -27 -28 29 -30 -31 32 -33 -34 35 36 -37 -38 39 -40 41 -42 43 -44 45 -46 -47 -48 -49 50
0x89234d9b60a26ce6 76933 1 2 3 -4 -5 6 7 -8 9 10 -11 12 -13 14 15 16 17 18 19 -20 21 -22 -23 24 25 -26 -27 -28 29 -30 -31 32 -33 -34 35 36 -37 -38 39 -40 41 -42 43 -44 45 -46 -47 -48 -49 50
0x43da795f23c5efde 76933 1 2 3 -4 -5 6 7 -8 9 10 -11 12 -13 14 15 16 17 18 19 -20 21 -22 -23 24 25 -26 -27 -28 29 -30 -31 32 -33 -34 35 36 -37 -38 39 -40 41 -42 43 -44 45 -46 -47 -48 -49 50
0xd7d3fb41911c5e93 76933 1 2 3 -4 -5 6 7 -8 9 10 -11 12 -13 14 15 16 17 18 19 -20 21 -22 -23 24 25 -26 -27 -28 29 -30 -31 32 -33 -34 35 36 -37 -38 39 -40 41 -42 43 -44 45 -46 -47 -48 -49 50
0x961962a7a00cec7 76933 1 2 3 -4 -5 6 7 -8 9 10 -11 12 -13 14 15 16 17 18 19 -20 21 -22 -23 24 25 -26 -27 -28 29 -30 -31 32 -33 -34 35 36 -37 -38 39 -40 41 -42 43 -44 45 -46 -47 -48 -49 50
0x4d4bf31c85fcb973 76933 1 2 3 -4 -5 6 7 -8 9 10 -11 12 -13 14 15 16 17 18 19 -20 21 -22 -23 24 25 -26 -27 -28 29 -30 -31 32 -33 -34 35 36 -37 -38 39 -40 41 -42 43 -44 45 -46 -47 -48 -49 50
0xb7a380652cbd81fc 76933 1 2 3 -4 -5 6 7 -8 9 10 -11 12 -13 14 15 16 17 18 19 -20 21 -22 -23 24 25 -26 -27 -28 29 -30 -31 32 -33 -34 35 36 -37 -38 39 -40 41 -42 43 -44 45 -46 -47 -48 -49 50
0x67eb9538f43ae4da 76933 1 2 3 -4 -5 6 7 -8 9 10 -11 12 -13 14 15 16 17 18 19 -20 21 -22 -23 24 25 -26 -27 -28 29 -30 -31 32 -33 -34 35 36 -37 -38 39 -40 41 -42 43 -44 45 -46 -47 -48 -49 50
0x2f2bea069b0eb9a8 76933 1 2 3 -4 -5 6 7 -8 9 10 -11 12 -13 14 15 16 17 18 19 -20 21 -22 -23 24 25 -26 -27 -28 29 -30 -31 32 -33 -34 35 36 -37 -38 39 -40 41 -42 43 -44 45 -46 -47 -48 -49 50
0x638c5fef1105e4a5 76933 1 2 3 -4 -5 6 7 -8 9 10 -11 12 -13 14 15 16 17 18 19 -20 21 -22 -23 24 25 -26 -27 -28 29 -30 -31 32 -33 -34 35 36 -37 -38 39 -40 41 -42 43 -44 45 -46 -47 -48 -49 50
0xbd8f184683f95835 76933 1 2 3 -4 -5 6 7 -8 9 10 -11 12 -13 14 15 16 17 18 19 -20 21 -22 -23 24 25 -26 -27 -28 29 -30 -31 32 -33 -34 35 36 -37 -38 39 -40 41 -42 43 -44 45 -46 -47 -48 -49 50
0xd16dc169e852660 76933 1 2 3 -4 -5 6 7 -8 9 10 -11 12 -13 14 15 16 17 18 19 -20 21 -22 -23 24 25 -26 -27 -28 29 -30 -31 32 -33 -34 35 36 -37 -38 39 -40 41 -42 43 -44 45 -46 -47 -48 -49 50
0x68073619ab77327 76933 1 2 3 -4 -5 6 7 -8 9 10 -11 12 -13 14 15 16 17 18 19 -20 21 -22 -23 24 25 -26 -27 -28 29 -30 -31 32 -33 -34 35 36 -37 -38 39 -40 41 -42 43 -44 45 -46 -47 -48 -49 50
0xa2bf1f7804a7ba2e 76933 1 2 3 -4 -5 6 7 -8 9 10 -11 12 -13 14 15 16 17 18 19 -20 21 -22 -23 24 25 -26 -27 -28 29 -30 -31 32 -33 -34 35 36 -37 -38 39 -40 41 -42 43 -44 45 -46 -47 -48 -49 50