0xd737436a1be86458 107079 -1 2 -3 4 5 6 -7 -8 9 10 11 12 -13 -14 -15 16 17 -18 19 -20 21 -22 -23 24 -25 -26 -27 -28 -29 -30 -31 32 -33 34 35 36 37 -38 39 40 -41 -42 43 -44 45 -46 47 -48 49 -50
0xc5cacc0e0f73de99 117009 -1 2 -3 4 5 6 -7 -8 9 10 11 12 -13 -14 -15 16 17 18 19 -20 21 -22 -23 24 -25 -26 -27 -28 -29 -30 -31 32 -33 34 35 36 37 -38 39 40 -41 -42 43 -44 45 -46 47 -48 49 -50
0x9dfb8bf1e6336c06 117009 -1 2 -3 4 5 6 -7 -8 9 10 11 12 -13 -14 -15 16 17 18 19 -20 21 -22 -23 24 -25 -26 -27 -28 -29 -30 -31 32 -33 34 35 36 37 -38 39 40 -41 -42 43 -44 45 -46 47 -48 49 -50
0xe1d5046fd0923b80 117009 -1 2 -3 4 5 6 -7 -8 9 10 11 12 -13 -14 -15 16 17 18 19 -20 21 -22 -23 24 -25 -26 -27 -28 -29 -30 -31 32 -33 34 35 36 37 -38 39 40 -41 -42 43 -44 45 -46 47 -48 49 -50
0x770df2451f11bf84 117009 -1 2 -3 4 5 6 -7 -8 9 10 11 12 -13 -14 -15 16 17 18 19 -20 21 -22 -23 24 -25 -26 -27 -28 -29 -30 -31 32 -33 34 35 36 37 -38 39 40 -41 -42 43 -44 45 -46 47 -48 49 -50
0x989f2fd0879445d0 117009 -1 2 -3 4 5 6 -7 -8 9 10 11 12 -13 -14 -15 16 17 18 19 -20 21 -22 -23 24 -25 -26 -27 -28 -29 -30 -31 32 -33 34 35 36 37 -38 39 40 -41 -42 43 -44 45 -46 47 -48 49 -50
0x55a4d22bfffe53cf 117009 -1 2 -3 4 5 6 -7 -8 9 10 11 12 -13 -14 -15 16 17 18 19 -20 21 -22 -23 24 -25 -26 -27 -28 -29 -30 -31 32 -33 34 35 36 37 -38 39 40 -41 -42 43 -44 45 -46 47 -48 49 -50
0x742350934f1ed219 117009 -1 2 -3 4 5 6 -7 -8 9 10 11 12 -13 -14 -15 16 17 18 19 -20 21 -22 -23 24 -25 -26 -27 -28 -29 -30 -31 32 -33 34 35 36 37 -38 39 40 -41 -42 43 -44 45 -46 47 -48 49 -50
0x66ff3ce654b22ad7 117009 -1 2 -3 4 5 6 -7 -8 9 10 11 12 -13 -14 -15 16 17 18 19 -20 21 -22 -23 24 -25 -26 -27 -28 -29 -30 -31 32 -33 34 35 36 37 -38 39 40 -41 -42 43 -44 45 -46 47 -48 49 -50
0x89790bc43466000b 117009 -1 2 -3 4 5 6 -7 -8 9 10 11 12 -13 -14 -15 16 17 18 19 -20 21 -22 -23 24 -25 -26 -27 -28 -29 -30 -31 32 -33 34 35 36 37 -38 39 40 -41 -42 43 -44 45 -46 47 -48 49 -50
0x94450ffe5476334b 117009 -1 2 -3 4 5 6 -7 -8 9 10 11 12 -13 -14 -15 16 17 18 19 -20 21 -22 -23 24 -25 -26 -27 -28 -29 -30 -31 32 -33 34 35 36 37 -38 39 40 -41 -42 43 -44 45 -46 47 -48 49 -50
0x37b2efa560998fa1 117009 -1 2 -3 4 5 6 -7 -8 9 10 11 12 -13 -14 -15 16 17 18 19 -20 21 -22 -23 24 -25 -26 -27 -28 -29 -30 -31 32 -33 34 35 36 37 -38 39 40 -41 -42 43 -44 45 -46 47 -48 49 -50
0x75760d21aaba1892 117009 -1 2 -3 4 5 6 -7 -8 9 10 11 12 -13 -14 -15 16 17 18 19 -20 21 -22 -23 24 -25 -26 -27 -28 -29 -30 -31 32 -33 34 35 36 37 -38 39 40 -41 -42 43 -44 45 -46 47 -48 49 -50
0x733a7ecbe0b910a7 117009 -1 2 -3 4 5 6 -7 -8 9 10 11 12 -13 -14 -15 16 17 18 19 -20 21 -22 -23 24 -25 -26 -27 -28 -29 -30 -31 32 -33 34 35 36 37 -38 39 40 -41 -42 43 -44 45 -46 47 -48 49 -50
0x38c2cd309fedebb4 117009 -1 2 -3 4 5 6 -7 -8 9 10 11 12 -13 -14 -15 16 17 18 19 -20 21 -22 -23 24 -25 -26 -27 -28 -29 -30 -31 32 -33 34 35 36 37 -38 39 40 -41 -42 43 -44 45 -46 47 -48 49 -50
0x6657a2739f83e494 117009 -1 2 -3 4 5 6 -7 -8 9 10 11 12 -13 -14 -15 16 17 18 19 -20 21 -22 -23 24 -25 -26 -27 -28 -29 -30 -31 32 -33 34 35 36 37 -38 39 40 -41 -42 43 -44 45 -46 47 -48 49 -50
0xfd17d34f9741f419 117009 -1 2 -3 4 5 6 -7 -8 9 10 11 12 -13 -14 -15 16 17 18 19 -20 21 -22 -23 24 -25 -26 -27 -28 -29 -30 -31 32 -33 34 35 36 37 -38 39 40 -41 -42 43 -44 45 -46 47 -48 49 -50
0xefce7874274539f8 117009 -1 2 -3 4 5 6 -7 -8 9 10 11 12 -13 -14 -15 16 17 18 19 -20 21 -22 -23 24 -25 -26 -27 -28 -29 -30 -31 32 -33 34 35 36 37 -38 39 40 -41 -42 43 -44 45 -46 47 -48 49 -50
0xa37b0b5c7b52f82d 117009 -1 2 -3 4 5 6 -7 -8 9 10 11 12 -13 -14 -15 16 17 18 19 -20 21 -22 -23 24 -25 -26 -27 -28 -29 -30 -31 32 -33 34 35 36 37 -38 39 40 -41 -42 43 -44 45 -46 47 -48 49 -50
0x9cf9fc063fd53f25 117009 -1 2 -3 4 5 6 -7 -8 9 10 11 12 -13 -14 -15 16 17 18 19 -20 21 -22 -23 24 -25 -26 -27 -28 -29 -30 -31 32 -33 34 35 36 37 -38 39 40 -41 -42 43 -44 45 -46 47 -48 49 -50
0x7d68092f8f325da8 117009 -1 2 -3 4 5 6 -7 -8 9 10 11 12 -13 -14 -15 16 17 18 19 -20 21 -22 -23 24 -25 -26 -27 -28 -29 -30 -31 32 -33 34 35 36 37 -38 39 40 -41 -42 43 -44 45 -46 47 -48 49 -50
0x397928d47c7c9f94 117009 -1 2 -3 4 5 6 -7 -8 9 10 11 12 -13 -14 -15 16 17 18 19 -20 21 -22 -23 24 -25 -26 -27 -28 -29 -30 -31 32 -33 34 35 36 37 -38 39 40 -41 -42 43 -44 45 -46 47 -48 49 -50
0xe83d0b0bf339f187 117009 -1 2 -3 4 5 6 -7 -8 9 10 11 12 -13 -14 -15 16 17 18 19 -20 21 -22 -23 24 -25 -26 -27 -28 -29 -30 -31 32 -33 34 35 36 37 -38 39 40 -41 -42 43 -44 45 -46 47 -48 49 -50
0x524d613225441852 117009 -1 2 -3 4 5 6 -7 -8 9 10 11 12 -13 -14 -15 16 17 18 19 -20 21 -22 -23 24 -25 -26 -27 -28 -29 -30 -31 32 -33 34 35 36 37 -38 39 40 -41 -42 43 -44 45 -46 47 -48 49 -50
0xeca7734b4ed285b5 117009 -1 2 -3 4 5 6 -7 -8 9 10 11 12 -13 -14 -15 16 17 18 19 -20 21 -22 -23 24 -25 -26 -27 -28 -29 -30 -31 32 -33 34 35 36 37 -38 39 40 -41 -42 43 -44 45 -46 47 -48 49 -50
0xea718c72aac6f2f3 117009 -1 2 -3 4 5 6 -7 -8 9 10 11 12 -13 -14 -15 16 17 18 19 -20 21 -22 -23 24 -25 -26 -27 -28 -29 -30 -31 32 -33 34 35 36 37 -38 39 40 -41 -42 43 -44 45 -46 47 -48 49 -50
0x835056566f3a5656 117009 -1 2 -3 4 5 6 -7 -8 9 10 11 12 -13 -14 -15 16 17 18 19 -20 21 -22 -23 24 -25 -26 -27 -28 -29 -30 -31 32 -33 34 35 36 37 -38 39 40 -41 -42 43 -44 45 -46 47 -48 49 -50
0x37a604b6b77768a9 117009 -1 2 -3 4 5 6 -7 -8 9 10 11 12 -13 -14 -15 16 17 18 19 -20 21 -22 -23 24 -25 -26 -27 -28 -29 -30 -31 32 -33 34 35 36 37 -38 39 40 -41 -42 43 -44 45 -46 47 -48 49 -50
0xd4b950ec2888babe 117009 -1 2 -3 4 5 6 -7 -8 9 10 11 12 -13 -14 -15 16 17 18 19 -20 21 -22 -23 24 -25 -26 -27 -28 -29 -30 -31 32 -33 34 35 36 37 -38 39 40 -41 -42 43 -44 45 -46 47 -48 49 -50
0x6802455e21c05ae7 117009 -1 2 -3 4 5 6 -7 -8 9 10 11 12 -13 -14 -15 16 17 18 19 -20 21 -22 -23 24 -25 -26 -27 -28 -29 -30 -31 32 -33 34 35 36 37 -38 39 40 -41 -42 43 -44 45 -46 47 -48 49 -50