0xc37cc6b569f104ea 6522 -1 2 3 4 -5 -6 7 -8 -9 10 -11 -12 13 -14 -15 -16 17 -18 -19 20 -21 22 -23 24 -25 -26 -27 28 29 30 -31 -32 33 34 35 -36 37 -38 39 -40 -41 -42 -43 44 -45 -46 47 48 49 50
0xaf1f3f603f980519 6522 -1 2 3 4 -5 -6 7 -8 -9 10 -11 -12 13 -14 -15 -16 17 -18 -19 20 -21 22 -23 24 -25 -26 -27 28 29 30 -31 -32 33 34 35 -36 37 -38 39 -40 -41 -42 -43 44 -45 -46 47 48 49 50
0xc7ea5b901cf68594 6522 -1 2 3 4 -5 -6 7 -8 -9 10 -11 -12 13 -14 -15 -16 17 -18 -19 20 -21 22 -23 24 -25 -26 -27 28 29 30 -31 -32 33 34 35 -36 37 -38 39 -40 -41 -42 -43 44 -45 -46 47 48 49 50
0xf5203b79378d1a89 6522 -1 2 3 4 -5 -6 7 -8 -9 10 -11 -12 13 -14 -15 -16 17 -18 -19 20 -21 22 -23 24 -25 -26 -27 28 29 30 -31 -32 33 34 35 -36 37 -38 39 -40 -41 -42 -43 44 -45 -46 47 48 49 50
0x51326d93dacfda2b 6522 -1 2 3 4 -5 -6 7 -8 -9 10 -11 -12 13 -14 -15 -16 17 -18 -19 20 -21 22 -23 24 -25 -26 -27 28 29 30 -31 -32 33 34 35 -36 37 -38 39 -40 -41 -42 -43 44 -45 -46 47 48 49 50
0x2ac3409f164bed43 6522 -1 2 3 4 -5 -6 7 -8 -9 10 -11 -12 13 -14 -15 -16 17 -18 -19 20 -21 22 -23 24 -25 -26 -27 28 29 30 -31 -32 33 34 35 -36 37 -38 39 -40 -41 -42 -43 44 -45 -46 47 48 49 50
0x35bef136f1b1c5c0 6522 -1 2 3 4 -5 -6 7 -8 -9 10 -11 -12 13 -14 -15 -16 17 -18 -19 20 -21 22 -23 24 -25 -26 -27 28 29 30 -31 -32 33 34 35 -36 37 -38 39 -40 -41 -42 -43 44 -45 -46 47 48 49 50
0xb6221505c657265d 6522 -1 2 3 4 -5 -6 7 -8 -9 10 -11 -12 13 -14 -15 -16 17 -18 -19 20 -21 22 -23 24 -25 -26 -27 28 29 30 -31 -32 33 34 35 -36 37 -38 39 -40 -41 -42 -43 44 -45 -46 47 48 49 50
0xbcbd03529bcc756 6522 -1 2 3 4 -5 -6 7 -8 -9 10 -11 -12 13 -14 -15 -16 17 -18 -19 20 -21 22 -23 24 -25 -26 -27 28 29 30 -31 -32 33 34 35 -36 37 -38 39 -40 -41 -42 -43 44 -45 -46 47 48 49 50
0x9323f5a3da2a165b 6522 -1 2 3 4 -5 -6 7 -8 -9 10 -11 -12 13 -14 -15 -16 17 -18 -19 20 -21 22 -23 24 -25 -26 -27 28 29 30 -31 -32 33 34 35 -36 37 -38 39 -40 -41 -42 -43 44 -45 -46 47 48 49 50
0x4ce23af2c8d99d15 6522 -1 2 3 4 -5 -6 7 -8 -9 10 -11 -12 13 -14 -15 -16 17 -18 -19 20 -21 22 -23 24 -25 -26 -27 28 29 30 -31 -32 33 34 35 -36 37 -38 39 -40 -41 -42 -43 44 -45 -46 47 48 49 50
0xba4e8f61210ac43c 6522 -1 2 3 4 -5 -6 7 -8 -9 10 -11 -12 13 -14 -15 -16 17 -18 -19 20 -21 22 -23 24 -25 -26 -27 28 29 30 -31 -32 33 34 35 -36 37 -38 39 -40 -41 -42 -43 44 -45 -46 47 48 49 50
0xc3c730d3debb9f6b 6522 -1 2 3 4 -5 -6 7 -8 -9 10 -11 -12 13 -14 -15 -16 17 -18 -19 20 -21 22 -23 24 -25 -26 -27 28 29 30 -31 -32 33 34 35 -36 37 -38 39 -40 -41 -42 -43 44 -45 -46 47 48 49 50
0x9b0414997fae1808 6522 -1 2 3 4 -5 -6 7 -8 -9 10 -11 -12 13 -14 -15 -16 17 -18 -19 20 -21 22 -23 24 -25 -26 -27 28 29 30 -31 -32 33 34 35 -36 37 -38 39 -40 -41 -42 -43 44 -45 -46 47 48 49 50
0x6b03b612f3912602 6522 -1 2 3 4 -5 -6 7 -8 -9 10 -11 -12 13 -14 -15 -16 17 -18 -19 20 -21 22 -23 24 -25 -26 -27 28 29 30 -31 -32 33 34 35 -36 37 -38 39 -40 -41 -42 -43 44 -45 -46 47 48 49 50
0x1ec92385ff76547 6522 -1 2 3 4 -5 -6 7 -8 -9 10 -11 -12 13 -14 -15 -16 17 -18 -19 20 -21 22 -23 24 -25 -26 -27 28 29 30 -31 -32 33 34 35 -36 37 -38 39 -40 -41 -42 -43 44 -45 -46 47 48 49 50
0x2e847311b3f73b4d 6522 -1 2 3 4 -5 -6 7 -8 -9 10 -11 -12 13 -14 -15 -16 17 -18 -19 20 -21 22 -23 24 -25 -26 -27 28 29 30 -31 -32 33 34 35 -36 37 -38 39 -40 -41 -42 -43 44 -45 -46 47 48 49 50
0x3fbb8b3d4b1a8c8c 6522 -1 2 3 4 -5 -6 7 -8 -9 10 -11 -12 13 -14 -15 -16 17 -18 -19 20 -21 22 -23 24 -25 -26 -27 28 29 30 -31 -32 33 34 35 -36 37 -38 39 -40 -41 -42 -43 44 -45 -46 47 48 49 50
0xb209616d538401ff 6522 -1 2 3 4 -5 -6 7 -8 -9 10 -11 -12 13 -14 -15 -16 17 -18 -19 20 -21 22 -23 24 -25 -26 -27 28 29 30 -31 -32 33 34 35 -36 37 -38 39 -40 -41 -42 -43 44 -45 -46 47 48 49 50
0xeb998be6f76fdea9 6522 -1 2 3 4 -5 -6 7 -8 -9 10 -11 -12 13 -14 -15 -16 17 -18 -19 20 -21 22 -23 24 -25 -26 -27 28 29 30 -31 -32 33 34 35 -36 37 -38 39 -40 -41 -42 -43 44 -45 -46 47 48 49 50
0xf5863c046e76650c 6522 -1 2 3 4 -5 -6 7 -8 -9 10 -11 -12 13 -14 -15 -16 17 -18 -19 20 -21 22 -23 24 -25 -26 -27 28 29 30 -31 -32 33 34 35 -36 37 -38 39 -40 -41 -42 -43 44 -45 -46 47 48 49 50
0x659e99b41735ccb1 6522 -1 2 3 4 -5 -6 7 -8 -9 10 -11 -12 13 -14 -15 -16 17 -18 -19 20 -21 22 -23 24 -25 -26 -27 28 29 30 -31 -32 33 34 35 -36 37 -38 39 -40 -41 -42 -43 44 -45 -46 47 48 49 50
0x2976eef68e49c7a5 6522 -1 2 3 4 -5 -6 7 -8 -9 10 -11 -12 13 -14 -15 -16 17 -18 -19 20 -21 22 -23 24 -25 -26 -27 28 29 30 -31 -32 33 34 35 -36 37 -38 39 -40 -41 -42 -43 44 -45 -46 47 48 49 50
0x98c0a36463b697f9 6522 -1 2 3 4 -5 -6 7 -8 -9 10 -11 -12 13 -14 -15 -16 17 -18 -19 20 -21 22 -23 24 -25 -26 -27 28 29 30 -31 -32 33 34 35 -36 37 -38 39 -40 -41 -42 -43 44 -45 -46 47 48 49 50
0x222807a3942db53f 6522 -1 2 3 4 -5 -6 7 -8 -9 10 -11 -12 13 -14 -15 -16 17 -18 -19 20 -21 22 -23 24 -25 -26 -27 28 29 30 -31 -32 33 34 35 -36 37 -38 39 -40 -41 -42 -43 44 -45 -46 47 48 49 50
0xb35f0f547d20212 6522 -1 2 3 4 -5 -6 7 -8 -9 10 -11 -12 13 -14 -15 -16 17 -18 -19 20 -21 22 -23 24 -25 -26 -27 28 29 30 -31 -32 33 34 35 -36 37 -38 39 -40 -41 -42 -43 44 -45 -46 47 48 49 50
0x18f324a98c61918c 6522 -1 2 3 4 -5 -6 7 -8 -9 10 -11 -12 13 -14 -15 -16 17 -18 -19 20 -21 22 -23 24 -25 -26 -27 28 29 30 -31 -32 33 34 35 -36 37 -38 39 -40 -41 -42 -43 44 -45 -46 47 48 49 50
0x8c4b93a7cceafccf 6522 -1 2 3 4 -5 -6 7 -8 -9 10 -11 -12 13 -14 -15 -16 17 -18 -19 20 -21 22 -23 24 -25 -26 -27 28 29 30 -31 -32 33 34 35 -36 37 -38 39 -40 -41 -42 -43 44 -45 -46 47 48 49 50
0xaa6f65e7ad74487f 6522 -1 2 3 4 -5 -6 7 -8 -9 10 -11 -12 13 -14 -15 -16 17 -18 -19 20 -21 22 -23 24 -25 -26 -27 28 29 30 -31 -32 33 34 35 -36 37 -38 39 -40 -41 -42 -43 44 -45 -46 47 48 49 50
0xeafd5f9ad395a44 6522 -1 2 3 4 -5 -6 7 -8 -9 10 -11 -12 13 -14 -15 -16 17 -18 -19 20 -21 22 -23 24 -25 -26 -27 28 29 30 -31 -32 33 34 35 -36 37 -38 39 -40 -41 -42 -43 44 -45 -46 47 48 49 50