0xe1b42688ee3816dc 24612 -1 2 3 4 -5 6 7 8 9 10 -11 12 13 -14 15 -16 -17 18 -19 20 21 -22 -23 -24 -25 -26 -27 28 29 30 31 -32 -33 34 35 36 -37 -38 39 40 -41 42 -43 -44 45 46 -47 48 49 50
0xcbb49a4a026c9644 24612 -1 2 3 4 -5 6 7 8 9 10 -11 12 13 -14 15 -16 -17 18 -19 20 21 -22 -23 -24 -25 -26 -27 28 29 30 31 -32 -33 34 35 36 -37 -38 39 40 -41 42 -43 -44 45 46 -47 48 49 50
0x9a6b4b58ae9f4b4 24612 -1 2 3 4 -5 6 7 8 9 10 -11 12 13 -14 15 -16 -17 18 -19 20 21 -22 -23 -24 -25 -26 -27 28 29 30 31 -32 -33 34 35 36 -37 -38 39 40 -41 42 -43 -44 45 46 -47 48 49 50
0xd96b0576ea1a2cfb 24612 -1 2 3 4 -5 6 7 8 9 10 -11 12 13 -14 15 -16 -17 18 -19 20 21 -22 -23 -24 -25 -26 -27 28 29 30 31 -32 -33 34 35 36 -37 -38 39 40 -41 42 -43 -44 45 46 -47 48 49 50
0x3f84b83a1b192169 24612 -1 2 3 4 -5 6 7 8 9 10 -11 12 13 -14 15 -16 -17 18 -19 20 21 -22 -23 -24 -25 -26 -27 28 29 30 31 -32 -33 34 35 36 -37 -38 39 40 -41 42 -43 -44 45 46 -47 48 49 50
0x51f1017dcc0756b8 24612 -1 2 3 4 -5 6 7 8 9 10 -11 12 13 -14 15 -16 -17 18 -19 20 21 -22 -23 -24 -25 -26 -27 28 29 30 31 -32 -33 34 35 36 -37 -38 39 40 -41 42 -43 -44 45 46 -47 48 49 50
0x31b0e396974b8f69 24612 -1 2 3 4 -5 6 7 8 9 10 -11 12 13 -14 15 -16 -17 18 -19 20 21 -22 -23 -24 -25 -26 -27 28 29 30 31 -32 -33 34 35 36 -37 -38 39 40 -41 42 -43 -44 45 46 -47 48 49 50
0x871292f5149fd4d8 24612 -1 2 3 4 -5 6 7 8 9 10 -11 12 13 -14 15 -16 -17 18 -19 20 21 -22 -23 -24 -25 -26 -27 28 29 30 31 -32 -33 34 35 36 -37 -38 39 40 -41 42 -43 -44 45 46 -47 48 49 50
0xb47d5b64385b37dd 24612 -1 2 3 4 -5 6 7 8 9 10 -11 12 13 -14 15 -16 -17 18 -19 20 21 -22 -23 -24 -25 -26 -27 28 29 30 31 -32 -33 34 35 36 -37 -38 39 40 -41 42 -43 -44 45 46 -47 48 49 50
0xe26baa6c83b933d 24612 -1 2 3 4 -5 6 7 8 9 10 -11 12 13 -14 15 -16 -17 18 -19 20 21 -22 -23 -24 -25 -26 -27 28 29 30 31 -32 -33 34 35 36 -37 -38 39 40 -41 42 -43 -44 45 46 -47 48 49 50
0x539e58bd97fe1050 24612 -1 2 3 4 -5 6 7 8 9 10 -11 12 13 -14 15 -16 -17 18 -19 20 21 -22 -23 -24 -25 -26 -27 28 29 30 31 -32 -33 34 35 36 -37 -38 39 40 -41 42 -43 -44 45 46 -47 48 49 50
0x108069c339aa16cf 24612 -1 2 3 4 -5 6 7 8 9 10 -11 12 13 -14 15 -16 -17 18 -19 20 21 -22 -23 -24 -25 -26 -27 28 29 30 31 -32 -33 34 35 36 -37 -38 39 40 -41 42 -43 -44 45 46 -47 48 49 50
0x33d1148eb8827f1 24612 -1 2 3 4 -5 6 7 8 9 10 -11 12 13 -14 15 -16 -17 18 -19 20 21 -22 -23 -24 -25 -26 -27 28 29 30 31 -32 -33 34 35 36 -37 -38 39 40 -41 42 -43 -44 45 46 -47 48 49 50
0x59628937b12fbeaf 24612 -1 2 3 4 -5 6 7 8 9 10 -11 12 13 -14 15 -16 -17 18 -19 20 21 -22 -23 -24 -25 -26 -27 28 29 30 31 -32 -33 34 35 36 -37 -38 39 40 -41 42 -43 -44 45 46 -47 48 49 50
0xf84ef54d05435d49 24612 -1 2 3 4 -5 6 7 8 9 10 -11 12 13 -14 15 -16 -17 18 -19 20 21 -22 -23 -24 -25 -26 -27 28 29 30 31 -32 -33 34 35 36 -37 -38 39 40 -41 42 -43 -44 45 46 -47 48 49 50
0x39b10696691b2ac1 24612 -1 2 3 4 -5 6 7 8 9 10 -11 12 13 -14 15 -16 -17 18 -19 20 21 -22 -23 -24 -25 -26 -27 28 29 30 31 -32 -33 34 35 36 -37 -38 39 40 -41 42 -43 -44 45 46 -47 48 49 50
0x40b56ef8f8e4205d 24612 -1 2 3 4 -5 6 7 8 9 10 -11 12 13 -14 15 -16 -17 18 -19 20 21 -22 -23 -24 -25 -26 -27 28 29 30 31 -32 -33 34 35 36 -37 -38 39 40 -41 42 -43 -44 45 46 -47 48 49 50
0x6dff24ac12f9c727 24612 -1 2 3 4 -5 6 7 8 9 10 -11 12 13 -14 15 -16 -17 18 -19 20 21 -22 -23 -24 -25 -26 -27 28 29 30 31 -32 -33 34 35 36 -37 -38 39 40 -41 42 -43 -44 45 46 -47 48 49 50
0x91c875bc6180856f 24612 -1 2 3 4 -5 6 7 8 9 10 -11 12 13 -14 15 -16 -17 18 -19 20 21 -22 -23 -24 -25 -26 -27 28 29 30 31 -32 -33 34 35 36 -37 -38 39 40 -41 42 -43 -44 45 46 -47 48 49 50
0x4ccaeb882d867c45 24612 -1 2 3 4 -5 6 7 8 9 10 -11 12 13 -14 15 -16 -17 18 -19 20 21 -22 -23 -24 -25 -26 -27 28 29 30 31 -32 -33 34 35 36 -37 -38 39 40 -41 42 -43 -44 45 46 -47 48 49 50
0x99cbfe44d330f501 24612 -1 2 3 4 -5 6 7 8 9 10 -11 12 13 -14 15 -16 -17 18 -19 20 21 -22 -23 -24 -25 -26 -27 28 29 30 31 -32 -33 34 35 36 -37 -38 39 40 -41 42 -43 -44 45 46 -47 48 49 50
0xbaec987976bc5ebd 24612 -1 2 3 4 -5 6 7 8 9 10 -11 12 13 -14 15 -16 -17 18 -19 20 21 -22 -23 -24 -25 -26 -27 28 29 30 31 -32 -33 34 35 36 -37 -38 39 40 -41 42 -43 -44 45 46 -47 48 49 50
0xbf196a81ba54dbd8 24612 -1 2 3 4 -5 6 7 8 9 10 -11 12 13 -14 15 -16 -17 18 -19 20 21 -22 -23 -24 -25 -26 -27 28 29 30 31 -32 -33 34 35 36 -37 -38 39 40 -41 42 -43 -44 45 46 -47 48 49 50
0x853a0e0f2d0d5f73 24612 -1 2 3 4 -5 6 7 8 9 10 -11 12 13 -14 15 -16 -17 18 -19 20 21 -22 -23 -24 -25 -26 -27 28 29 30 31 -32 -33 34 35 36 -37 -38 39 40 -41 42 -43 -44 45 46 -47 48 49 50
0x8bfcf9a47b7b5af5 24612 -1 2 3 4 -5 6 7 8 9 10 -11 12 13 -14 15 -16 -17 18 -19 20 21 -22 -23 -24 -25 -26 -27 28 29 30 31 -32 -33 34 35 36 -37 -38 39 40 -41 42 -43 -44 45 46 -47 48 49 50
0xfe5e441912bcfb88 24612 -1 2 3 4 -5 6 7 8 9 10 -11 12 13 -14 15 -16 -17 18 -19 20 21 -22 -23 -24 -25 -26 -27 28 29 30 31 -32 -33 34 35 36 -37 -38 39 40 -41 42 -43 -44 45 46 -47 48 49 50
0x46473818e6eff79c 24612 -1 2 3 4 -5 6 7 8 9 10 -11 12 13 -14 15 -16 -17 18 -19 20 21 -22 -23 -24 -25 -26 -27 28 29 30 31 -32 -33 34 35 36 -37 -38 39 40 -41 42 -43 -44 45 46 -47 48 49 50
0xffe4b7a5665eec62 24612 -1 2 3 4 -5 6 7 8 9 10 -11 12 13 -14 15 -16 -17 18 -19 20 21 -22 -23 -24 -25 -26 -27 28 29 30 31 -32 -33 34 35 36 -37 -38 39 40 -41 42 -43 -44 45 46 -47 48 49 50
0x71926f9052eb4b50 24612 -1 2 3 4 -5 6 7 8 9 10 -11 12 13 -14 15 -16 -17 18 -19 20 21 -22 -23 -24 -25 -26 -27 28 29 30 31 -32 -33 34 35 36 -37 -38 39 40 -41 42 -43 -44 45 46 -47 48 49 50
0xe7b3f3cebe7bec12 24612 -1 2 3 4 -5 6 7 8 9 10 -11 12 13 -14 15 -16 -17 18 -19 20 21 -22 -23 -24 -25 -26 -27 28 29 30 31 -32 -33 34 35 36 -37 -38 39 40 -41 42 -43 -44 45 46 -47 48 49 50