0x4bb8452faba55108 156634 -1 -2 -3 4 5 6 7 -8 9 10 -11 -12 13 -14 -15 16 -17 -18 -19 20 21 22 -23 -24 -25 -26 27 -28 -29 30 31 32 -33 34 -35 36 37 38 39 40 41 42 43 44 -45 46 47 -48 -49 -50
0xecadcff44db57eaf 158555 -1 -2 -3 4 5 6 7 8 9 10 -11 -12 13 -14 -15 16 -17 -18 -19 20 21 22 -23 -24 -25 -26 27 -28 -29 30 31 32 -33 34 -35 36 37 38 39 40 41 42 43 44 -45 46 47 -48 -49 -50
0xbb6e1f8a5bf5ced3 152757 -1 -2 -3 4 5 6 7 -8 9 10 -11 -12 13 -14 -15 16 -17 -18 -19 20 21 22 -23 -24 -25 -26 27 -28 -29 30 31 -32 -33 34 -35 36 37 38 39 40 -41 42 43 44 -45 46 47 -48 -49 -50
0xad16350c40474f53 150810 1 -2 -3 4 5 6 7 8 9 10 -11 -12 13 -14 15 16 -17 -18 -19 20 21 22 -23 -24 -25 -26 27 -28 -29 30 31 -32 33 34 -35 -36 -37 38 39 40 41 42 43 44 -45 46 47 -48 -49 -50
0xcd155d34cf96a6b9 158555 -1 -2 -3 4 5 6 7 8 9 10 -11 -12 13 -14 -15 16 -17 -18 -19 20 21 22 -23 -24 -25 -26 27 -28 -29 30 31 32 -33 34 -35 36 37 38 39 40 41 42 43 44 -45 46 47 -48 -49 -50
0xb60c5cc7c34d5926 147573 -1 -2 -3 4 5 6 7 8 -9 10 -11 -12 13 -14 -15 16 -17 -18 -19 20 21 22 -23 -24 -25 -26 27 -28 -29 30 31 32 -33 34 -35 36 37 38 39 40 41 42 43 44 -45 46 47 -48 -49 -50
0xe870c97b6cd4f2b8 142842 1 -2 3 4 5 6 7 -8 -9 10 -11 -12 13 -14 15 16 -17 -18 -19 20 21 22 -23 24 -25 -26 27 -28 -29 30 31 32 33 34 -35 -36 -37 38 39 40 41 42 43 44 -45 -46 47 -48 -49 -50
0x2057377983d58eef 158555 -1 -2 -3 4 5 6 7 8 9 10 -11 -12 13 -14 -15 16 -17 -18 -19 20 21 22 -23 -24 -25 -26 27 -28 -29 30 31 32 -33 34 -35 36 37 38 39 40 41 42 43 44 -45 46 47 -48 -49 -50
0x579938e2bdf0a231 155537 -1 -2 -3 4 5 6 7 8 9 10 -11 -12 13 -14 -15 16 -17 -18 -19 20 21 22 -23 -24 -25 -26 27 -28 -29 30 31 -32 -33 34 -35 36 37 38 39 40 41 42 43 44 -45 46 47 -48 -49 -50
0x4c66ad48f20cd348 156634 -1 -2 -3 4 5 6 7 -8 9 10 -11 -12 13 -14 -15 16 -17 -18 -19 20 21 22 -23 -24 -25 -26 27 -28 -29 30 31 32 -33 34 -35 36 37 38 39 40 41 42 43 44 -45 46 47 -48 -49 -50
0xbc506133d128e4e0 156634 -1 -2 -3 4 5 6 7 -8 9 10 -11 -12 13 -14 -15 16 -17 -18 -19 20 21 22 -23 -24 -25 -26 27 -28 -29 30 31 32 -33 34 -35 36 37 38 39 40 41 42 43 44 -45 46 47 -48 -49 -50
0xc719fd9e60ebaf0b 150810 1 -2 -3 4 5 6 7 8 9 10 -11 -12 13 -14 15 16 -17 -18 -19 20 21 22 -23 -24 -25 -26 27 -28 -29 30 31 -32 33 34 -35 -36 -37 38 39 40 41 42 43 44 -45 46 47 -48 -49 -50
0xa7e147749e6728bf 151907 1 -2 -3 4 5 6 7 -8 9 10 -11 -12 13 -14 15 16 -17 -18 -19 20 21 22 -23 -24 -25 -26 27 -28 -29 30 31 32 33 34 -35 -36 -37 38 39 40 41 42 43 44 -45 46 47 -48 -49 -50
0x2668af1d01c48155 153828 1 -2 -3 4 5 6 7 8 9 10 -11 -12 13 -14 15 16 -17 -18 -19 20 21 22 -23 -24 -25 -26 27 -28 -29 30 31 32 33 34 -35 -36 -37 38 39 40 41 42 43 44 -45 46 47 -48 -49 -50
0xcd932fed05cf4a0a 155775 -1 -2 -3 4 5 6 7 -8 9 10 -11 -12 13 -14 -15 16 -17 -18 -19 20 21 22 -23 -24 -25 -26 27 -28 -29 30 31 32 -33 34 -35 36 37 38 39 40 -41 42 43 44 -45 46 47 -48 -49 -50
0x175f7fb05895af80 148192 -1 -2 3 4 5 6 7 -8 -9 10 -11 -12 13 -14 -15 16 -17 -18 -19 20 21 22 -23 -24 -25 -26 27 -28 -29 30 31 32 -33 34 -35 36 37 38 39 40 41 42 43 44 -45 46 47 -48 -49 -50
0x59f08e23f493c33c 158555 -1 -2 -3 4 5 6 7 8 9 10 -11 -12 13 -14 -15 16 -17 -18 -19 20 21 22 -23 -24 -25 -26 27 -28 -29 30 31 32 -33 34 -35 36 37 38 39 40 41 42 43 44 -45 46 47 -48 -49 -50
0x5471547c141fd527 148889 1 -2 -3 4 5 6 7 -8 9 10 -11 -12 13 -14 15 16 -17 -18 -19 20 21 22 -23 -24 -25 -26 27 -28 -29 30 31 -32 33 34 -35 -36 -37 38 39 40 41 42 43 44 -45 46 47 -48 -49 -50
0xc5e1f4debb0ddd0f 150113 -1 -2 3 4 5 6 7 8 -9 10 -11 -12 13 -14 -15 16 -17 -18 -19 20 21 22 -23 -24 -25 -26 27 -28 -29 30 31 32 -33 34 -35 36 37 38 39 40 41 42 43 44 -45 46 47 -48 -49 -50
0x7b1c29e874bff425 145177 1 -2 3 4 5 6 7 8 -9 10 -11 -12 13 -14 15 16 -17 -18 -19 20 21 22 -23 24 -25 -26 27 28 -29 30 31 32 33 34 -35 -36 -37 38 39 40 41 42 43 44 -45 -46 47 -48 -49 -50
0xbc9d0625df19de7e 149688 1 -2 -3 4 5 6 7 8 9 10 -11 -12 13 -14 15 16 -17 -18 -19 20 21 22 -23 -24 -25 -26 27 -28 -29 30 31 32 33 34 -35 -36 -37 38 39 40 41 42 43 44 -45 -46 47 -48 -49 -50
0xf7e2039bad0da494 153828 1 -2 -3 4 5 6 7 8 9 10 -11 -12 13 -14 15 16 -17 -18 -19 20 21 22 -23 -24 -25 -26 27 -28 -29 30 31 32 33 34 -35 -36 -37 38 39 40 41 42 43 44 -45 46 47 -48 -49 -50
0xeb676340f5b73cc5 150113 -1 -2 3 4 5 6 7 8 -9 10 -11 -12 13 -14 -15 16 -17 -18 -19 20 21 22 -23 -24 -25 -26 27 -28 -29 30 31 32 -33 34 -35 36 37 38 39 40 41 42 43 44 -45 46 47 -48 -49 -50
0x7f95dc7ee73d44d1 153828 1 -2 -3 4 5 6 7 8 9 10 -11 -12 13 -14 15 16 -17 -18 -19 20 21 22 -23 -24 -25 -26 27 -28 -29 30 31 32 33 34 -35 -36 -37 38 39 40 41 42 43 44 -45 46 47 -48 -49 -50
0xd22d9cb54eeccb5e 146908 1 -2 -3 4 5 6 7 -8 9 10 -11 -12 13 -14 15 16 -17 -18 -19 20 21 22 -23 -24 -25 -26 27 -28 -29 30 31 32 33 34 -35 -36 -37 38 39 40 -41 42 43 44 -45 -46 47 -48 -49 -50
0xccfc96b6da462976 153828 1 -2 -3 4 5 6 7 8 9 10 -11 -12 13 -14 15 16 -17 -18 -19 20 21 22 -23 -24 -25 -26 27 -28 -29 30 31 32 33 34 -35 -36 -37 38 39 40 41 42 43 44 -45 46 47 -48 -49 -50
0xebee224b7ef0ec05 156634 -1 -2 -3 4 5 6 7 -8 9 10 -11 -12 13 -14 -15 16 -17 -18 -19 20 21 22 -23 -24 -25 -26 27 -28 -29 30 31 32 -33 34 -35 36 37 38 39 40 41 42 43 44 -45 46 47 -48 -49 -50
0x99c1ebac19cccd5e 153616 -1 -2 -3 4 5 6 7 -8 9 10 -11 -12 13 -14 -15 16 -17 -18 -19 20 21 22 -23 -24 -25 -26 27 -28 -29 30 31 -32 -33 34 -35 36 37 38 39 40 41 42 43 44 -45 46 47 -48 -49 -50
0xc5f833090f95beb5 158555 -1 -2 -3 4 5 6 7 8 9 10 -11 -12 13 -14 -15 16 -17 -18 -19 20 21 22 -23 -24 -25 -26 27 -28 -29 30 31 32 -33 34 -35 36 37 38 39 40 41 42 43 44 -45 46 47 -48 -49 -50
0x9c15c038bd101a4 150113 -1 -2 3 4 5 6 7 8 -9 10 -11 -12 13 -14 -15 16 -17 -18 -19 20 21 22 -23 -24 -25 -26 27 -28 -29 30 31 32 -33 34 -35 36 37 38 39 40 41 42 43 44 -45 46 47 -48 -49 -50