0x61fb981e05796f10 24080 -1 -2 -3 4 5 -6 -7 8 9 10 -11 12 -13 -14 -15 16 17 18 -19 20 21 22 23 -24 25 -26 27 -28 29 -30 -31 32 33 -34 -35 -36 37 38 39 40 41 -42 -43 -44 45 -46 -47 48 -49 -50
0xd14dfa47c673df08 24080 1 -2 -3 4 5 -6 -7 8 -9 10 -11 12 -13 -14 -15 16 17 18 -19 20 21 22 23 -24 25 -26 27 -28 29 -30 -31 32 33 -34 -35 -36 37 38 39 40 41 -42 -43 -44 45 -46 -47 48 -49 -50
0xa3fd1656c2d9d054 24080 1 -2 -3 4 5 -6 -7 8 -9 10 -11 12 -13 -14 -15 16 17 18 -19 20 21 22 23 -24 25 -26 27 -28 29 -30 -31 32 33 -34 -35 -36 37 38 39 40 41 -42 -43 -44 45 -46 -47 48 -49 -50
0x9b7ad69569722b3f 24080 -1 -2 -3 4 5 -6 -7 8 9 10 -11 12 -13 -14 -15 16 17 18 -19 20 21 22 23 -24 25 -26 27 -28 29 -30 -31 32 33 -34 -35 -36 37 38 39 40 41 -42 -43 -44 45 -46 -47 48 -49 -50
0xdfa724dbabf44b5e 24080 1 -2 -3 4 5 -6 -7 8 -9 10 -11 12 -13 -14 -15 16 17 18 -19 20 21 22 23 -24 25 -26 27 -28 29 -30 -31 32 33 -34 -35 -36 37 38 39 40 41 -42 -43 -44 45 -46 -47 48 -49 -50
0xca4fae4c048f50f7 24080 -1 -2 -3 4 5 -6 -7 8 9 10 -11 12 -13 -14 -15 16 17 18 -19 20 21 22 23 -24 25 -26 27 -28 29 -30 -31 32 33 -34 -35 -36 37 38 39 40 41 -42 -43 -44 45 -46 -47 48 -49 -50
0xdaf325ac90f56b46 24080 1 -2 -3 4 5 -6 -7 8 -9 10 -11 12 -13 -14 -15 16 17 18 -19 20 21 22 23 -24 25 -26 27 -28 29 -30 -31 32 33 -34 -35 -36 37 38 39 40 41 -42 -43 -44 45 -46 -47 48 -49 -50
0x6823c392663ea6dd 24080 1 -2 -3 4 5 -6 -7 8 -9 10 -11 12 -13 -14 -15 16 17 18 -19 20 21 22 23 -24 25 -26 27 -28 29 -30 -31 32 33 -34 -35 -36 37 38 39 40 41 -42 -43 -44 45 -46 -47 48 -49 -50
0xe312476c04006e33 24080 1 -2 -3 4 5 -6 -7 8 -9 10 -11 12 -13 -14 -15 16 17 18 -19 20 21 22 23 -24 25 -26 27 -28 29 -30 -31 32 33 -34 -35 -36 37 38 39 40 41 -42 -43 -44 45 -46 -47 48 -49 -50
0xf372a16474bdf00 24080 -1 -2 -3 4 5 -6 -7 8 9 10 -11 12 -13 -14 -15 16 17 18 -19 20 21 22 23 -24 25 -26 27 -28 29 -30 -31 32 33 -34 -35 -36 37 38 39 40 41 -42 -43 -44 45 -46 -47 48 -49 -50
0x88f678fbd01772e6 24080 1 -2 -3 4 5 -6 -7 8 -9 10 -11 12 -13 -14 -15 16 17 18 -19 20 21 22 23 -24 25 -26 27 -28 29 -30 -31 32 33 -34 -35 -36 37 38 39 40 41 -42 -43 -44 45 -46 -47 48 -49 -50
0xcb17b2955d10fcba 24080 1 -2 -3 4 5 -6 -7 8 -9 10 -11 12 -13 -14 -15 16 17 18 -19 20 21 22 23 -24 25 -26 27 -28 29 -30 -31 32 33 -34 -35 -36 37 38 39 40 41 -42 -43 -44 45 -46 -47 48 -49 -50
0xa5d280461717407e 24080 -1 -2 -3 4 5 -6 -7 8 9 10 -11 12 -13 -14 -15 16 17 18 -19 20 21 22 23 -24 25 -26 27 -28 29 -30 -31 32 33 -34 -35 -36 37 38 39 40 41 -42 -43 -44 45 -46 -47 48 -49 -50
0x74fbafcdd11ec4f 24080 1 -2 -3 4 5 -6 -7 8 -9 10 -11 12 -13 -14 -15 16 17 18 -19 20 21 22 23 -24 25 -26 27 -28 29 -30 -31 32 33 -34 -35 -36 37 38 39 40 41 -42 -43 -44 45 -46 -47 48 -49 -50
0x6d39145a4866aaeb 24080 1 -2 -3 4 5 -6 -7 8 -9 10 -11 12 -13 -14 -15 16 17 18 -19 20 21 22 23 -24 25 -26 27 -28 29 -30 -31 32 33 -34 -35 -36 37 38 39 40 41 -42 -43 -44 45 -46 -47 48 -49 -50
0xca652e32be5c2535 24080 1 -2 -3 4 5 -6 -7 8 -9 10 -11 12 -13 -14 -15 16 17 18 -19 20 21 22 23 -24 25 -26 27 -28 29 -30 -31 32 33 -34 -35 -36 37 38 39 40 41 -42 -43 -44 45 -46 -47 48 -49 -50
0xb1100210811b13b6 24080 -1 -2 -3 4 5 -6 -7 8 9 10 -11 12 -13 -14 -15 16 17 18 -19 20 21 22 23 -24 25 -26 27 -28 29 -30 -31 32 33 -34 -35 -36 37 38 39 40 41 -42 -43 -44 45 -46 -47 48 -49 -50
0xc70d98aee4236019 24080 1 -2 -3 4 5 -6 -7 8 -9 10 -11 12 -13 -14 -15 16 17 18 -19 20 21 22 23 -24 25 -26 27 -28 29 -30 -31 32 33 -34 -35 -36 37 38 39 40 41 -42 -43 -44 45 -46 -47 48 -49 -50
0x30a511807e4b56ac 24080 1 -2 -3 4 5 -6 -7 8 -9 10 -11 12 -13 -14 -15 16 17 18 -19 20 21 22 23 -24 25 -26 27 -28 29 -30 -31 32 33 -34 -35 -36 37 38 39 40 41 -42 -43 -44 45 -46 -47 48 -49 -50
0x3e01fa27819ee7e4 24080 -1 -2 -3 4 5 -6 -7 8 9 10 -11 12 -13 -14 -15 16 17 18 -19 20 21 22 23 -24 25 -26 27 -28 29 -30 -31 32 33 -34 -35 -36 37 38 39 40 41 -42 -43 -44 45 -46 -47 48 -49 -50
0x3e69f5ff47b4f9d8 24080 -1 -2 -3 4 5 -6 -7 8 9 10 -11 12 -13 -14 -15 16 17 18 -19 20 21 22 23 -24 25 -26 27 -28 29 -30 -31 32 33 -34 -35 -36 37 38 39 40 41 -42 -43 -44 45 -46 -47 48 -49 -50
0xeba4b5929f50c9c2 24080 1 -2 -3 4 5 -6 -7 8 -9 10 -11 12 -13 -14 -15 16 17 18 -19 20 21 22 23 -24 25 -26 27 -28 29 -30 -31 32 33 -34 -35 -36 37 38 39 40 41 -42 -43 -44 45 -46 -47 48 -49 -50
0x67443e257e655d83 24080 -1 -2 -3 4 5 -6 -7 8 9 10 -11 12 -13 -14 -15 16 17 18 -19 20 21 22 23 -24 25 -26 27 -28 29 -30 -31 32 33 -34 -35 -36 37 38 39 40 41 -42 -43 -44 45 -46 -47 48 -49 -50
0x42bb812969d1051e 24080 -1 -2 -3 4 5 -6 -7 8 9 10 -11 12 -13 -14 -15 16 17 18 -19 20 21 22 23 -24 25 -26 27 -28 29 -30 -31 32 33 -34 -35 -36 37 38 39 40 41 -42 -43 -44 45 -46 -47 48 -49 -50
0x827143c92a66ec3a 24080 1 -2 -3 4 5 -6 -7 8 -9 10 -11 12 -13 -14 -15 16 17 18 -19 20 21 22 23 -24 25 -26 27 -28 29 -30 -31 32 33 -34 -35 -36 37 38 39 40 41 -42 -43 -44 45 -46 -47 48 -49 -50
0xfb3d5660451cbba3 24080 -1 -2 -3 4 5 -6 -7 8 9 10 -11 12 -13 -14 -15 16 17 18 -19 20 21 22 23 -24 25 -26 27 -28 29 -30 -31 32 33 -34 -35 -36 37 38 39 40 41 -42 -43 -44 45 -46 -47 48 -49 -50
0xd0fe1c0122724ac7 24080 1 -2 -3 4 5 -6 -7 8 -9 10 -11 12 -13 -14 -15 16 17 18 -19 20 21 22 23 -24 25 -26 27 -28 29 -30 -31 32 33 -34 -35 -36 37 38 39 40 41 -42 -43 -44 45 -46 -47 48 -49 -50
0x3c3461efdf69613b 24080 1 -2 -3 4 5 -6 -7 8 -9 10 -11 12 -13 -14 -15 16 17 18 -19 20 21 22 23 -24 25 -26 27 -28 29 -30 -31 32 33 -34 -35 -36 37 38 39 40 41 -42 -43 -44 45 -46 -47 48 -49 -50
0x13d3872668a38835 24080 1 -2 -3 4 5 -6 -7 8 -9 10 -11 12 -13 -14 -15 16 17 18 -19 20 21 22 23 -24 25 -26 27 -28 29 -30 -31 32 33 -34 -35 -36 37 38 39 40 41 -42 -43 -44 45 -46 -47 48 -49 -50
0xad78db024379d7a1 24080 -1 -2 -3 4 5 -6 -7 8 9 10 -11 12 -13 -14 -15 16 17 18 -19 20 21 22 23 -24 25 -26 27 -28 29 -30 -31 32 33 -34 -35 -36 37 38 39 40 41 -42 -43 -44 45 -46 -47 48 -49 -50