0x6f997de7082a97a1 86458 1 2 -3 4 -5 6 -7 8 9 -10 11 -12 -13 14 -15 16 -17 -18 19 20 -21 22 -23 -24 -25 -26 27 -28 -29 -30 31 -32 -33 -34 35 36 -37 -38 39 40 -41 -42 43 -44 -45 46 -47 -48 -49 50
0xf368af53991652a2 89237 -1 2 -3 4 5 -6 -7 -8 9 -10 11 -12 13 14 -15 16 17 18 -19 20 21 22 23 -24 -25 -26 -27 -28 29 30 -31 32 33 -34 -35 -36 -37 38 39 40 -41 42 -43 44 -45 -46 47 -48 49 -50
0x9bad5f76ab0f7f 89237 -1 2 -3 4 5 -6 -7 -8 9 -10 11 -12 13 14 -15 16 17 18 -19 20 21 22 23 -24 -25 -26 -27 -28 29 30 -31 32 33 -34 -35 -36 -37 38 39 40 -41 42 -43 44 -45 -46 47 -48 49 -50
0x46b8589ee30011d5 89237 -1 2 -3 4 5 -6 -7 -8 9 -10 11 -12 13 14 -15 16 17 18 -19 20 21 22 23 -24 -25 -26 -27 -28 29 30 -31 32 33 -34 -35 -36 -37 38 39 40 -41 42 -43 44 -45 -46 47 -48 49 -50
0xcdd1671100743a86 89237 -1 2 -3 4 5 -6 -7 -8 9 -10 11 -12 13 14 -15 16 17 18 -19 20 21 22 23 -24 -25 -26 -27 -28 29 30 -31 32 33 -34 -35 -36 -37 38 39 40 -41 42 -43 44 -45 -46 47 -48 49 -50
0xdb543ee7c05a81b7 89237 -1 2 -3 4 5 -6 -7 -8 9 -10 11 -12 13 14 -15 16 17 18 -19 20 21 22 23 -24 -25 -26 -27 -28 29 30 -31 32 33 -34 -35 -36 -37 38 39 40 -41 42 -43 44 -45 -46 47 -48 49 -50
0x2324d152e2e735a0 89237 -1 2 -3 4 5 -6 -7 -8 9 -10 11 -12 13 14 -15 16 17 18 -19 20 21 22 23 -24 -25 -26 -27 -28 29 30 -31 32 33 -34 -35 -36 -37 38 39 40 -41 42 -43 44 -45 -46 47 -48 49 -50
0xa6197394ed09b056 89237 -1 2 -3 4 5 -6 -7 -8 9 -10 11 -12 13 14 -15 16 17 18 -19 20 21 22 23 -24 -25 -26 -27 -28 29 30 -31 32 33 -34 -35 -36 -37 38 39 40 -41 42 -43 44 -45 -46 47 -48 49 -50
0xa0467ebce7559aa4 89237 -1 2 -3 4 5 -6 -7 -8 9 -10 11 -12 13 14 -15 16 17 18 -19 20 21 22 23 -24 -25 -26 -27 -28 29 30 -31 32 33 -34 -35 -36 -37 38 39 40 -41 42 -43 44 -45 -46 47 -48 49 -50
0x77d994ab8336ca91 86458 1 2 -3 4 -5 6 -7 8 9 -10 11 -12 -13 14 -15 16 -17 -18 19 20 -21 22 -23 -24 -25 -26 27 -28 -29 -30 31 -32 -33 -34 35 36 -37 -38 39 40 -41 -42 43 -44 -45 46 -47 -48 -49 50
0x15a1bacbddf6d5b9 89237 -1 2 -3 4 5 -6 -7 -8 9 -10 11 -12 13 14 -15 16 17 18 -19 20 21 22 23 -24 -25 -26 -27 -28 29 30 -31 32 33 -34 -35 -36 -37 38 39 40 -41 42 -43 44 -45 -46 47 -48 49 -50
0x8b832b363187d87f 89237 -1 2 -3 4 5 -6 -7 -8 9 -10 11 -12 13 14 -15 16 17 18 -19 20 21 22 23 -24 -25 -26 -27 -28 29 30 -31 32 33 -34 -35 -36 -37 38 39 40 -41 42 -43 44 -45 -46 47 -48 49 -50
0xa7d4444f8e96f1ef 89237 -1 2 -3 4 5 -6 -7 -8 9 -10 11 -12 13 14 -15 16 17 18 -19 20 21 22 23 -24 -25 -26 -27 -28 29 30 -31 32 33 -34 -35 -36 -37 38 39 40 -41 42 -43 44 -45 -46 47 -48 49 -50
0x68a1d4f682775a7b 89237 -1 2 -3 4 5 -6 -7 -8 9 -10 11 -12 13 14 -15 16 17 18 -19 20 21 22 23 -24 -25 -26 -27 -28 29 30 -31 32 33 -34 -35 -36 -37 38 39 40 -41 42 -43 44 -45 -46 47 -48 49 -50
0xee1dbf965caed79 89237 -1 2 -3 4 5 -6 -7 -8 9 -10 11 -12 13 14 -15 16 17 18 -19 20 21 22 23 -24 -25 -26 -27 -28 29 30 -31 32 33 -34 -35 -36 -37 38 39 40 -41 42 -43 44 -45 -46 47 -48 49 -50
0xc599979803a3c2a1 89237 -1 2 -3 4 5 -6 -7 -8 9 -10 11 -12 13 14 -15 16 17 18 -19 20 21 22 23 -24 -25 -26 -27 -28 29 30 -31 32 33 -34 -35 -36 -37 38 39 40 -41 42 -43 44 -45 -46 47 -48 49 -50
0xa804e50ca214d792 89237 -1 2 -3 4 5 -6 -7 -8 9 -10 11 -12 13 14 -15 16 17 18 -19 20 21 22 23 -24 -25 -26 -27 -28 29 30 -31 32 33 -34 -35 -36 -37 38 39 40 -41 42 -43 44 -45 -46 47 -48 49 -50
0x32b2c01ff3329295 89237 -1 2 -3 4 5 -6 -7 -8 9 -10 11 -12 13 14 -15 16 17 18 -19 20 21 22 23 -24 -25 -26 -27 -28 29 30 -31 32 33 -34 -35 -36 -37 38 39 40 -41 42 -43 44 -45 -46 47 -48 49 -50
0x3946fb0de2f83a58 89237 -1 2 -3 4 5 -6 -7 -8 9 -10 11 -12 13 14 -15 16 17 18 -19 20 21 22 23 -24 -25 -26 -27 -28 29 30 -31 32 33 -34 -35 -36 -37 38 39 40 -41 42 -43 44 -45 -46 47 -48 49 -50
0x2cc914e3fd4a95c5 89237 -1 2 -3 4 5 -6 -7 -8 9 -10 11 -12 13 14 -15 16 17 18 -19 20 21 22 23 -24 -25 -26 -27 -28 29 30 -31 32 33 -34 -35 -36 -37 38 39 40 -41 42 -43 44 -45 -46 47 -48 49 -50
0x88987b468170c3c1 89237 -1 2 -3 4 5 -6 -7 -8 9 -10 11 -12 13 14 -15 16 17 18 -19 20 21 22 23 -24 -25 -26 -27 -28 29 30 -31 32 33 -34 -35 -36 -37 38 39 40 -41 42 -43 44 -45 -46 47 -48 49 -50
0xcb47902c98411de7 86458 1 2 -3 4 -5 6 -7 8 9 -10 11 -12 -13 14 -15 16 -17 -18 19 20 -21 22 -23 -24 -25 -26 27 -28 -29 -30 31 -32 -33 -34 35 36 -37 -38 39 40 -41 -42 43 -44 -45 46 -47 -48 -49 50
0xb5fb964f6d723be0 89237 -1 2 -3 4 5 -6 -7 -8 9 -10 11 -12 13 14 -15 16 17 18 -19 20 21 22 23 -24 -25 -26 -27 -28 29 30 -31 32 33 -34 -35 -36 -37 38 39 40 -41 42 -43 44 -45 -46 47 -48 49 -50
0xe981a4ddde7b66bc 86458 1 2 -3 4 -5 6 -7 8 9 -10 11 -12 -13 14 -15 16 -17 -18 19 20 -21 22 -23 -24 -25 -26 27 -28 -29 -30 31 -32 -33 -34 35 36 -37 -38 39 40 -41 -42 43 -44 -45 46 -47 -48 -49 50
0xad95e93d3a8313ae 86458 1 2 -3 4 -5 6 -7 8 9 -10 11 -12 -13 14 -15 16 -17 -18 19 20 -21 22 -23 -24 -25 -26 27 -28 -29 -30 31 -32 -33 -34 35 36 -37 -38 39 40 -41 -42 43 -44 -45 46 -47 -48 -49 50
0x49004e84ef0f358f 89237 -1 2 -3 4 5 -6 -7 -8 9 -10 11 -12 13 14 -15 16 17 18 -19 20 21 22 23 -24 -25 -26 -27 -28 29 30 -31 32 33 -34 -35 -36 -37 38 39 40 -41 42 -43 44 -45 -46 47 -48 49 -50
0x478375052b219e58 89237 -1 2 -3 4 5 -6 -7 -8 9 -10 11 -12 13 14 -15 16 17 18 -19 20 21 22 23 -24 -25 -26 -27 -28 29 30 -31 32 33 -34 -35 -36 -37 38 39 40 -41 42 -43 44 -45 -46 47 -48 49 -50
0x634bf9bc27d670aa 89237 -1 2 -3 4 5 -6 -7 -8 9 -10 11 -12 13 14 -15 16 17 18 -19 20 21 22 23 -24 -25 -26 -27 -28 29 30 -31 32 33 -34 -35 -36 -37 38 39 40 -41 42 -43 44 -45 -46 47 -48 49 -50
0xc6ce0ddff3daa147 86458 1 2 -3 4 -5 6 -7 8 9 -10 11 -12 -13 14 -15 16 -17 -18 19 20 -21 22 -23 -24 -25 -26 27 -28 -29 -30 31 -32 -33 -34 35 36 -37 -38 39 40 -41 -42 43 -44 -45 46 -47 -48 -49 50
0x533f5e5965508898 89237 -1 2 -3 4 5 -6 -7 -8 9 -10 11 -12 13 14 -15 16 17 18 -19 20 21 22 23 -24 -25 -26 -27 -28 29 30 -31 32 33 -34 -35 -36 -37 38 39 40 -41 42 -43 44 -45 -46 47 -48 49 -50