0xc687be796327e11b 14426 1 2 3 -4 -5 -6 7 8 -9 10 11 12 -13 -14 -15 16 17 -18 19 20 -21 22 23 -24 -25 26 -27 28 -29 -30 -31 -32 -33 -34 -35 36 37 38 -39 -40 41 42 43 -44 45 46 47 48 -49 -50
0xd22abc868317e746 14426 1 2 3 -4 -5 -6 7 8 -9 10 11 12 -13 -14 -15 16 17 -18 19 20 -21 22 23 -24 -25 26 -27 28 -29 -30 -31 -32 -33 -34 -35 36 37 38 -39 -40 41 42 43 -44 45 46 47 48 -49 -50
0xf4caa4a7534c5b99 14426 1 2 3 -4 -5 -6 7 8 -9 10 11 12 -13 -14 -15 16 17 -18 19 20 -21 22 23 -24 -25 26 -27 28 -29 -30 -31 -32 -33 -34 -35 36 37 38 -39 -40 41 42 43 -44 45 46 47 48 -49 -50
0x9b1bc4cdb6d145a7 14426 1 2 3 -4 -5 -6 7 8 -9 10 11 12 -13 -14 -15 16 17 -18 19 20 -21 22 23 -24 -25 26 -27 28 -29 -30 -31 -32 -33 -34 -35 36 37 38 -39 -40 41 42 43 -44 45 46 47 48 -49 -50
0x4ea6dbd46dca41d9 14426 1 2 3 -4 -5 -6 7 8 -9 10 11 12 -13 -14 -15 16 17 -18 19 20 -21 22 23 -24 -25 26 -27 28 -29 -30 -31 -32 -33 -34 -35 36 37 38 -39 -40 41 42 43 -44 45 46 47 48 -49 -50
0x233f773f17e97231 14426 1 2 3 -4 -5 -6 7 8 -9 10 11 12 -13 -14 -15 16 17 -18 19 20 -21 22 23 -24 -25 26 -27 28 -29 -30 -31 -32 -33 -34 -35 36 37 38 -39 -40 41 42 43 -44 45 46 47 48 -49 -50
0x4379c0d79678e6 14424 -1 2 -3 -4 -5 -6 7 8 9 10 11 12 -13 -14 -15 -16 17 18 19 -20 21 -22 23 -24 -25 26 27 28 29 -30 31 -32 -33 34 -35 36 37 -38 39 -40 -41 42 43 -44 45 46 47 -48 -49 -50
0x24d5048349d94136 14426 1 2 3 -4 -5 -6 7 8 -9 10 11 12 -13 -14 -15 16 17 -18 19 20 -21 22 23 -24 -25 26 -27 28 -29 -30 -31 -32 -33 -34 -35 36 37 38 -39 -40 41 42 43 -44 45 46 47 48 -49 -50
0x9514420ef990bd41 14426 1 2 3 -4 -5 -6 7 8 -9 10 11 12 -13 -14 -15 16 17 -18 19 20 -21 22 23 -24 -25 26 -27 28 -29 -30 -31 -32 -33 -34 -35 36 37 38 -39 -40 41 42 43 -44 45 46 47 48 -49 -50
0x79bc54d96257d1c5 14426 1 2 3 -4 -5 -6 7 8 -9 10 11 12 -13 -14 -15 16 17 -18 19 20 -21 22 23 -24 -25 26 -27 28 -29 -30 -31 -32 -33 -34 -35 36 37 38 -39 -40 41 42 43 -44 45 46 47 48 -49 -50
0x612c6773d81f86c7 14426 1 2 3 -4 -5 -6 7 8 -9 10 11 12 -13 -14 -15 16 17 -18 19 20 -21 22 23 -24 -25 26 -27 28 -29 -30 -31 -32 -33 -34 -35 36 37 38 -39 -40 41 42 43 -44 45 46 47 48 -49 -50
0xf383f072c8d028b1 14424 -1 2 -3 -4 -5 -6 7 8 9 10 11 12 -13 -14 -15 -16 17 18 19 -20 21 -22 23 -24 -25 26 27 28 29 -30 31 -32 -33 34 -35 36 37 -38 39 -40 -41 42 43 -44 45 46 47 -48 -49 -50
0x96b0758d3ad7222d 14426 1 2 3 -4 -5 -6 7 8 -9 10 11 12 -13 -14 -15 16 17 -18 19 20 -21 22 23 -24 -25 26 -27 28 -29 -30 -31 -32 -33 -34 -35 36 37 38 -39 -40 41 42 43 -44 45 46 47 48 -49 -50
0x759b5b47478f077e 14426 1 2 3 -4 -5 -6 7 8 -9 10 11 12 -13 -14 -15 16 17 -18 19 20 -21 22 23 -24 -25 26 -27 28 -29 -30 -31 -32 -33 -34 -35 36 37 38 -39 -40 41 42 43 -44 45 46 47 48 -49 -50
0xd432393ae3702466 14426 1 2 3 -4 -5 -6 7 8 -9 10 11 12 -13 -14 -15 16 17 -18 19 20 -21 22 23 -24 -25 26 -27 28 -29 -30 -31 -32 -33 -34 -35 36 37 38 -39 -40 41 42 43 -44 45 46 47 48 -49 -50
0xea9e35964ad771ae 14426 1 2 3 -4 -5 -6 7 8 -9 10 11 12 -13 -14 -15 16 17 -18 19 20 -21 22 23 -24 -25 26 -27 28 -29 -30 -31 -32 -33 -34 -35 36 37 38 -39 -40 41 42 43 -44 45 46 47 48 -49 -50
0xc525309abbfb1aa3 14426 1 2 3 -4 -5 -6 7 8 -9 10 11 12 -13 -14 -15 16 17 -18 19 20 -21 22 23 -24 -25 26 -27 28 -29 -30 -31 -32 -33 -34 -35 36 37 38 -39 -40 41 42 43 -44 45 46 47 48 -49 -50
0x550cf0003767c94d 14426 1 2 3 -4 -5 -6 7 8 -9 10 11 12 -13 -14 -15 16 17 -18 19 20 -21 22 23 -24 -25 26 -27 28 -29 -30 -31 -32 -33 -34 -35 36 37 38 -39 -40 41 42 43 -44 45 46 47 48 -49 -50
0x199c3212716d9db6 14426 1 2 3 -4 -5 -6 7 8 -9 10 11 12 -13 -14 -15 16 17 -18 19 20 -21 22 23 -24 -25 26 -27 28 -29 -30 -31 -32 -33 -34 -35 36 37 38 -39 -40 41 42 43 -44 45 46 47 48 -49 -50
0xe9dc25626a09d18 14426 1 2 3 -4 -5 -6 7 8 -9 10 11 12 -13 -14 -15 16 17 -18 19 20 -21 22 23 -24 -25 26 -27 28 -29 -30 -31 -32 -33 -34 -35 36 37 38 -39 -40 41 42 43 -44 45 46 47 48 -49 -50
0x52b5f4d0d30d3ba0 14426 1 2 3 -4 -5 -6 7 8 -9 10 11 12 -13 -14 -15 16 17 -18 19 20 -21 22 23 -24 -25 26 -27 28 -29 -30 -31 -32 -33 -34 -35 36 37 38 -39 -40 41 42 43 -44 45 46 47 48 -49 -50
0xcb0249ffe53812df 14426 1 2 3 -4 -5 -6 7 8 -9 10 11 12 -13 -14 -15 16 17 -18 19 20 -21 22 23 -24 -25 26 -27 28 -29 -30 -31 -32 -33 -34 -35 36 37 38 -39 -40 41 42 43 -44 45 46 47 48 -49 -50
0x916eae4fd976eb4a 14426 1 2 3 -4 -5 -6 7 8 -9 10 11 12 -13 -14 -15 16 17 -18 19 20 -21 22 23 -24 -25 26 -27 28 -29 -30 -31 -32 -33 -34 -35 36 37 38 -39 -40 41 42 43 -44 45 46 47 48 -49 -50
0x6a6e09a57472d5bb 14426 1 2 3 -4 -5 -6 7 8 -9 10 11 12 -13 -14 -15 16 17 -18 19 20 -21 22 23 -24 -25 26 -27 28 -29 -30 -31 -32 -33 -34 -35 36 37 38 -39 -40 41 42 43 -44 45 46 47 48 -49 -50
0x47241ed5d7c954f0 14424 -1 2 -3 -4 -5 -6 7 8 9 10 11 12 -13 -14 -15 -16 17 18 19 -20 21 -22 23 -24 -25 26 27 28 29 -30 31 -32 -33 34 -35 36 37 -38 39 -40 -41 42 43 -44 45 46 47 -48 -49 -50
0xfc4ebb2cae029709 14424 -1 2 -3 -4 -5 -6 7 8 9 10 11 12 -13 -14 -15 -16 17 18 19 -20 21 -22 23 -24 -25 26 27 28 29 -30 31 -32 -33 34 -35 36 37 -38 39 -40 -41 42 43 -44 45 46 47 -48 -49 -50
0xf17c35ea4552bf0c 14426 1 2 3 -4 -5 -6 7 8 -9 10 11 12 -13 -14 -15 16 17 -18 19 20 -21 22 23 -24 -25 26 -27 28 -29 -30 -31 -32 -33 -34 -35 36 37 38 -39 -40 41 42 43 -44 45 46 47 48 -49 -50
0x9f5d3fbf22dc3e62 14426 1 2 3 -4 -5 -6 7 8 -9 10 11 12 -13 -14 -15 16 17 -18 19 20 -21 22 23 -24 -25 26 -27 28 -29 -30 -31 -32 -33 -34 -35 36 37 38 -39 -40 41 42 43 -44 45 46 47 48 -49 -50
0x3f40025362693e5a 14426 1 2 3 -4 -5 -6 7 8 -9 10 11 12 -13 -14 -15 16 17 -18 19 20 -21 22 23 -24 -25 26 -27 28 -29 -30 -31 -32 -33 -34 -35 36 37 38 -39 -40 41 42 43 -44 45 46 47 48 -49 -50
0x11028fc118d219a3 14426 1 2 3 -4 -5 -6 7 8 -9 10 11 12 -13 -14 -15 16 17 -18 19 20 -21 22 23 -24 -25 26 -27 28 -29 -30 -31 -32 -33 -34 -35 36 37 38 -39 -40 41 42 43 -44 45 46 47 48 -49 -50