0x5bde701ad8a45647 24854 1 2 -3 -4 5 6 -7 8 9 10 11 12 -13 14 15 16 -17 18 -19 20 21 22 -23 -24 25 26 27 28 -29 -30 -31 32 -33 34 35 36 37 38 39 40 -41 -42 -43 44 45 46 -47 48 -49 50
0xb051892976359599 24854 1 2 -3 -4 5 6 -7 8 9 10 11 12 -13 14 15 16 -17 18 -19 20 21 22 -23 -24 25 26 27 28 -29 -30 -31 32 -33 34 35 36 37 38 39 40 -41 -42 -43 44 45 46 -47 48 -49 50
0x7197cb8b8ae5156d 24445 1 2 -3 -4 5 6 -7 8 9 10 11 12 -13 14 15 16 -17 18 -19 20 21 22 -23 -24 25 -26 27 -28 29 -30 -31 32 -33 34 35 -36 37 38 39 40 -41 -42 -43 44 45 46 -47 48 -49 50
0x73405f05317fa5b5 24194 1 2 -3 -4 5 6 -7 8 9 10 11 12 -13 14 15 16 -17 18 -19 -20 21 22 -23 -24 25 -26 27 -28 29 -30 -31 32 -33 34 35 -36 37 38 39 40 -41 -42 -43 44 45 46 -47 48 -49 50
0x622f1e26d9fcb2a7 23940 1 2 -3 -4 5 6 -7 8 9 10 11 12 -13 14 15 16 -17 18 -19 -20 21 22 -23 -24 25 -26 27 -28 -29 -30 -31 32 -33 34 35 36 37 38 39 40 -41 -42 -43 44 45 46 -47 48 -49 50
0xb29999da295dc23f 24854 1 2 -3 -4 5 6 -7 8 9 10 11 12 -13 14 15 16 -17 18 -19 20 21 22 -23 -24 25 26 27 28 -29 -30 -31 32 -33 34 35 36 37 38 39 40 -41 -42 -43 44 45 46 -47 48 -49 50
0x70b4ecd9f9b681b9 25513 1 2 -3 -4 5 6 -7 8 9 10 11 12 -13 14 15 16 -17 18 -19 20 21 22 -23 -24 25 -26 27 -28 29 -30 -31 32 -33 34 35 -36 37 38 39 40 41 -42 -43 44 45 46 -47 48 -49 50
0xdfb25f36c0a3631a 23398 1 2 3 -4 5 6 7 8 -9 -10 -11 12 13 -14 15 -16 17 18 -19 20 21 22 23 -24 25 26 27 28 -29 30 31 32 33 34 35 -36 -37 -38 -39 40 41 42 43 -44 45 46 47 48 49 -50
0x7be8d9d532b4caa7 24514 1 2 -3 -4 5 6 -7 8 9 10 11 12 -13 14 15 16 -17 18 -19 20 21 22 -23 -24 25 -26 27 28 -29 -30 -31 32 -33 34 35 36 37 38 39 40 -41 -42 -43 44 45 46 -47 48 -49 50
0x564929ebe294cc6a 22529 1 2 -3 -4 5 6 -7 8 9 10 11 12 -13 14 15 16 17 18 -19 20 21 22 -23 -24 25 26 27 28 -29 -30 -31 32 -33 34 -35 36 37 38 39 40 -41 -42 -43 44 -45 46 -47 48 -49 50
0xd87b1487daed79b2 24445 1 2 -3 -4 5 6 -7 8 9 10 11 12 -13 14 15 16 -17 18 -19 20 21 22 -23 -24 25 -26 27 -28 29 -30 -31 32 -33 34 35 -36 37 38 39 40 -41 -42 -43 44 45 46 -47 48 -49 50
0xd2413a07ca55be91 23357 1 2 -3 -4 5 6 -7 8 9 10 11 12 -13 14 15 16 -17 18 -19 -20 21 22 -23 -24 25 26 27 28 -29 -30 -31 32 -33 34 -35 36 37 38 39 40 -41 -42 -43 44 45 46 -47 48 -49 50
0x3a01c9a048cacf5e 23980 1 2 -3 -4 5 6 -7 8 9 10 11 12 -13 14 15 16 17 18 -19 20 21 22 -23 -24 25 26 27 28 -29 -30 -31 32 -33 34 -35 36 37 38 39 40 -41 -42 -43 44 45 46 -47 48 -49 50
0x4b9204d9067c2632 22786 1 2 3 -4 5 -6 7 8 -9 -10 -11 12 13 -14 15 -16 17 18 -19 20 21 22 23 -24 25 26 27 28 -29 30 31 32 33 34 35 -36 -37 -38 -39 40 41 42 43 -44 45 46 47 48 49 -50
0xa9a2930e53f0106e 24263 1 2 -3 -4 5 6 -7 8 9 10 11 12 -13 14 15 16 -17 18 -19 -20 21 22 -23 -24 25 -26 27 28 -29 -30 -31 32 -33 34 35 36 37 38 39 40 -41 -42 -43 44 45 46 -47 48 -49 50
0xd76aa4ee6bc6cc31 24854 1 2 -3 -4 5 6 -7 8 9 10 11 12 -13 14 15 16 -17 18 -19 20 21 22 -23 -24 25 26 27 28 -29 -30 -31 32 -33 34 35 36 37 38 39 40 -41 -42 -43 44 45 46 -47 48 -49 50
0xc96fe7ff36a235e4 24263 1 2 -3 -4 5 6 -7 8 9 10 11 12 -13 14 15 16 -17 18 -19 -20 21 22 -23 -24 25 -26 27 28 -29 -30 -31 32 -33 34 35 36 37 38 39 40 -41 -42 -43 44 45 46 -47 48 -49 50
0x6d894a16e9f805b1 24514 1 2 -3 -4 5 6 -7 8 9 10 11 12 -13 14 15 16 -17 18 -19 20 21 22 -23 -24 25 -26 27 28 -29 -30 -31 32 -33 34 35 36 37 38 39 40 -41 -42 -43 44 45 46 -47 48 -49 50
0xe37a8ce2e2d49d05 25513 1 2 -3 -4 5 6 -7 8 9 10 11 12 -13 14 15 16 -17 18 -19 20 21 22 -23 -24 25 -26 27 -28 29 -30 -31 32 -33 34 35 -36 37 38 39 40 41 -42 -43 44 45 46 -47 48 -49 50
0xb0c6a96275d46413 24025 1 2 -3 -4 5 6 -7 8 -9 10 11 12 -13 14 15 16 -17 18 -19 20 21 22 -23 -24 25 -26 27 -28 29 -30 -31 32 -33 34 35 -36 37 38 39 40 41 -42 -43 44 45 46 -47 48 -49 50
0x839703691dd9b753 25513 1 2 -3 -4 5 6 -7 8 9 10 11 12 -13 14 15 16 -17 18 -19 20 21 22 -23 -24 25 -26 27 -28 29 -30 -31 32 -33 34 35 -36 37 38 39 40 41 -42 -43 44 45 46 -47 48 -49 50
0x19d56d1f7b4564fd 23940 1 2 -3 -4 5 6 -7 8 9 10 11 12 -13 14 15 16 -17 18 -19 -20 21 22 -23 -24 25 -26 27 -28 -29 -30 -31 32 -33 34 35 36 37 38 39 40 -41 -42 -43 44 45 46 -47 48 -49 50
0x9ad6fa7ff5b7ba90 24854 1 2 -3 -4 5 6 -7 8 9 10 11 12 -13 14 15 16 -17 18 -19 20 21 22 -23 -24 25 26 27 28 -29 -30 -31 32 -33 34 35 36 37 38 39 40 -41 -42 -43 44 45 46 -47 48 -49 50
0x2335a4db8aa0224f 25513 1 2 -3 -4 5 6 -7 8 9 10 11 12 -13 14 15 16 -17 18 -19 20 21 22 -23 -24 25 -26 27 -28 29 -30 -31 32 -33 34 35 -36 37 38 39 40 41 -42 -43 44 45 46 -47 48 -49 50
0x6bb6be57632150c0 24194 1 2 -3 -4 5 6 -7 8 9 10 11 12 -13 14 15 16 -17 18 -19 -20 21 22 -23 -24 25 -26 27 -28 29 -30 -31 32 -33 34 35 -36 37 38 39 40 -41 -42 -43 44 45 46 -47 48 -49 50
0x555c35693410022e 25513 1 2 -3 -4 5 6 -7 8 9 10 11 12 -13 14 15 16 -17 18 -19 20 21 22 -23 -24 25 -26 27 -28 29 -30 -31 32 -33 34 35 -36 37 38 39 40 41 -42 -43 44 45 46 -47 48 -49 50
0xbdfea85d2b124827 25513 1 2 -3 -4 5 6 -7 8 9 10 11 12 -13 14 15 16 -17 18 -19 20 21 22 -23 -24 25 -26 27 -28 29 -30 -31 32 -33 34 35 -36 37 38 39 40 41 -42 -43 44 45 46 -47 48 -49 50
0x520e48d4442566fc 24445 1 2 -3 -4 5 6 -7 8 9 10 11 12 -13 14 15 16 -17 18 -19 20 21 22 -23 -24 25 -26 27 -28 29 -30 -31 32 -33 34 35 -36 37 38 39 40 -41 -42 -43 44 45 46 -47 48 -49 50
0x19588f4153104346 24445 1 2 -3 -4 5 6 -7 8 9 10 11 12 -13 14 15 16 -17 18 -19 20 21 22 -23 -24 25 -26 27 -28 29 -30 -31 32 -33 34 35 -36 37 38 39 40 -41 -42 -43 44 45 46 -47 48 -49 50
0x3df0be6cd4885f5d 25513 1 2 -3 -4 5 6 -7 8 9 10 11 12 -13 14 15 16 -17 18 -19 20 21 22 -23 -24 25 -26 27 -28 29 -30 -31 32 -33 34 35 -36 37 38 39 40 41 -42 -43 44 45 46 -47 48 -49 50