0xdcfecd35e4f951a8 6333 1 -2 -3 -4 5 6 7 -8 9 -10 11 12 13 -14 15 16 -17 -18 -19 -20 -21 22 -23 24 25 26 27 28 29 -30 31 32 -33 34 -35 -36 37 -38 -39 40 41 -42 43 44 45 -46 -47 48 49 50
0xffa31fa6af201da3 6333 1 -2 -3 -4 5 6 7 -8 9 -10 11 12 13 -14 15 16 -17 -18 -19 -20 -21 22 -23 24 25 26 27 28 29 -30 31 32 -33 34 -35 -36 37 -38 -39 40 41 -42 43 44 45 -46 -47 48 49 50
0x56ff9e592079d15a 6333 1 -2 -3 -4 5 6 7 -8 9 -10 11 12 13 -14 15 16 -17 -18 -19 -20 -21 22 -23 24 25 26 27 28 29 -30 31 32 -33 34 -35 -36 37 -38 -39 40 41 -42 43 44 45 -46 -47 48 49 50
0x11cd15bb9d8b2ef6 6333 1 -2 -3 -4 5 6 7 -8 9 -10 11 12 13 -14 15 16 -17 -18 -19 -20 -21 22 -23 24 25 26 27 28 29 -30 31 32 -33 34 -35 -36 37 -38 -39 40 41 -42 43 44 45 -46 -47 48 49 50
0xf0fdf3388cedb885 6333 1 -2 -3 -4 5 6 7 -8 9 -10 11 12 13 -14 15 16 -17 -18 -19 -20 -21 22 -23 24 25 26 27 28 29 -30 31 32 -33 34 -35 -36 37 -38 -39 40 41 -42 43 44 45 -46 -47 48 49 50
0x16a7b4a8f4e12978 6333 1 -2 -3 -4 5 6 7 -8 9 -10 11 12 13 -14 15 16 -17 -18 -19 -20 -21 22 -23 24 25 26 27 28 29 -30 31 32 -33 34 -35 -36 37 -38 -39 40 41 -42 43 44 45 -46 -47 48 49 50
0xb791a7dcdf200024 6333 1 -2 -3 -4 5 6 7 -8 9 -10 11 12 13 -14 15 16 -17 -18 -19 -20 -21 22 -23 24 25 26 27 28 29 -30 31 32 -33 34 -35 -36 37 -38 -39 40 41 -42 43 44 45 -46 -47 48 49 50
0x7f36fa1611ad1744 6333 1 -2 -3 -4 5 6 7 -8 9 -10 11 12 13 -14 15 16 -17 -18 -19 -20 -21 22 -23 24 25 26 27 28 29 -30 31 32 -33 34 -35 -36 37 -38 -39 40 41 -42 43 44 45 -46 -47 48 49 50
0x614a178c55904f73 6333 1 -2 -3 -4 5 6 7 -8 9 -10 11 12 13 -14 15 16 -17 -18 -19 -20 -21 22 -23 24 25 26 27 28 29 -30 31 32 -33 34 -35 -36 37 -38 -39 40 41 -42 43 44 45 -46 -47 48 49 50
0xf7075ae946b848b4 6333 1 -2 -3 -4 5 6 7 -8 9 -10 11 12 13 -14 15 16 -17 -18 -19 -20 -21 22 -23 24 25 26 27 28 29 -30 31 32 -33 34 -35 -36 37 -38 -39 40 41 -42 43 44 45 -46 -47 48 49 50
0x61e50ccc82772bed 6333 1 -2 -3 -4 5 6 7 -8 9 -10 11 12 13 -14 15 16 -17 -18 -19 -20 -21 22 -23 24 25 26 27 28 29 -30 31 32 -33 34 -35 -36 37 -38 -39 40 41 -42 43 44 45 -46 -47 48 49 50
0x6eb349fc508465 6333 1 -2 -3 -4 5 6 7 -8 9 -10 11 12 13 -14 15 16 -17 -18 -19 -20 -21 22 -23 24 25 26 27 28 29 -30 31 32 -33 34 -35 -36 37 -38 -39 40 41 -42 43 44 45 -46 -47 48 49 50
0xd59b1674b0e294c 6333 1 -2 -3 -4 5 6 7 -8 9 -10 11 12 13 -14 15 16 -17 -18 -19 -20 -21 22 -23 24 25 26 27 28 29 -30 31 32 -33 34 -35 -36 37 -38 -39 40 41 -42 43 44 45 -46 -47 48 49 50
0x8421369ee2523731 6333 1 -2 -3 -4 5 6 7 -8 9 -10 11 12 13 -14 15 16 -17 -18 -19 -20 -21 22 -23 24 25 26 27 28 29 -30 31 32 -33 34 -35 -36 37 -38 -39 40 41 -42 43 44 45 -46 -47 48 49 50
0x61b77e62671c198c 6333 1 -2 -3 -4 5 6 7 -8 9 -10 11 12 13 -14 15 16 -17 -18 -19 -20 -21 22 -23 24 25 26 27 28 29 -30 31 32 -33 34 -35 -36 37 -38 -39 40 41 -42 43 44 45 -46 -47 48 49 50
0x8b1a5f8f9ff6a433 6333 1 -2 -3 -4 5 6 7 -8 9 -10 11 12 13 -14 15 16 -17 -18 -19 -20 -21 22 -23 24 25 26 27 28 29 -30 31 32 -33 34 -35 -36 37 -38 -39 40 41 -42 43 44 45 -46 -47 48 49 50
0x4ed92c02ebc53ce7 6333 1 -2 -3 -4 5 6 7 -8 9 -10 11 12 13 -14 15 16 -17 -18 -19 -20 -21 22 -23 24 25 26 27 28 29 -30 31 32 -33 34 -35 -36 37 -38 -39 40 41 -42 43 44 45 -46 -47 48 49 50
0x99d9e003ac6614c6 6333 1 -2 -3 -4 5 6 7 -8 9 -10 11 12 13 -14 15 16 -17 -18 -19 -20 -21 22 -23 24 25 26 27 28 29 -30 31 32 -33 34 -35 -36 37 -38 -39 40 41 -42 43 44 45 -46 -47 48 49 50
0x92eba1d2ac9f71d8 6333 1 -2 -3 -4 5 6 7 -8 9 -10 11 12 13 -14 15 16 -17 -18 -19 -20 -21 22 -23 24 25 26 27 28 29 -30 31 32 -33 34 -35 -36 37 -38 -39 40 41 -42 43 44 45 -46 -47 48 49 50
0x63f491213b0e0885 6333 1 -2 -3 -4 5 6 7 -8 9 -10 11 12 13 -14 15 16 -17 -18 -19 -20 -21 22 -23 24 25 26 27 28 29 -30 31 32 -33 34 -35 -36 37 -38 -39 40 41 -42 43 44 45 -46 -47 48 49 50
0x82c8e6977e0a651b 6333 1 -2 -3 -4 5 6 7 -8 9 -10 11 12 13 -14 15 16 -17 -18 -19 -20 -21 22 -23 24 25 26 27 28 29 -30 31 32 -33 34 -35 -36 37 -38 -39 40 41 -42 43 44 45 -46 -47 48 49 50
0xcef9634f66bb654c 6333 1 -2 -3 -4 5 6 7 -8 9 -10 11 12 13 -14 15 16 -17 -18 -19 -20 -21 22 -23 24 25 26 27 28 29 -30 31 32 -33 34 -35 -36 37 -38 -39 40 41 -42 43 44 45 -46 -47 48 49 50
0xbbdf7593fdb2e2d2 6333 1 -2 -3 -4 5 6 7 -8 9 -10 11 12 13 -14 15 16 -17 -18 -19 -20 -21 22 -23 24 25 26 27 28 29 -30 31 32 -33 34 -35 -36 37 -38 -39 40 41 -42 43 44 45 -46 -47 48 49 50
0x5ed5aeb87122bdf2 6333 1 -2 -3 -4 5 6 7 -8 9 -10 11 12 13 -14 15 16 -17 -18 -19 -20 -21 22 -23 24 25 26 27 28 29 -30 31 32 -33 34 -35 -36 37 -38 -39 40 41 -42 43 44 45 -46 -47 48 49 50
0x460f240c38f22b9c 6333 1 -2 -3 -4 5 6 7 -8 9 -10 11 12 13 -14 15 16 -17 -18 -19 -20 -21 22 -23 24 25 26 27 28 29 -30 31 32 -33 34 -35 -36 37 -38 -39 40 41 -42 43 44 45 -46 -47 48 49 50
0x704bdb494ab634c6 6333 1 -2 -3 -4 5 6 7 -8 9 -10 11 12 13 -14 15 16 -17 -18 -19 -20 -21 22 -23 24 25 26 27 28 29 -30 31 32 -33 34 -35 -36 37 -38 -39 40 41 -42 43 44 45 -46 -47 48 49 50
0x85442b5a9aa32d8c 6333 1 -2 -3 -4 5 6 7 -8 9 -10 11 12 13 -14 15 16 -17 -18 -19 -20 -21 22 -23 24 25 26 27 28 29 -30 31 32 -33 34 -35 -36 37 -38 -39 40 41 -42 43 44 45 -46 -47 48 49 50
0xe2e83e547bfa6ad 6333 1 -2 -3 -4 5 6 7 -8 9 -10 11 12 13 -14 15 16 -17 -18 -19 -20 -21 22 -23 24 25 26 27 28 29 -30 31 32 -33 34 -35 -36 37 -38 -39 40 41 -42 43 44 45 -46 -47 48 49 50
0x9a384b92b1f6f0d 6333 1 -2 -3 -4 5 6 7 -8 9 -10 11 12 13 -14 15 16 -17 -18 -19 -20 -21 22 -23 24 25 26 27 28 29 -30 31 32 -33 34 -35 -36 37 -38 -39 40 41 -42 43 44 45 -46 -47 48 49 50
0x110e65622fbca534 6333 1 -2 -3 -4 5 6 7 -8 9 -10 11 12 13 -14 15 16 -17 -18 -19 -20 -21 22 -23 24 25 26 27 28 29 -30 31 32 -33 34 -35 -36 37 -38 -39 40 41 -42 43 44 45 -46 -47 48 49 50