0x4095dc7d8667fe4b 99127 1 2 -3 -4 5 6 -7 8 -9 -10 11 12 -13 14 -15 -16 -17 18 19 -20 21 -22 -23 24 -25 26 27 28 -29 30 31 -32 -33 34 35 36 -37 -38 39 -40 41 42 43 44 45 46 -47 -48 49 50
0x7e30aba9ae7f7cc4 99127 1 2 -3 -4 5 6 -7 8 -9 -10 11 12 -13 14 -15 -16 -17 18 19 -20 21 -22 -23 24 -25 26 27 28 -29 30 31 -32 -33 34 35 36 -37 -38 39 -40 41 42 43 44 45 46 -47 -48 49 50
0x57d9fac89eb9bf64 99127 1 2 -3 -4 5 6 -7 8 -9 -10 11 12 -13 14 -15 -16 -17 18 19 -20 21 -22 -23 24 -25 26 27 28 -29 30 31 -32 -33 34 35 36 -37 -38 39 -40 41 42 43 44 45 46 -47 -48 49 50
0x9fee21b8a82406e2 99127 1 2 -3 -4 5 6 -7 8 -9 -10 11 12 -13 14 -15 -16 -17 18 19 -20 21 -22 -23 24 -25 26 27 28 -29 30 31 -32 -33 34 35 36 -37 -38 39 -40 41 42 43 44 45 46 -47 -48 49 50
0x4e36046a0b4d307b 99127 1 2 -3 -4 5 6 -7 8 -9 -10 11 12 -13 14 -15 -16 -17 18 19 -20 21 -22 -23 24 -25 26 27 28 -29 30 31 -32 -33 34 35 36 -37 -38 39 -40 41 42 43 44 45 46 -47 -48 49 50
0x4c00ce63d7af8b70 99127 1 2 -3 -4 5 6 -7 8 -9 -10 11 12 -13 14 -15 -16 -17 18 19 -20 21 -22 -23 24 -25 26 27 28 -29 30 31 -32 -33 34 35 36 -37 -38 39 -40 41 42 43 44 45 46 -47 -48 49 50
0xab2b7e3ebb3c3e85 99127 1 2 -3 -4 5 6 -7 8 -9 -10 11 12 -13 14 -15 -16 -17 18 19 -20 21 -22 -23 24 -25 26 27 28 -29 30 31 -32 -33 34 35 36 -37 -38 39 -40 41 42 43 44 45 46 -47 -48 49 50
0x8f94412b66ae3d82 99127 1 2 -3 -4 5 6 -7 8 -9 -10 11 12 -13 14 -15 -16 -17 18 19 -20 21 -22 -23 24 -25 26 27 28 -29 30 31 -32 -33 34 35 36 -37 -38 39 -40 41 42 43 44 45 46 -47 -48 49 50
0xa1dc2c4e5bd002f3 99127 1 2 -3 -4 5 6 -7 8 -9 -10 11 12 -13 14 -15 -16 -17 18 19 -20 21 -22 -23 24 -25 26 27 28 -29 30 31 -32 -33 34 35 36 -37 -38 39 -40 41 42 43 44 45 46 -47 -48 49 50
0x25330be6051fdb47 99127 1 2 -3 -4 5 6 -7 8 -9 -10 11 12 -13 14 -15 -16 -17 18 19 -20 21 -22 -23 24 -25 26 27 28 -29 30 31 -32 -33 34 35 36 -37 -38 39 -40 41 42 43 44 45 46 -47 -48 49 50
0x7c17de696331261 99127 1 2 -3 -4 5 6 -7 8 -9 -10 11 12 -13 14 -15 -16 -17 18 19 -20 21 -22 -23 24 -25 26 27 28 -29 30 31 -32 -33 34 35 36 -37 -38 39 -40 41 42 43 44 45 46 -47 -48 49 50
0x9635de12686350d0 99127 1 2 -3 -4 5 6 -7 8 -9 -10 11 12 -13 14 -15 -16 -17 18 19 -20 21 -22 -23 24 -25 26 27 28 -29 30 31 -32 -33 34 35 36 -37 -38 39 -40 41 42 43 44 45 46 -47 -48 49 50
0x1d93b0e42aef939b 99127 1 2 -3 -4 5 6 -7 8 -9 -10 11 12 -13 14 -15 -16 -17 18 19 -20 21 -22 -23 24 -25 26 27 28 -29 30 31 -32 -33 34 35 36 -37 -38 39 -40 41 42 43 44 45 46 -47 -48 49 50
0x52ce0833f534a80a 99127 1 2 -3 -4 5 6 -7 8 -9 -10 11 12 -13 14 -15 -16 -17 18 19 -20 21 -22 -23 24 -25 26 27 28 -29 30 31 -32 -33 34 35 36 -37 -38 39 -40 41 42 43 44 45 46 -47 -48 49 50
0x12101b2431e98752 99127 1 2 -3 -4 5 6 -7 8 -9 -10 11 12 -13 14 -15 -16 -17 18 19 -20 21 -22 -23 24 -25 26 27 28 -29 30 31 -32 -33 34 35 36 -37 -38 39 -40 41 42 43 44 45 46 -47 -48 49 50
0xf079a96bbdb48065 99127 1 2 -3 -4 5 6 -7 8 -9 -10 11 12 -13 14 -15 -16 -17 18 19 -20 21 -22 -23 24 -25 26 27 28 -29 30 31 -32 -33 34 35 36 -37 -38 39 -40 41 42 43 44 45 46 -47 -48 49 50
0xfd60dd6cf07c808d 99127 1 2 -3 -4 5 6 -7 8 -9 -10 11 12 -13 14 -15 -16 -17 18 19 -20 21 -22 -23 24 -25 26 27 28 -29 30 31 -32 -33 34 35 36 -37 -38 39 -40 41 42 43 44 45 46 -47 -48 49 50
0x2061a378b9b135e4 95721 1 2 -3 -4 -5 6 -7 8 -9 -10 11 12 -13 14 -15 -16 -17 18 19 -20 21 -22 -23 24 -25 26 27 28 -29 30 31 -32 -33 34 35 36 -37 -38 39 -40 41 42 43 44 45 46 -47 -48 49 50
0xf1e8b376ecfff48c 99127 1 2 -3 -4 5 6 -7 8 -9 -10 11 12 -13 14 -15 -16 -17 18 19 -20 21 -22 -23 24 -25 26 27 28 -29 30 31 -32 -33 34 35 36 -37 -38 39 -40 41 42 43 44 45 46 -47 -48 49 50
0x5b509c5f21069c28 99127 1 2 -3 -4 5 6 -7 8 -9 -10 11 12 -13 14 -15 -16 -17 18 19 -20 21 -22 -23 24 -25 26 27 28 -29 30 31 -32 -33 34 35 36 -37 -38 39 -40 41 42 43 44 45 46 -47 -48 49 50
0x2fa9fc0651e0d62 95721 1 2 -3 -4 -5 6 -7 8 -9 -10 11 12 -13 14 -15 -16 -17 18 19 -20 21 -22 -23 24 -25 26 27 28 -29 30 31 -32 -33 34 35 36 -37 -38 39 -40 41 42 43 44 45 46 -47 -48 49 50
0x6f215d3c75222f66 99127 1 2 -3 -4 5 6 -7 8 -9 -10 11 12 -13 14 -15 -16 -17 18 19 -20 21 -22 -23 24 -25 26 27 28 -29 30 31 -32 -33 34 35 36 -37 -38 39 -40 41 42 43 44 45 46 -47 -48 49 50
0x3f634e087e5d8564 99127 1 2 -3 -4 5 6 -7 8 -9 -10 11 12 -13 14 -15 -16 -17 18 19 -20 21 -22 -23 24 -25 26 27 28 -29 30 31 -32 -33 34 35 36 -37 -38 39 -40 41 42 43 44 45 46 -47 -48 49 50
0x8a43106eccfe5410 99127 1 2 -3 -4 5 6 -7 8 -9 -10 11 12 -13 14 -15 -16 -17 18 19 -20 21 -22 -23 24 -25 26 27 28 -29 30 31 -32 -33 34 35 36 -37 -38 39 -40 41 42 43 44 45 46 -47 -48 49 50
0x511b834dd5bb5723 99127 1 2 -3 -4 5 6 -7 8 -9 -10 11 12 -13 14 -15 -16 -17 18 19 -20 21 -22 -23 24 -25 26 27 28 -29 30 31 -32 -33 34 35 36 -37 -38 39 -40 41 42 43 44 45 46 -47 -48 49 50
0x1a45b197038e06d9 99127 1 2 -3 -4 5 6 -7 8 -9 -10 11 12 -13 14 -15 -16 -17 18 19 -20 21 -22 -23 24 -25 26 27 28 -29 30 31 -32 -33 34 35 36 -37 -38 39 -40 41 42 43 44 45 46 -47 -48 49 50
0x15dcfb2c5e8c81b3 99127 1 2 -3 -4 5 6 -7 8 -9 -10 11 12 -13 14 -15 -16 -17 18 19 -20 21 -22 -23 24 -25 26 27 28 -29 30 31 -32 -33 34 35 36 -37 -38 39 -40 41 42 43 44 45 46 -47 -48 49 50
0x9cc827d97bb273a4 95721 1 2 -3 -4 -5 6 -7 8 -9 -10 11 12 -13 14 -15 -16 -17 18 19 -20 21 -22 -23 24 -25 26 27 28 -29 30 31 -32 -33 34 35 36 -37 -38 39 -40 41 42 43 44 45 46 -47 -48 49 50
0x1eaccce9a5a0d57c 99127 1 2 -3 -4 5 6 -7 8 -9 -10 11 12 -13 14 -15 -16 -17 18 19 -20 21 -22 -23 24 -25 26 27 28 -29 30 31 -32 -33 34 35 36 -37 -38 39 -40 41 42 43 44 45 46 -47 -48 49 50
0x3c37625fdbc8b50 95721 1 2 -3 -4 -5 6 -7 8 -9 -10 11 12 -13 14 -15 -16 -17 18 19 -20 21 -22 -23 24 -25 26 27 28 -29 30 31 -32 -33 34 35 36 -37 -38 39 -40 41 42 43 44 45 46 -47 -48 49 50