0x2ae957bed8e86ee2 7004 1 2 3 -4 5 6 -7 -8 9 -10 -11 12 -13 -14 -15 16 17 -18 -19 -20 -21 -22 23 24 -25 -26 27 -28 -29 -30 31 -32 -33 34 -35 36 -37 -38 39 -40 -41 42 43 44 45 46 -47 -48 49 50
0x9c97e45911ffb90f 13986 1 2 3 -4 5 6 -7 -8 9 -10 -11 12 -13 -14 -15 16 17 -18 -19 -20 -21 -22 23 24 -25 -26 27 -28 -29 -30 31 -32 -33 34 -35 36 -37 -38 39 -40 -41 42 43 44 45 46 -47 48 49 50
0x751563be91fd00d6 13986 1 2 3 -4 5 6 -7 -8 9 -10 -11 12 -13 -14 -15 16 17 -18 -19 -20 -21 -22 23 24 -25 -26 27 -28 -29 -30 31 -32 -33 34 -35 36 -37 -38 39 -40 -41 42 43 44 45 46 -47 48 49 50
0x59d1821e6898a5c1 13986 1 2 3 -4 5 6 -7 -8 9 -10 -11 12 -13 -14 -15 16 17 -18 -19 -20 -21 -22 23 24 -25 -26 27 -28 -29 -30 31 -32 -33 34 -35 36 -37 -38 39 -40 -41 42 43 44 45 46 -47 48 49 50
0x11f4e3152a836eb0 13986 1 2 3 -4 5 6 -7 -8 9 -10 -11 12 -13 -14 -15 16 17 -18 -19 -20 -21 -22 23 24 -25 -26 27 -28 -29 -30 31 -32 -33 34 -35 36 -37 -38 39 -40 -41 42 43 44 45 46 -47 48 49 50
0xd30a98a7edf6028b 13986 1 2 3 -4 5 6 -7 -8 9 -10 -11 12 -13 -14 -15 16 17 -18 -19 -20 -21 -22 23 24 -25 -26 27 -28 -29 -30 31 -32 -33 34 -35 36 -37 -38 39 -40 -41 42 43 44 45 46 -47 48 49 50
0xb8cd252dcfb753fb 13986 1 2 3 -4 5 6 -7 -8 9 -10 -11 12 -13 -14 -15 16 17 -18 -19 -20 -21 -22 23 24 -25 -26 27 -28 -29 -30 31 -32 -33 34 -35 36 -37 -38 39 -40 -41 42 43 44 45 46 -47 48 49 50
0x4ec40ed417b96eee 13986 1 2 3 -4 5 6 -7 -8 9 -10 -11 12 -13 -14 -15 16 17 -18 -19 -20 -21 -22 23 24 -25 -26 27 -28 -29 -30 31 -32 -33 34 -35 36 -37 -38 39 -40 -41 42 43 44 45 46 -47 48 49 50
0xc7d84319eeacd619 13986 1 2 3 -4 5 6 -7 -8 9 -10 -11 12 -13 -14 -15 16 17 -18 -19 -20 -21 -22 23 24 -25 -26 27 -28 -29 -30 31 -32 -33 34 -35 36 -37 -38 39 -40 -41 42 43 44 45 46 -47 48 49 50
0x1c90383b0b281109 13986 1 2 3 -4 5 6 -7 -8 9 -10 -11 12 -13 -14 -15 16 17 -18 -19 -20 -21 -22 23 24 -25 -26 27 -28 -29 -30 31 -32 -33 34 -35 36 -37 -38 39 -40 -41 42 43 44 45 46 -47 48 49 50
0x68eadd8e7b093a05 13986 1 2 3 -4 5 6 -7 -8 9 -10 -11 12 -13 -14 -15 16 17 -18 -19 -20 -21 -22 23 24 -25 -26 27 -28 -29 -30 31 -32 -33 34 -35 36 -37 -38 39 -40 -41 42 43 44 45 46 -47 48 49 50
0x1f5d357d91b3818d 13986 1 2 3 -4 5 6 -7 -8 9 -10 -11 12 -13 -14 -15 16 17 -18 -19 -20 -21 -22 23 24 -25 -26 27 -28 -29 -30 31 -32 -33 34 -35 36 -37 -38 39 -40 -41 42 43 44 45 46 -47 48 49 50
0xee8a90e63ffb31b 13986 1 2 3 -4 5 6 -7 -8 9 -10 -11 12 -13 -14 -15 16 17 -18 -19 -20 -21 -22 23 24 -25 -26 27 -28 -29 -30 31 -32 -33 34 -35 36 -37 -38 39 -40 -41 42 43 44 45 46 -47 48 49 50
0x5afa409e8dce14 13986 1 2 3 -4 5 6 -7 -8 9 -10 -11 12 -13 -14 -15 16 17 -18 -19 -20 -21 -22 23 24 -25 -26 27 -28 -29 -30 31 -32 -33 34 -35 36 -37 -38 39 -40 -41 42 43 44 45 46 -47 48 49 50
0x2faabd215adf7705 13986 1 2 3 -4 5 6 -7 -8 9 -10 -11 12 -13 -14 -15 16 17 -18 -19 -20 -21 -22 23 24 -25 -26 27 -28 -29 -30 31 -32 -33 34 -35 36 -37 -38 39 -40 -41 42 43 44 45 46 -47 48 49 50
0x2268dc4ec9bbca7d 13986 1 2 3 -4 5 6 -7 -8 9 -10 -11 12 -13 -14 -15 16 17 -18 -19 -20 -21 -22 23 24 -25 -26 27 -28 -29 -30 31 -32 -33 34 -35 36 -37 -38 39 -40 -41 42 43 44 45 46 -47 48 49 50
0x60c4fdebe04fa74e 13986 1 2 3 -4 5 6 -7 -8 9 -10 -11 12 -13 -14 -15 16 17 -18 -19 -20 -21 -22 23 24 -25 -26 27 -28 -29 -30 31 -32 -33 34 -35 36 -37 -38 39 -40 -41 42 43 44 45 46 -47 48 49 50
0x85803eeb8fe9fc8f 13986 1 2 3 -4 5 6 -7 -8 9 -10 -11 12 -13 -14 -15 16 17 -18 -19 -20 -21 -22 23 24 -25 -26 27 -28 -29 -30 31 -32 -33 34 -35 36 -37 -38 39 -40 -41 42 43 44 45 46 -47 48 49 50
0xfc17b6952a3ac71a 13986 1 2 3 -4 5 6 -7 -8 9 -10 -11 12 -13 -14 -15 16 17 -18 -19 -20 -21 -22 23 24 -25 -26 27 -28 -29 -30 31 -32 -33 34 -35 36 -37 -38 39 -40 -41 42 43 44 45 46 -47 48 49 50
0x3c2fca05150a9f0e 13986 1 2 3 -4 5 6 -7 -8 9 -10 -11 12 -13 -14 -15 16 17 -18 -19 -20 -21 -22 23 24 -25 -26 27 -28 -29 -30 31 -32 -33 34 -35 36 -37 -38 39 -40 -41 42 43 44 45 46 -47 48 49 50
0x73de4fa9a1b0d54c 13986 1 2 3 -4 5 6 -7 -8 9 -10 -11 12 -13 -14 -15 16 17 -18 -19 -20 -21 -22 23 24 -25 -26 27 -28 -29 -30 31 -32 -33 34 -35 36 -37 -38 39 -40 -41 42 43 44 45 46 -47 48 49 50
0x7bb182c9acce20fb 13986 1 2 3 -4 5 6 -7 -8 9 -10 -11 12 -13 -14 -15 16 17 -18 -19 -20 -21 -22 23 24 -25 -26 27 -28 -29 -30 31 -32 -33 34 -35 36 -37 -38 39 -40 -41 42 43 44 45 46 -47 48 49 50
0x9091c6fad311dd05 13986 1 2 3 -4 5 6 -7 -8 9 -10 -11 12 -13 -14 -15 16 17 -18 -19 -20 -21 -22 23 24 -25 -26 27 -28 -29 -30 31 -32 -33 34 -35 36 -37 -38 39 -40 -41 42 43 44 45 46 -47 48 49 50
0x240487b4a413268a 13986 1 2 3 -4 5 6 -7 -8 9 -10 -11 12 -13 -14 -15 16 17 -18 -19 -20 -21 -22 23 24 -25 -26 27 -28 -29 -30 31 -32 -33 34 -35 36 -37 -38 39 -40 -41 42 43 44 45 46 -47 48 49 50
0x7b668412269684fd 13986 1 2 3 -4 5 6 -7 -8 9 -10 -11 12 -13 -14 -15 16 17 -18 -19 -20 -21 -22 23 24 -25 -26 27 -28 -29 -30 31 -32 -33 34 -35 36 -37 -38 39 -40 -41 42 43 44 45 46 -47 48 49 50
0x917ce3f15f7264aa 13986 1 2 3 -4 5 6 -7 -8 9 -10 -11 12 -13 -14 -15 16 17 -18 -19 -20 -21 -22 23 24 -25 -26 27 -28 -29 -30 31 -32 -33 34 -35 36 -37 -38 39 -40 -41 42 43 44 45 46 -47 48 49 50
0x9e9dd42b3fab0404 13986 1 2 3 -4 5 6 -7 -8 9 -10 -11 12 -13 -14 -15 16 17 -18 -19 -20 -21 -22 23 24 -25 -26 27 -28 -29 -30 31 -32 -33 34 -35 36 -37 -38 39 -40 -41 42 43 44 45 46 -47 48 49 50
0x8a99f1903ceb845f 7004 1 2 3 -4 5 6 -7 -8 9 -10 -11 12 -13 -14 -15 16 17 -18 -19 -20 -21 -22 23 24 -25 -26 27 -28 -29 -30 31 -32 -33 34 -35 36 -37 -38 39 -40 -41 -42 43 44 45 46 -47 48 49 50
0xc394b50f4d6b5366 13986 1 2 3 -4 5 6 -7 -8 9 -10 -11 12 -13 -14 -15 16 17 -18 -19 -20 -21 -22 23 24 -25 -26 27 -28 -29 -30 31 -32 -33 34 -35 36 -37 -38 39 -40 -41 42 43 44 45 46 -47 48 49 50
0x9fc862844d3122d4 13986 1 2 3 -4 5 6 -7 -8 9 -10 -11 12 -13 -14 -15 16 17 -18 -19 -20 -21 -22 23 24 -25 -26 27 -28 -29 -30 31 -32 -33 34 -35 36 -37 -38 39 -40 -41 42 43 44 45 46 -47 48 49 50