0x52f2135dd7b92149 155413 -1 2 3 -4 5 6 -7 -8 9 10 11 12 13 14 15 16 17 18 19 20 -21 -22 -23 24 -25 -26 27 -28 29 -30 31 -32 -33 34 35 36 37 -38 -39 -40 41 42 43 -44 -45 46 -47 -48 49 -50
0x262022c82219e74d 155413 -1 2 3 -4 5 6 -7 -8 9 10 11 12 13 14 15 16 17 18 19 20 -21 -22 -23 24 -25 -26 27 -28 29 -30 31 -32 -33 34 35 36 37 -38 -39 -40 41 42 43 -44 -45 46 -47 -48 49 -50
0xb0c543a46d3e5716 155413 -1 2 3 -4 5 6 -7 -8 9 10 11 12 13 14 15 16 17 18 19 20 -21 -22 -23 24 -25 -26 27 -28 29 -30 31 -32 -33 34 35 36 37 -38 -39 -40 41 42 43 -44 -45 46 -47 -48 49 -50
0x3f742a60963f0859 155413 -1 2 3 -4 5 6 -7 -8 9 10 11 12 13 14 15 16 17 18 19 20 -21 -22 -23 24 -25 -26 27 -28 29 -30 31 -32 -33 34 35 36 37 -38 -39 -40 41 42 43 -44 -45 46 -47 -48 49 -50
0x4f2589840662e659 154512 1 2 3 -4 5 6 -7 -8 9 10 11 -12 13 14 15 16 -17 18 19 20 -21 -22 -23 24 -25 -26 27 -28 29 -30 31 -32 -33 34 35 36 37 -38 -39 -40 41 42 43 -44 -45 46 -47 -48 49 -50
0x1cb975b5d990f63e 155413 -1 2 3 -4 5 6 -7 -8 9 10 11 12 13 14 15 16 17 18 19 20 -21 -22 -23 24 -25 -26 27 -28 29 -30 31 -32 -33 34 35 36 37 -38 -39 -40 41 42 43 -44 -45 46 -47 -48 49 -50
0x48fa5ed57059ca54 144150 -1 2 -3 4 5 6 -7 -8 -9 -10 11 12 -13 14 -15 16 17 18 19 20 21 22 -23 -24 25 26 -27 28 -29 -30 31 -32 33 34 -35 36 37 -38 39 40 41 -42 -43 44 -45 -46 -47 48 49 -50
0x6a80976fe395338a 155413 -1 2 3 -4 5 6 -7 -8 9 10 11 12 13 14 15 16 17 18 19 20 -21 -22 -23 24 -25 -26 27 -28 29 -30 31 -32 -33 34 35 36 37 -38 -39 -40 41 42 43 -44 -45 46 -47 -48 49 -50
0xfb79e687f8aceb3 155413 -1 2 3 -4 5 6 -7 -8 9 10 11 12 13 14 15 16 17 18 19 20 -21 -22 -23 24 -25 -26 27 -28 29 -30 31 -32 -33 34 35 36 37 -38 -39 -40 41 42 43 -44 -45 46 -47 -48 49 -50
0x867572cc44f5a06a 155413 -1 2 3 -4 5 6 -7 -8 9 10 11 12 13 14 15 16 17 18 19 20 -21 -22 -23 24 -25 -26 27 -28 29 -30 31 -32 -33 34 35 36 37 -38 -39 -40 41 42 43 -44 -45 46 -47 -48 49 -50
0x3d3bbc4210be6e7a 155413 -1 2 3 -4 5 6 -7 -8 9 10 11 12 13 14 15 16 17 18 19 20 -21 -22 -23 24 -25 -26 27 -28 29 -30 31 -32 -33 34 35 36 37 -38 -39 -40 41 42 43 -44 -45 46 -47 -48 49 -50
0xfb153546ba4e37bc 155413 -1 2 3 -4 5 6 -7 -8 9 10 11 12 13 14 15 16 17 18 19 20 -21 -22 -23 24 -25 -26 27 -28 29 -30 31 -32 -33 34 35 36 37 -38 -39 -40 41 42 43 -44 -45 46 -47 -48 49 -50
0xe259c06d955a038c 150458 -1 -2 3 -4 5 6 -7 -8 9 10 11 12 13 14 15 16 17 18 19 20 -21 -22 -23 24 -25 -26 27 -28 29 -30 31 -32 -33 34 35 36 37 -38 -39 -40 41 42 43 -44 -45 46 -47 -48 49 -50
0x1bfea3db5281374b 155413 -1 2 3 -4 5 6 -7 -8 9 10 11 12 13 14 15 16 17 18 19 20 -21 -22 -23 24 -25 -26 27 -28 29 -30 31 -32 -33 34 35 36 37 -38 -39 -40 41 42 43 -44 -45 46 -47 -48 49 -50
0x1cc494ca6c3d7bdd 154512 1 2 3 -4 5 6 -7 -8 9 10 11 -12 13 14 15 16 -17 18 19 20 -21 -22 -23 24 -25 -26 27 -28 29 -30 31 -32 -33 34 35 36 37 -38 -39 -40 41 42 43 -44 -45 46 -47 -48 49 -50
0xd5c1930706ca3329 155413 -1 2 3 -4 5 6 -7 -8 9 10 11 12 13 14 15 16 17 18 19 20 -21 -22 -23 24 -25 -26 27 -28 29 -30 31 -32 -33 34 35 36 37 -38 -39 -40 41 42 43 -44 -45 46 -47 -48 49 -50
0xdf0494753de97d9e 155413 -1 2 3 -4 5 6 -7 -8 9 10 11 12 13 14 15 16 17 18 19 20 -21 -22 -23 24 -25 -26 27 -28 29 -30 31 -32 -33 34 35 36 37 -38 -39 -40 41 42 43 -44 -45 46 -47 -48 49 -50
0xa0510088c7accfaa 155413 -1 2 3 -4 5 6 -7 -8 9 10 11 12 13 14 15 16 17 18 19 20 -21 -22 -23 24 -25 -26 27 -28 29 -30 31 -32 -33 34 35 36 37 -38 -39 -40 41 42 43 -44 -45 46 -47 -48 49 -50
0xa92ffbcd97a71743 154512 1 2 3 -4 5 6 -7 -8 9 10 11 -12 13 14 15 16 -17 18 19 20 -21 -22 -23 24 -25 -26 27 -28 29 -30 31 -32 -33 34 35 36 37 -38 -39 -40 41 42 43 -44 -45 46 -47 -48 49 -50
0xa2bc1e9a85ffbe9d 155413 -1 2 3 -4 5 6 -7 -8 9 10 11 12 13 14 15 16 17 18 19 20 -21 -22 -23 24 -25 -26 27 -28 29 -30 31 -32 -33 34 35 36 37 -38 -39 -40 41 42 43 -44 -45 46 -47 -48 49 -50
0x88d7b9fcd650ff05 155413 -1 2 3 -4 5 6 -7 -8 9 10 11 12 13 14 15 16 17 18 19 20 -21 -22 -23 24 -25 -26 27 -28 29 -30 31 -32 -33 34 35 36 37 -38 -39 -40 41 42 43 -44 -45 46 -47 -48 49 -50
0xab4f4c9b3f2bfae8 155413 -1 2 3 -4 5 6 -7 -8 9 10 11 12 13 14 15 16 17 18 19 20 -21 -22 -23 24 -25 -26 27 -28 29 -30 31 -32 -33 34 35 36 37 -38 -39 -40 41 42 43 -44 -45 46 -47 -48 49 -50
0x6a65f947508f7547 155413 -1 2 3 -4 5 6 -7 -8 9 10 11 12 13 14 15 16 17 18 19 20 -21 -22 -23 24 -25 -26 27 -28 29 -30 31 -32 -33 34 35 36 37 -38 -39 -40 41 42 43 -44 -45 46 -47 -48 49 -50
0x7baa4e340678a734 155413 -1 2 3 -4 5 6 -7 -8 9 10 11 12 13 14 15 16 17 18 19 20 -21 -22 -23 24 -25 -26 27 -28 29 -30 31 -32 -33 34 35 36 37 -38 -39 -40 41 42 43 -44 -45 46 -47 -48 49 -50
0xc79b345bf6ef60c2 155413 -1 2 3 -4 5 6 -7 -8 9 10 11 12 13 14 15 16 17 18 19 20 -21 -22 -23 24 -25 -26 27 -28 29 -30 31 -32 -33 34 35 36 37 -38 -39 -40 41 42 43 -44 -45 46 -47 -48 49 -50
0x4c8940b7d7301099 155413 -1 2 3 -4 5 6 -7 -8 9 10 11 12 13 14 15 16 17 18 19 20 -21 -22 -23 24 -25 -26 27 -28 29 -30 31 -32 -33 34 35 36 37 -38 -39 -40 41 42 43 -44 -45 46 -47 -48 49 -50
0x347057288deb79dc 150458 -1 -2 3 -4 5 6 -7 -8 9 10 11 12 13 14 15 16 17 18 19 20 -21 -22 -23 24 -25 -26 27 -28 29 -30 31 -32 -33 34 35 36 37 -38 -39 -40 41 42 43 -44 -45 46 -47 -48 49 -50
0xa0b91101e511da16 155413 -1 2 3 -4 5 6 -7 -8 9 10 11 12 13 14 15 16 17 18 19 20 -21 -22 -23 24 -25 -26 27 -28 29 -30 31 -32 -33 34 35 36 37 -38 -39 -40 41 42 43 -44 -45 46 -47 -48 49 -50
0x70525c87f208d2b3 155413 -1 2 3 -4 5 6 -7 -8 9 10 11 12 13 14 15 16 17 18 19 20 -21 -22 -23 24 -25 -26 27 -28 29 -30 31 -32 -33 34 35 36 37 -38 -39 -40 41 42 43 -44 -45 46 -47 -48 49 -50
0x3a326c785fbe6286 155413 -1 2 3 -4 5 6 -7 -8 9 10 11 12 13 14 15 16 17 18 19 20 -21 -22 -23 24 -25 -26 27 -28 29 -30 31 -32 -33 34 35 36 37 -38 -39 -40 41 42 43 -44 -45 46 -47 -48 49 -50