0x17185455b123d2cd 132983 -1 -2 3 4 -5 6 7 -8 9 10 11 -12 13 14 15 -16 17 18 19 -20 21 22 -23 24 -25 26 27 28 29 30 -31 -32 33 -34 35 -36 37 38 39 -40 41 -42 43 -44 45 46 47 48 49 -50
0x2836f4e1e9fef7c4 132983 -1 -2 3 4 -5 6 7 -8 9 10 11 -12 13 14 15 -16 17 18 19 -20 21 22 -23 24 -25 26 27 28 29 30 -31 -32 33 -34 35 -36 37 38 39 -40 41 -42 43 -44 45 46 47 48 49 -50
0x95734254d922e596 132190 -1 -2 3 4 -5 6 7 -8 9 10 11 -12 13 14 -15 -16 17 18 19 -20 21 22 -23 24 -25 26 27 28 29 30 -31 -32 33 -34 35 -36 37 38 39 -40 41 -42 43 -44 45 46 47 48 49 -50
0x1155509eaadf3639 132983 -1 -2 3 4 -5 6 7 -8 9 10 11 -12 13 14 15 -16 17 18 19 -20 21 22 -23 24 -25 26 27 28 29 30 -31 -32 33 -34 35 -36 37 38 39 -40 41 -42 43 -44 45 46 47 48 49 -50
0xc20e7f210b52dc05 132983 -1 -2 3 4 -5 6 7 -8 9 10 11 -12 13 14 15 -16 17 18 19 -20 21 22 -23 24 -25 26 27 28 29 30 -31 -32 33 -34 35 -36 37 38 39 -40 41 -42 43 -44 45 46 47 48 49 -50
0x87515831e0234b39 132983 -1 -2 3 4 -5 6 7 -8 9 10 11 -12 13 14 15 -16 17 18 19 -20 21 22 -23 24 -25 26 27 28 29 30 -31 -32 33 -34 35 -36 37 38 39 -40 41 -42 43 -44 45 46 47 48 49 -50
0xb428c09e87c8b376 132983 -1 -2 3 4 -5 6 7 -8 9 10 11 -12 13 14 15 -16 17 18 19 -20 21 22 -23 24 -25 26 27 28 29 30 -31 -32 33 -34 35 -36 37 38 39 -40 41 -42 43 -44 45 46 47 48 49 -50
0x77a8cafadc301eed 132983 -1 -2 3 4 -5 6 7 -8 9 10 11 -12 13 14 15 -16 17 18 19 -20 21 22 -23 24 -25 26 27 28 29 30 -31 -32 33 -34 35 -36 37 38 39 -40 41 -42 43 -44 45 46 47 48 49 -50
0xd557ec97366edb41 132983 -1 -2 3 4 -5 6 7 -8 9 10 11 -12 13 14 15 -16 17 18 19 -20 21 22 -23 24 -25 26 27 28 29 30 -31 -32 33 -34 35 -36 37 38 39 -40 41 -42 43 -44 45 46 47 48 49 -50
0x5e3c5bdda4e7d651 132983 -1 -2 3 4 -5 6 7 -8 9 10 11 -12 13 14 15 -16 17 18 19 -20 21 22 -23 24 -25 26 27 28 29 30 -31 -32 33 -34 35 -36 37 38 39 -40 41 -42 43 -44 45 46 47 48 49 -50
0xcf257617ce5d0e1f 132983 -1 -2 3 4 -5 6 7 -8 9 10 11 -12 13 14 15 -16 17 18 19 -20 21 22 -23 24 -25 26 27 28 29 30 -31 -32 33 -34 35 -36 37 38 39 -40 41 -42 43 -44 45 46 47 48 49 -50
0x9c9ad39ce685a02f 132983 -1 -2 3 4 -5 6 7 -8 9 10 11 -12 13 14 15 -16 17 18 19 -20 21 22 -23 24 -25 26 27 28 29 30 -31 -32 33 -34 35 -36 37 38 39 -40 41 -42 43 -44 45 46 47 48 49 -50
0x22dea35b9743bf09 132983 -1 -2 3 4 -5 6 7 -8 9 10 11 -12 13 14 15 -16 17 18 19 -20 21 22 -23 24 -25 26 27 28 29 30 -31 -32 33 -34 35 -36 37 38 39 -40 41 -42 43 -44 45 46 47 48 49 -50
0xa9b9d65727a837ba 132983 -1 -2 3 4 -5 6 7 -8 9 10 11 -12 13 14 15 -16 17 18 19 -20 21 22 -23 24 -25 26 27 28 29 30 -31 -32 33 -34 35 -36 37 38 39 -40 41 -42 43 -44 45 46 47 48 49 -50
0x6d57395b9c94011d 132983 -1 -2 3 4 -5 6 7 -8 9 10 11 -12 13 14 15 -16 17 18 19 -20 21 22 -23 24 -25 26 27 28 29 30 -31 -32 33 -34 35 -36 37 38 39 -40 41 -42 43 -44 45 46 47 48 49 -50
0x839e38e3cca1eff9 132983 -1 -2 3 4 -5 6 7 -8 9 10 11 -12 13 14 15 -16 17 18 19 -20 21 22 -23 24 -25 26 27 28 29 30 -31 -32 33 -34 35 -36 37 38 39 -40 41 -42 43 -44 45 46 47 48 49 -50
0x31f68a04fde10a7 132983 -1 -2 3 4 -5 6 7 -8 9 10 11 -12 13 14 15 -16 17 18 19 -20 21 22 -23 24 -25 26 27 28 29 30 -31 -32 33 -34 35 -36 37 38 39 -40 41 -42 43 -44 45 46 47 48 49 -50
0x45252f5498e35315 132983 -1 -2 3 4 -5 6 7 -8 9 10 11 -12 13 14 15 -16 17 18 19 -20 21 22 -23 24 -25 26 27 28 29 30 -31 -32 33 -34 35 -36 37 38 39 -40 41 -42 43 -44 45 46 47 48 49 -50
0x875ae8406624f495 132983 -1 -2 3 4 -5 6 7 -8 9 10 11 -12 13 14 15 -16 17 18 19 -20 21 22 -23 24 -25 26 27 28 29 30 -31 -32 33 -34 35 -36 37 38 39 -40 41 -42 43 -44 45 46 47 48 49 -50
0xcc15228db3be895a 132983 -1 -2 3 4 -5 6 7 -8 9 10 11 -12 13 14 15 -16 17 18 19 -20 21 22 -23 24 -25 26 27 28 29 30 -31 -32 33 -34 35 -36 37 38 39 -40 41 -42 43 -44 45 46 47 48 49 -50
0xe81d30e3c80d1600 132983 -1 -2 3 4 -5 6 7 -8 9 10 11 -12 13 14 15 -16 17 18 19 -20 21 22 -23 24 -25 26 27 28 29 30 -31 -32 33 -34 35 -36 37 38 39 -40 41 -42 43 -44 45 46 47 48 49 -50
0x2f0e08d712073903 132983 -1 -2 3 4 -5 6 7 -8 9 10 11 -12 13 14 15 -16 17 18 19 -20 21 22 -23 24 -25 26 27 28 29 30 -31 -32 33 -34 35 -36 37 38 39 -40 41 -42 43 -44 45 46 47 48 49 -50
0xd2907271928a6444 132983 -1 -2 3 4 -5 6 7 -8 9 10 11 -12 13 14 15 -16 17 18 19 -20 21 22 -23 24 -25 26 27 28 29 30 -31 -32 33 -34 35 -36 37 38 39 -40 41 -42 43 -44 45 46 47 48 49 -50
0xa8dc3ba9880fd59a 132983 -1 -2 3 4 -5 6 7 -8 9 10 11 -12 13 14 15 -16 17 18 19 -20 21 22 -23 24 -25 26 27 28 29 30 -31 -32 33 -34 35 -36 37 38 39 -40 41 -42 43 -44 45 46 47 48 49 -50
0x4b541f96346ca5aa 132983 -1 -2 3 4 -5 6 7 -8 9 10 11 -12 13 14 15 -16 17 18 19 -20 21 22 -23 24 -25 26 27 28 29 30 -31 -32 33 -34 35 -36 37 38 39 -40 41 -42 43 -44 45 46 47 48 49 -50
0x97c90453b0e6a46e 132983 -1 -2 3 4 -5 6 7 -8 9 10 11 -12 13 14 15 -16 17 18 19 -20 21 22 -23 24 -25 26 27 28 29 30 -31 -32 33 -34 35 -36 37 38 39 -40 41 -42 43 -44 45 46 47 48 49 -50
0xb28fd1cafc0162de 132983 -1 -2 3 4 -5 6 7 -8 9 10 11 -12 13 14 15 -16 17 18 19 -20 21 22 -23 24 -25 26 27 28 29 30 -31 -32 33 -34 35 -36 37 38 39 -40 41 -42 43 -44 45 46 47 48 49 -50
0xfd2c99b6e859b939 132983 -1 -2 3 4 -5 6 7 -8 9 10 11 -12 13 14 15 -16 17 18 19 -20 21 22 -23 24 -25 26 27 28 29 30 -31 -32 33 -34 35 -36 37 38 39 -40 41 -42 43 -44 45 46 47 48 49 -50
0x77cb3b27b9e86483 132983 -1 -2 3 4 -5 6 7 -8 9 10 11 -12 13 14 15 -16 17 18 19 -20 21 22 -23 24 -25 26 27 28 29 30 -31 -32 33 -34 35 -36 37 38 39 -40 41 -42 43 -44 45 46 47 48 49 -50
0x5064d60238b93400 132190 -1 -2 3 4 -5 6 7 -8 9 10 11 -12 13 14 -15 -16 17 18 19 -20 21 22 -23 24 -25 26 27 28 29 30 -31 -32 33 -34 35 -36 37 38 39 -40 41 -42 43 -44 45 46 47 48 49 -50