0xf61ad90c26df0a7f 33436 -1 2 3 4 -5 -6 -7 -8 -9 -10 11 -12 13 -14 15 16 -17 18 -19 20 -21 22 23 24 -25 -26 27 -28 -29 30 -31 32 -33 34 35 36 -37 -38 -39 -40 -41 -42 -43 -44 45 -46 -47 -48 49 50
0xa7115b05e5c10361 33436 -1 2 3 4 -5 -6 -7 -8 -9 -10 11 -12 13 -14 15 16 -17 18 -19 20 -21 22 23 24 -25 -26 27 -28 -29 30 -31 32 -33 34 35 36 -37 -38 -39 -40 -41 -42 -43 -44 45 -46 -47 -48 49 50
0x2f1aadf3c5b64d6d 33436 -1 2 3 4 -5 -6 -7 -8 -9 -10 11 -12 13 -14 15 16 -17 18 -19 20 -21 22 23 24 -25 -26 27 -28 -29 30 -31 32 -33 34 35 36 -37 -38 -39 -40 -41 -42 -43 -44 45 -46 -47 -48 49 50
0xdc173a97597b3569 33436 -1 2 3 4 -5 -6 -7 -8 -9 -10 11 -12 13 -14 15 16 -17 18 -19 20 -21 22 23 24 -25 -26 27 -28 -29 30 -31 32 -33 34 35 36 -37 -38 -39 -40 -41 -42 -43 -44 45 -46 -47 -48 49 50
0x20287640235339f6 33436 -1 2 3 4 -5 -6 -7 -8 -9 -10 11 -12 13 -14 15 16 -17 18 -19 20 -21 22 23 24 -25 -26 27 -28 -29 30 -31 32 -33 34 35 36 -37 -38 -39 -40 -41 -42 -43 -44 45 -46 -47 -48 49 50
0x650cafae5e081b7e 33436 -1 2 3 4 -5 -6 -7 -8 -9 -10 11 -12 13 -14 15 16 -17 18 -19 20 -21 22 23 24 -25 -26 27 -28 -29 30 -31 32 -33 34 35 36 -37 -38 -39 -40 -41 -42 -43 -44 45 -46 -47 -48 49 50
0x7a62e1793c9e6657 33436 -1 2 3 4 -5 -6 -7 -8 -9 -10 11 -12 13 -14 15 16 -17 18 -19 20 -21 22 23 24 -25 -26 27 -28 -29 30 -31 32 -33 34 35 36 -37 -38 -39 -40 -41 -42 -43 -44 45 -46 -47 -48 49 50
0x4f260b6fdce595fe 33436 -1 2 3 4 -5 -6 -7 -8 -9 -10 11 -12 13 -14 15 16 -17 18 -19 20 -21 22 23 24 -25 -26 27 -28 -29 30 -31 32 -33 34 35 36 -37 -38 -39 -40 -41 -42 -43 -44 45 -46 -47 -48 49 50
0xad6a7a122f4c8691 33436 -1 2 3 4 -5 -6 -7 -8 -9 -10 11 -12 13 -14 15 16 -17 18 -19 20 -21 22 23 24 -25 -26 27 -28 -29 30 -31 32 -33 34 35 36 -37 -38 -39 -40 -41 -42 -43 -44 45 -46 -47 -48 49 50
0xa9c95e13bbcdf654 33436 -1 2 3 4 -5 -6 -7 -8 -9 -10 11 -12 13 -14 15 16 -17 18 -19 20 -21 22 23 24 -25 -26 27 -28 -29 30 -31 32 -33 34 35 36 -37 -38 -39 -40 -41 -42 -43 -44 45 -46 -47 -48 49 50
0xeaa8b3dfff8b172e 33436 -1 2 3 4 -5 -6 -7 -8 -9 -10 11 -12 13 -14 15 16 -17 18 -19 20 -21 22 23 24 -25 -26 27 -28 -29 30 -31 32 -33 34 35 36 -37 -38 -39 -40 -41 -42 -43 -44 45 -46 -47 -48 49 50
0xdacd7b127cea302b 33436 -1 2 3 4 -5 -6 -7 -8 -9 -10 11 -12 13 -14 15 16 -17 18 -19 20 -21 22 23 24 -25 -26 27 -28 -29 30 -31 32 -33 34 35 36 -37 -38 -39 -40 -41 -42 -43 -44 45 -46 -47 -48 49 50
0xc1e63dfa8e4f4ef9 33436 -1 2 3 4 -5 -6 -7 -8 -9 -10 11 -12 13 -14 15 16 -17 18 -19 20 -21 22 23 24 -25 -26 27 -28 -29 30 -31 32 -33 34 35 36 -37 -38 -39 -40 -41 -42 -43 -44 45 -46 -47 -48 49 50
0x9cfbe91f99c5096d 33436 -1 2 3 4 -5 -6 -7 -8 -9 -10 11 -12 13 -14 15 16 -17 18 -19 20 -21 22 23 24 -25 -26 27 -28 -29 30 -31 32 -33 34 35 36 -37 -38 -39 -40 -41 -42 -43 -44 45 -46 -47 -48 49 50
0x67f6f2ba6a2b4efe 33436 -1 2 3 4 -5 -6 -7 -8 -9 -10 11 -12 13 -14 15 16 -17 18 -19 20 -21 22 23 24 -25 -26 27 -28 -29 30 -31 32 -33 34 35 36 -37 -38 -39 -40 -41 -42 -43 -44 45 -46 -47 -48 49 50
0x58a6d23630c24a46 33436 -1 2 3 4 -5 -6 -7 -8 -9 -10 11 -12 13 -14 15 16 -17 18 -19 20 -21 22 23 24 -25 -26 27 -28 -29 30 -31 32 -33 34 35 36 -37 -38 -39 -40 -41 -42 -43 -44 45 -46 -47 -48 49 50
0xd57ba49f07e55317 33436 -1 2 3 4 -5 -6 -7 -8 -9 -10 11 -12 13 -14 15 16 -17 18 -19 20 -21 22 23 24 -25 -26 27 -28 -29 30 -31 32 -33 34 35 36 -37 -38 -39 -40 -41 -42 -43 -44 45 -46 -47 -48 49 50
0x8049f4c5d45e82ac 33436 -1 2 3 4 -5 -6 -7 -8 -9 -10 11 -12 13 -14 15 16 -17 18 -19 20 -21 22 23 24 -25 -26 27 -28 -29 30 -31 32 -33 34 35 36 -37 -38 -39 -40 -41 -42 -43 -44 45 -46 -47 -48 49 50
0xded7ce78b07c027a 33436 -1 2 3 4 -5 -6 -7 -8 -9 -10 11 -12 13 -14 15 16 -17 18 -19 20 -21 22 23 24 -25 -26 27 -28 -29 30 -31 32 -33 34 35 36 -37 -38 -39 -40 -41 -42 -43 -44 45 -46 -47 -48 49 50
0x6084ad4c6652adbe 33436 -1 2 3 4 -5 -6 -7 -8 -9 -10 11 -12 13 -14 15 16 -17 18 -19 20 -21 22 23 24 -25 -26 27 -28 -29 30 -31 32 -33 34 35 36 -37 -38 -39 -40 -41 -42 -43 -44 45 -46 -47 -48 49 50
0x3b3f8e58478bde9e 33436 -1 2 3 4 -5 -6 -7 -8 -9 -10 11 -12 13 -14 15 16 -17 18 -19 20 -21 22 23 24 -25 -26 27 -28 -29 30 -31 32 -33 34 35 36 -37 -38 -39 -40 -41 -42 -43 -44 45 -46 -47 -48 49 50
0xa8792f319520c1e2 33436 -1 2 3 4 -5 -6 -7 -8 -9 -10 11 -12 13 -14 15 16 -17 18 -19 20 -21 22 23 24 -25 -26 27 -28 -29 30 -31 32 -33 34 35 36 -37 -38 -39 -40 -41 -42 -43 -44 45 -46 -47 -48 49 50
0x8de47a60658ae038 33436 -1 2 3 4 -5 -6 -7 -8 -9 -10 11 -12 13 -14 15 16 -17 18 -19 20 -21 22 23 24 -25 -26 27 -28 -29 30 -31 32 -33 34 35 36 -37 -38 -39 -40 -41 -42 -43 -44 45 -46 -47 -48 49 50
0x280076dcf8ac17b1 33436 -1 2 3 4 -5 -6 -7 -8 -9 -10 11 -12 13 -14 15 16 -17 18 -19 20 -21 22 23 24 -25 -26 27 -28 -29 30 -31 32 -33 34 35 36 -37 -38 -39 -40 -41 -42 -43 -44 45 -46 -47 -48 49 50
0x67f78797cce9a542 33436 -1 2 3 4 -5 -6 -7 -8 -9 -10 11 -12 13 -14 15 16 -17 18 -19 20 -21 22 23 24 -25 -26 27 -28 -29 30 -31 32 -33 34 35 36 -37 -38 -39 -40 -41 -42 -43 -44 45 -46 -47 -48 49 50
0x46a1faf38e303e46 33436 -1 2 3 4 -5 -6 -7 -8 -9 -10 11 -12 13 -14 15 16 -17 18 -19 20 -21 22 23 24 -25 -26 27 -28 -29 30 -31 32 -33 34 35 36 -37 -38 -39 -40 -41 -42 -43 -44 45 -46 -47 -48 49 50
0xf9b9ea4861d739f8 33436 -1 2 3 4 -5 -6 -7 -8 -9 -10 11 -12 13 -14 15 16 -17 18 -19 20 -21 22 23 24 -25 -26 27 -28 -29 30 -31 32 -33 34 35 36 -37 -38 -39 -40 -41 -42 -43 -44 45 -46 -47 -48 49 50
0x1b8e695d9498cafb 33436 -1 2 3 4 -5 -6 -7 -8 -9 -10 11 -12 13 -14 15 16 -17 18 -19 20 -21 22 23 24 -25 -26 27 -28 -29 30 -31 32 -33 34 35 36 -37 -38 -39 -40 -41 -42 -43 -44 45 -46 -47 -48 49 50
0x70c405f54a1548d4 33436 -1 2 3 4 -5 -6 -7 -8 -9 -10 11 -12 13 -14 15 16 -17 18 -19 20 -21 22 23 24 -25 -26 27 -28 -29 30 -31 32 -33 34 35 36 -37 -38 -39 -40 -41 -42 -43 -44 45 -46 -47 -48 49 50
0xaf097407f97896d 33436 -1 2 3 4 -5 -6 -7 -8 -9 -10 11 -12 13 -14 15 16 -17 18 -19 20 -21 22 23 24 -25 -26 27 -28 -29 30 -31 32 -33 34 35 36 -37 -38 -39 -40 -41 -42 -43 -44 45 -46 -47 -48 49 50