0xbf55e0cd17334dd0 18260 1 2 -3 -4 5 -6 7 8 -9 10 11 12 13 14 15 16 -17 18 -19 -20 -21 -22 -23 24 -25 26 -27 28 -29 30 -31 -32 33 34 35 -36 37 38 39 40 -41 42 43 44 -45 46 -47 48 49 -50
0x995985c01e4dff2a 18260 1 2 -3 -4 5 -6 7 8 -9 10 11 12 13 14 15 16 -17 18 -19 -20 -21 -22 -23 24 -25 26 -27 28 -29 30 -31 -32 33 34 35 -36 37 38 39 40 -41 42 43 44 -45 46 -47 48 49 -50
0xf12427f269a032b 18260 1 2 -3 -4 5 -6 7 8 -9 10 11 12 13 14 15 16 -17 18 -19 -20 -21 -22 -23 24 -25 26 -27 28 -29 30 -31 -32 33 34 35 -36 37 38 39 40 -41 42 43 44 -45 46 -47 48 49 -50
0x290064ad4dbff120 18260 1 2 -3 -4 5 -6 7 8 -9 10 11 12 13 14 15 16 -17 18 -19 -20 -21 -22 -23 24 -25 26 -27 28 -29 30 -31 -32 33 34 35 -36 37 38 39 40 -41 42 43 44 -45 46 -47 48 49 -50
0xd3b513951d0e2f97 18260 1 2 -3 -4 5 -6 7 8 -9 10 11 12 13 14 15 16 -17 18 -19 -20 -21 -22 -23 24 -25 26 -27 28 -29 30 -31 -32 33 34 35 -36 37 38 39 40 -41 42 43 44 -45 46 -47 48 49 -50
0x58fd69d7d66737e4 18260 1 2 -3 -4 5 -6 7 8 -9 10 11 12 13 14 15 16 -17 18 -19 -20 -21 -22 -23 24 -25 26 -27 28 -29 30 -31 -32 33 34 35 -36 37 38 39 40 -41 42 43 44 -45 46 -47 48 49 -50
0x8dac28e9a468039d 18260 1 2 -3 -4 5 -6 7 8 -9 10 11 12 13 14 15 16 -17 18 -19 -20 -21 -22 -23 24 -25 26 -27 28 -29 30 -31 -32 33 34 35 -36 37 38 39 40 -41 42 43 44 -45 46 -47 48 49 -50
0x3f063c91e9c10a1c 14613 1 2 -3 -4 5 -6 7 8 -9 10 11 12 13 14 15 16 -17 18 -19 -20 -21 -22 -23 24 -25 26 -27 28 -29 30 -31 -32 33 34 35 -36 37 38 39 40 -41 42 43 44 -45 46 -47 48 -49 -50
0x68300e6b33c7cdff 18260 1 2 -3 -4 5 -6 7 8 -9 10 11 12 13 14 15 16 -17 18 -19 -20 -21 -22 -23 24 -25 26 -27 28 -29 30 -31 -32 33 34 35 -36 37 38 39 40 -41 42 43 44 -45 46 -47 48 49 -50
0x3a297cf9b43ca6e0 18260 1 2 -3 -4 5 -6 7 8 -9 10 11 12 13 14 15 16 -17 18 -19 -20 -21 -22 -23 24 -25 26 -27 28 -29 30 -31 -32 33 34 35 -36 37 38 39 40 -41 42 43 44 -45 46 -47 48 49 -50
0xed0d89cc51b643a3 18260 1 2 -3 -4 5 -6 7 8 -9 10 11 12 13 14 15 16 -17 18 -19 -20 -21 -22 -23 24 -25 26 -27 28 -29 30 -31 -32 33 34 35 -36 37 38 39 40 -41 42 43 44 -45 46 -47 48 49 -50
0xafd72812b05e1a82 18260 1 2 -3 -4 5 -6 7 8 -9 10 11 12 13 14 15 16 -17 18 -19 -20 -21 -22 -23 24 -25 26 -27 28 -29 30 -31 -32 33 34 35 -36 37 38 39 40 -41 42 43 44 -45 46 -47 48 49 -50
0xbdd9ad525dd17638 18260 1 2 -3 -4 5 -6 7 8 -9 10 11 12 13 14 15 16 -17 18 -19 -20 -21 -22 -23 24 -25 26 -27 28 -29 30 -31 -32 33 34 35 -36 37 38 39 40 -41 42 43 44 -45 46 -47 48 49 -50
0x838004797d8ef8c0 18260 1 2 -3 -4 5 -6 7 8 -9 10 11 12 13 14 15 16 -17 18 -19 -20 -21 -22 -23 24 -25 26 -27 28 -29 30 -31 -32 33 34 35 -36 37 38 39 40 -41 42 43 44 -45 46 -47 48 49 -50
0x2bf12f369238faa8 18260 1 2 -3 -4 5 -6 7 8 -9 10 11 12 13 14 15 16 -17 18 -19 -20 -21 -22 -23 24 -25 26 -27 28 -29 30 -31 -32 33 34 35 -36 37 38 39 40 -41 42 43 44 -45 46 -47 48 49 -50
0xf70c3c8f86f2a8af 18260 1 2 -3 -4 5 -6 7 8 -9 10 11 12 13 14 15 16 -17 18 -19 -20 -21 -22 -23 24 -25 26 -27 28 -29 30 -31 -32 33 34 35 -36 37 38 39 40 -41 42 43 44 -45 46 -47 48 49 -50
0x7ce2dea00162971a 18260 1 2 -3 -4 5 -6 7 8 -9 10 11 12 13 14 15 16 -17 18 -19 -20 -21 -22 -23 24 -25 26 -27 28 -29 30 -31 -32 33 34 35 -36 37 38 39 40 -41 42 43 44 -45 46 -47 48 49 -50
0x724ac61305cbb732 18260 1 2 -3 -4 5 -6 7 8 -9 10 11 12 13 14 15 16 -17 18 -19 -20 -21 -22 -23 24 -25 26 -27 28 -29 30 -31 -32 33 34 35 -36 37 38 39 40 -41 42 43 44 -45 46 -47 48 49 -50
0x5dd8cdabc913dcc2 14613 1 2 -3 -4 5 -6 7 8 -9 10 11 12 13 14 15 16 -17 18 -19 -20 -21 -22 -23 24 -25 26 -27 28 -29 30 -31 -32 33 34 35 -36 -37 38 39 40 -41 42 43 44 -45 46 -47 48 49 -50
0x6f43f5c02dddd39b 18260 1 2 -3 -4 5 -6 7 8 -9 10 11 12 13 14 15 16 -17 18 -19 -20 -21 -22 -23 24 -25 26 -27 28 -29 30 -31 -32 33 34 35 -36 37 38 39 40 -41 42 43 44 -45 46 -47 48 49 -50
0x186e2fba6e1d0511 18260 1 2 -3 -4 5 -6 7 8 -9 10 11 12 13 14 15 16 -17 18 -19 -20 -21 -22 -23 24 -25 26 -27 28 -29 30 -31 -32 33 34 35 -36 37 38 39 40 -41 42 43 44 -45 46 -47 48 49 -50
0xac90f9974ec8ad7e 18260 1 2 -3 -4 5 -6 7 8 -9 10 11 12 13 14 15 16 -17 18 -19 -20 -21 -22 -23 24 -25 26 -27 28 -29 30 -31 -32 33 34 35 -36 37 38 39 40 -41 42 43 44 -45 46 -47 48 49 -50
0x274bc968ef94a1bc 14613 1 2 -3 -4 5 -6 7 8 -9 10 11 12 13 14 15 16 -17 18 -19 -20 -21 -22 -23 24 -25 26 -27 28 -29 30 -31 -32 33 34 35 -36 37 38 39 40 -41 42 43 44 -45 46 -47 48 -49 -50
0x529248d6d4d5a4ad 14613 1 2 -3 -4 5 -6 7 8 -9 10 11 12 13 14 15 16 -17 18 -19 -20 -21 -22 -23 24 -25 26 -27 28 -29 30 -31 -32 33 34 35 -36 -37 38 39 40 -41 42 43 44 -45 46 -47 48 49 -50
0xcfb860992df74cb5 18260 1 2 -3 -4 5 -6 7 8 -9 10 11 12 13 14 15 16 -17 18 -19 -20 -21 -22 -23 24 -25 26 -27 28 -29 30 -31 -32 33 34 35 -36 37 38 39 40 -41 42 43 44 -45 46 -47 48 49 -50
0xd1a13fd9729793c 18260 1 2 -3 -4 5 -6 7 8 -9 10 11 12 13 14 15 16 -17 18 -19 -20 -21 -22 -23 24 -25 26 -27 28 -29 30 -31 -32 33 34 35 -36 37 38 39 40 -41 42 43 44 -45 46 -47 48 49 -50
0xef1d2c67a92b582f 18260 1 2 -3 -4 5 -6 7 8 -9 10 11 12 13 14 15 16 -17 18 -19 -20 -21 -22 -23 24 -25 26 -27 28 -29 30 -31 -32 33 34 35 -36 37 38 39 40 -41 42 43 44 -45 46 -47 48 49 -50
0xe88ab4cb9659fb7e 18260 1 2 -3 -4 5 -6 7 8 -9 10 11 12 13 14 15 16 -17 18 -19 -20 -21 -22 -23 24 -25 26 -27 28 -29 30 -31 -32 33 34 35 -36 37 38 39 40 -41 42 43 44 -45 46 -47 48 49 -50
0x6b7e4534d8687e9d 18260 1 2 -3 -4 5 -6 7 8 -9 10 11 12 13 14 15 16 -17 18 -19 -20 -21 -22 -23 24 -25 26 -27 28 -29 30 -31 -32 33 34 35 -36 37 38 39 40 -41 42 43 44 -45 46 -47 48 49 -50
0x1691e3f8e67bc06 18260 1 2 -3 -4 5 -6 7 8 -9 10 11 12 13 14 15 16 -17 18 -19 -20 -21 -22 -23 24 -25 26 -27 28 -29 30 -31 -32 33 34 35 -36 37 38 39 40 -41 42 43 44 -45 46 -47 48 49 -50