0x3b3c16f6ef67b3d4 84674 1 2 3 -4 5 -6 7 8 9 10 -11 12 13 -14 15 16 17 18 -19 20 -21 22 23 -24 25 26 -27 28 29 30 -31 32 33 -34 -35 -36 -37 -38 39 40 41 -42 -43 -44 -45 -46 47 48 49 50
0xcfe26f3402840493 84297 1 2 3 -4 5 -6 7 8 9 10 -11 12 13 -14 15 -16 17 18 -19 20 -21 22 23 -24 25 26 -27 28 29 30 -31 32 33 -34 -35 -36 -37 -38 39 40 41 -42 -43 -44 -45 -46 47 48 49 50
0xb3990fcdb8340f22 32590 -1 -2 3 -4 5 -6 -7 8 -9 -10 -11 -12 -13 -14 15 16 17 -18 19 20 21 -22 23 24 -25 26 27 28 -29 -30 -31 -32 -33 34 35 36 -37 38 -39 40 -41 -42 -43 -44 45 -46 -47 48 -49 -50
0x87e2538e52eca408 79784 1 2 3 -4 5 -6 7 8 9 10 -11 12 13 -14 15 16 17 18 -19 20 -21 22 23 -24 25 26 -27 28 29 30 -31 32 33 -34 -35 -36 -37 -38 39 40 41 -42 -43 -44 -45 -46 -47 48 49 50
0x93f648241490eb9a 79784 1 2 3 -4 5 -6 7 8 9 10 -11 12 13 -14 15 16 17 18 -19 20 -21 22 23 -24 25 26 -27 28 29 30 -31 32 33 -34 -35 -36 -37 -38 39 40 41 -42 -43 -44 -45 -46 -47 48 49 50
0x30cae16708e3711 84297 1 2 3 -4 5 -6 7 8 9 10 -11 12 13 -14 15 -16 17 18 -19 20 -21 22 23 -24 25 26 -27 28 29 30 -31 32 33 -34 -35 -36 -37 -38 39 40 41 -42 -43 -44 -45 -46 47 48 49 50
0xc321495a2c105d5b 84297 1 2 3 -4 5 -6 7 8 9 10 -11 12 13 -14 15 -16 17 18 -19 20 -21 22 23 -24 25 26 -27 28 29 30 -31 32 33 -34 -35 -36 -37 -38 39 40 41 -42 -43 -44 -45 -46 47 48 49 50
0xf85c77240de54940 32590 -1 -2 3 -4 5 -6 -7 8 -9 -10 -11 -12 -13 -14 15 16 17 -18 19 20 21 -22 23 24 -25 26 27 28 -29 -30 -31 -32 -33 34 35 36 -37 38 -39 40 -41 -42 -43 -44 45 -46 -47 48 -49 -50
0x4830e3f6765d9f82 79784 1 2 3 -4 5 -6 7 8 9 10 -11 12 13 -14 15 16 17 18 -19 20 -21 22 23 -24 25 26 -27 28 29 30 -31 32 33 -34 -35 -36 -37 -38 39 40 41 -42 -43 -44 -45 -46 -47 48 49 50
0x3fbd4a523610706f 84674 1 2 3 -4 5 -6 7 8 9 10 -11 12 13 -14 15 16 17 18 -19 20 -21 22 23 -24 25 26 -27 28 29 30 -31 32 33 -34 -35 -36 -37 -38 39 40 41 -42 -43 -44 -45 -46 47 48 49 50
0x634d4b271c8406ad 84674 1 2 3 -4 5 -6 7 8 9 10 -11 12 13 -14 15 16 17 18 -19 20 -21 22 23 -24 25 26 -27 28 29 30 -31 32 33 -34 -35 -36 -37 -38 39 40 41 -42 -43 -44 -45 -46 47 48 49 50
0xc8eaeaaf37b2a2c1 84674 1 2 3 -4 5 -6 7 8 9 10 -11 12 13 -14 15 16 17 18 -19 20 -21 22 23 -24 25 26 -27 28 29 30 -31 32 33 -34 -35 -36 -37 -38 39 40 41 -42 -43 -44 -45 -46 47 48 49 50
0x75c8f2d5074c2d09 79784 1 2 3 -4 5 -6 7 8 9 10 -11 12 13 -14 15 16 17 18 -19 20 -21 22 23 -24 25 26 -27 28 29 30 -31 32 33 -34 -35 -36 -37 -38 39 40 41 -42 -43 -44 -45 -46 -47 48 49 50
0x5f66d6a277fa0981 84674 1 2 3 -4 5 -6 7 8 9 10 -11 12 13 -14 15 16 17 18 -19 20 -21 22 23 -24 25 26 -27 28 29 30 -31 32 33 -34 -35 -36 -37 -38 39 40 41 -42 -43 -44 -45 -46 47 48 49 50
0x97172d926f5f6995 79784 1 2 3 -4 5 -6 7 8 9 10 -11 12 13 -14 15 16 17 18 -19 20 -21 22 23 -24 25 26 -27 28 29 30 -31 32 33 -34 -35 -36 -37 -38 39 40 41 -42 -43 -44 -45 -46 -47 48 49 50
0x8991edd6364e8954 84674 1 2 3 -4 5 -6 7 8 9 10 -11 12 13 -14 15 16 17 18 -19 20 -21 22 23 -24 25 26 -27 28 29 30 -31 32 33 -34 -35 -36 -37 -38 39 40 41 -42 -43 -44 -45 -46 47 48 49 50
0x30c8c3d220cef0f1 84297 1 2 3 -4 5 -6 7 8 9 10 -11 12 13 -14 15 -16 17 18 -19 20 -21 22 23 -24 25 26 -27 28 29 30 -31 32 33 -34 -35 -36 -37 -38 39 40 41 -42 -43 -44 -45 -46 47 48 49 50
0x6b9fb9a13839c644 84674 1 2 3 -4 5 -6 7 8 9 10 -11 12 13 -14 15 16 17 18 -19 20 -21 22 23 -24 25 26 -27 28 29 30 -31 32 33 -34 -35 -36 -37 -38 39 40 41 -42 -43 -44 -45 -46 47 48 49 50
0x19f82e8e30422e48 32590 -1 -2 3 -4 5 -6 -7 8 -9 -10 -11 -12 -13 -14 15 16 17 -18 19 20 21 -22 23 24 -25 26 27 28 -29 -30 -31 -32 -33 34 35 36 -37 38 -39 40 -41 -42 -43 -44 45 -46 -47 48 -49 -50
0xced58360ca2e7161 84674 1 2 3 -4 5 -6 7 8 9 10 -11 12 13 -14 15 16 17 18 -19 20 -21 22 23 -24 25 26 -27 28 29 30 -31 32 33 -34 -35 -36 -37 -38 39 40 41 -42 -43 -44 -45 -46 47 48 49 50
0x4397587493936f80 32590 -1 -2 3 -4 5 -6 -7 8 -9 -10 -11 -12 -13 -14 15 16 17 -18 19 20 21 -22 23 24 -25 26 27 28 -29 -30 -31 -32 -33 34 35 36 -37 38 -39 40 -41 -42 -43 -44 45 -46 -47 48 -49 -50
0xb0f3bbce3b73ed20 84674 1 2 3 -4 5 -6 7 8 9 10 -11 12 13 -14 15 16 17 18 -19 20 -21 22 23 -24 25 26 -27 28 29 30 -31 32 33 -34 -35 -36 -37 -38 39 40 41 -42 -43 -44 -45 -46 47 48 49 50
0x55271057a3cbc1ab 84674 1 2 3 -4 5 -6 7 8 9 10 -11 12 13 -14 15 16 17 18 -19 20 -21 22 23 -24 25 26 -27 28 29 30 -31 32 33 -34 -35 -36 -37 -38 39 40 41 -42 -43 -44 -45 -46 47 48 49 50
0x1486c34e3dc337fb 84674 1 2 3 -4 5 -6 7 8 9 10 -11 12 13 -14 15 16 17 18 -19 20 -21 22 23 -24 25 26 -27 28 29 30 -31 32 33 -34 -35 -36 -37 -38 39 40 41 -42 -43 -44 -45 -46 47 48 49 50
0x99365e653d138fcb 29229 -1 -2 3 -4 5 -6 -7 8 -9 -10 -11 -12 -13 -14 -15 16 17 -18 19 20 21 -22 23 24 -25 26 27 -28 -29 -30 -31 -32 -33 34 35 36 -37 38 -39 40 -41 -42 -43 -44 45 -46 -47 48 -49 -50
0xf6ce9ca251e91745 84674 1 2 3 -4 5 -6 7 8 9 10 -11 12 13 -14 15 16 17 18 -19 20 -21 22 23 -24 25 26 -27 28 29 30 -31 32 33 -34 -35 -36 -37 -38 39 40 41 -42 -43 -44 -45 -46 47 48 49 50
0x659aa92d77e74e7f 79784 1 2 3 -4 5 -6 7 8 9 10 -11 12 13 -14 15 16 17 18 -19 20 -21 22 23 -24 25 26 -27 28 29 30 -31 32 33 -34 -35 -36 -37 -38 39 40 41 -42 -43 -44 -45 -46 -47 48 49 50
0x7412a3c59002d090 84674 1 2 3 -4 5 -6 7 8 9 10 -11 12 13 -14 15 16 17 18 -19 20 -21 22 23 -24 25 26 -27 28 29 30 -31 32 33 -34 -35 -36 -37 -38 39 40 41 -42 -43 -44 -45 -46 47 48 49 50
0x17990c3ec9bd1916 79784 1 2 3 -4 5 -6 7 8 9 10 -11 12 13 -14 15 16 17 18 -19 20 -21 22 23 -24 25 26 -27 28 29 30 -31 32 33 -34 -35 -36 -37 -38 39 40 41 -42 -43 -44 -45 -46 -47 48 49 50
0x44b7fdfc52abd9b0 79784 1 2 3 -4 5 -6 7 8 9 10 -11 12 13 -14 15 16 17 18 -19 20 -21 22 23 -24 25 26 -27 28 29 30 -31 32 33 -34 -35 -36 -37 -38 39 40 41 -42 -43 -44 -45 -46 -47 48 49 50