0x180aa217e986e5d4 17933 1 2 -3 4 5 6 7 -8 -9 -10 11 12 13 14 -15 -16 17 18 -19 20 -21 22 -23 -24 -25 -26 27 -28 -29 30 31 32 33 34 -35 36 37 38 39 40 41 42 43 44 45 -46 -47 48 -49 50
0x2310aadb11f20ce5 17933 1 2 -3 4 5 6 7 -8 -9 -10 11 12 13 14 -15 -16 17 18 -19 20 -21 22 -23 -24 -25 -26 27 -28 -29 30 31 32 33 34 -35 36 37 38 39 40 41 42 43 44 45 -46 -47 48 -49 50
0x5dcc328057a9f6b5 17933 1 2 -3 4 5 6 7 -8 -9 -10 11 12 13 14 -15 -16 17 18 -19 20 -21 22 -23 -24 -25 -26 27 -28 -29 30 31 32 33 34 -35 36 37 38 39 40 41 42 43 44 45 -46 -47 48 -49 50
0x8ecf87f288a7c285 17933 1 2 -3 4 5 6 7 -8 -9 -10 11 12 13 14 -15 -16 17 18 -19 20 -21 22 -23 -24 -25 -26 27 -28 -29 30 31 32 33 34 -35 36 37 38 39 40 41 42 43 44 45 -46 -47 48 -49 50
0x7f20c01296f9107a 17933 1 2 -3 4 5 6 7 -8 -9 -10 11 12 13 14 -15 -16 17 18 -19 20 -21 22 -23 -24 -25 -26 27 -28 -29 30 31 32 33 34 -35 36 37 38 39 40 41 42 43 44 45 -46 -47 48 -49 50
0xdc5e0530cba2db1d 17933 1 2 -3 4 5 6 7 -8 -9 -10 11 12 13 14 -15 -16 17 18 -19 20 -21 22 -23 -24 -25 -26 27 -28 -29 30 31 32 33 34 -35 36 37 38 39 40 41 42 43 44 45 -46 -47 48 -49 50
0x317b369616ab60db 17933 1 2 -3 4 5 6 7 -8 -9 -10 11 12 13 14 -15 -16 17 18 -19 20 -21 22 -23 -24 -25 -26 27 -28 -29 30 31 32 33 34 -35 36 37 38 39 40 41 42 43 44 45 -46 -47 48 -49 50
0x6a6b80057873daeb 17933 1 2 -3 4 5 6 7 -8 -9 -10 11 12 13 14 -15 -16 17 18 -19 20 -21 22 -23 -24 -25 -26 27 -28 -29 30 31 32 33 34 -35 36 37 38 39 40 41 42 43 44 45 -46 -47 48 -49 50
0x52c7efda313d99d2 17933 1 2 -3 4 5 6 7 -8 -9 -10 11 12 13 14 -15 -16 17 18 -19 20 -21 22 -23 -24 -25 -26 27 -28 -29 30 31 32 33 34 -35 36 37 38 39 40 41 42 43 44 45 -46 -47 48 -49 50
0xba16d3d2c84ed891 17933 1 2 -3 4 5 6 7 -8 -9 -10 11 12 13 14 -15 -16 17 18 -19 20 -21 22 -23 -24 -25 -26 27 -28 -29 30 31 32 33 34 -35 36 37 38 39 40 41 42 43 44 45 -46 -47 48 -49 50
0xa33af8132b1970d7 17933 1 2 -3 4 5 6 7 -8 -9 -10 11 12 13 14 -15 -16 17 18 -19 20 -21 22 -23 -24 -25 -26 27 -28 -29 30 31 32 33 34 -35 36 37 38 39 40 41 42 43 44 45 -46 -47 48 -49 50
0x6c076fe70c671f69 17933 1 2 -3 4 5 6 7 -8 -9 -10 11 12 13 14 -15 -16 17 18 -19 20 -21 22 -23 -24 -25 -26 27 -28 -29 30 31 32 33 34 -35 36 37 38 39 40 41 42 43 44 45 -46 -47 48 -49 50
0x5255b6688c39fd0f 15475 1 2 -3 -4 5 6 7 -8 -9 -10 11 12 13 14 -15 -16 17 18 -19 20 -21 22 -23 -24 -25 -26 27 -28 -29 30 31 32 33 34 -35 36 37 38 39 40 41 42 43 44 45 -46 -47 48 -49 50
0x765092cf8d104d52 17933 1 2 -3 4 5 6 7 -8 -9 -10 11 12 13 14 -15 -16 17 18 -19 20 -21 22 -23 -24 -25 -26 27 -28 -29 30 31 32 33 34 -35 36 37 38 39 40 41 42 43 44 45 -46 -47 48 -49 50
0x1bb4f5920c63f338 17933 1 2 -3 4 5 6 7 -8 -9 -10 11 12 13 14 -15 -16 17 18 -19 20 -21 22 -23 -24 -25 -26 27 -28 -29 30 31 32 33 34 -35 36 37 38 39 40 41 42 43 44 45 -46 -47 48 -49 50
0xef4a42d6e705cd67 17933 1 2 -3 4 5 6 7 -8 -9 -10 11 12 13 14 -15 -16 17 18 -19 20 -21 22 -23 -24 -25 -26 27 -28 -29 30 31 32 33 34 -35 36 37 38 39 40 41 42 43 44 45 -46 -47 48 -49 50
0xfc7b89fd3d3757aa 17933 1 2 -3 4 5 6 7 -8 -9 -10 11 12 13 14 -15 -16 17 18 -19 20 -21 22 -23 -24 -25 -26 27 -28 -29 30 31 32 33 34 -35 36 37 38 39 40 41 42 43 44 45 -46 -47 48 -49 50
0x4a890d12ca7e5c71 17933 1 2 -3 4 5 6 7 -8 -9 -10 11 12 13 14 -15 -16 17 18 -19 20 -21 22 -23 -24 -25 -26 27 -28 -29 30 31 32 33 34 -35 36 37 38 39 40 41 42 43 44 45 -46 -47 48 -49 50
0x374018605b88b650 17933 1 2 -3 4 5 6 7 -8 -9 -10 11 12 13 14 -15 -16 17 18 -19 20 -21 22 -23 -24 -25 -26 27 -28 -29 30 31 32 33 34 -35 36 37 38 39 40 41 42 43 44 45 -46 -47 48 -49 50
0xfc6729db32b6217d 15475 1 2 -3 4 5 -6 7 -8 -9 -10 11 12 13 14 -15 -16 17 18 -19 20 -21 22 -23 -24 -25 -26 27 -28 -29 30 31 32 33 34 -35 36 37 38 39 40 41 42 43 44 45 -46 -47 48 -49 50
0x1c4c68b26a1e1d55 17933 1 2 -3 4 5 6 7 -8 -9 -10 11 12 13 14 -15 -16 17 18 -19 20 -21 22 -23 -24 -25 -26 27 -28 -29 30 31 32 33 34 -35 36 37 38 39 40 41 42 43 44 45 -46 -47 48 -49 50
0xb9246cc63827ddd5 17933 1 2 -3 4 5 6 7 -8 -9 -10 11 12 13 14 -15 -16 17 18 -19 20 -21 22 -23 -24 -25 -26 27 -28 -29 30 31 32 33 34 -35 36 37 38 39 40 41 42 43 44 45 -46 -47 48 -49 50
0x1a27562b6a0a4d23 17933 1 2 -3 4 5 6 7 -8 -9 -10 11 12 13 14 -15 -16 17 18 -19 20 -21 22 -23 -24 -25 -26 27 -28 -29 30 31 32 33 34 -35 36 37 38 39 40 41 42 43 44 45 -46 -47 48 -49 50
0xd89a34aa6dca1d05 17933 1 2 -3 4 5 6 7 -8 -9 -10 11 12 13 14 -15 -16 17 18 -19 20 -21 22 -23 -24 -25 -26 27 -28 -29 30 31 32 33 34 -35 36 37 38 39 40 41 42 43 44 45 -46 -47 48 -49 50
0x5e32bf40e38be866 17933 1 2 -3 4 5 6 7 -8 -9 -10 11 12 13 14 -15 -16 17 18 -19 20 -21 22 -23 -24 -25 -26 27 -28 -29 30 31 32 33 34 -35 36 37 38 39 40 41 42 43 44 45 -46 -47 48 -49 50
0x85835b9fe45064d6 17933 1 2 -3 4 5 6 7 -8 -9 -10 11 12 13 14 -15 -16 17 18 -19 20 -21 22 -23 -24 -25 -26 27 -28 -29 30 31 32 33 34 -35 36 37 38 39 40 41 42 43 44 45 -46 -47 48 -49 50
0x4c5d75aafa70a409 17933 1 2 -3 4 5 6 7 -8 -9 -10 11 12 13 14 -15 -16 17 18 -19 20 -21 22 -23 -24 -25 -26 27 -28 -29 30 31 32 33 34 -35 36 37 38 39 40 41 42 43 44 45 -46 -47 48 -49 50
0x9f5826fd2e706555 17933 1 2 -3 4 5 6 7 -8 -9 -10 11 12 13 14 -15 -16 17 18 -19 20 -21 22 -23 -24 -25 -26 27 -28 -29 30 31 32 33 34 -35 36 37 38 39 40 41 42 43 44 45 -46 -47 48 -49 50
0x54e92e6088fc7737 17933 1 2 -3 4 5 6 7 -8 -9 -10 11 12 13 14 -15 -16 17 18 -19 20 -21 22 -23 -24 -25 -26 27 -28 -29 30 31 32 33 34 -35 36 37 38 39 40 41 42 43 44 45 -46 -47 48 -49 50
0x75be3759012b28cc 17933 1 2 -3 4 5 6 7 -8 -9 -10 11 12 13 14 -15 -16 17 18 -19 20 -21 22 -23 -24 -25 -26 27 -28 -29 30 31 32 33 34 -35 36 37 38 39 40 41 42 43 44 45 -46 -47 48 -49 50