0xe2068487180e201b 42930 1 -2 3 -4 5 6 -7 -8 -9 -10 11 12 -13 14 15 16 17 -18 -19 -20 -21 22 -23 24 25 26 27 28 -29 30 -31 -32 33 34 35 36 -37 -38 39 40 -41 -42 43 44 45 -46 47 -48 49 50
0x5d11857da352209b 43459 1 -2 3 -4 5 6 -7 -8 -9 -10 11 12 -13 14 15 16 17 -18 -19 -20 -21 22 -23 24 25 26 27 28 -29 30 -31 -32 33 34 35 36 37 -38 39 40 -41 -42 43 44 45 -46 47 -48 49 50
0x11844bdd1fb9cfae 41541 1 -2 3 -4 5 6 -7 -8 -9 -10 11 12 -13 14 15 16 17 -18 -19 -20 -21 22 -23 24 25 26 27 28 -29 30 -31 -32 33 34 35 36 37 -38 39 40 -41 -42 43 44 45 -46 47 -48 49 -50
0xe60a62ba73af8ce3 43459 1 -2 3 -4 5 6 -7 -8 -9 -10 11 12 -13 14 15 16 17 -18 -19 -20 -21 22 -23 24 25 26 27 28 -29 30 -31 -32 33 34 35 36 37 -38 39 40 -41 -42 43 44 45 -46 47 -48 49 50
0x14070e3dc48f7d50 42930 1 -2 3 -4 5 6 -7 -8 -9 -10 11 12 -13 14 15 16 17 -18 -19 -20 -21 22 -23 24 25 26 27 28 -29 30 -31 -32 33 34 35 36 -37 -38 39 40 -41 -42 43 44 45 -46 47 -48 49 50
0x2394e726c231c10d 47359 1 2 3 -4 -5 -6 7 -8 -9 -10 11 -12 13 14 15 -16 -17 -18 -19 20 -21 22 23 24 -25 26 27 28 29 30 -31 -32 -33 34 -35 -36 37 38 -39 40 41 -42 43 44 -45 -46 47 -48 -49 50
0x298746476e1a38b6 47359 1 2 3 -4 -5 -6 7 -8 -9 -10 11 -12 13 14 15 -16 -17 -18 -19 20 -21 22 23 24 -25 26 27 28 29 30 -31 -32 -33 34 -35 -36 37 38 -39 40 41 -42 43 44 -45 -46 47 -48 -49 50
0x5566d7fc24811d87 43920 1 2 3 -4 -5 -6 -7 -8 -9 -10 11 -12 13 14 15 -16 -17 -18 -19 20 -21 22 23 24 -25 26 27 28 29 30 -31 -32 -33 34 -35 -36 37 38 -39 40 41 -42 43 44 -45 -46 47 -48 -49 50
0xea2451119b34d3d6 43920 1 2 3 -4 -5 -6 -7 -8 -9 -10 11 -12 13 14 15 -16 -17 -18 -19 20 -21 22 23 24 -25 26 27 28 29 30 -31 -32 -33 34 -35 -36 37 38 -39 40 41 -42 43 44 -45 -46 47 -48 -49 50
0xe939a966cc86faa8 43459 1 -2 3 -4 5 6 -7 -8 -9 -10 11 12 -13 14 15 16 17 -18 -19 -20 -21 22 -23 24 25 26 27 28 -29 30 -31 -32 33 34 35 36 37 -38 39 40 -41 -42 43 44 45 -46 47 -48 49 50
0x62a7ad48b8d311bf 43459 1 -2 3 -4 5 6 -7 -8 -9 -10 11 12 -13 14 15 16 17 -18 -19 -20 -21 22 -23 24 25 26 27 28 -29 30 -31 -32 33 34 35 36 37 -38 39 40 -41 -42 43 44 45 -46 47 -48 49 50
0x799712281729a8ad 43459 1 -2 3 -4 5 6 -7 -8 -9 -10 11 12 -13 14 15 16 17 -18 -19 -20 -21 22 -23 24 25 26 27 28 -29 30 -31 -32 33 34 35 36 37 -38 39 40 -41 -42 43 44 45 -46 47 -48 49 50
0x21d9bbf154613621 43459 1 -2 3 -4 5 6 -7 -8 -9 -10 11 12 -13 14 15 16 17 -18 -19 -20 -21 22 -23 24 25 26 27 28 -29 30 -31 -32 33 34 35 36 37 -38 39 40 -41 -42 43 44 45 -46 47 -48 49 50
0x9ca9dde2836f6f8e 43459 1 -2 3 -4 5 6 -7 -8 -9 -10 11 12 -13 14 15 16 17 -18 -19 -20 -21 22 -23 24 25 26 27 28 -29 30 -31 -32 33 34 35 36 37 -38 39 40 -41 -42 43 44 45 -46 47 -48 49 50
0xa3d22e1355cc36a8 47359 1 2 3 -4 -5 -6 7 -8 -9 -10 11 -12 13 14 15 -16 -17 -18 -19 20 -21 22 23 24 -25 26 27 28 29 30 -31 -32 -33 34 -35 -36 37 38 -39 40 41 -42 43 44 -45 -46 47 -48 -49 50
0xba68e8e7ba3716ec 47359 1 2 3 -4 -5 -6 7 -8 -9 -10 11 -12 13 14 15 -16 -17 -18 -19 20 -21 22 23 24 -25 26 27 28 29 30 -31 -32 -33 34 -35 -36 37 38 -39 40 41 -42 43 44 -45 -46 47 -48 -49 50
0x52f9c7b408275286 44207 1 2 3 -4 -5 -6 7 -8 -9 -10 11 -12 13 14 15 -16 -17 -18 -19 20 -21 22 23 24 -25 26 27 28 29 30 -31 -32 -33 34 -35 -36 37 38 -39 -40 41 -42 43 44 -45 -46 47 -48 -49 50
0x9d52f389c019ed21 43459 1 -2 3 -4 5 6 -7 -8 -9 -10 11 12 -13 14 15 16 17 -18 -19 -20 -21 22 -23 24 25 26 27 28 -29 30 -31 -32 33 34 35 36 37 -38 39 40 -41 -42 43 44 45 -46 47 -48 49 50
0x932cbdc03f9edf1e 43459 1 -2 3 -4 5 6 -7 -8 -9 -10 11 12 -13 14 15 16 17 -18 -19 -20 -21 22 -23 24 25 26 27 28 -29 30 -31 -32 33 34 35 36 37 -38 39 40 -41 -42 43 44 45 -46 47 -48 49 50
0xc3758d92e9574ea9 44207 1 2 3 -4 -5 -6 7 -8 -9 -10 11 -12 13 14 15 -16 -17 -18 -19 20 -21 22 23 24 -25 26 27 28 29 30 -31 -32 -33 34 -35 -36 37 38 -39 -40 41 -42 43 44 -45 -46 47 -48 -49 50
0x8f54d0f42421f491 43920 1 2 3 -4 -5 -6 -7 -8 -9 -10 11 -12 13 14 15 -16 -17 -18 -19 20 -21 22 23 24 -25 26 27 28 29 30 -31 -32 -33 34 -35 -36 37 38 -39 40 41 -42 43 44 -45 -46 47 -48 -49 50
0xfd465408785c5dc9 43459 1 -2 3 -4 5 6 -7 -8 -9 -10 11 12 -13 14 15 16 17 -18 -19 -20 -21 22 -23 24 25 26 27 28 -29 30 -31 -32 33 34 35 36 37 -38 39 40 -41 -42 43 44 45 -46 47 -48 49 50
0xbb9e8a7985a3ce8 47359 1 2 3 -4 -5 -6 7 -8 -9 -10 11 -12 13 14 15 -16 -17 -18 -19 20 -21 22 23 24 -25 26 27 28 29 30 -31 -32 -33 34 -35 -36 37 38 -39 40 41 -42 43 44 -45 -46 47 -48 -49 50
0x5da55de128e8cbab 43459 1 -2 3 -4 5 6 -7 -8 -9 -10 11 12 -13 14 15 16 17 -18 -19 -20 -21 22 -23 24 25 26 27 28 -29 30 -31 -32 33 34 35 36 37 -38 39 40 -41 -42 43 44 45 -46 47 -48 49 50
0xa2b6c77434f43c70 43459 1 -2 3 -4 5 6 -7 -8 -9 -10 11 12 -13 14 15 16 17 -18 -19 -20 -21 22 -23 24 25 26 27 28 -29 30 -31 -32 33 34 35 36 37 -38 39 40 -41 -42 43 44 45 -46 47 -48 49 50
0x9c151553e5a53bbb 43459 1 -2 3 -4 5 6 -7 -8 -9 -10 11 12 -13 14 15 16 17 -18 -19 -20 -21 22 -23 24 25 26 27 28 -29 30 -31 -32 33 34 35 36 37 -38 39 40 -41 -42 43 44 45 -46 47 -48 49 50
0x166e8dd17da86d72 43920 1 2 3 -4 -5 -6 -7 -8 -9 -10 11 -12 13 14 15 -16 -17 -18 -19 20 -21 22 23 24 -25 26 27 28 29 30 -31 -32 -33 34 -35 -36 37 38 -39 40 41 -42 43 44 -45 -46 47 -48 -49 50
0xc35a7d93be0c8cb4 43459 1 -2 3 -4 5 6 -7 -8 -9 -10 11 12 -13 14 15 16 17 -18 -19 -20 -21 22 -23 24 25 26 27 28 -29 30 -31 -32 33 34 35 36 37 -38 39 40 -41 -42 43 44 45 -46 47 -48 49 50
0xed9a58637bff8376 43459 1 -2 3 -4 5 6 -7 -8 -9 -10 11 12 -13 14 15 16 17 -18 -19 -20 -21 22 -23 24 25 26 27 28 -29 30 -31 -32 33 34 35 36 37 -38 39 40 -41 -42 43 44 45 -46 47 -48 49 50
0x8d0003dab5bbc4e4 47359 1 2 3 -4 -5 -6 7 -8 -9 -10 11 -12 13 14 15 -16 -17 -18 -19 20 -21 22 23 24 -25 26 27 28 29 30 -31 -32 -33 34 -35 -36 37 38 -39 40 41 -42 43 44 -45 -46 47 -48 -49 50