0x59936f1bb0f68e1 7396 -1 -2 -3 -4 5 -6 7 8 -9 10 11 -12 13 -14 15 16 -17 18 19 -20 -21 22 -23 -24 -25 26 -27 28 29 30 31 32 -33 -34 -35 -36 37 -38 39 40 -41 -42 43 44 45 -46 -47 48 -49 50
0x5bc1a9c7a4e5e450 9854 -1 -2 -3 -4 5 -6 7 8 -9 10 11 12 13 -14 15 16 -17 18 19 -20 -21 22 -23 -24 -25 26 -27 28 29 30 31 32 -33 -34 -35 -36 37 -38 39 40 -41 -42 43 44 45 -46 -47 48 -49 50
0x274b9ac1e3cf5633 7396 -1 -2 -3 -4 5 -6 7 8 -9 10 11 12 13 -14 15 16 -17 18 19 -20 -21 -22 -23 -24 -25 26 -27 28 29 30 31 32 -33 -34 -35 -36 37 -38 39 40 -41 -42 43 44 45 -46 -47 48 -49 50
0x36546fc5ac46aead 9854 -1 -2 -3 -4 5 -6 7 8 -9 10 11 12 13 -14 15 16 -17 18 19 -20 -21 22 -23 -24 -25 26 -27 28 29 30 31 32 -33 -34 -35 -36 37 -38 39 40 -41 -42 43 44 45 -46 -47 48 -49 50
0x8fbdc09eaffb13fb 9854 -1 -2 -3 -4 5 -6 7 8 -9 10 11 12 13 -14 15 16 -17 18 19 -20 -21 22 -23 -24 -25 26 -27 28 29 30 31 32 -33 -34 -35 -36 37 -38 39 40 -41 -42 43 44 45 -46 -47 48 -49 50
0x90a6f5fb07befbc3 7396 -1 -2 -3 -4 5 -6 7 8 -9 10 11 12 13 -14 15 16 -17 18 19 -20 -21 -22 -23 -24 -25 26 -27 28 29 30 31 32 -33 -34 -35 -36 37 -38 39 40 -41 -42 43 44 45 -46 -47 48 -49 50
0x490177a26779c2a1 9854 -1 -2 -3 -4 5 -6 7 8 -9 10 11 12 13 -14 15 16 -17 18 19 -20 -21 22 -23 -24 -25 26 -27 28 29 30 31 32 -33 -34 -35 -36 37 -38 39 40 -41 -42 43 44 45 -46 -47 48 -49 50
0xd69e45f921276df0 9854 -1 -2 -3 -4 5 -6 7 8 -9 10 11 12 13 -14 15 16 -17 18 19 -20 -21 22 -23 -24 -25 26 -27 28 29 30 31 32 -33 -34 -35 -36 37 -38 39 40 -41 -42 43 44 45 -46 -47 48 -49 50
0x929d1ab689e283d6 9854 -1 -2 -3 -4 5 -6 7 8 -9 10 11 12 13 -14 15 16 -17 18 19 -20 -21 22 -23 -24 -25 26 -27 28 29 30 31 32 -33 -34 -35 -36 37 -38 39 40 -41 -42 43 44 45 -46 -47 48 -49 50
0x576a6ce632f02593 9854 -1 -2 -3 -4 5 -6 7 8 -9 10 11 12 13 -14 15 16 -17 18 19 -20 -21 22 -23 -24 -25 26 -27 28 29 30 31 32 -33 -34 -35 -36 37 -38 39 40 -41 -42 43 44 45 -46 -47 48 -49 50
0x48baf41d0b0ed80b 9854 -1 -2 -3 -4 5 -6 7 8 -9 10 11 12 13 -14 15 16 -17 18 19 -20 -21 22 -23 -24 -25 26 -27 28 29 30 31 32 -33 -34 -35 -36 37 -38 39 40 -41 -42 43 44 45 -46 -47 48 -49 50
0x4a7086fc401ca692 7396 -1 -2 -3 -4 5 -6 7 8 -9 10 11 12 13 -14 15 16 -17 18 19 -20 -21 22 -23 -24 -25 26 -27 28 29 30 31 -32 -33 -34 -35 -36 37 -38 39 40 -41 -42 43 44 45 -46 -47 48 -49 50
0x824d70e8a8c98bf7 9854 -1 -2 -3 -4 5 -6 7 8 -9 10 11 12 13 -14 15 16 -17 18 19 -20 -21 22 -23 -24 -25 26 -27 28 29 30 31 32 -33 -34 -35 -36 37 -38 39 40 -41 -42 43 44 45 -46 -47 48 -49 50
0xc2109b088fb74dd3 9854 -1 -2 -3 -4 5 -6 7 8 -9 10 11 12 13 -14 15 16 -17 18 19 -20 -21 22 -23 -24 -25 26 -27 28 29 30 31 32 -33 -34 -35 -36 37 -38 39 40 -41 -42 43 44 45 -46 -47 48 -49 50
0xcf4624820f603614 9854 -1 -2 -3 -4 5 -6 7 8 -9 10 11 12 13 -14 15 16 -17 18 19 -20 -21 22 -23 -24 -25 26 -27 28 29 30 31 32 -33 -34 -35 -36 37 -38 39 40 -41 -42 43 44 45 -46 -47 48 -49 50
0x29e153860c644c4 9854 -1 -2 -3 -4 5 -6 7 8 -9 10 11 12 13 -14 15 16 -17 18 19 -20 -21 22 -23 -24 -25 26 -27 28 29 30 31 32 -33 -34 -35 -36 37 -38 39 40 -41 -42 43 44 45 -46 -47 48 -49 50
0x33850d982f23d913 4938 -1 -2 -3 -4 5 -6 7 8 -9 10 11 12 13 -14 15 16 -17 18 19 -20 -21 22 -23 -24 -25 26 -27 28 29 30 31 -32 -33 -34 -35 -36 37 -38 39 40 -41 -42 43 -44 45 -46 -47 48 -49 50
0x9f6d798d0211538a 9854 -1 -2 -3 -4 5 -6 7 8 -9 10 11 12 13 -14 15 16 -17 18 19 -20 -21 22 -23 -24 -25 26 -27 28 29 30 31 32 -33 -34 -35 -36 37 -38 39 40 -41 -42 43 44 45 -46 -47 48 -49 50
0xd34f0df788214a65 7396 -1 -2 -3 -4 5 -6 7 8 -9 10 11 12 13 -14 15 16 -17 18 19 -20 -21 22 -23 -24 -25 26 -27 28 29 30 31 -32 -33 -34 -35 -36 37 -38 39 40 -41 -42 43 44 45 -46 -47 48 -49 50
0xac285ae8791980c9 7396 -1 -2 -3 -4 5 -6 7 8 -9 10 11 12 13 -14 15 16 -17 18 19 -20 -21 22 -23 -24 -25 26 -27 28 29 30 31 32 -33 -34 -35 -36 37 -38 39 40 -41 -42 43 -44 45 -46 -47 48 -49 50
0x51d107aff547a6b3 9854 -1 -2 -3 -4 5 -6 7 8 -9 10 11 12 13 -14 15 16 -17 18 19 -20 -21 22 -23 -24 -25 26 -27 28 29 30 31 32 -33 -34 -35 -36 37 -38 39 40 -41 -42 43 44 45 -46 -47 48 -49 50
0x502e144a3c49d520 7396 -1 -2 -3 -4 5 -6 7 8 -9 10 11 12 13 -14 15 16 -17 18 19 -20 -21 22 -23 -24 -25 26 -27 28 29 30 31 -32 -33 -34 -35 -36 37 -38 39 40 -41 -42 43 44 45 -46 -47 48 -49 50
0x4b6d1bec57f2127e 7396 -1 -2 -3 -4 5 -6 7 8 -9 10 11 12 13 -14 15 16 -17 18 19 -20 -21 22 -23 -24 -25 26 -27 28 29 30 31 -32 -33 -34 -35 -36 37 -38 39 40 -41 -42 43 44 45 -46 -47 48 -49 50
0x579ad4e9450a6b53 4938 -1 -2 -3 -4 5 -6 7 8 -9 10 11 12 13 -14 15 16 -17 18 19 -20 -21 -22 -23 -24 -25 26 -27 28 29 30 31 32 -33 -34 -35 -36 37 -38 39 40 -41 -42 43 -44 45 -46 -47 48 -49 50
0x1c7449cb1a896b2c 7396 -1 -2 -3 -4 5 -6 7 8 -9 10 11 -12 13 -14 15 16 -17 18 19 -20 -21 22 -23 -24 -25 26 -27 28 29 30 31 32 -33 -34 -35 -36 37 -38 39 40 -41 -42 43 44 45 -46 -47 48 -49 50
0x4cf987ae407d01c9 9854 -1 -2 -3 -4 5 -6 7 8 -9 10 11 12 13 -14 15 16 -17 18 19 -20 -21 22 -23 -24 -25 26 -27 28 29 30 31 32 -33 -34 -35 -36 37 -38 39 40 -41 -42 43 44 45 -46 -47 48 -49 50
0xfc4bbdde8ed42087 9854 -1 -2 -3 -4 5 -6 7 8 -9 10 11 12 13 -14 15 16 -17 18 19 -20 -21 22 -23 -24 -25 26 -27 28 29 30 31 32 -33 -34 -35 -36 37 -38 39 40 -41 -42 43 44 45 -46 -47 48 -49 50
0x60000ab5117d9c0e 9854 -1 -2 -3 -4 5 -6 7 8 -9 10 11 12 13 -14 15 16 -17 18 19 -20 -21 22 -23 -24 -25 26 -27 28 29 30 31 32 -33 -34 -35 -36 37 -38 39 40 -41 -42 43 44 45 -46 -47 48 -49 50
0x388b71ada74d1e3c 9854 -1 -2 -3 -4 5 -6 7 8 -9 10 11 12 13 -14 15 16 -17 18 19 -20 -21 22 -23 -24 -25 26 -27 28 29 30 31 32 -33 -34 -35 -36 37 -38 39 40 -41 -42 43 44 45 -46 -47 48 -49 50
0x7c03b6cdfbfd3451 7396 -1 -2 -3 -4 5 -6 7 8 -9 10 11 12 13 -14 15 16 -17 18 19 -20 -21 22 -23 -24 -25 26 -27 28 29 30 31 32 -33 -34 -35 -36 37 -38 39 40 -41 -42 43 -44 45 -46 -47 48 -49 50