0x6ccf77f2d0eef43 7340 -1 -2 -3 -4 -5 6 7 -8 9 10 11 -12 -13 14 15 -16 -17 18 19 20 21 22 -23 24 25 -26 27 -28 29 30 31 32 33 34 -35 -36 -37 -38 -39 -40 -41 -42 43 44 45 -46 -47 48 -49 50
0xa5e13103cb856ad7 7340 -1 -2 -3 -4 -5 6 7 -8 9 10 11 -12 -13 14 15 -16 -17 18 19 20 21 22 -23 24 25 -26 27 -28 29 30 31 32 33 34 -35 -36 -37 -38 -39 -40 -41 -42 43 44 45 -46 -47 48 -49 50
0x64cc7c244345f04 7340 -1 -2 -3 -4 -5 6 7 -8 9 10 11 -12 -13 14 15 -16 -17 18 19 20 21 22 -23 24 25 -26 27 -28 29 30 31 32 33 34 -35 -36 -37 -38 -39 -40 -41 -42 43 44 45 -46 -47 48 -49 50
0x5a14043251921cec 7340 -1 -2 -3 -4 -5 6 7 -8 9 10 11 -12 -13 14 15 -16 -17 18 19 20 21 22 -23 24 25 -26 27 -28 29 30 31 32 33 34 -35 -36 -37 -38 -39 -40 -41 -42 43 44 45 -46 -47 48 -49 50
0xac9e9a553a3441c6 7340 -1 -2 -3 -4 -5 6 7 -8 9 10 11 -12 -13 14 15 -16 -17 18 19 20 21 22 -23 24 25 -26 27 -28 29 30 31 32 33 34 -35 -36 -37 -38 -39 -40 -41 -42 43 44 45 -46 -47 48 -49 50
0x884fb710075e0f0e 7340 -1 -2 -3 -4 -5 6 7 -8 9 10 11 -12 -13 14 15 -16 -17 18 19 20 21 22 -23 24 25 -26 27 -28 29 30 31 32 33 34 -35 -36 -37 -38 -39 -40 -41 -42 43 44 45 -46 -47 48 -49 50
0x3f9b4ec587830aeb 7340 -1 -2 -3 -4 -5 6 7 -8 9 10 11 -12 -13 14 15 -16 -17 18 19 20 21 22 -23 24 25 -26 27 -28 29 30 31 32 33 34 -35 -36 -37 -38 -39 -40 -41 -42 43 44 45 -46 -47 48 -49 50
0x8c18e933a33f74e1 7340 -1 -2 -3 -4 -5 6 7 -8 9 10 11 -12 -13 14 15 -16 -17 18 19 20 21 22 -23 24 25 -26 27 -28 29 30 31 32 33 34 -35 -36 -37 -38 -39 -40 -41 -42 43 44 45 -46 -47 48 -49 50
0xf920f41ff3bae8ec 7340 -1 -2 -3 -4 -5 6 7 -8 9 10 11 -12 -13 14 15 -16 -17 18 19 20 21 22 -23 24 25 -26 27 -28 29 30 31 32 33 34 -35 -36 -37 -38 -39 -40 -41 -42 43 44 45 -46 -47 48 -49 50
0x18375ec1f7ca1b31 7340 -1 -2 -3 -4 -5 6 7 -8 9 10 11 -12 -13 14 15 -16 -17 18 19 20 21 22 -23 24 25 -26 27 -28 29 30 31 32 33 34 -35 -36 -37 -38 -39 -40 -41 -42 43 44 45 -46 -47 48 -49 50
0x1c296e36df29b209 7340 -1 -2 -3 -4 -5 6 7 -8 9 10 11 -12 -13 14 15 -16 -17 18 19 20 21 22 -23 24 25 -26 27 -28 29 30 31 32 33 34 -35 -36 -37 -38 -39 -40 -41 -42 43 44 45 -46 -47 48 -49 50
0xfa249d84b4ed229b 7340 -1 -2 -3 -4 -5 6 7 -8 9 10 11 -12 -13 14 15 -16 -17 18 19 20 21 22 -23 24 25 -26 27 -28 29 30 31 32 33 34 -35 -36 -37 -38 -39 -40 -41 -42 43 44 45 -46 -47 48 -49 50
0xd53a5b8c4d12e50e 7340 -1 -2 -3 -4 -5 6 7 -8 9 10 11 -12 -13 14 15 -16 -17 18 19 20 21 22 -23 24 25 -26 27 -28 29 30 31 32 33 34 -35 -36 -37 -38 -39 -40 -41 -42 43 44 45 -46 -47 48 -49 50
0xacc447bf99133894 7340 -1 -2 -3 -4 -5 6 7 -8 9 10 11 -12 -13 14 15 -16 -17 18 19 20 21 22 -23 24 25 -26 27 -28 29 30 31 32 33 34 -35 -36 -37 -38 -39 -40 -41 -42 43 44 45 -46 -47 48 -49 50
0x980c9225591d69ba 7340 -1 -2 -3 -4 -5 6 7 -8 9 10 11 -12 -13 14 15 -16 -17 18 19 20 21 22 -23 24 25 -26 27 -28 29 30 31 32 33 34 -35 -36 -37 -38 -39 -40 -41 -42 43 44 45 -46 -47 48 -49 50
0x1ea51a8fd29006ee 6214 -1 -2 -3 -4 -5 6 7 -8 9 10 11 -12 -13 14 15 -16 -17 18 -19 20 21 22 -23 24 25 -26 27 -28 29 30 31 32 33 34 -35 -36 -37 -38 -39 -40 -41 -42 43 44 45 -46 -47 48 -49 50
0xdf952b1b864caf52 7340 -1 -2 -3 -4 -5 6 7 -8 9 10 11 -12 -13 14 15 -16 -17 18 19 20 21 22 -23 24 25 -26 27 -28 29 30 31 32 33 34 -35 -36 -37 -38 -39 -40 -41 -42 43 44 45 -46 -47 48 -49 50
0xa3bee9eb0b6867c0 7340 -1 -2 -3 -4 -5 6 7 -8 9 10 11 -12 -13 14 15 -16 -17 18 19 20 21 22 -23 24 25 -26 27 -28 29 30 31 32 33 34 -35 -36 -37 -38 -39 -40 -41 -42 43 44 45 -46 -47 48 -49 50
0x50d2de1f6aa5a21e 7340 -1 -2 -3 -4 -5 6 7 -8 9 10 11 -12 -13 14 15 -16 -17 18 19 20 21 22 -23 24 25 -26 27 -28 29 30 31 32 33 34 -35 -36 -37 -38 -39 -40 -41 -42 43 44 45 -46 -47 48 -49 50
0x7d192418ff5d62e4 7340 -1 -2 -3 -4 -5 6 7 -8 9 10 11 -12 -13 14 15 -16 -17 18 19 20 21 22 -23 24 25 -26 27 -28 29 30 31 32 33 34 -35 -36 -37 -38 -39 -40 -41 -42 43 44 45 -46 -47 48 -49 50
0xc0852cefc94130eb 7340 -1 -2 -3 -4 -5 6 7 -8 9 10 11 -12 -13 14 15 -16 -17 18 19 20 21 22 -23 24 25 -26 27 -28 29 30 31 32 33 34 -35 -36 -37 -38 -39 -40 -41 -42 43 44 45 -46 -47 48 -49 50
0x48322533b9efbb78 7340 -1 -2 -3 -4 -5 6 7 -8 9 10 11 -12 -13 14 15 -16 -17 18 19 20 21 22 -23 24 25 -26 27 -28 29 30 31 32 33 34 -35 -36 -37 -38 -39 -40 -41 -42 43 44 45 -46 -47 48 -49 50
0xbdcb5ee447f26288 7340 -1 -2 -3 -4 -5 6 7 -8 9 10 11 -12 -13 14 15 -16 -17 18 19 20 21 22 -23 24 25 -26 27 -28 29 30 31 32 33 34 -35 -36 -37 -38 -39 -40 -41 -42 43 44 45 -46 -47 48 -49 50
0xb7c55aad00a20d5e 7340 -1 -2 -3 -4 -5 6 7 -8 9 10 11 -12 -13 14 15 -16 -17 18 19 20 21 22 -23 24 25 -26 27 -28 29 30 31 32 33 34 -35 -36 -37 -38 -39 -40 -41 -42 43 44 45 -46 -47 48 -49 50
0xb0e94c65f1e5fb4c 7340 -1 -2 -3 -4 -5 6 7 -8 9 10 11 -12 -13 14 15 -16 -17 18 19 20 21 22 -23 24 25 -26 27 -28 29 30 31 32 33 34 -35 -36 -37 -38 -39 -40 -41 -42 43 44 45 -46 -47 48 -49 50
0xe0ce36c93dff7abe 7340 -1 -2 -3 -4 -5 6 7 -8 9 10 11 -12 -13 14 15 -16 -17 18 19 20 21 22 -23 24 25 -26 27 -28 29 30 31 32 33 34 -35 -36 -37 -38 -39 -40 -41 -42 43 44 45 -46 -47 48 -49 50
0x42affa7294e1b28d 7340 -1 -2 -3 -4 -5 6 7 -8 9 10 11 -12 -13 14 15 -16 -17 18 19 20 21 22 -23 24 25 -26 27 -28 29 30 31 32 33 34 -35 -36 -37 -38 -39 -40 -41 -42 43 44 45 -46 -47 48 -49 50
0x7e5f41e6a2ce982 7340 -1 -2 -3 -4 -5 6 7 -8 9 10 11 -12 -13 14 15 -16 -17 18 19 20 21 22 -23 24 25 -26 27 -28 29 30 31 32 33 34 -35 -36 -37 -38 -39 -40 -41 -42 43 44 45 -46 -47 48 -49 50
0x9e48061cbb08f828 7340 -1 -2 -3 -4 -5 6 7 -8 9 10 11 -12 -13 14 15 -16 -17 18 19 20 21 22 -23 24 25 -26 27 -28 29 30 31 32 33 34 -35 -36 -37 -38 -39 -40 -41 -42 43 44 45 -46 -47 48 -49 50
0x345a2917ee0ad0d7 7340 -1 -2 -3 -4 -5 6 7 -8 9 10 11 -12 -13 14 15 -16 -17 18 19 20 21 22 -23 24 25 -26 27 -28 29 30 31 32 33 34 -35 -36 -37 -38 -39 -40 -41 -42 43 44 45 -46 -47 48 -49 50