0x6f1c3b77fab1df83 43930 1 2 3 -4 5 6 7 -8 9 10 -11 12 13 -14 15 -16 -17 -18 19 -20 21 22 23 -24 25 -26 27 28 -29 -30 -31 32 33 34 -35 36 37 38 39 -40 -41 -42 43 -44 -45 46 -47 48 49 -50
0xc4b96ad3b7a4affa 45716 -1 2 3 -4 5 6 7 -8 9 10 -11 12 13 -14 15 -16 -17 -18 19 -20 21 22 23 -24 25 -26 27 -28 -29 -30 -31 32 33 34 -35 36 37 38 39 -40 -41 42 43 -44 -45 46 -47 48 49 -50
0x56cc09c1378f88b7 44470 1 2 3 -4 5 -6 7 -8 9 -10 -11 12 13 -14 15 16 -17 18 19 -20 21 22 23 -24 25 -26 -27 28 -29 -30 -31 32 33 34 -35 36 37 38 39 -40 -41 -42 43 -44 -45 46 -47 48 49 -50
0xeca910ec44418290 45007 1 2 3 -4 5 6 7 -8 9 10 -11 12 13 -14 15 -16 -17 18 19 -20 21 22 23 -24 25 -26 27 28 -29 -30 -31 32 33 34 -35 36 37 38 39 -40 -41 -42 43 -44 -45 46 -47 48 49 -50
0xc557dbf886b0c9f9 45596 1 2 3 -4 5 6 7 -8 9 -10 -11 12 13 -14 15 16 -17 18 19 -20 21 22 23 -24 25 -26 -27 28 -29 -30 -31 32 33 34 -35 36 37 38 39 -40 -41 -42 43 -44 -45 46 -47 48 49 -50
0x25f53c43774e8114 45808 1 2 3 -4 5 6 7 -8 9 10 -11 12 13 -14 15 -16 -17 -18 19 -20 21 22 23 -24 25 -26 27 -28 -29 -30 -31 32 33 34 -35 36 37 38 39 -40 -41 42 43 -44 -45 46 -47 48 49 -50
0x5302ced4985ec3f9 45007 1 2 3 -4 5 6 7 -8 9 10 -11 12 13 -14 15 -16 -17 18 19 -20 21 22 23 -24 25 -26 27 28 -29 -30 -31 32 33 34 -35 36 37 38 39 -40 -41 -42 43 -44 -45 46 -47 48 49 -50
0xad9331a8b4ef3b47 45808 1 2 3 -4 5 6 7 -8 9 10 -11 12 13 -14 15 -16 -17 -18 19 -20 21 22 23 -24 25 -26 27 -28 -29 -30 -31 32 33 34 -35 36 37 38 39 -40 -41 42 43 -44 -45 46 -47 48 49 -50
0xfedf6691a5525ab8 45528 -1 2 3 -4 5 6 7 -8 9 -10 -11 12 13 -14 15 16 -17 18 19 -20 21 22 23 -24 25 -26 27 28 -29 -30 -31 32 33 34 -35 36 37 38 39 -40 -41 -42 43 -44 -45 46 -47 48 49 -50
0x505c79e7661b59ac 46793 -1 2 3 -4 5 6 7 -8 9 10 -11 12 13 -14 15 -16 -17 18 19 -20 21 22 23 -24 25 -26 27 -28 -29 -30 -31 32 33 34 -35 36 37 38 39 -40 -41 42 43 -44 -45 46 -47 48 49 -50
0xa01dd4abad4057d6 44915 -1 2 3 -4 5 6 7 -8 9 10 -11 12 13 -14 15 -16 -17 18 19 -20 21 22 23 -24 25 -26 27 28 -29 -30 -31 32 33 34 -35 36 37 38 39 -40 -41 -42 43 -44 -45 46 -47 48 49 -50
0xc7e13fa3b8adc1db 45620 1 2 3 -4 5 6 7 -8 9 -10 -11 12 13 -14 15 16 -17 18 19 -20 21 22 23 -24 25 -26 27 28 -29 -30 -31 32 33 34 -35 36 37 38 39 -40 -41 -42 43 -44 -45 46 -47 48 49 -50
0xe5fc1cfb635e18d3 46885 1 2 3 -4 5 6 7 -8 9 10 -11 12 13 -14 15 -16 -17 18 19 -20 21 22 23 -24 25 -26 27 -28 -29 -30 -31 32 33 34 -35 36 37 38 39 -40 -41 42 43 -44 -45 46 -47 48 49 -50
0x8b020f9e607bdc7c 45528 -1 2 3 -4 5 6 7 -8 9 -10 -11 12 13 -14 15 16 -17 18 19 -20 21 22 23 -24 25 -26 27 28 -29 -30 -31 32 33 34 -35 36 37 38 39 -40 -41 -42 43 -44 -45 46 -47 48 49 -50
0x9ac5c3d9f4c31da1 45716 -1 2 3 -4 5 6 7 -8 9 10 -11 12 13 -14 15 -16 -17 -18 19 -20 21 22 23 -24 25 -26 27 -28 -29 -30 -31 32 33 34 -35 36 37 38 39 -40 -41 42 43 -44 -45 46 -47 48 49 -50
0xb0545ef56a256c5 44519 1 2 3 -4 5 6 7 -8 9 -10 -11 12 13 -14 15 16 -17 -18 19 -20 21 22 23 -24 25 -26 -27 28 -29 -30 -31 32 33 34 -35 36 37 38 39 -40 -41 -42 43 -44 -45 46 -47 48 49 -50
0xb93d9c24631d4420 46885 1 2 3 -4 5 6 7 -8 9 10 -11 12 13 -14 15 -16 -17 18 19 -20 21 22 23 -24 25 -26 27 -28 -29 -30 -31 32 33 34 -35 36 37 38 39 -40 -41 42 43 -44 -45 46 -47 48 49 -50
0xec5b362326ec70d6 46793 -1 2 3 -4 5 6 7 -8 9 10 -11 12 13 -14 15 -16 -17 18 19 -20 21 22 23 -24 25 -26 27 -28 -29 -30 -31 32 33 34 -35 36 37 38 39 -40 -41 42 43 -44 -45 46 -47 48 49 -50
0x1a2a025efcf0989d 46885 1 2 3 -4 5 6 7 -8 9 10 -11 12 13 -14 15 -16 -17 18 19 -20 21 22 23 -24 25 -26 27 -28 -29 -30 -31 32 33 34 -35 36 37 38 39 -40 -41 42 43 -44 -45 46 -47 48 49 -50
0x693e772f800ee4fc 45808 1 2 3 -4 5 6 7 -8 9 10 -11 12 13 -14 15 -16 -17 -18 19 -20 21 22 23 -24 25 -26 27 -28 -29 -30 -31 32 33 34 -35 36 37 38 39 -40 -41 42 43 -44 -45 46 -47 48 49 -50
0x86029295b8ccb853 44065 -1 2 3 -4 5 6 7 -8 9 -10 -11 12 13 -14 15 16 -17 18 19 -20 21 22 23 -24 25 -26 27 -28 -29 -30 -31 32 33 34 -35 36 37 38 39 -40 -41 -42 43 -44 -45 46 -47 48 49 -50
0xb1b8d3377bb4b2e 44519 1 2 3 -4 5 6 7 -8 9 -10 -11 12 13 -14 15 16 -17 -18 19 -20 21 22 23 -24 25 -26 -27 28 -29 -30 -31 32 33 34 -35 36 37 38 39 -40 -41 -42 43 -44 -45 46 -47 48 49 -50
0x656ddc831c7e87cb 44133 1 2 3 -4 5 6 7 -8 9 -10 -11 12 13 -14 15 16 -17 18 19 -20 21 22 23 -24 25 -26 -27 -28 -29 -30 -31 32 33 34 -35 36 37 38 39 -40 -41 -42 43 -44 -45 46 -47 48 49 -50
0x57d2605de71ecfea 44065 -1 2 3 -4 5 6 7 -8 9 -10 -11 12 13 -14 15 16 -17 18 19 -20 21 22 23 -24 25 -26 27 -28 -29 -30 -31 32 33 34 -35 36 37 38 39 -40 -41 -42 43 -44 -45 46 -47 48 49 -50
0x78d8d7afde0598d4 42426 -1 2 3 -4 5 -6 7 -8 9 -10 -11 12 13 -14 15 -16 -17 18 19 -20 21 22 23 -24 25 -26 27 28 -29 -30 -31 32 33 34 -35 36 37 38 39 -40 -41 -42 43 -44 -45 46 -47 48 49 -50
0xecf8f876d4c109af 45528 -1 2 3 -4 5 6 7 -8 9 -10 -11 12 13 -14 15 16 -17 18 19 -20 21 22 23 -24 25 -26 27 28 -29 -30 -31 32 33 34 -35 36 37 38 39 -40 -41 -42 43 -44 -45 46 -47 48 49 -50
0x4c94c6fde8b30801 45504 -1 2 3 -4 5 6 7 -8 9 -10 -11 12 13 -14 15 16 -17 18 19 -20 21 22 23 -24 25 -26 -27 28 -29 -30 -31 32 33 34 -35 36 37 38 39 -40 -41 -42 43 -44 -45 46 -47 48 49 -50
0xc66c0857f7645e82 46793 -1 2 3 -4 5 6 7 -8 9 10 -11 12 13 -14 15 -16 -17 18 19 -20 21 22 23 -24 25 -26 27 -28 -29 -30 -31 32 33 34 -35 36 37 38 39 -40 -41 42 43 -44 -45 46 -47 48 49 -50
0xafd9ec1ff094ea27 43301 -1 2 3 -4 5 -6 7 -8 9 -10 -11 12 13 -14 15 16 -17 -18 19 -20 21 22 23 -24 25 -26 -27 28 -29 -30 -31 32 33 34 -35 36 37 38 39 -40 -41 -42 43 -44 -45 46 -47 48 49 -50
0x7bab496f2a8df96b 45808 1 2 3 -4 5 6 7 -8 9 10 -11 12 13 -14 15 -16 -17 -18 19 -20 21 22 23 -24 25 -26 27 -28 -29 -30 -31 32 33 34 -35 36 37 38 39 -40 -41 42 43 -44 -45 46 -47 48 49 -50