0xf517ac9bf6c4d8cc 5650 1 2 3 4 -5 6 -7 8 9 10 -11 -12 13 14 -15 -16 17 18 -19 -20 -21 -22 -23 -24 -25 26 -27 -28 29 30 31 32 -33 -34 -35 36 37 38 -39 -40 -41 -42 43 44 -45 46 -47 48 -49 -50
0xf5e7149e9f0392b3 5650 1 2 3 4 -5 6 -7 8 9 10 -11 -12 13 14 -15 -16 17 18 -19 -20 -21 -22 -23 -24 -25 26 -27 -28 29 30 31 32 -33 -34 -35 36 37 38 -39 -40 -41 -42 43 44 -45 46 -47 48 -49 -50
0x9d3a20a44f9ad905 5650 1 2 3 4 -5 6 -7 8 9 10 -11 -12 13 14 -15 -16 17 18 -19 -20 -21 -22 -23 -24 -25 26 -27 -28 29 30 31 32 -33 -34 -35 36 37 38 -39 -40 -41 -42 43 44 -45 46 -47 48 -49 -50
0x55634c98ff1bbba6 5650 1 2 3 4 -5 6 -7 8 9 10 -11 -12 13 14 -15 -16 17 18 -19 -20 -21 -22 -23 -24 -25 26 -27 -28 29 30 31 32 -33 -34 -35 36 37 38 -39 -40 -41 -42 43 44 -45 46 -47 48 -49 -50
0x3d46c3d7e22b21ed 5650 1 2 3 4 -5 6 -7 8 9 10 -11 -12 13 14 -15 -16 17 18 -19 -20 -21 -22 -23 -24 -25 26 -27 -28 29 30 31 32 -33 -34 -35 36 37 38 -39 -40 -41 -42 43 44 -45 46 -47 48 -49 -50
0xdcac585a11e2f62 5650 1 2 3 4 -5 6 -7 8 9 10 -11 -12 13 14 -15 -16 17 18 -19 -20 -21 -22 -23 -24 -25 26 -27 -28 29 30 31 32 -33 -34 -35 36 37 38 -39 -40 -41 -42 43 44 -45 46 -47 48 -49 -50
0x454de4bf27ac0ca 5650 1 2 3 4 -5 6 -7 8 9 10 -11 -12 13 14 -15 -16 17 18 -19 -20 -21 -22 -23 -24 -25 26 -27 -28 29 30 31 32 -33 -34 -35 36 37 38 -39 -40 -41 -42 43 44 -45 46 -47 48 -49 -50
0x44cab5548dc91b71 5650 1 2 3 4 -5 6 -7 8 9 10 -11 -12 13 14 -15 -16 17 18 -19 -20 -21 -22 -23 -24 -25 26 -27 -28 29 30 31 32 -33 -34 -35 36 37 38 -39 -40 -41 -42 43 44 -45 46 -47 48 -49 -50
0x39660887fcc43ab8 5650 1 2 3 4 -5 6 -7 8 9 10 -11 -12 13 14 -15 -16 17 18 -19 -20 -21 -22 -23 -24 -25 26 -27 -28 29 30 31 32 -33 -34 -35 36 37 38 -39 -40 -41 -42 43 44 -45 46 -47 48 -49 -50
0x7458b4077b3a67df 5650 1 2 3 4 -5 6 -7 8 9 10 -11 -12 13 14 -15 -16 17 18 -19 -20 -21 -22 -23 -24 -25 26 -27 -28 29 30 31 32 -33 -34 -35 36 37 38 -39 -40 -41 -42 43 44 -45 46 -47 48 -49 -50
0xe966e0e921000814 5650 1 2 3 4 -5 6 -7 8 9 10 -11 -12 13 14 -15 -16 17 18 -19 -20 -21 -22 -23 -24 -25 26 -27 -28 29 30 31 32 -33 -34 -35 36 37 38 -39 -40 -41 -42 43 44 -45 46 -47 48 -49 -50
0x9382b733e372ccbc 5650 1 2 3 4 -5 6 -7 8 9 10 -11 -12 13 14 -15 -16 17 18 -19 -20 -21 -22 -23 -24 -25 26 -27 -28 29 30 31 32 -33 -34 -35 36 37 38 -39 -40 -41 -42 43 44 -45 46 -47 48 -49 -50
0xb7562f1ca773b200 5650 1 2 3 4 -5 6 -7 8 9 10 -11 -12 13 14 -15 -16 17 18 -19 -20 -21 -22 -23 -24 -25 26 -27 -28 29 30 31 32 -33 -34 -35 36 37 38 -39 -40 -41 -42 43 44 -45 46 -47 48 -49 -50
0x7ec4dd831fb2779c 5650 1 2 3 4 -5 6 -7 8 9 10 -11 -12 13 14 -15 -16 17 18 -19 -20 -21 -22 -23 -24 -25 26 -27 -28 29 30 31 32 -33 -34 -35 36 37 38 -39 -40 -41 -42 43 44 -45 46 -47 48 -49 -50
0xe08d7a8b7e57fe4 5650 1 2 3 4 -5 6 -7 8 9 10 -11 -12 13 14 -15 -16 17 18 -19 -20 -21 -22 -23 -24 -25 26 -27 -28 29 30 31 32 -33 -34 -35 36 37 38 -39 -40 -41 -42 43 44 -45 46 -47 48 -49 -50
0xf8630a346a554117 5650 1 2 3 4 -5 6 -7 8 9 10 -11 -12 13 14 -15 -16 17 18 -19 -20 -21 -22 -23 -24 -25 26 -27 -28 29 30 31 32 -33 -34 -35 36 37 38 -39 -40 -41 -42 43 44 -45 46 -47 48 -49 -50
0x3a89f65543ab4e9 5650 1 2 3 4 -5 6 -7 8 9 10 -11 -12 13 14 -15 -16 17 18 -19 -20 -21 -22 -23 -24 -25 26 -27 -28 29 30 31 32 -33 -34 -35 36 37 38 -39 -40 -41 -42 43 44 -45 46 -47 48 -49 -50
0xf6845097dd14724c 5650 1 2 3 4 -5 6 -7 8 9 10 -11 -12 13 14 -15 -16 17 18 -19 -20 -21 -22 -23 -24 -25 26 -27 -28 29 30 31 32 -33 -34 -35 36 37 38 -39 -40 -41 -42 43 44 -45 46 -47 48 -49 -50
0x184bbefca7865d7e 5650 1 2 3 4 -5 6 -7 8 9 10 -11 -12 13 14 -15 -16 17 18 -19 -20 -21 -22 -23 -24 -25 26 -27 -28 29 30 31 32 -33 -34 -35 36 37 38 -39 -40 -41 -42 43 44 -45 46 -47 48 -49 -50
0x8a0e2f958dd41a58 5650 1 2 3 4 -5 6 -7 8 9 10 -11 -12 13 14 -15 -16 17 18 -19 -20 -21 -22 -23 -24 -25 26 -27 -28 29 30 31 32 -33 -34 -35 36 37 38 -39 -40 -41 -42 43 44 -45 46 -47 48 -49 -50
0x8a43467012ceacd5 5650 1 2 3 4 -5 6 -7 8 9 10 -11 -12 13 14 -15 -16 17 18 -19 -20 -21 -22 -23 -24 -25 26 -27 -28 29 30 31 32 -33 -34 -35 36 37 38 -39 -40 -41 -42 43 44 -45 46 -47 48 -49 -50
0x767d9d25d061f3e2 5650 1 2 3 4 -5 6 -7 8 9 10 -11 -12 13 14 -15 -16 17 18 -19 -20 -21 -22 -23 -24 -25 26 -27 -28 29 30 31 32 -33 -34 -35 36 37 38 -39 -40 -41 -42 43 44 -45 46 -47 48 -49 -50
0x755271617fecc755 5650 1 2 3 4 -5 6 -7 8 9 10 -11 -12 13 14 -15 -16 17 18 -19 -20 -21 -22 -23 -24 -25 26 -27 -28 29 30 31 32 -33 -34 -35 36 37 38 -39 -40 -41 -42 43 44 -45 46 -47 48 -49 -50
0x2aa89192a7e491ec 5650 1 2 3 4 -5 6 -7 8 9 10 -11 -12 13 14 -15 -16 17 18 -19 -20 -21 -22 -23 -24 -25 26 -27 -28 29 30 31 32 -33 -34 -35 36 37 38 -39 -40 -41 -42 43 44 -45 46 -47 48 -49 -50
0x3517a064d2242127 5650 1 2 3 4 -5 6 -7 8 9 10 -11 -12 13 14 -15 -16 17 18 -19 -20 -21 -22 -23 -24 -25 26 -27 -28 29 30 31 32 -33 -34 -35 36 37 38 -39 -40 -41 -42 43 44 -45 46 -47 48 -49 -50
0x8a9d8e47f8c56dee 5650 1 2 3 4 -5 6 -7 8 9 10 -11 -12 13 14 -15 -16 17 18 -19 -20 -21 -22 -23 -24 -25 26 -27 -28 29 30 31 32 -33 -34 -35 36 37 38 -39 -40 -41 -42 43 44 -45 46 -47 48 -49 -50
0x65fa198e9a60466b 5650 1 2 3 4 -5 6 -7 8 9 10 -11 -12 13 14 -15 -16 17 18 -19 -20 -21 -22 -23 -24 -25 26 -27 -28 29 30 31 32 -33 -34 -35 36 37 38 -39 -40 -41 -42 43 44 -45 46 -47 48 -49 -50
0x62040d0cf3661e76 5650 1 2 3 4 -5 6 -7 8 9 10 -11 -12 13 14 -15 -16 17 18 -19 -20 -21 -22 -23 -24 -25 26 -27 -28 29 30 31 32 -33 -34 -35 36 37 38 -39 -40 -41 -42 43 44 -45 46 -47 48 -49 -50
0xc9f8fbf1c9acb443 5650 1 2 3 4 -5 6 -7 8 9 10 -11 -12 13 14 -15 -16 17 18 -19 -20 -21 -22 -23 -24 -25 26 -27 -28 29 30 31 32 -33 -34 -35 36 37 38 -39 -40 -41 -42 43 44 -45 46 -47 48 -49 -50
0xf982f6e1ad63554a 5650 1 2 3 4 -5 6 -7 8 9 10 -11 -12 13 14 -15 -16 17 18 -19 -20 -21 -22 -23 -24 -25 26 -27 -28 29 30 31 32 -33 -34 -35 36 37 38 -39 -40 -41 -42 43 44 -45 46 -47 48 -49 -50