0x5b00e7ca7dcc6bc 33400 -1 2 -3 -4 5 6 7 8 -9 -10 11 -12 13 -14 -15 16 -17 18 19 -20 21 -22 23 -24 25 -26 -27 28 -29 30 31 -32 33 -34 -35 36 37 -38 -39 -40 41 42 43 44 -45 -46 47 -48 49 -50
0x12205d677e104a92 33400 -1 2 -3 -4 5 6 7 8 -9 -10 11 -12 13 -14 -15 16 -17 18 19 -20 21 -22 23 -24 25 -26 -27 28 -29 30 31 -32 33 -34 -35 36 37 -38 -39 -40 41 42 43 44 -45 -46 47 -48 49 -50
0x5db837d802703c25 33400 -1 2 -3 -4 5 6 7 8 -9 -10 11 -12 13 -14 -15 16 -17 18 19 -20 21 -22 23 -24 25 -26 -27 28 -29 30 31 -32 33 -34 -35 36 37 -38 -39 -40 41 42 43 44 -45 -46 47 -48 49 -50
0x82927103b97eab76 33400 -1 2 -3 -4 5 6 7 8 -9 -10 11 -12 13 -14 -15 16 -17 18 19 -20 21 -22 23 -24 25 -26 -27 28 -29 30 31 -32 33 -34 -35 36 37 -38 -39 -40 41 42 43 44 -45 -46 47 -48 49 -50
0x99e292baefb8e5b2 33400 -1 2 -3 -4 5 6 7 8 -9 -10 11 -12 13 -14 -15 16 -17 18 19 -20 21 -22 23 -24 25 -26 -27 28 -29 30 31 -32 33 -34 -35 36 37 -38 -39 -40 41 42 43 44 -45 -46 47 -48 49 -50
0xa73a82a6163bb62d 33400 -1 2 -3 -4 5 6 7 8 -9 -10 11 -12 13 -14 -15 16 -17 18 19 -20 21 -22 23 -24 25 -26 -27 28 -29 30 31 -32 33 -34 -35 36 37 -38 -39 -40 41 42 43 44 -45 -46 47 -48 49 -50
0x61f09e9e2d88218b 33400 -1 2 -3 -4 5 6 7 8 -9 -10 11 -12 13 -14 -15 16 -17 18 19 -20 21 -22 23 -24 25 -26 -27 28 -29 30 31 -32 33 -34 -35 36 37 -38 -39 -40 41 42 43 44 -45 -46 47 -48 49 -50
0xcd5ea4e9edef931 33400 -1 2 -3 -4 5 6 7 8 -9 -10 11 -12 13 -14 -15 16 -17 18 19 -20 21 -22 23 -24 25 -26 -27 28 -29 30 31 -32 33 -34 -35 36 37 -38 -39 -40 41 42 43 44 -45 -46 47 -48 49 -50
0xdf438a0e1e2fd2eb 33400 -1 2 -3 -4 5 6 7 8 -9 -10 11 -12 13 -14 -15 16 -17 18 19 -20 21 -22 23 -24 25 -26 -27 28 -29 30 31 -32 33 -34 -35 36 37 -38 -39 -40 41 42 43 44 -45 -46 47 -48 49 -50
0x14a206f6dfb230df 33400 -1 2 -3 -4 5 6 7 8 -9 -10 11 -12 13 -14 -15 16 -17 18 19 -20 21 -22 23 -24 25 -26 -27 28 -29 30 31 -32 33 -34 -35 36 37 -38 -39 -40 41 42 43 44 -45 -46 47 -48 49 -50
0xd2c4184aa645e5b2 33400 -1 2 -3 -4 5 6 7 8 -9 -10 11 -12 13 -14 -15 16 -17 18 19 -20 21 -22 23 -24 25 -26 -27 28 -29 30 31 -32 33 -34 -35 36 37 -38 -39 -40 41 42 43 44 -45 -46 47 -48 49 -50
0x3101ee095eea00f9 33400 -1 2 -3 -4 5 6 7 8 -9 -10 11 -12 13 -14 -15 16 -17 18 19 -20 21 -22 23 -24 25 -26 -27 28 -29 30 31 -32 33 -34 -35 36 37 -38 -39 -40 41 42 43 44 -45 -46 47 -48 49 -50
0x333138cada37cfe2 33400 -1 2 -3 -4 5 6 7 8 -9 -10 11 -12 13 -14 -15 16 -17 18 19 -20 21 -22 23 -24 25 -26 -27 28 -29 30 31 -32 33 -34 -35 36 37 -38 -39 -40 41 42 43 44 -45 -46 47 -48 49 -50
0x31a16ae30319be23 33400 -1 2 -3 -4 5 6 7 8 -9 -10 11 -12 13 -14 -15 16 -17 18 19 -20 21 -22 23 -24 25 -26 -27 28 -29 30 31 -32 33 -34 -35 36 37 -38 -39 -40 41 42 43 44 -45 -46 47 -48 49 -50
0x136aeeb5c22c2324 33400 -1 2 -3 -4 5 6 7 8 -9 -10 11 -12 13 -14 -15 16 -17 18 19 -20 21 -22 23 -24 25 -26 -27 28 -29 30 31 -32 33 -34 -35 36 37 -38 -39 -40 41 42 43 44 -45 -46 47 -48 49 -50
0xd7e34e57ab984768 33400 -1 2 -3 -4 5 6 7 8 -9 -10 11 -12 13 -14 -15 16 -17 18 19 -20 21 -22 23 -24 25 -26 -27 28 -29 30 31 -32 33 -34 -35 36 37 -38 -39 -40 41 42 43 44 -45 -46 47 -48 49 -50
0x102788690a082e42 33400 -1 2 -3 -4 5 6 7 8 -9 -10 11 -12 13 -14 -15 16 -17 18 19 -20 21 -22 23 -24 25 -26 -27 28 -29 30 31 -32 33 -34 -35 36 37 -38 -39 -40 41 42 43 44 -45 -46 47 -48 49 -50
0x37a90e2ec8cbefb5 33400 -1 2 -3 -4 5 6 7 8 -9 -10 11 -12 13 -14 -15 16 -17 18 19 -20 21 -22 23 -24 25 -26 -27 28 -29 30 31 -32 33 -34 -35 36 37 -38 -39 -40 41 42 43 44 -45 -46 47 -48 49 -50
0xebc126f4e9afaeac 33400 -1 2 -3 -4 5 6 7 8 -9 -10 11 -12 13 -14 -15 16 -17 18 19 -20 21 -22 23 -24 25 -26 -27 28 -29 30 31 -32 33 -34 -35 36 37 -38 -39 -40 41 42 43 44 -45 -46 47 -48 49 -50
0x2bc1b4a46493775b 33400 -1 2 -3 -4 5 6 7 8 -9 -10 11 -12 13 -14 -15 16 -17 18 19 -20 21 -22 23 -24 25 -26 -27 28 -29 30 31 -32 33 -34 -35 36 37 -38 -39 -40 41 42 43 44 -45 -46 47 -48 49 -50
0x5e09959f9fd491f5 33400 -1 2 -3 -4 5 6 7 8 -9 -10 11 -12 13 -14 -15 16 -17 18 19 -20 21 -22 23 -24 25 -26 -27 28 -29 30 31 -32 33 -34 -35 36 37 -38 -39 -40 41 42 43 44 -45 -46 47 -48 49 -50
0x608e1fe3c5421590 33400 -1 2 -3 -4 5 6 7 8 -9 -10 11 -12 13 -14 -15 16 -17 18 19 -20 21 -22 23 -24 25 -26 -27 28 -29 30 31 -32 33 -34 -35 36 37 -38 -39 -40 41 42 43 44 -45 -46 47 -48 49 -50
0x43fe5093110eea65 33400 -1 2 -3 -4 5 6 7 8 -9 -10 11 -12 13 -14 -15 16 -17 18 19 -20 21 -22 23 -24 25 -26 -27 28 -29 30 31 -32 33 -34 -35 36 37 -38 -39 -40 41 42 43 44 -45 -46 47 -48 49 -50
0x983be1d75fcbda90 33400 -1 2 -3 -4 5 6 7 8 -9 -10 11 -12 13 -14 -15 16 -17 18 19 -20 21 -22 23 -24 25 -26 -27 28 -29 30 31 -32 33 -34 -35 36 37 -38 -39 -40 41 42 43 44 -45 -46 47 -48 49 -50
0x68a0068d143bef68 33400 -1 2 -3 -4 5 6 7 8 -9 -10 11 -12 13 -14 -15 16 -17 18 19 -20 21 -22 23 -24 25 -26 -27 28 -29 30 31 -32 33 -34 -35 36 37 -38 -39 -40 41 42 43 44 -45 -46 47 -48 49 -50
0x742d4449c633d091 33400 -1 2 -3 -4 5 6 7 8 -9 -10 11 -12 13 -14 -15 16 -17 18 19 -20 21 -22 23 -24 25 -26 -27 28 -29 30 31 -32 33 -34 -35 36 37 -38 -39 -40 41 42 43 44 -45 -46 47 -48 49 -50
0x3da67358dd51345c 33400 -1 2 -3 -4 5 6 7 8 -9 -10 11 -12 13 -14 -15 16 -17 18 19 -20 21 -22 23 -24 25 -26 -27 28 -29 30 31 -32 33 -34 -35 36 37 -38 -39 -40 41 42 43 44 -45 -46 47 -48 49 -50
0xc07784b5c6479413 33400 -1 2 -3 -4 5 6 7 8 -9 -10 11 -12 13 -14 -15 16 -17 18 19 -20 21 -22 23 -24 25 -26 -27 28 -29 30 31 -32 33 -34 -35 36 37 -38 -39 -40 41 42 43 44 -45 -46 47 -48 49 -50
0xa140274889ac6e84 33400 -1 2 -3 -4 5 6 7 8 -9 -10 11 -12 13 -14 -15 16 -17 18 19 -20 21 -22 23 -24 25 -26 -27 28 -29 30 31 -32 33 -34 -35 36 37 -38 -39 -40 41 42 43 44 -45 -46 47 -48 49 -50
0x63be2864cdc1c4cc 33400 -1 2 -3 -4 5 6 7 8 -9 -10 11 -12 13 -14 -15 16 -17 18 19 -20 21 -22 23 -24 25 -26 -27 28 -29 30 31 -32 33 -34 -35 36 37 -38 -39 -40 41 42 43 44 -45 -46 47 -48 49 -50