0x62927da2018bebac 35884 1 -2 3 4 5 6 7 8 9 10 11 12 13 -14 -15 -16 17 -18 19 -20 21 -22 23 -24 25 -26 27 -28 29 -30 31 32 -33 -34 -35 36 37 38 39 -40 -41 42 43 44 45 46 47 -48 -49 -50
0xef447198fc54cb5a 35198 1 2 3 4 5 6 7 -8 -9 10 -11 12 13 14 15 16 17 -18 19 -20 -21 22 -23 -24 -25 26 27 -28 -29 30 -31 -32 -33 -34 35 -36 37 38 39 -40 41 42 -43 44 45 -46 47 48 49 50
0x178bdd578b1b43b3 35884 1 -2 3 4 5 6 7 8 9 10 11 12 13 -14 -15 -16 17 -18 19 -20 21 -22 23 -24 25 -26 27 -28 29 -30 31 32 -33 -34 -35 36 37 38 39 -40 -41 42 43 44 45 46 47 -48 -49 -50
0xc48c788b4b1a43c7 35884 1 -2 3 4 5 6 7 8 9 10 11 12 13 -14 -15 -16 17 -18 19 -20 21 -22 23 -24 25 -26 27 -28 29 -30 31 32 -33 -34 -35 36 37 38 39 -40 -41 42 43 44 45 46 47 -48 -49 -50
0x3050180e2ace9b43 35198 1 2 3 4 5 6 7 -8 -9 10 -11 12 13 14 15 16 17 -18 19 -20 -21 22 -23 -24 -25 26 27 -28 -29 30 -31 -32 -33 -34 35 -36 37 38 39 -40 41 42 -43 44 45 -46 47 48 49 50
0xc0f88ac9ed6fac1e 35198 1 2 3 4 5 6 7 -8 -9 10 -11 12 13 14 15 16 17 -18 19 -20 -21 22 -23 -24 -25 26 27 -28 -29 30 -31 -32 -33 -34 35 -36 37 38 39 -40 41 42 -43 44 45 -46 47 48 49 50
0xf0dd9fcce3052c88 34439 1 2 3 4 5 6 7 -8 -9 10 -11 12 13 14 15 16 17 -18 19 -20 -21 22 -23 -24 -25 -26 27 -28 -29 30 -31 -32 -33 -34 35 36 37 38 39 -40 41 42 -43 44 45 -46 47 48 49 50
0x976311a8ddc10510 35884 1 -2 3 4 5 6 7 8 9 10 11 12 13 -14 -15 -16 17 -18 19 -20 21 -22 23 -24 25 -26 27 -28 29 -30 31 32 -33 -34 -35 36 37 38 39 -40 -41 42 43 44 45 46 47 -48 -49 -50
0x4545530f66569714 35198 1 2 3 4 5 6 7 -8 -9 10 -11 12 13 14 15 16 17 -18 19 -20 -21 22 -23 -24 -25 26 27 -28 -29 30 -31 -32 -33 -34 35 -36 37 38 39 -40 41 42 -43 44 45 -46 47 48 49 50
0x37ab78abb186f76e 35884 1 -2 3 4 5 6 7 8 9 10 11 12 13 -14 -15 -16 17 -18 19 -20 21 -22 23 -24 25 -26 27 -28 29 -30 31 32 -33 -34 -35 36 37 38 39 -40 -41 42 43 44 45 46 47 -48 -49 -50
0xb4b7bc430543e95d 35884 1 -2 3 4 5 6 7 8 9 10 11 12 13 -14 -15 -16 17 -18 19 -20 21 -22 23 -24 25 -26 27 -28 29 -30 31 32 -33 -34 -35 36 37 38 39 -40 -41 42 43 44 45 46 47 -48 -49 -50
0xfbd7550c03e1a5b2 35884 1 -2 3 4 5 6 7 8 9 10 11 12 13 -14 -15 -16 17 -18 19 -20 21 -22 23 -24 25 -26 27 -28 29 -30 31 32 -33 -34 -35 36 37 38 39 -40 -41 42 43 44 45 46 47 -48 -49 -50
0x98f5a14bb411ba3c 35884 1 -2 3 4 5 6 7 8 9 10 11 12 13 -14 -15 -16 17 -18 19 -20 21 -22 23 -24 25 -26 27 -28 29 -30 31 32 -33 -34 -35 36 37 38 39 -40 -41 42 43 44 45 46 47 -48 -49 -50
0x1d35dd355d0f8d75 35198 1 2 3 4 5 6 7 -8 -9 10 -11 12 13 14 15 16 17 -18 19 -20 -21 22 -23 -24 -25 26 27 -28 -29 30 -31 -32 -33 -34 35 -36 37 38 39 -40 41 42 -43 44 45 -46 47 48 49 50
0x7f31e30043c1526e 35884 1 -2 3 4 5 6 7 8 9 10 11 12 13 -14 -15 -16 17 -18 19 -20 21 -22 23 -24 25 -26 27 -28 29 -30 31 32 -33 -34 -35 36 37 38 39 -40 -41 42 43 44 45 46 47 -48 -49 -50
0xa933b0489fd678f8 35884 1 -2 3 4 5 6 7 8 9 10 11 12 13 -14 -15 -16 17 -18 19 -20 21 -22 23 -24 25 -26 27 -28 29 -30 31 32 -33 -34 -35 36 37 38 39 -40 -41 42 43 44 45 46 47 -48 -49 -50
0xbab2acab6b5ee614 35884 1 -2 3 4 5 6 7 8 9 10 11 12 13 -14 -15 -16 17 -18 19 -20 21 -22 23 -24 25 -26 27 -28 29 -30 31 32 -33 -34 -35 36 37 38 39 -40 -41 42 43 44 45 46 47 -48 -49 -50
0xeccced9bf434809d 35198 1 2 3 4 5 6 7 -8 -9 10 -11 12 13 14 15 16 17 -18 19 -20 -21 22 -23 -24 -25 26 27 -28 -29 30 -31 -32 -33 -34 35 -36 37 38 39 -40 41 42 -43 44 45 -46 47 48 49 50
0xccbff38ad91ade35 35884 1 -2 3 4 5 6 7 8 9 10 11 12 13 -14 -15 -16 17 -18 19 -20 21 -22 23 -24 25 -26 27 -28 29 -30 31 32 -33 -34 -35 36 37 38 39 -40 -41 42 43 44 45 46 47 -48 -49 -50
0x4cb9c37acef1c6d 35884 1 -2 3 4 5 6 7 8 9 10 11 12 13 -14 -15 -16 17 -18 19 -20 21 -22 23 -24 25 -26 27 -28 29 -30 31 32 -33 -34 -35 36 37 38 39 -40 -41 42 43 44 45 46 47 -48 -49 -50
0x58ad465434e43239 35884 1 -2 3 4 5 6 7 8 9 10 11 12 13 -14 -15 -16 17 -18 19 -20 21 -22 23 -24 25 -26 27 -28 29 -30 31 32 -33 -34 -35 36 37 38 39 -40 -41 42 43 44 45 46 47 -48 -49 -50
0xf0406258c3d64593 35884 1 -2 3 4 5 6 7 8 9 10 11 12 13 -14 -15 -16 17 -18 19 -20 21 -22 23 -24 25 -26 27 -28 29 -30 31 32 -33 -34 -35 36 37 38 39 -40 -41 42 43 44 45 46 47 -48 -49 -50
0xe60cecaac879d16d 35884 1 -2 3 4 5 6 7 8 9 10 11 12 13 -14 -15 -16 17 -18 19 -20 21 -22 23 -24 25 -26 27 -28 29 -30 31 32 -33 -34 -35 36 37 38 39 -40 -41 42 43 44 45 46 47 -48 -49 -50
0x29e38cf03ed1a7dd 35884 1 -2 3 4 5 6 7 8 9 10 11 12 13 -14 -15 -16 17 -18 19 -20 21 -22 23 -24 25 -26 27 -28 29 -30 31 32 -33 -34 -35 36 37 38 39 -40 -41 42 43 44 45 46 47 -48 -49 -50
0xb65a56ad63291c84 35884 1 -2 3 4 5 6 7 8 9 10 11 12 13 -14 -15 -16 17 -18 19 -20 21 -22 23 -24 25 -26 27 -28 29 -30 31 32 -33 -34 -35 36 37 38 39 -40 -41 42 43 44 45 46 47 -48 -49 -50
0x6c4c67221e0de340 35198 1 2 3 4 5 6 7 -8 -9 10 -11 12 13 14 15 16 17 -18 19 -20 -21 22 -23 -24 -25 26 27 -28 -29 30 -31 -32 -33 -34 35 -36 37 38 39 -40 41 42 -43 44 45 -46 47 48 49 50
0x6ea9dc6709af6f13 35884 1 -2 3 4 5 6 7 8 9 10 11 12 13 -14 -15 -16 17 -18 19 -20 21 -22 23 -24 25 -26 27 -28 29 -30 31 32 -33 -34 -35 36 37 38 39 -40 -41 42 43 44 45 46 47 -48 -49 -50
0xdc2ce1c859dfdd52 35884 1 -2 3 4 5 6 7 8 9 10 11 12 13 -14 -15 -16 17 -18 19 -20 21 -22 23 -24 25 -26 27 -28 29 -30 31 32 -33 -34 -35 36 37 38 39 -40 -41 42 43 44 45 46 47 -48 -49 -50
0x492bcd5e14f4b912 35198 1 2 3 4 5 6 7 -8 -9 10 -11 12 13 14 15 16 17 -18 19 -20 -21 22 -23 -24 -25 26 27 -28 -29 30 -31 -32 -33 -34 35 -36 37 38 39 -40 41 42 -43 44 45 -46 47 48 49 50
0x62ff8aedf53422cf 35884 1 -2 3 4 5 6 7 8 9 10 11 12 13 -14 -15 -16 17 -18 19 -20 21 -22 23 -24 25 -26 27 -28 29 -30 31 32 -33 -34 -35 36 37 38 39 -40 -41 42 43 44 45 46 47 -48 -49 -50