0x7167ea127751b973 3419 -1 -2 3 -4 5 6 -7 8 -9 10 11 -12 13 -14 15 16 17 -18 -19 -20
0x628f2be3c7962537 3419 -1 -2 3 -4 5 6 -7 8 -9 10 11 -12 13 -14 15 16 17 -18 -19 -20
0x49f8f8929b71b8e9 3419 -1 -2 3 -4 5 6 -7 8 -9 10 11 -12 13 -14 15 16 17 -18 -19 -20
0x14723eb2c17f7765 3419 -1 -2 3 -4 5 6 -7 8 -9 10 11 -12 13 -14 15 16 17 -18 -19 -20
0xb65fd2cfd2122e23 3419 -1 -2 3 -4 5 6 -7 8 -9 10 11 -12 13 -14 15 16 17 -18 -19 -20
0xa427090015c0e3ee 3419 -1 -2 3 -4 5 6 -7 8 -9 10 11 -12 13 -14 15 16 17 -18 -19 -20
0x83568f353357a4c4 3419 -1 -2 3 -4 5 6 -7 8 -9 10 11 -12 13 -14 15 16 17 -18 -19 -20
0xd2063ebc357eecea 3419 -1 -2 3 -4 5 6 -7 8 -9 10 11 -12 13 -14 15 16 17 -18 -19 -20
0x8ee0be987fc8bae 3419 -1 -2 3 -4 5 6 -7 8 -9 10 11 -12 13 -14 15 16 17 -18 -19 -20
0xc618ea13b9a9f706 3419 -1 -2 3 -4 5 6 -7 8 -9 10 11 -12 13 -14 15 16 17 -18 -19 -20
0xa4238ae121de26ae 3419 -1 -2 3 -4 5 6 -7 8 -9 10 11 -12 13 -14 15 16 17 -18 -19 -20
0x403531ccf364a1a3 3419 -1 -2 3 -4 5 6 -7 8 -9 10 11 -12 13 -14 15 16 17 -18 -19 -20
0x8d6757a796831ba7 3419 -1 -2 3 -4 5 6 -7 8 -9 10 11 -12 13 -14 15 16 17 -18 -19 -20
0xd67a1e15fc93a2c2 3419 -1 -2 3 -4 5 6 -7 8 -9 10 11 -12 13 -14 15 16 17 -18 -19 -20
0xaff3930e07f95cbd 3419 -1 -2 3 -4 5 6 -7 8 -9 10 11 -12 13 -14 15 16 17 -18 -19 -20
0xb607c45ce375d4a7 3419 -1 -2 3 -4 5 6 -7 8 -9 10 11 -12 13 -14 15 16 17 -18 -19 -20
0x2285e7a429dbb728 3419 -1 -2 3 -4 5 6 -7 8 -9 10 11 -12 13 -14 15 16 17 -18 -19 -20
0x28fb6d863d03bcf7 3419 -1 -2 3 -4 5 6 -7 8 -9 10 11 -12 13 -14 15 16 17 -18 -19 -20
0x48021a4da591759f 3419 -1 -2 3 -4 5 6 -7 8 -9 10 11 -12 13 -14 15 16 17 -18 -19 -20
0x405ddcfdf6baedbf 3419 -1 -2 3 -4 5 6 -7 8 -9 10 11 -12 13 -14 15 16 17 -18 -19 -20
0xcefaf8ca1478c41b 3419 -1 -2 3 -4 5 6 -7 8 -9 10 11 -12 13 -14 15 16 17 -18 -19 -20
0x66fec9b6fd2bb1a 3419 -1 -2 3 -4 5 6 -7 8 -9 10 11 -12 13 -14 15 16 17 -18 -19 -20
0xb389aa8efa705a48 3419 -1 -2 3 -4 5 6 -7 8 -9 10 11 -12 13 -14 15 16 17 -18 -19 -20
0x6f901f7669839fd4 3419 -1 -2 3 -4 5 6 -7 8 -9 10 11 -12 13 -14 15 16 17 -18 -19 -20
0xe2310a53ee63c211 3419 -1 -2 3 -4 5 6 -7 8 -9 10 11 -12 13 -14 15 16 17 -18 -19 -20
0x8c3f23e3b16e00f6 3419 -1 -2 3 -4 5 6 -7 8 -9 10 11 -12 13 -14 15 16 17 -18 -19 -20
0xaecca4d2c1ebf6c1 3419 -1 -2 3 -4 5 6 -7 8 -9 10 11 -12 13 -14 15 16 17 -18 -19 -20
0x205f59607b9b8a88 3419 -1 -2 3 -4 5 6 -7 8 -9 10 11 -12 13 -14 15 16 17 -18 -19 -20
0xfc26717edbbfe6de 3419 -1 -2 3 -4 5 6 -7 8 -9 10 11 -12 13 -14 15 16 17 -18 -19 -20
0xea05cd948f65a534 3419 -1 -2 3 -4 5 6 -7 8 -9 10 11 -12 13 -14 15 16 17 -18 -19 -20