0x24fed7b1039e584c 1637 1 2 3 -4 -5 6 7 8 -9 10 -11 -12 -13 -14 -15 -16 17 18 19 20
0xcc1af97a86a55f9 1637 1 2 3 -4 -5 6 7 8 -9 10 -11 -12 -13 -14 -15 -16 17 18 19 20
0x3d38379bd2ef88a1 1637 1 2 3 -4 -5 6 7 8 -9 10 -11 -12 -13 -14 -15 -16 17 18 19 20
0xc9389e27b68a788 1637 1 2 3 -4 -5 6 7 8 -9 10 -11 -12 -13 -14 -15 -16 17 18 19 20
0x7681a5d2efd82ac3 1637 1 2 3 -4 -5 6 7 8 -9 10 -11 -12 -13 -14 -15 -16 17 18 19 20
0xcb6622b16ecd2235 1637 1 2 3 -4 -5 6 7 8 -9 10 -11 -12 -13 -14 -15 -16 17 18 19 20
0x5784744e30c8ed7c 1637 1 2 3 -4 -5 6 7 8 -9 10 -11 -12 -13 -14 -15 -16 17 18 19 20
0x87b72a0fd5daa237 1637 1 2 3 -4 -5 6 7 8 -9 10 -11 -12 -13 -14 -15 -16 17 18 19 20
0xe0b2b74e0c56f397 1637 1 2 3 -4 -5 6 7 8 -9 10 -11 -12 -13 -14 -15 -16 17 18 19 20
0x25b59e7fd04d9da0 1637 1 2 3 -4 -5 6 7 8 -9 10 -11 -12 -13 -14 -15 -16 17 18 19 20
0xcab67d5c36bd7f23 1637 1 2 3 -4 -5 6 7 8 -9 10 -11 -12 -13 -14 -15 -16 17 18 19 20
0x4ac2152ad09a878b 1637 1 2 3 -4 -5 6 7 8 -9 10 -11 -12 -13 -14 -15 -16 17 18 19 20
0x967e01938d306c30 1637 1 2 3 -4 -5 6 7 8 -9 10 -11 -12 -13 -14 -15 -16 17 18 19 20
0x406302666686944a 1637 1 2 3 -4 -5 6 7 8 -9 10 -11 -12 -13 -14 -15 -16 17 18 19 20
0x45aa86385472d06c 1637 1 2 3 -4 -5 6 7 8 -9 10 -11 -12 -13 -14 -15 -16 17 18 19 20
0x8dd497c3756ecb9f 1637 1 2 3 -4 -5 6 7 8 -9 10 -11 -12 -13 -14 -15 -16 17 18 19 20
0x9e44597c02909951 1637 1 2 3 -4 -5 6 7 8 -9 10 -11 -12 -13 -14 -15 -16 17 18 19 20
0x377bcaed42226678 1637 1 2 3 -4 -5 6 7 8 -9 10 -11 -12 -13 -14 -15 -16 17 18 19 20
0x6a8ce434a1802f0b 1637 1 2 3 -4 -5 6 7 8 -9 10 -11 -12 -13 -14 -15 -16 17 18 19 20
0xe89c8185496b0388 1637 1 2 3 -4 -5 6 7 8 -9 10 -11 -12 -13 -14 -15 -16 17 18 19 20
0x45751ea324f7de6e 1637 1 2 3 -4 -5 6 7 8 -9 10 -11 -12 -13 -14 -15 -16 17 18 19 20
0xf367626a778009c2 1637 1 2 3 -4 -5 6 7 8 -9 10 -11 -12 -13 -14 -15 -16 17 18 19 20
0x4c01028265f81097 1637 1 2 3 -4 -5 6 7 8 -9 10 -11 -12 -13 -14 -15 -16 17 18 19 20
0x4924cf06cded00fe 1637 1 2 3 -4 -5 6 7 8 -9 10 -11 -12 -13 -14 -15 -16 17 18 19 20
0x764281ddf2138fce 1637 1 2 3 -4 -5 6 7 8 -9 10 -11 -12 -13 -14 -15 -16 17 18 19 20
0xffff41f3e3451938 1637 1 2 3 -4 -5 6 7 8 -9 10 -11 -12 -13 -14 -15 -16 17 18 19 20
0xa9dffa937e251de8 1637 1 2 3 -4 -5 6 7 8 -9 10 -11 -12 -13 -14 -15 -16 17 18 19 20
0xd73e8f315d661173 1637 1 2 3 -4 -5 6 7 8 -9 10 -11 -12 -13 -14 -15 -16 17 18 19 20
0x7a8b0769178a7635 1637 1 2 3 -4 -5 6 7 8 -9 10 -11 -12 -13 -14 -15 -16 17 18 19 20
0x284d6602a03fd696 1637 1 2 3 -4 -5 6 7 8 -9 10 -11 -12 -13 -14 -15 -16 17 18 19 20