0xabcb13beb0f11db7 3915 -1 2 -3 4 5 6 7 8 9 10 -11 12 -13 14 15 -16 17 18 -19 20
0x460616dd29c90a7c 3915 -1 2 -3 4 5 6 7 8 9 10 -11 12 -13 14 15 -16 17 18 -19 20
0x7b27f99155e49056 3915 -1 2 -3 4 5 6 7 8 9 10 -11 12 -13 14 15 -16 17 18 -19 20
0x5be2af6991b3ff3a 3915 -1 2 -3 4 5 6 7 8 9 10 -11 12 -13 14 15 -16 17 18 -19 20
0x904d41e9af712e69 3915 -1 2 -3 4 5 6 7 8 9 10 -11 12 -13 14 15 -16 17 18 -19 20
0x96afbac042b49654 3915 -1 2 -3 4 5 6 7 8 9 10 -11 12 -13 14 15 -16 17 18 -19 20
0x59e79dfca68e2eb6 3915 -1 2 -3 4 5 6 7 8 9 10 -11 12 -13 14 15 -16 17 18 -19 20
0x660826a9bd6b2823 3915 -1 2 -3 4 5 6 7 8 9 10 -11 12 -13 14 15 -16 17 18 -19 20
0x1c54fdc454445517 3915 -1 2 -3 4 5 6 7 8 9 10 -11 12 -13 14 15 -16 17 18 -19 20
0x83ea950944d8493b 3915 -1 2 -3 4 5 6 7 8 9 10 -11 12 -13 14 15 -16 17 18 -19 20
0xceb6773b64c99533 3915 -1 2 -3 4 5 6 7 8 9 10 -11 12 -13 14 15 -16 17 18 -19 20
0x52b9a77329907d6b 3915 -1 2 -3 4 5 6 7 8 9 10 -11 12 -13 14 15 -16 17 18 -19 20
0xca71349d0386c791 3915 -1 2 -3 4 5 6 7 8 9 10 -11 12 -13 14 15 -16 17 18 -19 20
0xd2559cf7fa8a1817 3915 -1 2 -3 4 5 6 7 8 9 10 -11 12 -13 14 15 -16 17 18 -19 20
0xcb4f0198f9badfb4 3915 -1 2 -3 4 5 6 7 8 9 10 -11 12 -13 14 15 -16 17 18 -19 20
0xcb3c29e6c01dd8e1 3915 -1 2 -3 4 5 6 7 8 9 10 -11 12 -13 14 15 -16 17 18 -19 20
0x7dea571e4c26155e 3915 -1 2 -3 4 5 6 7 8 9 10 -11 12 -13 14 15 -16 17 18 -19 20
0xca1be7cdd06d9bad 3915 -1 2 -3 4 5 6 7 8 9 10 -11 12 -13 14 15 -16 17 18 -19 20
0xbee3008a399b563f 3915 -1 2 -3 4 5 6 7 8 9 10 -11 12 -13 14 15 -16 17 18 -19 20
0xa5bfa93b01d25234 3915 -1 2 -3 4 5 6 7 8 9 10 -11 12 -13 14 15 -16 17 18 -19 20
0xdb1e0374c66f2ad9 3915 -1 2 -3 4 5 6 7 8 9 10 -11 12 -13 14 15 -16 17 18 -19 20
0x894fd77e350b34d4 3915 -1 2 -3 4 5 6 7 8 9 10 -11 12 -13 14 15 -16 17 18 -19 20
0x7e851db150d487ef 3915 -1 2 -3 4 5 6 7 8 9 10 -11 12 -13 14 15 -16 17 18 -19 20
0xb90bfc451e5f7ad5 3915 -1 2 -3 4 5 6 7 8 9 10 -11 12 -13 14 15 -16 17 18 -19 20
0x62c279f9c754b6e6 3915 -1 2 -3 4 5 6 7 8 9 10 -11 12 -13 14 15 -16 17 18 -19 20
0x7d6599c54dd4ffa5 3915 -1 2 -3 4 5 6 7 8 9 10 -11 12 -13 14 15 -16 17 18 -19 20
0x8d7a424ffba0c439 3915 -1 2 -3 4 5 6 7 8 9 10 -11 12 -13 14 15 -16 17 18 -19 20
0xd5e075772da3c0ed 3915 -1 2 -3 4 5 6 7 8 9 10 -11 12 -13 14 15 -16 17 18 -19 20
0x82bed7cc1ffab0b2 3915 -1 2 -3 4 5 6 7 8 9 10 -11 12 -13 14 15 -16 17 18 -19 20
0x81b488126cc90e99 3915 -1 2 -3 4 5 6 7 8 9 10 -11 12 -13 14 15 -16 17 18 -19 20