0xdbb261995cfbb1c7 204 -1 -2 3 -4 -5 6 -7 -8 9 10 -11 -12 13 14 -15 16 17 -18 -19 20
0x605047768c96d6f1 204 -1 -2 3 -4 -5 6 -7 -8 9 10 -11 -12 13 14 -15 16 17 -18 -19 20
0xe47bbf012fedb9f0 204 -1 -2 3 -4 -5 6 -7 -8 9 10 -11 -12 13 14 -15 16 17 -18 -19 20
0xb2dc276542261ef3 204 -1 -2 3 -4 -5 6 -7 -8 9 10 -11 -12 13 14 -15 16 17 -18 -19 20
0x7e615049a8dc9f74 204 -1 -2 3 -4 -5 6 -7 -8 9 10 -11 -12 13 14 -15 16 17 -18 -19 20
0x4bf979e2f963304e 204 -1 -2 3 -4 -5 6 -7 -8 9 10 -11 -12 13 14 -15 16 17 -18 -19 20
0x133569c0d1ac996f 204 -1 -2 3 -4 -5 6 -7 -8 9 10 -11 -12 13 14 -15 16 17 -18 -19 20
0x83b3bfa9df8c42ec 204 -1 -2 3 -4 -5 6 -7 -8 9 10 -11 -12 13 14 -15 16 17 -18 -19 20
0x542b1d151186067c 204 -1 -2 3 -4 -5 6 -7 -8 9 10 -11 -12 13 14 -15 16 17 -18 -19 20
0x61d69caf955a10fa 204 -1 -2 3 -4 -5 6 -7 -8 9 10 -11 -12 13 14 -15 16 17 -18 -19 20
0x5bf299dbe162d3e5 204 -1 -2 3 -4 -5 6 -7 -8 9 10 -11 -12 13 14 -15 16 17 -18 -19 20
0xf637c82c741b06e1 204 -1 -2 3 -4 -5 6 -7 -8 9 10 -11 -12 13 14 -15 16 17 -18 -19 20
0xd4829aebfb61b935 204 -1 -2 3 -4 -5 6 -7 -8 9 10 -11 -12 13 14 -15 16 17 -18 -19 20
0x9114fc963352734d 204 -1 -2 3 -4 -5 6 -7 -8 9 10 -11 -12 13 14 -15 16 17 -18 -19 20
0x6620565d02c76837 204 -1 -2 3 -4 -5 6 -7 -8 9 10 -11 -12 13 14 -15 16 17 -18 -19 20
0x42e7a3233c24d852 204 -1 -2 3 -4 -5 6 -7 -8 9 10 -11 -12 13 14 -15 16 17 -18 -19 20
0x80d7298830149612 204 -1 -2 3 -4 -5 6 -7 -8 9 10 -11 -12 13 14 -15 16 17 -18 -19 20
0x404bdd2cdd86b526 204 -1 -2 3 -4 -5 6 -7 -8 9 10 -11 -12 13 14 -15 16 17 -18 -19 20
0x739bc57be9ef089d 204 -1 -2 3 -4 -5 6 -7 -8 9 10 -11 -12 13 14 -15 16 17 -18 -19 20
0x6d5b81be18612d97 204 -1 -2 3 -4 -5 6 -7 -8 9 10 -11 -12 13 14 -15 16 17 -18 -19 20
0x4f567700c71a4414 204 -1 -2 3 -4 -5 6 -7 -8 9 10 -11 -12 13 14 -15 16 17 -18 -19 20
0x4db8677c4b70d39e 204 -1 -2 3 -4 -5 6 -7 -8 9 10 -11 -12 13 14 -15 16 17 -18 -19 20
0xe403536da3f44f95 204 -1 -2 3 -4 -5 6 -7 -8 9 10 -11 -12 13 14 -15 16 17 -18 -19 20
0x6b056c3c9ef4de8a 204 -1 -2 3 -4 -5 6 -7 -8 9 10 -11 -12 13 14 -15 16 17 -18 -19 20
0x77b9e86edc596661 204 -1 -2 3 -4 -5 6 -7 -8 9 10 -11 -12 13 14 -15 16 17 -18 -19 20
0x747be0c4b75373e8 204 -1 -2 3 -4 -5 6 -7 -8 9 10 -11 -12 13 14 -15 16 17 -18 -19 20
0x4e56652a080becb0 204 -1 -2 3 -4 -5 6 -7 -8 9 10 -11 -12 13 14 -15 16 17 -18 -19 20
0xea33f736365a2cd0 204 -1 -2 3 -4 -5 6 -7 -8 9 10 -11 -12 13 14 -15 16 17 -18 -19 20
0xd48c822003652a0c 204 -1 -2 3 -4 -5 6 -7 -8 9 10 -11 -12 13 14 -15 16 17 -18 -19 20
0x5516befe3f73c98a 204 -1 -2 3 -4 -5 6 -7 -8 9 10 -11 -12 13 14 -15 16 17 -18 -19 20