0x66238febc9e18a6f 925 1 2 -3 -4 -5 -6 -7 -8 9 10 11 -12 13 -14 15 -16 17 -18 19 20
0x23b09a6566989c5c 925 1 2 -3 -4 -5 -6 -7 -8 9 10 11 -12 13 -14 15 -16 17 -18 19 20
0xb2623b20c3f3996d 925 1 2 -3 -4 -5 -6 -7 -8 9 10 11 -12 13 -14 15 -16 17 -18 19 20
0xa867db618449bf0 925 1 2 -3 -4 -5 -6 -7 -8 9 10 11 -12 13 -14 15 -16 17 -18 19 20
0x8fa56a1b715412d9 925 1 2 -3 -4 -5 -6 -7 -8 9 10 11 -12 13 -14 15 -16 17 -18 19 20
0x3f702286fc728300 925 1 2 -3 -4 -5 -6 -7 -8 9 10 11 -12 13 -14 15 -16 17 -18 19 20
0x596ecdc1546e89dd 925 1 2 -3 -4 -5 -6 -7 -8 9 10 11 -12 13 -14 15 -16 17 -18 19 20
0x6f7d4677014b2b8d 925 1 2 -3 -4 -5 -6 -7 -8 9 10 11 -12 13 -14 15 -16 17 -18 19 20
0xebafa724ce7f18b 925 1 2 -3 -4 -5 -6 -7 -8 9 10 11 -12 13 -14 15 -16 17 -18 19 20
0xfa45348ce4175911 925 1 2 -3 -4 -5 -6 -7 -8 9 10 11 -12 13 -14 15 -16 17 -18 19 20
0x5ca097fdb40c77ed 925 1 2 -3 -4 -5 -6 -7 -8 9 10 11 -12 13 -14 15 -16 17 -18 19 20
0x552f27be43801ac5 925 1 2 -3 -4 -5 -6 -7 -8 9 10 11 -12 13 -14 15 -16 17 -18 19 20
0x65a1a36ce57fc6b8 925 1 2 -3 -4 -5 -6 -7 -8 9 10 11 -12 13 -14 15 -16 17 -18 19 20
0x63a2a42ae2871088 925 1 2 -3 -4 -5 -6 -7 -8 9 10 11 -12 13 -14 15 -16 17 -18 19 20
0xe3a454d70537cf1e 925 1 2 -3 -4 -5 -6 -7 -8 9 10 11 -12 13 -14 15 -16 17 -18 19 20
0x9320ebf476dfebe4 925 1 2 -3 -4 -5 -6 -7 -8 9 10 11 -12 13 -14 15 -16 17 -18 19 20
0x7dc881ce96471db0 925 1 2 -3 -4 -5 -6 -7 -8 9 10 11 -12 13 -14 15 -16 17 -18 19 20
0x80797e2c453f27ba 925 1 2 -3 -4 -5 -6 -7 -8 9 10 11 -12 13 -14 15 -16 17 -18 19 20
0x6c9df7c0e5328321 925 1 2 -3 -4 -5 -6 -7 -8 9 10 11 -12 13 -14 15 -16 17 -18 19 20
0x531863b9ad981865 925 1 2 -3 -4 -5 -6 -7 -8 9 10 11 -12 13 -14 15 -16 17 -18 19 20
0x184d953639c208ed 925 1 2 -3 -4 -5 -6 -7 -8 9 10 11 -12 13 -14 15 -16 17 -18 19 20
0xc61a0cc61dbd8880 925 1 2 -3 -4 -5 -6 -7 -8 9 10 11 -12 13 -14 15 -16 17 -18 19 20
0x2b369af80c4a04eb 925 1 2 -3 -4 -5 -6 -7 -8 9 10 11 -12 13 -14 15 -16 17 -18 19 20
0x6909e5aa9e3c9eb6 925 1 2 -3 -4 -5 -6 -7 -8 9 10 11 -12 13 -14 15 -16 17 -18 19 20
0x6f8a4f5bd014353 925 1 2 -3 -4 -5 -6 -7 -8 9 10 11 -12 13 -14 15 -16 17 -18 19 20
0x66faa00a406f4565 925 1 2 -3 -4 -5 -6 -7 -8 9 10 11 -12 13 -14 15 -16 17 -18 19 20
0x51690ae94b0fc5d2 925 1 2 -3 -4 -5 -6 -7 -8 9 10 11 -12 13 -14 15 -16 17 -18 19 20
0xf48b49ebcab1f145 925 1 2 -3 -4 -5 -6 -7 -8 9 10 11 -12 13 -14 15 -16 17 -18 19 20
0x827c853defafcdab 925 1 2 -3 -4 -5 -6 -7 -8 9 10 11 -12 13 -14 15 -16 17 -18 19 20
0xa0080c601c2997b8 925 1 2 -3 -4 -5 -6 -7 -8 9 10 11 -12 13 -14 15 -16 17 -18 19 20