0x3a9a44d1ed3e22c5 680 1 -2 3 4 5 6 7 -8 -9 10 11 12 13 14 15 16 17 18 19 20
0xdafbebfb318edd4f 680 1 -2 3 4 5 6 7 -8 -9 10 11 12 13 14 15 16 17 18 19 20
0x2734b5d0227a2a2e 680 1 -2 3 4 5 6 7 -8 -9 10 11 12 13 14 15 16 17 18 19 20
0x7df6edeca8eb5295 680 1 -2 3 4 5 6 7 -8 -9 10 11 12 13 14 15 16 17 18 19 20
0x1e10ba64a13485e8 680 1 -2 3 4 5 6 7 -8 -9 10 11 12 13 14 15 16 17 18 19 20
0xbbe5a9d0969d8918 680 1 -2 3 4 5 6 7 -8 -9 10 11 12 13 14 15 16 17 18 19 20
0x4d7b81b6f4378232 680 1 -2 3 4 5 6 7 -8 -9 10 11 12 13 14 15 16 17 18 19 20
0xb3fefbe5969ec6e1 680 1 -2 3 4 5 6 7 -8 -9 10 11 12 13 14 15 16 17 18 19 20
0x87a3390475d9533 680 1 -2 3 4 5 6 7 -8 -9 10 11 12 13 14 15 16 17 18 19 20
0x4b744fd1f834dc67 680 1 -2 3 4 5 6 7 -8 -9 10 11 12 13 14 15 16 17 18 19 20
0xd85404fb06a1e8a0 680 1 -2 3 4 5 6 7 -8 -9 10 11 12 13 14 15 16 17 18 19 20
0x1e01aa4409f7022f 680 1 -2 3 4 5 6 7 -8 -9 10 11 12 13 14 15 16 17 18 19 20
0x7b180c351f61d22d 680 1 -2 3 4 5 6 7 -8 -9 10 11 12 13 14 15 16 17 18 19 20
0x76746702676195e1 680 1 -2 3 4 5 6 7 -8 -9 10 11 12 13 14 15 16 17 18 19 20
0xaf8583080ec11e79 680 1 -2 3 4 5 6 7 -8 -9 10 11 12 13 14 15 16 17 18 19 20
0xa5d99f9950f774c4 680 1 -2 3 4 5 6 7 -8 -9 10 11 12 13 14 15 16 17 18 19 20
0xbac33c0163c890e3 680 1 -2 3 4 5 6 7 -8 -9 10 11 12 13 14 15 16 17 18 19 20
0xd90c1653703369e9 680 1 -2 3 4 5 6 7 -8 -9 10 11 12 13 14 15 16 17 18 19 20
0x23235b03ac1947f1 680 1 -2 3 4 5 6 7 -8 -9 10 11 12 13 14 15 16 17 18 19 20
0x673b2d5221cf255a 680 1 -2 3 4 5 6 7 -8 -9 10 11 12 13 14 15 16 17 18 19 20
0xb61dcc435681b95 680 1 -2 3 4 5 6 7 -8 -9 10 11 12 13 14 15 16 17 18 19 20
0x8a50f43a4438d5a1 680 1 -2 3 4 5 6 7 -8 -9 10 11 12 13 14 15 16 17 18 19 20
0xc70ba6ca680154a3 680 1 -2 3 4 5 6 7 -8 -9 10 11 12 13 14 15 16 17 18 19 20
0x9f54373bb7e70160 680 1 -2 3 4 5 6 7 -8 -9 10 11 12 13 14 15 16 17 18 19 20
0x23fbaf8d0b42cdc5 680 1 -2 3 4 5 6 7 -8 -9 10 11 12 13 14 15 16 17 18 19 20
0x7478303747f1bee7 680 1 -2 3 4 5 6 7 -8 -9 10 11 12 13 14 15 16 17 18 19 20
0xc66003bdab741d98 680 1 -2 3 4 5 6 7 -8 -9 10 11 12 13 14 15 16 17 18 19 20
0xa9f1acc775b9ab8d 680 1 -2 3 4 5 6 7 -8 -9 10 11 12 13 14 15 16 17 18 19 20
0x738d9e5c3888c33a 680 1 -2 3 4 5 6 7 -8 -9 10 11 12 13 14 15 16 17 18 19 20
0x424f141be7d41e18 680 1 -2 3 4 5 6 7 -8 -9 10 11 12 13 14 15 16 17 18 19 20