0xf521f98d44bb87ff 214 -1 -2 -3 4 -5 -6 7 8 9 10 -11 12 13 -14 15 -16 -17 18 -19 20
0x5775267d816d9e96 214 -1 -2 -3 4 -5 -6 7 8 9 10 -11 12 13 -14 15 -16 -17 18 -19 20
0x4fd909529f7bc716 214 -1 -2 -3 4 -5 -6 7 8 9 10 -11 12 13 -14 15 -16 -17 18 -19 20
0xf802276d93e62444 214 -1 -2 -3 4 -5 -6 7 8 9 10 -11 12 13 -14 15 -16 -17 18 -19 20
0x27cbaf6932e93879 214 -1 -2 -3 4 -5 -6 7 8 9 10 -11 12 13 -14 15 -16 -17 18 -19 20
0x5c09bbfa4a055ea7 214 -1 -2 -3 4 -5 -6 7 8 9 10 -11 12 13 -14 15 -16 -17 18 -19 20
0x6578b40870fc545c 214 -1 -2 -3 4 -5 -6 7 8 9 10 -11 12 13 -14 15 -16 -17 18 -19 20
0x2f973a9046070fd8 214 -1 -2 -3 4 -5 -6 7 8 9 10 -11 12 13 -14 15 -16 -17 18 -19 20
0x6262f828f98466c0 214 -1 -2 -3 4 -5 -6 7 8 9 10 -11 12 13 -14 15 -16 -17 18 -19 20
0x4c577326c80c1899 214 -1 -2 -3 4 -5 -6 7 8 9 10 -11 12 13 -14 15 -16 -17 18 -19 20
0x1983783655089bc5 214 -1 -2 -3 4 -5 -6 7 8 9 10 -11 12 13 -14 15 -16 -17 18 -19 20
0xeba9b6c47d64bd47 214 -1 -2 -3 4 -5 -6 7 8 9 10 -11 12 13 -14 15 -16 -17 18 -19 20
0xe13d791b40e4042 214 -1 -2 -3 4 -5 -6 7 8 9 10 -11 12 13 -14 15 -16 -17 18 -19 20
0x267c303122c1f76 214 -1 -2 -3 4 -5 -6 7 8 9 10 -11 12 13 -14 15 -16 -17 18 -19 20
0x4e9f9cd09ac92b22 214 -1 -2 -3 4 -5 -6 7 8 9 10 -11 12 13 -14 15 -16 -17 18 -19 20
0xb82a43e1cfc7814a 214 -1 -2 -3 4 -5 -6 7 8 9 10 -11 12 13 -14 15 -16 -17 18 -19 20
0x1628a86cbe4b10dd 214 -1 -2 -3 4 -5 -6 7 8 9 10 -11 12 13 -14 15 -16 -17 18 -19 20
0x59679af621e78ee7 214 -1 -2 -3 4 -5 -6 7 8 9 10 -11 12 13 -14 15 -16 -17 18 -19 20
0xbeb8a12727d71d8d 214 -1 -2 -3 4 -5 -6 7 8 9 10 -11 12 13 -14 15 -16 -17 18 -19 20
0x93fafbdc424d4c1d 214 -1 -2 -3 4 -5 -6 7 8 9 10 -11 12 13 -14 15 -16 -17 18 -19 20
0xca5469103786897c 214 -1 -2 -3 4 -5 -6 7 8 9 10 -11 12 13 -14 15 -16 -17 18 -19 20
0x65642e57b3ace218 214 -1 -2 -3 4 -5 -6 7 8 9 10 -11 12 13 -14 15 -16 -17 18 -19 20
0x8dddfe0daae6dbe 214 -1 -2 -3 4 -5 -6 7 8 9 10 -11 12 13 -14 15 -16 -17 18 -19 20
0xf8011ce83355ced0 214 -1 -2 -3 4 -5 -6 7 8 9 10 -11 12 13 -14 15 -16 -17 18 -19 20
0xde54398f10936cc6 214 -1 -2 -3 4 -5 -6 7 8 9 10 -11 12 13 -14 15 -16 -17 18 -19 20
0x1e9ca1edd421d562 214 -1 -2 -3 4 -5 -6 7 8 9 10 -11 12 13 -14 15 -16 -17 18 -19 20
0x6a6ca6bf0e5bf17a 214 -1 -2 -3 4 -5 -6 7 8 9 10 -11 12 13 -14 15 -16 -17 18 -19 20
0x89d8e1f47b47ed0f 214 -1 -2 -3 4 -5 -6 7 8 9 10 -11 12 13 -14 15 -16 -17 18 -19 20
0x582a191ce808dffe 214 -1 -2 -3 4 -5 -6 7 8 9 10 -11 12 13 -14 15 -16 -17 18 -19 20
0x1d7d21604456c5ee 214 -1 -2 -3 4 -5 -6 7 8 9 10 -11 12 13 -14 15 -16 -17 18 -19 20