0xa683c236536c6450 749 1 -2 -3 4 5 -6 7 -8 9 10 -11 12 13 14 15 16 17 -18 19 -20
0x1f3722cb420dab04 749 1 -2 -3 4 5 -6 7 -8 9 10 -11 12 13 14 15 16 17 -18 19 -20
0xc76e6d7971b19665 749 1 -2 -3 4 5 -6 7 -8 9 10 -11 12 13 14 15 16 17 -18 19 -20
0x21756deefc05cd3a 749 1 -2 -3 4 5 -6 7 -8 9 10 -11 12 13 14 15 16 17 -18 19 -20
0xfe8ffe4ad653243c 749 1 -2 -3 4 5 -6 7 -8 9 10 -11 12 13 14 15 16 17 -18 19 -20
0x54291a974233624f 749 1 -2 -3 4 5 -6 7 -8 9 10 -11 12 13 14 15 16 17 -18 19 -20
0xf0f790a96d2a6231 749 1 -2 -3 4 5 -6 7 -8 9 10 -11 12 13 14 15 16 17 -18 19 -20
0xcd327186a9a02aa3 749 1 -2 -3 4 5 -6 7 -8 9 10 -11 12 13 14 15 16 17 -18 19 -20
0x68f199b3140f5c36 749 1 -2 -3 4 5 -6 7 -8 9 10 -11 12 13 14 15 16 17 -18 19 -20
0xfae2d9f0ea785004 749 1 -2 -3 4 5 -6 7 -8 9 10 -11 12 13 14 15 16 17 -18 19 -20
0xc77526878edf15aa 749 1 -2 -3 4 5 -6 7 -8 9 10 -11 12 13 14 15 16 17 -18 19 -20
0xb6a6edea83749975 749 1 -2 -3 4 5 -6 7 -8 9 10 -11 12 13 14 15 16 17 -18 19 -20
0xc914d2385f481fcb 749 1 -2 -3 4 5 -6 7 -8 9 10 -11 12 13 14 15 16 17 -18 19 -20
0xb5c3678811dfb3c8 749 1 -2 -3 4 5 -6 7 -8 9 10 -11 12 13 14 15 16 17 -18 19 -20
0x2dcf135a80bcbbb0 749 1 -2 -3 4 5 -6 7 -8 9 10 -11 12 13 14 15 16 17 -18 19 -20
0xee452a1209409193 749 1 -2 -3 4 5 -6 7 -8 9 10 -11 12 13 14 15 16 17 -18 19 -20
0x27ddf0897eb09251 749 1 -2 -3 4 5 -6 7 -8 9 10 -11 12 13 14 15 16 17 -18 19 -20
0xea56f566ce42dad3 749 1 -2 -3 4 5 -6 7 -8 9 10 -11 12 13 14 15 16 17 -18 19 -20
0x5740e21b2ded6b9c 749 1 -2 -3 4 5 -6 7 -8 9 10 -11 12 13 14 15 16 17 -18 19 -20
0x63ea9740923fd4a6 749 1 -2 -3 4 5 -6 7 -8 9 10 -11 12 13 14 15 16 17 -18 19 -20
0x41ea14988613f776 749 1 -2 -3 4 5 -6 7 -8 9 10 -11 12 13 14 15 16 17 -18 19 -20
0xbc936355159bf3f5 749 1 -2 -3 4 5 -6 7 -8 9 10 -11 12 13 14 15 16 17 -18 19 -20
0x3a05b59c154591f1 749 1 -2 -3 4 5 -6 7 -8 9 10 -11 12 13 14 15 16 17 -18 19 -20
0xaac9c1375c19f73f 749 1 -2 -3 4 5 -6 7 -8 9 10 -11 12 13 14 15 16 17 -18 19 -20
0xa630b48db7529faf 749 1 -2 -3 4 5 -6 7 -8 9 10 -11 12 13 14 15 16 17 -18 19 -20
0x35d460da65506bc1 749 1 -2 -3 4 5 -6 7 -8 9 10 -11 12 13 14 15 16 17 -18 19 -20
0x1dbc7764c80fd0ba 749 1 -2 -3 4 5 -6 7 -8 9 10 -11 12 13 14 15 16 17 -18 19 -20
0xf67b60ab5d25fd08 749 1 -2 -3 4 5 -6 7 -8 9 10 -11 12 13 14 15 16 17 -18 19 -20
0x7bf043dc831b09b8 749 1 -2 -3 4 5 -6 7 -8 9 10 -11 12 13 14 15 16 17 -18 19 -20
0x143f5e5fb9c43bfe 749 1 -2 -3 4 5 -6 7 -8 9 10 -11 12 13 14 15 16 17 -18 19 -20