0x1c7f46c29674e75c 2576 1 -2 3 4 -5 -6 7 -8 -9 10 -11 -12 -13 -14 15 -16 -17 18 19 20
0xba83ed8b341ebad4 2576 1 -2 3 4 -5 -6 7 -8 -9 10 -11 -12 -13 -14 15 -16 -17 18 19 20
0xf9fd3e1893bdafef 2576 1 -2 3 4 -5 -6 7 -8 -9 10 -11 -12 -13 -14 15 -16 -17 18 19 20
0x27beec13c2423b3a 2576 1 -2 3 4 -5 -6 7 -8 -9 10 -11 -12 -13 -14 15 -16 -17 18 19 20
0x29f7a6b16ae4c272 2576 1 -2 3 4 -5 -6 7 -8 -9 10 -11 -12 -13 -14 15 -16 -17 18 19 20
0x21804b193f6daed0 2576 1 -2 3 4 -5 -6 7 -8 -9 10 -11 -12 -13 -14 15 -16 -17 18 19 20
0x4fc9e08446314974 2576 1 -2 3 4 -5 -6 7 -8 -9 10 -11 -12 -13 -14 15 -16 -17 18 19 20
0xe3601c21aff22251 2576 1 -2 3 4 -5 -6 7 -8 -9 10 -11 -12 -13 -14 15 -16 -17 18 19 20
0xf196314ad83be9e9 2576 1 -2 3 4 -5 -6 7 -8 -9 10 -11 -12 -13 -14 15 -16 -17 18 19 20
0xc4baf675a007856e 2576 1 -2 3 4 -5 -6 7 -8 -9 10 -11 -12 -13 -14 15 -16 -17 18 19 20
0x5f94773f435d1f45 2576 1 -2 3 4 -5 -6 7 -8 -9 10 -11 -12 -13 -14 15 -16 -17 18 19 20
0x775500923498406e 2576 1 -2 3 4 -5 -6 7 -8 -9 10 -11 -12 -13 -14 15 -16 -17 18 19 20
0x7aabcc2a84c0a964 2576 1 -2 3 4 -5 -6 7 -8 -9 10 -11 -12 -13 -14 15 -16 -17 18 19 20
0x4084f5ac49543516 2576 1 -2 3 4 -5 -6 7 -8 -9 10 -11 -12 -13 -14 15 -16 -17 18 19 20
0xf9ab073c8d4809be 2576 1 -2 3 4 -5 -6 7 -8 -9 10 -11 -12 -13 -14 15 -16 -17 18 19 20
0x5e386c978ba4e584 2576 1 -2 3 4 -5 -6 7 -8 -9 10 -11 -12 -13 -14 15 -16 -17 18 19 20
0x52a894efcfa358c 2576 1 -2 3 4 -5 -6 7 -8 -9 10 -11 -12 -13 -14 15 -16 -17 18 19 20
0x618c4c4deff47d11 2576 1 -2 3 4 -5 -6 7 -8 -9 10 -11 -12 -13 -14 15 -16 -17 18 19 20
0x21edc058ec488f31 2576 1 -2 3 4 -5 -6 7 -8 -9 10 -11 -12 -13 -14 15 -16 -17 18 19 20
0x4f2a0d0a325a9dd6 2576 1 -2 3 4 -5 -6 7 -8 -9 10 -11 -12 -13 -14 15 -16 -17 18 19 20
0xe8f7cf06ef650775 2576 1 -2 3 4 -5 -6 7 -8 -9 10 -11 -12 -13 -14 15 -16 -17 18 19 20
0x6bbf1c881abd18ca 2576 1 -2 3 4 -5 -6 7 -8 -9 10 -11 -12 -13 -14 15 -16 -17 18 19 20
0x7fc9941ee8b0269d 2576 1 -2 3 4 -5 -6 7 -8 -9 10 -11 -12 -13 -14 15 -16 -17 18 19 20
0x6f2e6ccece3799c 2576 1 -2 3 4 -5 -6 7 -8 -9 10 -11 -12 -13 -14 15 -16 -17 18 19 20
0x70ebbb98e1a63f19 2576 1 -2 3 4 -5 -6 7 -8 -9 10 -11 -12 -13 -14 15 -16 -17 18 19 20
0x5564313a007771c3 2576 1 -2 3 4 -5 -6 7 -8 -9 10 -11 -12 -13 -14 15 -16 -17 18 19 20
0xea501b7900ca1dd0 2576 1 -2 3 4 -5 -6 7 -8 -9 10 -11 -12 -13 -14 15 -16 -17 18 19 20
0xc1c11eb43c981678 2576 1 -2 3 4 -5 -6 7 -8 -9 10 -11 -12 -13 -14 15 -16 -17 18 19 20
0x3a329b5dd04a3b77 2576 1 -2 3 4 -5 -6 7 -8 -9 10 -11 -12 -13 -14 15 -16 -17 18 19 20
0xd949d1b7db1720bd 2576 1 -2 3 4 -5 -6 7 -8 -9 10 -11 -12 -13 -14 15 -16 -17 18 19 20