0x205a89a67cbdb061 2633 -1 -2 -3 4 -5 6 7 -8 -9 10 11 12 13 14 -15 16 17 18 -19 -20
0x8aa605b584831a61 2633 -1 -2 -3 4 -5 6 7 -8 -9 10 11 12 13 14 -15 16 17 18 -19 -20
0xa016bb0de64c87b7 2633 -1 -2 -3 4 -5 6 7 -8 -9 10 11 12 13 14 -15 16 17 18 -19 -20
0x89b6b97d5d79f724 2633 -1 -2 -3 4 -5 6 7 -8 -9 10 11 12 13 14 -15 16 17 18 -19 -20
0x7f1e59a5a8dee1af 2633 -1 -2 -3 4 -5 6 7 -8 -9 10 11 12 13 14 -15 16 17 18 -19 -20
0x980f80828282f823 2633 -1 -2 -3 4 -5 6 7 -8 -9 10 11 12 13 14 -15 16 17 18 -19 -20
0x140846ebb838342e 2633 -1 -2 -3 4 -5 6 7 -8 -9 10 11 12 13 14 -15 16 17 18 -19 -20
0x94bafd97b17cdc43 2633 -1 -2 -3 4 -5 6 7 -8 -9 10 11 12 13 14 -15 16 17 18 -19 -20
0x610929ee45999707 2633 -1 -2 -3 4 -5 6 7 -8 -9 10 11 12 13 14 -15 16 17 18 -19 -20
0x9b5a75c960392ca3 2633 -1 -2 -3 4 -5 6 7 -8 -9 10 11 12 13 14 -15 16 17 18 -19 -20
0x2128ad2552e2cb48 2633 -1 -2 -3 4 -5 6 7 -8 -9 10 11 12 13 14 -15 16 17 18 -19 -20
0x401c487df2c00c96 2633 -1 -2 -3 4 -5 6 7 -8 -9 10 11 12 13 14 -15 16 17 18 -19 -20
0xbac174d23c46cfaf 2633 -1 -2 -3 4 -5 6 7 -8 -9 10 11 12 13 14 -15 16 17 18 -19 -20
0xcc4b0b7e628afdf7 2633 -1 -2 -3 4 -5 6 7 -8 -9 10 11 12 13 14 -15 16 17 18 -19 -20
0xa18698809a0eb033 2633 -1 -2 -3 4 -5 6 7 -8 -9 10 11 12 13 14 -15 16 17 18 -19 -20
0x83da869c590ede22 2633 -1 -2 -3 4 -5 6 7 -8 -9 10 11 12 13 14 -15 16 17 18 -19 -20
0x19ffa238cfd885d2 2633 -1 -2 -3 4 -5 6 7 -8 -9 10 11 12 13 14 -15 16 17 18 -19 -20
0x28f4b3f68020c0d6 2633 -1 -2 -3 4 -5 6 7 -8 -9 10 11 12 13 14 -15 16 17 18 -19 -20
0x170e36ea7922af2 2633 -1 -2 -3 4 -5 6 7 -8 -9 10 11 12 13 14 -15 16 17 18 -19 -20
0x340ce6cf256a0cef 2633 -1 -2 -3 4 -5 6 7 -8 -9 10 11 12 13 14 -15 16 17 18 -19 -20
0xc2a878262abc34d2 2633 -1 -2 -3 4 -5 6 7 -8 -9 10 11 12 13 14 -15 16 17 18 -19 -20
0x8612a286c800f0cc 2633 -1 -2 -3 4 -5 6 7 -8 -9 10 11 12 13 14 -15 16 17 18 -19 -20
0xe1d247db8643cb24 2633 -1 -2 -3 4 -5 6 7 -8 -9 10 11 12 13 14 -15 16 17 18 -19 -20
0xd990999f6176a0db 2633 -1 -2 -3 4 -5 6 7 -8 -9 10 11 12 13 14 -15 16 17 18 -19 -20
0x8fc03ea2722bbbb1 2633 -1 -2 -3 4 -5 6 7 -8 -9 10 11 12 13 14 -15 16 17 18 -19 -20
0x7149c686efc7ffad 2633 -1 -2 -3 4 -5 6 7 -8 -9 10 11 12 13 14 -15 16 17 18 -19 -20
0xc6a2ed47180fa899 2633 -1 -2 -3 4 -5 6 7 -8 -9 10 11 12 13 14 -15 16 17 18 -19 -20
0x65aeaeae37139785 2633 -1 -2 -3 4 -5 6 7 -8 -9 10 11 12 13 14 -15 16 17 18 -19 -20
0x910429db22c53041 2633 -1 -2 -3 4 -5 6 7 -8 -9 10 11 12 13 14 -15 16 17 18 -19 -20
0x1a7a54c1edb6c6e6 2633 -1 -2 -3 4 -5 6 7 -8 -9 10 11 12 13 14 -15 16 17 18 -19 -20