0x9836c3ad8e5a7618 728 1 -2 3 4 -5 6 -7 -8 9 10 11 -12 13 -14 15 -16 -17 18 -19 -20
0x9695eed247c8f0a0 728 1 -2 3 4 -5 6 -7 -8 9 10 11 -12 13 -14 15 -16 -17 18 -19 -20
0x4c09790d35c0b73c 728 1 -2 3 4 -5 6 -7 -8 9 10 11 -12 13 -14 15 -16 -17 18 -19 -20
0x7f123eaf3fdec199 728 1 -2 3 4 -5 -6 -7 -8 9 10 11 -12 13 -14 15 16 -17 18 -19 -20
0x408c3e3c77384f8b 728 1 -2 3 4 -5 -6 -7 -8 9 10 11 -12 13 -14 15 16 -17 18 -19 -20
0xd43bbfef55f1ba8a 728 1 -2 3 4 -5 -6 -7 -8 9 10 11 -12 13 -14 15 16 -17 18 -19 -20
0x75dccd32b6315731 728 1 -2 3 4 -5 -6 -7 -8 9 10 11 -12 13 -14 15 16 -17 18 -19 -20
0x894b9f4e9634df33 728 1 -2 3 4 -5 -6 -7 -8 9 10 11 -12 13 -14 15 16 -17 18 -19 -20
0x78e2fe1ed3ac3489 728 1 -2 3 4 -5 6 -7 -8 9 10 11 -12 13 -14 15 -16 -17 18 -19 -20
0x328a96d44184a6e6 728 1 -2 3 4 -5 6 -7 -8 9 10 11 -12 13 -14 15 -16 -17 18 -19 -20
0x41b32a8be272399 728 1 -2 3 4 -5 -6 -7 -8 9 10 11 -12 13 -14 15 16 -17 18 -19 -20
0x160247172d7a03aa 728 1 -2 3 4 -5 -6 -7 -8 9 10 11 -12 13 -14 15 16 -17 18 -19 -20
0x71d63f996b245321 728 1 -2 3 4 -5 6 -7 -8 9 10 11 -12 13 -14 15 -16 -17 18 -19 -20
0x6a39d43f688900da 728 1 -2 3 4 -5 -6 -7 -8 9 10 11 -12 13 -14 15 16 -17 18 -19 -20
0x25eeb0b11b7fa9b5 728 1 -2 3 4 -5 -6 -7 -8 9 10 11 -12 13 -14 15 16 -17 18 -19 -20
0xa6310b59f11225a9 728 1 -2 3 4 -5 6 -7 -8 9 10 11 -12 13 -14 15 -16 -17 18 -19 -20
0xb82cc4f057cd5b8c 728 1 -2 3 4 -5 -6 -7 -8 9 10 11 -12 13 -14 15 16 -17 18 -19 -20
0x9d2e124ae508792a 728 1 -2 3 4 -5 6 -7 -8 9 10 11 -12 13 -14 15 -16 -17 18 -19 -20
0x205013f1bce4a2d5 728 1 -2 3 4 -5 6 -7 -8 9 10 11 -12 13 -14 15 -16 -17 18 -19 -20
0xb1a32ea594e8c884 728 1 -2 3 4 -5 6 -7 -8 9 10 11 -12 13 -14 15 -16 -17 18 -19 -20
0x1808d748887520d6 728 1 -2 3 4 -5 6 -7 -8 9 10 11 -12 13 -14 15 -16 -17 18 -19 -20
0x84fe7f27972b753 728 1 -2 3 4 -5 6 -7 -8 9 10 11 -12 13 -14 15 -16 -17 18 -19 -20
0x795ba253185360b5 728 1 -2 3 4 -5 -6 -7 -8 9 10 11 -12 13 -14 15 16 -17 18 -19 -20
0x8c4c392b90b28ed6 728 1 -2 3 4 -5 6 -7 -8 9 10 11 -12 13 -14 15 -16 -17 18 -19 -20
0x98dfefff51fbb47e 728 1 -2 3 4 -5 6 -7 -8 9 10 11 -12 13 -14 15 -16 -17 18 -19 -20
0x25dce681556d7235 728 1 -2 3 4 -5 -6 -7 -8 9 10 11 -12 13 -14 15 16 -17 18 -19 -20
0xf9bab4517ad132f6 728 1 -2 3 4 -5 -6 -7 -8 9 10 11 -12 13 -14 15 16 -17 18 -19 -20
0xbc49e2a19df6e405 728 1 -2 3 4 -5 -6 -7 -8 9 10 11 -12 13 -14 15 16 -17 18 -19 -20
0x22c6c67a9a50ac7c 728 1 -2 3 4 -5 -6 -7 -8 9 10 11 -12 13 -14 15 16 -17 18 -19 -20
0x7735db1c0f2a17aa 728 1 -2 3 4 -5 6 -7 -8 9 10 11 -12 13 -14 15 -16 -17 18 -19 -20