0xe697786ea1ef79a3 3222 1 2 3 4 5 -6 -7 8 9 10 -11 -12 13 -14 15 16 -17 -18 19 20
0x74e736cd2d6b6d82 3222 1 2 3 4 5 -6 -7 8 9 10 -11 -12 13 -14 15 16 -17 -18 19 20
0x6824d51ae0f64a09 3222 1 2 3 4 5 -6 -7 8 9 10 -11 -12 13 -14 15 16 -17 -18 19 20
0xe552dac0170112b0 3222 1 2 3 4 5 -6 -7 8 9 10 -11 -12 13 -14 15 16 -17 -18 19 20
0xd47f7139403822e2 3222 1 2 3 4 5 -6 -7 8 9 10 -11 -12 13 -14 15 16 -17 -18 19 20
0x6925004a6a19dbe6 3222 1 2 3 4 5 -6 -7 8 9 10 -11 -12 13 -14 15 16 -17 -18 19 20
0x4988114cabc53395 3222 1 2 3 4 5 -6 -7 8 9 10 -11 -12 13 -14 15 16 -17 -18 19 20
0xb15c62009f820b8d 3222 1 2 3 4 5 -6 -7 8 9 10 -11 -12 13 -14 15 16 -17 -18 19 20
0xfd83d928d8ba6bcd 3222 1 2 3 4 5 -6 -7 8 9 10 -11 -12 13 -14 15 16 -17 -18 19 20
0xba0a0c78e55978c9 3222 1 2 3 4 5 -6 -7 8 9 10 -11 -12 13 -14 15 16 -17 -18 19 20
0xcd056fe76f66a1a9 3222 1 2 3 4 5 -6 -7 8 9 10 -11 -12 13 -14 15 16 -17 -18 19 20
0x97f91b5378f1e0ea 3222 1 2 3 4 5 -6 -7 8 9 10 -11 -12 13 -14 15 16 -17 -18 19 20
0xba4f50129f81df8 3222 1 2 3 4 5 -6 -7 8 9 10 -11 -12 13 -14 15 16 -17 -18 19 20
0xdba5be5c0db11efe 3222 1 2 3 4 5 -6 -7 8 9 10 -11 -12 13 -14 15 16 -17 -18 19 20
0x23cd182547ed38f2 3222 1 2 3 4 5 -6 -7 8 9 10 -11 -12 13 -14 15 16 -17 -18 19 20
0x1b0fb5ef40c63d07 3222 1 2 3 4 5 -6 -7 8 9 10 -11 -12 13 -14 15 16 -17 -18 19 20
0xe13cd0846805367 3222 1 2 3 4 5 -6 -7 8 9 10 -11 -12 13 -14 15 16 -17 -18 19 20
0x9f1fcefb73c336c8 3222 1 2 3 4 5 -6 -7 8 9 10 -11 -12 13 -14 15 16 -17 -18 19 20
0x6ce13f08a00a75b4 3222 1 2 3 4 5 -6 -7 8 9 10 -11 -12 13 -14 15 16 -17 -18 19 20
0x85d3f3af317efc44 3222 1 2 3 4 5 -6 -7 8 9 10 -11 -12 13 -14 15 16 -17 -18 19 20
0xed7d73262e53a382 3222 1 2 3 4 5 -6 -7 8 9 10 -11 -12 13 -14 15 16 -17 -18 19 20
0x2d009b79ad1221be 3222 1 2 3 4 5 -6 -7 8 9 10 -11 -12 13 -14 15 16 -17 -18 19 20
0xec4586099afbe808 3222 1 2 3 4 5 -6 -7 8 9 10 -11 -12 13 -14 15 16 -17 -18 19 20
0x2b526605875fcd3c 3222 1 2 3 4 5 -6 -7 8 9 10 -11 -12 13 -14 15 16 -17 -18 19 20
0x7a1e3503a050d7e8 3222 1 2 3 4 5 -6 -7 8 9 10 -11 -12 13 -14 15 16 -17 -18 19 20
0xb35c03b508f1dbb4 3222 1 2 3 4 5 -6 -7 8 9 10 -11 -12 13 -14 15 16 -17 -18 19 20
0x409df16ddffbf2b9 3222 1 2 3 4 5 -6 -7 8 9 10 -11 -12 13 -14 15 16 -17 -18 19 20
0x8dcd82833a8b0a02 3222 1 2 3 4 5 -6 -7 8 9 10 -11 -12 13 -14 15 16 -17 -18 19 20
0x7ae5943f28871faf 3222 1 2 3 4 5 -6 -7 8 9 10 -11 -12 13 -14 15 16 -17 -18 19 20
0x26b77df775c4018b 3222 1 2 3 4 5 -6 -7 8 9 10 -11 -12 13 -14 15 16 -17 -18 19 20