0x42d7a7db2c6c57cc 1451 1 -2 3 -4 5 6 -7 8 9 -10 -11 12 13 14 -15 -16 17 -18 19 -20
0x8897cdfef27cbd6b 1451 1 -2 3 -4 5 6 -7 8 9 -10 -11 12 13 14 -15 -16 17 -18 19 -20
0x5e57ca8635f75ae3 1451 1 -2 3 -4 5 6 -7 8 9 -10 -11 12 13 14 -15 -16 17 -18 19 -20
0xdfa150a8d32d51cf 1451 1 -2 3 -4 5 6 -7 8 9 -10 -11 12 13 14 -15 -16 17 -18 19 -20
0xc0d6e0b4b6a0a0b0 1451 1 -2 3 -4 5 6 -7 8 9 -10 -11 12 13 14 -15 -16 17 -18 19 -20
0x267fe7998506be4b 1451 1 -2 3 -4 5 6 -7 8 9 -10 -11 12 13 14 -15 -16 17 -18 19 -20
0x870eed258afaa74c 1451 1 -2 3 -4 5 6 -7 8 9 -10 -11 12 13 14 -15 -16 17 -18 19 -20
0x68767a5f54a2bf00 1451 1 -2 3 -4 5 6 -7 8 9 -10 -11 12 13 14 -15 -16 17 -18 19 -20
0x16a13817672cf1a8 1451 1 -2 3 -4 5 6 -7 8 9 -10 -11 12 13 14 -15 -16 17 -18 19 -20
0xaad6297ee4eeeac1 1451 1 -2 3 -4 5 6 -7 8 9 -10 -11 12 13 14 -15 -16 17 -18 19 -20
0x43e9f43def273b4b 1451 1 -2 3 -4 5 6 -7 8 9 -10 -11 12 13 14 -15 -16 17 -18 19 -20
0xee1d23efb51dad3 1451 1 -2 3 -4 5 6 -7 8 9 -10 -11 12 13 14 -15 -16 17 -18 19 -20
0xe1fdc01be8436b82 1451 1 -2 3 -4 5 6 -7 8 9 -10 -11 12 13 14 -15 -16 17 -18 19 -20
0x6875fbd7eb6536aa 1451 1 -2 3 -4 5 6 -7 8 9 -10 -11 12 13 14 -15 -16 17 -18 19 -20
0xa96e5d2cd378af42 1451 1 -2 3 -4 5 6 -7 8 9 -10 -11 12 13 14 -15 -16 17 -18 19 -20
0x8c4661a2b1f2f63a 1451 1 -2 3 -4 5 6 -7 8 9 -10 -11 12 13 14 -15 -16 17 -18 19 -20
0xdfeff43e7bce1743 1451 1 -2 3 -4 5 6 -7 8 9 -10 -11 12 13 14 -15 -16 17 -18 19 -20
0x3cf93641c54afcff 1451 1 -2 3 -4 5 6 -7 8 9 -10 -11 12 13 14 -15 -16 17 -18 19 -20
0x329c7399b2440e04 1451 1 -2 3 -4 5 6 -7 8 9 -10 -11 12 13 14 -15 -16 17 -18 19 -20
0xb5a8d5400e9294cb 1451 1 -2 3 -4 5 6 -7 8 9 -10 -11 12 13 14 -15 -16 17 -18 19 -20
0x4b6fd609d50aba9a 1451 1 -2 3 -4 5 6 -7 8 9 -10 -11 12 13 14 -15 -16 17 -18 19 -20
0xb519e72bd8a50208 1451 1 -2 3 -4 5 6 -7 8 9 -10 -11 12 13 14 -15 -16 17 -18 19 -20
0xca0273063f5a40b2 1451 1 -2 3 -4 5 6 -7 8 9 -10 -11 12 13 14 -15 -16 17 -18 19 -20
0x621cca8db0583cf7 1451 1 -2 3 -4 5 6 -7 8 9 -10 -11 12 13 14 -15 -16 17 -18 19 -20
0xa7bc71e3920d5ae2 1451 1 -2 3 -4 5 6 -7 8 9 -10 -11 12 13 14 -15 -16 17 -18 19 -20
0x8deba5a78db86b5c 1451 1 -2 3 -4 5 6 -7 8 9 -10 -11 12 13 14 -15 -16 17 -18 19 -20
0x122953fe576532e2 1451 1 -2 3 -4 5 6 -7 8 9 -10 -11 12 13 14 -15 -16 17 -18 19 -20
0x451bc86ee65b783e 1451 1 -2 3 -4 5 6 -7 8 9 -10 -11 12 13 14 -15 -16 17 -18 19 -20
0x179088ecd592fe74 1451 1 -2 3 -4 5 6 -7 8 9 -10 -11 12 13 14 -15 -16 17 -18 19 -20
0x9eb89e46b4be81c5 1451 1 -2 3 -4 5 6 -7 8 9 -10 -11 12 13 14 -15 -16 17 -18 19 -20