0x2c0bd23672781491 11 1 -2 3 -4 5 6 7 8 -9 -10 -11 12 13 14 -15 -16 17 -18 -19 20
0x2554daefb117fbd0 11 1 -2 3 -4 5 6 7 8 -9 -10 -11 12 13 14 -15 -16 17 -18 -19 20
0x73594ff3cf4f2f9e 11 1 -2 3 -4 5 6 7 8 -9 -10 -11 12 13 14 -15 -16 17 -18 -19 20
0xbaca72b853a07938 11 1 -2 3 -4 5 6 7 8 -9 -10 -11 12 13 14 -15 -16 17 -18 -19 20
0x7923b4900453c6bb 11 1 -2 3 -4 5 6 7 8 -9 -10 -11 12 13 14 -15 -16 17 -18 -19 20
0xf86489869a0f3290 11 1 -2 3 -4 5 6 7 8 -9 -10 -11 12 13 14 -15 -16 17 -18 -19 20
0xb3fe3d627dfe8399 11 1 -2 3 -4 5 6 7 8 -9 -10 -11 12 13 14 -15 -16 17 -18 -19 20
0xa275b1a1c3497cf2 11 1 -2 3 -4 5 6 7 8 -9 -10 -11 12 13 14 -15 -16 17 -18 -19 20
0xe9ad949dae007cde 11 1 -2 3 -4 5 6 7 8 -9 -10 -11 12 13 14 -15 -16 17 -18 -19 20
0xdc01ade02b26a7f2 11 1 -2 3 -4 5 6 7 8 -9 -10 -11 12 13 14 -15 -16 17 -18 -19 20
0x6cab3bc41f57ec83 11 1 -2 3 -4 5 6 7 8 -9 -10 -11 12 13 14 -15 -16 17 -18 -19 20
0x9d259e4eb6f76a4e 11 1 -2 3 -4 5 6 7 8 -9 -10 -11 12 13 14 -15 -16 17 -18 -19 20
0xeefffdd95f35d663 11 1 -2 3 -4 5 6 7 8 -9 -10 -11 12 13 14 -15 -16 17 -18 -19 20
0xe350a16bdd59e45f 11 1 -2 3 -4 5 6 7 8 -9 -10 -11 12 13 14 -15 -16 17 -18 -19 20
0xfef40eb9c34e9f4c 11 1 -2 3 -4 5 6 7 8 -9 -10 -11 12 13 14 -15 -16 17 -18 -19 20
0x793caaf77de64cb9 11 1 -2 3 -4 5 6 7 8 -9 -10 -11 12 13 14 -15 -16 17 -18 -19 20
0x66f8e52818468ed4 11 1 -2 3 -4 5 6 7 8 -9 -10 -11 12 13 14 -15 -16 17 -18 -19 20
0x4c9b5afdae12db91 11 1 -2 3 -4 5 6 7 8 -9 -10 -11 12 13 14 -15 -16 17 -18 -19 20
0xee1547af728de15e 11 1 -2 3 -4 5 6 7 8 -9 -10 -11 12 13 14 -15 -16 17 -18 -19 20
0x3ca36d47ae4c3975 11 1 -2 3 -4 5 6 7 8 -9 -10 -11 12 13 14 -15 -16 17 -18 -19 20
0x8ae5815396eefb3b 11 1 -2 3 -4 5 6 7 8 -9 -10 -11 12 13 14 -15 -16 17 -18 -19 20
0xa17c6a31e48fa05d 11 1 -2 3 -4 5 6 7 8 -9 -10 -11 12 13 14 -15 -16 17 -18 -19 20
0x2b96ab1546de6724 11 1 -2 3 -4 5 6 7 8 -9 -10 -11 12 13 14 -15 -16 17 -18 -19 20
0x54adcf3ba070e2fb 11 1 -2 3 -4 5 6 7 8 -9 -10 -11 12 13 14 -15 -16 17 -18 -19 20
0x7608b06e74dd673f 11 1 -2 3 -4 5 6 7 8 -9 -10 -11 12 13 14 -15 -16 17 -18 -19 20
0xb10fb4b93f603846 11 1 -2 3 -4 5 6 7 8 -9 -10 -11 12 13 14 -15 -16 17 -18 -19 20
0x8cb55f6a9af3aeb2 11 1 -2 3 -4 5 6 7 8 -9 -10 -11 12 13 14 -15 -16 17 -18 -19 20
0xe366d150e43cb8f8 11 1 -2 3 -4 5 6 7 8 -9 -10 -11 12 13 14 -15 -16 17 -18 -19 20
0x365142f57b1672c 11 1 -2 3 -4 5 6 7 8 -9 -10 -11 12 13 14 -15 -16 17 -18 -19 20
0x37b254902d480fcd 11 1 -2 3 -4 5 6 7 8 -9 -10 -11 12 13 14 -15 -16 17 -18 -19 20