0x5199c29a53a745f5 707 -1 -2 3 4 -5 6 -7 -8 -9 10 -11 -12 -13 14 15 16 -17 -18 -19 20
0xa0167fac5cce9d4c 707 -1 -2 3 4 -5 6 -7 -8 -9 10 -11 -12 -13 14 15 16 -17 -18 -19 20
0x63d29972de038c6b 707 -1 -2 3 4 -5 6 -7 -8 -9 10 -11 -12 -13 14 15 16 -17 -18 -19 20
0x4a18912e79a7e8df 707 -1 -2 3 4 -5 6 -7 -8 -9 10 -11 -12 -13 14 15 16 -17 -18 -19 20
0x2383a47637c64ba7 707 -1 -2 3 4 -5 6 -7 -8 -9 10 -11 -12 -13 14 15 16 -17 -18 -19 20
0x903b2411ff6c00e5 707 -1 -2 3 4 -5 6 -7 -8 -9 10 -11 -12 -13 14 15 16 -17 -18 -19 20
0x92eb9bac4abf726c 707 -1 -2 3 4 -5 6 -7 -8 -9 10 -11 -12 -13 14 15 16 -17 -18 -19 20
0x525c2b1a35e07520 707 -1 -2 3 4 -5 6 -7 -8 -9 10 -11 -12 -13 14 15 16 -17 -18 -19 20
0xa94530e675946893 707 -1 -2 3 4 -5 6 -7 -8 -9 10 -11 -12 -13 14 15 16 -17 -18 -19 20
0x4425504b7aaa2b4d 707 -1 -2 3 4 -5 6 -7 -8 -9 10 -11 -12 -13 14 15 16 -17 -18 -19 20
0xdb0456727f399d5d 707 -1 -2 3 4 -5 6 -7 -8 -9 10 -11 -12 -13 14 15 16 -17 -18 -19 20
0xdf21daedd87d5d21 707 -1 -2 3 4 -5 6 -7 -8 -9 10 -11 -12 -13 14 15 16 -17 -18 -19 20
0xd6e6b7757785aa52 707 -1 -2 3 4 -5 6 -7 -8 -9 10 -11 -12 -13 14 15 16 -17 -18 -19 20
0x7985b2e12e8f9b53 707 -1 -2 3 4 -5 6 -7 -8 -9 10 -11 -12 -13 14 15 16 -17 -18 -19 20
0xac8fb671aa410bb 707 -1 -2 3 4 -5 6 -7 -8 -9 10 -11 -12 -13 14 15 16 -17 -18 -19 20
0x5c35de35abb0eaa6 707 -1 -2 3 4 -5 6 -7 -8 -9 10 -11 -12 -13 14 15 16 -17 -18 -19 20
0x69374ebf7fd45872 707 -1 -2 3 4 -5 6 -7 -8 -9 10 -11 -12 -13 14 15 16 -17 -18 -19 20
0xdb43a309d675a52d 707 -1 -2 3 4 -5 6 -7 -8 -9 10 -11 -12 -13 14 15 16 -17 -18 -19 20
0xaae16e5088c08f4e 707 -1 -2 3 4 -5 6 -7 -8 -9 10 -11 -12 -13 14 15 16 -17 -18 -19 20
0xe0ebe322390010ee 707 -1 -2 3 4 -5 6 -7 -8 -9 10 -11 -12 -13 14 15 16 -17 -18 -19 20
0x58fd97c0d34ea2fb 707 -1 -2 3 4 -5 6 -7 -8 -9 10 -11 -12 -13 14 15 16 -17 -18 -19 20
0xcb8adbbeb786d8a1 707 -1 -2 3 4 -5 6 -7 -8 -9 10 -11 -12 -13 14 15 16 -17 -18 -19 20
0xfc9adadade38def6 707 -1 -2 3 4 -5 6 -7 -8 -9 10 -11 -12 -13 14 15 16 -17 -18 -19 20
0xd9aa0918f103ace5 707 -1 -2 3 4 -5 6 -7 -8 -9 10 -11 -12 -13 14 15 16 -17 -18 -19 20
0xeff794208636ef5d 707 -1 -2 3 4 -5 6 -7 -8 -9 10 -11 -12 -13 14 15 16 -17 -18 -19 20
0xe992d5da6454fdba 707 -1 -2 3 4 -5 6 -7 -8 -9 10 -11 -12 -13 14 15 16 -17 -18 -19 20
0x9c2d04481c2a6274 707 -1 -2 3 4 -5 6 -7 -8 -9 10 -11 -12 -13 14 15 16 -17 -18 -19 20
0xad053e85f6dcd3d7 707 -1 -2 3 4 -5 6 -7 -8 -9 10 -11 -12 -13 14 15 16 -17 -18 -19 20
0x26b737b6cbf93a22 707 -1 -2 3 4 -5 6 -7 -8 -9 10 -11 -12 -13 14 15 16 -17 -18 -19 20
0xfafc1f898f8d1954 707 -1 -2 3 4 -5 6 -7 -8 -9 10 -11 -12 -13 14 15 16 -17 -18 -19 20