0x9232c50f0a55a117 1466 1 -2 3 -4 5 -6 7 -8 9 -10 -11 -12 13 -14 15 16 -17 18 19 20
0x9f07100dddc806f4 1466 1 -2 3 -4 5 -6 7 -8 9 -10 -11 -12 13 -14 15 16 -17 18 19 20
0xb9589c481aaf8655 1466 1 -2 3 -4 5 -6 7 -8 9 -10 -11 -12 13 -14 15 16 -17 18 19 20
0x27aec75cc4f4a701 1466 1 -2 3 -4 5 -6 7 -8 9 -10 -11 -12 13 -14 15 16 -17 18 19 20
0x124dcfc86013fa0b 1466 1 -2 3 -4 5 -6 7 -8 9 -10 -11 -12 13 -14 15 16 -17 18 19 20
0xcfcadab651a0fdfd 1466 1 -2 3 -4 5 -6 7 -8 9 -10 -11 -12 13 -14 15 16 -17 18 19 20
0x6ba3064d1b99f3b 1466 1 -2 3 -4 5 -6 7 -8 9 -10 -11 -12 13 -14 15 16 -17 18 19 20
0x6bc9d3603388848c 1466 1 -2 3 -4 5 -6 7 -8 9 -10 -11 -12 13 -14 15 16 -17 18 19 20
0xf4d932fb030775e8 1466 1 -2 3 -4 5 -6 7 -8 9 -10 -11 -12 13 -14 15 16 -17 18 19 20
0xca7150ec75ac984 1466 1 -2 3 -4 5 -6 7 -8 9 -10 -11 -12 13 -14 15 16 -17 18 19 20
0x62412f5f98b031c 1466 1 -2 3 -4 5 -6 7 -8 9 -10 -11 -12 13 -14 15 16 -17 18 19 20
0xabe945c9881a1181 1466 1 -2 3 -4 5 -6 7 -8 9 -10 -11 -12 13 -14 15 16 -17 18 19 20
0xb865cb4dc0ed0a67 1466 1 -2 3 -4 5 -6 7 -8 9 -10 -11 -12 13 -14 15 16 -17 18 19 20
0x3cee47aff3ff5365 1466 1 -2 3 -4 5 -6 7 -8 9 -10 -11 -12 13 -14 15 16 -17 18 19 20
0x915ca2253b08c5cb 1466 1 -2 3 -4 5 -6 7 -8 9 -10 -11 -12 13 -14 15 16 -17 18 19 20
0xe7841d271edc2ac3 1466 1 -2 3 -4 5 -6 7 -8 9 -10 -11 -12 13 -14 15 16 -17 18 19 20
0x6d6866cfe79311bd 1466 1 -2 3 -4 5 -6 7 -8 9 -10 -11 -12 13 -14 15 16 -17 18 19 20
0xa72c6d60048693cb 1466 1 -2 3 -4 5 -6 7 -8 9 -10 -11 -12 13 -14 15 16 -17 18 19 20
0x2cb917677a02d670 1466 1 -2 3 -4 5 -6 7 -8 9 -10 -11 -12 13 -14 15 16 -17 18 19 20
0xbb415b3017659f9c 1466 1 -2 3 -4 5 -6 7 -8 9 -10 -11 -12 13 -14 15 16 -17 18 19 20
0xd7389de1f9b3e419 1466 1 -2 3 -4 5 -6 7 -8 9 -10 -11 -12 13 -14 15 16 -17 18 19 20
0xb86fa099eec1e47a 1466 1 -2 3 -4 5 -6 7 -8 9 -10 -11 -12 13 -14 15 16 -17 18 19 20
0xfa64a2c8fb007641 1466 1 -2 3 -4 5 -6 7 -8 9 -10 -11 -12 13 -14 15 16 -17 18 19 20
0x9f0f7c7f125a6771 1466 1 -2 3 -4 5 -6 7 -8 9 -10 -11 -12 13 -14 15 16 -17 18 19 20
0xe72d8367384357c5 1466 1 -2 3 -4 5 -6 7 -8 9 -10 -11 -12 13 -14 15 16 -17 18 19 20
0x7a69ea49b96b58b6 1466 1 -2 3 -4 5 -6 7 -8 9 -10 -11 -12 13 -14 15 16 -17 18 19 20
0xed333d831d70dd5c 1466 1 -2 3 -4 5 -6 7 -8 9 -10 -11 -12 13 -14 15 16 -17 18 19 20
0xab899887aec92e38 1466 1 -2 3 -4 5 -6 7 -8 9 -10 -11 -12 13 -14 15 16 -17 18 19 20
0x7886fe6caa469513 1466 1 -2 3 -4 5 -6 7 -8 9 -10 -11 -12 13 -14 15 16 -17 18 19 20
0x6739931f0670ea6d 1466 1 -2 3 -4 5 -6 7 -8 9 -10 -11 -12 13 -14 15 16 -17 18 19 20