0x3184bc3a435ca2fc 9671 1 2 3 4 5 -6 7 -8 9 10 11 -12 -13 14 -15 16 17 18 -19 20
0x344f5e3f677ff781 9671 1 2 3 4 5 -6 7 -8 9 10 11 -12 -13 14 -15 16 17 18 -19 20
0x7d7140dcd38d2947 9655 1 2 -3 4 -5 -6 7 -8 9 10 11 -12 13 14 15 16 17 18 -19 20
0x5846c1bbcd065441 9671 1 2 3 4 5 -6 7 -8 9 10 11 -12 -13 14 -15 16 17 18 -19 20
0x28e16cc3e03fa393 9671 1 2 3 4 5 -6 7 -8 9 10 11 -12 -13 14 -15 16 17 18 -19 20
0x88ed1ee5b321f977 9671 1 2 3 4 5 -6 7 -8 9 10 11 -12 -13 14 -15 16 17 18 -19 20
0x561a5ca7e4908a2f 9671 1 2 3 4 5 -6 7 -8 9 10 11 -12 -13 14 -15 16 17 18 -19 20
0xe5e9dda29368417f 9671 1 2 3 4 5 -6 7 -8 9 10 11 -12 -13 14 -15 16 17 18 -19 20
0x1963e806d9c6b830 9671 1 2 3 4 5 -6 7 -8 9 10 11 -12 -13 14 -15 16 17 18 -19 20
0x25797c13857eb98d 9671 1 2 3 4 5 -6 7 -8 9 10 11 -12 -13 14 -15 16 17 18 -19 20
0x1a0d4fa082e058e7 9671 1 2 3 4 5 -6 7 -8 9 10 11 -12 -13 14 -15 16 17 18 -19 20
0xb9dbd7bd67478fea 9671 1 2 3 4 5 -6 7 -8 9 10 11 -12 -13 14 -15 16 17 18 -19 20
0xd3fe80c7f035cc74 9671 1 2 3 4 5 -6 7 -8 9 10 11 -12 -13 14 -15 16 17 18 -19 20
0x70351f0c42cbff24 9671 1 2 3 4 5 -6 7 -8 9 10 11 -12 -13 14 -15 16 17 18 -19 20
0xbb675302775e618b 9671 1 2 3 4 5 -6 7 -8 9 10 11 -12 -13 14 -15 16 17 18 -19 20
0x5237291ad28e5c1e 9671 1 2 3 4 5 -6 7 -8 9 10 11 -12 -13 14 -15 16 17 18 -19 20
0x9b39a9384a4c9fb7 9671 1 2 3 4 5 -6 7 -8 9 10 11 -12 -13 14 -15 16 17 18 -19 20
0x5da0b63154fa4f14 9671 1 2 3 4 5 -6 7 -8 9 10 11 -12 -13 14 -15 16 17 18 -19 20
0xbca43d503fdf3855 9671 1 2 3 4 5 -6 7 -8 9 10 11 -12 -13 14 -15 16 17 18 -19 20
0x8bd585849bcab195 9655 1 2 -3 4 -5 -6 7 -8 9 10 11 -12 13 14 15 16 17 18 -19 20
0x48a86d41f7da8b71 9671 1 2 3 4 5 -6 7 -8 9 10 11 -12 -13 14 -15 16 17 18 -19 20
0xc62ab69c7b2a06ef 9671 1 2 3 4 5 -6 7 -8 9 10 11 -12 -13 14 -15 16 17 18 -19 20
0xb668cf4802d210d5 9645 -1 2 3 4 5 -6 7 -8 9 10 11 -12 -13 14 -15 16 17 18 -19 20
0x65c24e3a83b777b7 9671 1 2 3 4 5 -6 7 -8 9 10 11 -12 -13 14 -15 16 17 18 -19 20
0x7235b3b0c698175c 9671 1 2 3 4 5 -6 7 -8 9 10 11 -12 -13 14 -15 16 17 18 -19 20
0x4531ffd59031ed18 9671 1 2 3 4 5 -6 7 -8 9 10 11 -12 -13 14 -15 16 17 18 -19 20
0xdfc20aba0f03c1b5 9671 1 2 3 4 5 -6 7 -8 9 10 11 -12 -13 14 -15 16 17 18 -19 20
0x2b9575460f54388a 9671 1 2 3 4 5 -6 7 -8 9 10 11 -12 -13 14 -15 16 17 18 -19 20
0x4b59682461db14f8 9671 1 2 3 4 5 -6 7 -8 9 10 11 -12 -13 14 -15 16 17 18 -19 20
0x950492f6c6959f8b 9671 1 2 3 4 5 -6 7 -8 9 10 11 -12 -13 14 -15 16 17 18 -19 20