0xfbb1ce084347d453 10189 1 2 3 -4 5 6 -7 8 9 10 11 12 13 14 15 -16 17 18 -19 20
0x5405b660820a6cb2 10189 1 2 3 -4 5 6 -7 8 9 10 11 12 13 14 15 -16 17 18 -19 20
0xa92c4f342b832393 9859 1 2 3 -4 5 6 -7 8 9 10 -11 12 13 14 15 -16 17 18 -19 20
0xdc031be2cbbd94f3 10189 1 2 3 -4 5 6 -7 8 9 10 11 12 13 14 15 -16 17 18 -19 20
0xb9d02728292284b 10189 1 2 3 -4 5 6 -7 8 9 10 11 12 13 14 15 -16 17 18 -19 20
0x9379c4ae274cde9e 10189 1 2 3 -4 5 6 -7 8 9 10 11 12 13 14 15 -16 17 18 -19 20
0xa59c05b1375c79e2 10189 1 2 3 -4 5 6 -7 8 9 10 11 12 13 14 15 -16 17 18 -19 20
0xe0ceffeec51f38f2 10189 1 2 3 -4 5 6 -7 8 9 10 11 12 13 14 15 -16 17 18 -19 20
0xaed7759b3832ccc0 10189 1 2 3 -4 5 6 -7 8 9 10 11 12 13 14 15 -16 17 18 -19 20
0x7f6be1bf5d4d374c 10189 1 2 3 -4 5 6 -7 8 9 10 11 12 13 14 15 -16 17 18 -19 20
0xe931f01709a59d3 9452 1 2 3 -4 5 6 7 8 -9 10 11 -12 13 14 15 -16 17 18 -19 20
0x53566f6f03c90a21 9452 1 2 3 -4 5 6 7 8 -9 10 11 -12 13 14 15 -16 17 18 -19 20
0x55442bb1b2d9e83f 10189 1 2 3 -4 5 6 -7 8 9 10 11 12 13 14 15 -16 17 18 -19 20
0x5bccc45c7f2d31ab 10189 1 2 3 -4 5 6 -7 8 9 10 11 12 13 14 15 -16 17 18 -19 20
0x64e675eb0d901cdc 10189 1 2 3 -4 5 6 -7 8 9 10 11 12 13 14 15 -16 17 18 -19 20
0x6869d206adb58962 10189 1 2 3 -4 5 6 -7 8 9 10 11 12 13 14 15 -16 17 18 -19 20
0xb4c193ad61ef3179 10189 1 2 3 -4 5 6 -7 8 9 10 11 12 13 14 15 -16 17 18 -19 20
0xe239144e5c74d17d 10189 1 2 3 -4 5 6 -7 8 9 10 11 12 13 14 15 -16 17 18 -19 20
0x19433ced8cd3c3b5 10189 1 2 3 -4 5 6 -7 8 9 10 11 12 13 14 15 -16 17 18 -19 20
0xc7741406130f7787 10189 1 2 3 -4 5 6 -7 8 9 10 11 12 13 14 15 -16 17 18 -19 20
0xbe7c6b56e5e6eadc 10189 1 2 3 -4 5 6 -7 8 9 10 11 12 13 14 15 -16 17 18 -19 20
0x6a03e5f490c551cc 10189 1 2 3 -4 5 6 -7 8 9 10 11 12 13 14 15 -16 17 18 -19 20
0x7c9ce362af38f7cf 10189 1 2 3 -4 5 6 -7 8 9 10 11 12 13 14 15 -16 17 18 -19 20
0x813757550472bbbb 10189 1 2 3 -4 5 6 -7 8 9 10 11 12 13 14 15 -16 17 18 -19 20
0x8a1477d3f044322c 10189 1 2 3 -4 5 6 -7 8 9 10 11 12 13 14 15 -16 17 18 -19 20
0x28b510bb189e32fe 10189 1 2 3 -4 5 6 -7 8 9 10 11 12 13 14 15 -16 17 18 -19 20
0xc6a739c06df6d6 10189 1 2 3 -4 5 6 -7 8 9 10 11 12 13 14 15 -16 17 18 -19 20
0x7ced6d53ac5ec498 10189 1 2 3 -4 5 6 -7 8 9 10 11 12 13 14 15 -16 17 18 -19 20
0x86978b4a9a316964 10189 1 2 3 -4 5 6 -7 8 9 10 11 12 13 14 15 -16 17 18 -19 20
0xca74e99b1e1c4204 10189 1 2 3 -4 5 6 -7 8 9 10 11 12 13 14 15 -16 17 18 -19 20