0x887afab3ce23e078 10058 1 2 3 -4 5 6 7 8 9 10 11 12 13 14 15 16 17 -18 -19 20
0xf175500b95dd14aa 10058 1 2 3 -4 5 6 7 8 9 10 11 12 13 14 15 16 17 -18 -19 20
0x3a2b51e7dd0dd18d 10058 1 2 3 -4 5 6 7 8 9 10 11 12 13 14 15 16 17 -18 -19 20
0x58829b8cc3654d82 10058 1 2 3 -4 5 6 7 8 9 10 11 12 13 14 15 16 17 -18 -19 20
0xbd9ea2bb80d674e9 10058 1 2 3 -4 5 6 7 8 9 10 11 12 13 14 15 16 17 -18 -19 20
0x13d2796984e06e47 10058 1 2 3 -4 5 6 7 8 9 10 11 12 13 14 15 16 17 -18 -19 20
0x165b53db6622bc1 10058 1 2 3 -4 5 6 7 8 9 10 11 12 13 14 15 16 17 -18 -19 20
0xaa83a716dc520ca5 10058 1 2 3 -4 5 6 7 8 9 10 11 12 13 14 15 16 17 -18 -19 20
0x4102e285036f8ee0 10058 1 2 3 -4 5 6 7 8 9 10 11 12 13 14 15 16 17 -18 -19 20
0x4ff3154cc3451086 10058 1 2 3 -4 5 6 7 8 9 10 11 12 13 14 15 16 17 -18 -19 20
0xc81f2ee7eb0fa14f 10058 1 2 3 -4 5 6 7 8 9 10 11 12 13 14 15 16 17 -18 -19 20
0x9ee29997733a9712 10058 1 2 3 -4 5 6 7 8 9 10 11 12 13 14 15 16 17 -18 -19 20
0x2efad74c4bc97e7 10058 1 2 3 -4 5 6 7 8 9 10 11 12 13 14 15 16 17 -18 -19 20
0x97d266cb559c67c2 10058 1 2 3 -4 5 6 7 8 9 10 11 12 13 14 15 16 17 -18 -19 20
0x686464c138a95104 10058 1 2 3 -4 5 6 7 8 9 10 11 12 13 14 15 16 17 -18 -19 20
0xa6ad158f95afc191 10058 1 2 3 -4 5 6 7 8 9 10 11 12 13 14 15 16 17 -18 -19 20
0xb2af9204dc54c051 10058 1 2 3 -4 5 6 7 8 9 10 11 12 13 14 15 16 17 -18 -19 20
0x58d24902944ef2b1 10058 1 2 3 -4 5 6 7 8 9 10 11 12 13 14 15 16 17 -18 -19 20
0xdbde7b0002233221 10006 1 2 3 -4 5 6 7 8 -9 10 11 12 13 14 15 16 17 18 -19 20
0x5b38b5d4e46b1e80 10058 1 2 3 -4 5 6 7 8 9 10 11 12 13 14 15 16 17 -18 -19 20
0x11b7d4e9036f2727 10058 1 2 3 -4 5 6 7 8 9 10 11 12 13 14 15 16 17 -18 -19 20
0xf0b31d73effa483d 10058 1 2 3 -4 5 6 7 8 9 10 11 12 13 14 15 16 17 -18 -19 20
0x3de72465b5680cc2 10058 1 2 3 -4 5 6 7 8 9 10 11 12 13 14 15 16 17 -18 -19 20
0x4ac80eab3fdff628 10058 1 2 3 -4 5 6 7 8 9 10 11 12 13 14 15 16 17 -18 -19 20
0x61f1d5a8509fb93 10058 1 2 3 -4 5 6 7 8 9 10 11 12 13 14 15 16 17 -18 -19 20
0xf4f7e13c9a55bbca 10058 1 2 3 -4 5 6 7 8 9 10 11 12 13 14 15 16 17 -18 -19 20
0x8204ee6976d28e0d 10058 1 2 3 -4 5 6 7 8 9 10 11 12 13 14 15 16 17 -18 -19 20
0x4c8961b44afe2d01 10058 1 2 3 -4 5 6 7 8 9 10 11 12 13 14 15 16 17 -18 -19 20
0x4971528c80d76c5d 10058 1 2 3 -4 5 6 7 8 9 10 11 12 13 14 15 16 17 -18 -19 20
0x36c1c5c13c161bc1 10058 1 2 3 -4 5 6 7 8 9 10 11 12 13 14 15 16 17 -18 -19 20