0x5b6424eb78a6e320 10448 1 2 3 4 5 6 7 8 9 -10 11 12 -13 14 15 16 17 18 19 20
0x175bf947bf87bcea 10448 1 2 3 4 5 6 7 8 9 -10 11 12 -13 14 15 16 17 18 19 20
0xba04524eca52c15d 10448 1 2 3 4 5 6 7 8 9 -10 11 12 -13 14 15 16 17 18 19 20
0xd9f14636c4001aad 10448 1 2 3 4 5 6 7 8 9 -10 11 12 -13 14 15 16 17 18 19 20
0x63d5b76877ec229a 10448 1 2 3 4 5 6 7 8 9 -10 11 12 -13 14 15 16 17 18 19 20
0x9606244b76b79832 10448 1 2 3 4 5 6 7 8 9 -10 11 12 -13 14 15 16 17 18 19 20
0x80f97bb9fda553e7 10448 1 2 3 4 5 6 7 8 9 -10 11 12 -13 14 15 16 17 18 19 20
0x4efbdc839fc2d10c 10448 1 2 3 4 5 6 7 8 9 -10 11 12 -13 14 15 16 17 18 19 20
0x4fd4a4eab789c75d 10448 1 2 3 4 5 6 7 8 9 -10 11 12 -13 14 15 16 17 18 19 20
0x936dd226a9f0d476 10448 1 2 3 4 5 6 7 8 9 -10 11 12 -13 14 15 16 17 18 19 20
0x235b11a152228fdd 10448 1 2 3 4 5 6 7 8 9 -10 11 12 -13 14 15 16 17 18 19 20
0x7e261139648ece0c 10448 1 2 3 4 5 6 7 8 9 -10 11 12 -13 14 15 16 17 18 19 20
0xd47b708d0a1263cb 10448 1 2 3 4 5 6 7 8 9 -10 11 12 -13 14 15 16 17 18 19 20
0x6489c7d145553a6f 10448 1 2 3 4 5 6 7 8 9 -10 11 12 -13 14 15 16 17 18 19 20
0x4167218dedb26113 10448 1 2 3 4 5 6 7 8 9 -10 11 12 -13 14 15 16 17 18 19 20
0x59014e1f1b909a15 10448 1 2 3 4 5 6 7 8 9 -10 11 12 -13 14 15 16 17 18 19 20
0xa7cd07343dd97898 10448 1 2 3 4 5 6 7 8 9 -10 11 12 -13 14 15 16 17 18 19 20
0x8db5cef7253b2fa2 10448 1 2 3 4 5 6 7 8 9 -10 11 12 -13 14 15 16 17 18 19 20
0x7e792fd71ef203b2 10448 1 2 3 4 5 6 7 8 9 -10 11 12 -13 14 15 16 17 18 19 20
0xc03d83c6e17afbd8 10448 1 2 3 4 5 6 7 8 9 -10 11 12 -13 14 15 16 17 18 19 20
0xfbda3ea9fba79c6e 10448 1 2 3 4 5 6 7 8 9 -10 11 12 -13 14 15 16 17 18 19 20
0xcc87e1d31d97e01f 10448 1 2 3 4 5 6 7 8 9 -10 11 12 -13 14 15 16 17 18 19 20
0xf0315546c4fc634c 10448 1 2 3 4 5 6 7 8 9 -10 11 12 -13 14 15 16 17 18 19 20
0x8098db849ac11b01 10448 1 2 3 4 5 6 7 8 9 -10 11 12 -13 14 15 16 17 18 19 20
0x387ce349c625a26e 10448 1 2 3 4 5 6 7 8 9 -10 11 12 -13 14 15 16 17 18 19 20
0x98966fc2eebfe44d 10448 1 2 3 4 5 6 7 8 9 -10 11 12 -13 14 15 16 17 18 19 20
0xa95727eeb8f78711 10448 1 2 3 4 5 6 7 8 9 -10 11 12 -13 14 15 16 17 18 19 20
0xf2f33b2d8643bfe2 10448 1 2 3 4 5 6 7 8 9 -10 11 12 -13 14 15 16 17 18 19 20
0x66b51bda9ba0dfd5 10448 1 2 3 4 5 6 7 8 9 -10 11 12 -13 14 15 16 17 18 19 20
0x4495f837c6ec11af 10448 1 2 3 4 5 6 7 8 9 -10 11 12 -13 14 15 16 17 18 19 20