0x446bb7d07bb14511 3553 1 -2 3 4 5 -6 7 -8 9 10 11 12 -13 -14 15 16 -17 18 -19 20
0xe13980b2d0874ba0 3553 1 -2 3 4 5 -6 7 -8 9 10 11 12 -13 -14 15 16 -17 18 -19 20
0x4870cf2416aaab63 3553 1 -2 3 4 5 -6 7 -8 9 10 11 12 -13 -14 15 16 -17 18 -19 20
0xdb0f6d9d9ff9af0b 3553 1 -2 3 4 5 -6 7 -8 9 10 11 12 -13 -14 15 16 -17 18 -19 20
0xd9c23f2253490f64 3553 1 -2 3 4 5 -6 7 -8 9 10 11 12 -13 -14 15 16 -17 18 -19 20
0x48f276a73e9ed56c 3553 1 -2 3 4 5 -6 7 -8 9 10 11 12 -13 -14 15 16 -17 18 -19 20
0xd42445e8113f463c 3553 1 -2 3 4 5 -6 7 -8 9 10 11 12 -13 -14 15 16 -17 18 -19 20
0xd82efeb894154770 3553 1 -2 3 4 5 -6 7 -8 9 10 11 12 -13 -14 15 16 -17 18 -19 20
0x49824e7ec2a1b4a9 3553 1 -2 3 4 5 -6 7 -8 9 10 11 12 -13 -14 15 16 -17 18 -19 20
0xd2949b4079c450a 3553 1 -2 3 4 5 -6 7 -8 9 10 11 12 -13 -14 15 16 -17 18 -19 20
0x4a094764a7ec00bd 3553 1 -2 3 4 5 -6 7 -8 9 10 11 12 -13 -14 15 16 -17 18 -19 20
0x751a8cb4fadd466e 3553 1 -2 3 4 5 -6 7 -8 9 10 11 12 -13 -14 15 16 -17 18 -19 20
0x5098c85a7abb60cc 3553 1 -2 3 4 5 -6 7 -8 9 10 11 12 -13 -14 15 16 -17 18 -19 20
0xc3695e1cfd33ac0d 3553 1 -2 3 4 5 -6 7 -8 9 10 11 12 -13 -14 15 16 -17 18 -19 20
0x811e55c3a2530c9b 3553 1 -2 3 4 5 -6 7 -8 9 10 11 12 -13 -14 15 16 -17 18 -19 20
0xede7810f96af4ade 3553 1 -2 3 4 5 -6 7 -8 9 10 11 12 -13 -14 15 16 -17 18 -19 20
0xe911e350e1150e03 3553 1 -2 3 4 5 -6 7 -8 9 10 11 12 -13 -14 15 16 -17 18 -19 20
0x33f1194dd8f0277e 3553 1 -2 3 4 5 -6 7 -8 9 10 11 12 -13 -14 15 16 -17 18 -19 20
0xce8513d67d331b7a 3553 1 -2 3 4 5 -6 7 -8 9 10 11 12 -13 -14 15 16 -17 18 -19 20
0x7ee0f07245f812fe 3553 1 -2 3 4 5 -6 7 -8 9 10 11 12 -13 -14 15 16 -17 18 -19 20
0x81ae295baee85bfe 3553 1 -2 3 4 5 -6 7 -8 9 10 11 12 -13 -14 15 16 -17 18 -19 20
0x3fe5ac5698821d37 3553 1 -2 3 4 5 -6 7 -8 9 10 11 12 -13 -14 15 16 -17 18 -19 20
0xb5639ad430b42d52 3553 1 -2 3 4 5 -6 7 -8 9 10 11 12 -13 -14 15 16 -17 18 -19 20
0xc492772455ce4b90 3553 1 -2 3 4 5 -6 7 -8 9 10 11 12 -13 -14 15 16 -17 18 -19 20
0xfbac7c6be9106178 3553 1 -2 3 4 5 -6 7 -8 9 10 11 12 -13 -14 15 16 -17 18 -19 20
0x21d0e222355d4055 3553 1 -2 3 4 5 -6 7 -8 9 10 11 12 -13 -14 15 16 -17 18 -19 20
0x1221ef923a8deeb5 3553 1 -2 3 4 5 -6 7 -8 9 10 11 12 -13 -14 15 16 -17 18 -19 20
0xff3d4636ba0ee2b7 3553 1 -2 3 4 5 -6 7 -8 9 10 11 12 -13 -14 15 16 -17 18 -19 20
0xfb0db61baff9e700 3553 1 -2 3 4 5 -6 7 -8 9 10 11 12 -13 -14 15 16 -17 18 -19 20
0x4a28c03fb346c255 3290 1 -2 3 4 5 -6 7 -8 9 10 11 12 -13 -14 15 16 -17 -18 -19 20