0x74c63b8de2692d65 3571 1 2 3 4 -5 6 -7 8 9 10 11 12 13 -14 15 16 17 18 19 20
0xd44d07e9f11d3731 3571 1 2 3 4 -5 6 -7 8 9 10 11 12 13 -14 15 16 17 18 19 20
0x38127f5b4979b8b2 3571 1 2 3 4 -5 6 -7 8 9 10 11 12 13 -14 15 16 17 18 19 20
0xd82a73fb729f3dad 3449 1 2 3 -4 5 6 7 -8 -9 10 -11 12 13 14 -15 16 -17 -18 19 -20
0xc4651686e9216b15 3571 1 2 3 4 -5 6 -7 8 9 10 11 12 13 -14 15 16 17 18 19 20
0x243baa9656eb621e 3571 1 2 3 4 -5 6 -7 8 9 10 11 12 13 -14 15 16 17 18 19 20
0xd7d18a0d43d33dc5 3571 1 2 3 4 -5 6 -7 8 9 10 11 12 13 -14 15 16 17 18 19 20
0xc125f8a9fdd62047 3571 1 2 3 4 -5 6 -7 8 9 10 11 12 13 -14 15 16 17 18 19 20
0x3114c77b4f42d0a7 3571 1 2 3 4 -5 6 -7 8 9 10 11 12 13 -14 15 16 17 18 19 20
0x97ab07004e23adde 3571 1 2 3 4 -5 6 -7 8 9 10 11 12 13 -14 15 16 17 18 19 20
0xd2ad53e62a5246e9 3571 1 2 3 4 -5 6 -7 8 9 10 11 12 13 -14 15 16 17 18 19 20
0x4f1b65ff55f03124 3571 1 2 3 4 -5 6 -7 8 9 10 11 12 13 -14 15 16 17 18 19 20
0x77b0eaee4f26fd04 3571 1 2 3 4 -5 6 -7 8 9 10 11 12 13 -14 15 16 17 18 19 20
0xb16fa60e3567309f 3449 1 2 3 -4 5 6 7 -8 -9 10 -11 12 13 14 -15 16 -17 -18 19 -20
0x38767e9d989a932 3571 1 2 3 4 -5 6 -7 8 9 10 11 12 13 -14 15 16 17 18 19 20
0x5335825d7f284b69 3571 1 2 3 4 -5 6 -7 8 9 10 11 12 13 -14 15 16 17 18 19 20
0x28f62589e3d86e9c 3571 1 2 3 4 -5 6 -7 8 9 10 11 12 13 -14 15 16 17 18 19 20
0x9d828e98d1f688f3 3571 1 2 3 4 -5 6 -7 8 9 10 11 12 13 -14 15 16 17 18 19 20
0xc1dd0705c8ba73b3 3571 1 2 3 4 -5 6 -7 8 9 10 11 12 13 -14 15 16 17 18 19 20
0xd4d2cfc36fa6a796 3571 1 2 3 4 -5 6 -7 8 9 10 11 12 13 -14 15 16 17 18 19 20
0x3df5fec8776b0641 3571 1 2 3 4 -5 6 -7 8 9 10 11 12 13 -14 15 16 17 18 19 20
0xca9dc110a923459 3571 1 2 3 4 -5 6 -7 8 9 10 11 12 13 -14 15 16 17 18 19 20
0x19bec2298e38b786 3571 1 2 3 4 -5 6 -7 8 9 10 11 12 13 -14 15 16 17 18 19 20
0x8f3f960f9b2c5f4c 3571 1 2 3 4 -5 6 -7 8 9 10 11 12 13 -14 15 16 17 18 19 20
0x1d2e44eb665ae9d6 3571 1 2 3 4 -5 6 -7 8 9 10 11 12 13 -14 15 16 17 18 19 20
0xb9ec0b12749d0add 3571 1 2 3 4 -5 6 -7 8 9 10 11 12 13 -14 15 16 17 18 19 20
0xae4d9408b06d3fc4 3571 1 2 3 4 -5 6 -7 8 9 10 11 12 13 -14 15 16 17 18 19 20
0x4f96e3c3468705c5 3571 1 2 3 4 -5 6 -7 8 9 10 11 12 13 -14 15 16 17 18 19 20
0x1ade45c498ed4c22 3571 1 2 3 4 -5 6 -7 8 9 10 11 12 13 -14 15 16 17 18 19 20
0x3ac3ee670151b1b8 3571 1 2 3 4 -5 6 -7 8 9 10 11 12 13 -14 15 16 17 18 19 20