0xf767d0da8bc49a87 3382 -1 2 3 -4 5 6 7 8 9 10 11 12 13 14 -15 -16 17 18 19 20
0x7d1ca8bc3fbafba4 3382 -1 2 3 -4 5 6 7 8 9 10 11 12 13 14 -15 -16 17 18 19 20
0x745fbd8bf7f0749f 3382 -1 2 3 -4 5 6 7 8 9 10 11 12 13 14 -15 -16 17 18 19 20
0x2e8b22025d429f2e 3382 -1 2 3 -4 5 6 7 8 9 10 11 12 13 14 -15 -16 17 18 19 20
0xd3f61e7c1a4d6cc5 3382 -1 2 3 -4 5 6 7 8 9 10 11 12 13 14 -15 -16 17 18 19 20
0x1b17c84a68f366ca 3382 -1 2 3 -4 5 6 7 8 9 10 11 12 13 14 -15 -16 17 18 19 20
0xd2f047c64ced1323 3382 -1 2 3 -4 5 6 7 8 9 10 11 12 13 14 -15 -16 17 18 19 20
0x39db875434e9bf31 3382 -1 2 3 -4 5 6 7 8 9 10 11 12 13 14 -15 -16 17 18 19 20
0xc99be4255362ab45 3382 -1 2 3 -4 5 6 7 8 9 10 11 12 13 14 -15 -16 17 18 19 20
0xf974f950e8d32cea 3382 -1 2 3 -4 5 6 7 8 9 10 11 12 13 14 -15 -16 17 18 19 20
0x53ae6fc6519f2a1e 3382 -1 2 3 -4 5 6 7 8 9 10 11 12 13 14 -15 -16 17 18 19 20
0x971d6db3b0a8a70d 3382 -1 2 3 -4 5 6 7 8 9 10 11 12 13 14 -15 -16 17 18 19 20
0x2ebd4620b41b6b57 3382 -1 2 3 -4 5 6 7 8 9 10 11 12 13 14 -15 -16 17 18 19 20
0x66e2e0b859655fda 3382 -1 2 3 -4 5 6 7 8 9 10 11 12 13 14 -15 -16 17 18 19 20
0x671cabdd79bfb65 3382 -1 2 3 -4 5 6 7 8 9 10 11 12 13 14 -15 -16 17 18 19 20
0x169508da63dd5198 3382 -1 2 3 -4 5 6 7 8 9 10 11 12 13 14 -15 -16 17 18 19 20
0x7214a0744a3182eb 3382 -1 2 3 -4 5 6 7 8 9 10 11 12 13 14 -15 -16 17 18 19 20
0x9d0c50c64fab471d 3382 -1 2 3 -4 5 6 7 8 9 10 11 12 13 14 -15 -16 17 18 19 20
0x472a366227f88ab1 3382 -1 2 3 -4 5 6 7 8 9 10 11 12 13 14 -15 -16 17 18 19 20
0xd9c3df2cada2bfb4 3382 -1 2 3 -4 5 6 7 8 9 10 11 12 13 14 -15 -16 17 18 19 20
0x8bee795cb5bbdf9a 3382 -1 2 3 -4 5 6 7 8 9 10 11 12 13 14 -15 -16 17 18 19 20
0x83ecbee70e57f6a1 3382 -1 2 3 -4 5 6 7 8 9 10 11 12 13 14 -15 -16 17 18 19 20
0x53b56c9c3234eba1 3382 -1 2 3 -4 5 6 7 8 9 10 11 12 13 14 -15 -16 17 18 19 20
0x58d139eab98d8ea 3382 -1 2 3 -4 5 6 7 8 9 10 11 12 13 14 -15 -16 17 18 19 20
0x954fb6950abc665f 3382 -1 2 3 -4 5 6 7 8 9 10 11 12 13 14 -15 -16 17 18 19 20
0x2167f24cf8e09eb8 3382 -1 2 3 -4 5 6 7 8 9 10 11 12 13 14 -15 -16 17 18 19 20
0x54def73e224606ee 3382 -1 2 3 -4 5 6 7 8 9 10 11 12 13 14 -15 -16 17 18 19 20
0x9decfcf472af931e 3382 -1 2 3 -4 5 6 7 8 9 10 11 12 13 14 -15 -16 17 18 19 20
0xdd320c60311bcdc0 3382 -1 2 3 -4 5 6 7 8 9 10 11 12 13 14 -15 -16 17 18 19 20
0xc594e57edf4956b3 3382 -1 2 3 -4 5 6 7 8 9 10 11 12 13 14 -15 -16 17 18 19 20