0xa6e74c523063800f 3408 1 2 3 4 5 6 7 -8 -9 10 11 12 13 -14 15 16 17 18 19 20
0x26823d8279b9d0b3 3408 1 2 3 4 5 6 7 -8 -9 10 11 12 13 -14 15 16 17 18 19 20
0x4d60a86e91bf0164 3408 1 2 3 4 5 6 7 -8 -9 10 11 12 13 -14 15 16 17 18 19 20
0xf0a003a0256bb6b7 3408 1 2 3 4 5 6 7 -8 -9 10 11 12 13 -14 15 16 17 18 19 20
0x982e9f3fed9eb293 3408 1 2 3 4 5 6 7 -8 -9 10 11 12 13 -14 15 16 17 18 19 20
0xe5768402d60eb89f 3408 1 2 3 4 5 6 7 -8 -9 10 11 12 13 -14 15 16 17 18 19 20
0xb13839a197935331 3408 1 2 3 4 5 6 7 -8 -9 10 11 12 13 -14 15 16 17 18 19 20
0xc25d7ed2707d89cc 3408 1 2 3 4 5 6 7 -8 -9 10 11 12 13 -14 15 16 17 18 19 20
0xd8dfe96ecc817beb 3408 1 2 3 4 5 6 7 -8 -9 10 11 12 13 -14 15 16 17 18 19 20
0x78ec0947f4d662b4 3408 1 2 3 4 5 6 7 -8 -9 10 11 12 13 -14 15 16 17 18 19 20
0x661f1ed84bc39a2 3408 1 2 3 4 5 6 7 -8 -9 10 11 12 13 -14 15 16 17 18 19 20
0xddeb930580e15e6f 3408 1 2 3 4 5 6 7 -8 -9 10 11 12 13 -14 15 16 17 18 19 20
0x23a2ae0c9684fe1a 3408 1 2 3 4 5 6 7 -8 -9 10 11 12 13 -14 15 16 17 18 19 20
0x800f166cd08ea3c1 3408 1 2 3 4 5 6 7 -8 -9 10 11 12 13 -14 15 16 17 18 19 20
0x540e2e9c1fc3138e 3408 1 2 3 4 5 6 7 -8 -9 10 11 12 13 -14 15 16 17 18 19 20
0x82f5fb05bd844e30 3408 1 2 3 4 5 6 7 -8 -9 10 11 12 13 -14 15 16 17 18 19 20
0x9bb7b2dbe16b3cb4 3408 1 2 3 4 5 6 7 -8 -9 10 11 12 13 -14 15 16 17 18 19 20
0xdadfa38293fbf44e 3408 1 2 3 4 5 6 7 -8 -9 10 11 12 13 -14 15 16 17 18 19 20
0x8f31d813add607d6 3408 1 2 3 4 5 6 7 -8 -9 10 11 12 13 -14 15 16 17 18 19 20
0x9c1910dc3d50e948 3408 1 2 3 4 5 6 7 -8 -9 10 11 12 13 -14 15 16 17 18 19 20
0x1019feb0e4e8b306 3408 1 2 3 4 5 6 7 -8 -9 10 11 12 13 -14 15 16 17 18 19 20
0x28aaa0b3be75ccf0 3408 1 2 3 4 5 6 7 -8 -9 10 11 12 13 -14 15 16 17 18 19 20
0x7f6d05558206bfd4 3408 1 2 3 4 5 6 7 -8 -9 10 11 12 13 -14 15 16 17 18 19 20
0x2fc6316f6514dbb5 3408 1 2 3 4 5 6 7 -8 -9 10 11 12 13 -14 15 16 17 18 19 20
0x73a19cae09b55c21 3408 1 2 3 4 5 6 7 -8 -9 10 11 12 13 -14 15 16 17 18 19 20
0x9f19341ac20dae19 3329 1 2 3 4 5 6 7 -8 9 -10 11 12 13 14 -15 16 17 18 19 20
0xe4018c562c6d5911 3408 1 2 3 4 5 6 7 -8 -9 10 11 12 13 -14 15 16 17 18 19 20
0x9026da3e43fd9d2d 3408 1 2 3 4 5 6 7 -8 -9 10 11 12 13 -14 15 16 17 18 19 20
0x2989df5d08ab85ea 3408 1 2 3 4 5 6 7 -8 -9 10 11 12 13 -14 15 16 17 18 19 20
0xc882152f578a1e42 3408 1 2 3 4 5 6 7 -8 -9 10 11 12 13 -14 15 16 17 18 19 20