0x7b418b8955ccaeec 3872 1 -2 -3 4 5 -6 7 -8 9 10 11 12 13 -14 -15 16 17 18 19 20
0x9029769aaf377ba6 3872 1 -2 -3 4 5 -6 7 -8 9 10 11 12 13 -14 -15 16 17 18 19 20
0x545aa55717a6f37b 3872 1 -2 -3 4 5 -6 7 -8 9 10 11 12 13 -14 -15 16 17 18 19 20
0xd1a3732faf486477 3872 1 -2 -3 4 5 -6 7 -8 9 10 11 12 13 -14 -15 16 17 18 19 20
0x96523ab4f615a657 3872 1 -2 -3 4 5 -6 7 -8 9 10 11 12 13 -14 -15 16 17 18 19 20
0x574352f75102cf5b 3872 1 -2 -3 4 5 -6 7 -8 9 10 11 12 13 -14 -15 16 17 18 19 20
0x2e90aa242f60178f 3872 1 -2 -3 4 5 -6 7 -8 9 10 11 12 13 -14 -15 16 17 18 19 20
0xa7d1db2f4e2ed497 3872 1 -2 -3 4 5 -6 7 -8 9 10 11 12 13 -14 -15 16 17 18 19 20
0x1dafdad31dc59f44 3872 1 -2 -3 4 5 -6 7 -8 9 10 11 12 13 -14 -15 16 17 18 19 20
0x90b86bb8c308e07e 3872 1 -2 -3 4 5 -6 7 -8 9 10 11 12 13 -14 -15 16 17 18 19 20
0x19e0fc1561579cc8 3872 1 -2 -3 4 5 -6 7 -8 9 10 11 12 13 -14 -15 16 17 18 19 20
0xd956e8ed997639b4 3872 1 -2 -3 4 5 -6 7 -8 9 10 11 12 13 -14 -15 16 17 18 19 20
0x307449d346051b74 3872 1 -2 -3 4 5 -6 7 -8 9 10 11 12 13 -14 -15 16 17 18 19 20
0xebde224369a13c4b 3872 1 -2 -3 4 5 -6 7 -8 9 10 11 12 13 -14 -15 16 17 18 19 20
0xcd52a73233ffdce4 3872 1 -2 -3 4 5 -6 7 -8 9 10 11 12 13 -14 -15 16 17 18 19 20
0xd44d5e856e1cedcb 3872 1 -2 -3 4 5 -6 7 -8 9 10 11 12 13 -14 -15 16 17 18 19 20
0xdcefafabd3842767 3872 1 -2 -3 4 5 -6 7 -8 9 10 11 12 13 -14 -15 16 17 18 19 20
0x3dbffdbab24b7b30 3872 1 -2 -3 4 5 -6 7 -8 9 10 11 12 13 -14 -15 16 17 18 19 20
0x700101afe912ddbc 3872 1 -2 -3 4 5 -6 7 -8 9 10 11 12 13 -14 -15 16 17 18 19 20
0xca22eb303b870693 3872 1 -2 -3 4 5 -6 7 -8 9 10 11 12 13 -14 -15 16 17 18 19 20
0x30c99b6d1399200f 3872 1 -2 -3 4 5 -6 7 -8 9 10 11 12 13 -14 -15 16 17 18 19 20
0xc1d0515fdef074d3 3872 1 -2 -3 4 5 -6 7 -8 9 10 11 12 13 -14 -15 16 17 18 19 20
0x330fd5c8901c0929 3744 -1 2 3 4 5 -6 7 8 9 10 -11 12 -13 14 15 16 17 18 19 20
0x1891021d0ce26248 3872 1 -2 -3 4 5 -6 7 -8 9 10 11 12 13 -14 -15 16 17 18 19 20
0x47a34e58176b7b42 3872 1 -2 -3 4 5 -6 7 -8 9 10 11 12 13 -14 -15 16 17 18 19 20
0x571bf7374d91ef62 3872 1 -2 -3 4 5 -6 7 -8 9 10 11 12 13 -14 -15 16 17 18 19 20
0x533ef1d44466f85c 3872 1 -2 -3 4 5 -6 7 -8 9 10 11 12 13 -14 -15 16 17 18 19 20
0x92f9e8cdf423343a 3872 1 -2 -3 4 5 -6 7 -8 9 10 11 12 13 -14 -15 16 17 18 19 20
0xaa1fc01a854b19ec 3872 1 -2 -3 4 5 -6 7 -8 9 10 11 12 13 -14 -15 16 17 18 19 20
0xf6c848c4132c09e7 3872 1 -2 -3 4 5 -6 7 -8 9 10 11 12 13 -14 -15 16 17 18 19 20