0x75b68145aa768f76 3890 1 2 -3 4 -5 6 -7 8 9 10 11 12 -13 14 15 16 17 18 19 20
0xd3b568ba7998459b 3890 1 2 -3 4 -5 6 -7 8 9 10 11 12 -13 14 15 16 17 18 19 20
0xf5cdd73ab2cff41e 3890 1 2 -3 4 -5 6 -7 8 9 10 11 12 -13 14 15 16 17 18 19 20
0x8d3b151b3f600099 3890 1 2 -3 4 -5 6 -7 8 9 10 11 12 -13 14 15 16 17 18 19 20
0xa4f0a14d906ae06 3890 1 2 -3 4 -5 6 -7 8 9 10 11 12 -13 14 15 16 17 18 19 20
0x93aaf1444e14a7e 3890 1 2 -3 4 -5 6 -7 8 9 10 11 12 -13 14 15 16 17 18 19 20
0x35dbd5b91d4720c2 3890 1 2 -3 4 -5 6 -7 8 9 10 11 12 -13 14 15 16 17 18 19 20
0x4de93fda05ac79b5 3890 1 2 -3 4 -5 6 -7 8 9 10 11 12 -13 14 15 16 17 18 19 20
0x9d03c8662958e82b 3890 1 2 -3 4 -5 6 -7 8 9 10 11 12 -13 14 15 16 17 18 19 20
0x41caafe2c6213559 3890 1 2 -3 4 -5 6 -7 8 9 10 11 12 -13 14 15 16 17 18 19 20
0x21f1d8025d62e417 3890 1 2 -3 4 -5 6 -7 8 9 10 11 12 -13 14 15 16 17 18 19 20
0x306a39fcb79f005b 3890 1 2 -3 4 -5 6 -7 8 9 10 11 12 -13 14 15 16 17 18 19 20
0x3b079d3c654b264 3890 1 2 -3 4 -5 6 -7 8 9 10 11 12 -13 14 15 16 17 18 19 20
0x8e3a15fcf1deaf54 3890 1 2 -3 4 -5 6 -7 8 9 10 11 12 -13 14 15 16 17 18 19 20
0x8b5c9063aa3a2dca 3890 1 2 -3 4 -5 6 -7 8 9 10 11 12 -13 14 15 16 17 18 19 20
0xf9e6b11cbeeceed8 3890 1 2 -3 4 -5 6 -7 8 9 10 11 12 -13 14 15 16 17 18 19 20
0xd45b8bdb89f1cf0d 3890 1 2 -3 4 -5 6 -7 8 9 10 11 12 -13 14 15 16 17 18 19 20
0x635426bfd1153e7f 3890 1 2 -3 4 -5 6 -7 8 9 10 11 12 -13 14 15 16 17 18 19 20
0x86b7a0f738a4479b 3890 1 2 -3 4 -5 6 -7 8 9 10 11 12 -13 14 15 16 17 18 19 20
0x93a936ce6c03df1d 3890 1 2 -3 4 -5 6 -7 8 9 10 11 12 -13 14 15 16 17 18 19 20
0x7699bb03af167d8f 3890 1 2 -3 4 -5 6 -7 8 9 10 11 12 -13 14 15 16 17 18 19 20
0x672e5722a8cba3e8 3890 1 2 -3 4 -5 6 -7 8 9 10 11 12 -13 14 15 16 17 18 19 20
0xeffef06e9cedf59d 3890 1 2 -3 4 -5 6 -7 8 9 10 11 12 -13 14 15 16 17 18 19 20
0xcfd006f6ac8b2c2 3890 1 2 -3 4 -5 6 -7 8 9 10 11 12 -13 14 15 16 17 18 19 20
0xf4af9932f059acc8 3890 1 2 -3 4 -5 6 -7 8 9 10 11 12 -13 14 15 16 17 18 19 20
0x681f616c1015b0e3 3890 1 2 -3 4 -5 6 -7 8 9 10 11 12 -13 14 15 16 17 18 19 20
0x4d8905631e462ef0 3890 1 2 -3 4 -5 6 -7 8 9 10 11 12 -13 14 15 16 17 18 19 20
0x32d215917040e1cc 3890 1 2 -3 4 -5 6 -7 8 9 10 11 12 -13 14 15 16 17 18 19 20
0xc73c57a943797b1e 3890 1 2 -3 4 -5 6 -7 8 9 10 11 12 -13 14 15 16 17 18 19 20
0x254fb5bc6458cc 3890 1 2 -3 4 -5 6 -7 8 9 10 11 12 -13 14 15 16 17 18 19 20