0xd2392b4c81fc6165 4018 1 2 -3 -4 5 6 7 -8 9 10 11 12 13 14 15 16 17 18 19 -20
0x809220ff79ed1c9a 4018 1 2 -3 -4 5 6 7 -8 9 10 11 12 13 14 15 16 17 18 19 -20
0x5ee384ee4b6f4a4d 4018 1 2 -3 -4 5 6 7 -8 9 10 11 12 13 14 15 16 17 18 19 -20
0x8559860fa25bd39c 4018 1 2 -3 -4 5 6 7 -8 9 10 11 12 13 14 15 16 17 18 19 -20
0x829ae5609b04808d 4018 1 2 -3 -4 5 6 7 -8 9 10 11 12 13 14 15 16 17 18 19 -20
0x4e9ad219c2488336 4018 1 2 -3 -4 5 6 7 -8 9 10 11 12 13 14 15 16 17 18 19 -20
0x8779bacc6ae0252c 4018 1 2 -3 -4 5 6 7 -8 9 10 11 12 13 14 15 16 17 18 19 -20
0x2c1992f95bfee3d9 4018 1 2 -3 -4 5 6 7 -8 9 10 11 12 13 14 15 16 17 18 19 -20
0xd1603ad9849aa847 4018 1 2 -3 -4 5 6 7 -8 9 10 11 12 13 14 15 16 17 18 19 -20
0xed2d050e2acdf6ed 4018 1 2 -3 -4 5 6 7 -8 9 10 11 12 13 14 15 16 17 18 19 -20
0x78b29846372818c9 4018 1 2 -3 -4 5 6 7 -8 9 10 11 12 13 14 15 16 17 18 19 -20
0x8523aac68cadf0da 4018 1 2 -3 -4 5 6 7 -8 9 10 11 12 13 14 15 16 17 18 19 -20
0x7d6d8ded389c61a6 4018 1 2 -3 -4 5 6 7 -8 9 10 11 12 13 14 15 16 17 18 19 -20
0x487e89a49a9242b3 4018 1 2 -3 -4 5 6 7 -8 9 10 11 12 13 14 15 16 17 18 19 -20
0xfcd607f07a07e60f 4018 1 2 -3 -4 5 6 7 -8 9 10 11 12 13 14 15 16 17 18 19 -20
0x8a3f5de26531145d 4018 1 2 -3 -4 5 6 7 -8 9 10 11 12 13 14 15 16 17 18 19 -20
0xc9ff13dfb215f112 4018 1 2 -3 -4 5 6 7 -8 9 10 11 12 13 14 15 16 17 18 19 -20
0x526b36a9c45d5c52 4018 1 2 -3 -4 5 6 7 -8 9 10 11 12 13 14 15 16 17 18 19 -20
0x370d3e05b0c28309 4018 1 2 -3 -4 5 6 7 -8 9 10 11 12 13 14 15 16 17 18 19 -20
0x98aef62f6f34bf8a 4018 1 2 -3 -4 5 6 7 -8 9 10 11 12 13 14 15 16 17 18 19 -20
0xefc6bf5455fba309 4018 1 2 -3 -4 5 6 7 -8 9 10 11 12 13 14 15 16 17 18 19 -20
0x15e71d16a3240f20 4018 1 2 -3 -4 5 6 7 -8 9 10 11 12 13 14 15 16 17 18 19 -20
0x608c9b58048fbf5 4018 1 2 -3 -4 5 6 7 -8 9 10 11 12 13 14 15 16 17 18 19 -20
0xb9e047686eea26d6 4018 1 2 -3 -4 5 6 7 -8 9 10 11 12 13 14 15 16 17 18 19 -20
0xe118c8faf1130d86 4018 1 2 -3 -4 5 6 7 -8 9 10 11 12 13 14 15 16 17 18 19 -20
0x845934fee8282e71 4018 1 2 -3 -4 5 6 7 -8 9 10 11 12 13 14 15 16 17 18 19 -20
0xd0e29c6a6a184319 4018 1 2 -3 -4 5 6 7 -8 9 10 11 12 13 14 15 16 17 18 19 -20
0x678133e4c313f0a6 4018 1 2 -3 -4 5 6 7 -8 9 10 11 12 13 14 15 16 17 18 19 -20
0x7493d8a82cf5d99e 4018 1 2 -3 -4 5 6 7 -8 9 10 11 12 13 14 15 16 17 18 19 -20
0xb5da8d689e7829ff 4018 1 2 -3 -4 5 6 7 -8 9 10 11 12 13 14 15 16 17 18 19 -20