0x7e217b950630dbbf 3571 1 2 -3 -4 5 -6 7 8 -9 -10 11 12 13 -14 15 16 17 -18 19 -20
0x33e22c8af76a380b 3571 1 2 -3 -4 5 -6 7 8 -9 -10 11 12 13 -14 15 16 17 -18 19 -20
0x118beaa27dae1ee7 3571 1 2 -3 -4 5 -6 7 8 -9 -10 11 12 13 -14 15 16 17 -18 19 -20
0x85b1d11cfd67833e 3571 1 2 -3 -4 5 -6 7 8 -9 -10 11 12 13 -14 15 16 17 -18 19 -20
0x204cb4d799b911f0 3571 1 2 -3 -4 5 -6 7 8 -9 -10 11 12 13 -14 15 16 17 -18 19 -20
0xf1710bb05148c451 3559 -1 2 -3 4 -5 -6 7 8 9 -10 11 -12 13 -14 15 16 -17 18 19 -20
0x70d864486d791d2e 3559 -1 2 -3 4 -5 -6 7 8 9 -10 11 -12 13 -14 15 16 -17 18 19 -20
0xaad2a10bd4d0e950 3571 1 2 -3 -4 5 -6 7 8 -9 -10 11 12 13 -14 15 16 17 -18 19 -20
0x2b096b0e4d8dbbaf 3559 -1 2 -3 4 -5 -6 7 8 9 -10 11 -12 13 -14 15 16 -17 18 19 -20
0xba59422dbab7a2c3 3571 1 2 -3 -4 5 -6 7 8 -9 -10 11 12 13 -14 15 16 17 -18 19 -20
0xb58b465a3502d6d2 3571 1 2 -3 -4 5 -6 7 8 -9 -10 11 12 13 -14 15 16 17 -18 19 -20
0xaa23522aa9011110 3571 1 2 -3 -4 5 -6 7 8 -9 -10 11 12 13 -14 15 16 17 -18 19 -20
0x103498315841b592 3559 -1 2 -3 4 -5 -6 7 8 9 -10 11 -12 13 -14 15 16 -17 18 19 -20
0x583eb26ea65e6cd0 3559 -1 2 -3 4 -5 -6 7 8 9 -10 11 -12 13 -14 15 16 -17 18 19 -20
0xabac01dba296cd29 3559 -1 2 -3 4 -5 -6 7 8 9 -10 11 -12 13 -14 15 16 -17 18 19 -20
0x50b7ce80c65e80b4 3571 1 2 -3 -4 5 -6 7 8 -9 -10 11 12 13 -14 15 16 17 -18 19 -20
0x68152f2c3fea5794 3571 1 2 -3 -4 5 -6 7 8 -9 -10 11 12 13 -14 15 16 17 -18 19 -20
0x1837e71d1846e7c4 3571 1 2 -3 -4 5 -6 7 8 -9 -10 11 12 13 -14 15 16 17 -18 19 -20
0xfecb7c48e4e7d55d 3571 1 2 -3 -4 5 -6 7 8 -9 -10 11 12 13 -14 15 16 17 -18 19 -20
0xb86fcef76fe2b237 3571 1 2 -3 -4 5 -6 7 8 -9 -10 11 12 13 -14 15 16 17 -18 19 -20
0xcf960adb019a5b41 3571 1 2 -3 -4 5 -6 7 8 -9 -10 11 12 13 -14 15 16 17 -18 19 -20
0xc09d1746d8acf287 3559 -1 2 -3 4 -5 -6 7 8 9 -10 11 -12 13 -14 15 16 -17 18 19 -20
0xe2100307c3b4a77f 3571 1 2 -3 -4 5 -6 7 8 -9 -10 11 12 13 -14 15 16 17 -18 19 -20
0x247763de09f3190f 3313 1 2 -3 -4 -5 6 7 8 -9 -10 11 12 13 -14 15 16 17 -18 19 -20
0xd8ac3cc89ed6e0ca 3571 1 2 -3 -4 5 -6 7 8 -9 -10 11 12 13 -14 15 16 17 -18 19 -20
0x2793a1c8b2d0d7fa 3571 1 2 -3 -4 5 -6 7 8 -9 -10 11 12 13 -14 15 16 17 -18 19 -20
0x981a8d733e7b0ad5 3571 1 2 -3 -4 5 -6 7 8 -9 -10 11 12 13 -14 15 16 17 -18 19 -20
0x220bb0ae68159f54 3571 1 2 -3 -4 5 -6 7 8 -9 -10 11 12 13 -14 15 16 17 -18 19 -20
0xc50ad315be5bd05c 3571 1 2 -3 -4 5 -6 7 8 -9 -10 11 12 13 -14 15 16 17 -18 19 -20
0x64ab3550879f9edf 3571 1 2 -3 -4 5 -6 7 8 -9 -10 11 12 13 -14 15 16 17 -18 19 -20