0x38ad1e0852bb6f9f 3554 1 2 3 4 5 6 7 -8 9 10 11 -12 13 14 15 16 17 -18 19 -20
0x8f8c1625c7db52f1 3554 1 2 3 4 5 6 7 -8 9 10 11 -12 13 14 15 16 17 -18 19 -20
0x1805f28835ccc2bc 3554 1 2 3 4 5 6 7 -8 9 10 11 -12 13 14 15 16 17 -18 19 -20
0xd8cf530c480b3a4e 3554 1 2 3 4 5 6 7 -8 9 10 11 -12 13 14 15 16 17 -18 19 -20
0xe3c5f774d91ddb4d 3554 1 2 3 4 5 6 7 -8 9 10 11 -12 13 14 15 16 17 -18 19 -20
0x86ebf7dd4bd0db23 3554 1 2 3 4 5 6 7 -8 9 10 11 -12 13 14 15 16 17 -18 19 -20
0xd704582e3665507f 3554 1 2 3 4 5 6 7 -8 9 10 11 -12 13 14 15 16 17 -18 19 -20
0x9ec66ba820d790d3 3554 1 2 3 4 5 6 7 -8 9 10 11 -12 13 14 15 16 17 -18 19 -20
0x5b7c95894b706185 3554 1 2 3 4 5 6 7 -8 9 10 11 -12 13 14 15 16 17 -18 19 -20
0x35853f4d1cf22d76 3554 1 2 3 4 5 6 7 -8 9 10 11 -12 13 14 15 16 17 -18 19 -20
0x13be6212f8672d5e 3554 1 2 3 4 5 6 7 -8 9 10 11 -12 13 14 15 16 17 -18 19 -20
0x64eb3e2fbb3c86a1 3554 1 2 3 4 5 6 7 -8 9 10 11 -12 13 14 15 16 17 -18 19 -20
0x26125bae79e09e46 3554 1 2 3 4 5 6 7 -8 9 10 11 -12 13 14 15 16 17 -18 19 -20
0x7d5a41c9e69a3a79 3554 1 2 3 4 5 6 7 -8 9 10 11 -12 13 14 15 16 17 -18 19 -20
0xde214168e1038997 3554 1 2 3 4 5 6 7 -8 9 10 11 -12 13 14 15 16 17 -18 19 -20
0x9f67958aa95f98a3 3554 1 2 3 4 5 6 7 -8 9 10 11 -12 13 14 15 16 17 -18 19 -20
0xfe88cd597d072fa0 3554 1 2 3 4 5 6 7 -8 9 10 11 -12 13 14 15 16 17 -18 19 -20
0xa93675db0ccaee29 3554 1 2 3 4 5 6 7 -8 9 10 11 -12 13 14 15 16 17 -18 19 -20
0x28f151ee4281d71c 3554 1 2 3 4 5 6 7 -8 9 10 11 -12 13 14 15 16 17 -18 19 -20
0xf2784e3b223cc67b 3554 1 2 3 4 5 6 7 -8 9 10 11 -12 13 14 15 16 17 -18 19 -20
0xfcaf1f5b1820ea1b 3554 1 2 3 4 5 6 7 -8 9 10 11 -12 13 14 15 16 17 -18 19 -20
0xf1abfa500fc2c0b4 3554 1 2 3 4 5 6 7 -8 9 10 11 -12 13 14 15 16 17 -18 19 -20
0xcc0930a895edae34 3554 1 2 3 4 5 6 7 -8 9 10 11 -12 13 14 15 16 17 -18 19 -20
0xe63a7cf5d3985dc8 3554 1 2 3 4 5 6 7 -8 9 10 11 -12 13 14 15 16 17 -18 19 -20
0xb5224984b17c73b8 3554 1 2 3 4 5 6 7 -8 9 10 11 -12 13 14 15 16 17 -18 19 -20
0xea4e0f025c52d1e7 3554 1 2 3 4 5 6 7 -8 9 10 11 -12 13 14 15 16 17 -18 19 -20
0xbb93e28142d7e69e 3554 1 2 3 4 5 6 7 -8 9 10 11 -12 13 14 15 16 17 -18 19 -20
0xc1c053d951194238 3554 1 2 3 4 5 6 7 -8 9 10 11 -12 13 14 15 16 17 -18 19 -20
0xae3abd9c83a6f90e 3554 1 2 3 4 5 6 7 -8 9 10 11 -12 13 14 15 16 17 -18 19 -20
0x2e857085170b0251 3554 1 2 3 4 5 6 7 -8 9 10 11 -12 13 14 15 16 17 -18 19 -20