0x6e3021b555a36d59 2555 1 2 -3 4 5 6 7 8 -9 10 11 12 13 14 15 16 17 18 19 -20
0x9ac3caa634749a57 2555 1 2 -3 4 5 6 7 8 -9 10 11 12 13 14 15 16 17 18 19 -20
0x2807784cba44a4bc 2555 1 2 -3 4 5 6 7 8 -9 10 11 12 13 14 15 16 17 18 19 -20
0x8a47a77b00b27b43 2555 1 2 -3 4 5 6 7 8 -9 10 11 12 13 14 15 16 17 18 19 -20
0x7fc20cef2d2e994e 2555 1 2 -3 4 5 6 7 8 -9 10 11 12 13 14 15 16 17 18 19 -20
0xa799dddfd1b18956 2555 1 2 -3 4 5 6 7 8 -9 10 11 12 13 14 15 16 17 18 19 -20
0x318f6ccf3f18866e 2555 1 2 -3 4 5 6 7 8 -9 10 11 12 13 14 15 16 17 18 19 -20
0x1dfdc0bea2a75ea9 2555 1 2 -3 4 5 6 7 8 -9 10 11 12 13 14 15 16 17 18 19 -20
0xe344f60e8a7de3ad 2555 1 2 -3 4 5 6 7 8 -9 10 11 12 13 14 15 16 17 18 19 -20
0x5287e97cace4b02e 2555 1 2 -3 4 5 6 7 8 -9 10 11 12 13 14 15 16 17 18 19 -20
0xee2384923ecb49ee 2555 1 2 -3 4 5 6 7 8 -9 10 11 12 13 14 15 16 17 18 19 -20
0x99cdf82f3ae4b43f 2555 1 2 -3 4 5 6 7 8 -9 10 11 12 13 14 15 16 17 18 19 -20
0x443df62e673b6eca 2555 1 2 -3 4 5 6 7 8 -9 10 11 12 13 14 15 16 17 18 19 -20
0x30cf3f490017ec04 2555 1 2 -3 4 5 6 7 8 -9 10 11 12 13 14 15 16 17 18 19 -20
0xe653d45d4b9dd20e 2555 1 2 -3 4 5 6 7 8 -9 10 11 12 13 14 15 16 17 18 19 -20
0xe467c606d195046f 2555 1 2 -3 4 5 6 7 8 -9 10 11 12 13 14 15 16 17 18 19 -20
0x903cfbf5b24f6626 2555 1 2 -3 4 5 6 7 8 -9 10 11 12 13 14 15 16 17 18 19 -20
0x99904b1aec0d3524 2555 1 2 -3 4 5 6 7 8 -9 10 11 12 13 14 15 16 17 18 19 -20
0x4823b753939ad490 2555 1 2 -3 4 5 6 7 8 -9 10 11 12 13 14 15 16 17 18 19 -20
0x772baad727f4df32 2555 1 2 -3 4 5 6 7 8 -9 10 11 12 13 14 15 16 17 18 19 -20
0xd1be0856e34bac1f 2555 1 2 -3 4 5 6 7 8 -9 10 11 12 13 14 15 16 17 18 19 -20
0x801f1a1d55894022 2555 1 2 -3 4 5 6 7 8 -9 10 11 12 13 14 15 16 17 18 19 -20
0x2dd427712dc84b72 2555 1 2 -3 4 5 6 7 8 -9 10 11 12 13 14 15 16 17 18 19 -20
0x7c6820f48e5da3 2555 1 2 -3 4 5 6 7 8 -9 10 11 12 13 14 15 16 17 18 19 -20
0x1b2874dc2f2ec572 2555 1 2 -3 4 5 6 7 8 -9 10 11 12 13 14 15 16 17 18 19 -20
0x2cd14f91bed2c07a 2555 1 2 -3 4 5 6 7 8 -9 10 11 12 13 14 15 16 17 18 19 -20
0x535a59adf3e0a67f 2555 1 2 -3 4 5 6 7 8 -9 10 11 12 13 14 15 16 17 18 19 -20
0x8b557b6b9f0cec84 2555 1 2 -3 4 5 6 7 8 -9 10 11 12 13 14 15 16 17 18 19 -20
0xacf9d58c61a8efd5 2555 1 2 -3 4 5 6 7 8 -9 10 11 12 13 14 15 16 17 18 19 -20
0xff0cfa4a8f1b9644 2555 1 2 -3 4 5 6 7 8 -9 10 11 12 13 14 15 16 17 18 19 -20