0x4c289a0ea6180fb4 2292 1 2 3 4 5 6 7 8 9 -10 -11 12 -13 14 15 -16 -17 18 19 20
0x24eeab5e30c5ffde 2292 1 2 3 4 5 6 7 8 9 -10 -11 12 -13 14 15 -16 -17 18 19 20
0x35db6f1f5137101d 2292 1 2 3 4 5 6 7 8 9 -10 -11 12 -13 14 15 -16 -17 18 19 20
0x808df8786807ec21 2292 1 2 3 4 5 6 7 8 9 -10 -11 12 -13 14 15 -16 -17 18 19 20
0x64e8f7bcfa27c1c1 2292 1 2 3 4 5 6 7 8 9 -10 -11 12 -13 14 15 -16 -17 18 19 20
0x46faa1a195123ad0 2292 1 2 3 4 5 6 7 8 9 -10 -11 12 -13 14 15 -16 -17 18 19 20
0x230845a21b3913dd 2292 1 2 3 4 5 6 7 8 9 -10 -11 12 -13 14 15 -16 -17 18 19 20
0x91ba3f2b9ee7585f 2292 1 2 3 4 5 6 7 8 9 -10 -11 12 -13 14 15 -16 -17 18 19 20
0x4a56b7b782b29eeb 2292 1 2 3 4 5 6 7 8 9 -10 -11 12 -13 14 15 -16 -17 18 19 20
0x631f6a2d962b79c8 2292 1 2 3 4 5 6 7 8 9 -10 -11 12 -13 14 15 -16 -17 18 19 20
0xccea324a2bcb2b3c 2292 1 2 3 4 5 6 7 8 9 -10 -11 12 -13 14 15 -16 -17 18 19 20
0x32635496d3d9413d 2292 1 2 3 4 5 6 7 8 9 -10 -11 12 -13 14 15 -16 -17 18 19 20
0xd873c7d44fa5eb21 2292 1 2 3 4 5 6 7 8 9 -10 -11 12 -13 14 15 -16 -17 18 19 20
0x4ff5e1125ee453df 2292 1 2 3 4 5 6 7 8 9 -10 -11 12 -13 14 15 -16 -17 18 19 20
0xee749491887a5737 2292 1 2 3 4 5 6 7 8 9 -10 -11 12 -13 14 15 -16 -17 18 19 20
0x15a70b63163e4dbf 2292 1 2 3 4 5 6 7 8 9 -10 -11 12 -13 14 15 -16 -17 18 19 20
0x1f8a2c40dba34cb5 2292 1 2 3 4 5 6 7 8 9 -10 -11 12 -13 14 15 -16 -17 18 19 20
0xb3cace43d6bbcd0e 2292 1 2 3 4 5 6 7 8 9 -10 -11 12 -13 14 15 -16 -17 18 19 20
0xf9cc8de742aaf64 2292 1 2 3 4 5 6 7 8 9 -10 -11 12 -13 14 15 -16 -17 18 19 20
0xb069da59b520a544 2292 1 2 3 4 5 6 7 8 9 -10 -11 12 -13 14 15 -16 -17 18 19 20
0x66bf5458a0c19302 2292 1 2 3 4 5 6 7 8 9 -10 -11 12 -13 14 15 -16 -17 18 19 20
0x393cf4e2416fd33 2292 1 2 3 4 5 6 7 8 9 -10 -11 12 -13 14 15 -16 -17 18 19 20
0xefafae01a9b50633 2292 1 2 3 4 5 6 7 8 9 -10 -11 12 -13 14 15 -16 -17 18 19 20
0x8bb6ecc9aa768897 2292 1 2 3 4 5 6 7 8 9 -10 -11 12 -13 14 15 -16 -17 18 19 20
0x72651d45eaa0180 2292 1 2 3 4 5 6 7 8 9 -10 -11 12 -13 14 15 -16 -17 18 19 20
0xbdaf8c301fdec46a 2278 1 2 3 4 5 6 7 8 9 -10 11 -12 -13 14 15 -16 -17 18 19 20
0x67659b68c208e4b7 2278 1 2 3 4 5 6 7 8 9 -10 11 -12 -13 14 15 -16 -17 18 19 20
0x5741aee7b1295947 2292 1 2 3 4 5 6 7 8 9 -10 -11 12 -13 14 15 -16 -17 18 19 20
0x3924ba3345bfee4e 2292 1 2 3 4 5 6 7 8 9 -10 -11 12 -13 14 15 -16 -17 18 19 20
0x71145ddaede12639 2292 1 2 3 4 5 6 7 8 9 -10 -11 12 -13 14 15 -16 -17 18 19 20