0x427a45fa0eb7ee 2620 1 2 3 -4 5 -6 7 -8 9 10 11 12 13 -14 15 -16 17 18 19 20
0x97157e3089a9e829 2620 1 2 3 -4 5 -6 7 -8 9 10 11 12 13 -14 15 -16 17 18 19 20
0x72bf7a7b73555e94 2620 1 2 3 -4 5 -6 7 -8 9 10 11 12 13 -14 15 -16 17 18 19 20
0xefd28b8ee9bbed16 2620 1 2 3 -4 5 -6 7 -8 9 10 11 12 13 -14 15 -16 17 18 19 20
0x80ebd10973097aba 2620 1 2 3 -4 5 -6 7 -8 9 10 11 12 13 -14 15 -16 17 18 19 20
0xf3bdf539ae23b531 2620 1 2 3 -4 5 -6 7 -8 9 10 11 12 13 -14 15 -16 17 18 19 20
0x1e02254fe5365424 2620 1 2 3 -4 5 -6 7 -8 9 10 11 12 13 -14 15 -16 17 18 19 20
0x3baf7e23c8ea5b24 2620 1 2 3 -4 5 -6 7 -8 9 10 11 12 13 -14 15 -16 17 18 19 20
0xae48eb73fad87a9f 2620 1 2 3 -4 5 -6 7 -8 9 10 11 12 13 -14 15 -16 17 18 19 20
0xe5938e9253b35183 2620 1 2 3 -4 5 -6 7 -8 9 10 11 12 13 -14 15 -16 17 18 19 20
0x6ed2111074f63819 2620 1 2 3 -4 5 -6 7 -8 9 10 11 12 13 -14 15 -16 17 18 19 20
0x2bb5f8c28cc974c0 2620 1 2 3 -4 5 -6 7 -8 9 10 11 12 13 -14 15 -16 17 18 19 20
0xc089f4d92dd43bae 2620 1 2 3 -4 5 -6 7 -8 9 10 11 12 13 -14 15 -16 17 18 19 20
0xbb7977f735fb317c 2620 1 2 3 -4 5 -6 7 -8 9 10 11 12 13 -14 15 -16 17 18 19 20
0x1aefb7f6f1d1f988 2620 1 2 3 -4 5 -6 7 -8 9 10 11 12 13 -14 15 -16 17 18 19 20
0x6f21b7b04dbebe7b 2620 1 2 3 -4 5 -6 7 -8 9 10 11 12 13 -14 15 -16 17 18 19 20
0xd4a902e743c23ef8 2620 1 2 3 -4 5 -6 7 -8 9 10 11 12 13 -14 15 -16 17 18 19 20
0xc9d81c44acfaeb19 2620 1 2 3 -4 5 -6 7 -8 9 10 11 12 13 -14 15 -16 17 18 19 20
0xb45e4feb7e19a6ee 2620 1 2 3 -4 5 -6 7 -8 9 10 11 12 13 -14 15 -16 17 18 19 20
0xbb34fe9fa33d9df4 2603 1 2 -3 4 5 -6 7 -8 9 10 -11 12 13 14 15 -16 17 18 19 20
0xbb964913c6e7b837 2620 1 2 3 -4 5 -6 7 -8 9 10 11 12 13 -14 15 -16 17 18 19 20
0xa34e280d62ddc669 2620 1 2 3 -4 5 -6 7 -8 9 10 11 12 13 -14 15 -16 17 18 19 20
0xd48edb6f4e3e37ce 2620 1 2 3 -4 5 -6 7 -8 9 10 11 12 13 -14 15 -16 17 18 19 20
0xc2c0b3d345311b9c 2620 1 2 3 -4 5 -6 7 -8 9 10 11 12 13 -14 15 -16 17 18 19 20
0xd8e058571f10f29d 2620 1 2 3 -4 5 -6 7 -8 9 10 11 12 13 -14 15 -16 17 18 19 20
0x869bcf8248eb56d2 2620 1 2 3 -4 5 -6 7 -8 9 10 11 12 13 -14 15 -16 17 18 19 20
0x2c091aad21833453 2620 1 2 3 -4 5 -6 7 -8 9 10 11 12 13 -14 15 -16 17 18 19 20
0x91f18864f7400e5b 2620 1 2 3 -4 5 -6 7 -8 9 10 11 12 13 -14 15 -16 17 18 19 20
0x7cd1fbe9c98970c9 2620 1 2 3 -4 5 -6 7 -8 9 10 11 12 13 -14 15 -16 17 18 19 20
0xe7a984b098da71a2 2620 1 2 3 -4 5 -6 7 -8 9 10 11 12 13 -14 15 -16 17 18 19 20