0x39de26261a37035d 2677 1 -2 3 4 5 6 7 8 9 10 11 12 -13 14 15 16 -17 18 19 20
0x31d3c101af4144ac 2677 1 -2 3 4 5 6 7 8 9 10 11 12 -13 14 15 16 -17 18 19 20
0x2a8c3b044c7294d3 2677 1 -2 3 4 5 6 7 8 9 10 11 12 -13 14 15 16 -17 18 19 20
0x40b5804bd9796d80 2677 1 -2 3 4 5 6 7 8 9 10 11 12 -13 14 15 16 -17 18 19 20
0x22fe692d57f432cb 2677 1 -2 3 4 5 6 7 8 9 10 11 12 -13 14 15 16 -17 18 19 20
0x6d21a3edbf308688 2677 1 -2 3 4 5 6 7 8 9 10 11 12 -13 14 15 16 -17 18 19 20
0x5c0dccaa6c5b6cab 2677 1 -2 3 4 5 6 7 8 9 10 11 12 -13 14 15 16 -17 18 19 20
0x2187341336ebc357 2677 1 -2 3 4 5 6 7 8 9 10 11 12 -13 14 15 16 -17 18 19 20
0x2508895e2df8850a 2677 1 -2 3 4 5 6 7 8 9 10 11 12 -13 14 15 16 -17 18 19 20
0xbba268269ba04412 2677 1 -2 3 4 5 6 7 8 9 10 11 12 -13 14 15 16 -17 18 19 20
0x523367bd60e89f4c 2677 1 -2 3 4 5 6 7 8 9 10 11 12 -13 14 15 16 -17 18 19 20
0x4a2c5ca6c7127cd9 2677 1 -2 3 4 5 6 7 8 9 10 11 12 -13 14 15 16 -17 18 19 20
0xa1439335a8c5e600 2677 1 -2 3 4 5 6 7 8 9 10 11 12 -13 14 15 16 -17 18 19 20
0x17695473d5b60892 2677 1 -2 3 4 5 6 7 8 9 10 11 12 -13 14 15 16 -17 18 19 20
0xcf5a80a57ee1742d 2677 1 -2 3 4 5 6 7 8 9 10 11 12 -13 14 15 16 -17 18 19 20
0xd1742a526a947223 2677 1 -2 3 4 5 6 7 8 9 10 11 12 -13 14 15 16 -17 18 19 20
0x42d6c1923df37ac 2677 1 -2 3 4 5 6 7 8 9 10 11 12 -13 14 15 16 -17 18 19 20
0x12b41cf797cbffb6 2677 1 -2 3 4 5 6 7 8 9 10 11 12 -13 14 15 16 -17 18 19 20
0xd33ec29df8fd1fce 2677 1 -2 3 4 5 6 7 8 9 10 11 12 -13 14 15 16 -17 18 19 20
0xd5eee8f19aa949a9 2677 1 -2 3 4 5 6 7 8 9 10 11 12 -13 14 15 16 -17 18 19 20
0x3cd7c98c4feddc9d 2677 1 -2 3 4 5 6 7 8 9 10 11 12 -13 14 15 16 -17 18 19 20
0xf3974337b04d4726 2677 1 -2 3 4 5 6 7 8 9 10 11 12 -13 14 15 16 -17 18 19 20
0xfacf90f2e9277309 2677 1 -2 3 4 5 6 7 8 9 10 11 12 -13 14 15 16 -17 18 19 20
0x53513ae18683e056 2677 1 -2 3 4 5 6 7 8 9 10 11 12 -13 14 15 16 -17 18 19 20
0xb2e28340ec105526 2677 1 -2 3 4 5 6 7 8 9 10 11 12 -13 14 15 16 -17 18 19 20
0x75eec1205beb6792 2677 1 -2 3 4 5 6 7 8 9 10 11 12 -13 14 15 16 -17 18 19 20
0x3f07840e38ddd4ad 2677 1 -2 3 4 5 6 7 8 9 10 11 12 -13 14 15 16 -17 18 19 20
0x439031920e8a5d43 2677 1 -2 3 4 5 6 7 8 9 10 11 12 -13 14 15 16 -17 18 19 20
0xd33cf05b1275302b 2677 1 -2 3 4 5 6 7 8 9 10 11 12 -13 14 15 16 -17 18 19 20
0xcf41e99c6edf8e74 2677 1 -2 3 4 5 6 7 8 9 10 11 12 -13 14 15 16 -17 18 19 20