0xd50d09427079b074 9193 1 -2 -3 4 5 6 -7 8 9 10 11 12 13 14 -15 16 -17 18 19 20
0x44d620cbfd1542c0 9193 1 -2 -3 4 5 6 -7 8 9 10 11 12 13 14 -15 16 -17 18 19 20
0xd8c110cb57074934 9193 1 -2 -3 4 5 6 -7 8 9 10 11 12 13 14 -15 16 -17 18 19 20
0x51efc3d7c563f7de 9193 1 -2 -3 4 5 6 -7 8 9 10 11 12 13 14 -15 16 -17 18 19 20
0xdbf7b3fbf4f63b09 9193 1 -2 -3 4 5 6 -7 8 9 10 11 12 13 14 -15 16 -17 18 19 20
0x68ec1f2da4483b61 9193 1 -2 -3 4 5 6 -7 8 9 10 11 12 13 14 -15 16 -17 18 19 20
0x772d4595de2d753b 9193 1 -2 -3 4 5 6 -7 8 9 10 11 12 13 14 -15 16 -17 18 19 20
0xf08ee34c19b4d89b 9193 1 -2 -3 4 5 6 -7 8 9 10 11 12 13 14 -15 16 -17 18 19 20
0xf8ddbe7138b1e454 9193 1 -2 -3 4 5 6 -7 8 9 10 11 12 13 14 -15 16 -17 18 19 20
0xbb8413f83736277d 9193 1 -2 -3 4 5 6 -7 8 9 10 11 12 13 14 -15 16 -17 18 19 20
0xfa341b2a56503ef0 9193 1 -2 -3 4 5 6 -7 8 9 10 11 12 13 14 -15 16 -17 18 19 20
0xc8d35921864362cb 9193 1 -2 -3 4 5 6 -7 8 9 10 11 12 13 14 -15 16 -17 18 19 20
0x6844c44ee47d83f1 8854 1 -2 -3 4 5 6 -7 8 9 10 11 12 13 14 -15 16 -17 18 -19 20
0x556d97b2673894a7 9193 1 -2 -3 4 5 6 -7 8 9 10 11 12 13 14 -15 16 -17 18 19 20
0x248bb1b6886918b0 9193 1 -2 -3 4 5 6 -7 8 9 10 11 12 13 14 -15 16 -17 18 19 20
0xab5e89378c29301b 9193 1 -2 -3 4 5 6 -7 8 9 10 11 12 13 14 -15 16 -17 18 19 20
0xffb5b81216885088 9193 1 -2 -3 4 5 6 -7 8 9 10 11 12 13 14 -15 16 -17 18 19 20
0x5c727dc022b26e1d 9193 1 -2 -3 4 5 6 -7 8 9 10 11 12 13 14 -15 16 -17 18 19 20
0x7c64aaa23385a91c 9193 1 -2 -3 4 5 6 -7 8 9 10 11 12 13 14 -15 16 -17 18 19 20
0xe9727480473bc147 9193 1 -2 -3 4 5 6 -7 8 9 10 11 12 13 14 -15 16 -17 18 19 20
0xfc1178fe3b2ce797 9193 1 -2 -3 4 5 6 -7 8 9 10 11 12 13 14 -15 16 -17 18 19 20
0x6ba6841096f6a267 8832 1 -2 3 -4 5 6 -7 8 9 10 11 12 13 14 -15 16 -17 18 19 20
0xc60cb4006c7a619a 9193 1 -2 -3 4 5 6 -7 8 9 10 11 12 13 14 -15 16 -17 18 19 20
0xf4a7e0cc3853fb88 9193 1 -2 -3 4 5 6 -7 8 9 10 11 12 13 14 -15 16 -17 18 19 20
0xe0d87356bd485317 9193 1 -2 -3 4 5 6 -7 8 9 10 11 12 13 14 -15 16 -17 18 19 20
0xd980cf41adf3c34 9193 1 -2 -3 4 5 6 -7 8 9 10 11 12 13 14 -15 16 -17 18 19 20
0xf18e17e1f6f8d751 8854 1 -2 -3 4 5 6 -7 8 9 10 11 12 13 14 -15 16 -17 18 -19 20
0xa736213643829125 9193 1 -2 -3 4 5 6 -7 8 9 10 11 12 13 14 -15 16 -17 18 19 20
0x7b96dc55a988a029 9193 1 -2 -3 4 5 6 -7 8 9 10 11 12 13 14 -15 16 -17 18 19 20
0x6f69f6804930121d 9193 1 -2 -3 4 5 6 -7 8 9 10 11 12 13 14 -15 16 -17 18 19 20