0x5ca91fe00e826b9d 9946 1 -2 3 4 5 -6 7 8 9 10 11 12 13 14 -15 -16 17 18 19 20
0xacf12ce172e6f31f 9946 1 -2 3 4 5 -6 7 8 9 10 11 12 13 14 -15 -16 17 18 19 20
0x8b8b42c3494e8998 9946 1 -2 3 4 5 -6 7 8 9 10 11 12 13 14 -15 -16 17 18 19 20
0x40e071cfc2e47ea3 9946 1 -2 3 4 5 -6 7 8 9 10 11 12 13 14 -15 -16 17 18 19 20
0x469e86906ea05464 9946 1 -2 3 4 5 -6 7 8 9 10 11 12 13 14 -15 -16 17 18 19 20
0xed59989b423d00b2 9946 1 -2 3 4 5 -6 7 8 9 10 11 12 13 14 -15 -16 17 18 19 20
0x531271c9fa0f10a2 9946 1 -2 3 4 5 -6 7 8 9 10 11 12 13 14 -15 -16 17 18 19 20
0x4e56299070744ef2 9946 1 -2 3 4 5 -6 7 8 9 10 11 12 13 14 -15 -16 17 18 19 20
0x234aeef0c9988861 9946 1 -2 3 4 5 -6 7 8 9 10 11 12 13 14 -15 -16 17 18 19 20
0xdd1594085906f134 9857 1 -2 3 4 5 -6 7 8 9 10 -11 12 13 14 -15 16 17 18 19 20
0x80019814e9dbbc26 9946 1 -2 3 4 5 -6 7 8 9 10 11 12 13 14 -15 -16 17 18 19 20
0x9d8aea23a34f78ac 9946 1 -2 3 4 5 -6 7 8 9 10 11 12 13 14 -15 -16 17 18 19 20
0xd723b6414c4776ed 9946 1 -2 3 4 5 -6 7 8 9 10 11 12 13 14 -15 -16 17 18 19 20
0xb53f1d032b7205d2 9946 1 -2 3 4 5 -6 7 8 9 10 11 12 13 14 -15 -16 17 18 19 20
0x776236a52b53063e 9946 1 -2 3 4 5 -6 7 8 9 10 11 12 13 14 -15 -16 17 18 19 20
0xb7384d9abaab98bc 9946 1 -2 3 4 5 -6 7 8 9 10 11 12 13 14 -15 -16 17 18 19 20
0xe8a88dfeaad3b5d 9946 1 -2 3 4 5 -6 7 8 9 10 11 12 13 14 -15 -16 17 18 19 20
0x96b96b637988cb16 9946 1 -2 3 4 5 -6 7 8 9 10 11 12 13 14 -15 -16 17 18 19 20
0x203f63870bf29d41 9946 1 -2 3 4 5 -6 7 8 9 10 11 12 13 14 -15 -16 17 18 19 20
0x5d716256f4a06510 9946 1 -2 3 4 5 -6 7 8 9 10 11 12 13 14 -15 -16 17 18 19 20
0xeae47908e984d9a1 9946 1 -2 3 4 5 -6 7 8 9 10 11 12 13 14 -15 -16 17 18 19 20
0x491adf037bf722bd 9857 1 -2 3 4 5 -6 7 8 9 10 -11 12 13 14 -15 16 17 18 19 20
0x236f6e2c3b8436b0 9946 1 -2 3 4 5 -6 7 8 9 10 11 12 13 14 -15 -16 17 18 19 20
0xbabb25497b4626a1 9946 1 -2 3 4 5 -6 7 8 9 10 11 12 13 14 -15 -16 17 18 19 20
0xecf37a4f5e060766 9946 1 -2 3 4 5 -6 7 8 9 10 11 12 13 14 -15 -16 17 18 19 20
0xef657a8c05e879e5 9946 1 -2 3 4 5 -6 7 8 9 10 11 12 13 14 -15 -16 17 18 19 20
0xe0505607973e8c0c 9946 1 -2 3 4 5 -6 7 8 9 10 11 12 13 14 -15 -16 17 18 19 20
0xfe5e68123fee01c0 9946 1 -2 3 4 5 -6 7 8 9 10 11 12 13 14 -15 -16 17 18 19 20
0x51a4c30d9fb2f631 9946 1 -2 3 4 5 -6 7 8 9 10 11 12 13 14 -15 -16 17 18 19 20
0x252c5441ad618726 9946 1 -2 3 4 5 -6 7 8 9 10 11 12 13 14 -15 -16 17 18 19 20