0x1440fe54de288053 8842 1 2 3 -4 5 6 7 -8 9 10 11 12 13 -14 15 16 -17 18 19 20
0xb5965535525bd24f 8842 1 2 3 -4 5 6 7 -8 9 10 11 12 13 -14 15 16 -17 18 19 20
0xe106817ce3480a11 8842 1 2 3 -4 5 6 7 -8 9 10 11 12 13 -14 15 16 -17 18 19 20
0x2f690b8e64c7c218 8842 1 2 3 -4 5 6 7 -8 9 10 11 12 13 -14 15 16 -17 18 19 20
0x87d46d495d234f00 8842 1 2 3 -4 5 6 7 -8 9 10 11 12 13 -14 15 16 -17 18 19 20
0xc709db10eef76d29 8842 1 2 3 -4 5 6 7 -8 9 10 11 12 13 -14 15 16 -17 18 19 20
0x6eea38490ad429e5 8842 1 2 3 -4 5 6 7 -8 9 10 11 12 13 -14 15 16 -17 18 19 20
0x3774e1d3c0804d4c 8842 1 2 3 -4 5 6 7 -8 9 10 11 12 13 -14 15 16 -17 18 19 20
0x786ba418d260ff91 8842 1 2 3 -4 5 6 7 -8 9 10 11 12 13 -14 15 16 -17 18 19 20
0xe1aea93049e9068c 8842 1 2 3 -4 5 6 7 -8 9 10 11 12 13 -14 15 16 -17 18 19 20
0xd3c770652f212738 8842 1 2 3 -4 5 6 7 -8 9 10 11 12 13 -14 15 16 -17 18 19 20
0x527415b9da329735 8842 1 2 3 -4 5 6 7 -8 9 10 11 12 13 -14 15 16 -17 18 19 20
0x3620e962ec497e45 8842 1 2 3 -4 5 6 7 -8 9 10 11 12 13 -14 15 16 -17 18 19 20
0x387e5749c36587d0 8842 1 2 3 -4 5 6 7 -8 9 10 11 12 13 -14 15 16 -17 18 19 20
0x67a11e8a9aee8462 8842 1 2 3 -4 5 6 7 -8 9 10 11 12 13 -14 15 16 -17 18 19 20
0x2c7cd6b8694e1d8a 8842 1 2 3 -4 5 6 7 -8 9 10 11 12 13 -14 15 16 -17 18 19 20
0xafaceb9eae4e4e05 8842 1 2 3 -4 5 6 7 -8 9 10 11 12 13 -14 15 16 -17 18 19 20
0x3fac6ef9b26da23 8722 1 2 3 -4 5 6 7 -8 -9 -10 11 12 -13 14 15 16 17 18 19 20
0xceda7b3276926c24 8842 1 2 3 -4 5 6 7 -8 9 10 11 12 13 -14 15 16 -17 18 19 20
0x21a38dfd3ef7a5ce 8842 1 2 3 -4 5 6 7 -8 9 10 11 12 13 -14 15 16 -17 18 19 20
0x89c0538074c815e7 8842 1 2 3 -4 5 6 7 -8 9 10 11 12 13 -14 15 16 -17 18 19 20
0xba8719fca30cbdbe 8842 1 2 3 -4 5 6 7 -8 9 10 11 12 13 -14 15 16 -17 18 19 20
0x304fe052d53fcfdf 8842 1 2 3 -4 5 6 7 -8 9 10 11 12 13 -14 15 16 -17 18 19 20
0x9200adc8932cc29c 8842 1 2 3 -4 5 6 7 -8 9 10 11 12 13 -14 15 16 -17 18 19 20
0x52e9bdeeecf81c66 8722 1 2 3 -4 5 6 7 -8 -9 -10 11 12 -13 14 15 16 17 18 19 20
0xe5afd05ace65b0e1 8842 1 2 3 -4 5 6 7 -8 9 10 11 12 13 -14 15 16 -17 18 19 20
0xd8be45575842b54 8722 1 2 3 -4 5 6 7 -8 -9 -10 11 12 -13 14 15 16 17 18 19 20
0xfb2f3bf9c2f07ed1 8842 1 2 3 -4 5 6 7 -8 9 10 11 12 13 -14 15 16 -17 18 19 20
0x800a4bc54d2e4b2 8842 1 2 3 -4 5 6 7 -8 9 10 11 12 13 -14 15 16 -17 18 19 20
0x14fa7115018221f4 8842 1 2 3 -4 5 6 7 -8 9 10 11 12 13 -14 15 16 -17 18 19 20