0x75975c674ad803a2 11705 -1 2 3 4 5 6 -7 8 9 10 11 12 -13 14 15 -16 -17 18 19 20
0xa655c8b73dd6eb1b 11705 -1 2 3 4 5 6 -7 8 9 10 11 12 -13 14 15 -16 -17 18 19 20
0x63fe0bd0e5cce4f1 11705 -1 2 3 4 5 6 -7 8 9 10 11 12 -13 14 15 -16 -17 18 19 20
0x2d790d88d41126a1 11705 -1 2 3 4 5 6 -7 8 9 10 11 12 -13 14 15 -16 -17 18 19 20
0x33c694074e1c5816 11705 -1 2 3 4 5 6 -7 8 9 10 11 12 -13 14 15 -16 -17 18 19 20
0xdf61e77c31386f3d 11705 -1 2 3 4 5 6 -7 8 9 10 11 12 -13 14 15 -16 -17 18 19 20
0xc4759371b1768636 11705 -1 2 3 4 5 6 -7 8 9 10 11 12 -13 14 15 -16 -17 18 19 20
0x933085229cef7c2f 11705 -1 2 3 4 5 6 -7 8 9 10 11 12 -13 14 15 -16 -17 18 19 20
0xdfaca7ab847606f2 11176 -1 2 3 4 5 6 -7 8 9 10 11 12 -13 14 15 -16 -17 18 19 -20
0xc17a354c6dfe8fa6 11705 -1 2 3 4 5 6 -7 8 9 10 11 12 -13 14 15 -16 -17 18 19 20
0x4aeae98454431ab4 11705 -1 2 3 4 5 6 -7 8 9 10 11 12 -13 14 15 -16 -17 18 19 20
0x35fbe49389de745d 11705 -1 2 3 4 5 6 -7 8 9 10 11 12 -13 14 15 -16 -17 18 19 20
0xe4e9263e805e38a7 11705 -1 2 3 4 5 6 -7 8 9 10 11 12 -13 14 15 -16 -17 18 19 20
0x54e7e734ca9b408 11705 -1 2 3 4 5 6 -7 8 9 10 11 12 -13 14 15 -16 -17 18 19 20
0x7c7afdce900a37e8 11705 -1 2 3 4 5 6 -7 8 9 10 11 12 -13 14 15 -16 -17 18 19 20
0x15965d4888003076 11705 -1 2 3 4 5 6 -7 8 9 10 11 12 -13 14 15 -16 -17 18 19 20
0x725ad8f681231b2a 11176 -1 2 3 4 5 6 -7 8 9 10 11 12 -13 14 15 -16 -17 18 19 -20
0x1fb8d292d7b78b7b 11705 -1 2 3 4 5 6 -7 8 9 10 11 12 -13 14 15 -16 -17 18 19 20
0x2921baa27b728a17 11705 -1 2 3 4 5 6 -7 8 9 10 11 12 -13 14 15 -16 -17 18 19 20
0x9af6c6360cc687b8 11001 -1 2 3 4 5 -6 -7 8 9 10 11 12 -13 14 15 -16 -17 18 19 20
0xb091f9f4880021f2 11705 -1 2 3 4 5 6 -7 8 9 10 11 12 -13 14 15 -16 -17 18 19 20
0xcee82142d5365eb7 11705 -1 2 3 4 5 6 -7 8 9 10 11 12 -13 14 15 -16 -17 18 19 20
0x5a67ffb68bb29b2 11705 -1 2 3 4 5 6 -7 8 9 10 11 12 -13 14 15 -16 -17 18 19 20
0xa596710e9d17fb9e 11705 -1 2 3 4 5 6 -7 8 9 10 11 12 -13 14 15 -16 -17 18 19 20
0x378eda66860073d9 11705 -1 2 3 4 5 6 -7 8 9 10 11 12 -13 14 15 -16 -17 18 19 20
0x1b6cb638e79887af 11705 -1 2 3 4 5 6 -7 8 9 10 11 12 -13 14 15 -16 -17 18 19 20
0x3d8aa0afd5bf2941 11176 -1 2 3 4 5 6 -7 8 9 10 11 12 -13 14 15 -16 -17 18 19 -20
0xfd8ba5221ee1dd6c 11705 -1 2 3 4 5 6 -7 8 9 10 11 12 -13 14 15 -16 -17 18 19 20
0xd8e26871f9d9b85 11705 -1 2 3 4 5 6 -7 8 9 10 11 12 -13 14 15 -16 -17 18 19 20
0x4f43ba4a0912eec 11705 -1 2 3 4 5 6 -7 8 9 10 11 12 -13 14 15 -16 -17 18 19 20