0x2590005bd2f49f29 10092 -1 2 3 4 5 6 7 8 9 10 -11 12 13 -14 15 16 17 18 19 20
0xcbf4810cf11f3b5c 10092 -1 2 3 4 5 6 7 8 9 10 -11 12 13 -14 15 16 17 18 19 20
0x5927b5a6bc6a7847 10092 -1 2 3 4 5 6 7 8 9 10 -11 12 13 -14 15 16 17 18 19 20
0xb36a6eb58812664d 10092 -1 2 3 4 5 6 7 8 9 10 -11 12 13 -14 15 16 17 18 19 20
0x4ed47eb79c9022b3 10092 -1 2 3 4 5 6 7 8 9 10 -11 12 13 -14 15 16 17 18 19 20
0x9b4b89a0121d3123 10092 -1 2 3 4 5 6 7 8 9 10 -11 12 13 -14 15 16 17 18 19 20
0x6e832455190de529 10092 -1 2 3 4 5 6 7 8 9 10 -11 12 13 -14 15 16 17 18 19 20
0xe96e8abd3da32302 10092 -1 2 3 4 5 6 7 8 9 10 -11 12 13 -14 15 16 17 18 19 20
0x16aea8fad48a8315 10092 -1 2 3 4 5 6 7 8 9 10 -11 12 13 -14 15 16 17 18 19 20
0x8e3316a992767592 10092 -1 2 3 4 5 6 7 8 9 10 -11 12 13 -14 15 16 17 18 19 20
0x9ef949706e23bfd 10092 -1 2 3 4 5 6 7 8 9 10 -11 12 13 -14 15 16 17 18 19 20
0x9a79c887cf4c0602 10092 -1 2 3 4 5 6 7 8 9 10 -11 12 13 -14 15 16 17 18 19 20
0x24a281f11a4228a4 10092 -1 2 3 4 5 6 7 8 9 10 -11 12 13 -14 15 16 17 18 19 20
0x48ef8074d45d2b10 10092 -1 2 3 4 5 6 7 8 9 10 -11 12 13 -14 15 16 17 18 19 20
0x15c93c14fb697710 10092 -1 2 3 4 5 6 7 8 9 10 -11 12 13 -14 15 16 17 18 19 20
0x88929f200686077e 10092 -1 2 3 4 5 6 7 8 9 10 -11 12 13 -14 15 16 17 18 19 20
0x6445f85b5007b5f0 10092 -1 2 3 4 5 6 7 8 9 10 -11 12 13 -14 15 16 17 18 19 20
0x88d149a0f0f01a9b 10092 -1 2 3 4 5 6 7 8 9 10 -11 12 13 -14 15 16 17 18 19 20
0xb766b727315e7bb 10092 -1 2 3 4 5 6 7 8 9 10 -11 12 13 -14 15 16 17 18 19 20
0xbb0111434641f885 10092 -1 2 3 4 5 6 7 8 9 10 -11 12 13 -14 15 16 17 18 19 20
0xc4efe26037001f8d 10092 -1 2 3 4 5 6 7 8 9 10 -11 12 13 -14 15 16 17 18 19 20
0x8ba365168341b5c 10092 -1 2 3 4 5 6 7 8 9 10 -11 12 13 -14 15 16 17 18 19 20
0xa1aec2a0d895085d 10092 -1 2 3 4 5 6 7 8 9 10 -11 12 13 -14 15 16 17 18 19 20
0x257266f19b9002f9 10092 -1 2 3 4 5 6 7 8 9 10 -11 12 13 -14 15 16 17 18 19 20
0xefc59a318322c4a3 10092 -1 2 3 4 5 6 7 8 9 10 -11 12 13 -14 15 16 17 18 19 20
0xb8029915c32f0e0b 10092 -1 2 3 4 5 6 7 8 9 10 -11 12 13 -14 15 16 17 18 19 20
0x63609568e14af166 10092 -1 2 3 4 5 6 7 8 9 10 -11 12 13 -14 15 16 17 18 19 20
0x8785d187ebab87eb 10092 -1 2 3 4 5 6 7 8 9 10 -11 12 13 -14 15 16 17 18 19 20
0xdc8b8be4a4653757 10092 -1 2 3 4 5 6 7 8 9 10 -11 12 13 -14 15 16 17 18 19 20
0xf5d7799cd6a37a0c 10092 -1 2 3 4 5 6 7 8 9 10 -11 12 13 -14 15 16 17 18 19 20