0xdd8f1673d2962bfa 9198 1 2 3 4 5 6 7 8 -9 10 11 12 13 -14 -15 16 -17 -18 19 20
0x873306050fb6604f 9198 1 2 3 4 5 6 7 8 -9 10 11 12 13 -14 -15 16 -17 -18 19 20
0xcaf2550c92e58417 9198 1 2 3 4 5 6 7 8 -9 10 11 12 13 -14 -15 16 -17 -18 19 20
0x5b3e85f544c5c431 9198 1 2 3 4 5 6 7 8 -9 10 11 12 13 -14 -15 16 -17 -18 19 20
0x2f460ebef8668a7e 9198 1 2 3 4 5 6 7 8 -9 10 11 12 13 -14 -15 16 -17 -18 19 20
0x16ec906f4e30ea6a 9198 1 2 3 4 5 6 7 8 -9 10 11 12 13 -14 -15 16 -17 -18 19 20
0x712f1b78faac66f8 8700 1 2 3 4 5 -6 7 8 -9 10 11 12 13 -14 -15 16 -17 -18 19 20
0x7341340595737ecf 9198 1 2 3 4 5 6 7 8 -9 10 11 12 13 -14 -15 16 -17 -18 19 20
0x1aa609737fcd4dba 9140 1 -2 -3 4 5 6 7 8 9 10 11 12 13 -14 -15 16 -17 -18 19 20
0xf6e1fdd22f013e29 9140 1 -2 -3 4 5 6 7 8 9 10 11 12 13 -14 -15 16 -17 -18 19 20
0xe0b27d6704bacab0 9198 1 2 3 4 5 6 7 8 -9 10 11 12 13 -14 -15 16 -17 -18 19 20
0xbfa262986134f85 9198 1 2 3 4 5 6 7 8 -9 10 11 12 13 -14 -15 16 -17 -18 19 20
0xacda5f42fb731ecb 8966 1 2 3 4 5 6 -7 -8 -9 10 11 12 13 -14 15 -16 17 -18 19 20
0x1e778328057a4ca0 9198 1 2 3 4 5 6 7 8 -9 10 11 12 13 -14 -15 16 -17 -18 19 20
0xe5f5b801f59d7546 9140 1 -2 -3 4 5 6 7 8 9 10 11 12 13 -14 -15 16 -17 -18 19 20
0xf5efc7784619fb9f 9198 1 2 3 4 5 6 7 8 -9 10 11 12 13 -14 -15 16 -17 -18 19 20
0x8b2cba424520160f 9198 1 2 3 4 5 6 7 8 -9 10 11 12 13 -14 -15 16 -17 -18 19 20
0xdac7b3af650043fe 9198 1 2 3 4 5 6 7 8 -9 10 11 12 13 -14 -15 16 -17 -18 19 20
0x23b19d214a765359 9198 1 2 3 4 5 6 7 8 -9 10 11 12 13 -14 -15 16 -17 -18 19 20
0xdf8aa18cd837f610 9198 1 2 3 4 5 6 7 8 -9 10 11 12 13 -14 -15 16 -17 -18 19 20
0x4cf36edfad70dd48 9140 1 -2 -3 4 5 6 7 8 9 10 11 12 13 -14 -15 16 -17 -18 19 20
0x642f2178386f7864 9198 1 2 3 4 5 6 7 8 -9 10 11 12 13 -14 -15 16 -17 -18 19 20
0xf8a0b77866ada57d 9198 1 2 3 4 5 6 7 8 -9 10 11 12 13 -14 -15 16 -17 -18 19 20
0x8561a546e4b4e462 9140 1 -2 -3 4 5 6 7 8 9 10 11 12 13 -14 -15 16 -17 -18 19 20
0xa8db836e5aef27fc 9198 1 2 3 4 5 6 7 8 -9 10 11 12 13 -14 -15 16 -17 -18 19 20
0x56a89144c54b0d73 9198 1 2 3 4 5 6 7 8 -9 10 11 12 13 -14 -15 16 -17 -18 19 20
0xcaba38ffec088249 9140 1 -2 -3 4 5 6 7 8 9 10 11 12 13 -14 -15 16 -17 -18 19 20
0x575590342660de8d 9140 1 -2 -3 4 5 6 7 8 9 10 11 12 13 -14 -15 16 -17 -18 19 20
0x8ecd6e0df7987fd7 9198 1 2 3 4 5 6 7 8 -9 10 11 12 13 -14 -15 16 -17 -18 19 20
0x314a1b7eb1618164 9198 1 2 3 4 5 6 7 8 -9 10 11 12 13 -14 -15 16 -17 -18 19 20