0xd1da0af818b35e51 9092 1 2 -3 4 5 6 7 8 9 -10 -11 12 13 14 15 16 -17 18 19 20
0xf7edb8591c91ac9 9092 1 2 -3 4 5 6 7 8 9 -10 -11 12 13 14 15 16 -17 18 19 20
0xada5894ce0faf30b 9092 1 2 -3 4 5 6 7 8 9 -10 -11 12 13 14 15 16 -17 18 19 20
0xa60204a6e8d2d24d 9092 1 2 -3 4 5 6 7 8 9 -10 -11 12 13 14 15 16 -17 18 19 20
0x2a86085fd3c21dd6 9092 1 2 -3 4 5 6 7 8 9 -10 -11 12 13 14 15 16 -17 18 19 20
0xc3544432ca38dbb8 9092 1 2 -3 4 5 6 7 8 9 -10 -11 12 13 14 15 16 -17 18 19 20
0x22f9fe8713e184a4 9092 1 2 -3 4 5 6 7 8 9 -10 -11 12 13 14 15 16 -17 18 19 20
0x73e4bea0113c5ee3 8638 -1 2 3 4 5 6 7 8 9 10 -11 -12 13 14 15 16 -17 18 19 20
0xc12dee31a8bc78c3 9092 1 2 -3 4 5 6 7 8 9 -10 -11 12 13 14 15 16 -17 18 19 20
0x69dae04d7cb2034a 9092 1 2 -3 4 5 6 7 8 9 -10 -11 12 13 14 15 16 -17 18 19 20
0xd26f8baf03a05c52 9092 1 2 -3 4 5 6 7 8 9 -10 -11 12 13 14 15 16 -17 18 19 20
0x11ba5c30256baee0 9092 1 2 -3 4 5 6 7 8 9 -10 -11 12 13 14 15 16 -17 18 19 20
0x8ef3243ea171cafd 9092 1 2 -3 4 5 6 7 8 9 -10 -11 12 13 14 15 16 -17 18 19 20
0xde65485e0013ab34 9092 1 2 -3 4 5 6 7 8 9 -10 -11 12 13 14 15 16 -17 18 19 20
0x1ad731183c3a7e4d 9092 1 2 -3 4 5 6 7 8 9 -10 -11 12 13 14 15 16 -17 18 19 20
0x4e586eda4d61970 9092 1 2 -3 4 5 6 7 8 9 -10 -11 12 13 14 15 16 -17 18 19 20
0xbe947e1b1b4703f3 9092 1 2 -3 4 5 6 7 8 9 -10 -11 12 13 14 15 16 -17 18 19 20
0x905671b59f9fa431 9092 1 2 -3 4 5 6 7 8 9 -10 -11 12 13 14 15 16 -17 18 19 20
0x1a4cb8c418cc2e18 9092 1 2 -3 4 5 6 7 8 9 -10 -11 12 13 14 15 16 -17 18 19 20
0xfb8065a152f26da8 9092 1 2 -3 4 5 6 7 8 9 -10 -11 12 13 14 15 16 -17 18 19 20
0x1c725778f1fa49d7 9092 1 2 -3 4 5 6 7 8 9 -10 -11 12 13 14 15 16 -17 18 19 20
0xe08986c0a283a4ae 9092 1 2 -3 4 5 6 7 8 9 -10 -11 12 13 14 15 16 -17 18 19 20
0xcb0b20fc0a55a2ac 9092 1 2 -3 4 5 6 7 8 9 -10 -11 12 13 14 15 16 -17 18 19 20
0xdee52fde595ac4f2 9092 1 2 -3 4 5 6 7 8 9 -10 -11 12 13 14 15 16 -17 18 19 20
0x34176bf62f9d0217 9092 1 2 -3 4 5 6 7 8 9 -10 -11 12 13 14 15 16 -17 18 19 20
0xbb71ba862d27876b 9092 1 2 -3 4 5 6 7 8 9 -10 -11 12 13 14 15 16 -17 18 19 20
0x21f0addf984ed251 9092 1 2 -3 4 5 6 7 8 9 -10 -11 12 13 14 15 16 -17 18 19 20
0x1f5867b14d738455 9092 1 2 -3 4 5 6 7 8 9 -10 -11 12 13 14 15 16 -17 18 19 20
0xa742ff75ee84d9a8 9092 1 2 -3 4 5 6 7 8 9 -10 -11 12 13 14 15 16 -17 18 19 20
0x29018302de1bcb21 9092 1 2 -3 4 5 6 7 8 9 -10 -11 12 13 14 15 16 -17 18 19 20