0xc8064cdee619a037 8319 1 -2 3 4 5 6 7 8 9 10 11 -12 13 14 15 16 17 18 19 20
0x5c5f51a7a55250ee 8319 1 -2 3 4 5 6 7 8 9 10 11 -12 13 14 15 16 17 18 19 20
0xb627a09a0a849cdf 8319 1 -2 3 4 5 6 7 8 9 10 11 -12 13 14 15 16 17 18 19 20
0x4f95e43608f481d 8319 1 -2 3 4 5 6 7 8 9 10 11 -12 13 14 15 16 17 18 19 20
0xae7d85f91ac18cf5 8319 1 -2 3 4 5 6 7 8 9 10 11 -12 13 14 15 16 17 18 19 20
0x4e9c7f68bb18cad4 8319 1 -2 3 4 5 6 7 8 9 10 11 -12 13 14 15 16 17 18 19 20
0x2603f168afdb9bb8 8319 1 -2 3 4 5 6 7 8 9 10 11 -12 13 14 15 16 17 18 19 20
0x15bf6ace8b66618a 8319 1 -2 3 4 5 6 7 8 9 10 11 -12 13 14 15 16 17 18 19 20
0xaaf165518a539a04 8319 1 -2 3 4 5 6 7 8 9 10 11 -12 13 14 15 16 17 18 19 20
0x630731ed956a9305 8319 1 -2 3 4 5 6 7 8 9 10 11 -12 13 14 15 16 17 18 19 20
0x62f041f51849714c 8319 1 -2 3 4 5 6 7 8 9 10 11 -12 13 14 15 16 17 18 19 20
0x19a4136e1416cac2 8319 1 -2 3 4 5 6 7 8 9 10 11 -12 13 14 15 16 17 18 19 20
0x434bdcafb00ebf42 8319 1 -2 3 4 5 6 7 8 9 10 11 -12 13 14 15 16 17 18 19 20
0x4705f617a72b0743 8319 1 -2 3 4 5 6 7 8 9 10 11 -12 13 14 15 16 17 18 19 20
0xa6b8544ccff3043e 8319 1 -2 3 4 5 6 7 8 9 10 11 -12 13 14 15 16 17 18 19 20
0x6b8e93c6569d581f 8319 1 -2 3 4 5 6 7 8 9 10 11 -12 13 14 15 16 17 18 19 20
0x79b146c4946ceb0 8319 1 -2 3 4 5 6 7 8 9 10 11 -12 13 14 15 16 17 18 19 20
0x963c0271bbbccb43 8319 1 -2 3 4 5 6 7 8 9 10 11 -12 13 14 15 16 17 18 19 20
0x56c4c873b7f806a4 8319 1 -2 3 4 5 6 7 8 9 10 11 -12 13 14 15 16 17 18 19 20
0xe9c3a6ce2b8aa93e 8319 1 -2 3 4 5 6 7 8 9 10 11 -12 13 14 15 16 17 18 19 20
0xd26e6c4028970d8d 8319 1 -2 3 4 5 6 7 8 9 10 11 -12 13 14 15 16 17 18 19 20
0x14908bbffaa2b6c4 8319 1 -2 3 4 5 6 7 8 9 10 11 -12 13 14 15 16 17 18 19 20
0xc9000b9f210347bf 8319 1 -2 3 4 5 6 7 8 9 10 11 -12 13 14 15 16 17 18 19 20
0xf86609df69f9862b 8319 1 -2 3 4 5 6 7 8 9 10 11 -12 13 14 15 16 17 18 19 20
0x9542b4f34b32beb6 8319 1 -2 3 4 5 6 7 8 9 10 11 -12 13 14 15 16 17 18 19 20
0x7f872a468b4b9840 8319 1 -2 3 4 5 6 7 8 9 10 11 -12 13 14 15 16 17 18 19 20
0x7598e4d44da0b39d 8319 1 -2 3 4 5 6 7 8 9 10 11 -12 13 14 15 16 17 18 19 20
0xb6f32707abb37394 8319 1 -2 3 4 5 6 7 8 9 10 11 -12 13 14 15 16 17 18 19 20
0xf91f5571f5dad242 8319 1 -2 3 4 5 6 7 8 9 10 11 -12 13 14 15 16 17 18 19 20
0xfb424b316588cb2f 8319 1 -2 3 4 5 6 7 8 9 10 11 -12 13 14 15 16 17 18 19 20