0x3ca2b5b9a5587795 10162 1 2 -3 4 5 6 7 8 -9 10 11 12 -13 14 15 16 17 18 19 -20
0x1b9d6d5588636ef2 10162 1 2 -3 4 5 6 7 8 -9 10 11 12 -13 14 15 16 17 18 19 -20
0xc105bd22f30e3fa7 10162 1 2 -3 4 5 6 7 8 -9 10 11 12 -13 14 15 16 17 18 19 -20
0x3993b5e9bf1022b9 10162 1 2 -3 4 5 6 7 8 -9 10 11 12 -13 14 15 16 17 18 19 -20
0x7cccfdb471027e63 10162 1 2 -3 4 5 6 7 8 -9 10 11 12 -13 14 15 16 17 18 19 -20
0x46e9a02735d84995 10162 1 2 -3 4 5 6 7 8 -9 10 11 12 -13 14 15 16 17 18 19 -20
0xc309ee03fa271090 10162 1 2 -3 4 5 6 7 8 -9 10 11 12 -13 14 15 16 17 18 19 -20
0x2062007832e0bb81 10162 1 2 -3 4 5 6 7 8 -9 10 11 12 -13 14 15 16 17 18 19 -20
0x55adad2660830e31 10162 1 2 -3 4 5 6 7 8 -9 10 11 12 -13 14 15 16 17 18 19 -20
0x18e6206ef6c75555 10162 1 2 -3 4 5 6 7 8 -9 10 11 12 -13 14 15 16 17 18 19 -20
0x8b698df05a529c70 10162 1 2 -3 4 5 6 7 8 -9 10 11 12 -13 14 15 16 17 18 19 -20
0x41b636e8b280eb5f 10162 1 2 -3 4 5 6 7 8 -9 10 11 12 -13 14 15 16 17 18 19 -20
0x2e361d71a33fc926 10162 1 2 -3 4 5 6 7 8 -9 10 11 12 -13 14 15 16 17 18 19 -20
0xf3810d70e03271a 10162 1 2 -3 4 5 6 7 8 -9 10 11 12 -13 14 15 16 17 18 19 -20
0xa9c5cb31115a244e 10162 1 2 -3 4 5 6 7 8 -9 10 11 12 -13 14 15 16 17 18 19 -20
0x9ece5c4532d0353f 10162 1 2 -3 4 5 6 7 8 -9 10 11 12 -13 14 15 16 17 18 19 -20
0x2f375da0a0e17bc3 10162 1 2 -3 4 5 6 7 8 -9 10 11 12 -13 14 15 16 17 18 19 -20
0x439eabf535cf5b2f 10162 1 2 -3 4 5 6 7 8 -9 10 11 12 -13 14 15 16 17 18 19 -20
0xfb29a1afc45494c8 10162 1 2 -3 4 5 6 7 8 -9 10 11 12 -13 14 15 16 17 18 19 -20
0x52ee0edbf4d6786d 10162 1 2 -3 4 5 6 7 8 -9 10 11 12 -13 14 15 16 17 18 19 -20
0xd28c6a3ad8faf582 10162 1 2 -3 4 5 6 7 8 -9 10 11 12 -13 14 15 16 17 18 19 -20
0xbbb9f7a26cc19820 10162 1 2 -3 4 5 6 7 8 -9 10 11 12 -13 14 15 16 17 18 19 -20
0xe6fcdf949b9fbe7b 10162 1 2 -3 4 5 6 7 8 -9 10 11 12 -13 14 15 16 17 18 19 -20
0x20fb742475ee9293 10162 1 2 -3 4 5 6 7 8 -9 10 11 12 -13 14 15 16 17 18 19 -20
0x9ebb1f050373941f 10162 1 2 -3 4 5 6 7 8 -9 10 11 12 -13 14 15 16 17 18 19 -20
0x7b4ad1d36710b5f4 10162 1 2 -3 4 5 6 7 8 -9 10 11 12 -13 14 15 16 17 18 19 -20
0x8814bef8cd46d8ef 10162 1 2 -3 4 5 6 7 8 -9 10 11 12 -13 14 15 16 17 18 19 -20
0xb94469151e1c9ec9 10162 1 2 -3 4 5 6 7 8 -9 10 11 12 -13 14 15 16 17 18 19 -20
0xe8efd58f1232112f 10162 1 2 -3 4 5 6 7 8 -9 10 11 12 -13 14 15 16 17 18 19 -20
0x3791aa0d96c7483f 10162 1 2 -3 4 5 6 7 8 -9 10 11 12 -13 14 15 16 17 18 19 -20