0x4ce7f04bbc811ea5 6153 1 2 -3 4 5 6 -7 8 9 10 11 12 13 14 15 16 -17 -18 -19 20
0xd33a0c44f1ad2eb9 6153 1 2 -3 4 5 6 -7 8 9 10 11 12 13 14 15 16 -17 -18 -19 20
0x409cf1ab79901d2 6153 1 2 -3 4 5 6 -7 8 9 10 11 12 13 14 15 16 -17 -18 -19 20
0x455f78f9cc3c39f 6153 1 2 -3 4 5 6 -7 8 9 10 11 12 13 14 15 16 -17 -18 -19 20
0x98869eacc8bd38b9 6153 1 2 -3 4 5 6 -7 8 9 10 11 12 13 14 15 16 -17 -18 -19 20
0x2f6b8fb480aaa39b 6153 1 2 -3 4 5 6 -7 8 9 10 11 12 13 14 15 16 -17 -18 -19 20
0xdfc57f4dcd3edbbb 6153 1 2 -3 4 5 6 -7 8 9 10 11 12 13 14 15 16 -17 -18 -19 20
0x356bb6604d5a3713 6153 1 2 -3 4 5 6 -7 8 9 10 11 12 13 14 15 16 -17 -18 -19 20
0xbfacba06e084b3d2 6153 1 2 -3 4 5 6 -7 8 9 10 11 12 13 14 15 16 -17 -18 -19 20
0x998b03e0d084f0fe 6153 1 2 -3 4 5 6 -7 8 9 10 11 12 13 14 15 16 -17 -18 -19 20
0xb3869d833c38ca3a 6153 1 2 -3 4 5 6 -7 8 9 10 11 12 13 14 15 16 -17 -18 -19 20
0xe4a8a3363e40e9da 6153 1 2 -3 4 5 6 -7 8 9 10 11 12 13 14 15 16 -17 -18 -19 20
0x411009f74d217d25 6153 1 2 -3 4 5 6 -7 8 9 10 11 12 13 14 15 16 -17 -18 -19 20
0x7ae044ae44a276ea 6153 1 2 -3 4 5 6 -7 8 9 10 11 12 13 14 15 16 -17 -18 -19 20
0x9b4fa4ad95ee0c46 6153 1 2 -3 4 5 6 -7 8 9 10 11 12 13 14 15 16 -17 -18 -19 20
0x57ec916d2f6c57b4 6153 1 2 -3 4 5 6 -7 8 9 10 11 12 13 14 15 16 -17 -18 -19 20
0xf345f3839ce74e55 6153 1 2 -3 4 5 6 -7 8 9 10 11 12 13 14 15 16 -17 -18 -19 20
0x9b346ee9ae5a7382 6153 1 2 -3 4 5 6 -7 8 9 10 11 12 13 14 15 16 -17 -18 -19 20
0xd14f486d0e35f690 6153 1 2 -3 4 5 6 -7 8 9 10 11 12 13 14 15 16 -17 -18 -19 20
0xb6e11271b10d26e3 6153 1 2 -3 4 5 6 -7 8 9 10 11 12 13 14 15 16 -17 -18 -19 20
0x4c357ceef6e46a37 6153 1 2 -3 4 5 6 -7 8 9 10 11 12 13 14 15 16 -17 -18 -19 20
0x669ae4a4e3db212a 6153 1 2 -3 4 5 6 -7 8 9 10 11 12 13 14 15 16 -17 -18 -19 20
0x802f7da1a102260d 6153 1 2 -3 4 5 6 -7 8 9 10 11 12 13 14 15 16 -17 -18 -19 20
0x9bcb34f5c90fd1ec 6153 1 2 -3 4 5 6 -7 8 9 10 11 12 13 14 15 16 -17 -18 -19 20
0x6d4ca5b4158eb3db 6153 1 2 -3 4 5 6 -7 8 9 10 11 12 13 14 15 16 -17 -18 -19 20
0x4e80bd2d325c6684 6153 1 2 -3 4 5 6 -7 8 9 10 11 12 13 14 15 16 -17 -18 -19 20
0x6209ea689d122fef 6153 1 2 -3 4 5 6 -7 8 9 10 11 12 13 14 15 16 -17 -18 -19 20
0x9b54f4e5fe815790 6153 1 2 -3 4 5 6 -7 8 9 10 11 12 13 14 15 16 -17 -18 -19 20
0x4c0ed694c4095e97 6153 1 2 -3 4 5 6 -7 8 9 10 11 12 13 14 15 16 -17 -18 -19 20
0xe4f09c54fd96b330 6153 1 2 -3 4 5 6 -7 8 9 10 11 12 13 14 15 16 -17 -18 -19 20