0x76c4065b02e6e891 8605 1 -2 3 -4 5 6 7 8 9 10 11 12 13 14 15 16 17 18 19 -20
0x5340968563da876b 8605 1 -2 3 -4 5 6 7 8 9 10 11 12 13 14 15 16 17 18 19 -20
0x77bd94f79ac5b0ae 8605 1 -2 3 -4 5 6 7 8 9 10 11 12 13 14 15 16 17 18 19 -20
0xb31246ba7c82bd5c 8605 1 -2 3 -4 5 6 7 8 9 10 11 12 13 14 15 16 17 18 19 -20
0x73a186b5da889fca 8605 1 -2 3 -4 5 6 7 8 9 10 11 12 13 14 15 16 17 18 19 -20
0x79d8030670e822d4 8605 1 -2 3 -4 5 6 7 8 9 10 11 12 13 14 15 16 17 18 19 -20
0x63d9bc902827df62 8605 1 -2 3 -4 5 6 7 8 9 10 11 12 13 14 15 16 17 18 19 -20
0xe54e1e370bb061b3 8605 1 -2 3 -4 5 6 7 8 9 10 11 12 13 14 15 16 17 18 19 -20
0x9324a2d2a786c72 8605 1 -2 3 -4 5 6 7 8 9 10 11 12 13 14 15 16 17 18 19 -20
0x90673e578f2db6e1 8605 1 -2 3 -4 5 6 7 8 9 10 11 12 13 14 15 16 17 18 19 -20
0xa0a0c301a91a9a86 8605 1 -2 3 -4 5 6 7 8 9 10 11 12 13 14 15 16 17 18 19 -20
0xc48521414186161c 8605 1 -2 3 -4 5 6 7 8 9 10 11 12 13 14 15 16 17 18 19 -20
0x13ceccac51d7fa94 8605 1 -2 3 -4 5 6 7 8 9 10 11 12 13 14 15 16 17 18 19 -20
0x7cc6a05fdfbf4a6d 8605 1 -2 3 -4 5 6 7 8 9 10 11 12 13 14 15 16 17 18 19 -20
0x19f8333827617707 8605 1 -2 3 -4 5 6 7 8 9 10 11 12 13 14 15 16 17 18 19 -20
0x415a9a3d548284f6 8605 1 -2 3 -4 5 6 7 8 9 10 11 12 13 14 15 16 17 18 19 -20
0x2e5e962d14a1e9af 8605 1 -2 3 -4 5 6 7 8 9 10 11 12 13 14 15 16 17 18 19 -20
0x65856bd14be36949 8605 1 -2 3 -4 5 6 7 8 9 10 11 12 13 14 15 16 17 18 19 -20
0x82159129fbb69511 8605 1 -2 3 -4 5 6 7 8 9 10 11 12 13 14 15 16 17 18 19 -20
0x1d791dda05e8e232 8605 1 -2 3 -4 5 6 7 8 9 10 11 12 13 14 15 16 17 18 19 -20
0xc21757c2ff4e0288 8605 1 -2 3 -4 5 6 7 8 9 10 11 12 13 14 15 16 17 18 19 -20
0x5cdf8140a3ad20c7 8605 1 -2 3 -4 5 6 7 8 9 10 11 12 13 14 15 16 17 18 19 -20
0x18d20b0ea0defa5d 8605 1 -2 3 -4 5 6 7 8 9 10 11 12 13 14 15 16 17 18 19 -20
0x4b0301daedcb1051 8605 1 -2 3 -4 5 6 7 8 9 10 11 12 13 14 15 16 17 18 19 -20
0x573c69805138a46d 8605 1 -2 3 -4 5 6 7 8 9 10 11 12 13 14 15 16 17 18 19 -20
0xc0ebaa64267ceaf6 8605 1 -2 3 -4 5 6 7 8 9 10 11 12 13 14 15 16 17 18 19 -20
0x24e4b17a61a56d62 8605 1 -2 3 -4 5 6 7 8 9 10 11 12 13 14 15 16 17 18 19 -20
0xb5fcac01178b95cd 8605 1 -2 3 -4 5 6 7 8 9 10 11 12 13 14 15 16 17 18 19 -20
0x1dc187de1461ed70 8605 1 -2 3 -4 5 6 7 8 9 10 11 12 13 14 15 16 17 18 19 -20
0x6df8ee6c1a886f34 8605 1 -2 3 -4 5 6 7 8 9 10 11 12 13 14 15 16 17 18 19 -20