0x5ec030a869d741cf 7739 1 2 3 -4 -5 6 7 8 9 -10 11 12 13 -14 -15 16 -17 18 19 -20
0xe28ddde409660a68 7936 1 2 3 -4 -5 6 7 8 -9 -10 11 12 13 -14 -15 16 17 18 19 -20
0xbf96a4b5665f220 7936 1 2 3 -4 -5 6 7 8 -9 -10 11 12 13 -14 -15 16 17 18 19 -20
0x413acb2736648587 7698 -1 2 3 4 5 6 -7 -8 9 -10 -11 -12 -13 14 15 -16 17 -18 -19 20
0x631b20a64fedd455 7936 1 2 3 -4 -5 6 7 8 -9 -10 11 12 13 -14 -15 16 17 18 19 -20
0x7d59382f76f795e3 7936 1 2 3 -4 -5 6 7 8 -9 -10 11 12 13 -14 -15 16 17 18 19 -20
0xa648d3af6040635d 7936 1 2 3 -4 -5 6 7 8 -9 -10 11 12 13 -14 -15 16 17 18 19 -20
0x74eb5ea65a5dbb68 7739 1 2 3 -4 -5 6 7 8 9 -10 11 12 13 -14 -15 16 -17 18 19 -20
0xa89a1cfb921b9dd7 7936 1 2 3 -4 -5 6 7 8 -9 -10 11 12 13 -14 -15 16 17 18 19 -20
0xe6cbe32284e51791 7739 1 2 3 -4 -5 6 7 8 9 -10 11 12 13 -14 -15 16 -17 18 19 -20
0x10127a03665f0fae 7936 1 2 3 -4 -5 6 7 8 -9 -10 11 12 13 -14 -15 16 17 18 19 -20
0xf10ffad2203928f7 7936 1 2 3 -4 -5 6 7 8 -9 -10 11 12 13 -14 -15 16 17 18 19 -20
0xf4890ae97e9b24bf 7491 -1 2 3 4 -5 6 -7 -8 9 -10 11 12 13 14 15 16 17 18 19 -20
0xe2e7c70cd6097f88 7936 1 2 3 -4 -5 6 7 8 -9 -10 11 12 13 -14 -15 16 17 18 19 -20
0x9d564b32c6983736 7936 1 2 3 -4 -5 6 7 8 -9 -10 11 12 13 -14 -15 16 17 18 19 -20
0x149fc73638936961 7739 1 2 3 -4 -5 6 7 8 9 -10 11 12 13 -14 -15 16 -17 18 19 -20
0x752ff870b6307e4a 7936 1 2 3 -4 -5 6 7 8 -9 -10 11 12 13 -14 -15 16 17 18 19 -20
0x9ac7ceda25b9e888 7936 1 2 3 -4 -5 6 7 8 -9 -10 11 12 13 -14 -15 16 17 18 19 -20
0x10988796a8d89e73 7936 1 2 3 -4 -5 6 7 8 -9 -10 11 12 13 -14 -15 16 17 18 19 -20
0xfcece9764a4a42f6 7739 1 2 3 -4 -5 6 7 8 9 -10 11 12 13 -14 -15 16 -17 18 19 -20
0x18d298a8cb84b497 7739 1 2 3 -4 -5 6 7 8 9 -10 11 12 13 -14 -15 16 -17 18 19 -20
0x1cabddc6cfde2ec5 7936 1 2 3 -4 -5 6 7 8 -9 -10 11 12 13 -14 -15 16 17 18 19 -20
0xa0e37bfea2e96961 7936 1 2 3 -4 -5 6 7 8 -9 -10 11 12 13 -14 -15 16 17 18 19 -20
0x3b89729e9059628f 7936 1 2 3 -4 -5 6 7 8 -9 -10 11 12 13 -14 -15 16 17 18 19 -20
0xfba8c5c48f30bebe 7936 1 2 3 -4 -5 6 7 8 -9 -10 11 12 13 -14 -15 16 17 18 19 -20
0x5417beeb5e52fe38 7936 1 2 3 -4 -5 6 7 8 -9 -10 11 12 13 -14 -15 16 17 18 19 -20
0xeaa0fc0a032e533c 7936 1 2 3 -4 -5 6 7 8 -9 -10 11 12 13 -14 -15 16 17 18 19 -20
0x26828151dfa318d4 7936 1 2 3 -4 -5 6 7 8 -9 -10 11 12 13 -14 -15 16 17 18 19 -20
0xcfc9e4889fe0c7ee 7936 1 2 3 -4 -5 6 7 8 -9 -10 11 12 13 -14 -15 16 17 18 19 -20
0x6f4526baf04fec31 7739 1 2 3 -4 -5 6 7 8 9 -10 11 12 13 -14 -15 16 -17 18 19 -20