0.1,1.0E-4,1381000.0
0.1,2.0E-4,1242400.0
0.1,3.0E-4,1161400.0
0.1,4.0E-4,1103800.0
0.1,5.0E-4,1059200.0
0.1,6.0E-4,1022800.0
0.1,7.0E-4,992000.0
0.1,8.0E-4,965200.0
0.1,9.0E-4,941800.0
0.1,0.001,920600.0
0.15,1.0E-4,1462000.0
0.15,2.0E-4,1323400.0
0.15,3.0E-4,1242400.0
0.15,4.0E-4,1184800.0
0.15,5.0E-4,1140200.0
0.15,6.0E-4,1103800.0
0.15,7.0E-4,1073000.0
0.15,8.0E-4,1046400.0
0.15,9.0E-4,1022800.0
0.15,0.001,1001800.0
0.2,1.0E-4,1519600.0
0.2,2.0E-4,1381000.0
0.2,3.0E-4,1300000.0
0.2,4.0E-4,1242400.0
0.2,5.0E-4,1197800.0
0.2,6.0E-4,1161400.0
0.2,7.0E-4,1130600.0
0.2,8.0E-4,1103800.0
0.2,9.0E-4,1080200.0
0.2,0.001,1059200.0
0.25,1.0E-4,1564200.0
0.25,2.0E-4,1425600.0
0.25,3.0E-4,1344600.0
0.25,4.0E-4,1287000.0
0.25,5.0E-4,1242400.0
0.25,6.0E-4,1206000.0
0.25,7.0E-4,1175200.0
0.25,8.0E-4,1148400.0
0.25,9.0E-4,1125000.0
0.25,0.001,1103800.0
0.3,1.0E-4,1600600.0
0.3,2.0E-4,1462000.0
0.3,3.0E-4,1381000.0
0.3,4.0E-4,1323400.0
0.3,5.0E-4,1278800.0
0.3,6.0E-4,1242400.0
0.3,7.0E-4,1211600.0
0.3,8.0E-4,1184800.0
0.3,9.0E-4,1161400.0
0.3,0.001,1140200.0
0.35,1.0E-4,1631400.0
0.35,2.0E-4,1492800.0
0.35,3.0E-4,1411800.0
0.35,4.0E-4,1354200.0
0.35,5.0E-4,1309600.0
0.35,6.0E-4,1273200.0
0.35,7.0E-4,1242400.0
0.35,8.0E-4,1215800.0
0.35,9.0E-4,1192200.0
0.35,0.001,1171200.0
0.4,1.0E-4,1658000.0
0.4,2.0E-4,1519600.0
0.4,3.0E-4,1438400.0
0.4,4.0E-4,1381000.0
0.4,5.0E-4,1336400.0
0.4,6.0E-4,1300000.0
0.4,7.0E-4,1269000.0
0.4,8.0E-4,1242400.0
0.4,9.0E-4,1218800.0
0.4,0.001,1197800.0
0.45,1.0E-4,1681600.0
0.45,2.0E-4,1543000.0
0.45,3.0E-4,1462000.0
0.45,4.0E-4,1404600.0
0.45,5.0E-4,1359800.0
0.45,6.0E-4,1323400.0
0.45,7.0E-4,1292600.0
0.45,8.0E-4,1266000.0
0.45,9.0E-4,1242400.0
0.45,0.001,1221400.0
0.5,1.0E-4,1702600.0
0.5,2.0E-4,1564200.0
0.5,3.0E-4,1483000.0
0.5,4.0E-4,1425600.0
0.5,5.0E-4,1381000.0
0.5,6.0E-4,1344600.0
0.5,7.0E-4,1313600.0
0.5,8.0E-4,1287000.0
0.5,9.0E-4,1263400.0
0.5,0.001,1242400.0
0.55,1.0E-4,1721800.0
0.55,2.0E-4,1583200.0
0.55,3.0E-4,1502200.0
0.55,4.0E-4,1444600.0
0.55,5.0E-4,1400000.0
0.55,6.0E-4,1363600.0
0.55,7.0E-4,1332800.0
0.55,8.0E-4,1306000.0
0.55,9.0E-4,1282600.0
0.55,0.001,1261400.0
0.6,1.0E-4,1739200.0
0.6,2.0E-4,1600600.0
0.6,3.0E-4,1519600.0
0.6,4.0E-4,1462000.0
0.6,5.0E-4,1417400.0
0.6,6.0E-4,1381000.0
0.6,7.0E-4,1350200.0
0.6,8.0E-4,1323400.0
0.6,9.0E-4,1300000.0
0.6,0.001,1278800.0
0.65,1.0E-4,1755200.0
0.65,2.0E-4,1616600.0
0.65,3.0E-4,1535600.0
0.65,4.0E-4,1478000.0
0.65,5.0E-4,1433400.0
0.65,6.0E-4,1397000.0
0.65,7.0E-4,1366200.0
0.65,8.0E-4,1339400.0
0.65,9.0E-4,1316000.0
0.65,0.001,1294800.0
0.7,1.0E-4,1770000.0
0.7,2.0E-4,1631400.0
0.7,3.0E-4,1550400.0
0.7,4.0E-4,1492800.0
0.7,5.0E-4,1448200.0
0.7,6.0E-4,1411800.0
0.7,7.0E-4,1381000.0
0.7,8.0E-4,1354200.0
0.7,9.0E-4,1330800.0
0.7,0.001,1309600.0
0.75,1.0E-4,1783800.0
0.75,2.0E-4,1645200.0
0.75,3.0E-4,1564200.0
0.75,4.0E-4,1506600.0
0.75,5.0E-4,1462000.0
0.75,6.0E-4,1425600.0
0.75,7.0E-4,1394800.0
0.75,8.0E-4,1368000.0
0.75,9.0E-4,1344600.0
0.75,0.001,1323400.0
0.8,1.0E-4,1796600.0
0.8,2.0E-4,1658000.0
0.8,3.0E-4,1577000.0
0.8,4.0E-4,1519600.0
0.8,5.0E-4,1475000.0
0.8,6.0E-4,1438400.0
0.8,7.0E-4,1407600.0
0.8,8.0E-4,1381000.0
0.8,9.0E-4,1357400.0
0.8,0.001,1336400.0
0.85,1.0E-4,1808800.0
0.85,2.0E-4,1670200.0
0.85,3.0E-4,1589200.0
0.85,4.0E-4,1531600.0
0.85,5.0E-4,1487000.0
0.85,6.0E-4,1450600.0
0.85,7.0E-4,1419800.0
0.85,8.0E-4,1393000.0
0.85,9.0E-4,1369600.0
0.85,0.001,1348400.0
0.9,1.0E-4,1820200.0
0.9,2.0E-4,1681600.0
0.9,3.0E-4,1600600.0
0.9,4.0E-4,1543000.0
0.9,5.0E-4,1498400.0
0.9,6.0E-4,1462000.0
0.9,7.0E-4,1431200.0
0.9,8.0E-4,1404600.0
0.9,9.0E-4,1381000.0
0.9,0.001,1359800.0
0.95,1.0E-4,1831000.0
0.95,2.0E-4,1692400.0
0.95,3.0E-4,1611400.0
0.95,4.0E-4,1553800.0
0.95,5.0E-4,1509200.0
0.95,6.0E-4,1472800.0
0.95,7.0E-4,1442000.0
0.95,8.0E-4,1415400.0
0.95,9.0E-4,1391800.0
0.95,0.001,1370800.0
1.0,1.0E-4,1841200.0
1.0,2.0E-4,1702600.0
1.0,3.0E-4,1621600.0
1.0,4.0E-4,1564200.0
1.0,5.0E-4,1519600.0
1.0,6.0E-4,1483000.0
1.0,7.0E-4,1452200.0
1.0,8.0E-4,1425600.0
1.0,9.0E-4,1402000.0
1.0,0.001,1381000.0
