0xd6e3f3090adf068b 147202 1 2 3 4 5 -6 7 8 9 10 -11 -12 13 14 15 16 17 18 19 20
0x200d0a515ae24dc2 147202 1 2 3 4 5 -6 7 8 9 10 -11 -12 13 14 15 16 17 18 19 20
0xa0887a8b2a48fe9 147202 1 2 3 4 5 -6 7 8 9 10 -11 -12 13 14 15 16 17 18 19 20
0x35560d20da975a90 147202 1 2 3 4 5 -6 7 8 9 10 -11 -12 13 14 15 16 17 18 19 20
0xada9de5a9a9335bd 147202 1 2 3 4 5 -6 7 8 9 10 -11 -12 13 14 15 16 17 18 19 20
0xac7ceb4f9f71813b 147202 1 2 3 4 5 -6 7 8 9 10 -11 -12 13 14 15 16 17 18 19 20
0x433ce3cc1d09c217 147202 1 2 3 4 5 -6 7 8 9 10 -11 -12 13 14 15 16 17 18 19 20
0x20e31aee39d58025 147202 1 2 3 4 5 -6 7 8 9 10 -11 -12 13 14 15 16 17 18 19 20
0xc8d03aaa47c0b37a 147202 1 2 3 4 5 -6 7 8 9 10 -11 -12 13 14 15 16 17 18 19 20
0x9c000ed69d698b26 147202 1 2 3 4 5 -6 7 8 9 10 -11 -12 13 14 15 16 17 18 19 20
0xc9917907b0c26e12 147202 1 2 3 4 5 -6 7 8 9 10 -11 -12 13 14 15 16 17 18 19 20
0x6eb3dfdd23e6c3b6 147202 1 2 3 4 5 -6 7 8 9 10 -11 -12 13 14 15 16 17 18 19 20
0x7b8192ec50494a8c 147202 1 2 3 4 5 -6 7 8 9 10 -11 -12 13 14 15 16 17 18 19 20
0x81ee89cf90521901 147202 1 2 3 4 5 -6 7 8 9 10 -11 -12 13 14 15 16 17 18 19 20
0x1e185d9fd4af52f3 147202 1 2 3 4 5 -6 7 8 9 10 -11 -12 13 14 15 16 17 18 19 20
0x4894c25961134e77 147202 1 2 3 4 5 -6 7 8 9 10 -11 -12 13 14 15 16 17 18 19 20
0x383a010e2703c126 147202 1 2 3 4 5 -6 7 8 9 10 -11 -12 13 14 15 16 17 18 19 20
0x507b4e3dea73545a 147202 1 2 3 4 5 -6 7 8 9 10 -11 -12 13 14 15 16 17 18 19 20
0x99f6b317d3f78b8 147202 1 2 3 4 5 -6 7 8 9 10 -11 -12 13 14 15 16 17 18 19 20
0x9d6d4a7529abb182 147202 1 2 3 4 5 -6 7 8 9 10 -11 -12 13 14 15 16 17 18 19 20
0x2aa60f79794d43fc 147202 1 2 3 4 5 -6 7 8 9 10 -11 -12 13 14 15 16 17 18 19 20
0xf94c71699b625ceb 147202 1 2 3 4 5 -6 7 8 9 10 -11 -12 13 14 15 16 17 18 19 20
0xc66c21a695f8de87 147202 1 2 3 4 5 -6 7 8 9 10 -11 -12 13 14 15 16 17 18 19 20
0xad92be6a133460db 147202 1 2 3 4 5 -6 7 8 9 10 -11 -12 13 14 15 16 17 18 19 20
0xfeb5bda1df14cf5c 147202 1 2 3 4 5 -6 7 8 9 10 -11 -12 13 14 15 16 17 18 19 20
0xfff7e312b15b2df2 147202 1 2 3 4 5 -6 7 8 9 10 -11 -12 13 14 15 16 17 18 19 20
0x37daea3565c4704b 147202 1 2 3 4 5 -6 7 8 9 10 -11 -12 13 14 15 16 17 18 19 20
0xc6b5b297b0f163e9 147202 1 2 3 4 5 -6 7 8 9 10 -11 -12 13 14 15 16 17 18 19 20
0x2e6a462af138c56 147202 1 2 3 4 5 -6 7 8 9 10 -11 -12 13 14 15 16 17 18 19 20
0x34c3fa3551515e66 147202 1 2 3 4 5 -6 7 8 9 10 -11 -12 13 14 15 16 17 18 19 20