0xa87145a121e1e022 114715 1 2 3 4 5 -6 7 -8 -9 10 11 -12 13 14 -15 16 17 18 -19 20
0xde4818291d9bc709 114715 1 2 3 4 5 -6 7 -8 -9 10 11 -12 13 14 -15 16 17 18 -19 20
0x6e2f1aa1f8ef4f0f 114715 1 2 3 4 5 -6 7 -8 -9 10 11 -12 13 14 -15 16 17 18 -19 20
0x383b08b506ca7da0 114715 1 2 3 4 5 -6 7 -8 -9 10 11 -12 13 14 -15 16 17 18 -19 20
0x583bb8368cec904e 114715 1 2 3 4 5 -6 7 -8 -9 10 11 -12 13 14 -15 16 17 18 -19 20
0x922607e3ac64a73d 114715 1 2 3 4 5 -6 7 -8 -9 10 11 -12 13 14 -15 16 17 18 -19 20
0x55db006e42b7a52d 114715 1 2 3 4 5 -6 7 -8 -9 10 11 -12 13 14 -15 16 17 18 -19 20
0xdbda85120bf395dd 114715 1 2 3 4 5 -6 7 -8 -9 10 11 -12 13 14 -15 16 17 18 -19 20
0x2588565de77539ce 114715 1 2 3 4 5 -6 7 -8 -9 10 11 -12 13 14 -15 16 17 18 -19 20
0xf96785b820fd33c7 114715 1 2 3 4 5 -6 7 -8 -9 10 11 -12 13 14 -15 16 17 18 -19 20
0xe160b8d60f3fc653 114715 1 2 3 4 5 -6 7 -8 -9 10 11 -12 13 14 -15 16 17 18 -19 20
0x42713d446ef52140 114715 1 2 3 4 5 -6 7 -8 -9 10 11 -12 13 14 -15 16 17 18 -19 20
0x7660ebe379b03f1f 114715 1 2 3 4 5 -6 7 -8 -9 10 11 -12 13 14 -15 16 17 18 -19 20
0x163bae9321c40bf8 114715 1 2 3 4 5 -6 7 -8 -9 10 11 -12 13 14 -15 16 17 18 -19 20
0xd37af39b749358cd 114715 1 2 3 4 5 -6 7 -8 -9 10 11 -12 13 14 -15 16 17 18 -19 20
0xaa1190d32ec2bbb4 114715 1 2 3 4 5 -6 7 -8 -9 10 11 -12 13 14 -15 16 17 18 -19 20
0xfc3a694757700731 114715 1 2 3 4 5 -6 7 -8 -9 10 11 -12 13 14 -15 16 17 18 -19 20
0xba60266a3a39195a 114715 1 2 3 4 5 -6 7 -8 -9 10 11 -12 13 14 -15 16 17 18 -19 20
0xa29ccfe8838c76cf 114715 1 2 3 4 5 -6 7 -8 -9 10 11 -12 13 14 -15 16 17 18 -19 20
0xcc6dd25303702cd7 114715 1 2 3 4 5 -6 7 -8 -9 10 11 -12 13 14 -15 16 17 18 -19 20
0xffb7438a3ea07433 114715 1 2 3 4 5 -6 7 -8 -9 10 11 -12 13 14 -15 16 17 18 -19 20
0x6353ac082b92e282 114715 1 2 3 4 5 -6 7 -8 -9 10 11 -12 13 14 -15 16 17 18 -19 20
0xb818c2b478bd99a3 114715 1 2 3 4 5 -6 7 -8 -9 10 11 -12 13 14 -15 16 17 18 -19 20
0xa7e126ed6c00c947 114715 1 2 3 4 5 -6 7 -8 -9 10 11 -12 13 14 -15 16 17 18 -19 20
0xcbea9b9f745fdbb9 114715 1 2 3 4 5 -6 7 -8 -9 10 11 -12 13 14 -15 16 17 18 -19 20
0xbffe264fceecbf13 114715 1 2 3 4 5 -6 7 -8 -9 10 11 -12 13 14 -15 16 17 18 -19 20
0xaa8db25e388fb4b3 114715 1 2 3 4 5 -6 7 -8 -9 10 11 -12 13 14 -15 16 17 18 -19 20
0x17b88ab5e4888df0 114715 1 2 3 4 5 -6 7 -8 -9 10 11 -12 13 14 -15 16 17 18 -19 20
0xccf8acabe129fd7b 114715 1 2 3 4 5 -6 7 -8 -9 10 11 -12 13 14 -15 16 17 18 -19 20
0xa05c63e1f93084fc 114715 1 2 3 4 5 -6 7 -8 -9 10 11 -12 13 14 -15 16 17 18 -19 20