0x6ab21913567069e6 172085 1 2 3 4 -5 6 7 8 9 10 11 12 -13 14 15 16 17 18 19 20
0xa1b6522dd4d27a1 172085 1 2 3 4 -5 6 7 8 9 10 11 12 -13 14 15 16 17 18 19 20
0x8bb3ecf1d82ba0f4 172085 1 2 3 4 -5 6 7 8 9 10 11 12 -13 14 15 16 17 18 19 20
0x44821ac9126c2658 172085 1 2 3 4 -5 6 7 8 9 10 11 12 -13 14 15 16 17 18 19 20
0xe051d82e9ee70fb5 172085 1 2 3 4 -5 6 7 8 9 10 11 12 -13 14 15 16 17 18 19 20
0xf191408e17e68ece 172085 1 2 3 4 -5 6 7 8 9 10 11 12 -13 14 15 16 17 18 19 20
0x2d0f65462ce6c649 172085 1 2 3 4 -5 6 7 8 9 10 11 12 -13 14 15 16 17 18 19 20
0xa9c29d283f72a32d 172085 1 2 3 4 -5 6 7 8 9 10 11 12 -13 14 15 16 17 18 19 20
0x45e823fce4e7c66a 172085 1 2 3 4 -5 6 7 8 9 10 11 12 -13 14 15 16 17 18 19 20
0xd8cb09fe9d577e4f 172085 1 2 3 4 -5 6 7 8 9 10 11 12 -13 14 15 16 17 18 19 20
0x13c0735cc9fad013 172085 1 2 3 4 -5 6 7 8 9 10 11 12 -13 14 15 16 17 18 19 20
0x311a40f1133c0d83 172085 1 2 3 4 -5 6 7 8 9 10 11 12 -13 14 15 16 17 18 19 20
0x1deb79ada20404a7 172085 1 2 3 4 -5 6 7 8 9 10 11 12 -13 14 15 16 17 18 19 20
0xd631391a06b4cea9 172085 1 2 3 4 -5 6 7 8 9 10 11 12 -13 14 15 16 17 18 19 20
0x245cf6b8b813cdc3 172085 1 2 3 4 -5 6 7 8 9 10 11 12 -13 14 15 16 17 18 19 20
0xd76afcd4efbcf545 172085 1 2 3 4 -5 6 7 8 9 10 11 12 -13 14 15 16 17 18 19 20
0x5701363a3ce47ccf 172085 1 2 3 4 -5 6 7 8 9 10 11 12 -13 14 15 16 17 18 19 20
0x5f1e68a8139f3471 172085 1 2 3 4 -5 6 7 8 9 10 11 12 -13 14 15 16 17 18 19 20
0x3f3c6701a7c67cb4 172085 1 2 3 4 -5 6 7 8 9 10 11 12 -13 14 15 16 17 18 19 20
0xdba237a7b9bb3720 172085 1 2 3 4 -5 6 7 8 9 10 11 12 -13 14 15 16 17 18 19 20
0x3ce25fd8e443488c 172085 1 2 3 4 -5 6 7 8 9 10 11 12 -13 14 15 16 17 18 19 20
0x27ee2d8c1dd33dd4 172085 1 2 3 4 -5 6 7 8 9 10 11 12 -13 14 15 16 17 18 19 20
0x925b6887cfc0641c 172085 1 2 3 4 -5 6 7 8 9 10 11 12 -13 14 15 16 17 18 19 20
0x26cb14140c399cd7 172085 1 2 3 4 -5 6 7 8 9 10 11 12 -13 14 15 16 17 18 19 20
0xe1cc30333212e9c 172085 1 2 3 4 -5 6 7 8 9 10 11 12 -13 14 15 16 17 18 19 20
0x6df0bc8adf17ae0b 172085 1 2 3 4 -5 6 7 8 9 10 11 12 -13 14 15 16 17 18 19 20
0xdaf875aeacc61c31 172085 1 2 3 4 -5 6 7 8 9 10 11 12 -13 14 15 16 17 18 19 20
0x83b165239e0d2181 172085 1 2 3 4 -5 6 7 8 9 10 11 12 -13 14 15 16 17 18 19 20
0x6a2762ac2c0316de 172085 1 2 3 4 -5 6 7 8 9 10 11 12 -13 14 15 16 17 18 19 20
0x2e216aa26a9c99e5 172085 1 2 3 4 -5 6 7 8 9 10 11 12 -13 14 15 16 17 18 19 20