0x28618ff61c485288 159295 1 2 3 4 5 6 7 8 9 10 11 12 13 -14 15 -16 17 -18 19 20
0xe005970712686cab 159295 1 2 3 4 5 6 7 8 9 10 11 12 13 -14 15 -16 17 -18 19 20
0x30a140fe2ba35714 159295 1 2 3 4 5 6 7 8 9 10 11 12 13 -14 15 -16 17 -18 19 20
0x194566a2d0afebe0 159295 1 2 3 4 5 6 7 8 9 10 11 12 13 -14 15 -16 17 -18 19 20
0x475cc913575aee5d 159295 1 2 3 4 5 6 7 8 9 10 11 12 13 -14 15 -16 17 -18 19 20
0x35afd4d8b3b9083d 159295 1 2 3 4 5 6 7 8 9 10 11 12 13 -14 15 -16 17 -18 19 20
0x38540b9c1f593ed8 159295 1 2 3 4 5 6 7 8 9 10 11 12 13 -14 15 -16 17 -18 19 20
0x1ae2201403464cfe 159295 1 2 3 4 5 6 7 8 9 10 11 12 13 -14 15 -16 17 -18 19 20
0x7bace852111e5aee 159295 1 2 3 4 5 6 7 8 9 10 11 12 13 -14 15 -16 17 -18 19 20
0x8618e3cb7123d0b2 159295 1 2 3 4 5 6 7 8 9 10 11 12 13 -14 15 -16 17 -18 19 20
0x9a45916ef5008429 159295 1 2 3 4 5 6 7 8 9 10 11 12 13 -14 15 -16 17 -18 19 20
0xe5f4a711b34bba7a 159295 1 2 3 4 5 6 7 8 9 10 11 12 13 -14 15 -16 17 -18 19 20
0xe2958d8c71c357a8 159295 1 2 3 4 5 6 7 8 9 10 11 12 13 -14 15 -16 17 -18 19 20
0x6064f44cc16544bd 159295 1 2 3 4 5 6 7 8 9 10 11 12 13 -14 15 -16 17 -18 19 20
0x7cc7bbffe575d17e 159295 1 2 3 4 5 6 7 8 9 10 11 12 13 -14 15 -16 17 -18 19 20
0xb47813a7b7f483d3 159295 1 2 3 4 5 6 7 8 9 10 11 12 13 -14 15 -16 17 -18 19 20
0x6cabb99e564e39db 159295 1 2 3 4 5 6 7 8 9 10 11 12 13 -14 15 -16 17 -18 19 20
0x24d16281df7ce557 159295 1 2 3 4 5 6 7 8 9 10 11 12 13 -14 15 -16 17 -18 19 20
0xc760d32a31d51629 159295 1 2 3 4 5 6 7 8 9 10 11 12 13 -14 15 -16 17 -18 19 20
0x37bf481df4430bda 159295 1 2 3 4 5 6 7 8 9 10 11 12 13 -14 15 -16 17 -18 19 20
0x169e2d1b757bd714 159295 1 2 3 4 5 6 7 8 9 10 11 12 13 -14 15 -16 17 -18 19 20
0x99822492ab388b27 159295 1 2 3 4 5 6 7 8 9 10 11 12 13 -14 15 -16 17 -18 19 20
0xf1605f28e9d17f87 159295 1 2 3 4 5 6 7 8 9 10 11 12 13 -14 15 -16 17 -18 19 20
0x53804336d2cfa14a 159295 1 2 3 4 5 6 7 8 9 10 11 12 13 -14 15 -16 17 -18 19 20
0x470f644a7749d4ac 159295 1 2 3 4 5 6 7 8 9 10 11 12 13 -14 15 -16 17 -18 19 20
0x186455f3e089281e 159295 1 2 3 4 5 6 7 8 9 10 11 12 13 -14 15 -16 17 -18 19 20
0x4cef3477b31a6ebc 159295 1 2 3 4 5 6 7 8 9 10 11 12 13 -14 15 -16 17 -18 19 20
0xb0b49e20d27fbd94 159295 1 2 3 4 5 6 7 8 9 10 11 12 13 -14 15 -16 17 -18 19 20
0x923ea13232f5cd65 159295 1 2 3 4 5 6 7 8 9 10 11 12 13 -14 15 -16 17 -18 19 20
0x81e84356b908f39e 159295 1 2 3 4 5 6 7 8 9 10 11 12 13 -14 15 -16 17 -18 19 20