0x168fde57ec8eae17 124384 1 -2 3 4 5 -6 7 8 9 10 11 12 -13 14 15 16 -17 -18 19 20
0x71697669e3cedc8a 124384 1 -2 3 4 5 -6 7 8 9 10 11 12 -13 14 15 16 -17 -18 19 20
0xdbc8c69f63b23769 124384 1 -2 3 4 5 -6 7 8 9 10 11 12 -13 14 15 16 -17 -18 19 20
0x79f8de23489fa5f3 124384 1 -2 3 4 5 -6 7 8 9 10 11 12 -13 14 15 16 -17 -18 19 20
0x85b318ed299ae5c 124384 1 -2 3 4 5 -6 7 8 9 10 11 12 -13 14 15 16 -17 -18 19 20
0x4d4e4484c05ed505 124384 1 -2 3 4 5 -6 7 8 9 10 11 12 -13 14 15 16 -17 -18 19 20
0xc181ebae2ab7c580 124384 1 -2 3 4 5 -6 7 8 9 10 11 12 -13 14 15 16 -17 -18 19 20
0x3eaee559c8aa9798 124384 1 -2 3 4 5 -6 7 8 9 10 11 12 -13 14 15 16 -17 -18 19 20
0x998e6c026baaa9a5 124384 1 -2 3 4 5 -6 7 8 9 10 11 12 -13 14 15 16 -17 -18 19 20
0x7d62d583c4e20a2c 124384 1 -2 3 4 5 -6 7 8 9 10 11 12 -13 14 15 16 -17 -18 19 20
0xeb6f6e1a46d56059 124384 1 -2 3 4 5 -6 7 8 9 10 11 12 -13 14 15 16 -17 -18 19 20
0x7d3368b6ccc045fb 124384 1 -2 3 4 5 -6 7 8 9 10 11 12 -13 14 15 16 -17 -18 19 20
0x7e79367e25ba8905 124384 1 -2 3 4 5 -6 7 8 9 10 11 12 -13 14 15 16 -17 -18 19 20
0x366a2e4944937d0f 124384 1 -2 3 4 5 -6 7 8 9 10 11 12 -13 14 15 16 -17 -18 19 20
0x8a148424f9395cd4 124384 1 -2 3 4 5 -6 7 8 9 10 11 12 -13 14 15 16 -17 -18 19 20
0xad8f18d45fbe7b60 124384 1 -2 3 4 5 -6 7 8 9 10 11 12 -13 14 15 16 -17 -18 19 20
0x832b862dd84684ee 124384 1 -2 3 4 5 -6 7 8 9 10 11 12 -13 14 15 16 -17 -18 19 20
0xe998c62af63b1873 124384 1 -2 3 4 5 -6 7 8 9 10 11 12 -13 14 15 16 -17 -18 19 20
0xa8023b5a13cad5c6 124384 1 -2 3 4 5 -6 7 8 9 10 11 12 -13 14 15 16 -17 -18 19 20
0x490ddefd17366bc6 124384 1 -2 3 4 5 -6 7 8 9 10 11 12 -13 14 15 16 -17 -18 19 20
0x6f37d89efad5d711 124384 1 -2 3 4 5 -6 7 8 9 10 11 12 -13 14 15 16 -17 -18 19 20
0x422f7524c14d7245 124384 1 -2 3 4 5 -6 7 8 9 10 11 12 -13 14 15 16 -17 -18 19 20
0x246f641882619ace 124384 1 -2 3 4 5 -6 7 8 9 10 11 12 -13 14 15 16 -17 -18 19 20
0xe17ceb0a0845cbc4 124384 1 -2 3 4 5 -6 7 8 9 10 11 12 -13 14 15 16 -17 -18 19 20
0x39bd6faf8ef649e 124384 1 -2 3 4 5 -6 7 8 9 10 11 12 -13 14 15 16 -17 -18 19 20
0xa38dbe19d2d52ba 124384 1 -2 3 4 5 -6 7 8 9 10 11 12 -13 14 15 16 -17 -18 19 20
0x81c3442b6604cada 124384 1 -2 3 4 5 -6 7 8 9 10 11 12 -13 14 15 16 -17 -18 19 20
0xb283f03411c912a3 124384 1 -2 3 4 5 -6 7 8 9 10 11 12 -13 14 15 16 -17 -18 19 20
0x1046e17ff4c44aa3 124384 1 -2 3 4 5 -6 7 8 9 10 11 12 -13 14 15 16 -17 -18 19 20
0x34962d1a4b47295b 124384 1 -2 3 4 5 -6 7 8 9 10 11 12 -13 14 15 16 -17 -18 19 20