0x415bac0b465c3505 70245 1 -2 3 4 5 6 7 8 9 10 -11 12 13 14 -15 16 17 18 19 20
0x475f29b30521752e 70245 1 -2 3 4 5 6 7 8 9 10 -11 12 13 14 -15 16 17 18 19 20
0xd857deaa540cc5b9 70245 1 -2 3 4 5 6 7 8 9 10 -11 12 13 14 -15 16 17 18 19 20
0xc66f5903c8006932 70245 1 -2 3 4 5 6 7 8 9 10 -11 12 13 14 -15 16 17 18 19 20
0xcaadbf1c7b8348b8 70245 1 -2 3 4 5 6 7 8 9 10 -11 12 13 14 -15 16 17 18 19 20
0x827ef420d67b6673 70245 1 -2 3 4 5 6 7 8 9 10 -11 12 13 14 -15 16 17 18 19 20
0x7d83d47f850eedfe 70245 1 -2 3 4 5 6 7 8 9 10 -11 12 13 14 -15 16 17 18 19 20
0x43f80047fbe61668 70245 1 -2 3 4 5 6 7 8 9 10 -11 12 13 14 -15 16 17 18 19 20
0xa037cba6601e0ed7 70245 1 -2 3 4 5 6 7 8 9 10 -11 12 13 14 -15 16 17 18 19 20
0x8e4142ac218bfbef 70245 1 -2 3 4 5 6 7 8 9 10 -11 12 13 14 -15 16 17 18 19 20
0xa47e1155d64b1654 70245 1 -2 3 4 5 6 7 8 9 10 -11 12 13 14 -15 16 17 18 19 20
0xb92e762f82f3f7ae 70245 1 -2 3 4 5 6 7 8 9 10 -11 12 13 14 -15 16 17 18 19 20
0x6e0feddce8a8a02a 70245 1 -2 3 4 5 6 7 8 9 10 -11 12 13 14 -15 16 17 18 19 20
0x15b84e3d901ad388 70245 1 -2 3 4 5 6 7 8 9 10 -11 12 13 14 -15 16 17 18 19 20
0x71d2ec70bfa1d72c 70245 1 -2 3 4 5 6 7 8 9 10 -11 12 13 14 -15 16 17 18 19 20
0x2ab57cb56d74f295 70245 1 -2 3 4 5 6 7 8 9 10 -11 12 13 14 -15 16 17 18 19 20
0x3b3050732e7fbbd1 70245 1 -2 3 4 5 6 7 8 9 10 -11 12 13 14 -15 16 17 18 19 20
0x5f4d0208b350c777 70245 1 -2 3 4 5 6 7 8 9 10 -11 12 13 14 -15 16 17 18 19 20
0xa5994fe1efef4b57 70245 1 -2 3 4 5 6 7 8 9 10 -11 12 13 14 -15 16 17 18 19 20
0x6b4e5528c91ed714 70245 1 -2 3 4 5 6 7 8 9 10 -11 12 13 14 -15 16 17 18 19 20
0x765f968ea80e63ba 70245 1 -2 3 4 5 6 7 8 9 10 -11 12 13 14 -15 16 17 18 19 20
0x3576ef7ca4f5b9c6 70245 1 -2 3 4 5 6 7 8 9 10 -11 12 13 14 -15 16 17 18 19 20
0xc0e0386ceedde1dc 70245 1 -2 3 4 5 6 7 8 9 10 -11 12 13 14 -15 16 17 18 19 20
0xf628d2cb4ab009ed 70245 1 -2 3 4 5 6 7 8 9 10 -11 12 13 14 -15 16 17 18 19 20
0x934cc228f058cd80 70245 1 -2 3 4 5 6 7 8 9 10 -11 12 13 14 -15 16 17 18 19 20
0xf46a9a02a706aff3 70245 1 -2 3 4 5 6 7 8 9 10 -11 12 13 14 -15 16 17 18 19 20
0x6115caa2c124668d 70245 1 -2 3 4 5 6 7 8 9 10 -11 12 13 14 -15 16 17 18 19 20
0xc5b54f5b2df5fdfb 70245 1 -2 3 4 5 6 7 8 9 10 -11 12 13 14 -15 16 17 18 19 20
0xb7223bbd6c39b8d7 70245 1 -2 3 4 5 6 7 8 9 10 -11 12 13 14 -15 16 17 18 19 20
0xd3f25135bf5c20f7 70245 1 -2 3 4 5 6 7 8 9 10 -11 12 13 14 -15 16 17 18 19 20