0x7efe2b0f167574f3 79124 1 2 -3 -4 5 6 7 8 9 10 11 12 13 14 15 -16 -17 18 19 20
0xb2a72b16ef91d2e0 79124 1 2 -3 -4 5 6 7 8 9 10 11 12 13 14 15 -16 -17 18 19 20
0x471c0466fa21f3ad 79124 1 2 -3 -4 5 6 7 8 9 10 11 12 13 14 15 -16 -17 18 19 20
0x65ca0b45b8a2721d 79124 1 2 -3 -4 5 6 7 8 9 10 11 12 13 14 15 -16 -17 18 19 20
0x1484c39830830787 79124 1 2 -3 -4 5 6 7 8 9 10 11 12 13 14 15 -16 -17 18 19 20
0x8f3559651a7c87f4 79124 1 2 -3 -4 5 6 7 8 9 10 11 12 13 14 15 -16 -17 18 19 20
0xfa78b650c0b63180 79124 1 2 -3 -4 5 6 7 8 9 10 11 12 13 14 15 -16 -17 18 19 20
0x2e1b32496f73cf10 79124 1 2 -3 -4 5 6 7 8 9 10 11 12 13 14 15 -16 -17 18 19 20
0xe46e7ff53835e508 79124 1 2 -3 -4 5 6 7 8 9 10 11 12 13 14 15 -16 -17 18 19 20
0x1de0ce7f1953fed0 79124 1 2 -3 -4 5 6 7 8 9 10 11 12 13 14 15 -16 -17 18 19 20
0xed1edb3c9be06139 79124 1 2 -3 -4 5 6 7 8 9 10 11 12 13 14 15 -16 -17 18 19 20
0xffec3497e7ec4e98 79124 1 2 -3 -4 5 6 7 8 9 10 11 12 13 14 15 -16 -17 18 19 20
0x6da3d58d96ff3c45 79124 1 2 -3 -4 5 6 7 8 9 10 11 12 13 14 15 -16 -17 18 19 20
0xe11a91321013981c 79124 1 2 -3 -4 5 6 7 8 9 10 11 12 13 14 15 -16 -17 18 19 20
0x8003d5ea15d439df 79124 1 2 -3 -4 5 6 7 8 9 10 11 12 13 14 15 -16 -17 18 19 20
0x6625122bbf6cbd4d 79124 1 2 -3 -4 5 6 7 8 9 10 11 12 13 14 15 -16 -17 18 19 20
0x7aadd8ab8ce0e74 79124 1 2 -3 -4 5 6 7 8 9 10 11 12 13 14 15 -16 -17 18 19 20
0x9ba556a5eaea5860 79124 1 2 -3 -4 5 6 7 8 9 10 11 12 13 14 15 -16 -17 18 19 20
0x906245731d7125ff 79124 1 2 -3 -4 5 6 7 8 9 10 11 12 13 14 15 -16 -17 18 19 20
0x21c014e8518f6ca8 79124 1 2 -3 -4 5 6 7 8 9 10 11 12 13 14 15 -16 -17 18 19 20
0x6257a6e6f631f197 79124 1 2 -3 -4 5 6 7 8 9 10 11 12 13 14 15 -16 -17 18 19 20
0x56e952396391e093 79124 1 2 -3 -4 5 6 7 8 9 10 11 12 13 14 15 -16 -17 18 19 20
0x9cdf01860f9d7655 79124 1 2 -3 -4 5 6 7 8 9 10 11 12 13 14 15 -16 -17 18 19 20
0xe2c3914a1bfe5edd 79124 1 2 -3 -4 5 6 7 8 9 10 11 12 13 14 15 -16 -17 18 19 20
0x996e7354b49352ed 79124 1 2 -3 -4 5 6 7 8 9 10 11 12 13 14 15 -16 -17 18 19 20
0xe0fc224aa6fe458b 79124 1 2 -3 -4 5 6 7 8 9 10 11 12 13 14 15 -16 -17 18 19 20
0x5555a103eb62aa1e 79124 1 2 -3 -4 5 6 7 8 9 10 11 12 13 14 15 -16 -17 18 19 20
0x79dad76ecb82625c 79124 1 2 -3 -4 5 6 7 8 9 10 11 12 13 14 15 -16 -17 18 19 20
0xd66b2fded21b1139 79124 1 2 -3 -4 5 6 7 8 9 10 11 12 13 14 15 -16 -17 18 19 20
0x2718c7352e4150ef 79124 1 2 -3 -4 5 6 7 8 9 10 11 12 13 14 15 -16 -17 18 19 20