0x932ceef229257eb1 90604 1 -2 3 4 5 6 7 8 9 10 11 12 13 14 15 -16 17 18 19 20
0x92fbbd90a5def06 90604 1 -2 3 4 5 6 7 8 9 10 11 12 13 14 15 -16 17 18 19 20
0x1759451b894f841 90604 1 -2 3 4 5 6 7 8 9 10 11 12 13 14 15 -16 17 18 19 20
0xa98d1ce9f9fb9ac3 90604 1 -2 3 4 5 6 7 8 9 10 11 12 13 14 15 -16 17 18 19 20
0x1443d21cdb4688f9 90604 1 -2 3 4 5 6 7 8 9 10 11 12 13 14 15 -16 17 18 19 20
0x3a0f6f1c4012dff3 90604 1 -2 3 4 5 6 7 8 9 10 11 12 13 14 15 -16 17 18 19 20
0x8fd7837a58a9f6f6 90604 1 -2 3 4 5 6 7 8 9 10 11 12 13 14 15 -16 17 18 19 20
0x59d28f816264a53 90604 1 -2 3 4 5 6 7 8 9 10 11 12 13 14 15 -16 17 18 19 20
0x7658205e4777cb94 90604 1 -2 3 4 5 6 7 8 9 10 11 12 13 14 15 -16 17 18 19 20
0x6cbe077f0cf74114 90604 1 -2 3 4 5 6 7 8 9 10 11 12 13 14 15 -16 17 18 19 20
0x399a22f2938f552f 90604 1 -2 3 4 5 6 7 8 9 10 11 12 13 14 15 -16 17 18 19 20
0x236bb21c887ef3dc 90604 1 -2 3 4 5 6 7 8 9 10 11 12 13 14 15 -16 17 18 19 20
0x5a936db4665e35fd 90604 1 -2 3 4 5 6 7 8 9 10 11 12 13 14 15 -16 17 18 19 20
0x1a3609704cb1b6b6 90604 1 -2 3 4 5 6 7 8 9 10 11 12 13 14 15 -16 17 18 19 20
0x1b3f38a277e2cac3 90604 1 -2 3 4 5 6 7 8 9 10 11 12 13 14 15 -16 17 18 19 20
0x19d19dd705fd25b 90604 1 -2 3 4 5 6 7 8 9 10 11 12 13 14 15 -16 17 18 19 20
0x49f04983b14f8251 90604 1 -2 3 4 5 6 7 8 9 10 11 12 13 14 15 -16 17 18 19 20
0x561d99b967b7d86a 90604 1 -2 3 4 5 6 7 8 9 10 11 12 13 14 15 -16 17 18 19 20
0xef78c0ebb0809902 90604 1 -2 3 4 5 6 7 8 9 10 11 12 13 14 15 -16 17 18 19 20
0x88e399341f8bfcdc 90604 1 -2 3 4 5 6 7 8 9 10 11 12 13 14 15 -16 17 18 19 20
0xed43340e9aeeae6b 90604 1 -2 3 4 5 6 7 8 9 10 11 12 13 14 15 -16 17 18 19 20
0x6c6797d2c4caf196 90604 1 -2 3 4 5 6 7 8 9 10 11 12 13 14 15 -16 17 18 19 20
0x12bc8797bc9a2a66 90604 1 -2 3 4 5 6 7 8 9 10 11 12 13 14 15 -16 17 18 19 20
0x24c03c83c5e65681 90604 1 -2 3 4 5 6 7 8 9 10 11 12 13 14 15 -16 17 18 19 20
0x2d6179c5db6e30ba 90604 1 -2 3 4 5 6 7 8 9 10 11 12 13 14 15 -16 17 18 19 20
0x205632ce423e00e3 90604 1 -2 3 4 5 6 7 8 9 10 11 12 13 14 15 -16 17 18 19 20
0x6f3fa5d0c4a45a1e 90604 1 -2 3 4 5 6 7 8 9 10 11 12 13 14 15 -16 17 18 19 20
0x26f2050ac07251 90604 1 -2 3 4 5 6 7 8 9 10 11 12 13 14 15 -16 17 18 19 20
0x640629ebe04e1eab 90604 1 -2 3 4 5 6 7 8 9 10 11 12 13 14 15 -16 17 18 19 20
0x7ed662cfa7bf9073 90604 1 -2 3 4 5 6 7 8 9 10 11 12 13 14 15 -16 17 18 19 20