0x39044e350ca005cc 85596 1 2 3 4 5 6 7 8 -9 10 11 12 13 -14 15 16 17 18 19 -20
0x18b62fad4ca92d3c 85596 1 2 3 4 5 6 7 8 -9 10 11 12 13 -14 15 16 17 18 19 -20
0x3f37368fe8377ff8 85596 1 2 3 4 5 6 7 8 -9 10 11 12 13 -14 15 16 17 18 19 -20
0xaf3fb4f502ef64c3 85596 1 2 3 4 5 6 7 8 -9 10 11 12 13 -14 15 16 17 18 19 -20
0x52e6c5255e41979c 85596 1 2 3 4 5 6 7 8 -9 10 11 12 13 -14 15 16 17 18 19 -20
0x81e16faa0dbff977 85596 1 2 3 4 5 6 7 8 -9 10 11 12 13 -14 15 16 17 18 19 -20
0xbee0df075d9380e4 85596 1 2 3 4 5 6 7 8 -9 10 11 12 13 -14 15 16 17 18 19 -20
0xa155c2743c28f97d 85596 1 2 3 4 5 6 7 8 -9 10 11 12 13 -14 15 16 17 18 19 -20
0x306f0dcc82771c75 85596 1 2 3 4 5 6 7 8 -9 10 11 12 13 -14 15 16 17 18 19 -20
0xf66e671255b7fb00 85596 1 2 3 4 5 6 7 8 -9 10 11 12 13 -14 15 16 17 18 19 -20
0x60f1bf16681bfa93 85596 1 2 3 4 5 6 7 8 -9 10 11 12 13 -14 15 16 17 18 19 -20
0xdd2155008986526a 85596 1 2 3 4 5 6 7 8 -9 10 11 12 13 -14 15 16 17 18 19 -20
0x3eb93043fb0b2c2a 85596 1 2 3 4 5 6 7 8 -9 10 11 12 13 -14 15 16 17 18 19 -20
0xde458d67f7e36689 85596 1 2 3 4 5 6 7 8 -9 10 11 12 13 -14 15 16 17 18 19 -20
0x6ffa16cef9207586 85596 1 2 3 4 5 6 7 8 -9 10 11 12 13 -14 15 16 17 18 19 -20
0x1ab4c0501ac4d6bc 85596 1 2 3 4 5 6 7 8 -9 10 11 12 13 -14 15 16 17 18 19 -20
0x4a394991accb0319 85596 1 2 3 4 5 6 7 8 -9 10 11 12 13 -14 15 16 17 18 19 -20
0x3fcf1c8e3dbc5c2b 85596 1 2 3 4 5 6 7 8 -9 10 11 12 13 -14 15 16 17 18 19 -20
0x75373eb7f2c0cf89 85596 1 2 3 4 5 6 7 8 -9 10 11 12 13 -14 15 16 17 18 19 -20
0x72b319af78ea1e58 85596 1 2 3 4 5 6 7 8 -9 10 11 12 13 -14 15 16 17 18 19 -20
0x665758c614b10914 85596 1 2 3 4 5 6 7 8 -9 10 11 12 13 -14 15 16 17 18 19 -20
0x33c176c00b84cec3 85596 1 2 3 4 5 6 7 8 -9 10 11 12 13 -14 15 16 17 18 19 -20
0xa2251f3b615570fe 85596 1 2 3 4 5 6 7 8 -9 10 11 12 13 -14 15 16 17 18 19 -20
0x67d70a09fbef7047 85596 1 2 3 4 5 6 7 8 -9 10 11 12 13 -14 15 16 17 18 19 -20
0x8243afc4eb972272 85596 1 2 3 4 5 6 7 8 -9 10 11 12 13 -14 15 16 17 18 19 -20
0x969396c5e3445d86 85596 1 2 3 4 5 6 7 8 -9 10 11 12 13 -14 15 16 17 18 19 -20
0xea17f56af9e912 85596 1 2 3 4 5 6 7 8 -9 10 11 12 13 -14 15 16 17 18 19 -20
0xb0dd6caa8b3c5605 85596 1 2 3 4 5 6 7 8 -9 10 11 12 13 -14 15 16 17 18 19 -20
0x99436e38e54c8836 85596 1 2 3 4 5 6 7 8 -9 10 11 12 13 -14 15 16 17 18 19 -20
0x17b1a5601c9b4fde 85596 1 2 3 4 5 6 7 8 -9 10 11 12 13 -14 15 16 17 18 19 -20