0x21ee33e7b9624729 85383 1 2 3 4 5 6 7 -8 -9 10 11 12 13 14 15 16 17 18 19 -20
0x58003d7c09d68ac3 85383 1 2 3 4 5 6 7 -8 -9 10 11 12 13 14 15 16 17 18 19 -20
0xd39a1f830f9c3f9d 85383 1 2 3 4 5 6 7 -8 -9 10 11 12 13 14 15 16 17 18 19 -20
0x30156a8f91bda24a 85383 1 2 3 4 5 6 7 -8 -9 10 11 12 13 14 15 16 17 18 19 -20
0x107b53378cbc2afe 85383 1 2 3 4 5 6 7 -8 -9 10 11 12 13 14 15 16 17 18 19 -20
0x25b32b8cf9fa2c16 85383 1 2 3 4 5 6 7 -8 -9 10 11 12 13 14 15 16 17 18 19 -20
0x1e742db7ea22d01d 85383 1 2 3 4 5 6 7 -8 -9 10 11 12 13 14 15 16 17 18 19 -20
0xd19764ad144c4503 85383 1 2 3 4 5 6 7 -8 -9 10 11 12 13 14 15 16 17 18 19 -20
0xeb74fe3a2e32cfb4 85383 1 2 3 4 5 6 7 -8 -9 10 11 12 13 14 15 16 17 18 19 -20
0x91758bb02cac54b1 85383 1 2 3 4 5 6 7 -8 -9 10 11 12 13 14 15 16 17 18 19 -20
0xd8f23439e9a5867c 85383 1 2 3 4 5 6 7 -8 -9 10 11 12 13 14 15 16 17 18 19 -20
0x80cb3cf6076c107a 85383 1 2 3 4 5 6 7 -8 -9 10 11 12 13 14 15 16 17 18 19 -20
0xe7e55876c3767074 85383 1 2 3 4 5 6 7 -8 -9 10 11 12 13 14 15 16 17 18 19 -20
0x7ca046440932e018 85383 1 2 3 4 5 6 7 -8 -9 10 11 12 13 14 15 16 17 18 19 -20
0xfe94e8d756b0c4d6 85383 1 2 3 4 5 6 7 -8 -9 10 11 12 13 14 15 16 17 18 19 -20
0xf727c4a2924c6987 85383 1 2 3 4 5 6 7 -8 -9 10 11 12 13 14 15 16 17 18 19 -20
0xe8c110861ffdb7a1 85383 1 2 3 4 5 6 7 -8 -9 10 11 12 13 14 15 16 17 18 19 -20
0x8fb3145934b8c101 85383 1 2 3 4 5 6 7 -8 -9 10 11 12 13 14 15 16 17 18 19 -20
0x772218e6119d494b 85383 1 2 3 4 5 6 7 -8 -9 10 11 12 13 14 15 16 17 18 19 -20
0x7e0bbf66e2e0e419 85383 1 2 3 4 5 6 7 -8 -9 10 11 12 13 14 15 16 17 18 19 -20
0x5f438314e697687f 85383 1 2 3 4 5 6 7 -8 -9 10 11 12 13 14 15 16 17 18 19 -20
0x15df18de9304d9b0 85383 1 2 3 4 5 6 7 -8 -9 10 11 12 13 14 15 16 17 18 19 -20
0x7e4bec6f9f1be187 85383 1 2 3 4 5 6 7 -8 -9 10 11 12 13 14 15 16 17 18 19 -20
0xa0500a2a14dd4e83 85383 1 2 3 4 5 6 7 -8 -9 10 11 12 13 14 15 16 17 18 19 -20
0xb0a936a09b321549 85383 1 2 3 4 5 6 7 -8 -9 10 11 12 13 14 15 16 17 18 19 -20
0x3d58561f7b03621e 85383 1 2 3 4 5 6 7 -8 -9 10 11 12 13 14 15 16 17 18 19 -20
0xefb799c78785cc02 85383 1 2 3 4 5 6 7 -8 -9 10 11 12 13 14 15 16 17 18 19 -20
0x51759c5675eab7af 85383 1 2 3 4 5 6 7 -8 -9 10 11 12 13 14 15 16 17 18 19 -20
0x4be63788c31bbe8f 85383 1 2 3 4 5 6 7 -8 -9 10 11 12 13 14 15 16 17 18 19 -20
0xa1c2abab4e570a7c 85383 1 2 3 4 5 6 7 -8 -9 10 11 12 13 14 15 16 17 18 19 -20