0x455e8501e7087875 75472 -1 2 3 4 5 6 7 8 9 10 11 12 -13 14 15 -16 17 18 19 -20
0xd7b2afc6f287a53a 75472 -1 2 3 4 5 6 7 8 9 10 11 12 -13 14 15 -16 17 18 19 -20
0x65da673b1733796c 75472 -1 2 3 4 5 6 7 8 9 10 11 12 -13 14 15 -16 17 18 19 -20
0xf03fd48d3aedd7bd 75472 -1 2 3 4 5 6 7 8 9 10 11 12 -13 14 15 -16 17 18 19 -20
0x1cb954b6ccc6008c 75472 -1 2 3 4 5 6 7 8 9 10 11 12 -13 14 15 -16 17 18 19 -20
0xcd60b5c4a2c0f05 75472 -1 2 3 4 5 6 7 8 9 10 11 12 -13 14 15 -16 17 18 19 -20
0xeb7ac558b25afca9 75472 -1 2 3 4 5 6 7 8 9 10 11 12 -13 14 15 -16 17 18 19 -20
0x327af922aba0f529 75472 -1 2 3 4 5 6 7 8 9 10 11 12 -13 14 15 -16 17 18 19 -20
0x8a3dad0135b85904 75472 -1 2 3 4 5 6 7 8 9 10 11 12 -13 14 15 -16 17 18 19 -20
0x736f57854d0de761 75472 -1 2 3 4 5 6 7 8 9 10 11 12 -13 14 15 -16 17 18 19 -20
0x245f1b7cdb8373e 75472 -1 2 3 4 5 6 7 8 9 10 11 12 -13 14 15 -16 17 18 19 -20
0xc819985c95869406 75472 -1 2 3 4 5 6 7 8 9 10 11 12 -13 14 15 -16 17 18 19 -20
0xc46f50534c2019a4 75472 -1 2 3 4 5 6 7 8 9 10 11 12 -13 14 15 -16 17 18 19 -20
0x5889f93ad6d26ad7 75472 -1 2 3 4 5 6 7 8 9 10 11 12 -13 14 15 -16 17 18 19 -20
0x272ab0db5553a40d 75472 -1 2 3 4 5 6 7 8 9 10 11 12 -13 14 15 -16 17 18 19 -20
0xeb9483519a1154fa 75472 -1 2 3 4 5 6 7 8 9 10 11 12 -13 14 15 -16 17 18 19 -20
0x42c8a14e68fb91a6 75472 -1 2 3 4 5 6 7 8 9 10 11 12 -13 14 15 -16 17 18 19 -20
0xaa3ca9bb47a16fc0 75472 -1 2 3 4 5 6 7 8 9 10 11 12 -13 14 15 -16 17 18 19 -20
0xd424f4722d69d727 75472 -1 2 3 4 5 6 7 8 9 10 11 12 -13 14 15 -16 17 18 19 -20
0x2d9f87659fed4e4b 75472 -1 2 3 4 5 6 7 8 9 10 11 12 -13 14 15 -16 17 18 19 -20
0x6fa45e8c5b466953 75472 -1 2 3 4 5 6 7 8 9 10 11 12 -13 14 15 -16 17 18 19 -20
0x1251cf409fc8465e 75472 -1 2 3 4 5 6 7 8 9 10 11 12 -13 14 15 -16 17 18 19 -20
0x48a5f30bbb1b00da 75472 -1 2 3 4 5 6 7 8 9 10 11 12 -13 14 15 -16 17 18 19 -20
0x2256d1cec178168 75472 -1 2 3 4 5 6 7 8 9 10 11 12 -13 14 15 -16 17 18 19 -20
0x588747b49a7bc64a 75472 -1 2 3 4 5 6 7 8 9 10 11 12 -13 14 15 -16 17 18 19 -20
0x71a867587aea0ced 75472 -1 2 3 4 5 6 7 8 9 10 11 12 -13 14 15 -16 17 18 19 -20
0x3a07aade215ff18f 75472 -1 2 3 4 5 6 7 8 9 10 11 12 -13 14 15 -16 17 18 19 -20
0xee9a61bdea31490d 75472 -1 2 3 4 5 6 7 8 9 10 11 12 -13 14 15 -16 17 18 19 -20
0x60711b52a76710e 75472 -1 2 3 4 5 6 7 8 9 10 11 12 -13 14 15 -16 17 18 19 -20
0x5179d63c71622b9a 75472 -1 2 3 4 5 6 7 8 9 10 11 12 -13 14 15 -16 17 18 19 -20