0xa466447205c8dba4 131243 -1 2 3 4 5 6 7 8 9 10 -11 12 13 -14 15 16 17 18 19 20
0x6c43743448a5f0a9 131243 -1 2 3 4 5 6 7 8 9 10 -11 12 13 -14 15 16 17 18 19 20
0x8dc6e4d1053ddfd7 131243 -1 2 3 4 5 6 7 8 9 10 -11 12 13 -14 15 16 17 18 19 20
0x143e0bb410e34682 131243 -1 2 3 4 5 6 7 8 9 10 -11 12 13 -14 15 16 17 18 19 20
0xd149ea137038af49 131243 -1 2 3 4 5 6 7 8 9 10 -11 12 13 -14 15 16 17 18 19 20
0x15ed2d29afe26a6d 131243 -1 2 3 4 5 6 7 8 9 10 -11 12 13 -14 15 16 17 18 19 20
0x4830899e5a3a4c94 131243 -1 2 3 4 5 6 7 8 9 10 -11 12 13 -14 15 16 17 18 19 20
0x426550a653fc3b8b 131243 -1 2 3 4 5 6 7 8 9 10 -11 12 13 -14 15 16 17 18 19 20
0x21d8dfd78914d053 131243 -1 2 3 4 5 6 7 8 9 10 -11 12 13 -14 15 16 17 18 19 20
0x1b3bfe608d2e3fa8 131243 -1 2 3 4 5 6 7 8 9 10 -11 12 13 -14 15 16 17 18 19 20
0x8e737f1e180742d6 131243 -1 2 3 4 5 6 7 8 9 10 -11 12 13 -14 15 16 17 18 19 20
0x915c18957dcdce1d 131243 -1 2 3 4 5 6 7 8 9 10 -11 12 13 -14 15 16 17 18 19 20
0x75c0caeed85a52a1 131243 -1 2 3 4 5 6 7 8 9 10 -11 12 13 -14 15 16 17 18 19 20
0x930bfa05910c91f8 131243 -1 2 3 4 5 6 7 8 9 10 -11 12 13 -14 15 16 17 18 19 20
0x7a130917f19166c1 131243 -1 2 3 4 5 6 7 8 9 10 -11 12 13 -14 15 16 17 18 19 20
0xb66a187968fa8878 131243 -1 2 3 4 5 6 7 8 9 10 -11 12 13 -14 15 16 17 18 19 20
0x940d177cfde42070 131243 -1 2 3 4 5 6 7 8 9 10 -11 12 13 -14 15 16 17 18 19 20
0x9a683ac98dc53c2a 131243 -1 2 3 4 5 6 7 8 9 10 -11 12 13 -14 15 16 17 18 19 20
0x25a7aadb28e3e3ba 131243 -1 2 3 4 5 6 7 8 9 10 -11 12 13 -14 15 16 17 18 19 20
0xb7a95974687f9eca 131243 -1 2 3 4 5 6 7 8 9 10 -11 12 13 -14 15 16 17 18 19 20
0x1cf110f346dc088d 131243 -1 2 3 4 5 6 7 8 9 10 -11 12 13 -14 15 16 17 18 19 20
0x3803c2492ea660a0 131243 -1 2 3 4 5 6 7 8 9 10 -11 12 13 -14 15 16 17 18 19 20
0x82a308d9d25cd64b 131243 -1 2 3 4 5 6 7 8 9 10 -11 12 13 -14 15 16 17 18 19 20
0x8997dc7f8093dff4 131243 -1 2 3 4 5 6 7 8 9 10 -11 12 13 -14 15 16 17 18 19 20
0xeadce57424fe85ed 131243 -1 2 3 4 5 6 7 8 9 10 -11 12 13 -14 15 16 17 18 19 20
0x2b345526b618d819 131243 -1 2 3 4 5 6 7 8 9 10 -11 12 13 -14 15 16 17 18 19 20
0x22e840f210a1a48e 131243 -1 2 3 4 5 6 7 8 9 10 -11 12 13 -14 15 16 17 18 19 20
0xf6360813a710c4e9 131243 -1 2 3 4 5 6 7 8 9 10 -11 12 13 -14 15 16 17 18 19 20
0x87d2dd6b79647235 131243 -1 2 3 4 5 6 7 8 9 10 -11 12 13 -14 15 16 17 18 19 20
0x208b71d4c97956af 131243 -1 2 3 4 5 6 7 8 9 10 -11 12 13 -14 15 16 17 18 19 20