0xfe30966a79dbc2e0 115454 1 2 3 -4 5 6 -7 8 9 10 11 12 13 14 -15 16 -17 -18 19 20
0x4250b4874036e5bc 115454 1 2 3 -4 5 6 -7 8 9 10 11 12 13 14 -15 16 -17 -18 19 20
0x544d43afb25b6856 115454 1 2 3 -4 5 6 -7 8 9 10 11 12 13 14 -15 16 -17 -18 19 20
0xf8a37c2ab9035eb8 115454 1 2 3 -4 5 6 -7 8 9 10 11 12 13 14 -15 16 -17 -18 19 20
0x66104f0d5cd8da94 115454 1 2 3 -4 5 6 -7 8 9 10 11 12 13 14 -15 16 -17 -18 19 20
0x61d06dd7a6f71dd 115454 1 2 3 -4 5 6 -7 8 9 10 11 12 13 14 -15 16 -17 -18 19 20
0x226c1d6eb3b321 115454 1 2 3 -4 5 6 -7 8 9 10 11 12 13 14 -15 16 -17 -18 19 20
0xa84854e18d5decf1 115454 1 2 3 -4 5 6 -7 8 9 10 11 12 13 14 -15 16 -17 -18 19 20
0x2130b2ba438d51d6 115454 1 2 3 -4 5 6 -7 8 9 10 11 12 13 14 -15 16 -17 -18 19 20
0x86299d6eaa302b40 115454 1 2 3 -4 5 6 -7 8 9 10 11 12 13 14 -15 16 -17 -18 19 20
0x317f742a2668ff25 115454 1 2 3 -4 5 6 -7 8 9 10 11 12 13 14 -15 16 -17 -18 19 20
0xc34b376b8239359b 115454 1 2 3 -4 5 6 -7 8 9 10 11 12 13 14 -15 16 -17 -18 19 20
0x48ab8b388c5d636c 115454 1 2 3 -4 5 6 -7 8 9 10 11 12 13 14 -15 16 -17 -18 19 20
0xb18f0d7b74f54fd1 115454 1 2 3 -4 5 6 -7 8 9 10 11 12 13 14 -15 16 -17 -18 19 20
0xeed1f03b443960e1 115454 1 2 3 -4 5 6 -7 8 9 10 11 12 13 14 -15 16 -17 -18 19 20
0x7a1bfcd98589345a 115454 1 2 3 -4 5 6 -7 8 9 10 11 12 13 14 -15 16 -17 -18 19 20
0x75d0978c05e63469 115454 1 2 3 -4 5 6 -7 8 9 10 11 12 13 14 -15 16 -17 -18 19 20
0x6a785e489a2ad6d8 115454 1 2 3 -4 5 6 -7 8 9 10 11 12 13 14 -15 16 -17 -18 19 20
0x8a4feedbc01df6b6 115454 1 2 3 -4 5 6 -7 8 9 10 11 12 13 14 -15 16 -17 -18 19 20
0x1fd6ca65cbaeb1d5 115454 1 2 3 -4 5 6 -7 8 9 10 11 12 13 14 -15 16 -17 -18 19 20
0x77bb96d8309e398d 115454 1 2 3 -4 5 6 -7 8 9 10 11 12 13 14 -15 16 -17 -18 19 20
0xbd97c1ce88aa0f13 115454 1 2 3 -4 5 6 -7 8 9 10 11 12 13 14 -15 16 -17 -18 19 20
0x6f5b672c48fcebeb 115454 1 2 3 -4 5 6 -7 8 9 10 11 12 13 14 -15 16 -17 -18 19 20
0x5bce5b8b69bbaf87 115454 1 2 3 -4 5 6 -7 8 9 10 11 12 13 14 -15 16 -17 -18 19 20
0x17a1e0754e764fd3 115454 1 2 3 -4 5 6 -7 8 9 10 11 12 13 14 -15 16 -17 -18 19 20
0xb5b735c7c9efc863 115454 1 2 3 -4 5 6 -7 8 9 10 11 12 13 14 -15 16 -17 -18 19 20
0x85fb89bf40c8260e 115454 1 2 3 -4 5 6 -7 8 9 10 11 12 13 14 -15 16 -17 -18 19 20
0xfd24b011bc781c6d 115454 1 2 3 -4 5 6 -7 8 9 10 11 12 13 14 -15 16 -17 -18 19 20
0x27e4aaedebf926dd 115454 1 2 3 -4 5 6 -7 8 9 10 11 12 13 14 -15 16 -17 -18 19 20
0xcf5e4968d79949b8 115454 1 2 3 -4 5 6 -7 8 9 10 11 12 13 14 -15 16 -17 -18 19 20