0x108d02faf565f57b 143910 1 2 -3 4 5 6 -7 8 9 10 11 -12 13 14 15 16 17 18 19 20
0x4669418f94e50c72 143910 1 2 -3 4 5 6 -7 8 9 10 11 -12 13 14 15 16 17 18 19 20
0x1ba2e0340a727dc6 143910 1 2 -3 4 5 6 -7 8 9 10 11 -12 13 14 15 16 17 18 19 20
0xacb6649be4ba5e5a 143910 1 2 -3 4 5 6 -7 8 9 10 11 -12 13 14 15 16 17 18 19 20
0xad327d9fd69d8f78 143910 1 2 -3 4 5 6 -7 8 9 10 11 -12 13 14 15 16 17 18 19 20
0xf036f56645e4f43 143910 1 2 -3 4 5 6 -7 8 9 10 11 -12 13 14 15 16 17 18 19 20
0xb3fa6dcc7c687afd 143910 1 2 -3 4 5 6 -7 8 9 10 11 -12 13 14 15 16 17 18 19 20
0xa2112bf6984f53ba 143910 1 2 -3 4 5 6 -7 8 9 10 11 -12 13 14 15 16 17 18 19 20
0x1ef529fdb8325fad 143910 1 2 -3 4 5 6 -7 8 9 10 11 -12 13 14 15 16 17 18 19 20
0x1eebc52dcfaa4780 143910 1 2 -3 4 5 6 -7 8 9 10 11 -12 13 14 15 16 17 18 19 20
0x9ef028651031a090 143910 1 2 -3 4 5 6 -7 8 9 10 11 -12 13 14 15 16 17 18 19 20
0x6483fe7d26628057 143910 1 2 -3 4 5 6 -7 8 9 10 11 -12 13 14 15 16 17 18 19 20
0xdb9982a9bab650bc 143910 1 2 -3 4 5 6 -7 8 9 10 11 -12 13 14 15 16 17 18 19 20
0xc6b76379efd621dd 143910 1 2 -3 4 5 6 -7 8 9 10 11 -12 13 14 15 16 17 18 19 20
0xd6f5c00b43735bf9 143910 1 2 -3 4 5 6 -7 8 9 10 11 -12 13 14 15 16 17 18 19 20
0x6648394aa5024691 143910 1 2 -3 4 5 6 -7 8 9 10 11 -12 13 14 15 16 17 18 19 20
0xbe4257c026b510e1 143910 1 2 -3 4 5 6 -7 8 9 10 11 -12 13 14 15 16 17 18 19 20
0x937fec22a8818e09 143910 1 2 -3 4 5 6 -7 8 9 10 11 -12 13 14 15 16 17 18 19 20
0x101d466747b2484b 143910 1 2 -3 4 5 6 -7 8 9 10 11 -12 13 14 15 16 17 18 19 20
0xa7deb4d1565abd77 143910 1 2 -3 4 5 6 -7 8 9 10 11 -12 13 14 15 16 17 18 19 20
0x56020d45f9cc6bd6 143910 1 2 -3 4 5 6 -7 8 9 10 11 -12 13 14 15 16 17 18 19 20
0x8e8edd0f4c8c1f53 143910 1 2 -3 4 5 6 -7 8 9 10 11 -12 13 14 15 16 17 18 19 20
0x8d75563168a5e5d8 143910 1 2 -3 4 5 6 -7 8 9 10 11 -12 13 14 15 16 17 18 19 20
0x47a13c8700aad521 143910 1 2 -3 4 5 6 -7 8 9 10 11 -12 13 14 15 16 17 18 19 20
0x9111fa7914225f5e 143910 1 2 -3 4 5 6 -7 8 9 10 11 -12 13 14 15 16 17 18 19 20
0x36d5370ed361c5ed 143910 1 2 -3 4 5 6 -7 8 9 10 11 -12 13 14 15 16 17 18 19 20
0xdc62f7fed5f5dae 143910 1 2 -3 4 5 6 -7 8 9 10 11 -12 13 14 15 16 17 18 19 20
0x3e74c09109c0f610 143910 1 2 -3 4 5 6 -7 8 9 10 11 -12 13 14 15 16 17 18 19 20
0x68de28b7b07d6dbd 143910 1 2 -3 4 5 6 -7 8 9 10 11 -12 13 14 15 16 17 18 19 20
0x3523fde6630cb8aa 143910 1 2 -3 4 5 6 -7 8 9 10 11 -12 13 14 15 16 17 18 19 20