0xee07363cde799a6b 165178 1 2 3 4 5 6 7 8 -9 10 11 12 -13 14 15 16 17 18 19 20
0x18cd920c0ac94e2f 165178 1 2 3 4 5 6 7 8 -9 10 11 12 -13 14 15 16 17 18 19 20
0x488ad7c7c2411a43 165178 1 2 3 4 5 6 7 8 -9 10 11 12 -13 14 15 16 17 18 19 20
0x2f9ddfdf476b4985 165178 1 2 3 4 5 6 7 8 -9 10 11 12 -13 14 15 16 17 18 19 20
0x461d6e189352f17d 165178 1 2 3 4 5 6 7 8 -9 10 11 12 -13 14 15 16 17 18 19 20
0x41b0abad986f3e82 165178 1 2 3 4 5 6 7 8 -9 10 11 12 -13 14 15 16 17 18 19 20
0xe173ed877dc02381 165178 1 2 3 4 5 6 7 8 -9 10 11 12 -13 14 15 16 17 18 19 20
0x5ba0d32f1229fb20 165178 1 2 3 4 5 6 7 8 -9 10 11 12 -13 14 15 16 17 18 19 20
0x8ed43e24d86b71d6 165178 1 2 3 4 5 6 7 8 -9 10 11 12 -13 14 15 16 17 18 19 20
0x2400162bafacfd92 165178 1 2 3 4 5 6 7 8 -9 10 11 12 -13 14 15 16 17 18 19 20
0x415b064fa9d08d3f 165178 1 2 3 4 5 6 7 8 -9 10 11 12 -13 14 15 16 17 18 19 20
0xbe45691a52b54159 165178 1 2 3 4 5 6 7 8 -9 10 11 12 -13 14 15 16 17 18 19 20
0x8b8ed7acffc5049c 165178 1 2 3 4 5 6 7 8 -9 10 11 12 -13 14 15 16 17 18 19 20
0xd6ce10bbbb5ca500 165178 1 2 3 4 5 6 7 8 -9 10 11 12 -13 14 15 16 17 18 19 20
0x72c7821fd7e556fe 165178 1 2 3 4 5 6 7 8 -9 10 11 12 -13 14 15 16 17 18 19 20
0xb060ee50414a708a 165178 1 2 3 4 5 6 7 8 -9 10 11 12 -13 14 15 16 17 18 19 20
0x1b4e610a35f78ee6 165178 1 2 3 4 5 6 7 8 -9 10 11 12 -13 14 15 16 17 18 19 20
0x7d13e2bfe12cfd58 165178 1 2 3 4 5 6 7 8 -9 10 11 12 -13 14 15 16 17 18 19 20
0xd21d72de3da54aac 165178 1 2 3 4 5 6 7 8 -9 10 11 12 -13 14 15 16 17 18 19 20
0xf1b655bee3f4ae4a 165178 1 2 3 4 5 6 7 8 -9 10 11 12 -13 14 15 16 17 18 19 20
0x9cd201d0c837d9ec 165178 1 2 3 4 5 6 7 8 -9 10 11 12 -13 14 15 16 17 18 19 20
0x6858804c240dc85d 165178 1 2 3 4 5 6 7 8 -9 10 11 12 -13 14 15 16 17 18 19 20
0x4f03f113c5162b16 165178 1 2 3 4 5 6 7 8 -9 10 11 12 -13 14 15 16 17 18 19 20
0xe891e819a97824f8 165178 1 2 3 4 5 6 7 8 -9 10 11 12 -13 14 15 16 17 18 19 20
0x1a1a7db7c6a8b66e 165178 1 2 3 4 5 6 7 8 -9 10 11 12 -13 14 15 16 17 18 19 20
0x18570ac7dbd60117 165178 1 2 3 4 5 6 7 8 -9 10 11 12 -13 14 15 16 17 18 19 20
0x7d728f2a55a4edf0 165178 1 2 3 4 5 6 7 8 -9 10 11 12 -13 14 15 16 17 18 19 20
0xdcfd0923e60053db 165178 1 2 3 4 5 6 7 8 -9 10 11 12 -13 14 15 16 17 18 19 20
0xac35287ce48ed5a0 165178 1 2 3 4 5 6 7 8 -9 10 11 12 -13 14 15 16 17 18 19 20
0x87dbd695e33cef3f 165178 1 2 3 4 5 6 7 8 -9 10 11 12 -13 14 15 16 17 18 19 20