0xa633cd529ab7c546 145496 -1 -2 3 4 5 6 7 8 9 10 11 12 13 14 -15 16 17 18 19 -20
0xdb0c71a30f6d6279 145496 -1 -2 3 4 5 6 7 8 9 10 11 12 13 14 -15 16 17 18 19 -20
0x4b545359563e156b 145496 -1 -2 3 4 5 6 7 8 9 10 11 12 13 14 -15 16 17 18 19 -20
0xc45e4c0d1844909b 145496 -1 -2 3 4 5 6 7 8 9 10 11 12 13 14 -15 16 17 18 19 -20
0x180487c91b3dd9ea 145496 -1 -2 3 4 5 6 7 8 9 10 11 12 13 14 -15 16 17 18 19 -20
0x8162048d5711941c 145496 -1 -2 3 4 5 6 7 8 9 10 11 12 13 14 -15 16 17 18 19 -20
0x64c761caed7b585c 145496 -1 -2 3 4 5 6 7 8 9 10 11 12 13 14 -15 16 17 18 19 -20
0x78f8ffea93cb1fb7 145496 -1 -2 3 4 5 6 7 8 9 10 11 12 13 14 -15 16 17 18 19 -20
0xeb046fc660f2bc9d 145496 -1 -2 3 4 5 6 7 8 9 10 11 12 13 14 -15 16 17 18 19 -20
0x93b322c6c566466 145496 -1 -2 3 4 5 6 7 8 9 10 11 12 13 14 -15 16 17 18 19 -20
0x7520c7603c1648c9 145496 -1 -2 3 4 5 6 7 8 9 10 11 12 13 14 -15 16 17 18 19 -20
0xc75a0e98abc74164 145496 -1 -2 3 4 5 6 7 8 9 10 11 12 13 14 -15 16 17 18 19 -20
0xf3ebf580b6d08539 145496 -1 -2 3 4 5 6 7 8 9 10 11 12 13 14 -15 16 17 18 19 -20
0x985777b86be4742d 145496 -1 -2 3 4 5 6 7 8 9 10 11 12 13 14 -15 16 17 18 19 -20
0xdd36619e24f33e29 145496 -1 -2 3 4 5 6 7 8 9 10 11 12 13 14 -15 16 17 18 19 -20
0xb053b745466def4b 145496 -1 -2 3 4 5 6 7 8 9 10 11 12 13 14 -15 16 17 18 19 -20
0x5d5b943b717b3ec3 145496 -1 -2 3 4 5 6 7 8 9 10 11 12 13 14 -15 16 17 18 19 -20
0x153ef0f18c361674 145496 -1 -2 3 4 5 6 7 8 9 10 11 12 13 14 -15 16 17 18 19 -20
0x47c2df5bbcbdad33 145496 -1 -2 3 4 5 6 7 8 9 10 11 12 13 14 -15 16 17 18 19 -20
0x675506c7cde24178 145496 -1 -2 3 4 5 6 7 8 9 10 11 12 13 14 -15 16 17 18 19 -20
0xeda9344d20a5001b 145496 -1 -2 3 4 5 6 7 8 9 10 11 12 13 14 -15 16 17 18 19 -20
0xfc380373544a4997 145496 -1 -2 3 4 5 6 7 8 9 10 11 12 13 14 -15 16 17 18 19 -20
0xb3b4c75e1714eef4 145496 -1 -2 3 4 5 6 7 8 9 10 11 12 13 14 -15 16 17 18 19 -20
0xd5018199179f9d29 145496 -1 -2 3 4 5 6 7 8 9 10 11 12 13 14 -15 16 17 18 19 -20
0x45be720bce793db0 145496 -1 -2 3 4 5 6 7 8 9 10 11 12 13 14 -15 16 17 18 19 -20
0x48f6e7b18cdb3d0a 145496 -1 -2 3 4 5 6 7 8 9 10 11 12 13 14 -15 16 17 18 19 -20
0xcd4436db09b0c476 145496 -1 -2 3 4 5 6 7 8 9 10 11 12 13 14 -15 16 17 18 19 -20
0x95402ca9e816e77d 145496 -1 -2 3 4 5 6 7 8 9 10 11 12 13 14 -15 16 17 18 19 -20
0x46621085354a078 145496 -1 -2 3 4 5 6 7 8 9 10 11 12 13 14 -15 16 17 18 19 -20
0x85155d824d4827a 145496 -1 -2 3 4 5 6 7 8 9 10 11 12 13 14 -15 16 17 18 19 -20