0x46bea9d6a26c131a 116417 1 -2 3 4 5 6 7 8 -9 -10 11 12 13 14 15 16 17 18 19 -20
0x8c8df67e2e273fdd 116417 1 -2 3 4 5 6 7 8 -9 -10 11 12 13 14 15 16 17 18 19 -20
0xfe0faea2e9a15477 116417 1 -2 3 4 5 6 7 8 -9 -10 11 12 13 14 15 16 17 18 19 -20
0x6afffd87de224bac 116417 1 -2 3 4 5 6 7 8 -9 -10 11 12 13 14 15 16 17 18 19 -20
0x825e75b0dbe63a58 116417 1 -2 3 4 5 6 7 8 -9 -10 11 12 13 14 15 16 17 18 19 -20
0x3e64b6010dd5fb39 116417 1 -2 3 4 5 6 7 8 -9 -10 11 12 13 14 15 16 17 18 19 -20
0x1cc8af2890ecc161 116417 1 -2 3 4 5 6 7 8 -9 -10 11 12 13 14 15 16 17 18 19 -20
0x3bedf01aaf36390c 116417 1 -2 3 4 5 6 7 8 -9 -10 11 12 13 14 15 16 17 18 19 -20
0xd5a16f5de61e207a 116417 1 -2 3 4 5 6 7 8 -9 -10 11 12 13 14 15 16 17 18 19 -20
0xfb6d1689bf57ad71 116417 1 -2 3 4 5 6 7 8 -9 -10 11 12 13 14 15 16 17 18 19 -20
0x2dd71dce7d0c82b8 116417 1 -2 3 4 5 6 7 8 -9 -10 11 12 13 14 15 16 17 18 19 -20
0x8520fa9c045094c8 116417 1 -2 3 4 5 6 7 8 -9 -10 11 12 13 14 15 16 17 18 19 -20
0x40ef5f3a572d9c76 116417 1 -2 3 4 5 6 7 8 -9 -10 11 12 13 14 15 16 17 18 19 -20
0x6c4156e6a5fdb1ec 116417 1 -2 3 4 5 6 7 8 -9 -10 11 12 13 14 15 16 17 18 19 -20
0xc48b619b5765fd76 116417 1 -2 3 4 5 6 7 8 -9 -10 11 12 13 14 15 16 17 18 19 -20
0xda9b04af18e49f2c 116417 1 -2 3 4 5 6 7 8 -9 -10 11 12 13 14 15 16 17 18 19 -20
0x8ee692af6f23ce49 116417 1 -2 3 4 5 6 7 8 -9 -10 11 12 13 14 15 16 17 18 19 -20
0x2c6fc0f918773e19 116417 1 -2 3 4 5 6 7 8 -9 -10 11 12 13 14 15 16 17 18 19 -20
0x3386b8ae0b25de5a 116417 1 -2 3 4 5 6 7 8 -9 -10 11 12 13 14 15 16 17 18 19 -20
0xd901d61196393fa2 116417 1 -2 3 4 5 6 7 8 -9 -10 11 12 13 14 15 16 17 18 19 -20
0x3ae06a720cb0e6ef 116417 1 -2 3 4 5 6 7 8 -9 -10 11 12 13 14 15 16 17 18 19 -20
0xefdb8854e6832798 116417 1 -2 3 4 5 6 7 8 -9 -10 11 12 13 14 15 16 17 18 19 -20
0xf906076ff5c67cc 116417 1 -2 3 4 5 6 7 8 -9 -10 11 12 13 14 15 16 17 18 19 -20
0x5d236212f8779d37 116417 1 -2 3 4 5 6 7 8 -9 -10 11 12 13 14 15 16 17 18 19 -20
0xae50ab8d2fbf237a 116417 1 -2 3 4 5 6 7 8 -9 -10 11 12 13 14 15 16 17 18 19 -20
0x98aa703db6f2dd46 116417 1 -2 3 4 5 6 7 8 -9 -10 11 12 13 14 15 16 17 18 19 -20
0xaff8d11f7ef26ec7 116417 1 -2 3 4 5 6 7 8 -9 -10 11 12 13 14 15 16 17 18 19 -20
0x3d0a27a65a62a9c 116417 1 -2 3 4 5 6 7 8 -9 -10 11 12 13 14 15 16 17 18 19 -20
0xeb114ab218883db3 116417 1 -2 3 4 5 6 7 8 -9 -10 11 12 13 14 15 16 17 18 19 -20
0xcaaf71331d32e92d 116417 1 -2 3 4 5 6 7 8 -9 -10 11 12 13 14 15 16 17 18 19 -20