0x1077c12a2f43c7f5 149812 1 2 -3 4 5 6 7 8 9 -10 11 12 -13 14 15 16 17 18 19 -20
0xcc4d02e149d32238 149812 1 2 -3 4 5 6 7 8 9 -10 11 12 -13 14 15 16 17 18 19 -20
0x244ced3a44c075f5 149812 1 2 -3 4 5 6 7 8 9 -10 11 12 -13 14 15 16 17 18 19 -20
0xcc916d43ea078fc1 149812 1 2 -3 4 5 6 7 8 9 -10 11 12 -13 14 15 16 17 18 19 -20
0x8ac54780d6d23097 149812 1 2 -3 4 5 6 7 8 9 -10 11 12 -13 14 15 16 17 18 19 -20
0x23c776a51a5b753 149812 1 2 -3 4 5 6 7 8 9 -10 11 12 -13 14 15 16 17 18 19 -20
0x1c42a9cc1aa5f18a 149812 1 2 -3 4 5 6 7 8 9 -10 11 12 -13 14 15 16 17 18 19 -20
0x614ff19f0738d68 149812 1 2 -3 4 5 6 7 8 9 -10 11 12 -13 14 15 16 17 18 19 -20
0x81d2449ec216503 149812 1 2 -3 4 5 6 7 8 9 -10 11 12 -13 14 15 16 17 18 19 -20
0xce36d5d03ca150f1 149812 1 2 -3 4 5 6 7 8 9 -10 11 12 -13 14 15 16 17 18 19 -20
0xd2c11a745103478d 149812 1 2 -3 4 5 6 7 8 9 -10 11 12 -13 14 15 16 17 18 19 -20
0x89796d332a2ea76 149812 1 2 -3 4 5 6 7 8 9 -10 11 12 -13 14 15 16 17 18 19 -20
0x18d6e6cd065d2ce2 149812 1 2 -3 4 5 6 7 8 9 -10 11 12 -13 14 15 16 17 18 19 -20
0x4338586f3ffc18ac 149812 1 2 -3 4 5 6 7 8 9 -10 11 12 -13 14 15 16 17 18 19 -20
0xadc3b0c034419c40 149812 1 2 -3 4 5 6 7 8 9 -10 11 12 -13 14 15 16 17 18 19 -20
0x37f7fd0ffb0b8c4e 149812 1 2 -3 4 5 6 7 8 9 -10 11 12 -13 14 15 16 17 18 19 -20
0x2147b01f1ec44a16 149812 1 2 -3 4 5 6 7 8 9 -10 11 12 -13 14 15 16 17 18 19 -20
0xd51621d4409ad548 149812 1 2 -3 4 5 6 7 8 9 -10 11 12 -13 14 15 16 17 18 19 -20
0x5a0bfd2e88dd894b 149812 1 2 -3 4 5 6 7 8 9 -10 11 12 -13 14 15 16 17 18 19 -20
0x1df9fb33f7a7436a 149812 1 2 -3 4 5 6 7 8 9 -10 11 12 -13 14 15 16 17 18 19 -20
0xdb01b13dea025c50 149812 1 2 -3 4 5 6 7 8 9 -10 11 12 -13 14 15 16 17 18 19 -20
0x6d783f91466969fa 149812 1 2 -3 4 5 6 7 8 9 -10 11 12 -13 14 15 16 17 18 19 -20
0xeacd537611a7ee78 149812 1 2 -3 4 5 6 7 8 9 -10 11 12 -13 14 15 16 17 18 19 -20
0x98ea36fbe7bae366 149812 1 2 -3 4 5 6 7 8 9 -10 11 12 -13 14 15 16 17 18 19 -20
0xd4d8f10342b6d957 149812 1 2 -3 4 5 6 7 8 9 -10 11 12 -13 14 15 16 17 18 19 -20
0xb938073d824cd922 149812 1 2 -3 4 5 6 7 8 9 -10 11 12 -13 14 15 16 17 18 19 -20
0x1e2180f048f7700d 149812 1 2 -3 4 5 6 7 8 9 -10 11 12 -13 14 15 16 17 18 19 -20
0xad21f5ce3ec0f972 149812 1 2 -3 4 5 6 7 8 9 -10 11 12 -13 14 15 16 17 18 19 -20
0x58c6f858c7c3353a 149812 1 2 -3 4 5 6 7 8 9 -10 11 12 -13 14 15 16 17 18 19 -20
0xfa683fdaa417a64d 149812 1 2 -3 4 5 6 7 8 9 -10 11 12 -13 14 15 16 17 18 19 -20