0x481b0163d0622646 114315 1 2 3 -4 5 -6 7 8 9 -10 11 12 13 -14 -15 16 17 18 19 -20
0xf71cdd1c10e2b11a 114315 1 2 3 -4 5 -6 7 8 9 -10 11 12 13 -14 -15 16 17 18 19 -20
0x7a1f0446b90bc72a 114315 1 2 3 -4 5 -6 7 8 9 -10 11 12 13 -14 -15 16 17 18 19 -20
0xc1ddda4e1e1928a3 114315 1 2 3 -4 5 -6 7 8 9 -10 11 12 13 -14 -15 16 17 18 19 -20
0xd31961f41566e479 114315 1 2 3 -4 5 -6 7 8 9 -10 11 12 13 -14 -15 16 17 18 19 -20
0xac9bf65248d78ffe 114315 1 2 3 -4 5 -6 7 8 9 -10 11 12 13 -14 -15 16 17 18 19 -20
0xb68d70572a18d35f 114315 1 2 3 -4 5 -6 7 8 9 -10 11 12 13 -14 -15 16 17 18 19 -20
0xaf44a99372264b6d 114315 1 2 3 -4 5 -6 7 8 9 -10 11 12 13 -14 -15 16 17 18 19 -20
0xd97fdc5a19bd20b8 114315 1 2 3 -4 5 -6 7 8 9 -10 11 12 13 -14 -15 16 17 18 19 -20
0x13e174eb61c68317 114315 1 2 3 -4 5 -6 7 8 9 -10 11 12 13 -14 -15 16 17 18 19 -20
0xe2e20df2ac0bec41 114315 1 2 3 -4 5 -6 7 8 9 -10 11 12 13 -14 -15 16 17 18 19 -20
0xcb0ad596cccfd64f 114315 1 2 3 -4 5 -6 7 8 9 -10 11 12 13 -14 -15 16 17 18 19 -20
0x24106ceb1c0be53f 114315 1 2 3 -4 5 -6 7 8 9 -10 11 12 13 -14 -15 16 17 18 19 -20
0x690e48ddae5ccbcd 114315 1 2 3 -4 5 -6 7 8 9 -10 11 12 13 -14 -15 16 17 18 19 -20
0x22733011a1dcd6f5 114315 1 2 3 -4 5 -6 7 8 9 -10 11 12 13 -14 -15 16 17 18 19 -20
0x25392dc549e3f316 114315 1 2 3 -4 5 -6 7 8 9 -10 11 12 13 -14 -15 16 17 18 19 -20
0x37335854e7136fc0 114315 1 2 3 -4 5 -6 7 8 9 -10 11 12 13 -14 -15 16 17 18 19 -20
0x2769a2d4d728c61a 114315 1 2 3 -4 5 -6 7 8 9 -10 11 12 13 -14 -15 16 17 18 19 -20
0xff77359386617cf9 114315 1 2 3 -4 5 -6 7 8 9 -10 11 12 13 -14 -15 16 17 18 19 -20
0xc5e2bfbfcccbd020 114315 1 2 3 -4 5 -6 7 8 9 -10 11 12 13 -14 -15 16 17 18 19 -20
0x87b87b24e1feb7ba 114315 1 2 3 -4 5 -6 7 8 9 -10 11 12 13 -14 -15 16 17 18 19 -20
0x190072574b930b1c 114315 1 2 3 -4 5 -6 7 8 9 -10 11 12 13 -14 -15 16 17 18 19 -20
0x3cbc6d5ee490b384 114315 1 2 3 -4 5 -6 7 8 9 -10 11 12 13 -14 -15 16 17 18 19 -20
0x6675db622895a4e3 114315 1 2 3 -4 5 -6 7 8 9 -10 11 12 13 -14 -15 16 17 18 19 -20
0x84625139525b98d3 114315 1 2 3 -4 5 -6 7 8 9 -10 11 12 13 -14 -15 16 17 18 19 -20
0xf5d001b544986161 114315 1 2 3 -4 5 -6 7 8 9 -10 11 12 13 -14 -15 16 17 18 19 -20
0xb9b81491abaa3f2 114315 1 2 3 -4 5 -6 7 8 9 -10 11 12 13 -14 -15 16 17 18 19 -20
0xd4ed65390f0cc805 114315 1 2 3 -4 5 -6 7 8 9 -10 11 12 13 -14 -15 16 17 18 19 -20
0x439223679ed31b6d 114315 1 2 3 -4 5 -6 7 8 9 -10 11 12 13 -14 -15 16 17 18 19 -20
0xc0a9c8706739e1f1 114315 1 2 3 -4 5 -6 7 8 9 -10 11 12 13 -14 -15 16 17 18 19 -20