0xb89631584cc77b38 152448 1 2 -3 -4 5 6 7 8 9 10 11 12 -13 14 15 16 17 18 -19 20
0xeac36ad9b4f41504 152448 1 2 -3 -4 5 6 7 8 9 10 11 12 -13 14 15 16 17 18 -19 20
0x20dcfc5554e25437 152448 1 2 -3 -4 5 6 7 8 9 10 11 12 -13 14 15 16 17 18 -19 20
0xfbd52ec1ab6fd918 152448 1 2 -3 -4 5 6 7 8 9 10 11 12 -13 14 15 16 17 18 -19 20
0x60bbdee70d15da36 152448 1 2 -3 -4 5 6 7 8 9 10 11 12 -13 14 15 16 17 18 -19 20
0x997e45da50727066 152448 1 2 -3 -4 5 6 7 8 9 10 11 12 -13 14 15 16 17 18 -19 20
0x9027d7e8e12d497 152448 1 2 -3 -4 5 6 7 8 9 10 11 12 -13 14 15 16 17 18 -19 20
0xc37237a0dbb371cb 152448 1 2 -3 -4 5 6 7 8 9 10 11 12 -13 14 15 16 17 18 -19 20
0x317f070d4248db91 152448 1 2 -3 -4 5 6 7 8 9 10 11 12 -13 14 15 16 17 18 -19 20
0x342d9111e77e38f 152448 1 2 -3 -4 5 6 7 8 9 10 11 12 -13 14 15 16 17 18 -19 20
0x507e7e4f52fbebff 152448 1 2 -3 -4 5 6 7 8 9 10 11 12 -13 14 15 16 17 18 -19 20
0xc3c906f1b4bc8823 152448 1 2 -3 -4 5 6 7 8 9 10 11 12 -13 14 15 16 17 18 -19 20
0x41aaa34418652033 152448 1 2 -3 -4 5 6 7 8 9 10 11 12 -13 14 15 16 17 18 -19 20
0xc85acce3a2e7e5aa 152448 1 2 -3 -4 5 6 7 8 9 10 11 12 -13 14 15 16 17 18 -19 20
0xe7dc387017cdc621 152448 1 2 -3 -4 5 6 7 8 9 10 11 12 -13 14 15 16 17 18 -19 20
0x4d5c0b4a3a4eeef8 152448 1 2 -3 -4 5 6 7 8 9 10 11 12 -13 14 15 16 17 18 -19 20
0x8616df12602b1b89 152448 1 2 -3 -4 5 6 7 8 9 10 11 12 -13 14 15 16 17 18 -19 20
0x814aa38c502b517 152448 1 2 -3 -4 5 6 7 8 9 10 11 12 -13 14 15 16 17 18 -19 20
0x5445678d683a3d0b 152448 1 2 -3 -4 5 6 7 8 9 10 11 12 -13 14 15 16 17 18 -19 20
0xb867bf7ccceb06bb 152448 1 2 -3 -4 5 6 7 8 9 10 11 12 -13 14 15 16 17 18 -19 20
0xa78de1db6686ec9e 152448 1 2 -3 -4 5 6 7 8 9 10 11 12 -13 14 15 16 17 18 -19 20
0xe4f48a2884f61d66 152448 1 2 -3 -4 5 6 7 8 9 10 11 12 -13 14 15 16 17 18 -19 20
0xf0367ab6cbb579b5 152448 1 2 -3 -4 5 6 7 8 9 10 11 12 -13 14 15 16 17 18 -19 20
0x4f89be452b05f3f2 152448 1 2 -3 -4 5 6 7 8 9 10 11 12 -13 14 15 16 17 18 -19 20
0x2d73e17cdb41e331 152448 1 2 -3 -4 5 6 7 8 9 10 11 12 -13 14 15 16 17 18 -19 20
0xd9a75fd37b2a3b8f 152448 1 2 -3 -4 5 6 7 8 9 10 11 12 -13 14 15 16 17 18 -19 20
0x1c35cdb2813c2a75 152448 1 2 -3 -4 5 6 7 8 9 10 11 12 -13 14 15 16 17 18 -19 20
0x10fe5f626a839930 152448 1 2 -3 -4 5 6 7 8 9 10 11 12 -13 14 15 16 17 18 -19 20
0x73c361de5a31613b 152448 1 2 -3 -4 5 6 7 8 9 10 11 12 -13 14 15 16 17 18 -19 20
0xc601ae97f20d278c 152448 1 2 -3 -4 5 6 7 8 9 10 11 12 -13 14 15 16 17 18 -19 20