0x45a252993e776169 59331 1 2 3 -4 5 6 -7 8 -9 10 11 12 13 14 15 -16 17 18 19 20
0x6c6601f1d143e2c7 59331 1 2 3 -4 5 6 -7 8 -9 10 11 12 13 14 15 -16 17 18 19 20
0xe5974754cc97eeeb 59331 1 2 3 -4 5 6 -7 8 -9 10 11 12 13 14 15 -16 17 18 19 20
0xf8c2cc0624c888c0 59331 1 2 3 -4 5 6 -7 8 -9 10 11 12 13 14 15 -16 17 18 19 20
0x5f40bccee712c4a1 59331 1 2 3 -4 5 6 -7 8 -9 10 11 12 13 14 15 -16 17 18 19 20
0xe2534c602a1ef39f 59331 1 2 3 -4 5 6 -7 8 -9 10 11 12 13 14 15 -16 17 18 19 20
0xb8e3d083f49169f7 59331 1 2 3 -4 5 6 -7 8 -9 10 11 12 13 14 15 -16 17 18 19 20
0x6260ec279afcec67 59331 1 2 3 -4 5 6 -7 8 -9 10 11 12 13 14 15 -16 17 18 19 20
0xb8d09ecd135eda69 59331 1 2 3 -4 5 6 -7 8 -9 10 11 12 13 14 15 -16 17 18 19 20
0x5f66420a8fdd6940 59331 1 2 3 -4 5 6 -7 8 -9 10 11 12 13 14 15 -16 17 18 19 20
0x43aef8549ca0e8c0 59331 1 2 3 -4 5 6 -7 8 -9 10 11 12 13 14 15 -16 17 18 19 20
0x237e3f6e88d9cf6b 59331 1 2 3 -4 5 6 -7 8 -9 10 11 12 13 14 15 -16 17 18 19 20
0xfe2ac0a929f05612 59331 1 2 3 -4 5 6 -7 8 -9 10 11 12 13 14 15 -16 17 18 19 20
0xd391faf5c0eef99e 59331 1 2 3 -4 5 6 -7 8 -9 10 11 12 13 14 15 -16 17 18 19 20
0x1a77a2ce0bd807da 59331 1 2 3 -4 5 6 -7 8 -9 10 11 12 13 14 15 -16 17 18 19 20
0x213b13e56e80ea75 59331 1 2 3 -4 5 6 -7 8 -9 10 11 12 13 14 15 -16 17 18 19 20
0xb57370b7dd44b174 59331 1 2 3 -4 5 6 -7 8 -9 10 11 12 13 14 15 -16 17 18 19 20
0x617ccbe8ce17575c 59331 1 2 3 -4 5 6 -7 8 -9 10 11 12 13 14 15 -16 17 18 19 20
0x8b7646f41f2bd681 59331 1 2 3 -4 5 6 -7 8 -9 10 11 12 13 14 15 -16 17 18 19 20
0xa9df4da5582e26ea 59331 1 2 3 -4 5 6 -7 8 -9 10 11 12 13 14 15 -16 17 18 19 20
0x448d4e3525989463 59331 1 2 3 -4 5 6 -7 8 -9 10 11 12 13 14 15 -16 17 18 19 20
0x3bbea04645140423 59331 1 2 3 -4 5 6 -7 8 -9 10 11 12 13 14 15 -16 17 18 19 20
0x41c5c758d1a7ae2c 59331 1 2 3 -4 5 6 -7 8 -9 10 11 12 13 14 15 -16 17 18 19 20
0xd0413a4949b30027 59331 1 2 3 -4 5 6 -7 8 -9 10 11 12 13 14 15 -16 17 18 19 20
0xd899996962e928e0 59331 1 2 3 -4 5 6 -7 8 -9 10 11 12 13 14 15 -16 17 18 19 20
0x447d98c358c15dfd 59331 1 2 3 -4 5 6 -7 8 -9 10 11 12 13 14 15 -16 17 18 19 20
0x6097d67486b803ac 59331 1 2 3 -4 5 6 -7 8 -9 10 11 12 13 14 15 -16 17 18 19 20
0x3e879f7f1ca73f59 59331 1 2 3 -4 5 6 -7 8 -9 10 11 12 13 14 15 -16 17 18 19 20
0xb69d4fbec89e5222 59331 1 2 3 -4 5 6 -7 8 -9 10 11 12 13 14 15 -16 17 18 19 20
0xfedcf8d2f5d5190b 59331 1 2 3 -4 5 6 -7 8 -9 10 11 12 13 14 15 -16 17 18 19 20