0xf1601dcb478ac8ba 45951 -1 -2 -3 -4 -5 6 7 8 9 10 11 12 13 -14 15 16 17 18 19 20
0xfe26a17fc589eb19 45951 -1 -2 -3 -4 -5 6 7 8 9 10 11 12 13 -14 15 16 17 18 19 20
0x5753ff31abea9b6 45951 -1 -2 -3 -4 -5 6 7 8 9 10 11 12 13 -14 15 16 17 18 19 20
0x81e31fb3f9818b66 45951 -1 -2 -3 -4 -5 6 7 8 9 10 11 12 13 -14 15 16 17 18 19 20
0xbec4dc29883c035e 45951 -1 -2 -3 -4 -5 6 7 8 9 10 11 12 13 -14 15 16 17 18 19 20
0xff82cf4117a442b7 45951 -1 -2 -3 -4 -5 6 7 8 9 10 11 12 13 -14 15 16 17 18 19 20
0x7e498d8e12f5ef1 45951 -1 -2 -3 -4 -5 6 7 8 9 10 11 12 13 -14 15 16 17 18 19 20
0xe4b50569da5eba28 45951 -1 -2 -3 -4 -5 6 7 8 9 10 11 12 13 -14 15 16 17 18 19 20
0x3b1d76ca7d2fcb81 45951 -1 -2 -3 -4 -5 6 7 8 9 10 11 12 13 -14 15 16 17 18 19 20
0xc57f13e12acf4438 45951 -1 -2 -3 -4 -5 6 7 8 9 10 11 12 13 -14 15 16 17 18 19 20
0xc9e52cd23bf13d44 45951 -1 -2 -3 -4 -5 6 7 8 9 10 11 12 13 -14 15 16 17 18 19 20
0xed82dcaa10263594 45951 -1 -2 -3 -4 -5 6 7 8 9 10 11 12 13 -14 15 16 17 18 19 20
0x3d65475d1378e48f 45951 -1 -2 -3 -4 -5 6 7 8 9 10 11 12 13 -14 15 16 17 18 19 20
0x3e911aa46ad47c92 45951 -1 -2 -3 -4 -5 6 7 8 9 10 11 12 13 -14 15 16 17 18 19 20
0x6acd4e458eeb5908 45951 -1 -2 -3 -4 -5 6 7 8 9 10 11 12 13 -14 15 16 17 18 19 20
0x4c4526922752ea45 45951 -1 -2 -3 -4 -5 6 7 8 9 10 11 12 13 -14 15 16 17 18 19 20
0x42ef1e56570bc0dc 45951 -1 -2 -3 -4 -5 6 7 8 9 10 11 12 13 -14 15 16 17 18 19 20
0x34b78dff2caf4dfb 45951 -1 -2 -3 -4 -5 6 7 8 9 10 11 12 13 -14 15 16 17 18 19 20
0x950900d96dc7816c 45951 -1 -2 -3 -4 -5 6 7 8 9 10 11 12 13 -14 15 16 17 18 19 20
0x1237d2d48e398da1 45951 -1 -2 -3 -4 -5 6 7 8 9 10 11 12 13 -14 15 16 17 18 19 20
0xfd783577175a9d54 45951 -1 -2 -3 -4 -5 6 7 8 9 10 11 12 13 -14 15 16 17 18 19 20
0x49a9478227402808 45951 -1 -2 -3 -4 -5 6 7 8 9 10 11 12 13 -14 15 16 17 18 19 20
0x455796b8e741d505 45951 -1 -2 -3 -4 -5 6 7 8 9 10 11 12 13 -14 15 16 17 18 19 20
0xd6d17291f94936b1 45951 -1 -2 -3 -4 -5 6 7 8 9 10 11 12 13 -14 15 16 17 18 19 20
0x122fa10aaed4743b 45951 -1 -2 -3 -4 -5 6 7 8 9 10 11 12 13 -14 15 16 17 18 19 20
0x9c454de8ba6e3a4c 45951 -1 -2 -3 -4 -5 6 7 8 9 10 11 12 13 -14 15 16 17 18 19 20
0xf847465b6ea6e70c 45951 -1 -2 -3 -4 -5 6 7 8 9 10 11 12 13 -14 15 16 17 18 19 20
0xddfb3a1282d8128d 45951 -1 -2 -3 -4 -5 6 7 8 9 10 11 12 13 -14 15 16 17 18 19 20
0x1b6e028c4bcaf48a 45951 -1 -2 -3 -4 -5 6 7 8 9 10 11 12 13 -14 15 16 17 18 19 20
0x667f50cc153a67de 45951 -1 -2 -3 -4 -5 6 7 8 9 10 11 12 13 -14 15 16 17 18 19 20