0x663941c3b983378 51119 1 2 -3 4 5 -6 7 8 9 10 11 12 13 -14 15 -16 17 18 19 -20
0xc843473f5f1190d9 51119 1 2 -3 4 5 -6 7 8 9 10 11 12 13 -14 15 -16 17 18 19 -20
0xb68f1ceedeba5d70 51119 1 2 -3 4 5 -6 7 8 9 10 11 12 13 -14 15 -16 17 18 19 -20
0xba496373847496a 51119 1 2 -3 4 5 -6 7 8 9 10 11 12 13 -14 15 -16 17 18 19 -20
0xb486cec23402f86c 51119 1 2 -3 4 5 -6 7 8 9 10 11 12 13 -14 15 -16 17 18 19 -20
0x5e65132860e4d404 51119 1 2 -3 4 5 -6 7 8 9 10 11 12 13 -14 15 -16 17 18 19 -20
0x5e6652833440d69b 51119 1 2 -3 4 5 -6 7 8 9 10 11 12 13 -14 15 -16 17 18 19 -20
0x483810f1259fd0ff 51119 1 2 -3 4 5 -6 7 8 9 10 11 12 13 -14 15 -16 17 18 19 -20
0xdb5fed6a5962bce0 51119 1 2 -3 4 5 -6 7 8 9 10 11 12 13 -14 15 -16 17 18 19 -20
0x826942ee62c2a5c3 51119 1 2 -3 4 5 -6 7 8 9 10 11 12 13 -14 15 -16 17 18 19 -20
0x25c83156f1d4d0ac 51119 1 2 -3 4 5 -6 7 8 9 10 11 12 13 -14 15 -16 17 18 19 -20
0xb84aa604cfc188b1 51119 1 2 -3 4 5 -6 7 8 9 10 11 12 13 -14 15 -16 17 18 19 -20
0xaa82c93c3a25572e 51119 1 2 -3 4 5 -6 7 8 9 10 11 12 13 -14 15 -16 17 18 19 -20
0x8720acc047f0842a 51119 1 2 -3 4 5 -6 7 8 9 10 11 12 13 -14 15 -16 17 18 19 -20
0x101b77ae88266b09 51119 1 2 -3 4 5 -6 7 8 9 10 11 12 13 -14 15 -16 17 18 19 -20
0xff558b9dfee86f73 51119 1 2 -3 4 5 -6 7 8 9 10 11 12 13 -14 15 -16 17 18 19 -20
0x824e5ef7af2e9e84 51119 1 2 -3 4 5 -6 7 8 9 10 11 12 13 -14 15 -16 17 18 19 -20
0x4cb80892dbb24835 51119 1 2 -3 4 5 -6 7 8 9 10 11 12 13 -14 15 -16 17 18 19 -20
0x52a5b894401d1d0a 51119 1 2 -3 4 5 -6 7 8 9 10 11 12 13 -14 15 -16 17 18 19 -20
0xbdc39a8568c99bfd 51119 1 2 -3 4 5 -6 7 8 9 10 11 12 13 -14 15 -16 17 18 19 -20
0xdadfdcb38387dcab 51119 1 2 -3 4 5 -6 7 8 9 10 11 12 13 -14 15 -16 17 18 19 -20
0xa33fd8cf132c01be 51119 1 2 -3 4 5 -6 7 8 9 10 11 12 13 -14 15 -16 17 18 19 -20
0x390b99bdb269df9b 51119 1 2 -3 4 5 -6 7 8 9 10 11 12 13 -14 15 -16 17 18 19 -20
0xe5d46de0bd45de35 51119 1 2 -3 4 5 -6 7 8 9 10 11 12 13 -14 15 -16 17 18 19 -20
0xca043805e8c99f15 51119 1 2 -3 4 5 -6 7 8 9 10 11 12 13 -14 15 -16 17 18 19 -20
0xa326da7a834c7f59 51119 1 2 -3 4 5 -6 7 8 9 10 11 12 13 -14 15 -16 17 18 19 -20
0xf28069bbdd6bd743 51119 1 2 -3 4 5 -6 7 8 9 10 11 12 13 -14 15 -16 17 18 19 -20
0x950e45495c3e7e95 51119 1 2 -3 4 5 -6 7 8 9 10 11 12 13 -14 15 -16 17 18 19 -20
0x37dcfcdee78e1a6b 51119 1 2 -3 4 5 -6 7 8 9 10 11 12 13 -14 15 -16 17 18 19 -20
0x52bf39ea60fce6c0 51119 1 2 -3 4 5 -6 7 8 9 10 11 12 13 -14 15 -16 17 18 19 -20