0x61374a56cb51de5e 60285 1 2 -3 4 5 -6 7 8 9 10 11 12 13 14 15 -16 17 18 19 20
0xc91013e92f69fcd9 60285 1 2 -3 4 5 -6 7 8 9 10 11 12 13 14 15 -16 17 18 19 20
0x25885711d004b54 60285 1 2 -3 4 5 -6 7 8 9 10 11 12 13 14 15 -16 17 18 19 20
0xf642383e62c3fc4b 60285 1 2 -3 4 5 -6 7 8 9 10 11 12 13 14 15 -16 17 18 19 20
0x5f2900d44920a12d 60285 1 2 -3 4 5 -6 7 8 9 10 11 12 13 14 15 -16 17 18 19 20
0x40c61378414c8c25 60285 1 2 -3 4 5 -6 7 8 9 10 11 12 13 14 15 -16 17 18 19 20
0xd42d6a1205b3e162 60285 1 2 -3 4 5 -6 7 8 9 10 11 12 13 14 15 -16 17 18 19 20
0x6ae62b449af4c321 60285 1 2 -3 4 5 -6 7 8 9 10 11 12 13 14 15 -16 17 18 19 20
0x4fbbbe4636b15268 60285 1 2 -3 4 5 -6 7 8 9 10 11 12 13 14 15 -16 17 18 19 20
0x388194b3124b7100 60285 1 2 -3 4 5 -6 7 8 9 10 11 12 13 14 15 -16 17 18 19 20
0xac4ac8b860290806 60285 1 2 -3 4 5 -6 7 8 9 10 11 12 13 14 15 -16 17 18 19 20
0x509eb760fb6dda00 60285 1 2 -3 4 5 -6 7 8 9 10 11 12 13 14 15 -16 17 18 19 20
0x2bc36607d7d0f683 60285 1 2 -3 4 5 -6 7 8 9 10 11 12 13 14 15 -16 17 18 19 20
0xc613efc5b0cfd922 60285 1 2 -3 4 5 -6 7 8 9 10 11 12 13 14 15 -16 17 18 19 20
0x902d124bcd4c7c6b 60285 1 2 -3 4 5 -6 7 8 9 10 11 12 13 14 15 -16 17 18 19 20
0xfaccb67f5d9008ae 60285 1 2 -3 4 5 -6 7 8 9 10 11 12 13 14 15 -16 17 18 19 20
0x633f60de8388b80b 60285 1 2 -3 4 5 -6 7 8 9 10 11 12 13 14 15 -16 17 18 19 20
0x1b3174e407de0a8f 60285 1 2 -3 4 5 -6 7 8 9 10 11 12 13 14 15 -16 17 18 19 20
0x7894a2a50ae7ac69 60285 1 2 -3 4 5 -6 7 8 9 10 11 12 13 14 15 -16 17 18 19 20
0xe49f391b98a08acf 60285 1 2 -3 4 5 -6 7 8 9 10 11 12 13 14 15 -16 17 18 19 20
0x6e11c5bdd9c8e2c9 60285 1 2 -3 4 5 -6 7 8 9 10 11 12 13 14 15 -16 17 18 19 20
0x2d9a0cd327abc6ad 60285 1 2 -3 4 5 -6 7 8 9 10 11 12 13 14 15 -16 17 18 19 20
0x1a72e4df0ba9f948 60285 1 2 -3 4 5 -6 7 8 9 10 11 12 13 14 15 -16 17 18 19 20
0x798dcc9ea0fce466 60285 1 2 -3 4 5 -6 7 8 9 10 11 12 13 14 15 -16 17 18 19 20
0xb7afc9431c511d4e 60285 1 2 -3 4 5 -6 7 8 9 10 11 12 13 14 15 -16 17 18 19 20
0x2d04c65ba2da7321 60285 1 2 -3 4 5 -6 7 8 9 10 11 12 13 14 15 -16 17 18 19 20
0x5bc4492ccfac5559 60285 1 2 -3 4 5 -6 7 8 9 10 11 12 13 14 15 -16 17 18 19 20
0xc42f787ac3042286 60285 1 2 -3 4 5 -6 7 8 9 10 11 12 13 14 15 -16 17 18 19 20
0x17a81caca9b85056 60285 1 2 -3 4 5 -6 7 8 9 10 11 12 13 14 15 -16 17 18 19 20
0x8de9398ea5fccd85 60285 1 2 -3 4 5 -6 7 8 9 10 11 12 13 14 15 -16 17 18 19 20