0xc10ca51c182ea7b8 72447 1 2 -3 4 5 -6 7 8 9 10 11 12 13 14 15 16 17 18 19 20
0x2ea1e06d16f0f0e7 72447 1 2 -3 4 5 -6 7 8 9 10 11 12 13 14 15 16 17 18 19 20
0x942992dd00637fdf 72447 1 2 -3 4 5 -6 7 8 9 10 11 12 13 14 15 16 17 18 19 20
0xef55da9cf52c711a 72447 1 2 -3 4 5 -6 7 8 9 10 11 12 13 14 15 16 17 18 19 20
0x5bf68a8eb9125df7 72447 1 2 -3 4 5 -6 7 8 9 10 11 12 13 14 15 16 17 18 19 20
0xb20fe0406d3fc48 72447 1 2 -3 4 5 -6 7 8 9 10 11 12 13 14 15 16 17 18 19 20
0x249355aff29ea1ab 72447 1 2 -3 4 5 -6 7 8 9 10 11 12 13 14 15 16 17 18 19 20
0xe380a623a86cae87 72447 1 2 -3 4 5 -6 7 8 9 10 11 12 13 14 15 16 17 18 19 20
0xc6e709bbb70b26d9 72447 1 2 -3 4 5 -6 7 8 9 10 11 12 13 14 15 16 17 18 19 20
0x9b28b6e5a7858174 72447 1 2 -3 4 5 -6 7 8 9 10 11 12 13 14 15 16 17 18 19 20
0xa711fda3c63186b7 72447 1 2 -3 4 5 -6 7 8 9 10 11 12 13 14 15 16 17 18 19 20
0xfce28ed7a906fa6a 72447 1 2 -3 4 5 -6 7 8 9 10 11 12 13 14 15 16 17 18 19 20
0x723e47dfa29e6f7f 72447 1 2 -3 4 5 -6 7 8 9 10 11 12 13 14 15 16 17 18 19 20
0x5cc39c4e62ad4eb5 72447 1 2 -3 4 5 -6 7 8 9 10 11 12 13 14 15 16 17 18 19 20
0x8cd910325e2d6ac8 72447 1 2 -3 4 5 -6 7 8 9 10 11 12 13 14 15 16 17 18 19 20
0x6bb1b524c9899708 72447 1 2 -3 4 5 -6 7 8 9 10 11 12 13 14 15 16 17 18 19 20
0xbd0441fc802860fc 72447 1 2 -3 4 5 -6 7 8 9 10 11 12 13 14 15 16 17 18 19 20
0xee51935675b81dce 72447 1 2 -3 4 5 -6 7 8 9 10 11 12 13 14 15 16 17 18 19 20
0x3426c4a2f4fa5bc7 72447 1 2 -3 4 5 -6 7 8 9 10 11 12 13 14 15 16 17 18 19 20
0x42ca9d79ed173fe3 72447 1 2 -3 4 5 -6 7 8 9 10 11 12 13 14 15 16 17 18 19 20
0x1f016e2930483baa 72447 1 2 -3 4 5 -6 7 8 9 10 11 12 13 14 15 16 17 18 19 20
0x7cc53abfeceba34d 72447 1 2 -3 4 5 -6 7 8 9 10 11 12 13 14 15 16 17 18 19 20
0x9488dbc957e785b1 72447 1 2 -3 4 5 -6 7 8 9 10 11 12 13 14 15 16 17 18 19 20
0x59f52719b9fad6e2 72447 1 2 -3 4 5 -6 7 8 9 10 11 12 13 14 15 16 17 18 19 20
0xaa5ba422c4feede7 72447 1 2 -3 4 5 -6 7 8 9 10 11 12 13 14 15 16 17 18 19 20
0x43735395b826c89c 72447 1 2 -3 4 5 -6 7 8 9 10 11 12 13 14 15 16 17 18 19 20
0xb265c6b2f55d1727 72447 1 2 -3 4 5 -6 7 8 9 10 11 12 13 14 15 16 17 18 19 20
0xe1ee745c557733fb 72447 1 2 -3 4 5 -6 7 8 9 10 11 12 13 14 15 16 17 18 19 20
0x8c152e59d8e12feb 72447 1 2 -3 4 5 -6 7 8 9 10 11 12 13 14 15 16 17 18 19 20
0x4f2833fa71baf559 72447 1 2 -3 4 5 -6 7 8 9 10 11 12 13 14 15 16 17 18 19 20