0x93c80abc1659f946 61910 1 2 3 4 -5 6 7 8 9 10 11 -12 13 -14 15 16 -17 18 19 20
0x3f09992bd0ab69b9 61910 1 2 3 4 -5 6 7 8 9 10 11 -12 13 -14 15 16 -17 18 19 20
0x4a119a269aaed3d6 61910 1 2 3 4 -5 6 7 8 9 10 11 -12 13 -14 15 16 -17 18 19 20
0x5fe118ab7105800d 61910 1 2 3 4 -5 6 7 8 9 10 11 -12 13 -14 15 16 -17 18 19 20
0xa054dff776ff8366 61910 1 2 3 4 -5 6 7 8 9 10 11 -12 13 -14 15 16 -17 18 19 20
0xd26b33155c916749 61910 1 2 3 4 -5 6 7 8 9 10 11 -12 13 -14 15 16 -17 18 19 20
0x3a18dcb565918979 61910 1 2 3 4 -5 6 7 8 9 10 11 -12 13 -14 15 16 -17 18 19 20
0x5f456e0b85956a38 61910 1 2 3 4 -5 6 7 8 9 10 11 -12 13 -14 15 16 -17 18 19 20
0x17630c16a1b7c6b7 61910 1 2 3 4 -5 6 7 8 9 10 11 -12 13 -14 15 16 -17 18 19 20
0xa00fc5e16b807eac 61910 1 2 3 4 -5 6 7 8 9 10 11 -12 13 -14 15 16 -17 18 19 20
0x4872badca2ea51f5 61910 1 2 3 4 -5 6 7 8 9 10 11 -12 13 -14 15 16 -17 18 19 20
0xe9e2247bdba215f6 61910 1 2 3 4 -5 6 7 8 9 10 11 -12 13 -14 15 16 -17 18 19 20
0x258ade73b4dbb345 61910 1 2 3 4 -5 6 7 8 9 10 11 -12 13 -14 15 16 -17 18 19 20
0xa6fd29af1af57ed7 61910 1 2 3 4 -5 6 7 8 9 10 11 -12 13 -14 15 16 -17 18 19 20
0xe43965eec95a7379 61910 1 2 3 4 -5 6 7 8 9 10 11 -12 13 -14 15 16 -17 18 19 20
0x39b5be1d43f78256 61910 1 2 3 4 -5 6 7 8 9 10 11 -12 13 -14 15 16 -17 18 19 20
0x6ba8833f19f2b840 61910 1 2 3 4 -5 6 7 8 9 10 11 -12 13 -14 15 16 -17 18 19 20
0xd65056bd41a7213e 61910 1 2 3 4 -5 6 7 8 9 10 11 -12 13 -14 15 16 -17 18 19 20
0xab34ffd4c35d1656 61910 1 2 3 4 -5 6 7 8 9 10 11 -12 13 -14 15 16 -17 18 19 20
0x2b25085bca66e19d 61910 1 2 3 4 -5 6 7 8 9 10 11 -12 13 -14 15 16 -17 18 19 20
0x38397cb6b385e47c 61910 1 2 3 4 -5 6 7 8 9 10 11 -12 13 -14 15 16 -17 18 19 20
0x73aa6b18fe04ac44 61910 1 2 3 4 -5 6 7 8 9 10 11 -12 13 -14 15 16 -17 18 19 20
0x8ffbfdfec106a0f6 61910 1 2 3 4 -5 6 7 8 9 10 11 -12 13 -14 15 16 -17 18 19 20
0xb412bccc77f48389 61910 1 2 3 4 -5 6 7 8 9 10 11 -12 13 -14 15 16 -17 18 19 20
0x3278f87dfca5ff65 61910 1 2 3 4 -5 6 7 8 9 10 11 -12 13 -14 15 16 -17 18 19 20
0x8083436a9e75e5e3 61910 1 2 3 4 -5 6 7 8 9 10 11 -12 13 -14 15 16 -17 18 19 20
0xd7100b576b61cb16 61910 1 2 3 4 -5 6 7 8 9 10 11 -12 13 -14 15 16 -17 18 19 20
0x5ffd179e798d4bf3 61910 1 2 3 4 -5 6 7 8 9 10 11 -12 13 -14 15 16 -17 18 19 20
0xb1b5c4e90ef5bf42 61910 1 2 3 4 -5 6 7 8 9 10 11 -12 13 -14 15 16 -17 18 19 20
0x2b86df6b04c73ea6 61910 1 2 3 4 -5 6 7 8 9 10 11 -12 13 -14 15 16 -17 18 19 20