0xdf838dacd77c4765 39552 1 -2 3 4 -5 -6 7 8 -9 10 11 12 13 14 -15 16 17 -18 -19 20 -21 22 23 24 -25 26 27 28 -29 -30 31 32 33 34 35 36 37 -38 -39 -40 -41 -42 43 44 45 46 47 -48 49 -50
0x1ccfb99b0dab4017 39552 1 -2 3 4 -5 -6 7 8 -9 10 11 12 13 14 -15 16 17 -18 -19 20 -21 22 23 24 -25 26 27 28 -29 -30 31 32 33 34 35 36 37 -38 -39 -40 -41 -42 43 44 45 46 47 -48 49 -50
0x1ba383ccc661b32d 39552 1 -2 3 4 -5 -6 7 8 -9 10 11 12 13 14 -15 16 17 -18 -19 20 -21 22 23 24 -25 26 27 28 -29 -30 31 32 33 34 35 36 37 -38 -39 -40 -41 -42 43 44 45 46 47 -48 49 -50
0xefd8aa0d1ad984b7 39552 1 -2 3 4 -5 -6 7 8 -9 10 11 12 13 14 -15 16 17 -18 -19 20 -21 22 23 24 -25 26 27 28 -29 -30 31 32 33 34 35 36 37 -38 -39 -40 -41 -42 43 44 45 46 47 -48 49 -50
0x4576c8fb67976e75 39552 1 -2 3 4 -5 -6 7 8 -9 10 11 12 13 14 -15 16 17 -18 -19 20 -21 22 23 24 -25 26 27 28 -29 -30 31 32 33 34 35 36 37 -38 -39 -40 -41 -42 43 44 45 46 47 -48 49 -50
0xf60d8d6cb28dc849 39552 1 -2 3 4 -5 -6 7 8 -9 10 11 12 13 14 -15 16 17 -18 -19 20 -21 22 23 24 -25 26 27 28 -29 -30 31 32 33 34 35 36 37 -38 -39 -40 -41 -42 43 44 45 46 47 -48 49 -50
0x5d391beb067999bc 39552 1 -2 3 4 -5 -6 7 8 -9 10 11 12 13 14 -15 16 17 -18 -19 20 -21 22 23 24 -25 26 27 28 -29 -30 31 32 33 34 35 36 37 -38 -39 -40 -41 -42 43 44 45 46 47 -48 49 -50
0xffa0c8319033bb78 39552 1 -2 3 4 -5 -6 7 8 -9 10 11 12 13 14 -15 16 17 -18 -19 20 -21 22 23 24 -25 26 27 28 -29 -30 31 32 33 34 35 36 37 -38 -39 -40 -41 -42 43 44 45 46 47 -48 49 -50
0xe11e1cb4480c08ce 39552 1 -2 3 4 -5 -6 7 8 -9 10 11 12 13 14 -15 16 17 -18 -19 20 -21 22 23 24 -25 26 27 28 -29 -30 31 32 33 34 35 36 37 -38 -39 -40 -41 -42 43 44 45 46 47 -48 49 -50
0x648ef5a793bee816 39552 1 -2 3 4 -5 -6 7 8 -9 10 11 12 13 14 -15 16 17 -18 -19 20 -21 22 23 24 -25 26 27 28 -29 -30 31 32 33 34 35 36 37 -38 -39 -40 -41 -42 43 44 45 46 47 -48 49 -50
0x62f78c686e68d559 39552 1 -2 3 4 -5 -6 7 8 -9 10 11 12 13 14 -15 16 17 -18 -19 20 -21 22 23 24 -25 26 27 28 -29 -30 31 32 33 34 35 36 37 -38 -39 -40 -41 -42 43 44 45 46 47 -48 49 -50
0x4e2e900ceac0a2a5 39552 1 -2 3 4 -5 -6 7 8 -9 10 11 12 13 14 -15 16 17 -18 -19 20 -21 22 23 24 -25 26 27 28 -29 -30 31 32 33 34 35 36 37 -38 -39 -40 -41 -42 43 44 45 46 47 -48 49 -50
0x960247f78a838a35 39552 1 -2 3 4 -5 -6 7 8 -9 10 11 12 13 14 -15 16 17 -18 -19 20 -21 22 23 24 -25 26 27 28 -29 -30 31 32 33 34 35 36 37 -38 -39 -40 -41 -42 43 44 45 46 47 -48 49 -50
0xc202d798532372c4 39552 1 -2 3 4 -5 -6 7 8 -9 10 11 12 13 14 -15 16 17 -18 -19 20 -21 22 23 24 -25 26 27 28 -29 -30 31 32 33 34 35 36 37 -38 -39 -40 -41 -42 43 44 45 46 47 -48 49 -50
0x1f69f9f4e5e6c512 39552 1 -2 3 4 -5 -6 7 8 -9 10 11 12 13 14 -15 16 17 -18 -19 20 -21 22 23 24 -25 26 27 28 -29 -30 31 32 33 34 35 36 37 -38 -39 -40 -41 -42 43 44 45 46 47 -48 49 -50
0x85308d26f269d164 39552 1 -2 3 4 -5 -6 7 8 -9 10 11 12 13 14 -15 16 17 -18 -19 20 -21 22 23 24 -25 26 27 28 -29 -30 31 32 33 34 35 36 37 -38 -39 -40 -41 -42 43 44 45 46 47 -48 49 -50
0xb0fd9e0803879331 39552 1 -2 3 4 -5 -6 7 8 -9 10 11 12 13 14 -15 16 17 -18 -19 20 -21 22 23 24 -25 26 27 28 -29 -30 31 32 33 34 35 36 37 -38 -39 -40 -41 -42 43 44 45 46 47 -48 49 -50
0x6a3c57791859634d 39552 1 -2 3 4 -5 -6 7 8 -9 10 11 12 13 14 -15 16 17 -18 -19 20 -21 22 23 24 -25 26 27 28 -29 -30 31 32 33 34 35 36 37 -38 -39 -40 -41 -42 43 44 45 46 47 -48 49 -50
0x5cb6bfa75df57397 39552 1 -2 3 4 -5 -6 7 8 -9 10 11 12 13 14 -15 16 17 -18 -19 20 -21 22 23 24 -25 26 27 28 -29 -30 31 32 33 34 35 36 37 -38 -39 -40 -41 -42 43 44 45 46 47 -48 49 -50
0x80d9d0842f9f18de 39552 1 -2 3 4 -5 -6 7 8 -9 10 11 12 13 14 -15 16 17 -18 -19 20 -21 22 23 24 -25 26 27 28 -29 -30 31 32 33 34 35 36 37 -38 -39 -40 -41 -42 43 44 45 46 47 -48 49 -50
0x8be762337ecefc15 39552 1 -2 3 4 -5 -6 7 8 -9 10 11 12 13 14 -15 16 17 -18 -19 20 -21 22 23 24 -25 26 27 28 -29 -30 31 32 33 34 35 36 37 -38 -39 -40 -41 -42 43 44 45 46 47 -48 49 -50
0x6745d28d9a9a6bd3 39552 1 -2 3 4 -5 -6 7 8 -9 10 11 12 13 14 -15 16 17 -18 -19 20 -21 22 23 24 -25 26 27 28 -29 -30 31 32 33 34 35 36 37 -38 -39 -40 -41 -42 43 44 45 46 47 -48 49 -50
0x7157a54a7915181e 39552 1 -2 3 4 -5 -6 7 8 -9 10 11 12 13 14 -15 16 17 -18 -19 20 -21 22 23 24 -25 26 27 28 -29 -30 31 32 33 34 35 36 37 -38 -39 -40 -41 -42 43 44 45 46 47 -48 49 -50
0x74b764ebb428fc37 39552 1 -2 3 4 -5 -6 7 8 -9 10 11 12 13 14 -15 16 17 -18 -19 20 -21 22 23 24 -25 26 27 28 -29 -30 31 32 33 34 35 36 37 -38 -39 -40 -41 -42 43 44 45 46 47 -48 49 -50
0xce4f641975ad8e94 39552 1 -2 3 4 -5 -6 7 8 -9 10 11 12 13 14 -15 16 17 -18 -19 20 -21 22 23 24 -25 26 27 28 -29 -30 31 32 33 34 35 36 37 -38 -39 -40 -41 -42 43 44 45 46 47 -48 49 -50
0xa657415571681575 39552 1 -2 3 4 -5 -6 7 8 -9 10 11 12 13 14 -15 16 17 -18 -19 20 -21 22 23 24 -25 26 27 28 -29 -30 31 32 33 34 35 36 37 -38 -39 -40 -41 -42 43 44 45 46 47 -48 49 -50
0x25aa8e3b5bc04e9e 39552 1 -2 3 4 -5 -6 7 8 -9 10 11 12 13 14 -15 16 17 -18 -19 20 -21 22 23 24 -25 26 27 28 -29 -30 31 32 33 34 35 36 37 -38 -39 -40 -41 -42 43 44 45 46 47 -48 49 -50
0xe2a82af94b0f64d6 39552 1 -2 3 4 -5 -6 7 8 -9 10 11 12 13 14 -15 16 17 -18 -19 20 -21 22 23 24 -25 26 27 28 -29 -30 31 32 33 34 35 36 37 -38 -39 -40 -41 -42 43 44 45 46 47 -48 49 -50
0xd9bb71d0e11c756c 39552 1 -2 3 4 -5 -6 7 8 -9 10 11 12 13 14 -15 16 17 -18 -19 20 -21 22 23 24 -25 26 27 28 -29 -30 31 32 33 34 35 36 37 -38 -39 -40 -41 -42 43 44 45 46 47 -48 49 -50
0xf6472b60ab36879b 39552 1 -2 3 4 -5 -6 7 8 -9 10 11 12 13 14 -15 16 17 -18 -19 20 -21 22 23 24 -25 26 27 28 -29 -30 31 32 33 34 35 36 37 -38 -39 -40 -41 -42 43 44 45 46 47 -48 49 -50