0xa95f1f8390c003ef 15056 -1 -2 -3 -4 5 -6 -7 -8 9 -10 -11 -12 -13 14 -15 -16 -17 18 -19 -20 21 22 23 24 -25 26 27 28 29 30 -31 32 33 34 35 36 37 -38 39 40 41 -42 43 44 45 -46 47 -48 -49 -50
0x6cc8b882d0901230 15326 -1 -2 -3 4 5 -6 -7 -8 9 -10 11 -12 -13 14 -15 -16 -17 18 -19 -20 21 22 23 24 -25 26 27 28 29 30 -31 32 33 34 35 36 37 -38 39 40 41 -42 43 44 45 -46 47 -48 -49 -50
0x19484a8d86f1190f 15326 -1 -2 -3 4 5 -6 -7 -8 9 -10 11 -12 -13 14 -15 -16 -17 18 -19 -20 21 22 23 24 -25 26 27 28 29 30 -31 32 33 34 35 36 37 -38 39 40 41 -42 43 44 45 -46 47 -48 -49 -50
0xb698a62ca93c438 15093 -1 -2 -3 4 5 -6 -7 -8 9 -10 11 -12 -13 14 -15 -16 -17 18 -19 -20 21 22 23 24 -25 26 27 28 29 -30 -31 32 33 34 35 36 37 -38 39 40 41 -42 43 44 45 -46 47 -48 -49 -50
0x1879f4e8a5b115a7 15306 -1 -2 -3 -4 5 6 -7 -8 9 -10 -11 -12 -13 14 -15 -16 -17 18 -19 -20 21 22 23 24 -25 26 27 28 29 30 -31 32 33 34 35 36 37 -38 39 40 41 -42 43 44 45 -46 47 -48 -49 -50
0xf58b10dd713eb699 15306 -1 -2 -3 -4 5 6 -7 -8 9 -10 -11 -12 -13 14 -15 -16 -17 18 -19 -20 21 22 23 24 -25 26 27 28 29 30 -31 32 33 34 35 36 37 -38 39 40 41 -42 43 44 45 -46 47 -48 -49 -50
0xf89f124ce9d59510 15326 -1 -2 -3 4 5 -6 -7 -8 9 -10 11 -12 -13 14 -15 -16 -17 18 -19 -20 21 22 23 24 -25 26 27 28 29 30 -31 32 33 34 35 36 37 -38 39 40 41 -42 43 44 45 -46 47 -48 -49 -50
0xbf024e1ddb8d1154 15306 -1 -2 -3 -4 5 6 -7 -8 9 -10 -11 -12 -13 14 -15 -16 -17 18 -19 -20 21 22 23 24 -25 26 27 28 29 30 -31 32 33 34 35 36 37 -38 39 40 41 -42 43 44 45 -46 47 -48 -49 -50
0x6eef7d87e390bb6e 15306 -1 -2 -3 -4 5 6 -7 -8 9 -10 -11 -12 -13 14 -15 -16 -17 18 -19 -20 21 22 23 24 -25 26 27 28 29 30 -31 32 33 34 35 36 37 -38 39 40 41 -42 43 44 45 -46 47 -48 -49 -50
0x63dcd1970676a0ad 15326 -1 -2 -3 4 5 -6 -7 -8 9 -10 11 -12 -13 14 -15 -16 -17 18 -19 -20 21 22 23 24 -25 26 27 28 29 30 -31 32 33 34 35 36 37 -38 39 40 41 -42 43 44 45 -46 47 -48 -49 -50
0xe60fd6aa729c2923 14874 -1 -2 -3 -4 5 6 -7 -8 9 -10 -11 -12 -13 -14 -15 -16 -17 18 -19 -20 21 22 23 24 -25 26 27 28 29 30 -31 32 33 34 35 36 37 -38 39 40 41 -42 43 44 45 -46 47 -48 -49 -50
0x175627f4b60f8527 15326 -1 -2 -3 4 5 -6 -7 -8 9 -10 11 -12 -13 14 -15 -16 -17 18 -19 -20 21 22 23 24 -25 26 27 28 29 30 -31 32 33 34 35 36 37 -38 39 40 41 -42 43 44 45 -46 47 -48 -49 -50
0x8000f300f7cbaad3 15093 -1 -2 -3 4 5 -6 -7 -8 9 -10 11 -12 -13 14 -15 -16 -17 18 -19 -20 21 22 23 24 -25 26 27 28 29 -30 -31 32 33 34 35 36 37 -38 39 40 41 -42 43 44 45 -46 47 -48 -49 -50
0xa0814b28644ce385 15211 -1 -2 -3 -4 5 -6 -7 -8 9 -10 11 -12 -13 14 -15 -16 -17 18 -19 -20 21 22 23 24 -25 26 27 28 29 30 -31 32 33 34 35 36 37 -38 39 40 41 -42 43 44 45 -46 47 -48 -49 -50
0x9d434d1bf5c3e960 15326 -1 -2 -3 4 5 -6 -7 -8 9 -10 11 -12 -13 14 -15 -16 -17 18 -19 -20 21 22 23 24 -25 26 27 28 29 30 -31 32 33 34 35 36 37 -38 39 40 41 -42 43 44 45 -46 47 -48 -49 -50
0x83a61260106d94c9 15306 -1 -2 -3 -4 5 6 -7 -8 9 -10 -11 -12 -13 14 -15 -16 -17 18 -19 -20 21 22 23 24 -25 26 27 28 29 30 -31 32 33 34 35 36 37 -38 39 40 41 -42 43 44 45 -46 47 -48 -49 -50
0xc82e74cb13d519ed 15326 -1 -2 -3 4 5 -6 -7 -8 9 -10 11 -12 -13 14 -15 -16 -17 18 -19 -20 21 22 23 24 -25 26 27 28 29 30 -31 32 33 34 35 36 37 -38 39 40 41 -42 43 44 45 -46 47 -48 -49 -50
0xda8ad28ad9c3e764 15147 -1 -2 -3 -4 5 6 -7 -8 9 -10 -11 -12 -13 14 -15 -16 -17 -18 -19 -20 21 22 23 24 -25 26 27 28 29 30 -31 32 33 34 35 36 37 -38 39 40 41 -42 43 44 45 -46 47 -48 -49 -50
0x971f05f042613ca6 15306 -1 -2 -3 -4 5 6 -7 -8 9 -10 -11 -12 -13 14 -15 -16 -17 18 -19 -20 21 22 23 24 -25 26 27 28 29 30 -31 32 33 34 35 36 37 -38 39 40 41 -42 43 44 45 -46 47 -48 -49 -50
0x2fb975e58d6c1f6c 15093 -1 -2 -3 4 5 -6 -7 -8 9 -10 11 -12 -13 14 -15 -16 -17 18 -19 -20 21 22 23 24 -25 26 27 28 29 -30 -31 32 33 34 35 36 37 -38 39 40 41 -42 43 44 45 -46 47 -48 -49 -50
0x4638ac486ac09484 15326 -1 -2 -3 4 5 -6 -7 -8 9 -10 11 -12 -13 14 -15 -16 -17 18 -19 -20 21 22 23 24 -25 26 27 28 29 30 -31 32 33 34 35 36 37 -38 39 40 41 -42 43 44 45 -46 47 -48 -49 -50
0xc48b14fb9bb47ab3 15093 -1 -2 -3 4 5 -6 -7 -8 9 -10 11 -12 -13 14 -15 -16 -17 18 -19 -20 21 22 23 24 -25 26 27 28 29 -30 -31 32 33 34 35 36 37 -38 39 40 41 -42 43 44 45 -46 47 -48 -49 -50
0xef7251a2a1033eaa 15326 -1 -2 -3 4 5 -6 -7 -8 9 -10 11 -12 -13 14 -15 -16 -17 18 -19 -20 21 22 23 24 -25 26 27 28 29 30 -31 32 33 34 35 36 37 -38 39 40 41 -42 43 44 45 -46 47 -48 -49 -50
0x7befc5b5f3778748 15326 -1 -2 -3 4 5 -6 -7 -8 9 -10 11 -12 -13 14 -15 -16 -17 18 -19 -20 21 22 23 24 -25 26 27 28 29 30 -31 32 33 34 35 36 37 -38 39 40 41 -42 43 44 45 -46 47 -48 -49 -50
0x5c24bb1cc66d52cd 15147 -1 -2 -3 -4 5 6 -7 -8 9 -10 -11 -12 -13 14 -15 -16 -17 -18 -19 -20 21 22 23 24 -25 26 27 28 29 30 -31 32 33 34 35 36 37 -38 39 40 41 -42 43 44 45 -46 47 -48 -49 -50
0x82f761b91c9fc05f 15306 -1 -2 -3 -4 5 6 -7 -8 9 -10 -11 -12 -13 14 -15 -16 -17 18 -19 -20 21 22 23 24 -25 26 27 28 29 30 -31 32 33 34 35 36 37 -38 39 40 41 -42 43 44 45 -46 47 -48 -49 -50
0x92c31edcdaa7e988 15052 -1 -2 -3 -4 5 -6 -7 -8 9 -10 11 -12 -13 14 -15 -16 -17 -18 -19 -20 21 22 23 24 -25 26 27 28 29 30 -31 32 33 34 35 36 37 -38 39 40 41 -42 43 44 45 -46 47 -48 -49 -50
0xc3222ccdcd22cbb5 15326 -1 -2 -3 4 5 -6 -7 -8 9 -10 11 -12 -13 14 -15 -16 -17 18 -19 -20 21 22 23 24 -25 26 27 28 29 30 -31 32 33 34 35 36 37 -38 39 40 41 -42 43 44 45 -46 47 -48 -49 -50
0xd1e8a493ab441b6 15073 -1 -2 -3 -4 5 6 -7 -8 9 -10 -11 -12 -13 14 -15 -16 -17 18 -19 -20 21 22 23 24 -25 26 27 28 29 -30 -31 32 33 34 35 36 37 -38 39 40 41 -42 43 44 45 -46 47 -48 -49 -50
0xba35af3cdc223068 15326 -1 -2 -3 4 5 -6 -7 -8 9 -10 11 -12 -13 14 -15 -16 -17 18 -19 -20 21 22 23 24 -25 26 27 28 29 30 -31 32 33 34 35 36 37 -38 39 40 41 -42 43 44 45 -46 47 -48 -49 -50