0xd0ce3fa28ddaee2b 19806 1 -2 3 4 -5 -6 7 8 -9 -10 11 12 13 -14 15 -16 17 18 -19 -20 21 22 23 24 -25 -26 27 28 -29 30 -31 32 -33 -34 35 -36 37 -38 39 -40 41 42 43 -44 -45 46 47 48 -49 50
0xff741dc6be1193d6 19806 1 -2 3 4 -5 -6 7 8 -9 -10 11 12 13 -14 15 -16 17 18 -19 -20 21 22 23 24 -25 -26 27 28 -29 30 -31 32 -33 -34 35 -36 37 -38 39 -40 41 42 43 -44 -45 46 47 48 -49 50
0x48aa1b6e2fd5b8ca 19806 1 -2 3 4 -5 -6 7 8 -9 -10 11 12 13 -14 15 -16 17 18 -19 -20 21 22 23 24 -25 -26 27 28 -29 30 -31 32 -33 -34 35 -36 37 -38 39 -40 41 42 43 -44 -45 46 47 48 -49 50
0xbcd5df61417a9c06 19806 1 -2 3 4 -5 -6 7 8 -9 -10 11 12 13 -14 15 -16 17 18 -19 -20 21 22 23 24 -25 -26 27 28 -29 30 -31 32 -33 -34 35 -36 37 -38 39 -40 41 42 43 -44 -45 46 47 48 -49 50
0x8a45280cc446a7ca 19806 1 -2 3 4 -5 -6 7 8 -9 -10 11 12 13 -14 15 -16 17 18 -19 -20 21 22 23 24 -25 -26 27 28 -29 30 -31 32 -33 -34 35 -36 37 -38 39 -40 41 42 43 -44 -45 46 47 48 -49 50
0xc1e79b10f949891a 19806 1 -2 3 4 -5 -6 7 8 -9 -10 11 12 13 -14 15 -16 17 18 -19 -20 21 22 23 24 -25 -26 27 28 -29 30 -31 32 -33 -34 35 -36 37 -38 39 -40 41 42 43 -44 -45 46 47 48 -49 50
0xb40138d13bfd7296 19806 1 -2 3 4 -5 -6 7 8 -9 -10 11 12 13 -14 15 -16 17 18 -19 -20 21 22 23 24 -25 -26 27 28 -29 30 -31 32 -33 -34 35 -36 37 -38 39 -40 41 42 43 -44 -45 46 47 48 -49 50
0x28db88c8d8031263 19806 1 -2 3 4 -5 -6 7 8 -9 -10 11 12 13 -14 15 -16 17 18 -19 -20 21 22 23 24 -25 -26 27 28 -29 30 -31 32 -33 -34 35 -36 37 -38 39 -40 41 42 43 -44 -45 46 47 48 -49 50
0x68f075055e9607aa 19806 1 -2 3 4 -5 -6 7 8 -9 -10 11 12 13 -14 15 -16 17 18 -19 -20 21 22 23 24 -25 -26 27 28 -29 30 -31 32 -33 -34 35 -36 37 -38 39 -40 41 42 43 -44 -45 46 47 48 -49 50
0x85fa32143f84a12f 19806 1 -2 3 4 -5 -6 7 8 -9 -10 11 12 13 -14 15 -16 17 18 -19 -20 21 22 23 24 -25 -26 27 28 -29 30 -31 32 -33 -34 35 -36 37 -38 39 -40 41 42 43 -44 -45 46 47 48 -49 50
0x326f56ab920339b4 19806 1 -2 3 4 -5 -6 7 8 -9 -10 11 12 13 -14 15 -16 17 18 -19 -20 21 22 23 24 -25 -26 27 28 -29 30 -31 32 -33 -34 35 -36 37 -38 39 -40 41 42 43 -44 -45 46 47 48 -49 50
0x8add0609754e7e99 19806 1 -2 3 4 -5 -6 7 8 -9 -10 11 12 13 -14 15 -16 17 18 -19 -20 21 22 23 24 -25 -26 27 28 -29 30 -31 32 -33 -34 35 -36 37 -38 39 -40 41 42 43 -44 -45 46 47 48 -49 50
0x3e5c306bfced84bb 19806 1 -2 3 4 -5 -6 7 8 -9 -10 11 12 13 -14 15 -16 17 18 -19 -20 21 22 23 24 -25 -26 27 28 -29 30 -31 32 -33 -34 35 -36 37 -38 39 -40 41 42 43 -44 -45 46 47 48 -49 50
0xe4a1d247d1bf4b20 19806 1 -2 3 4 -5 -6 7 8 -9 -10 11 12 13 -14 15 -16 17 18 -19 -20 21 22 23 24 -25 -26 27 28 -29 30 -31 32 -33 -34 35 -36 37 -38 39 -40 41 42 43 -44 -45 46 47 48 -49 50
0xaf5ddbc965604c6e 19806 1 -2 3 4 -5 -6 7 8 -9 -10 11 12 13 -14 15 -16 17 18 -19 -20 21 22 23 24 -25 -26 27 28 -29 30 -31 32 -33 -34 35 -36 37 -38 39 -40 41 42 43 -44 -45 46 47 48 -49 50
0xfe84684907342070 19806 1 -2 3 4 -5 -6 7 8 -9 -10 11 12 13 -14 15 -16 17 18 -19 -20 21 22 23 24 -25 -26 27 28 -29 30 -31 32 -33 -34 35 -36 37 -38 39 -40 41 42 43 -44 -45 46 47 48 -49 50
0x4e2f45dab7292d96 19806 1 -2 3 4 -5 -6 7 8 -9 -10 11 12 13 -14 15 -16 17 18 -19 -20 21 22 23 24 -25 -26 27 28 -29 30 -31 32 -33 -34 35 -36 37 -38 39 -40 41 42 43 -44 -45 46 47 48 -49 50
0x5405ccc1a08c6a74 19806 1 -2 3 4 -5 -6 7 8 -9 -10 11 12 13 -14 15 -16 17 18 -19 -20 21 22 23 24 -25 -26 27 28 -29 30 -31 32 -33 -34 35 -36 37 -38 39 -40 41 42 43 -44 -45 46 47 48 -49 50
0x795906f8cd832f40 19806 1 -2 3 4 -5 -6 7 8 -9 -10 11 12 13 -14 15 -16 17 18 -19 -20 21 22 23 24 -25 -26 27 28 -29 30 -31 32 -33 -34 35 -36 37 -38 39 -40 41 42 43 -44 -45 46 47 48 -49 50
0x2e6227aae2011756 19523 1 -2 3 4 -5 -6 7 8 -9 -10 11 12 13 -14 15 -16 17 18 -19 -20 21 22 23 24 -25 -26 27 28 -29 30 -31 -32 -33 -34 35 -36 37 -38 39 -40 41 42 43 -44 -45 46 47 48 -49 50
0xda5152b8834ff2b6 19806 1 -2 3 4 -5 -6 7 8 -9 -10 11 12 13 -14 15 -16 17 18 -19 -20 21 22 23 24 -25 -26 27 28 -29 30 -31 32 -33 -34 35 -36 37 -38 39 -40 41 42 43 -44 -45 46 47 48 -49 50
0x6b1ab4397f7fc783 19806 1 -2 3 4 -5 -6 7 8 -9 -10 11 12 13 -14 15 -16 17 18 -19 -20 21 22 23 24 -25 -26 27 28 -29 30 -31 32 -33 -34 35 -36 37 -38 39 -40 41 42 43 -44 -45 46 47 48 -49 50
0xbf2fe7f3ce54e384 19806 1 -2 3 4 -5 -6 7 8 -9 -10 11 12 13 -14 15 -16 17 18 -19 -20 21 22 23 24 -25 -26 27 28 -29 30 -31 32 -33 -34 35 -36 37 -38 39 -40 41 42 43 -44 -45 46 47 48 -49 50
0x5293b0e52389fda4 19806 1 -2 3 4 -5 -6 7 8 -9 -10 11 12 13 -14 15 -16 17 18 -19 -20 21 22 23 24 -25 -26 27 28 -29 30 -31 32 -33 -34 35 -36 37 -38 39 -40 41 42 43 -44 -45 46 47 48 -49 50
0xbff600bf007c6773 19806 1 -2 3 4 -5 -6 7 8 -9 -10 11 12 13 -14 15 -16 17 18 -19 -20 21 22 23 24 -25 -26 27 28 -29 30 -31 32 -33 -34 35 -36 37 -38 39 -40 41 42 43 -44 -45 46 47 48 -49 50
0xc5c64f6601984ea5 19806 1 -2 3 4 -5 -6 7 8 -9 -10 11 12 13 -14 15 -16 17 18 -19 -20 21 22 23 24 -25 -26 27 28 -29 30 -31 32 -33 -34 35 -36 37 -38 39 -40 41 42 43 -44 -45 46 47 48 -49 50
0x966a42718a1b0e90 19806 1 -2 3 4 -5 -6 7 8 -9 -10 11 12 13 -14 15 -16 17 18 -19 -20 21 22 23 24 -25 -26 27 28 -29 30 -31 32 -33 -34 35 -36 37 -38 39 -40 41 42 43 -44 -45 46 47 48 -49 50
0xeb786ac4847ffe6d 19806 1 -2 3 4 -5 -6 7 8 -9 -10 11 12 13 -14 15 -16 17 18 -19 -20 21 22 23 24 -25 -26 27 28 -29 30 -31 32 -33 -34 35 -36 37 -38 39 -40 41 42 43 -44 -45 46 47 48 -49 50
0xe85839fb545d0d42 19523 1 -2 3 4 -5 -6 7 8 -9 -10 11 12 13 -14 15 -16 17 18 -19 -20 21 22 23 24 -25 -26 27 28 -29 30 -31 -32 -33 -34 35 -36 37 -38 39 -40 41 42 43 -44 -45 46 47 48 -49 50
0x96eed208a8d9f072 19806 1 -2 3 4 -5 -6 7 8 -9 -10 11 12 13 -14 15 -16 17 18 -19 -20 21 22 23 24 -25 -26 27 28 -29 30 -31 32 -33 -34 35 -36 37 -38 39 -40 41 42 43 -44 -45 46 47 48 -49 50