0x9b27c51a11732573 21211 -1 2 3 -4 5 -6 -7 -8 9 10 -11 12 13 -14 -15 -16 17 18 19 -20 21 22 23 24 -25 26 -27 28 29 -30 -31 -32 33 -34 -35 -36 -37 -38 39 -40 -41 42 43 -44 45 -46 47 48 49 -50
0x24032238ced8ccbe 21211 -1 2 3 -4 5 -6 -7 -8 9 10 -11 12 13 -14 -15 -16 17 18 19 -20 21 22 23 24 -25 26 -27 28 29 -30 -31 -32 33 -34 -35 -36 -37 -38 39 -40 -41 42 43 -44 45 -46 47 48 49 -50
0x9f7c7a747cf87485 21211 -1 2 3 -4 5 -6 -7 -8 9 10 -11 12 13 -14 -15 -16 17 18 19 -20 21 22 23 24 -25 26 -27 28 29 -30 -31 -32 33 -34 -35 -36 -37 -38 39 -40 -41 42 43 -44 45 -46 47 48 49 -50
0x9ab174be63526b77 21211 -1 2 3 -4 5 -6 -7 -8 9 10 -11 12 13 -14 -15 -16 17 18 19 -20 21 22 23 24 -25 26 -27 28 29 -30 -31 -32 33 -34 -35 -36 -37 -38 39 -40 -41 42 43 -44 45 -46 47 48 49 -50
0x9d13162184189870 21211 -1 2 3 -4 5 -6 -7 -8 9 10 -11 12 13 -14 -15 -16 17 18 19 -20 21 22 23 24 -25 26 -27 28 29 -30 -31 -32 33 -34 -35 -36 -37 -38 39 -40 -41 42 43 -44 45 -46 47 48 49 -50
0x18a09e234612b8a5 21211 -1 2 3 -4 5 -6 -7 -8 9 10 -11 12 13 -14 -15 -16 17 18 19 -20 21 22 23 24 -25 26 -27 28 29 -30 -31 -32 33 -34 -35 -36 -37 -38 39 -40 -41 42 43 -44 45 -46 47 48 49 -50
0x6c832002008fc5ea 21211 -1 2 3 -4 5 -6 -7 -8 9 10 -11 12 13 -14 -15 -16 17 18 19 -20 21 22 23 24 -25 26 -27 28 29 -30 -31 -32 33 -34 -35 -36 -37 -38 39 -40 -41 42 43 -44 45 -46 47 48 49 -50
0x650f2a7014dbed3a 21211 -1 2 3 -4 5 -6 -7 -8 9 10 -11 12 13 -14 -15 -16 17 18 19 -20 21 22 23 24 -25 26 -27 28 29 -30 -31 -32 33 -34 -35 -36 -37 -38 39 -40 -41 42 43 -44 45 -46 47 48 49 -50
0x6748a6cd78ece767 21211 -1 2 3 -4 5 -6 -7 -8 9 10 -11 12 13 -14 -15 -16 17 18 19 -20 21 22 23 24 -25 26 -27 28 29 -30 -31 -32 33 -34 -35 -36 -37 -38 39 -40 -41 42 43 -44 45 -46 47 48 49 -50
0x41a9d9e90380b795 21211 -1 2 3 -4 5 -6 -7 -8 9 10 -11 12 13 -14 -15 -16 17 18 19 -20 21 22 23 24 -25 26 -27 28 29 -30 -31 -32 33 -34 -35 -36 -37 -38 39 -40 -41 42 43 -44 45 -46 47 48 49 -50
0x5c21aeb0292f0843 21211 -1 2 3 -4 5 -6 -7 -8 9 10 -11 12 13 -14 -15 -16 17 18 19 -20 21 22 23 24 -25 26 -27 28 29 -30 -31 -32 33 -34 -35 -36 -37 -38 39 -40 -41 42 43 -44 45 -46 47 48 49 -50
0xab9d4fd40cfbde39 21211 -1 2 3 -4 5 -6 -7 -8 9 10 -11 12 13 -14 -15 -16 17 18 19 -20 21 22 23 24 -25 26 -27 28 29 -30 -31 -32 33 -34 -35 -36 -37 -38 39 -40 -41 42 43 -44 45 -46 47 48 49 -50
0xedafc47a2d04b243 21211 -1 2 3 -4 5 -6 -7 -8 9 10 -11 12 13 -14 -15 -16 17 18 19 -20 21 22 23 24 -25 26 -27 28 29 -30 -31 -32 33 -34 -35 -36 -37 -38 39 -40 -41 42 43 -44 45 -46 47 48 49 -50
0x8e243e963c8f1a8a 21211 -1 2 3 -4 5 -6 -7 -8 9 10 -11 12 13 -14 -15 -16 17 18 19 -20 21 22 23 24 -25 26 -27 28 29 -30 -31 -32 33 -34 -35 -36 -37 -38 39 -40 -41 42 43 -44 45 -46 47 48 49 -50
0xeee860c62ab4d644 21211 -1 2 3 -4 5 -6 -7 -8 9 10 -11 12 13 -14 -15 -16 17 18 19 -20 21 22 23 24 -25 26 -27 28 29 -30 -31 -32 33 -34 -35 -36 -37 -38 39 -40 -41 42 43 -44 45 -46 47 48 49 -50
0xa9e6de6e63f7a6f6 21211 -1 2 3 -4 5 -6 -7 -8 9 10 -11 12 13 -14 -15 -16 17 18 19 -20 21 22 23 24 -25 26 -27 28 29 -30 -31 -32 33 -34 -35 -36 -37 -38 39 -40 -41 42 43 -44 45 -46 47 48 49 -50
0x7fa054314f27f9a7 21211 -1 2 3 -4 5 -6 -7 -8 9 10 -11 12 13 -14 -15 -16 17 18 19 -20 21 22 23 24 -25 26 -27 28 29 -30 -31 -32 33 -34 -35 -36 -37 -38 39 -40 -41 42 43 -44 45 -46 47 48 49 -50
0x78bc6b065639f320 21211 -1 2 3 -4 5 -6 -7 -8 9 10 -11 12 13 -14 -15 -16 17 18 19 -20 21 22 23 24 -25 26 -27 28 29 -30 -31 -32 33 -34 -35 -36 -37 -38 39 -40 -41 42 43 -44 45 -46 47 48 49 -50
0x67debb9fb36bd6f 21211 -1 2 3 -4 5 -6 -7 -8 9 10 -11 12 13 -14 -15 -16 17 18 19 -20 21 22 23 24 -25 26 -27 28 29 -30 -31 -32 33 -34 -35 -36 -37 -38 39 -40 -41 42 43 -44 45 -46 47 48 49 -50
0x7c1da26be6546568 21211 -1 2 3 -4 5 -6 -7 -8 9 10 -11 12 13 -14 -15 -16 17 18 19 -20 21 22 23 24 -25 26 -27 28 29 -30 -31 -32 33 -34 -35 -36 -37 -38 39 -40 -41 42 43 -44 45 -46 47 48 49 -50
0xc6ea121140ba4821 21211 -1 2 3 -4 5 -6 -7 -8 9 10 -11 12 13 -14 -15 -16 17 18 19 -20 21 22 23 24 -25 26 -27 28 29 -30 -31 -32 33 -34 -35 -36 -37 -38 39 -40 -41 42 43 -44 45 -46 47 48 49 -50
0x2376c4bd733900fe 21211 -1 2 3 -4 5 -6 -7 -8 9 10 -11 12 13 -14 -15 -16 17 18 19 -20 21 22 23 24 -25 26 -27 28 29 -30 -31 -32 33 -34 -35 -36 -37 -38 39 -40 -41 42 43 -44 45 -46 47 48 49 -50
0x4dff9f24a475447e 21211 -1 2 3 -4 5 -6 -7 -8 9 10 -11 12 13 -14 -15 -16 17 18 19 -20 21 22 23 24 -25 26 -27 28 29 -30 -31 -32 33 -34 -35 -36 -37 -38 39 -40 -41 42 43 -44 45 -46 47 48 49 -50
0x664b04204c5f6323 21211 -1 2 3 -4 5 -6 -7 -8 9 10 -11 12 13 -14 -15 -16 17 18 19 -20 21 22 23 24 -25 26 -27 28 29 -30 -31 -32 33 -34 -35 -36 -37 -38 39 -40 -41 42 43 -44 45 -46 47 48 49 -50
0x96c8c824fedc918a 21211 -1 2 3 -4 5 -6 -7 -8 9 10 -11 12 13 -14 -15 -16 17 18 19 -20 21 22 23 24 -25 26 -27 28 29 -30 -31 -32 33 -34 -35 -36 -37 -38 39 -40 -41 42 43 -44 45 -46 47 48 49 -50
0x862bf4cc7d08d89c 21211 -1 2 3 -4 5 -6 -7 -8 9 10 -11 12 13 -14 -15 -16 17 18 19 -20 21 22 23 24 -25 26 -27 28 29 -30 -31 -32 33 -34 -35 -36 -37 -38 39 -40 -41 42 43 -44 45 -46 47 48 49 -50
0xe2308f809883f288 21211 -1 2 3 -4 5 -6 -7 -8 9 10 -11 12 13 -14 -15 -16 17 18 19 -20 21 22 23 24 -25 26 -27 28 29 -30 -31 -32 33 -34 -35 -36 -37 -38 39 -40 -41 42 43 -44 45 -46 47 48 49 -50
0xec64fd01ce95a840 21211 -1 2 3 -4 5 -6 -7 -8 9 10 -11 12 13 -14 -15 -16 17 18 19 -20 21 22 23 24 -25 26 -27 28 29 -30 -31 -32 33 -34 -35 -36 -37 -38 39 -40 -41 42 43 -44 45 -46 47 48 49 -50
0x5ea0a6b65daed6fb 21211 -1 2 3 -4 5 -6 -7 -8 9 10 -11 12 13 -14 -15 -16 17 18 19 -20 21 22 23 24 -25 26 -27 28 29 -30 -31 -32 33 -34 -35 -36 -37 -38 39 -40 -41 42 43 -44 45 -46 47 48 49 -50
0xa8e63e21b11f99dc 21211 -1 2 3 -4 5 -6 -7 -8 9 10 -11 12 13 -14 -15 -16 17 18 19 -20 21 22 23 24 -25 26 -27 28 29 -30 -31 -32 33 -34 -35 -36 -37 -38 39 -40 -41 42 43 -44 45 -46 47 48 49 -50