0xca478fd53fe6777 20376 -1 -2 3 4 5 6 7 -8 -9 10 11 12 -13 14 -15 -16 17 -18 19 20 -21 -22 23 24 -25 26 -27 28 29 -30 31 32 33 -34 35 -36 37 38 -39 40 41 -42 -43 44 -45 46 -47 -48 -49 -50
0xa87d736162ca1cf5 20376 -1 -2 3 4 5 6 7 -8 -9 10 11 12 -13 14 -15 -16 17 -18 19 20 -21 -22 23 24 -25 26 -27 28 29 -30 31 32 33 -34 35 -36 37 38 -39 40 41 -42 -43 44 -45 46 -47 -48 -49 -50
0xae8b130ebd840480 20376 -1 -2 3 4 5 6 7 -8 -9 10 11 12 -13 14 -15 -16 17 -18 19 20 -21 -22 23 24 -25 26 -27 28 29 -30 31 32 33 -34 35 -36 37 38 -39 40 41 -42 -43 44 -45 46 -47 -48 -49 -50
0xf599b7f6c822989e 20376 -1 -2 3 4 5 6 7 -8 -9 10 11 12 -13 14 -15 -16 17 -18 19 20 -21 -22 23 24 -25 26 -27 28 29 -30 31 32 33 -34 35 -36 37 38 -39 40 41 -42 -43 44 -45 46 -47 -48 -49 -50
0xe1c6abf1b77f70c0 20376 -1 -2 3 4 5 6 7 -8 -9 10 11 12 -13 14 -15 -16 17 -18 19 20 -21 -22 23 24 -25 26 -27 28 29 -30 31 32 33 -34 35 -36 37 38 -39 40 41 -42 -43 44 -45 46 -47 -48 -49 -50
0x67988d0f3dd673c 20376 -1 -2 3 4 5 6 7 -8 -9 10 11 12 -13 14 -15 -16 17 -18 19 20 -21 -22 23 24 -25 26 -27 28 29 -30 31 32 33 -34 35 -36 37 38 -39 40 41 -42 -43 44 -45 46 -47 -48 -49 -50
0x701647d4bda632ca 20376 -1 -2 3 4 5 6 7 -8 -9 10 11 12 -13 14 -15 -16 17 -18 19 20 -21 -22 23 24 -25 26 -27 28 29 -30 31 32 33 -34 35 -36 37 38 -39 40 41 -42 -43 44 -45 46 -47 -48 -49 -50
0xad30a1364a171009 20376 -1 -2 3 4 5 6 7 -8 -9 10 11 12 -13 14 -15 -16 17 -18 19 20 -21 -22 23 24 -25 26 -27 28 29 -30 31 32 33 -34 35 -36 37 38 -39 40 41 -42 -43 44 -45 46 -47 -48 -49 -50
0x758ebb9e13127af9 20376 -1 -2 3 4 5 6 7 -8 -9 10 11 12 -13 14 -15 -16 17 -18 19 20 -21 -22 23 24 -25 26 -27 28 29 -30 31 32 33 -34 35 -36 37 38 -39 40 41 -42 -43 44 -45 46 -47 -48 -49 -50
0xa8892bacef8cf880 20376 -1 -2 3 4 5 6 7 -8 -9 10 11 12 -13 14 -15 -16 17 -18 19 20 -21 -22 23 24 -25 26 -27 28 29 -30 31 32 33 -34 35 -36 37 38 -39 40 41 -42 -43 44 -45 46 -47 -48 -49 -50
0xaf9643757c4aefe8 20376 -1 -2 3 4 5 6 7 -8 -9 10 11 12 -13 14 -15 -16 17 -18 19 20 -21 -22 23 24 -25 26 -27 28 29 -30 31 32 33 -34 35 -36 37 38 -39 40 41 -42 -43 44 -45 46 -47 -48 -49 -50
0x1d0eb1fd66e5945d 20376 -1 -2 3 4 5 6 7 -8 -9 10 11 12 -13 14 -15 -16 17 -18 19 20 -21 -22 23 24 -25 26 -27 28 29 -30 31 32 33 -34 35 -36 37 38 -39 40 41 -42 -43 44 -45 46 -47 -48 -49 -50
0xa27972c04f4cde72 20376 -1 -2 3 4 5 6 7 -8 -9 10 11 12 -13 14 -15 -16 17 -18 19 20 -21 -22 23 24 -25 26 -27 28 29 -30 31 32 33 -34 35 -36 37 38 -39 40 41 -42 -43 44 -45 46 -47 -48 -49 -50
0x34ed0d2e2e3c959b 20376 -1 -2 3 4 5 6 7 -8 -9 10 11 12 -13 14 -15 -16 17 -18 19 20 -21 -22 23 24 -25 26 -27 28 29 -30 31 32 33 -34 35 -36 37 38 -39 40 41 -42 -43 44 -45 46 -47 -48 -49 -50
0x69542427815a69b2 20376 -1 -2 3 4 5 6 7 -8 -9 10 11 12 -13 14 -15 -16 17 -18 19 20 -21 -22 23 24 -25 26 -27 28 29 -30 31 32 33 -34 35 -36 37 38 -39 40 41 -42 -43 44 -45 46 -47 -48 -49 -50
0xbda35584e7f31c74 20376 -1 -2 3 4 5 6 7 -8 -9 10 11 12 -13 14 -15 -16 17 -18 19 20 -21 -22 23 24 -25 26 -27 28 29 -30 31 32 33 -34 35 -36 37 38 -39 40 41 -42 -43 44 -45 46 -47 -48 -49 -50
0xa74e69915d8cbb03 20376 -1 -2 3 4 5 6 7 -8 -9 10 11 12 -13 14 -15 -16 17 -18 19 20 -21 -22 23 24 -25 26 -27 28 29 -30 31 32 33 -34 35 -36 37 38 -39 40 41 -42 -43 44 -45 46 -47 -48 -49 -50
0x7752a20a0206d638 20376 -1 -2 3 4 5 6 7 -8 -9 10 11 12 -13 14 -15 -16 17 -18 19 20 -21 -22 23 24 -25 26 -27 28 29 -30 31 32 33 -34 35 -36 37 38 -39 40 41 -42 -43 44 -45 46 -47 -48 -49 -50
0x237c7f1bb5f9adde 20376 -1 -2 3 4 5 6 7 -8 -9 10 11 12 -13 14 -15 -16 17 -18 19 20 -21 -22 23 24 -25 26 -27 28 29 -30 31 32 33 -34 35 -36 37 38 -39 40 41 -42 -43 44 -45 46 -47 -48 -49 -50
0xe420dbd5d2b4f954 20376 -1 -2 3 4 5 6 7 -8 -9 10 11 12 -13 14 -15 -16 17 -18 19 20 -21 -22 23 24 -25 26 -27 28 29 -30 31 32 33 -34 35 -36 37 38 -39 40 41 -42 -43 44 -45 46 -47 -48 -49 -50
0xbb09765e9cf902d5 20376 -1 -2 3 4 5 6 7 -8 -9 10 11 12 -13 14 -15 -16 17 -18 19 20 -21 -22 23 24 -25 26 -27 28 29 -30 31 32 33 -34 35 -36 37 38 -39 40 41 -42 -43 44 -45 46 -47 -48 -49 -50
0x6e2fceb3517013df 20376 -1 -2 3 4 5 6 7 -8 -9 10 11 12 -13 14 -15 -16 17 -18 19 20 -21 -22 23 24 -25 26 -27 28 29 -30 31 32 33 -34 35 -36 37 38 -39 40 41 -42 -43 44 -45 46 -47 -48 -49 -50
0x55c6ca2241ae12b5 20376 -1 -2 3 4 5 6 7 -8 -9 10 11 12 -13 14 -15 -16 17 -18 19 20 -21 -22 23 24 -25 26 -27 28 29 -30 31 32 33 -34 35 -36 37 38 -39 40 41 -42 -43 44 -45 46 -47 -48 -49 -50
0xc75126d01284afdd 20376 -1 -2 3 4 5 6 7 -8 -9 10 11 12 -13 14 -15 -16 17 -18 19 20 -21 -22 23 24 -25 26 -27 28 29 -30 31 32 33 -34 35 -36 37 38 -39 40 41 -42 -43 44 -45 46 -47 -48 -49 -50
0xa7e2bf34de7223a2 20376 -1 -2 3 4 5 6 7 -8 -9 10 11 12 -13 14 -15 -16 17 -18 19 20 -21 -22 23 24 -25 26 -27 28 29 -30 31 32 33 -34 35 -36 37 38 -39 40 41 -42 -43 44 -45 46 -47 -48 -49 -50
0x48ea9d9bbf307b92 20376 -1 -2 3 4 5 6 7 -8 -9 10 11 12 -13 14 -15 -16 17 -18 19 20 -21 -22 23 24 -25 26 -27 28 29 -30 31 32 33 -34 35 -36 37 38 -39 40 41 -42 -43 44 -45 46 -47 -48 -49 -50
0x423dfa659ab77fe 20376 -1 -2 3 4 5 6 7 -8 -9 10 11 12 -13 14 -15 -16 17 -18 19 20 -21 -22 23 24 -25 26 -27 28 29 -30 31 32 33 -34 35 -36 37 38 -39 40 41 -42 -43 44 -45 46 -47 -48 -49 -50
0x148b69c677e2f97f 20376 -1 -2 3 4 5 6 7 -8 -9 10 11 12 -13 14 -15 -16 17 -18 19 20 -21 -22 23 24 -25 26 -27 28 29 -30 31 32 33 -34 35 -36 37 38 -39 40 41 -42 -43 44 -45 46 -47 -48 -49 -50
0x4a06a4b1ef0191b0 20376 -1 -2 3 4 5 6 7 -8 -9 10 11 12 -13 14 -15 -16 17 -18 19 20 -21 -22 23 24 -25 26 -27 28 29 -30 31 32 33 -34 35 -36 37 38 -39 40 41 -42 -43 44 -45 46 -47 -48 -49 -50
0x4f88ada3d838c325 20376 -1 -2 3 4 5 6 7 -8 -9 10 11 12 -13 14 -15 -16 17 -18 19 20 -21 -22 23 24 -25 26 -27 28 29 -30 31 32 33 -34 35 -36 37 38 -39 40 41 -42 -43 44 -45 46 -47 -48 -49 -50