0x504760584d482435 18302 -1 2 -3 4 5 -6 -7 8 9 10 11 12 -13 14 15 -16 -17 -18 -19 -20 21 22 -23 -24 -25 -26 27 28 29 30 31 -32 33 34 -35 36 37 38 -39 -40 41 -42 -43 -44 45 46 -47 48 49 50
0xca3ff9d9d7e2d335 18302 -1 2 -3 4 5 -6 -7 8 9 10 11 12 -13 14 15 -16 -17 -18 -19 -20 21 22 -23 -24 -25 -26 27 28 29 30 31 -32 33 34 -35 36 37 38 -39 -40 41 -42 -43 -44 45 46 -47 48 49 50
0xa5ec3c3a38f4c932 18302 -1 2 -3 4 5 -6 -7 8 9 10 11 12 -13 14 15 -16 -17 -18 -19 -20 21 22 -23 -24 -25 -26 27 28 29 30 31 -32 33 34 -35 36 37 38 -39 -40 41 -42 -43 -44 45 46 -47 48 49 50
0x5b52d062eba949bd 18302 -1 2 -3 4 5 -6 -7 8 9 10 11 12 -13 14 15 -16 -17 -18 -19 -20 21 22 -23 -24 -25 -26 27 28 29 30 31 -32 33 34 -35 36 37 38 -39 -40 41 -42 -43 -44 45 46 -47 48 49 50
0xc2eae9b57ce8e80 18076 -1 2 -3 4 5 -6 -7 8 9 10 11 12 -13 14 15 -16 -17 -18 -19 -20 21 22 -23 -24 -25 -26 27 28 29 -30 31 -32 33 34 -35 36 37 38 -39 -40 41 -42 -43 -44 45 46 -47 48 49 50
0x3901790b87348f12 18302 -1 2 -3 4 5 -6 -7 8 9 10 11 12 -13 14 15 -16 -17 -18 -19 -20 21 22 -23 -24 -25 -26 27 28 29 30 31 -32 33 34 -35 36 37 38 -39 -40 41 -42 -43 -44 45 46 -47 48 49 50
0xd9034abba61f582c 18302 -1 2 -3 4 5 -6 -7 8 9 10 11 12 -13 14 15 -16 -17 -18 -19 -20 21 22 -23 -24 -25 -26 27 28 29 30 31 -32 33 34 -35 36 37 38 -39 -40 41 -42 -43 -44 45 46 -47 48 49 50
0x975e1104f7e1d2e5 18302 -1 2 -3 4 5 -6 -7 8 9 10 11 12 -13 14 15 -16 -17 -18 -19 -20 21 22 -23 -24 -25 -26 27 28 29 30 31 -32 33 34 -35 36 37 38 -39 -40 41 -42 -43 -44 45 46 -47 48 49 50
0x819fb73b779fe9ec 18302 -1 2 -3 4 5 -6 -7 8 9 10 11 12 -13 14 15 -16 -17 -18 -19 -20 21 22 -23 -24 -25 -26 27 28 29 30 31 -32 33 34 -35 36 37 38 -39 -40 41 -42 -43 -44 45 46 -47 48 49 50
0x6bea6341f5edc3e5 18302 -1 2 -3 4 5 -6 -7 8 9 10 11 12 -13 14 15 -16 -17 -18 -19 -20 21 22 -23 -24 -25 -26 27 28 29 30 31 -32 33 34 -35 36 37 38 -39 -40 41 -42 -43 -44 45 46 -47 48 49 50
0x59acc9cede7978a1 18302 -1 2 -3 4 5 -6 -7 8 9 10 11 12 -13 14 15 -16 -17 -18 -19 -20 21 22 -23 -24 -25 -26 27 28 29 30 31 -32 33 34 -35 36 37 38 -39 -40 41 -42 -43 -44 45 46 -47 48 49 50
0x166cf907ba651084 18076 -1 2 -3 4 5 -6 -7 8 9 10 11 12 -13 14 15 -16 -17 -18 -19 -20 21 22 -23 -24 -25 -26 27 28 29 -30 31 -32 33 34 -35 36 37 38 -39 -40 41 -42 -43 -44 45 46 -47 48 49 50
0x2fb7458cdf3b7c88 18076 -1 2 -3 4 5 -6 -7 8 9 10 11 12 -13 14 15 -16 -17 -18 -19 -20 21 22 -23 -24 -25 -26 27 28 29 -30 31 -32 33 34 -35 36 37 38 -39 -40 41 -42 -43 -44 45 46 -47 48 49 50
0x16f1c26fdc821dda 18302 -1 2 -3 4 5 -6 -7 8 9 10 11 12 -13 14 15 -16 -17 -18 -19 -20 21 22 -23 -24 -25 -26 27 28 29 30 31 -32 33 34 -35 36 37 38 -39 -40 41 -42 -43 -44 45 46 -47 48 49 50
0xbc39e99d9fb88bf8 18302 -1 2 -3 4 5 -6 -7 8 9 10 11 12 -13 14 15 -16 -17 -18 -19 -20 21 22 -23 -24 -25 -26 27 28 29 30 31 -32 33 34 -35 36 37 38 -39 -40 41 -42 -43 -44 45 46 -47 48 49 50
0x986bc8c12a1c5597 18062 -1 2 -3 4 5 -6 -7 8 9 10 11 -12 -13 14 15 -16 -17 -18 -19 -20 21 22 -23 -24 -25 -26 27 28 29 30 31 -32 33 34 -35 36 37 38 -39 -40 41 -42 -43 -44 45 46 -47 48 49 50
0xedcfeddcc027c502 18076 -1 2 -3 4 5 -6 -7 8 9 10 11 12 -13 14 15 -16 -17 -18 -19 -20 21 22 -23 -24 -25 -26 27 28 29 -30 31 -32 33 34 -35 36 37 38 -39 -40 41 -42 -43 -44 45 46 -47 48 49 50
0xa36d22d8dff12fb9 18076 -1 2 -3 4 5 -6 -7 8 9 10 11 12 -13 14 15 -16 -17 -18 -19 -20 21 22 -23 -24 -25 -26 27 28 29 -30 31 -32 33 34 -35 36 37 38 -39 -40 41 -42 -43 -44 45 46 -47 48 49 50
0xf06bd8704276195a 18302 -1 2 -3 4 5 -6 -7 8 9 10 11 12 -13 14 15 -16 -17 -18 -19 -20 21 22 -23 -24 -25 -26 27 28 29 30 31 -32 33 34 -35 36 37 38 -39 -40 41 -42 -43 -44 45 46 -47 48 49 50
0x1cce2a587063b1d1 18302 -1 2 -3 4 5 -6 -7 8 9 10 11 12 -13 14 15 -16 -17 -18 -19 -20 21 22 -23 -24 -25 -26 27 28 29 30 31 -32 33 34 -35 36 37 38 -39 -40 41 -42 -43 -44 45 46 -47 48 49 50
0xf1f4487d015f5004 18302 -1 2 -3 4 5 -6 -7 8 9 10 11 12 -13 14 15 -16 -17 -18 -19 -20 21 22 -23 -24 -25 -26 27 28 29 30 31 -32 33 34 -35 36 37 38 -39 -40 41 -42 -43 -44 45 46 -47 48 49 50
0x4ba69015976f09e9 18302 -1 2 -3 4 5 -6 -7 8 9 10 11 12 -13 14 15 -16 -17 -18 -19 -20 21 22 -23 -24 -25 -26 27 28 29 30 31 -32 33 34 -35 36 37 38 -39 -40 41 -42 -43 -44 45 46 -47 48 49 50
0x5f1fd41e23b29991 17923 -1 2 -3 4 5 -6 -7 8 9 10 11 12 -13 14 15 -16 -17 -18 -19 -20 21 22 -23 -24 -25 -26 27 -28 29 30 31 -32 33 34 -35 36 37 38 -39 -40 41 -42 -43 -44 45 46 -47 48 49 50
0x8a5ec384473b97f2 18302 -1 2 -3 4 5 -6 -7 8 9 10 11 12 -13 14 15 -16 -17 -18 -19 -20 21 22 -23 -24 -25 -26 27 28 29 30 31 -32 33 34 -35 36 37 38 -39 -40 41 -42 -43 -44 45 46 -47 48 49 50
0xe49257e891068ec5 18302 -1 2 -3 4 5 -6 -7 8 9 10 11 12 -13 14 15 -16 -17 -18 -19 -20 21 22 -23 -24 -25 -26 27 28 29 30 31 -32 33 34 -35 36 37 38 -39 -40 41 -42 -43 -44 45 46 -47 48 49 50
0xd45c58ea10b54825 18302 -1 2 -3 4 5 -6 -7 8 9 10 11 12 -13 14 15 -16 -17 -18 -19 -20 21 22 -23 -24 -25 -26 27 28 29 30 31 -32 33 34 -35 36 37 38 -39 -40 41 -42 -43 -44 45 46 -47 48 49 50
0xbc6a11a7ea111687 18062 -1 2 -3 4 5 -6 -7 8 9 10 11 -12 -13 14 15 -16 -17 -18 -19 -20 21 22 -23 -24 -25 -26 27 28 29 30 31 -32 33 34 -35 36 37 38 -39 -40 41 -42 -43 -44 45 46 -47 48 49 50
0x9891a78cc3e5e8b3 18302 -1 2 -3 4 5 -6 -7 8 9 10 11 12 -13 14 15 -16 -17 -18 -19 -20 21 22 -23 -24 -25 -26 27 28 29 30 31 -32 33 34 -35 36 37 38 -39 -40 41 -42 -43 -44 45 46 -47 48 49 50
0x66d76b641cb2b587 18302 -1 2 -3 4 5 -6 -7 8 9 10 11 12 -13 14 15 -16 -17 -18 -19 -20 21 22 -23 -24 -25 -26 27 28 29 30 31 -32 33 34 -35 36 37 38 -39 -40 41 -42 -43 -44 45 46 -47 48 49 50
0x2034d6f543dd073c 18076 -1 2 -3 4 5 -6 -7 8 9 10 11 12 -13 14 15 -16 -17 -18 -19 -20 21 22 -23 -24 -25 -26 27 28 29 -30 31 -32 33 34 -35 36 37 38 -39 -40 41 -42 -43 -44 45 46 -47 48 49 50