0x3e30abee227abf4 23401 1 2 -3 -4 5 6 -7 8 9 10 -11 12 -13 14 15 16 17 -18 19 -20 -21 -22 23 24 25 26 27 28 -29 30 31 -32 -33 -34 -35 36 -37 -38 39 40 41 42 -43 44 -45 46 47 48 49 -50
0xc5471cd68fbf8c61 23401 1 2 -3 -4 5 6 -7 8 9 10 -11 12 -13 14 15 16 17 -18 19 -20 -21 -22 23 24 25 26 27 28 -29 30 31 -32 -33 -34 -35 36 -37 -38 39 40 41 42 -43 44 -45 46 47 48 49 -50
0xb521b24b6a2cbba8 23401 1 2 -3 -4 5 6 -7 8 9 10 -11 12 -13 14 15 16 17 -18 19 -20 -21 -22 23 24 25 26 27 28 -29 30 31 -32 -33 -34 -35 36 -37 -38 39 40 41 42 -43 44 -45 46 47 48 49 -50
0xcfc40a97ef978ee4 23401 1 2 -3 -4 5 6 -7 8 9 10 -11 12 -13 14 15 16 17 -18 19 -20 -21 -22 23 24 25 26 27 28 -29 30 31 -32 -33 -34 -35 36 -37 -38 39 40 41 42 -43 44 -45 46 47 48 49 -50
0x84050ae7b4673bd0 23401 1 2 -3 -4 5 6 -7 8 9 10 -11 12 -13 14 15 16 17 -18 19 -20 -21 -22 23 24 25 26 27 28 -29 30 31 -32 -33 -34 -35 36 -37 -38 39 40 41 42 -43 44 -45 46 47 48 49 -50
0x7646bc24f358697 23401 1 2 -3 -4 5 6 -7 8 9 10 -11 12 -13 14 15 16 17 -18 19 -20 -21 -22 23 24 25 26 27 28 -29 30 31 -32 -33 -34 -35 36 -37 -38 39 40 41 42 -43 44 -45 46 47 48 49 -50
0xc8bc05186dc8c80f 23401 1 2 -3 -4 5 6 -7 8 9 10 -11 12 -13 14 15 16 17 -18 19 -20 -21 -22 23 24 25 26 27 28 -29 30 31 -32 -33 -34 -35 36 -37 -38 39 40 41 42 -43 44 -45 46 47 48 49 -50
0x4432c98f9f401e77 23401 1 2 -3 -4 5 6 -7 8 9 10 -11 12 -13 14 15 16 17 -18 19 -20 -21 -22 23 24 25 26 27 28 -29 30 31 -32 -33 -34 -35 36 -37 -38 39 40 41 42 -43 44 -45 46 47 48 49 -50
0x43462f5b8eb1ea89 23401 1 2 -3 -4 5 6 -7 8 9 10 -11 12 -13 14 15 16 17 -18 19 -20 -21 -22 23 24 25 26 27 28 -29 30 31 -32 -33 -34 -35 36 -37 -38 39 40 41 42 -43 44 -45 46 47 48 49 -50
0xb964267505141900 23401 1 2 -3 -4 5 6 -7 8 9 10 -11 12 -13 14 15 16 17 -18 19 -20 -21 -22 23 24 25 26 27 28 -29 30 31 -32 -33 -34 -35 36 -37 -38 39 40 41 42 -43 44 -45 46 47 48 49 -50
0xafb4053e023e6849 23401 1 2 -3 -4 5 6 -7 8 9 10 -11 12 -13 14 15 16 17 -18 19 -20 -21 -22 23 24 25 26 27 28 -29 30 31 -32 -33 -34 -35 36 -37 -38 39 40 41 42 -43 44 -45 46 47 48 49 -50
0x1b7fda46ce8a9bc0 23401 1 2 -3 -4 5 6 -7 8 9 10 -11 12 -13 14 15 16 17 -18 19 -20 -21 -22 23 24 25 26 27 28 -29 30 31 -32 -33 -34 -35 36 -37 -38 39 40 41 42 -43 44 -45 46 47 48 49 -50
0xc68b97b7d11f54c6 23401 1 2 -3 -4 5 6 -7 8 9 10 -11 12 -13 14 15 16 17 -18 19 -20 -21 -22 23 24 25 26 27 28 -29 30 31 -32 -33 -34 -35 36 -37 -38 39 40 41 42 -43 44 -45 46 47 48 49 -50
0xd7731ec8b84ff83e 23401 1 2 -3 -4 5 6 -7 8 9 10 -11 12 -13 14 15 16 17 -18 19 -20 -21 -22 23 24 25 26 27 28 -29 30 31 -32 -33 -34 -35 36 -37 -38 39 40 41 42 -43 44 -45 46 47 48 49 -50
0x27641b494ef42412 23401 1 2 -3 -4 5 6 -7 8 9 10 -11 12 -13 14 15 16 17 -18 19 -20 -21 -22 23 24 25 26 27 28 -29 30 31 -32 -33 -34 -35 36 -37 -38 39 40 41 42 -43 44 -45 46 47 48 49 -50
0x33f1af19b99cb4ae 23401 1 2 -3 -4 5 6 -7 8 9 10 -11 12 -13 14 15 16 17 -18 19 -20 -21 -22 23 24 25 26 27 28 -29 30 31 -32 -33 -34 -35 36 -37 -38 39 40 41 42 -43 44 -45 46 47 48 49 -50
0x70ffedb1c2cc5a81 23401 1 2 -3 -4 5 6 -7 8 9 10 -11 12 -13 14 15 16 17 -18 19 -20 -21 -22 23 24 25 26 27 28 -29 30 31 -32 -33 -34 -35 36 -37 -38 39 40 41 42 -43 44 -45 46 47 48 49 -50
0xec052798a199bf81 23401 1 2 -3 -4 5 6 -7 8 9 10 -11 12 -13 14 15 16 17 -18 19 -20 -21 -22 23 24 25 26 27 28 -29 30 31 -32 -33 -34 -35 36 -37 -38 39 40 41 42 -43 44 -45 46 47 48 49 -50
0x512d7c23cf2a3200 23401 1 2 -3 -4 5 6 -7 8 9 10 -11 12 -13 14 15 16 17 -18 19 -20 -21 -22 23 24 25 26 27 28 -29 30 31 -32 -33 -34 -35 36 -37 -38 39 40 41 42 -43 44 -45 46 47 48 49 -50
0x2331eb04cd1b8325 23401 1 2 -3 -4 5 6 -7 8 9 10 -11 12 -13 14 15 16 17 -18 19 -20 -21 -22 23 24 25 26 27 28 -29 30 31 -32 -33 -34 -35 36 -37 -38 39 40 41 42 -43 44 -45 46 47 48 49 -50
0x547f44e8eac55fe0 23401 1 2 -3 -4 5 6 -7 8 9 10 -11 12 -13 14 15 16 17 -18 19 -20 -21 -22 23 24 25 26 27 28 -29 30 31 -32 -33 -34 -35 36 -37 -38 39 40 41 42 -43 44 -45 46 47 48 49 -50
0x705f93bf77965211 23401 1 2 -3 -4 5 6 -7 8 9 10 -11 12 -13 14 15 16 17 -18 19 -20 -21 -22 23 24 25 26 27 28 -29 30 31 -32 -33 -34 -35 36 -37 -38 39 40 41 42 -43 44 -45 46 47 48 49 -50
0xd4317d0fad3d9d67 23401 1 2 -3 -4 5 6 -7 8 9 10 -11 12 -13 14 15 16 17 -18 19 -20 -21 -22 23 24 25 26 27 28 -29 30 31 -32 -33 -34 -35 36 -37 -38 39 40 41 42 -43 44 -45 46 47 48 49 -50
0xcece93fe9e8e1c10 23401 1 2 -3 -4 5 6 -7 8 9 10 -11 12 -13 14 15 16 17 -18 19 -20 -21 -22 23 24 25 26 27 28 -29 30 31 -32 -33 -34 -35 36 -37 -38 39 40 41 42 -43 44 -45 46 47 48 49 -50
0x841fd9f71eb2ecd9 23401 1 2 -3 -4 5 6 -7 8 9 10 -11 12 -13 14 15 16 17 -18 19 -20 -21 -22 23 24 25 26 27 28 -29 30 31 -32 -33 -34 -35 36 -37 -38 39 40 41 42 -43 44 -45 46 47 48 49 -50
0xf5a0b1e3a6b47fde 23401 1 2 -3 -4 5 6 -7 8 9 10 -11 12 -13 14 15 16 17 -18 19 -20 -21 -22 23 24 25 26 27 28 -29 30 31 -32 -33 -34 -35 36 -37 -38 39 40 41 42 -43 44 -45 46 47 48 49 -50
0x665b1767947401de 23401 1 2 -3 -4 5 6 -7 8 9 10 -11 12 -13 14 15 16 17 -18 19 -20 -21 -22 23 24 25 26 27 28 -29 30 31 -32 -33 -34 -35 36 -37 -38 39 40 41 42 -43 44 -45 46 47 48 49 -50
0x597bb65846d65dbd 23401 1 2 -3 -4 5 6 -7 8 9 10 -11 12 -13 14 15 16 17 -18 19 -20 -21 -22 23 24 25 26 27 28 -29 30 31 -32 -33 -34 -35 36 -37 -38 39 40 41 42 -43 44 -45 46 47 48 49 -50
0x5472523b4c8d4e03 23401 1 2 -3 -4 5 6 -7 8 9 10 -11 12 -13 14 15 16 17 -18 19 -20 -21 -22 23 24 25 26 27 28 -29 30 31 -32 -33 -34 -35 36 -37 -38 39 40 41 42 -43 44 -45 46 47 48 49 -50
0xa0c7dd0e9547e5a 23401 1 2 -3 -4 5 6 -7 8 9 10 -11 12 -13 14 15 16 17 -18 19 -20 -21 -22 23 24 25 26 27 28 -29 30 31 -32 -33 -34 -35 36 -37 -38 39 40 41 42 -43 44 -45 46 47 48 49 -50