0xf7a71e08f741aa28 17638 1 -2 -3 -4 -5 -6 7 8 -9 10 -11 -12 13 14 -15 -16 17 18 -19 20 -21 22 23 24 25 -26 27 -28 29 30 -31 -32 33 34 -35 -36 37 38 -39 -40 -41 42 43 44 45 46 47 -48 -49 -50
0x9de550457af156d7 17638 1 -2 -3 -4 -5 -6 7 8 -9 10 -11 -12 13 14 -15 -16 17 18 -19 20 -21 22 23 24 25 -26 27 -28 29 30 -31 -32 33 34 -35 -36 37 38 -39 -40 -41 42 43 44 45 46 47 -48 -49 -50
0x9d8b5c6d73edf55b 17638 1 -2 -3 -4 -5 -6 7 8 -9 10 -11 -12 13 14 -15 -16 17 18 -19 20 -21 22 23 24 25 -26 27 -28 29 30 -31 -32 33 34 -35 -36 37 38 -39 -40 -41 42 43 44 45 46 47 -48 -49 -50
0xeefd05ef0fd409cf 17638 1 -2 -3 -4 -5 -6 7 8 -9 10 -11 -12 13 14 -15 -16 17 18 -19 20 -21 22 23 24 25 -26 27 -28 29 30 -31 -32 33 34 -35 -36 37 38 -39 -40 -41 42 43 44 45 46 47 -48 -49 -50
0x18ea4b8f67d00eba 17638 1 -2 -3 -4 -5 -6 7 8 -9 10 -11 -12 13 14 -15 -16 17 18 -19 20 -21 22 23 24 25 -26 27 -28 29 30 -31 -32 33 34 -35 -36 37 38 -39 -40 -41 42 43 44 45 46 47 -48 -49 -50
0xf52adb466327fd13 17638 1 -2 -3 -4 -5 -6 7 8 -9 10 -11 -12 13 14 -15 -16 17 18 -19 20 -21 22 23 24 25 -26 27 -28 29 30 -31 -32 33 34 -35 -36 37 38 -39 -40 -41 42 43 44 45 46 47 -48 -49 -50
0x8f2d6eebf06516c1 17638 1 -2 -3 -4 -5 -6 7 8 -9 10 -11 -12 13 14 -15 -16 17 18 -19 20 -21 22 23 24 25 -26 27 -28 29 30 -31 -32 33 34 -35 -36 37 38 -39 -40 -41 42 43 44 45 46 47 -48 -49 -50
0x9deff808f58ffcfd 17638 1 -2 -3 -4 -5 -6 7 8 -9 10 -11 -12 13 14 -15 -16 17 18 -19 20 -21 22 23 24 25 -26 27 -28 29 30 -31 -32 33 34 -35 -36 37 38 -39 -40 -41 42 43 44 45 46 47 -48 -49 -50
0xbe101453a3bf2ed 17638 1 -2 -3 -4 -5 -6 7 8 -9 10 -11 -12 13 14 -15 -16 17 18 -19 20 -21 22 23 24 25 -26 27 -28 29 30 -31 -32 33 34 -35 -36 37 38 -39 -40 -41 42 43 44 45 46 47 -48 -49 -50
0x52abb07d222b08df 17638 1 -2 -3 -4 -5 -6 7 8 -9 10 -11 -12 13 14 -15 -16 17 18 -19 20 -21 22 23 24 25 -26 27 -28 29 30 -31 -32 33 34 -35 -36 37 38 -39 -40 -41 42 43 44 45 46 47 -48 -49 -50
0x58334e41aa23cdc0 17638 1 -2 -3 -4 -5 -6 7 8 -9 10 -11 -12 13 14 -15 -16 17 18 -19 20 -21 22 23 24 25 -26 27 -28 29 30 -31 -32 33 34 -35 -36 37 38 -39 -40 -41 42 43 44 45 46 47 -48 -49 -50
0x4ed51d58b59710a5 17638 1 -2 -3 -4 -5 -6 7 8 -9 10 -11 -12 13 14 -15 -16 17 18 -19 20 -21 22 23 24 25 -26 27 -28 29 30 -31 -32 33 34 -35 -36 37 38 -39 -40 -41 42 43 44 45 46 47 -48 -49 -50
0x6b15a40c36c90104 17638 1 -2 -3 -4 -5 -6 7 8 -9 10 -11 -12 13 14 -15 -16 17 18 -19 20 -21 22 23 24 25 -26 27 -28 29 30 -31 -32 33 34 -35 -36 37 38 -39 -40 -41 42 43 44 45 46 47 -48 -49 -50
0x39088c3f2fae7e93 17638 1 -2 -3 -4 -5 -6 7 8 -9 10 -11 -12 13 14 -15 -16 17 18 -19 20 -21 22 23 24 25 -26 27 -28 29 30 -31 -32 33 34 -35 -36 37 38 -39 -40 -41 42 43 44 45 46 47 -48 -49 -50
0x7d8802c35d92a01d 17638 1 -2 -3 -4 -5 -6 7 8 -9 10 -11 -12 13 14 -15 -16 17 18 -19 20 -21 22 23 24 25 -26 27 -28 29 30 -31 -32 33 34 -35 -36 37 38 -39 -40 -41 42 43 44 45 46 47 -48 -49 -50
0x5c6c0b61135766ab 17256 1 -2 -3 -4 -5 -6 7 8 -9 10 -11 -12 13 14 -15 -16 17 18 -19 20 -21 22 23 24 25 -26 -27 28 29 30 -31 -32 33 34 -35 -36 37 38 -39 -40 -41 42 43 44 45 46 47 -48 -49 -50
0xba1db691fa0c4a2d 17638 1 -2 -3 -4 -5 -6 7 8 -9 10 -11 -12 13 14 -15 -16 17 18 -19 20 -21 22 23 24 25 -26 27 -28 29 30 -31 -32 33 34 -35 -36 37 38 -39 -40 -41 42 43 44 45 46 47 -48 -49 -50
0x5c4fc7227a970808 17638 1 -2 -3 -4 -5 -6 7 8 -9 10 -11 -12 13 14 -15 -16 17 18 -19 20 -21 22 23 24 25 -26 27 -28 29 30 -31 -32 33 34 -35 -36 37 38 -39 -40 -41 42 43 44 45 46 47 -48 -49 -50
0xd7c79b33b53b534b 17638 1 -2 -3 -4 -5 -6 7 8 -9 10 -11 -12 13 14 -15 -16 17 18 -19 20 -21 22 23 24 25 -26 27 -28 29 30 -31 -32 33 34 -35 -36 37 38 -39 -40 -41 42 43 44 45 46 47 -48 -49 -50
0x2b633e5fe7bf3c46 17638 1 -2 -3 -4 -5 -6 7 8 -9 10 -11 -12 13 14 -15 -16 17 18 -19 20 -21 22 23 24 25 -26 27 -28 29 30 -31 -32 33 34 -35 -36 37 38 -39 -40 -41 42 43 44 45 46 47 -48 -49 -50
0x40c0240e7fe921f7 17638 1 -2 -3 -4 -5 -6 7 8 -9 10 -11 -12 13 14 -15 -16 17 18 -19 20 -21 22 23 24 25 -26 27 -28 29 30 -31 -32 33 34 -35 -36 37 38 -39 -40 -41 42 43 44 45 46 47 -48 -49 -50
0xb4405865f9befaca 17638 1 -2 -3 -4 -5 -6 7 8 -9 10 -11 -12 13 14 -15 -16 17 18 -19 20 -21 22 23 24 25 -26 27 -28 29 30 -31 -32 33 34 -35 -36 37 38 -39 -40 -41 42 43 44 45 46 47 -48 -49 -50
0x4945b44eee293eb8 17638 1 -2 -3 -4 -5 -6 7 8 -9 10 -11 -12 13 14 -15 -16 17 18 -19 20 -21 22 23 24 25 -26 27 -28 29 30 -31 -32 33 34 -35 -36 37 38 -39 -40 -41 42 43 44 45 46 47 -48 -49 -50
0x924fabb7fba5f0e5 17638 1 -2 -3 -4 -5 -6 7 8 -9 10 -11 -12 13 14 -15 -16 17 18 -19 20 -21 22 23 24 25 -26 27 -28 29 30 -31 -32 33 34 -35 -36 37 38 -39 -40 -41 42 43 44 45 46 47 -48 -49 -50
0xd19c21283cd717fe 17638 1 -2 -3 -4 -5 -6 7 8 -9 10 -11 -12 13 14 -15 -16 17 18 -19 20 -21 22 23 24 25 -26 27 -28 29 30 -31 -32 33 34 -35 -36 37 38 -39 -40 -41 42 43 44 45 46 47 -48 -49 -50
0xd709f691525995e9 17638 1 -2 -3 -4 -5 -6 7 8 -9 10 -11 -12 13 14 -15 -16 17 18 -19 20 -21 22 23 24 25 -26 27 -28 29 30 -31 -32 33 34 -35 -36 37 38 -39 -40 -41 42 43 44 45 46 47 -48 -49 -50
0x8af86a6994368fd4 17638 1 -2 -3 -4 -5 -6 7 8 -9 10 -11 -12 13 14 -15 -16 17 18 -19 20 -21 22 23 24 25 -26 27 -28 29 30 -31 -32 33 34 -35 -36 37 38 -39 -40 -41 42 43 44 45 46 47 -48 -49 -50
0xa83da2ba0a67fff7 17638 1 -2 -3 -4 -5 -6 7 8 -9 10 -11 -12 13 14 -15 -16 17 18 -19 20 -21 22 23 24 25 -26 27 -28 29 30 -31 -32 33 34 -35 -36 37 38 -39 -40 -41 42 43 44 45 46 47 -48 -49 -50
0xbd7440c7b8ecaae 17638 1 -2 -3 -4 -5 -6 7 8 -9 10 -11 -12 13 14 -15 -16 17 18 -19 20 -21 22 23 24 25 -26 27 -28 29 30 -31 -32 33 34 -35 -36 37 38 -39 -40 -41 42 43 44 45 46 47 -48 -49 -50
0x663312dadf6de802 17638 1 -2 -3 -4 -5 -6 7 8 -9 10 -11 -12 13 14 -15 -16 17 18 -19 20 -21 22 23 24 25 -26 27 -28 29 30 -31 -32 33 34 -35 -36 37 38 -39 -40 -41 42 43 44 45 46 47 -48 -49 -50