0xe656295566a4a33b 21707 -1 -2 -3 -4 5 6 -7 8 9 10 -11 12 -13 -14 15 16 17 -18 19 -20 21 22 -23 24 25 -26 -27 -28 -29 30 31 -32 33 34 -35 -36 -37 -38 39 40 -41 -42 43 -44 45 46 47 -48 -49 50
0x54223f6994f01263 21707 -1 -2 -3 -4 5 6 -7 8 9 10 -11 12 -13 -14 15 16 17 -18 19 -20 21 22 -23 24 25 -26 -27 -28 -29 30 31 -32 33 34 -35 -36 -37 -38 39 40 -41 -42 43 -44 45 46 47 -48 -49 50
0x1f11b0149fa5aed1 21707 -1 -2 -3 -4 5 6 -7 8 9 10 -11 12 -13 -14 15 16 17 -18 19 -20 21 22 -23 24 25 -26 -27 -28 -29 30 31 -32 33 34 -35 -36 -37 -38 39 40 -41 -42 43 -44 45 46 47 -48 -49 50
0x45863767046a8aa8 21707 -1 -2 -3 -4 5 6 -7 8 9 10 -11 12 -13 -14 15 16 17 -18 19 -20 21 22 -23 24 25 -26 -27 -28 -29 30 31 -32 33 34 -35 -36 -37 -38 39 40 -41 -42 43 -44 45 46 47 -48 -49 50
0x943ee7166d7ed0e7 21707 -1 -2 -3 -4 5 6 -7 8 9 10 -11 12 -13 -14 15 16 17 -18 19 -20 21 22 -23 24 25 -26 -27 -28 -29 30 31 -32 33 34 -35 -36 -37 -38 39 40 -41 -42 43 -44 45 46 47 -48 -49 50
0x8473ebd906d7b89d 21707 -1 -2 -3 -4 5 6 -7 8 9 10 -11 12 -13 -14 15 16 17 -18 19 -20 21 22 -23 24 25 -26 -27 -28 -29 30 31 -32 33 34 -35 -36 -37 -38 39 40 -41 -42 43 -44 45 46 47 -48 -49 50
0xe1712ff9d0c974b1 21707 -1 -2 -3 -4 5 6 -7 8 9 10 -11 12 -13 -14 15 16 17 -18 19 -20 21 22 -23 24 25 -26 -27 -28 -29 30 31 -32 33 34 -35 -36 -37 -38 39 40 -41 -42 43 -44 45 46 47 -48 -49 50
0xd66859bc4ca53662 21707 -1 -2 -3 -4 5 6 -7 8 9 10 -11 12 -13 -14 15 16 17 -18 19 -20 21 22 -23 24 25 -26 -27 -28 -29 30 31 -32 33 34 -35 -36 -37 -38 39 40 -41 -42 43 -44 45 46 47 -48 -49 50
0xa60908c6bf5b0320 21707 -1 -2 -3 -4 5 6 -7 8 9 10 -11 12 -13 -14 15 16 17 -18 19 -20 21 22 -23 24 25 -26 -27 -28 -29 30 31 -32 33 34 -35 -36 -37 -38 39 40 -41 -42 43 -44 45 46 47 -48 -49 50
0x35f66a313b293956 21707 -1 -2 -3 -4 5 6 -7 8 9 10 -11 12 -13 -14 15 16 17 -18 19 -20 21 22 -23 24 25 -26 -27 -28 -29 30 31 -32 33 34 -35 -36 -37 -38 39 40 -41 -42 43 -44 45 46 47 -48 -49 50
0xafdea9fbf31b904b 21707 -1 -2 -3 -4 5 6 -7 8 9 10 -11 12 -13 -14 15 16 17 -18 19 -20 21 22 -23 24 25 -26 -27 -28 -29 30 31 -32 33 34 -35 -36 -37 -38 39 40 -41 -42 43 -44 45 46 47 -48 -49 50
0xf37252fc244a861f 21707 -1 -2 -3 -4 5 6 -7 8 9 10 -11 12 -13 -14 15 16 17 -18 19 -20 21 22 -23 24 25 -26 -27 -28 -29 30 31 -32 33 34 -35 -36 -37 -38 39 40 -41 -42 43 -44 45 46 47 -48 -49 50
0xb023874cb6facd30 21707 -1 -2 -3 -4 5 6 -7 8 9 10 -11 12 -13 -14 15 16 17 -18 19 -20 21 22 -23 24 25 -26 -27 -28 -29 30 31 -32 33 34 -35 -36 -37 -38 39 40 -41 -42 43 -44 45 46 47 -48 -49 50
0xac1696144e48b8fe 21707 -1 -2 -3 -4 5 6 -7 8 9 10 -11 12 -13 -14 15 16 17 -18 19 -20 21 22 -23 24 25 -26 -27 -28 -29 30 31 -32 33 34 -35 -36 -37 -38 39 40 -41 -42 43 -44 45 46 47 -48 -49 50
0xe9db1d68dba68cf4 21707 -1 -2 -3 -4 5 6 -7 8 9 10 -11 12 -13 -14 15 16 17 -18 19 -20 21 22 -23 24 25 -26 -27 -28 -29 30 31 -32 33 34 -35 -36 -37 -38 39 40 -41 -42 43 -44 45 46 47 -48 -49 50
0xc5d667fcd3870d05 21707 -1 -2 -3 -4 5 6 -7 8 9 10 -11 12 -13 -14 15 16 17 -18 19 -20 21 22 -23 24 25 -26 -27 -28 -29 30 31 -32 33 34 -35 -36 -37 -38 39 40 -41 -42 43 -44 45 46 47 -48 -49 50
0xfa104cc061f1fed3 21707 -1 -2 -3 -4 5 6 -7 8 9 10 -11 12 -13 -14 15 16 17 -18 19 -20 21 22 -23 24 25 -26 -27 -28 -29 30 31 -32 33 34 -35 -36 -37 -38 39 40 -41 -42 43 -44 45 46 47 -48 -49 50
0x89b06a151532cfe6 21707 -1 -2 -3 -4 5 6 -7 8 9 10 -11 12 -13 -14 15 16 17 -18 19 -20 21 22 -23 24 25 -26 -27 -28 -29 30 31 -32 33 34 -35 -36 -37 -38 39 40 -41 -42 43 -44 45 46 47 -48 -49 50
0xb814219ea3425a71 21707 -1 -2 -3 -4 5 6 -7 8 9 10 -11 12 -13 -14 15 16 17 -18 19 -20 21 22 -23 24 25 -26 -27 -28 -29 30 31 -32 33 34 -35 -36 -37 -38 39 40 -41 -42 43 -44 45 46 47 -48 -49 50
0xd310ef9ad116cf34 21707 -1 -2 -3 -4 5 6 -7 8 9 10 -11 12 -13 -14 15 16 17 -18 19 -20 21 22 -23 24 25 -26 -27 -28 -29 30 31 -32 33 34 -35 -36 -37 -38 39 40 -41 -42 43 -44 45 46 47 -48 -49 50
0x670d70230692fa49 21707 -1 -2 -3 -4 5 6 -7 8 9 10 -11 12 -13 -14 15 16 17 -18 19 -20 21 22 -23 24 25 -26 -27 -28 -29 30 31 -32 33 34 -35 -36 -37 -38 39 40 -41 -42 43 -44 45 46 47 -48 -49 50
0xa980d2e37e4b67d2 21707 -1 -2 -3 -4 5 6 -7 8 9 10 -11 12 -13 -14 15 16 17 -18 19 -20 21 22 -23 24 25 -26 -27 -28 -29 30 31 -32 33 34 -35 -36 -37 -38 39 40 -41 -42 43 -44 45 46 47 -48 -49 50
0x889458e985a677a2 21707 -1 -2 -3 -4 5 6 -7 8 9 10 -11 12 -13 -14 15 16 17 -18 19 -20 21 22 -23 24 25 -26 -27 -28 -29 30 31 -32 33 34 -35 -36 -37 -38 39 40 -41 -42 43 -44 45 46 47 -48 -49 50
0x714c7859fc9ff5cb 21707 -1 -2 -3 -4 5 6 -7 8 9 10 -11 12 -13 -14 15 16 17 -18 19 -20 21 22 -23 24 25 -26 -27 -28 -29 30 31 -32 33 34 -35 -36 -37 -38 39 40 -41 -42 43 -44 45 46 47 -48 -49 50
0x3e2ba463f162715d 21707 -1 -2 -3 -4 5 6 -7 8 9 10 -11 12 -13 -14 15 16 17 -18 19 -20 21 22 -23 24 25 -26 -27 -28 -29 30 31 -32 33 34 -35 -36 -37 -38 39 40 -41 -42 43 -44 45 46 47 -48 -49 50
0xd621103a7a1e496b 21707 -1 -2 -3 -4 5 6 -7 8 9 10 -11 12 -13 -14 15 16 17 -18 19 -20 21 22 -23 24 25 -26 -27 -28 -29 30 31 -32 33 34 -35 -36 -37 -38 39 40 -41 -42 43 -44 45 46 47 -48 -49 50
0xfde37da401d12748 21707 -1 -2 -3 -4 5 6 -7 8 9 10 -11 12 -13 -14 15 16 17 -18 19 -20 21 22 -23 24 25 -26 -27 -28 -29 30 31 -32 33 34 -35 -36 -37 -38 39 40 -41 -42 43 -44 45 46 47 -48 -49 50
0x35d1fcf58ed100e0 21707 -1 -2 -3 -4 5 6 -7 8 9 10 -11 12 -13 -14 15 16 17 -18 19 -20 21 22 -23 24 25 -26 -27 -28 -29 30 31 -32 33 34 -35 -36 -37 -38 39 40 -41 -42 43 -44 45 46 47 -48 -49 50
0x1e7c9b3d1da32085 21707 -1 -2 -3 -4 5 6 -7 8 9 10 -11 12 -13 -14 15 16 17 -18 19 -20 21 22 -23 24 25 -26 -27 -28 -29 30 31 -32 33 34 -35 -36 -37 -38 39 40 -41 -42 43 -44 45 46 47 -48 -49 50
0x5fede273d8c58c4a 21707 -1 -2 -3 -4 5 6 -7 8 9 10 -11 12 -13 -14 15 16 17 -18 19 -20 21 22 -23 24 25 -26 -27 -28 -29 30 31 -32 33 34 -35 -36 -37 -38 39 40 -41 -42 43 -44 45 46 47 -48 -49 50