0x3edbbf0294b3edb3 16751 1 2 -3 -4 5 -6 -7 8 -9 -10 -11 -12 13 -14 -15 -16 17 -18 19 20 -21 22 23 24 -25 26 27 -28 29 30 31 -32 33 -34 -35 36 -37 38 -39 40 41 -42 -43 44 45 -46 47 48 -49 50
0xb32afab8346bd708 16553 1 2 -3 -4 5 -6 -7 8 9 -10 -11 -12 13 -14 -15 -16 17 -18 19 20 -21 22 23 24 -25 26 27 -28 29 30 31 -32 -33 -34 -35 36 -37 38 -39 40 41 -42 -43 44 45 -46 47 48 -49 50
0x5648e639464f0f54 16751 1 2 -3 -4 5 -6 -7 8 -9 -10 -11 -12 13 -14 -15 -16 17 -18 19 20 -21 22 23 24 -25 26 27 -28 29 30 31 -32 33 -34 -35 36 -37 38 -39 40 41 -42 -43 44 45 -46 47 48 -49 50
0xd25451f62d58353 16751 1 2 -3 -4 5 -6 -7 8 -9 -10 -11 -12 13 -14 -15 -16 17 -18 19 20 -21 22 23 24 -25 26 27 -28 29 30 31 -32 33 -34 -35 36 -37 38 -39 40 41 -42 -43 44 45 -46 47 48 -49 50
0x4b6bbc93cadf7c27 16751 1 2 -3 -4 5 -6 -7 8 -9 -10 -11 -12 13 -14 -15 -16 17 -18 19 20 -21 22 23 24 -25 26 27 -28 29 30 31 -32 33 -34 -35 36 -37 38 -39 40 41 -42 -43 44 45 -46 47 48 -49 50
0x89bc306379a88c91 16751 1 2 -3 -4 5 -6 -7 8 -9 -10 -11 -12 13 -14 -15 -16 17 -18 19 20 -21 22 23 24 -25 26 27 -28 29 30 31 -32 33 -34 -35 36 -37 38 -39 40 41 -42 -43 44 45 -46 47 48 -49 50
0x2a44b38d70df4778 16751 1 2 -3 -4 5 -6 -7 8 -9 -10 -11 -12 13 -14 -15 -16 17 -18 19 20 -21 22 23 24 -25 26 27 -28 29 30 31 -32 33 -34 -35 36 -37 38 -39 40 41 -42 -43 44 45 -46 47 48 -49 50
0xb356ba1ca8ff87aa 16751 1 2 -3 -4 5 -6 -7 8 -9 -10 -11 -12 13 -14 -15 -16 17 -18 19 20 -21 22 23 24 -25 26 27 -28 29 30 31 -32 33 -34 -35 36 -37 38 -39 40 41 -42 -43 44 45 -46 47 48 -49 50
0x2b364789687c1072 16751 1 2 -3 -4 5 -6 -7 8 -9 -10 -11 -12 13 -14 -15 -16 17 -18 19 20 -21 22 23 24 -25 26 27 -28 29 30 31 -32 33 -34 -35 36 -37 38 -39 40 41 -42 -43 44 45 -46 47 48 -49 50
0x4e99256773ce2e9e 16751 1 2 -3 -4 5 -6 -7 8 -9 -10 -11 -12 13 -14 -15 -16 17 -18 19 20 -21 22 23 24 -25 26 27 -28 29 30 31 -32 33 -34 -35 36 -37 38 -39 40 41 -42 -43 44 45 -46 47 48 -49 50
0x1631ad02623263f5 16553 1 2 -3 -4 5 -6 -7 8 9 -10 -11 -12 13 -14 -15 -16 17 -18 19 20 -21 22 23 24 -25 26 27 -28 29 30 31 -32 -33 -34 -35 36 -37 38 -39 40 41 -42 -43 44 45 -46 47 48 -49 50
0x542135d4f6057f1 16751 1 2 -3 -4 5 -6 -7 8 -9 -10 -11 -12 13 -14 -15 -16 17 -18 19 20 -21 22 23 24 -25 26 27 -28 29 30 31 -32 33 -34 -35 36 -37 38 -39 40 41 -42 -43 44 45 -46 47 48 -49 50
0x80e97e745f6b7ae2 16553 1 2 -3 -4 5 -6 -7 8 9 -10 -11 -12 13 -14 -15 -16 17 -18 19 20 -21 22 23 24 -25 26 27 -28 29 30 31 -32 -33 -34 -35 36 -37 38 -39 40 41 -42 -43 44 45 -46 47 48 -49 50
0x49e2dac45d017f41 16751 1 2 -3 -4 5 -6 -7 8 -9 -10 -11 -12 13 -14 -15 -16 17 -18 19 20 -21 22 23 24 -25 26 27 -28 29 30 31 -32 33 -34 -35 36 -37 38 -39 40 41 -42 -43 44 45 -46 47 48 -49 50
0x855accaea9b556bb 16751 1 2 -3 -4 5 -6 -7 8 -9 -10 -11 -12 13 -14 -15 -16 17 -18 19 20 -21 22 23 24 -25 26 27 -28 29 30 31 -32 33 -34 -35 36 -37 38 -39 40 41 -42 -43 44 45 -46 47 48 -49 50
0xf5195c7320649ae9 16751 1 2 -3 -4 5 -6 -7 8 -9 -10 -11 -12 13 -14 -15 -16 17 -18 19 20 -21 22 23 24 -25 26 27 -28 29 30 31 -32 33 -34 -35 36 -37 38 -39 40 41 -42 -43 44 45 -46 47 48 -49 50
0x37c4a262535bb5e7 16751 1 2 -3 -4 5 -6 -7 8 -9 -10 -11 -12 13 -14 -15 -16 17 -18 19 20 -21 22 23 24 -25 26 27 -28 29 30 31 -32 33 -34 -35 36 -37 38 -39 40 41 -42 -43 44 45 -46 47 48 -49 50
0xcbb00262c80737d6 16751 1 2 -3 -4 5 -6 -7 8 -9 -10 -11 -12 13 -14 -15 -16 17 -18 19 20 -21 22 23 24 -25 26 27 -28 29 30 31 -32 33 -34 -35 36 -37 38 -39 40 41 -42 -43 44 45 -46 47 48 -49 50
0x5229376e7116bc5a 16751 1 2 -3 -4 5 -6 -7 8 -9 -10 -11 -12 13 -14 -15 -16 17 -18 19 20 -21 22 23 24 -25 26 27 -28 29 30 31 -32 33 -34 -35 36 -37 38 -39 40 41 -42 -43 44 45 -46 47 48 -49 50
0x80c12f1239b7601b 16751 1 2 -3 -4 5 -6 -7 8 -9 -10 -11 -12 13 -14 -15 -16 17 -18 19 20 -21 22 23 24 -25 26 27 -28 29 30 31 -32 33 -34 -35 36 -37 38 -39 40 41 -42 -43 44 45 -46 47 48 -49 50
0x6b4eb4f108cbc646 16751 1 2 -3 -4 5 -6 -7 8 -9 -10 -11 -12 13 -14 -15 -16 17 -18 19 20 -21 22 23 24 -25 26 27 -28 29 30 31 -32 33 -34 -35 36 -37 38 -39 40 41 -42 -43 44 45 -46 47 48 -49 50
0x46a8ee410f47ae0a 16553 1 2 -3 -4 5 -6 -7 8 9 -10 -11 -12 13 -14 -15 -16 17 -18 19 20 -21 22 23 24 -25 26 27 -28 29 30 31 -32 -33 -34 -35 36 -37 38 -39 40 41 -42 -43 44 45 -46 47 48 -49 50
0xfff316fd52b83f65 16751 1 2 -3 -4 5 -6 -7 8 -9 -10 -11 -12 13 -14 -15 -16 17 -18 19 20 -21 22 23 24 -25 26 27 -28 29 30 31 -32 33 -34 -35 36 -37 38 -39 40 41 -42 -43 44 45 -46 47 48 -49 50
0x6d8f53a4f0f05fc7 16751 1 2 -3 -4 5 -6 -7 8 -9 -10 -11 -12 13 -14 -15 -16 17 -18 19 20 -21 22 23 24 -25 26 27 -28 29 30 31 -32 33 -34 -35 36 -37 38 -39 40 41 -42 -43 44 45 -46 47 48 -49 50
0xd61e92eea0a18204 16751 1 2 -3 -4 5 -6 -7 8 -9 -10 -11 -12 13 -14 -15 -16 17 -18 19 20 -21 22 23 24 -25 26 27 -28 29 30 31 -32 33 -34 -35 36 -37 38 -39 40 41 -42 -43 44 45 -46 47 48 -49 50
0xd95ecdb3ab49c08d 16751 1 2 -3 -4 5 -6 -7 8 -9 -10 -11 -12 13 -14 -15 -16 17 -18 19 20 -21 22 23 24 -25 26 27 -28 29 30 31 -32 33 -34 -35 36 -37 38 -39 40 41 -42 -43 44 45 -46 47 48 -49 50
0x4720ecc3a2fc98b7 16751 1 2 -3 -4 5 -6 -7 8 -9 -10 -11 -12 13 -14 -15 -16 17 -18 19 20 -21 22 23 24 -25 26 27 -28 29 30 31 -32 33 -34 -35 36 -37 38 -39 40 41 -42 -43 44 45 -46 47 48 -49 50
0x85d6d861f8cc843c 16751 1 2 -3 -4 5 -6 -7 8 -9 -10 -11 -12 13 -14 -15 -16 17 -18 19 20 -21 22 23 24 -25 26 27 -28 29 30 31 -32 33 -34 -35 36 -37 38 -39 40 41 -42 -43 44 45 -46 47 48 -49 50
0xc722d7c537a3a2b9 16751 1 2 -3 -4 5 -6 -7 8 -9 -10 -11 -12 13 -14 -15 -16 17 -18 19 20 -21 22 23 24 -25 26 27 -28 29 30 31 -32 33 -34 -35 36 -37 38 -39 40 41 -42 -43 44 45 -46 47 48 -49 50
0xd8b64096cec17331 16751 1 2 -3 -4 5 -6 -7 8 -9 -10 -11 -12 13 -14 -15 -16 17 -18 19 20 -21 22 23 24 -25 26 27 -28 29 30 31 -32 33 -34 -35 36 -37 38 -39 40 41 -42 -43 44 45 -46 47 48 -49 50