0xffcc52c4ce26dc50 19650 -1 2 3 4 -5 6 -7 8 -9 10 11 -12 13 -14 -15 -16 -17 18 -19 20 -21 -22 -23 -24 25 -26 27 28 29 30 31 -32 33 -34 -35 -36 -37 -38 39 40 41 -42 -43 44 -45 -46 47 48 49 50
0x451cdd56f7803237 19650 -1 2 3 4 -5 6 -7 8 -9 10 11 -12 13 -14 -15 -16 -17 18 -19 20 -21 -22 -23 -24 25 -26 27 28 29 30 31 -32 33 -34 -35 -36 -37 -38 39 40 41 -42 -43 44 -45 -46 47 48 49 50
0x8a435a18cdbd4b38 19650 -1 2 3 4 -5 6 -7 8 -9 10 11 -12 13 -14 -15 -16 -17 18 -19 20 -21 -22 -23 -24 25 -26 27 28 29 30 31 -32 33 -34 -35 -36 -37 -38 39 40 41 -42 -43 44 -45 -46 47 48 49 50
0xd0b77f22f3b8a23e 19650 -1 2 3 4 -5 6 -7 8 -9 10 11 -12 13 -14 -15 -16 -17 18 -19 20 -21 -22 -23 -24 25 -26 27 28 29 30 31 -32 33 -34 -35 -36 -37 -38 39 40 41 -42 -43 44 -45 -46 47 48 49 50
0xb5d1486a386855a7 19650 -1 2 3 4 -5 6 -7 8 -9 10 11 -12 13 -14 -15 -16 -17 18 -19 20 -21 -22 -23 -24 25 -26 27 28 29 30 31 -32 33 -34 -35 -36 -37 -38 39 40 41 -42 -43 44 -45 -46 47 48 49 50
0xe095f32f02854e96 19650 -1 2 3 4 -5 6 -7 8 -9 10 11 -12 13 -14 -15 -16 -17 18 -19 20 -21 -22 -23 -24 25 -26 27 28 29 30 31 -32 33 -34 -35 -36 -37 -38 39 40 41 -42 -43 44 -45 -46 47 48 49 50
0x4d6480a9066dc5ec 19650 -1 2 3 4 -5 6 -7 8 -9 10 11 -12 13 -14 -15 -16 -17 18 -19 20 -21 -22 -23 -24 25 -26 27 28 29 30 31 -32 33 -34 -35 -36 -37 -38 39 40 41 -42 -43 44 -45 -46 47 48 49 50
0x3089c67608b53a46 19650 -1 2 3 4 -5 6 -7 8 -9 10 11 -12 13 -14 -15 -16 -17 18 -19 20 -21 -22 -23 -24 25 -26 27 28 29 30 31 -32 33 -34 -35 -36 -37 -38 39 40 41 -42 -43 44 -45 -46 47 48 49 50
0x55b2bb85313ed306 19650 -1 2 3 4 -5 6 -7 8 -9 10 11 -12 13 -14 -15 -16 -17 18 -19 20 -21 -22 -23 -24 25 -26 27 28 29 30 31 -32 33 -34 -35 -36 -37 -38 39 40 41 -42 -43 44 -45 -46 47 48 49 50
0x4fa56b9901c20dd4 19650 -1 2 3 4 -5 6 -7 8 -9 10 11 -12 13 -14 -15 -16 -17 18 -19 20 -21 -22 -23 -24 25 -26 27 28 29 30 31 -32 33 -34 -35 -36 -37 -38 39 40 41 -42 -43 44 -45 -46 47 48 49 50
0x5294bacbc719fc19 19650 -1 2 3 4 -5 6 -7 8 -9 10 11 -12 13 -14 -15 -16 -17 18 -19 20 -21 -22 -23 -24 25 -26 27 28 29 30 31 -32 33 -34 -35 -36 -37 -38 39 40 41 -42 -43 44 -45 -46 47 48 49 50
0xa69701328417b1ce 19650 -1 2 3 4 -5 6 -7 8 -9 10 11 -12 13 -14 -15 -16 -17 18 -19 20 -21 -22 -23 -24 25 -26 27 28 29 30 31 -32 33 -34 -35 -36 -37 -38 39 40 41 -42 -43 44 -45 -46 47 48 49 50
0x5db401f32a7a2141 19650 -1 2 3 4 -5 6 -7 8 -9 10 11 -12 13 -14 -15 -16 -17 18 -19 20 -21 -22 -23 -24 25 -26 27 28 29 30 31 -32 33 -34 -35 -36 -37 -38 39 40 41 -42 -43 44 -45 -46 47 48 49 50
0x179ece47ce4e5271 19650 -1 2 3 4 -5 6 -7 8 -9 10 11 -12 13 -14 -15 -16 -17 18 -19 20 -21 -22 -23 -24 25 -26 27 28 29 30 31 -32 33 -34 -35 -36 -37 -38 39 40 41 -42 -43 44 -45 -46 47 48 49 50
0x977a9817959ffbf4 19650 -1 2 3 4 -5 6 -7 8 -9 10 11 -12 13 -14 -15 -16 -17 18 -19 20 -21 -22 -23 -24 25 -26 27 28 29 30 31 -32 33 -34 -35 -36 -37 -38 39 40 41 -42 -43 44 -45 -46 47 48 49 50
0x2f972017c840c117 19650 -1 2 3 4 -5 6 -7 8 -9 10 11 -12 13 -14 -15 -16 -17 18 -19 20 -21 -22 -23 -24 25 -26 27 28 29 30 31 -32 33 -34 -35 -36 -37 -38 39 40 41 -42 -43 44 -45 -46 47 48 49 50
0x2305d3fc39eb3e43 19650 -1 2 3 4 -5 6 -7 8 -9 10 11 -12 13 -14 -15 -16 -17 18 -19 20 -21 -22 -23 -24 25 -26 27 28 29 30 31 -32 33 -34 -35 -36 -37 -38 39 40 41 -42 -43 44 -45 -46 47 48 49 50
0x33872a2adceecbbf 19650 -1 2 3 4 -5 6 -7 8 -9 10 11 -12 13 -14 -15 -16 -17 18 -19 20 -21 -22 -23 -24 25 -26 27 28 29 30 31 -32 33 -34 -35 -36 -37 -38 39 40 41 -42 -43 44 -45 -46 47 48 49 50
0xbe2dff20bc434aa3 19650 -1 2 3 4 -5 6 -7 8 -9 10 11 -12 13 -14 -15 -16 -17 18 -19 20 -21 -22 -23 -24 25 -26 27 28 29 30 31 -32 33 -34 -35 -36 -37 -38 39 40 41 -42 -43 44 -45 -46 47 48 49 50
0x8e65921b3da93894 19650 -1 2 3 4 -5 6 -7 8 -9 10 11 -12 13 -14 -15 -16 -17 18 -19 20 -21 -22 -23 -24 25 -26 27 28 29 30 31 -32 33 -34 -35 -36 -37 -38 39 40 41 -42 -43 44 -45 -46 47 48 49 50
0xfcd3a847e46cc84f 19650 -1 2 3 4 -5 6 -7 8 -9 10 11 -12 13 -14 -15 -16 -17 18 -19 20 -21 -22 -23 -24 25 -26 27 28 29 30 31 -32 33 -34 -35 -36 -37 -38 39 40 41 -42 -43 44 -45 -46 47 48 49 50
0xf753a940c5d0a89b 19650 -1 2 3 4 -5 6 -7 8 -9 10 11 -12 13 -14 -15 -16 -17 18 -19 20 -21 -22 -23 -24 25 -26 27 28 29 30 31 -32 33 -34 -35 -36 -37 -38 39 40 41 -42 -43 44 -45 -46 47 48 49 50
0xe4cdee0dba425513 19650 -1 2 3 4 -5 6 -7 8 -9 10 11 -12 13 -14 -15 -16 -17 18 -19 20 -21 -22 -23 -24 25 -26 27 28 29 30 31 -32 33 -34 -35 -36 -37 -38 39 40 41 -42 -43 44 -45 -46 47 48 49 50
0xdd32858c5f442c96 19650 -1 2 3 4 -5 6 -7 8 -9 10 11 -12 13 -14 -15 -16 -17 18 -19 20 -21 -22 -23 -24 25 -26 27 28 29 30 31 -32 33 -34 -35 -36 -37 -38 39 40 41 -42 -43 44 -45 -46 47 48 49 50
0xac23592ac8603c43 19650 -1 2 3 4 -5 6 -7 8 -9 10 11 -12 13 -14 -15 -16 -17 18 -19 20 -21 -22 -23 -24 25 -26 27 28 29 30 31 -32 33 -34 -35 -36 -37 -38 39 40 41 -42 -43 44 -45 -46 47 48 49 50
0x878cc73db3d7855a 19650 -1 2 3 4 -5 6 -7 8 -9 10 11 -12 13 -14 -15 -16 -17 18 -19 20 -21 -22 -23 -24 25 -26 27 28 29 30 31 -32 33 -34 -35 -36 -37 -38 39 40 41 -42 -43 44 -45 -46 47 48 49 50
0xeda0854531bf1d0a 19650 -1 2 3 4 -5 6 -7 8 -9 10 11 -12 13 -14 -15 -16 -17 18 -19 20 -21 -22 -23 -24 25 -26 27 28 29 30 31 -32 33 -34 -35 -36 -37 -38 39 40 41 -42 -43 44 -45 -46 47 48 49 50
0x92be50d1d6f96341 19650 -1 2 3 4 -5 6 -7 8 -9 10 11 -12 13 -14 -15 -16 -17 18 -19 20 -21 -22 -23 -24 25 -26 27 28 29 30 31 -32 33 -34 -35 -36 -37 -38 39 40 41 -42 -43 44 -45 -46 47 48 49 50
0x5aa8c1a8757a5814 19650 -1 2 3 4 -5 6 -7 8 -9 10 11 -12 13 -14 -15 -16 -17 18 -19 20 -21 -22 -23 -24 25 -26 27 28 29 30 31 -32 33 -34 -35 -36 -37 -38 39 40 41 -42 -43 44 -45 -46 47 48 49 50
0x9b8d3297d1eca5ae 19650 -1 2 3 4 -5 6 -7 8 -9 10 11 -12 13 -14 -15 -16 -17 18 -19 20 -21 -22 -23 -24 25 -26 27 28 29 30 31 -32 33 -34 -35 -36 -37 -38 39 40 41 -42 -43 44 -45 -46 47 48 49 50