0xbd65a78990600e59 23922 -1 2 3 4 5 6 7 8 -9 -10 11 -12 13 14 15 -16 17 -18 -19 20 21 22 23 -24 25 26 -27 -28 -29 -30 31 -32 33 -34 -35 36 37 -38 39 40 -41 -42 -43 -44 45 -46 47 48 49 -50
0xa50cf99a280f7ffb 23922 -1 2 3 4 5 6 7 8 -9 -10 11 -12 13 14 15 -16 17 -18 -19 20 21 22 23 -24 25 26 -27 -28 -29 -30 31 -32 33 -34 -35 36 37 -38 39 40 -41 -42 -43 -44 45 -46 47 48 49 -50
0xd3a7201812382f79 23922 -1 2 3 4 5 6 7 8 -9 -10 11 -12 13 14 15 -16 17 -18 -19 20 21 22 23 -24 25 26 -27 -28 -29 -30 31 -32 33 -34 -35 36 37 -38 39 40 -41 -42 -43 -44 45 -46 47 48 49 -50
0xa6eda8941652e7c3 23922 -1 2 3 4 5 6 7 8 -9 -10 11 -12 13 14 15 -16 17 -18 -19 20 21 22 23 -24 25 26 -27 -28 -29 -30 31 -32 33 -34 -35 36 37 -38 39 40 -41 -42 -43 -44 45 -46 47 48 49 -50
0x609f1b2806d554da 23922 -1 2 3 4 5 6 7 8 -9 -10 11 -12 13 14 15 -16 17 -18 -19 20 21 22 23 -24 25 26 -27 -28 -29 -30 31 -32 33 -34 -35 36 37 -38 39 40 -41 -42 -43 -44 45 -46 47 48 49 -50
0x72acf6af2480e652 23922 -1 2 3 4 5 6 7 8 -9 -10 11 -12 13 14 15 -16 17 -18 -19 20 21 22 23 -24 25 26 -27 -28 -29 -30 31 -32 33 -34 -35 36 37 -38 39 40 -41 -42 -43 -44 45 -46 47 48 49 -50
0x8498e37ffa17cf38 23922 -1 2 3 4 5 6 7 8 -9 -10 11 -12 13 14 15 -16 17 -18 -19 20 21 22 23 -24 25 26 -27 -28 -29 -30 31 -32 33 -34 -35 36 37 -38 39 40 -41 -42 -43 -44 45 -46 47 48 49 -50
0x30cc394dd9a00495 23922 -1 2 3 4 5 6 7 8 -9 -10 11 -12 13 14 15 -16 17 -18 -19 20 21 22 23 -24 25 26 -27 -28 -29 -30 31 -32 33 -34 -35 36 37 -38 39 40 -41 -42 -43 -44 45 -46 47 48 49 -50
0x2e5215008987130e 23922 -1 2 3 4 5 6 7 8 -9 -10 11 -12 13 14 15 -16 17 -18 -19 20 21 22 23 -24 25 26 -27 -28 -29 -30 31 -32 33 -34 -35 36 37 -38 39 40 -41 -42 -43 -44 45 -46 47 48 49 -50
0x357ac0bdf9a37be1 23922 -1 2 3 4 5 6 7 8 -9 -10 11 -12 13 14 15 -16 17 -18 -19 20 21 22 23 -24 25 26 -27 -28 -29 -30 31 -32 33 -34 -35 36 37 -38 39 40 -41 -42 -43 -44 45 -46 47 48 49 -50
0xfe82b90f91e18b6e 23922 -1 2 3 4 5 6 7 8 -9 -10 11 -12 13 14 15 -16 17 -18 -19 20 21 22 23 -24 25 26 -27 -28 -29 -30 31 -32 33 -34 -35 36 37 -38 39 40 -41 -42 -43 -44 45 -46 47 48 49 -50
0x669fc748d1d1afb 23922 -1 2 3 4 5 6 7 8 -9 -10 11 -12 13 14 15 -16 17 -18 -19 20 21 22 23 -24 25 26 -27 -28 -29 -30 31 -32 33 -34 -35 36 37 -38 39 40 -41 -42 -43 -44 45 -46 47 48 49 -50
0x361adae04d14ea32 23922 -1 2 3 4 5 6 7 8 -9 -10 11 -12 13 14 15 -16 17 -18 -19 20 21 22 23 -24 25 26 -27 -28 -29 -30 31 -32 33 -34 -35 36 37 -38 39 40 -41 -42 -43 -44 45 -46 47 48 49 -50
0xa79a15389635089f 23922 -1 2 3 4 5 6 7 8 -9 -10 11 -12 13 14 15 -16 17 -18 -19 20 21 22 23 -24 25 26 -27 -28 -29 -30 31 -32 33 -34 -35 36 37 -38 39 40 -41 -42 -43 -44 45 -46 47 48 49 -50
0xa28e4cd88d6e4f34 23922 -1 2 3 4 5 6 7 8 -9 -10 11 -12 13 14 15 -16 17 -18 -19 20 21 22 23 -24 25 26 -27 -28 -29 -30 31 -32 33 -34 -35 36 37 -38 39 40 -41 -42 -43 -44 45 -46 47 48 49 -50
0xe4acc30fcc90e9c7 23922 -1 2 3 4 5 6 7 8 -9 -10 11 -12 13 14 15 -16 17 -18 -19 20 21 22 23 -24 25 26 -27 -28 -29 -30 31 -32 33 -34 -35 36 37 -38 39 40 -41 -42 -43 -44 45 -46 47 48 49 -50
0xbdd968a273dff091 23922 -1 2 3 4 5 6 7 8 -9 -10 11 -12 13 14 15 -16 17 -18 -19 20 21 22 23 -24 25 26 -27 -28 -29 -30 31 -32 33 -34 -35 36 37 -38 39 40 -41 -42 -43 -44 45 -46 47 48 49 -50
0x73083d42c9d411af 23922 -1 2 3 4 5 6 7 8 -9 -10 11 -12 13 14 15 -16 17 -18 -19 20 21 22 23 -24 25 26 -27 -28 -29 -30 31 -32 33 -34 -35 36 37 -38 39 40 -41 -42 -43 -44 45 -46 47 48 49 -50
0x428e7005a472d395 23922 -1 2 3 4 5 6 7 8 -9 -10 11 -12 13 14 15 -16 17 -18 -19 20 21 22 23 -24 25 26 -27 -28 -29 -30 31 -32 33 -34 -35 36 37 -38 39 40 -41 -42 -43 -44 45 -46 47 48 49 -50
0xb3a72c0cf549a737 23922 -1 2 3 4 5 6 7 8 -9 -10 11 -12 13 14 15 -16 17 -18 -19 20 21 22 23 -24 25 26 -27 -28 -29 -30 31 -32 33 -34 -35 36 37 -38 39 40 -41 -42 -43 -44 45 -46 47 48 49 -50
0xdcce47aca40551aa 23922 -1 2 3 4 5 6 7 8 -9 -10 11 -12 13 14 15 -16 17 -18 -19 20 21 22 23 -24 25 26 -27 -28 -29 -30 31 -32 33 -34 -35 36 37 -38 39 40 -41 -42 -43 -44 45 -46 47 48 49 -50
0xb2a2cd62af71a990 23922 -1 2 3 4 5 6 7 8 -9 -10 11 -12 13 14 15 -16 17 -18 -19 20 21 22 23 -24 25 26 -27 -28 -29 -30 31 -32 33 -34 -35 36 37 -38 39 40 -41 -42 -43 -44 45 -46 47 48 49 -50
0xda1712d338daadc8 23922 -1 2 3 4 5 6 7 8 -9 -10 11 -12 13 14 15 -16 17 -18 -19 20 21 22 23 -24 25 26 -27 -28 -29 -30 31 -32 33 -34 -35 36 37 -38 39 40 -41 -42 -43 -44 45 -46 47 48 49 -50
0x628a2cb7e3f5b0b7 23922 -1 2 3 4 5 6 7 8 -9 -10 11 -12 13 14 15 -16 17 -18 -19 20 21 22 23 -24 25 26 -27 -28 -29 -30 31 -32 33 -34 -35 36 37 -38 39 40 -41 -42 -43 -44 45 -46 47 48 49 -50
0xa09fca604dfecdc5 23922 -1 2 3 4 5 6 7 8 -9 -10 11 -12 13 14 15 -16 17 -18 -19 20 21 22 23 -24 25 26 -27 -28 -29 -30 31 -32 33 -34 -35 36 37 -38 39 40 -41 -42 -43 -44 45 -46 47 48 49 -50
0x5e71e12d4cf3eedf 23922 -1 2 3 4 5 6 7 8 -9 -10 11 -12 13 14 15 -16 17 -18 -19 20 21 22 23 -24 25 26 -27 -28 -29 -30 31 -32 33 -34 -35 36 37 -38 39 40 -41 -42 -43 -44 45 -46 47 48 49 -50
0xdd1a2814f61361f5 23922 -1 2 3 4 5 6 7 8 -9 -10 11 -12 13 14 15 -16 17 -18 -19 20 21 22 23 -24 25 26 -27 -28 -29 -30 31 -32 33 -34 -35 36 37 -38 39 40 -41 -42 -43 -44 45 -46 47 48 49 -50
0x50d163202f03fe7b 23922 -1 2 3 4 5 6 7 8 -9 -10 11 -12 13 14 15 -16 17 -18 -19 20 21 22 23 -24 25 26 -27 -28 -29 -30 31 -32 33 -34 -35 36 37 -38 39 40 -41 -42 -43 -44 45 -46 47 48 49 -50
0xe6227eee294cdaea 23922 -1 2 3 4 5 6 7 8 -9 -10 11 -12 13 14 15 -16 17 -18 -19 20 21 22 23 -24 25 26 -27 -28 -29 -30 31 -32 33 -34 -35 36 37 -38 39 40 -41 -42 -43 -44 45 -46 47 48 49 -50
0xfbef7c309c02923e 23922 -1 2 3 4 5 6 7 8 -9 -10 11 -12 13 14 15 -16 17 -18 -19 20 21 22 23 -24 25 26 -27 -28 -29 -30 31 -32 33 -34 -35 36 37 -38 39 40 -41 -42 -43 -44 45 -46 47 48 49 -50