0x96f3fc0a6cf73f1c 21928 1 2 -3 -4 5 6 7 8 -9 10 -11 -12 13 -14 15 16 -17 18 19 -20 -21 -22 23 24 -25 26 27 -28 29 30 -31 -32 -33 34 35 -36 -37 38 39 40 -41 -42 43 44 45 46 -47 -48 -49 -50
0x7d47c42454afe800 21928 1 2 -3 -4 5 6 7 8 -9 10 -11 -12 13 -14 15 16 -17 18 19 -20 -21 -22 23 24 -25 26 27 -28 29 30 -31 -32 -33 34 35 -36 -37 38 39 40 -41 -42 43 44 45 46 -47 -48 -49 -50
0xa4112cdb8f257322 21928 1 2 -3 -4 5 6 7 8 -9 10 -11 -12 13 -14 15 16 -17 18 19 -20 -21 -22 23 24 -25 26 27 -28 29 30 -31 -32 -33 34 35 -36 -37 38 39 40 -41 -42 43 44 45 46 -47 -48 -49 -50
0xacac22ac4b6518f7 21928 1 2 -3 -4 5 6 7 8 -9 10 -11 -12 13 -14 15 16 -17 18 19 -20 -21 -22 23 24 -25 26 27 -28 29 30 -31 -32 -33 34 35 -36 -37 38 39 40 -41 -42 43 44 45 46 -47 -48 -49 -50
0xe66015a87daa9c33 21928 1 2 -3 -4 5 6 7 8 -9 10 -11 -12 13 -14 15 16 -17 18 19 -20 -21 -22 23 24 -25 26 27 -28 29 30 -31 -32 -33 34 35 -36 -37 38 39 40 -41 -42 43 44 45 46 -47 -48 -49 -50
0x4843e012b8d327a 21928 1 2 -3 -4 5 6 7 8 -9 10 -11 -12 13 -14 15 16 -17 18 19 -20 -21 -22 23 24 -25 26 27 -28 29 30 -31 -32 -33 34 35 -36 -37 38 39 40 -41 -42 43 44 45 46 -47 -48 -49 -50
0x31df93daefa58a82 21928 1 2 -3 -4 5 6 7 8 -9 10 -11 -12 13 -14 15 16 -17 18 19 -20 -21 -22 23 24 -25 26 27 -28 29 30 -31 -32 -33 34 35 -36 -37 38 39 40 -41 -42 43 44 45 46 -47 -48 -49 -50
0x80165cb309524643 21928 1 2 -3 -4 5 6 7 8 -9 10 -11 -12 13 -14 15 16 -17 18 19 -20 -21 -22 23 24 -25 26 27 -28 29 30 -31 -32 -33 34 35 -36 -37 38 39 40 -41 -42 43 44 45 46 -47 -48 -49 -50
0xd1d7ba9f306f9cd0 21928 1 2 -3 -4 5 6 7 8 -9 10 -11 -12 13 -14 15 16 -17 18 19 -20 -21 -22 23 24 -25 26 27 -28 29 30 -31 -32 -33 34 35 -36 -37 38 39 40 -41 -42 43 44 45 46 -47 -48 -49 -50
0xd0adc045c88cd2e5 21928 1 2 -3 -4 5 6 7 8 -9 10 -11 -12 13 -14 15 16 -17 18 19 -20 -21 -22 23 24 -25 26 27 -28 29 30 -31 -32 -33 34 35 -36 -37 38 39 40 -41 -42 43 44 45 46 -47 -48 -49 -50
0xd5ba7225439f9c7f 21928 1 2 -3 -4 5 6 7 8 -9 10 -11 -12 13 -14 15 16 -17 18 19 -20 -21 -22 23 24 -25 26 27 -28 29 30 -31 -32 -33 34 35 -36 -37 38 39 40 -41 -42 43 44 45 46 -47 -48 -49 -50
0x96836a0a639dba61 21928 1 2 -3 -4 5 6 7 8 -9 10 -11 -12 13 -14 15 16 -17 18 19 -20 -21 -22 23 24 -25 26 27 -28 29 30 -31 -32 -33 34 35 -36 -37 38 39 40 -41 -42 43 44 45 46 -47 -48 -49 -50
0x98a4a9a012b2791 21928 1 2 -3 -4 5 6 7 8 -9 10 -11 -12 13 -14 15 16 -17 18 19 -20 -21 -22 23 24 -25 26 27 -28 29 30 -31 -32 -33 34 35 -36 -37 38 39 40 -41 -42 43 44 45 46 -47 -48 -49 -50
0xd4d002cd4222d6d9 21928 1 2 -3 -4 5 6 7 8 -9 10 -11 -12 13 -14 15 16 -17 18 19 -20 -21 -22 23 24 -25 26 27 -28 29 30 -31 -32 -33 34 35 -36 -37 38 39 40 -41 -42 43 44 45 46 -47 -48 -49 -50
0x31a0e16deb000048 21928 1 2 -3 -4 5 6 7 8 -9 10 -11 -12 13 -14 15 16 -17 18 19 -20 -21 -22 23 24 -25 26 27 -28 29 30 -31 -32 -33 34 35 -36 -37 38 39 40 -41 -42 43 44 45 46 -47 -48 -49 -50
0x8247789d8e6dfeb1 21928 1 2 -3 -4 5 6 7 8 -9 10 -11 -12 13 -14 15 16 -17 18 19 -20 -21 -22 23 24 -25 26 27 -28 29 30 -31 -32 -33 34 35 -36 -37 38 39 40 -41 -42 43 44 45 46 -47 -48 -49 -50
0xdf84514fce84bd28 21928 1 2 -3 -4 5 6 7 8 -9 10 -11 -12 13 -14 15 16 -17 18 19 -20 -21 -22 23 24 -25 26 27 -28 29 30 -31 -32 -33 34 35 -36 -37 38 39 40 -41 -42 43 44 45 46 -47 -48 -49 -50
0xa4e86eccab77b48a 21928 1 2 -3 -4 5 6 7 8 -9 10 -11 -12 13 -14 15 16 -17 18 19 -20 -21 -22 23 24 -25 26 27 -28 29 30 -31 -32 -33 34 35 -36 -37 38 39 40 -41 -42 43 44 45 46 -47 -48 -49 -50
0x7c70a22ffbbd78f5 21928 1 2 -3 -4 5 6 7 8 -9 10 -11 -12 13 -14 15 16 -17 18 19 -20 -21 -22 23 24 -25 26 27 -28 29 30 -31 -32 -33 34 35 -36 -37 38 39 40 -41 -42 43 44 45 46 -47 -48 -49 -50
0xa46420b09ddd4ce 21928 1 2 -3 -4 5 6 7 8 -9 10 -11 -12 13 -14 15 16 -17 18 19 -20 -21 -22 23 24 -25 26 27 -28 29 30 -31 -32 -33 34 35 -36 -37 38 39 40 -41 -42 43 44 45 46 -47 -48 -49 -50
0xc895393ae51482b0 21928 1 2 -3 -4 5 6 7 8 -9 10 -11 -12 13 -14 15 16 -17 18 19 -20 -21 -22 23 24 -25 26 27 -28 29 30 -31 -32 -33 34 35 -36 -37 38 39 40 -41 -42 43 44 45 46 -47 -48 -49 -50
0x1a04148eaa1fdfd1 21928 1 2 -3 -4 5 6 7 8 -9 10 -11 -12 13 -14 15 16 -17 18 19 -20 -21 -22 23 24 -25 26 27 -28 29 30 -31 -32 -33 34 35 -36 -37 38 39 40 -41 -42 43 44 45 46 -47 -48 -49 -50
0xf3c1fca1c126bdd5 21928 1 2 -3 -4 5 6 7 8 -9 10 -11 -12 13 -14 15 16 -17 18 19 -20 -21 -22 23 24 -25 26 27 -28 29 30 -31 -32 -33 34 35 -36 -37 38 39 40 -41 -42 43 44 45 46 -47 -48 -49 -50
0x3a71802f263ec079 21928 1 2 -3 -4 5 6 7 8 -9 10 -11 -12 13 -14 15 16 -17 18 19 -20 -21 -22 23 24 -25 26 27 -28 29 30 -31 -32 -33 34 35 -36 -37 38 39 40 -41 -42 43 44 45 46 -47 -48 -49 -50
0xdcd878ab3e019664 21928 1 2 -3 -4 5 6 7 8 -9 10 -11 -12 13 -14 15 16 -17 18 19 -20 -21 -22 23 24 -25 26 27 -28 29 30 -31 -32 -33 34 35 -36 -37 38 39 40 -41 -42 43 44 45 46 -47 -48 -49 -50
0x64951a2a94658987 21928 1 2 -3 -4 5 6 7 8 -9 10 -11 -12 13 -14 15 16 -17 18 19 -20 -21 -22 23 24 -25 26 27 -28 29 30 -31 -32 -33 34 35 -36 -37 38 39 40 -41 -42 43 44 45 46 -47 -48 -49 -50
0x1e77440ad2a8bbd8 21928 1 2 -3 -4 5 6 7 8 -9 10 -11 -12 13 -14 15 16 -17 18 19 -20 -21 -22 23 24 -25 26 27 -28 29 30 -31 -32 -33 34 35 -36 -37 38 39 40 -41 -42 43 44 45 46 -47 -48 -49 -50
0xc9e413cd4b42a500 21928 1 2 -3 -4 5 6 7 8 -9 10 -11 -12 13 -14 15 16 -17 18 19 -20 -21 -22 23 24 -25 26 27 -28 29 30 -31 -32 -33 34 35 -36 -37 38 39 40 -41 -42 43 44 45 46 -47 -48 -49 -50
0x551dcc596dbcc9bd 21928 1 2 -3 -4 5 6 7 8 -9 10 -11 -12 13 -14 15 16 -17 18 19 -20 -21 -22 23 24 -25 26 27 -28 29 30 -31 -32 -33 34 35 -36 -37 38 39 40 -41 -42 43 44 45 46 -47 -48 -49 -50
0x846f714098776d3a 21928 1 2 -3 -4 5 6 7 8 -9 10 -11 -12 13 -14 15 16 -17 18 19 -20 -21 -22 23 24 -25 26 27 -28 29 30 -31 -32 -33 34 35 -36 -37 38 39 40 -41 -42 43 44 45 46 -47 -48 -49 -50