0x49bca81841f0d8fc 25255 1 2 -3 4 5 6 7 8 9 10 -11 -12 -13 14 15 16 -17 18 -19 20 21 -22 -23 24 -25 26 27 28 29 -30 31 32 33 34 -35 36 37 -38 39 40 41 -42 43 -44 -45 46 47 48 49 50
0xb5bc4bb0643fff47 25283 -1 2 -3 4 5 6 7 8 9 10 -11 -12 -13 14 15 16 -17 18 -19 20 21 -22 -23 24 -25 26 27 28 29 30 31 32 33 34 -35 36 37 -38 39 40 41 -42 43 -44 -45 46 47 48 49 50
0xae31edfb02a34966 25283 -1 2 -3 4 5 6 7 8 9 10 -11 -12 -13 14 15 16 -17 18 -19 20 21 -22 -23 24 -25 26 27 28 29 30 31 32 33 34 -35 36 37 -38 39 40 41 -42 43 -44 -45 46 47 48 49 50
0x49222245d841f8e3 25255 1 2 -3 4 5 6 7 8 9 10 -11 -12 -13 14 15 16 -17 18 -19 20 21 -22 -23 24 -25 26 27 28 29 -30 31 32 33 34 -35 36 37 -38 39 40 41 -42 43 -44 -45 46 47 48 49 50
0x2d4100cbb630a54f 25283 -1 2 -3 4 5 6 7 8 9 10 -11 -12 -13 14 15 16 -17 18 -19 20 21 -22 -23 24 -25 26 27 28 29 30 31 32 33 34 -35 36 37 -38 39 40 41 -42 43 -44 -45 46 47 48 49 50
0x8bb0dc9c232bdc9d 25283 -1 2 -3 4 5 6 7 8 9 10 -11 -12 -13 14 15 16 -17 18 -19 20 21 -22 -23 24 -25 26 27 28 29 30 31 32 33 34 -35 36 37 -38 39 40 41 -42 43 -44 -45 46 47 48 49 50
0x5efc84a6adfc6f8b 25283 -1 2 -3 4 5 6 7 8 9 10 -11 -12 -13 14 15 16 -17 18 -19 20 21 -22 -23 24 -25 26 27 28 29 30 31 32 33 34 -35 36 37 -38 39 40 41 -42 43 -44 -45 46 47 48 49 50
0xf465d88e89465c 25283 -1 2 -3 4 5 6 7 8 9 10 -11 -12 -13 14 15 16 -17 18 -19 20 21 -22 -23 24 -25 26 27 28 29 30 31 32 33 34 -35 36 37 -38 39 40 41 -42 43 -44 -45 46 47 48 49 50
0x77d4af2f18fcb69d 25283 -1 2 -3 4 5 6 7 8 9 10 -11 -12 -13 14 15 16 -17 18 -19 20 21 -22 -23 24 -25 26 27 28 29 30 31 32 33 34 -35 36 37 -38 39 40 41 -42 43 -44 -45 46 47 48 49 50
0x5d72686c6afa54b2 25283 -1 2 -3 4 5 6 7 8 9 10 -11 -12 -13 14 15 16 -17 18 -19 20 21 -22 -23 24 -25 26 27 28 29 30 31 32 33 34 -35 36 37 -38 39 40 41 -42 43 -44 -45 46 47 48 49 50
0xcd8e0113fb4f86a9 25283 -1 2 -3 4 5 6 7 8 9 10 -11 -12 -13 14 15 16 -17 18 -19 20 21 -22 -23 24 -25 26 27 28 29 30 31 32 33 34 -35 36 37 -38 39 40 41 -42 43 -44 -45 46 47 48 49 50
0x1af5541779debb0a 25283 -1 2 -3 4 5 6 7 8 9 10 -11 -12 -13 14 15 16 -17 18 -19 20 21 -22 -23 24 -25 26 27 28 29 30 31 32 33 34 -35 36 37 -38 39 40 41 -42 43 -44 -45 46 47 48 49 50
0x7e44746e1c4c3fef 25283 -1 2 -3 4 5 6 7 8 9 10 -11 -12 -13 14 15 16 -17 18 -19 20 21 -22 -23 24 -25 26 27 28 29 30 31 32 33 34 -35 36 37 -38 39 40 41 -42 43 -44 -45 46 47 48 49 50
0x876482a134a398b1 25283 -1 2 -3 4 5 6 7 8 9 10 -11 -12 -13 14 15 16 -17 18 -19 20 21 -22 -23 24 -25 26 27 28 29 30 31 32 33 34 -35 36 37 -38 39 40 41 -42 43 -44 -45 46 47 48 49 50
0x81f686542004efdc 25283 -1 2 -3 4 5 6 7 8 9 10 -11 -12 -13 14 15 16 -17 18 -19 20 21 -22 -23 24 -25 26 27 28 29 30 31 32 33 34 -35 36 37 -38 39 40 41 -42 43 -44 -45 46 47 48 49 50
0xddb9ad5ab2a8bd7a 25255 1 2 -3 4 5 6 7 8 9 10 -11 -12 -13 14 15 16 -17 18 -19 20 21 -22 -23 24 -25 26 27 28 29 -30 31 32 33 34 -35 36 37 -38 39 40 41 -42 43 -44 -45 46 47 48 49 50
0x1bf3aa7b3b714d77 25255 1 2 -3 4 5 6 7 8 9 10 -11 -12 -13 14 15 16 -17 18 -19 20 21 -22 -23 24 -25 26 27 28 29 -30 31 32 33 34 -35 36 37 -38 39 40 41 -42 43 -44 -45 46 47 48 49 50
0x39b3a4f0af97b925 25283 -1 2 -3 4 5 6 7 8 9 10 -11 -12 -13 14 15 16 -17 18 -19 20 21 -22 -23 24 -25 26 27 28 29 30 31 32 33 34 -35 36 37 -38 39 40 41 -42 43 -44 -45 46 47 48 49 50
0xd3ca77ea8e6bf0ba 25283 -1 2 -3 4 5 6 7 8 9 10 -11 -12 -13 14 15 16 -17 18 -19 20 21 -22 -23 24 -25 26 27 28 29 30 31 32 33 34 -35 36 37 -38 39 40 41 -42 43 -44 -45 46 47 48 49 50
0x9affade7a1f5d74a 25283 -1 2 -3 4 5 6 7 8 9 10 -11 -12 -13 14 15 16 -17 18 -19 20 21 -22 -23 24 -25 26 27 28 29 30 31 32 33 34 -35 36 37 -38 39 40 41 -42 43 -44 -45 46 47 48 49 50
0xb81cef1d3e13ec3f 25283 -1 2 -3 4 5 6 7 8 9 10 -11 -12 -13 14 15 16 -17 18 -19 20 21 -22 -23 24 -25 26 27 28 29 30 31 32 33 34 -35 36 37 -38 39 40 41 -42 43 -44 -45 46 47 48 49 50
0xa3260370876ecbe8 25283 -1 2 -3 4 5 6 7 8 9 10 -11 -12 -13 14 15 16 -17 18 -19 20 21 -22 -23 24 -25 26 27 28 29 30 31 32 33 34 -35 36 37 -38 39 40 41 -42 43 -44 -45 46 47 48 49 50
0x4e0648e13ac70d9d 25283 -1 2 -3 4 5 6 7 8 9 10 -11 -12 -13 14 15 16 -17 18 -19 20 21 -22 -23 24 -25 26 27 28 29 30 31 32 33 34 -35 36 37 -38 39 40 41 -42 43 -44 -45 46 47 48 49 50
0x5ecb835fa35dcc45 25283 -1 2 -3 4 5 6 7 8 9 10 -11 -12 -13 14 15 16 -17 18 -19 20 21 -22 -23 24 -25 26 27 28 29 30 31 32 33 34 -35 36 37 -38 39 40 41 -42 43 -44 -45 46 47 48 49 50
0x866240d0d4f5e13f 25283 -1 2 -3 4 5 6 7 8 9 10 -11 -12 -13 14 15 16 -17 18 -19 20 21 -22 -23 24 -25 26 27 28 29 30 31 32 33 34 -35 36 37 -38 39 40 41 -42 43 -44 -45 46 47 48 49 50
0xd897551b122a5986 25283 -1 2 -3 4 5 6 7 8 9 10 -11 -12 -13 14 15 16 -17 18 -19 20 21 -22 -23 24 -25 26 27 28 29 30 31 32 33 34 -35 36 37 -38 39 40 41 -42 43 -44 -45 46 47 48 49 50
0xb22b3df9ff5a0959 25255 1 2 -3 4 5 6 7 8 9 10 -11 -12 -13 14 15 16 -17 18 -19 20 21 -22 -23 24 -25 26 27 28 29 -30 31 32 33 34 -35 36 37 -38 39 40 41 -42 43 -44 -45 46 47 48 49 50
0xbc7ac67e6e5a29b9 25283 -1 2 -3 4 5 6 7 8 9 10 -11 -12 -13 14 15 16 -17 18 -19 20 21 -22 -23 24 -25 26 27 28 29 30 31 32 33 34 -35 36 37 -38 39 40 41 -42 43 -44 -45 46 47 48 49 50
0xa0d47a8af99d85ed 25283 -1 2 -3 4 5 6 7 8 9 10 -11 -12 -13 14 15 16 -17 18 -19 20 21 -22 -23 24 -25 26 27 28 29 30 31 32 33 34 -35 36 37 -38 39 40 41 -42 43 -44 -45 46 47 48 49 50
0x9198ea589d963900 25283 -1 2 -3 4 5 6 7 8 9 10 -11 -12 -13 14 15 16 -17 18 -19 20 21 -22 -23 24 -25 26 27 28 29 30 31 32 33 34 -35 36 37 -38 39 40 41 -42 43 -44 -45 46 47 48 49 50