0x186e128baa35f149 19822 -1 -2 3 -4 5 6 7 8 9 -10 -11 -12 -13 14 15 16 17 -18 -19 -20 21 22 23 24 25 -26 -27 28 29 30 -31 -32 33 34 -35 36 37 38 39 40 -41 -42 43 44 -45 46 -47 48 -49 50
0x24a5cc67114bd022 19822 -1 -2 3 -4 5 6 7 8 9 -10 -11 -12 -13 14 15 16 17 -18 -19 -20 21 22 23 24 25 -26 -27 28 29 30 -31 -32 33 34 -35 36 37 38 39 40 -41 -42 43 44 -45 46 -47 48 -49 50
0x87a51f4e66ba8d80 19822 -1 -2 3 -4 5 6 7 8 9 -10 -11 -12 -13 14 15 16 17 -18 -19 -20 21 22 23 24 25 -26 -27 28 29 30 -31 -32 33 34 -35 36 37 38 39 40 -41 -42 43 44 -45 46 -47 48 -49 50
0xaf613c5762287436 19822 -1 -2 3 -4 5 6 7 8 9 -10 -11 -12 -13 14 15 16 17 -18 -19 -20 21 22 23 24 25 -26 -27 28 29 30 -31 -32 33 34 -35 36 37 38 39 40 -41 -42 43 44 -45 46 -47 48 -49 50
0xe3d3b1da6dd7a290 19822 -1 -2 3 -4 5 6 7 8 9 -10 -11 -12 -13 14 15 16 17 -18 -19 -20 21 22 23 24 25 -26 -27 28 29 30 -31 -32 33 34 -35 36 37 38 39 40 -41 -42 43 44 -45 46 -47 48 -49 50
0xb1900e422e4327bb 19822 -1 -2 3 -4 5 6 7 8 9 -10 -11 -12 -13 14 15 16 17 -18 -19 -20 21 22 23 24 25 -26 -27 28 29 30 -31 -32 33 34 -35 36 37 38 39 40 -41 -42 43 44 -45 46 -47 48 -49 50
0xdbb4c41714c3fff 19822 -1 -2 3 -4 5 6 7 8 9 -10 -11 -12 -13 14 15 16 17 -18 -19 -20 21 22 23 24 25 -26 -27 28 29 30 -31 -32 33 34 -35 36 37 38 39 40 -41 -42 43 44 -45 46 -47 48 -49 50
0x75e9d2efb5b0fd88 19822 -1 -2 3 -4 5 6 7 8 9 -10 -11 -12 -13 14 15 16 17 -18 -19 -20 21 22 23 24 25 -26 -27 28 29 30 -31 -32 33 34 -35 36 37 38 39 40 -41 -42 43 44 -45 46 -47 48 -49 50
0x8d7d9977170001bc 19822 -1 -2 3 -4 5 6 7 8 9 -10 -11 -12 -13 14 15 16 17 -18 -19 -20 21 22 23 24 25 -26 -27 28 29 30 -31 -32 33 34 -35 36 37 38 39 40 -41 -42 43 44 -45 46 -47 48 -49 50
0xbb1be46fd3544160 19822 -1 -2 3 -4 5 6 7 8 9 -10 -11 -12 -13 14 15 16 17 -18 -19 -20 21 22 23 24 25 -26 -27 28 29 30 -31 -32 33 34 -35 36 37 38 39 40 -41 -42 43 44 -45 46 -47 48 -49 50
0x2a834b51615a7300 19822 -1 -2 3 -4 5 6 7 8 9 -10 -11 -12 -13 14 15 16 17 -18 -19 -20 21 22 23 24 25 -26 -27 28 29 30 -31 -32 33 34 -35 36 37 38 39 40 -41 -42 43 44 -45 46 -47 48 -49 50
0x41cc9a694bc9e5f4 19822 -1 -2 3 -4 5 6 7 8 9 -10 -11 -12 -13 14 15 16 17 -18 -19 -20 21 22 23 24 25 -26 -27 28 29 30 -31 -32 33 34 -35 36 37 38 39 40 -41 -42 43 44 -45 46 -47 48 -49 50
0x5454c97863bbb2c8 19822 -1 -2 3 -4 5 6 7 8 9 -10 -11 -12 -13 14 15 16 17 -18 -19 -20 21 22 23 24 25 -26 -27 28 29 30 -31 -32 33 34 -35 36 37 38 39 40 -41 -42 43 44 -45 46 -47 48 -49 50
0x3c1c771d6aaca064 19822 -1 -2 3 -4 5 6 7 8 9 -10 -11 -12 -13 14 15 16 17 -18 -19 -20 21 22 23 24 25 -26 -27 28 29 30 -31 -32 33 34 -35 36 37 38 39 40 -41 -42 43 44 -45 46 -47 48 -49 50
0x5889b7402ecf1303 19822 -1 -2 3 -4 5 6 7 8 9 -10 -11 -12 -13 14 15 16 17 -18 -19 -20 21 22 23 24 25 -26 -27 28 29 30 -31 -32 33 34 -35 36 37 38 39 40 -41 -42 43 44 -45 46 -47 48 -49 50
0x17a6327db6b02a47 19822 -1 -2 3 -4 5 6 7 8 9 -10 -11 -12 -13 14 15 16 17 -18 -19 -20 21 22 23 24 25 -26 -27 28 29 30 -31 -32 33 34 -35 36 37 38 39 40 -41 -42 43 44 -45 46 -47 48 -49 50
0xff1578ec22bd57e3 19822 -1 -2 3 -4 5 6 7 8 9 -10 -11 -12 -13 14 15 16 17 -18 -19 -20 21 22 23 24 25 -26 -27 28 29 30 -31 -32 33 34 -35 36 37 38 39 40 -41 -42 43 44 -45 46 -47 48 -49 50
0x1efa17e5b99fd736 19822 -1 -2 3 -4 5 6 7 8 9 -10 -11 -12 -13 14 15 16 17 -18 -19 -20 21 22 23 24 25 -26 -27 28 29 30 -31 -32 33 34 -35 36 37 38 39 40 -41 -42 43 44 -45 46 -47 48 -49 50
0x3d89661b9a521461 19822 -1 -2 3 -4 5 6 7 8 9 -10 -11 -12 -13 14 15 16 17 -18 -19 -20 21 22 23 24 25 -26 -27 28 29 30 -31 -32 33 34 -35 36 37 38 39 40 -41 -42 43 44 -45 46 -47 48 -49 50
0xd2ab77120dff59cc 19822 -1 -2 3 -4 5 6 7 8 9 -10 -11 -12 -13 14 15 16 17 -18 -19 -20 21 22 23 24 25 -26 -27 28 29 30 -31 -32 33 34 -35 36 37 38 39 40 -41 -42 43 44 -45 46 -47 48 -49 50
0xa3d5de9fa9ce0d9f 19822 -1 -2 3 -4 5 6 7 8 9 -10 -11 -12 -13 14 15 16 17 -18 -19 -20 21 22 23 24 25 -26 -27 28 29 30 -31 -32 33 34 -35 36 37 38 39 40 -41 -42 43 44 -45 46 -47 48 -49 50
0x197f4471819a7f4b 19822 -1 -2 3 -4 5 6 7 8 9 -10 -11 -12 -13 14 15 16 17 -18 -19 -20 21 22 23 24 25 -26 -27 28 29 30 -31 -32 33 34 -35 36 37 38 39 40 -41 -42 43 44 -45 46 -47 48 -49 50
0xf8c9c78604e84501 19822 -1 -2 3 -4 5 6 7 8 9 -10 -11 -12 -13 14 15 16 17 -18 -19 -20 21 22 23 24 25 -26 -27 28 29 30 -31 -32 33 34 -35 36 37 38 39 40 -41 -42 43 44 -45 46 -47 48 -49 50
0x754231b2cf902938 19822 -1 -2 3 -4 5 6 7 8 9 -10 -11 -12 -13 14 15 16 17 -18 -19 -20 21 22 23 24 25 -26 -27 28 29 30 -31 -32 33 34 -35 36 37 38 39 40 -41 -42 43 44 -45 46 -47 48 -49 50
0x8fd1fb1dbff0a829 19777 -1 -2 3 -4 5 6 7 8 -9 -10 11 -12 -13 14 15 16 17 -18 -19 -20 21 22 23 24 25 -26 -27 28 29 30 -31 -32 -33 34 -35 36 37 38 39 40 -41 -42 43 44 -45 46 -47 48 -49 50
0x71421dc504a6fd54 19822 -1 -2 3 -4 5 6 7 8 9 -10 -11 -12 -13 14 15 16 17 -18 -19 -20 21 22 23 24 25 -26 -27 28 29 30 -31 -32 33 34 -35 36 37 38 39 40 -41 -42 43 44 -45 46 -47 48 -49 50
0xdfecb8f58c16c0fb 19822 -1 -2 3 -4 5 6 7 8 9 -10 -11 -12 -13 14 15 16 17 -18 -19 -20 21 22 23 24 25 -26 -27 28 29 30 -31 -32 33 34 -35 36 37 38 39 40 -41 -42 43 44 -45 46 -47 48 -49 50
0x197b84d7504615a4 19822 -1 -2 3 -4 5 6 7 8 9 -10 -11 -12 -13 14 15 16 17 -18 -19 -20 21 22 23 24 25 -26 -27 28 29 30 -31 -32 33 34 -35 36 37 38 39 40 -41 -42 43 44 -45 46 -47 48 -49 50
0x37d5a0e328db3a27 19822 -1 -2 3 -4 5 6 7 8 9 -10 -11 -12 -13 14 15 16 17 -18 -19 -20 21 22 23 24 25 -26 -27 28 29 30 -31 -32 33 34 -35 36 37 38 39 40 -41 -42 43 44 -45 46 -47 48 -49 50
0x75fc17cc771abc30 19822 -1 -2 3 -4 5 6 7 8 9 -10 -11 -12 -13 14 15 16 17 -18 -19 -20 21 22 23 24 25 -26 -27 28 29 30 -31 -32 33 34 -35 36 37 38 39 40 -41 -42 43 44 -45 46 -47 48 -49 50