0xb9dd98ffbd661032 20034 -1 2 3 4 5 -6 -7 -8 -9 10 11 12 13 14 15 16 -17 -18 19 -20 -21 22 -23 24 25 -26 27 28 29 30 -31 -32 33 -34 35 36 -37 -38 39 -40 -41 42 43 -44 45 46 -47 48 49 50
0x3d868e2c29ddf9be 20034 -1 2 3 4 5 -6 -7 -8 -9 10 11 12 13 14 15 16 -17 -18 19 -20 -21 22 -23 24 25 -26 27 28 29 30 -31 -32 33 -34 35 36 -37 -38 39 -40 -41 42 43 -44 45 46 -47 48 49 50
0xa1f6d7c6d19eb5d4 20034 -1 2 3 4 5 -6 -7 -8 -9 10 11 12 13 14 15 16 -17 -18 19 -20 -21 22 -23 24 25 -26 27 28 29 30 -31 -32 33 -34 35 36 -37 -38 39 -40 -41 42 43 -44 45 46 -47 48 49 50
0x516a6b217764e124 20034 -1 2 3 4 5 -6 -7 -8 -9 10 11 12 13 14 15 16 -17 -18 19 -20 -21 22 -23 24 25 -26 27 28 29 30 -31 -32 33 -34 35 36 -37 -38 39 -40 -41 42 43 -44 45 46 -47 48 49 50
0x80d0cd5ed2e07541 20034 -1 2 3 4 5 -6 -7 -8 -9 10 11 12 13 14 15 16 -17 -18 19 -20 -21 22 -23 24 25 -26 27 28 29 30 -31 -32 33 -34 35 36 -37 -38 39 -40 -41 42 43 -44 45 46 -47 48 49 50
0x30fd8119118814cd 20034 -1 2 3 4 5 -6 -7 -8 -9 10 11 12 13 14 15 16 -17 -18 19 -20 -21 22 -23 24 25 -26 27 28 29 30 -31 -32 33 -34 35 36 -37 -38 39 -40 -41 42 43 -44 45 46 -47 48 49 50
0xeb0cbbca177b1d5c 20034 -1 2 3 4 5 -6 -7 -8 -9 10 11 12 13 14 15 16 -17 -18 19 -20 -21 22 -23 24 25 -26 27 28 29 30 -31 -32 33 -34 35 36 -37 -38 39 -40 -41 42 43 -44 45 46 -47 48 49 50
0x8ca41de3abef78db 20034 -1 2 3 4 5 -6 -7 -8 -9 10 11 12 13 14 15 16 -17 -18 19 -20 -21 22 -23 24 25 -26 27 28 29 30 -31 -32 33 -34 35 36 -37 -38 39 -40 -41 42 43 -44 45 46 -47 48 49 50
0x3b61222a2644372e 20034 -1 2 3 4 5 -6 -7 -8 -9 10 11 12 13 14 15 16 -17 -18 19 -20 -21 22 -23 24 25 -26 27 28 29 30 -31 -32 33 -34 35 36 -37 -38 39 -40 -41 42 43 -44 45 46 -47 48 49 50
0xaff3765cae5d0322 20034 -1 2 3 4 5 -6 -7 -8 -9 10 11 12 13 14 15 16 -17 -18 19 -20 -21 22 -23 24 25 -26 27 28 29 30 -31 -32 33 -34 35 36 -37 -38 39 -40 -41 42 43 -44 45 46 -47 48 49 50
0x38870dd434fa1f87 20034 -1 2 3 4 5 -6 -7 -8 -9 10 11 12 13 14 15 16 -17 -18 19 -20 -21 22 -23 24 25 -26 27 28 29 30 -31 -32 33 -34 35 36 -37 -38 39 -40 -41 42 43 -44 45 46 -47 48 49 50
0x52b8ecf889c80cb1 20034 -1 2 3 4 5 -6 -7 -8 -9 10 11 12 13 14 15 16 -17 -18 19 -20 -21 22 -23 24 25 -26 27 28 29 30 -31 -32 33 -34 35 36 -37 -38 39 -40 -41 42 43 -44 45 46 -47 48 49 50
0x702fc4c8860ebdf9 20034 -1 2 3 4 5 -6 -7 -8 -9 10 11 12 13 14 15 16 -17 -18 19 -20 -21 22 -23 24 25 -26 27 28 29 30 -31 -32 33 -34 35 36 -37 -38 39 -40 -41 42 43 -44 45 46 -47 48 49 50
0x37965e55cde65f3c 20034 -1 2 3 4 5 -6 -7 -8 -9 10 11 12 13 14 15 16 -17 -18 19 -20 -21 22 -23 24 25 -26 27 28 29 30 -31 -32 33 -34 35 36 -37 -38 39 -40 -41 42 43 -44 45 46 -47 48 49 50
0xa8f5d6463617aa58 20034 -1 2 3 4 5 -6 -7 -8 -9 10 11 12 13 14 15 16 -17 -18 19 -20 -21 22 -23 24 25 -26 27 28 29 30 -31 -32 33 -34 35 36 -37 -38 39 -40 -41 42 43 -44 45 46 -47 48 49 50
0xd9ada853410dccb4 20034 -1 2 3 4 5 -6 -7 -8 -9 10 11 12 13 14 15 16 -17 -18 19 -20 -21 22 -23 24 25 -26 27 28 29 30 -31 -32 33 -34 35 36 -37 -38 39 -40 -41 42 43 -44 45 46 -47 48 49 50
0x81878acb617fdcb7 20034 -1 2 3 4 5 -6 -7 -8 -9 10 11 12 13 14 15 16 -17 -18 19 -20 -21 22 -23 24 25 -26 27 28 29 30 -31 -32 33 -34 35 36 -37 -38 39 -40 -41 42 43 -44 45 46 -47 48 49 50
0x4fa51a0ec5b7df4e 20034 -1 2 3 4 5 -6 -7 -8 -9 10 11 12 13 14 15 16 -17 -18 19 -20 -21 22 -23 24 25 -26 27 28 29 30 -31 -32 33 -34 35 36 -37 -38 39 -40 -41 42 43 -44 45 46 -47 48 49 50
0x84df6d91f647c2d 20034 -1 2 3 4 5 -6 -7 -8 -9 10 11 12 13 14 15 16 -17 -18 19 -20 -21 22 -23 24 25 -26 27 28 29 30 -31 -32 33 -34 35 36 -37 -38 39 -40 -41 42 43 -44 45 46 -47 48 49 50
0xb0b502ada55eeb64 20034 -1 2 3 4 5 -6 -7 -8 -9 10 11 12 13 14 15 16 -17 -18 19 -20 -21 22 -23 24 25 -26 27 28 29 30 -31 -32 33 -34 35 36 -37 -38 39 -40 -41 42 43 -44 45 46 -47 48 49 50
0x1bdf14bdac62c443 20034 -1 2 3 4 5 -6 -7 -8 -9 10 11 12 13 14 15 16 -17 -18 19 -20 -21 22 -23 24 25 -26 27 28 29 30 -31 -32 33 -34 35 36 -37 -38 39 -40 -41 42 43 -44 45 46 -47 48 49 50
0xda69c8317f068396 20034 -1 2 3 4 5 -6 -7 -8 -9 10 11 12 13 14 15 16 -17 -18 19 -20 -21 22 -23 24 25 -26 27 28 29 30 -31 -32 33 -34 35 36 -37 -38 39 -40 -41 42 43 -44 45 46 -47 48 49 50
0x61bab0a31d2da78f 20034 -1 2 3 4 5 -6 -7 -8 -9 10 11 12 13 14 15 16 -17 -18 19 -20 -21 22 -23 24 25 -26 27 28 29 30 -31 -32 33 -34 35 36 -37 -38 39 -40 -41 42 43 -44 45 46 -47 48 49 50
0x108d19a110703944 20034 -1 2 3 4 5 -6 -7 -8 -9 10 11 12 13 14 15 16 -17 -18 19 -20 -21 22 -23 24 25 -26 27 28 29 30 -31 -32 33 -34 35 36 -37 -38 39 -40 -41 42 43 -44 45 46 -47 48 49 50
0x5c93162fd79b662d 20034 -1 2 3 4 5 -6 -7 -8 -9 10 11 12 13 14 15 16 -17 -18 19 -20 -21 22 -23 24 25 -26 27 28 29 30 -31 -32 33 -34 35 36 -37 -38 39 -40 -41 42 43 -44 45 46 -47 48 49 50
0x37e0440e4129a9 20034 -1 2 3 4 5 -6 -7 -8 -9 10 11 12 13 14 15 16 -17 -18 19 -20 -21 22 -23 24 25 -26 27 28 29 30 -31 -32 33 -34 35 36 -37 -38 39 -40 -41 42 43 -44 45 46 -47 48 49 50
0xe2d1884ab78d0679 20034 -1 2 3 4 5 -6 -7 -8 -9 10 11 12 13 14 15 16 -17 -18 19 -20 -21 22 -23 24 25 -26 27 28 29 30 -31 -32 33 -34 35 36 -37 -38 39 -40 -41 42 43 -44 45 46 -47 48 49 50
0xd0cff4a16dd3d041 20034 -1 2 3 4 5 -6 -7 -8 -9 10 11 12 13 14 15 16 -17 -18 19 -20 -21 22 -23 24 25 -26 27 28 29 30 -31 -32 33 -34 35 36 -37 -38 39 -40 -41 42 43 -44 45 46 -47 48 49 50
0xecb7311aaa94850c 20034 -1 2 3 4 5 -6 -7 -8 -9 10 11 12 13 14 15 16 -17 -18 19 -20 -21 22 -23 24 25 -26 27 28 29 30 -31 -32 33 -34 35 36 -37 -38 39 -40 -41 42 43 -44 45 46 -47 48 49 50
0xcf30e7fe4e036c7 20034 -1 2 3 4 5 -6 -7 -8 -9 10 11 12 13 14 15 16 -17 -18 19 -20 -21 22 -23 24 25 -26 27 28 29 30 -31 -32 33 -34 35 36 -37 -38 39 -40 -41 42 43 -44 45 46 -47 48 49 50