0xc0b788a0132f4e99 12469 -1 -2 3 4 5 -6 7 8 -9 -10 -11 12 13 14 15 -16 -17 -18 -19 -20 -21 22 -23 -24 -25 -26 27 -28 -29 30 31 -32 -33 34 -35 36 -37 38 -39 40 41 -42 43 44 45 46 -47 48 -49 -50
0x2bd67e98be16b90b 12469 -1 -2 3 4 5 -6 7 8 -9 -10 -11 12 13 14 15 -16 -17 -18 -19 -20 -21 22 -23 -24 -25 -26 27 -28 -29 30 31 -32 -33 34 -35 36 -37 38 -39 40 41 -42 43 44 45 46 -47 48 -49 -50
0xc69e73e126e3fc2e 12469 -1 -2 3 4 5 -6 7 8 -9 -10 -11 12 13 14 15 -16 -17 -18 -19 -20 -21 22 -23 -24 -25 -26 27 -28 -29 30 31 -32 -33 34 -35 36 -37 38 -39 40 41 -42 43 44 45 46 -47 48 -49 -50
0x6229b0d4cb482804 12469 -1 -2 3 4 5 -6 7 8 -9 -10 -11 12 13 14 15 -16 -17 -18 -19 -20 -21 22 -23 -24 -25 -26 27 -28 -29 30 31 -32 -33 34 -35 36 -37 38 -39 40 41 -42 43 44 45 46 -47 48 -49 -50
0x53a3d82873a550d9 12469 -1 -2 3 4 5 -6 7 8 -9 -10 -11 12 13 14 15 -16 -17 -18 -19 -20 -21 22 -23 -24 -25 -26 27 -28 -29 30 31 -32 -33 34 -35 36 -37 38 -39 40 41 -42 43 44 45 46 -47 48 -49 -50
0x8e067130f1dda670 12469 -1 -2 3 4 5 -6 7 8 -9 -10 -11 12 13 14 15 -16 -17 -18 -19 -20 -21 22 -23 -24 -25 -26 27 -28 -29 30 31 -32 -33 34 -35 36 -37 38 -39 40 41 -42 43 44 45 46 -47 48 -49 -50
0xd03e1aac23716cef 12469 -1 -2 3 4 5 -6 7 8 -9 -10 -11 12 13 14 15 -16 -17 -18 -19 -20 -21 22 -23 -24 -25 -26 27 -28 -29 30 31 -32 -33 34 -35 36 -37 38 -39 40 41 -42 43 44 45 46 -47 48 -49 -50
0xdb32ec6b4736ea56 12469 -1 -2 3 4 5 -6 7 8 -9 -10 -11 12 13 14 15 -16 -17 -18 -19 -20 -21 22 -23 -24 -25 -26 27 -28 -29 30 31 -32 -33 34 -35 36 -37 38 -39 40 41 -42 43 44 45 46 -47 48 -49 -50
0x84156d937476f23e 12469 -1 -2 3 4 5 -6 7 8 -9 -10 -11 12 13 14 15 -16 -17 -18 -19 -20 -21 22 -23 -24 -25 -26 27 -28 -29 30 31 -32 -33 34 -35 36 -37 38 -39 40 41 -42 43 44 45 46 -47 48 -49 -50
0x27964697ca6bf131 12469 -1 -2 3 4 5 -6 7 8 -9 -10 -11 12 13 14 15 -16 -17 -18 -19 -20 -21 22 -23 -24 -25 -26 27 -28 -29 30 31 -32 -33 34 -35 36 -37 38 -39 40 41 -42 43 44 45 46 -47 48 -49 -50
0xe0f03f68c34cf221 12469 -1 -2 3 4 5 -6 7 8 -9 -10 -11 12 13 14 15 -16 -17 -18 -19 -20 -21 22 -23 -24 -25 -26 27 -28 -29 30 31 -32 -33 34 -35 36 -37 38 -39 40 41 -42 43 44 45 46 -47 48 -49 -50
0x4bd2ce6e05f4b741 12469 -1 -2 3 4 5 -6 7 8 -9 -10 -11 12 13 14 15 -16 -17 -18 -19 -20 -21 22 -23 -24 -25 -26 27 -28 -29 30 31 -32 -33 34 -35 36 -37 38 -39 40 41 -42 43 44 45 46 -47 48 -49 -50
0x63d1fc7a416acd91 12469 -1 -2 3 4 5 -6 7 8 -9 -10 -11 12 13 14 15 -16 -17 -18 -19 -20 -21 22 -23 -24 -25 -26 27 -28 -29 30 31 -32 -33 34 -35 36 -37 38 -39 40 41 -42 43 44 45 46 -47 48 -49 -50
0x45c4786cdfc3d498 12469 -1 -2 3 4 5 -6 7 8 -9 -10 -11 12 13 14 15 -16 -17 -18 -19 -20 -21 22 -23 -24 -25 -26 27 -28 -29 30 31 -32 -33 34 -35 36 -37 38 -39 40 41 -42 43 44 45 46 -47 48 -49 -50
0xd361cfe4f995fe89 12469 -1 -2 3 4 5 -6 7 8 -9 -10 -11 12 13 14 15 -16 -17 -18 -19 -20 -21 22 -23 -24 -25 -26 27 -28 -29 30 31 -32 -33 34 -35 36 -37 38 -39 40 41 -42 43 44 45 46 -47 48 -49 -50
0x4f49e738137eadbf 12469 -1 -2 3 4 5 -6 7 8 -9 -10 -11 12 13 14 15 -16 -17 -18 -19 -20 -21 22 -23 -24 -25 -26 27 -28 -29 30 31 -32 -33 34 -35 36 -37 38 -39 40 41 -42 43 44 45 46 -47 48 -49 -50
0x9bc44633ab4c4687 12469 -1 -2 3 4 5 -6 7 8 -9 -10 -11 12 13 14 15 -16 -17 -18 -19 -20 -21 22 -23 -24 -25 -26 27 -28 -29 30 31 -32 -33 34 -35 36 -37 38 -39 40 41 -42 43 44 45 46 -47 48 -49 -50
0x28c3a017386cc463 12469 -1 -2 3 4 5 -6 7 8 -9 -10 -11 12 13 14 15 -16 -17 -18 -19 -20 -21 22 -23 -24 -25 -26 27 -28 -29 30 31 -32 -33 34 -35 36 -37 38 -39 40 41 -42 43 44 45 46 -47 48 -49 -50
0x11ecf0eb82116bc7 12469 -1 -2 3 4 5 -6 7 8 -9 -10 -11 12 13 14 15 -16 -17 -18 -19 -20 -21 22 -23 -24 -25 -26 27 -28 -29 30 31 -32 -33 34 -35 36 -37 38 -39 40 41 -42 43 44 45 46 -47 48 -49 -50
0x272bfb68f46f9a0e 12469 -1 -2 3 4 5 -6 7 8 -9 -10 -11 12 13 14 15 -16 -17 -18 -19 -20 -21 22 -23 -24 -25 -26 27 -28 -29 30 31 -32 -33 34 -35 36 -37 38 -39 40 41 -42 43 44 45 46 -47 48 -49 -50
0x9a7a8d97b96ff3b0 12251 -1 -2 -3 4 5 -6 7 -8 -9 10 -11 12 13 14 15 16 -17 -18 19 -20 -21 22 23 -24 -25 26 -27 -28 -29 30 31 32 -33 34 -35 36 -37 38 -39 40 41 -42 -43 -44 45 46 -47 48 -49 -50
0xafa265f941e04fad 12469 -1 -2 3 4 5 -6 7 8 -9 -10 -11 12 13 14 15 -16 -17 -18 -19 -20 -21 22 -23 -24 -25 -26 27 -28 -29 30 31 -32 -33 34 -35 36 -37 38 -39 40 41 -42 43 44 45 46 -47 48 -49 -50
0x952784838df52be8 12469 -1 -2 3 4 5 -6 7 8 -9 -10 -11 12 13 14 15 -16 -17 -18 -19 -20 -21 22 -23 -24 -25 -26 27 -28 -29 30 31 -32 -33 34 -35 36 -37 38 -39 40 41 -42 43 44 45 46 -47 48 -49 -50
0xff4f171263177481 12469 -1 -2 3 4 5 -6 7 8 -9 -10 -11 12 13 14 15 -16 -17 -18 -19 -20 -21 22 -23 -24 -25 -26 27 -28 -29 30 31 -32 -33 34 -35 36 -37 38 -39 40 41 -42 43 44 45 46 -47 48 -49 -50
0x80809e4be9a5bd35 12469 -1 -2 3 4 5 -6 7 8 -9 -10 -11 12 13 14 15 -16 -17 -18 -19 -20 -21 22 -23 -24 -25 -26 27 -28 -29 30 31 -32 -33 34 -35 36 -37 38 -39 40 41 -42 43 44 45 46 -47 48 -49 -50
0x7a699965f6b41732 12469 -1 -2 3 4 5 -6 7 8 -9 -10 -11 12 13 14 15 -16 -17 -18 -19 -20 -21 22 -23 -24 -25 -26 27 -28 -29 30 31 -32 -33 34 -35 36 -37 38 -39 40 41 -42 43 44 45 46 -47 48 -49 -50
0xf033ecaa6a8d952d 12469 -1 -2 3 4 5 -6 7 8 -9 -10 -11 12 13 14 15 -16 -17 -18 -19 -20 -21 22 -23 -24 -25 -26 27 -28 -29 30 31 -32 -33 34 -35 36 -37 38 -39 40 41 -42 43 44 45 46 -47 48 -49 -50
0xaf490d87b635ed6c 12469 -1 -2 3 4 5 -6 7 8 -9 -10 -11 12 13 14 15 -16 -17 -18 -19 -20 -21 22 -23 -24 -25 -26 27 -28 -29 30 31 -32 -33 34 -35 36 -37 38 -39 40 41 -42 43 44 45 46 -47 48 -49 -50
0xbd4efec7cf924c9d 12469 -1 -2 3 4 5 -6 7 8 -9 -10 -11 12 13 14 15 -16 -17 -18 -19 -20 -21 22 -23 -24 -25 -26 27 -28 -29 30 31 -32 -33 34 -35 36 -37 38 -39 40 41 -42 43 44 45 46 -47 48 -49 -50
0x6f60c004061c8c5e 12469 -1 -2 3 4 5 -6 7 8 -9 -10 -11 12 13 14 15 -16 -17 -18 -19 -20 -21 22 -23 -24 -25 -26 27 -28 -29 30 31 -32 -33 34 -35 36 -37 38 -39 40 41 -42 43 44 45 46 -47 48 -49 -50