0x19b9c52060ac01d1 18256 -1 2 3 -4 5 6 7 8 -9 10 11 12 13 14 15 16 -17 -18 -19 20 21 -22 -23 -24 25 26 -27 -28 -29 30 31 32 -33 34 35 -36 37 -38 -39 40 41 -42 -43 44 -45 -46 -47 -48 -49 50
0xa35bef2f8b135b50 18256 -1 2 3 -4 5 6 7 8 -9 10 11 12 13 14 15 16 -17 -18 -19 20 21 -22 -23 -24 25 26 -27 -28 -29 30 31 32 -33 34 35 -36 37 -38 -39 40 41 -42 -43 44 -45 -46 -47 -48 -49 50
0xeea3e886607cd94e 18256 -1 2 3 -4 5 6 7 8 -9 10 11 12 13 14 15 16 -17 -18 -19 20 21 -22 -23 -24 25 26 -27 -28 -29 30 31 32 -33 34 35 -36 37 -38 -39 40 41 -42 -43 44 -45 -46 -47 -48 -49 50
0xc192780e2fa79979 18256 -1 2 3 -4 5 6 7 8 -9 10 11 12 13 14 15 16 -17 -18 -19 20 21 -22 -23 -24 25 26 -27 -28 -29 30 31 32 -33 34 35 -36 37 -38 -39 40 41 -42 -43 44 -45 -46 -47 -48 -49 50
0x9122bfbf32304082 18256 -1 2 3 -4 5 6 7 8 -9 10 11 12 13 14 15 16 -17 -18 -19 20 21 -22 -23 -24 25 26 -27 -28 -29 30 31 32 -33 34 35 -36 37 -38 -39 40 41 -42 -43 44 -45 -46 -47 -48 -49 50
0x3ff4d5866b6c9e68 18256 -1 2 3 -4 5 6 7 8 -9 10 11 12 13 14 15 16 -17 -18 -19 20 21 -22 -23 -24 25 26 -27 -28 -29 30 31 32 -33 34 35 -36 37 -38 -39 40 41 -42 -43 44 -45 -46 -47 -48 -49 50
0x7207fbf1f5f3be5c 18256 -1 2 3 -4 5 6 7 8 -9 10 11 12 13 14 15 16 -17 -18 -19 20 21 -22 -23 -24 25 26 -27 -28 -29 30 31 32 -33 34 35 -36 37 -38 -39 40 41 -42 -43 44 -45 -46 -47 -48 -49 50
0xa34855ebecac840b 18256 -1 2 3 -4 5 6 7 8 -9 10 11 12 13 14 15 16 -17 -18 -19 20 21 -22 -23 -24 25 26 -27 -28 -29 30 31 32 -33 34 35 -36 37 -38 -39 40 41 -42 -43 44 -45 -46 -47 -48 -49 50
0x6f2ee7173d0dfdcb 18256 -1 2 3 -4 5 6 7 8 -9 10 11 12 13 14 15 16 -17 -18 -19 20 21 -22 -23 -24 25 26 -27 -28 -29 30 31 32 -33 34 35 -36 37 -38 -39 40 41 -42 -43 44 -45 -46 -47 -48 -49 50
0x18ec0b9ad7dd328 18256 -1 2 3 -4 5 6 7 8 -9 10 11 12 13 14 15 16 -17 -18 -19 20 21 -22 -23 -24 25 26 -27 -28 -29 30 31 32 -33 34 35 -36 37 -38 -39 40 41 -42 -43 44 -45 -46 -47 -48 -49 50
0x4563d001d41b04a2 18256 -1 2 3 -4 5 6 7 8 -9 10 11 12 13 14 15 16 -17 -18 -19 20 21 -22 -23 -24 25 26 -27 -28 -29 30 31 32 -33 34 35 -36 37 -38 -39 40 41 -42 -43 44 -45 -46 -47 -48 -49 50
0x1af1600b09c0cba0 18256 -1 2 3 -4 5 6 7 8 -9 10 11 12 13 14 15 16 -17 -18 -19 20 21 -22 -23 -24 25 26 -27 -28 -29 30 31 32 -33 34 35 -36 37 -38 -39 40 41 -42 -43 44 -45 -46 -47 -48 -49 50
0x6097696a1c4673ea 18256 -1 2 3 -4 5 6 7 8 -9 10 11 12 13 14 15 16 -17 -18 -19 20 21 -22 -23 -24 25 26 -27 -28 -29 30 31 32 -33 34 35 -36 37 -38 -39 40 41 -42 -43 44 -45 -46 -47 -48 -49 50
0x6da131a445c6452d 18256 -1 2 3 -4 5 6 7 8 -9 10 11 12 13 14 15 16 -17 -18 -19 20 21 -22 -23 -24 25 26 -27 -28 -29 30 31 32 -33 34 35 -36 37 -38 -39 40 41 -42 -43 44 -45 -46 -47 -48 -49 50
0x25b3ab5e5217c7c 18256 -1 2 3 -4 5 6 7 8 -9 10 11 12 13 14 15 16 -17 -18 -19 20 21 -22 -23 -24 25 26 -27 -28 -29 30 31 32 -33 34 35 -36 37 -38 -39 40 41 -42 -43 44 -45 -46 -47 -48 -49 50
0x77c6164eea901104 18256 -1 2 3 -4 5 6 7 8 -9 10 11 12 13 14 15 16 -17 -18 -19 20 21 -22 -23 -24 25 26 -27 -28 -29 30 31 32 -33 34 35 -36 37 -38 -39 40 41 -42 -43 44 -45 -46 -47 -48 -49 50
0x9b49640009f0345c 18256 -1 2 3 -4 5 6 7 8 -9 10 11 12 13 14 15 16 -17 -18 -19 20 21 -22 -23 -24 25 26 -27 -28 -29 30 31 32 -33 34 35 -36 37 -38 -39 40 41 -42 -43 44 -45 -46 -47 -48 -49 50
0x1246abe6a80864f 18256 -1 2 3 -4 5 6 7 8 -9 10 11 12 13 14 15 16 -17 -18 -19 20 21 -22 -23 -24 25 26 -27 -28 -29 30 31 32 -33 34 35 -36 37 -38 -39 40 41 -42 -43 44 -45 -46 -47 -48 -49 50
0x49f546de324c8b87 18256 -1 2 3 -4 5 6 7 8 -9 10 11 12 13 14 15 16 -17 -18 -19 20 21 -22 -23 -24 25 26 -27 -28 -29 30 31 32 -33 34 35 -36 37 -38 -39 40 41 -42 -43 44 -45 -46 -47 -48 -49 50
0x822ad88f5ea3a1f4 18256 -1 2 3 -4 5 6 7 8 -9 10 11 12 13 14 15 16 -17 -18 -19 20 21 -22 -23 -24 25 26 -27 -28 -29 30 31 32 -33 34 35 -36 37 -38 -39 40 41 -42 -43 44 -45 -46 -47 -48 -49 50
0x94c1274e99b45e46 18256 -1 2 3 -4 5 6 7 8 -9 10 11 12 13 14 15 16 -17 -18 -19 20 21 -22 -23 -24 25 26 -27 -28 -29 30 31 32 -33 34 35 -36 37 -38 -39 40 41 -42 -43 44 -45 -46 -47 -48 -49 50
0x5ed295727da47976 18256 -1 2 3 -4 5 6 7 8 -9 10 11 12 13 14 15 16 -17 -18 -19 20 21 -22 -23 -24 25 26 -27 -28 -29 30 31 32 -33 34 35 -36 37 -38 -39 40 41 -42 -43 44 -45 -46 -47 -48 -49 50
0x611be3a0feeb4e3c 18256 -1 2 3 -4 5 6 7 8 -9 10 11 12 13 14 15 16 -17 -18 -19 20 21 -22 -23 -24 25 26 -27 -28 -29 30 31 32 -33 34 35 -36 37 -38 -39 40 41 -42 -43 44 -45 -46 -47 -48 -49 50
0xc5d1045717f4e697 18256 -1 2 3 -4 5 6 7 8 -9 10 11 12 13 14 15 16 -17 -18 -19 20 21 -22 -23 -24 25 26 -27 -28 -29 30 31 32 -33 34 35 -36 37 -38 -39 40 41 -42 -43 44 -45 -46 -47 -48 -49 50
0xe260bf638853994a 18256 -1 2 3 -4 5 6 7 8 -9 10 11 12 13 14 15 16 -17 -18 -19 20 21 -22 -23 -24 25 26 -27 -28 -29 30 31 32 -33 34 35 -36 37 -38 -39 40 41 -42 -43 44 -45 -46 -47 -48 -49 50
0x8605256a8a06375c 18256 -1 2 3 -4 5 6 7 8 -9 10 11 12 13 14 15 16 -17 -18 -19 20 21 -22 -23 -24 25 26 -27 -28 -29 30 31 32 -33 34 35 -36 37 -38 -39 40 41 -42 -43 44 -45 -46 -47 -48 -49 50
0x473ed364c798c996 18256 -1 2 3 -4 5 6 7 8 -9 10 11 12 13 14 15 16 -17 -18 -19 20 21 -22 -23 -24 25 26 -27 -28 -29 30 31 32 -33 34 35 -36 37 -38 -39 40 41 -42 -43 44 -45 -46 -47 -48 -49 50
0x9b99061d9e25de06 18256 -1 2 3 -4 5 6 7 8 -9 10 11 12 13 14 15 16 -17 -18 -19 20 21 -22 -23 -24 25 26 -27 -28 -29 30 31 32 -33 34 35 -36 37 -38 -39 40 41 -42 -43 44 -45 -46 -47 -48 -49 50
0xd6547db5ce7e6580 18256 -1 2 3 -4 5 6 7 8 -9 10 11 12 13 14 15 16 -17 -18 -19 20 21 -22 -23 -24 25 26 -27 -28 -29 30 31 32 -33 34 35 -36 37 -38 -39 40 41 -42 -43 44 -45 -46 -47 -48 -49 50
0x33d7312030fe211a 18256 -1 2 3 -4 5 6 7 8 -9 10 11 12 13 14 15 16 -17 -18 -19 20 21 -22 -23 -24 25 26 -27 -28 -29 30 31 32 -33 34 35 -36 37 -38 -39 40 41 -42 -43 44 -45 -46 -47 -48 -49 50