0xa38794016676aaa 16262 1 2 -3 -4 -5 6 7 -8 9 10 -11 12 13 14 15 -16 -17 18 19 -20 21 22 23 -24 -25 26 -27 28 29 30 31 -32 -33 34 35 -36 -37 38 39 -40 -41 -42 -43 -44 45 -46 -47 48 49 -50
0x7c3e7aed65df339f 16262 1 2 -3 -4 -5 6 7 -8 9 10 -11 12 13 14 15 -16 -17 18 19 -20 21 22 23 -24 -25 26 -27 28 29 30 31 -32 -33 34 35 -36 -37 38 39 -40 -41 -42 -43 -44 45 -46 -47 48 49 -50
0xbcac520a6b9f9528 16262 1 2 -3 -4 -5 6 7 -8 9 10 -11 12 13 14 15 -16 -17 18 19 -20 21 22 23 -24 -25 26 -27 28 29 30 31 -32 -33 34 35 -36 -37 38 39 -40 -41 -42 -43 -44 45 -46 -47 48 49 -50
0xef3d72062537126b 16262 1 2 -3 -4 -5 6 7 -8 9 10 -11 12 13 14 15 -16 -17 18 19 -20 21 22 23 -24 -25 26 -27 28 29 30 31 -32 -33 34 35 -36 -37 38 39 -40 -41 -42 -43 -44 45 -46 -47 48 49 -50
0x2a37bfe86724d5f2 16262 1 2 -3 -4 -5 6 7 -8 9 10 -11 12 13 14 15 -16 -17 18 19 -20 21 22 23 -24 -25 26 -27 28 29 30 31 -32 -33 34 35 -36 -37 38 39 -40 -41 -42 -43 -44 45 -46 -47 48 49 -50
0x32d2d3e39c60ebe1 16262 1 2 -3 -4 -5 6 7 -8 9 10 -11 12 13 14 15 -16 -17 18 19 -20 21 22 23 -24 -25 26 -27 28 29 30 31 -32 -33 34 35 -36 -37 38 39 -40 -41 -42 -43 -44 45 -46 -47 48 49 -50
0x52bbed11d3deffc4 16262 1 2 -3 -4 -5 6 7 -8 9 10 -11 12 13 14 15 -16 -17 18 19 -20 21 22 23 -24 -25 26 -27 28 29 30 31 -32 -33 34 35 -36 -37 38 39 -40 -41 -42 -43 -44 45 -46 -47 48 49 -50
0x88026ff05ff08cd7 16262 1 2 -3 -4 -5 6 7 -8 9 10 -11 12 13 14 15 -16 -17 18 19 -20 21 22 23 -24 -25 26 -27 28 29 30 31 -32 -33 34 35 -36 -37 38 39 -40 -41 -42 -43 -44 45 -46 -47 48 49 -50
0x88f95800aa687673 16262 1 2 -3 -4 -5 6 7 -8 9 10 -11 12 13 14 15 -16 -17 18 19 -20 21 22 23 -24 -25 26 -27 28 29 30 31 -32 -33 34 35 -36 -37 38 39 -40 -41 -42 -43 -44 45 -46 -47 48 49 -50
0x6557b746af65e086 16262 1 2 -3 -4 -5 6 7 -8 9 10 -11 12 13 14 15 -16 -17 18 19 -20 21 22 23 -24 -25 26 -27 28 29 30 31 -32 -33 34 35 -36 -37 38 39 -40 -41 -42 -43 -44 45 -46 -47 48 49 -50
0xb3b131791d5de8ce 16262 1 2 -3 -4 -5 6 7 -8 9 10 -11 12 13 14 15 -16 -17 18 19 -20 21 22 23 -24 -25 26 -27 28 29 30 31 -32 -33 34 35 -36 -37 38 39 -40 -41 -42 -43 -44 45 -46 -47 48 49 -50
0x683d157d57106192 16262 1 2 -3 -4 -5 6 7 -8 9 10 -11 12 13 14 15 -16 -17 18 19 -20 21 22 23 -24 -25 26 -27 28 29 30 31 -32 -33 34 35 -36 -37 38 39 -40 -41 -42 -43 -44 45 -46 -47 48 49 -50
0x3d48d68950be0cdc 16262 1 2 -3 -4 -5 6 7 -8 9 10 -11 12 13 14 15 -16 -17 18 19 -20 21 22 23 -24 -25 26 -27 28 29 30 31 -32 -33 34 35 -36 -37 38 39 -40 -41 -42 -43 -44 45 -46 -47 48 49 -50
0xcc2d1faa5a06e9fc 16262 1 2 -3 -4 -5 6 7 -8 9 10 -11 12 13 14 15 -16 -17 18 19 -20 21 22 23 -24 -25 26 -27 28 29 30 31 -32 -33 34 35 -36 -37 38 39 -40 -41 -42 -43 -44 45 -46 -47 48 49 -50
0xc0dfbf6c0c941810 16262 1 2 -3 -4 -5 6 7 -8 9 10 -11 12 13 14 15 -16 -17 18 19 -20 21 22 23 -24 -25 26 -27 28 29 30 31 -32 -33 34 35 -36 -37 38 39 -40 -41 -42 -43 -44 45 -46 -47 48 49 -50
0xf5c2db69e3b10efa 16262 1 2 -3 -4 -5 6 7 -8 9 10 -11 12 13 14 15 -16 -17 18 19 -20 21 22 23 -24 -25 26 -27 28 29 30 31 -32 -33 34 35 -36 -37 38 39 -40 -41 -42 -43 -44 45 -46 -47 48 49 -50
0xad86109465d3ffb3 16262 1 2 -3 -4 -5 6 7 -8 9 10 -11 12 13 14 15 -16 -17 18 19 -20 21 22 23 -24 -25 26 -27 28 29 30 31 -32 -33 34 35 -36 -37 38 39 -40 -41 -42 -43 -44 45 -46 -47 48 49 -50
0x7bcef057c99bf3b1 16262 1 2 -3 -4 -5 6 7 -8 9 10 -11 12 13 14 15 -16 -17 18 19 -20 21 22 23 -24 -25 26 -27 28 29 30 31 -32 -33 34 35 -36 -37 38 39 -40 -41 -42 -43 -44 45 -46 -47 48 49 -50
0xed54e798445c9ccc 16262 1 2 -3 -4 -5 6 7 -8 9 10 -11 12 13 14 15 -16 -17 18 19 -20 21 22 23 -24 -25 26 -27 28 29 30 31 -32 -33 34 35 -36 -37 38 39 -40 -41 -42 -43 -44 45 -46 -47 48 49 -50
0x4bff1e2c6ba37ec3 16262 1 2 -3 -4 -5 6 7 -8 9 10 -11 12 13 14 15 -16 -17 18 19 -20 21 22 23 -24 -25 26 -27 28 29 30 31 -32 -33 34 35 -36 -37 38 39 -40 -41 -42 -43 -44 45 -46 -47 48 49 -50
0x6741a65f079228b6 16262 1 2 -3 -4 -5 6 7 -8 9 10 -11 12 13 14 15 -16 -17 18 19 -20 21 22 23 -24 -25 26 -27 28 29 30 31 -32 -33 34 35 -36 -37 38 39 -40 -41 -42 -43 -44 45 -46 -47 48 49 -50
0xf778bf40d4001b39 16262 1 2 -3 -4 -5 6 7 -8 9 10 -11 12 13 14 15 -16 -17 18 19 -20 21 22 23 -24 -25 26 -27 28 29 30 31 -32 -33 34 35 -36 -37 38 39 -40 -41 -42 -43 -44 45 -46 -47 48 49 -50
0x574691420e7f86f6 16262 1 2 -3 -4 -5 6 7 -8 9 10 -11 12 13 14 15 -16 -17 18 19 -20 21 22 23 -24 -25 26 -27 28 29 30 31 -32 -33 34 35 -36 -37 38 39 -40 -41 -42 -43 -44 45 -46 -47 48 49 -50
0x1ddc589a199a1fe1 16262 1 2 -3 -4 -5 6 7 -8 9 10 -11 12 13 14 15 -16 -17 18 19 -20 21 22 23 -24 -25 26 -27 28 29 30 31 -32 -33 34 35 -36 -37 38 39 -40 -41 -42 -43 -44 45 -46 -47 48 49 -50
0xd22ae941b0fdced0 16262 1 2 -3 -4 -5 6 7 -8 9 10 -11 12 13 14 15 -16 -17 18 19 -20 21 22 23 -24 -25 26 -27 28 29 30 31 -32 -33 34 35 -36 -37 38 39 -40 -41 -42 -43 -44 45 -46 -47 48 49 -50
0xd0fc19557617a595 16262 1 2 -3 -4 -5 6 7 -8 9 10 -11 12 13 14 15 -16 -17 18 19 -20 21 22 23 -24 -25 26 -27 28 29 30 31 -32 -33 34 35 -36 -37 38 39 -40 -41 -42 -43 -44 45 -46 -47 48 49 -50
0xc5797084adb4692e 16262 1 2 -3 -4 -5 6 7 -8 9 10 -11 12 13 14 15 -16 -17 18 19 -20 21 22 23 -24 -25 26 -27 28 29 30 31 -32 -33 34 35 -36 -37 38 39 -40 -41 -42 -43 -44 45 -46 -47 48 49 -50
0x83aa09307f1bb785 16262 1 2 -3 -4 -5 6 7 -8 9 10 -11 12 13 14 15 -16 -17 18 19 -20 21 22 23 -24 -25 26 -27 28 29 30 31 -32 -33 34 35 -36 -37 38 39 -40 -41 -42 -43 -44 45 -46 -47 48 49 -50
0x1a834e5d52ebefb 16262 1 2 -3 -4 -5 6 7 -8 9 10 -11 12 13 14 15 -16 -17 18 19 -20 21 22 23 -24 -25 26 -27 28 29 30 31 -32 -33 34 35 -36 -37 38 39 -40 -41 -42 -43 -44 45 -46 -47 48 49 -50
0xad7ac511d78c75b3 16262 1 2 -3 -4 -5 6 7 -8 9 10 -11 12 13 14 15 -16 -17 18 19 -20 21 22 23 -24 -25 26 -27 28 29 30 31 -32 -33 34 35 -36 -37 38 39 -40 -41 -42 -43 -44 45 -46 -47 48 49 -50