0xc9ec073421ad7f10 16348 1 2 -3 -4 5 -6 -7 8 -9 -10 11 12 13 -14 15 -16 17 18 19 20 21 22 -23 -24 25 26 27 -28 29 -30 -31 -32 -33 34 -35 -36 37 38 39 40 41 -42 43 -44 -45 46 47 48 49 50
0xabfb0dcda6010079 16348 1 2 -3 -4 5 -6 -7 8 -9 -10 11 12 13 -14 15 -16 17 18 19 20 21 22 -23 -24 25 26 27 -28 29 -30 -31 -32 -33 34 -35 -36 37 38 39 40 41 -42 43 -44 -45 46 47 48 49 50
0x7bcf352deb2c0840 16348 1 2 -3 -4 5 -6 -7 8 -9 -10 11 12 13 -14 15 -16 17 18 19 20 21 22 -23 -24 25 26 27 -28 29 -30 -31 -32 -33 34 -35 -36 37 38 39 40 41 -42 43 -44 -45 46 47 48 49 50
0xdc5312fa2b4f9a33 16348 1 2 -3 -4 5 -6 -7 8 -9 -10 11 12 13 -14 15 -16 17 18 19 20 21 22 -23 -24 25 26 27 -28 29 -30 -31 -32 -33 34 -35 -36 37 38 39 40 41 -42 43 -44 -45 46 47 48 49 50
0x5200d406d3ef9845 16348 1 2 -3 -4 5 -6 -7 8 -9 -10 11 12 13 -14 15 -16 17 18 19 20 21 22 -23 -24 25 26 27 -28 29 -30 -31 -32 -33 34 -35 -36 37 38 39 40 41 -42 43 -44 -45 46 47 48 49 50
0xc337f6d8c6ce9264 16348 1 2 -3 -4 5 -6 -7 8 -9 -10 11 12 13 -14 15 -16 17 18 19 20 21 22 -23 -24 25 26 27 -28 29 -30 -31 -32 -33 34 -35 -36 37 38 39 40 41 -42 43 -44 -45 46 47 48 49 50
0xe26c52dd88427067 16348 1 2 -3 -4 5 -6 -7 8 -9 -10 11 12 13 -14 15 -16 17 18 19 20 21 22 -23 -24 25 26 27 -28 29 -30 -31 -32 -33 34 -35 -36 37 38 39 40 41 -42 43 -44 -45 46 47 48 49 50
0x2faffeec881c40c9 16348 1 2 -3 -4 5 -6 -7 8 -9 -10 11 12 13 -14 15 -16 17 18 19 20 21 22 -23 -24 25 26 27 -28 29 -30 -31 -32 -33 34 -35 -36 37 38 39 40 41 -42 43 -44 -45 46 47 48 49 50
0xc843265ace1b37ed 16348 1 2 -3 -4 5 -6 -7 8 -9 -10 11 12 13 -14 15 -16 17 18 19 20 21 22 -23 -24 25 26 27 -28 29 -30 -31 -32 -33 34 -35 -36 37 38 39 40 41 -42 43 -44 -45 46 47 48 49 50
0x92a45c31d4ac69dc 16348 1 2 -3 -4 5 -6 -7 8 -9 -10 11 12 13 -14 15 -16 17 18 19 20 21 22 -23 -24 25 26 27 -28 29 -30 -31 -32 -33 34 -35 -36 37 38 39 40 41 -42 43 -44 -45 46 47 48 49 50
0x9fb952ada61debc1 16348 1 2 -3 -4 5 -6 -7 8 -9 -10 11 12 13 -14 15 -16 17 18 19 20 21 22 -23 -24 25 26 27 -28 29 -30 -31 -32 -33 34 -35 -36 37 38 39 40 41 -42 43 -44 -45 46 47 48 49 50
0xc4dfe2bfac9c056a 16348 1 2 -3 -4 5 -6 -7 8 -9 -10 11 12 13 -14 15 -16 17 18 19 20 21 22 -23 -24 25 26 27 -28 29 -30 -31 -32 -33 34 -35 -36 37 38 39 40 41 -42 43 -44 -45 46 47 48 49 50
0xd2d5638c954e72cc 16348 1 2 -3 -4 5 -6 -7 8 -9 -10 11 12 13 -14 15 -16 17 18 19 20 21 22 -23 -24 25 26 27 -28 29 -30 -31 -32 -33 34 -35 -36 37 38 39 40 41 -42 43 -44 -45 46 47 48 49 50
0x64a251ec8d2bb57d 16348 1 2 -3 -4 5 -6 -7 8 -9 -10 11 12 13 -14 15 -16 17 18 19 20 21 22 -23 -24 25 26 27 -28 29 -30 -31 -32 -33 34 -35 -36 37 38 39 40 41 -42 43 -44 -45 46 47 48 49 50
0xd0f847ee9c587639 16348 1 2 -3 -4 5 -6 -7 8 -9 -10 11 12 13 -14 15 -16 17 18 19 20 21 22 -23 -24 25 26 27 -28 29 -30 -31 -32 -33 34 -35 -36 37 38 39 40 41 -42 43 -44 -45 46 47 48 49 50
0x4fb04451fb28f660 16348 1 2 -3 -4 5 -6 -7 8 -9 -10 11 12 13 -14 15 -16 17 18 19 20 21 22 -23 -24 25 26 27 -28 29 -30 -31 -32 -33 34 -35 -36 37 38 39 40 41 -42 43 -44 -45 46 47 48 49 50
0xe457420bea1a9175 16348 1 2 -3 -4 5 -6 -7 8 -9 -10 11 12 13 -14 15 -16 17 18 19 20 21 22 -23 -24 25 26 27 -28 29 -30 -31 -32 -33 34 -35 -36 37 38 39 40 41 -42 43 -44 -45 46 47 48 49 50
0x15f71fc4dc5b4e9f 16348 1 2 -3 -4 5 -6 -7 8 -9 -10 11 12 13 -14 15 -16 17 18 19 20 21 22 -23 -24 25 26 27 -28 29 -30 -31 -32 -33 34 -35 -36 37 38 39 40 41 -42 43 -44 -45 46 47 48 49 50
0xeb89d759a2b58229 16348 1 2 -3 -4 5 -6 -7 8 -9 -10 11 12 13 -14 15 -16 17 18 19 20 21 22 -23 -24 25 26 27 -28 29 -30 -31 -32 -33 34 -35 -36 37 38 39 40 41 -42 43 -44 -45 46 47 48 49 50
0xbc5055bbaf57f04 16348 1 2 -3 -4 5 -6 -7 8 -9 -10 11 12 13 -14 15 -16 17 18 19 20 21 22 -23 -24 25 26 27 -28 29 -30 -31 -32 -33 34 -35 -36 37 38 39 40 41 -42 43 -44 -45 46 47 48 49 50
0x3e2bc08ff61f5841 16348 1 2 -3 -4 5 -6 -7 8 -9 -10 11 12 13 -14 15 -16 17 18 19 20 21 22 -23 -24 25 26 27 -28 29 -30 -31 -32 -33 34 -35 -36 37 38 39 40 41 -42 43 -44 -45 46 47 48 49 50
0xe294c16f4e0ab29a 16348 1 2 -3 -4 5 -6 -7 8 -9 -10 11 12 13 -14 15 -16 17 18 19 20 21 22 -23 -24 25 26 27 -28 29 -30 -31 -32 -33 34 -35 -36 37 38 39 40 41 -42 43 -44 -45 46 47 48 49 50
0x4392d9a6013aa5e8 16348 1 2 -3 -4 5 -6 -7 8 -9 -10 11 12 13 -14 15 -16 17 18 19 20 21 22 -23 -24 25 26 27 -28 29 -30 -31 -32 -33 34 -35 -36 37 38 39 40 41 -42 43 -44 -45 46 47 48 49 50
0xef6dbb94e207aeac 16348 1 2 -3 -4 5 -6 -7 8 -9 -10 11 12 13 -14 15 -16 17 18 19 20 21 22 -23 -24 25 26 27 -28 29 -30 -31 -32 -33 34 -35 -36 37 38 39 40 41 -42 43 -44 -45 46 47 48 49 50
0x829911d23471af89 16348 1 2 -3 -4 5 -6 -7 8 -9 -10 11 12 13 -14 15 -16 17 18 19 20 21 22 -23 -24 25 26 27 -28 29 -30 -31 -32 -33 34 -35 -36 37 38 39 40 41 -42 43 -44 -45 46 47 48 49 50
0x85d7e6a57c3002c6 16348 1 2 -3 -4 5 -6 -7 8 -9 -10 11 12 13 -14 15 -16 17 18 19 20 21 22 -23 -24 25 26 27 -28 29 -30 -31 -32 -33 34 -35 -36 37 38 39 40 41 -42 43 -44 -45 46 47 48 49 50
0xd4dfb5fe33455039 16348 1 2 -3 -4 5 -6 -7 8 -9 -10 11 12 13 -14 15 -16 17 18 19 20 21 22 -23 -24 25 26 27 -28 29 -30 -31 -32 -33 34 -35 -36 37 38 39 40 41 -42 43 -44 -45 46 47 48 49 50
0x6281f7ed9145a7d2 16348 1 2 -3 -4 5 -6 -7 8 -9 -10 11 12 13 -14 15 -16 17 18 19 20 21 22 -23 -24 25 26 27 -28 29 -30 -31 -32 -33 34 -35 -36 37 38 39 40 41 -42 43 -44 -45 46 47 48 49 50
0x77485384e86eae59 16348 1 2 -3 -4 5 -6 -7 8 -9 -10 11 12 13 -14 15 -16 17 18 19 20 21 22 -23 -24 25 26 27 -28 29 -30 -31 -32 -33 34 -35 -36 37 38 39 40 41 -42 43 -44 -45 46 47 48 49 50
0xd3c47f38346323ee 16348 1 2 -3 -4 5 -6 -7 8 -9 -10 11 12 13 -14 15 -16 17 18 19 20 21 22 -23 -24 25 26 27 -28 29 -30 -31 -32 -33 34 -35 -36 37 38 39 40 41 -42 43 -44 -45 46 47 48 49 50