0x3b38a287ebb8bd12 18897 1 2 3 4 5 6 7 8 9 -10 11 -12 -13 -14 -15 16 17 -18 19 -20 21 22 23 24 25 -26 27 28 29 30 -31 -32 33 34 -35 -36 -37 38 39 -40 41 42 -43 44 45 -46 -47 48 -49 50
0x395f58061bbf3c9e 18897 1 2 3 4 5 6 7 8 9 -10 11 -12 -13 -14 -15 16 17 -18 19 -20 21 22 23 24 25 -26 27 28 29 30 -31 -32 33 34 -35 -36 -37 38 39 -40 41 42 -43 44 45 -46 -47 48 -49 50
0x8d810ba47102e516 18897 1 2 3 4 5 6 7 8 9 -10 11 -12 -13 -14 -15 16 17 -18 19 -20 21 22 23 24 25 -26 27 28 29 30 -31 -32 33 34 -35 -36 -37 38 39 -40 41 42 -43 44 45 -46 -47 48 -49 50
0xd685f7edbd1db5b5 18897 1 2 3 4 5 6 7 8 9 -10 11 -12 -13 -14 -15 16 17 -18 19 -20 21 22 23 24 25 -26 27 28 29 30 -31 -32 33 34 -35 -36 -37 38 39 -40 41 42 -43 44 45 -46 -47 48 -49 50
0x786e6c268d74365b 18897 1 2 3 4 5 6 7 8 9 -10 11 -12 -13 -14 -15 16 17 -18 19 -20 21 22 23 24 25 -26 27 28 29 30 -31 -32 33 34 -35 -36 -37 38 39 -40 41 42 -43 44 45 -46 -47 48 -49 50
0x355163c0b5b8f90a 18897 1 2 3 4 5 6 7 8 9 -10 11 -12 -13 -14 -15 16 17 -18 19 -20 21 22 23 24 25 -26 27 28 29 30 -31 -32 33 34 -35 -36 -37 38 39 -40 41 42 -43 44 45 -46 -47 48 -49 50
0x40576de73abe2b6a 18897 1 2 3 4 5 6 7 8 9 -10 11 -12 -13 -14 -15 16 17 -18 19 -20 21 22 23 24 25 -26 27 28 29 30 -31 -32 33 34 -35 -36 -37 38 39 -40 41 42 -43 44 45 -46 -47 48 -49 50
0xca1fe4f6336b3847 18897 1 2 3 4 5 6 7 8 9 -10 11 -12 -13 -14 -15 16 17 -18 19 -20 21 22 23 24 25 -26 27 28 29 30 -31 -32 33 34 -35 -36 -37 38 39 -40 41 42 -43 44 45 -46 -47 48 -49 50
0x6d3e75fcabec7911 18897 1 2 3 4 5 6 7 8 9 -10 11 -12 -13 -14 -15 16 17 -18 19 -20 21 22 23 24 25 -26 27 28 29 30 -31 -32 33 34 -35 -36 -37 38 39 -40 41 42 -43 44 45 -46 -47 48 -49 50
0x40bef841a572f759 18897 1 2 3 4 5 6 7 8 9 -10 11 -12 -13 -14 -15 16 17 -18 19 -20 21 22 23 24 25 -26 27 28 29 30 -31 -32 33 34 -35 -36 -37 38 39 -40 41 42 -43 44 45 -46 -47 48 -49 50
0xaddd94bdf31a3e58 18897 1 2 3 4 5 6 7 8 9 -10 11 -12 -13 -14 -15 16 17 -18 19 -20 21 22 23 24 25 -26 27 28 29 30 -31 -32 33 34 -35 -36 -37 38 39 -40 41 42 -43 44 45 -46 -47 48 -49 50
0x75613d9df2ca3c69 18897 1 2 3 4 5 6 7 8 9 -10 11 -12 -13 -14 -15 16 17 -18 19 -20 21 22 23 24 25 -26 27 28 29 30 -31 -32 33 34 -35 -36 -37 38 39 -40 41 42 -43 44 45 -46 -47 48 -49 50
0x984675c1f72b348b 18897 1 2 3 4 5 6 7 8 9 -10 11 -12 -13 -14 -15 16 17 -18 19 -20 21 22 23 24 25 -26 27 28 29 30 -31 -32 33 34 -35 -36 -37 38 39 -40 41 42 -43 44 45 -46 -47 48 -49 50
0x16a8683fa601bfe3 18897 1 2 3 4 5 6 7 8 9 -10 11 -12 -13 -14 -15 16 17 -18 19 -20 21 22 23 24 25 -26 27 28 29 30 -31 -32 33 34 -35 -36 -37 38 39 -40 41 42 -43 44 45 -46 -47 48 -49 50
0xaf164fdf9488df36 18897 1 2 3 4 5 6 7 8 9 -10 11 -12 -13 -14 -15 16 17 -18 19 -20 21 22 23 24 25 -26 27 28 29 30 -31 -32 33 34 -35 -36 -37 38 39 -40 41 42 -43 44 45 -46 -47 48 -49 50
0xf7c32ea009a01c71 18897 1 2 3 4 5 6 7 8 9 -10 11 -12 -13 -14 -15 16 17 -18 19 -20 21 22 23 24 25 -26 27 28 29 30 -31 -32 33 34 -35 -36 -37 38 39 -40 41 42 -43 44 45 -46 -47 48 -49 50
0x523dd52f03e3bc23 18897 1 2 3 4 5 6 7 8 9 -10 11 -12 -13 -14 -15 16 17 -18 19 -20 21 22 23 24 25 -26 27 28 29 30 -31 -32 33 34 -35 -36 -37 38 39 -40 41 42 -43 44 45 -46 -47 48 -49 50
0x599f3a747004ff00 18897 1 2 3 4 5 6 7 8 9 -10 11 -12 -13 -14 -15 16 17 -18 19 -20 21 22 23 24 25 -26 27 28 29 30 -31 -32 33 34 -35 -36 -37 38 39 -40 41 42 -43 44 45 -46 -47 48 -49 50
0x825d2305e1f8735e 18897 1 2 3 4 5 6 7 8 9 -10 11 -12 -13 -14 -15 16 17 -18 19 -20 21 22 23 24 25 -26 27 28 29 30 -31 -32 33 34 -35 -36 -37 38 39 -40 41 42 -43 44 45 -46 -47 48 -49 50
0xb22f18b321d056b9 18897 1 2 3 4 5 6 7 8 9 -10 11 -12 -13 -14 -15 16 17 -18 19 -20 21 22 23 24 25 -26 27 28 29 30 -31 -32 33 34 -35 -36 -37 38 39 -40 41 42 -43 44 45 -46 -47 48 -49 50
0x9db3b1fb73590731 18897 1 2 3 4 5 6 7 8 9 -10 11 -12 -13 -14 -15 16 17 -18 19 -20 21 22 23 24 25 -26 27 28 29 30 -31 -32 33 34 -35 -36 -37 38 39 -40 41 42 -43 44 45 -46 -47 48 -49 50
0xb8c42993adcd8508 18897 1 2 3 4 5 6 7 8 9 -10 11 -12 -13 -14 -15 16 17 -18 19 -20 21 22 23 24 25 -26 27 28 29 30 -31 -32 33 34 -35 -36 -37 38 39 -40 41 42 -43 44 45 -46 -47 48 -49 50
0x7da445e6ff3a0426 18897 1 2 3 4 5 6 7 8 9 -10 11 -12 -13 -14 -15 16 17 -18 19 -20 21 22 23 24 25 -26 27 28 29 30 -31 -32 33 34 -35 -36 -37 38 39 -40 41 42 -43 44 45 -46 -47 48 -49 50
0xbe7c908e95628d98 18897 1 2 3 4 5 6 7 8 9 -10 11 -12 -13 -14 -15 16 17 -18 19 -20 21 22 23 24 25 -26 27 28 29 30 -31 -32 33 34 -35 -36 -37 38 39 -40 41 42 -43 44 45 -46 -47 48 -49 50
0x9bccdddf5c43b10b 18897 1 2 3 4 5 6 7 8 9 -10 11 -12 -13 -14 -15 16 17 -18 19 -20 21 22 23 24 25 -26 27 28 29 30 -31 -32 33 34 -35 -36 -37 38 39 -40 41 42 -43 44 45 -46 -47 48 -49 50
0xf36698a4f17a19bb 18897 1 2 3 4 5 6 7 8 9 -10 11 -12 -13 -14 -15 16 17 -18 19 -20 21 22 23 24 25 -26 27 28 29 30 -31 -32 33 34 -35 -36 -37 38 39 -40 41 42 -43 44 45 -46 -47 48 -49 50
0x14924fb3f392cea4 18897 1 2 3 4 5 6 7 8 9 -10 11 -12 -13 -14 -15 16 17 -18 19 -20 21 22 23 24 25 -26 27 28 29 30 -31 -32 33 34 -35 -36 -37 38 39 -40 41 42 -43 44 45 -46 -47 48 -49 50
0x96e78fae27eccfb7 18897 1 2 3 4 5 6 7 8 9 -10 11 -12 -13 -14 -15 16 17 -18 19 -20 21 22 23 24 25 -26 27 28 29 30 -31 -32 33 34 -35 -36 -37 38 39 -40 41 42 -43 44 45 -46 -47 48 -49 50
0x7f996ed2348eac8f 18897 1 2 3 4 5 6 7 8 9 -10 11 -12 -13 -14 -15 16 17 -18 19 -20 21 22 23 24 25 -26 27 28 29 30 -31 -32 33 34 -35 -36 -37 38 39 -40 41 42 -43 44 45 -46 -47 48 -49 50
0x171c53713ab00547 18897 1 2 3 4 5 6 7 8 9 -10 11 -12 -13 -14 -15 16 17 -18 19 -20 21 22 23 24 25 -26 27 28 29 30 -31 -32 33 34 -35 -36 -37 38 39 -40 41 42 -43 44 45 -46 -47 48 -49 50