0xe883bdf2bf57fb40 15661 1 2 3 4 5 -6 -7 -8 9 -10 11 -12 13 14 15 -16 17 -18 -19 20 -21 22 23 24 25 -26 -27 28 29 30 -31 -32 -33 34 -35 36 -37 38 -39 -40 -41 42 43 -44 -45 -46 -47 48 49 50
0xeabb98b9a7c0ffbf 15661 1 2 3 4 5 -6 -7 -8 9 -10 11 -12 13 14 15 -16 17 -18 -19 20 -21 22 23 24 25 -26 -27 28 29 30 -31 -32 -33 34 -35 36 -37 38 -39 -40 -41 42 43 -44 -45 -46 -47 48 49 50
0x4c86cce16aaf61d3 15661 1 2 3 4 5 -6 -7 -8 9 -10 11 -12 13 14 15 -16 17 -18 -19 20 -21 22 23 24 25 -26 -27 28 29 30 -31 -32 -33 34 -35 36 -37 38 -39 -40 -41 42 43 -44 -45 -46 -47 48 49 50
0x4fc2def07a092298 15661 1 2 3 4 5 -6 -7 -8 9 -10 11 -12 13 14 15 -16 17 -18 -19 20 -21 22 23 24 25 -26 -27 28 29 30 -31 -32 -33 34 -35 36 -37 38 -39 -40 -41 42 43 -44 -45 -46 -47 48 49 50
0x517cd942c49cb66b 15661 1 2 3 4 5 -6 -7 -8 9 -10 11 -12 13 14 15 -16 17 -18 -19 20 -21 22 23 24 25 -26 -27 28 29 30 -31 -32 -33 34 -35 36 -37 38 -39 -40 -41 42 43 -44 -45 -46 -47 48 49 50
0x4c486f8b3920226e 15661 1 2 3 4 5 -6 -7 -8 9 -10 11 -12 13 14 15 -16 17 -18 -19 20 -21 22 23 24 25 -26 -27 28 29 30 -31 -32 -33 34 -35 36 -37 38 -39 -40 -41 42 43 -44 -45 -46 -47 48 49 50
0x3e33f249d5d4aa09 15661 1 2 3 4 5 -6 -7 -8 9 -10 11 -12 13 14 15 -16 17 -18 -19 20 -21 22 23 24 25 -26 -27 28 29 30 -31 -32 -33 34 -35 36 -37 38 -39 -40 -41 42 43 -44 -45 -46 -47 48 49 50
0x8277125915950c65 15661 1 2 3 4 5 -6 -7 -8 9 -10 11 -12 13 14 15 -16 17 -18 -19 20 -21 22 23 24 25 -26 -27 28 29 30 -31 -32 -33 34 -35 36 -37 38 -39 -40 -41 42 43 -44 -45 -46 -47 48 49 50
0x83a74638b5451f1 15661 1 2 3 4 5 -6 -7 -8 9 -10 11 -12 13 14 15 -16 17 -18 -19 20 -21 22 23 24 25 -26 -27 28 29 30 -31 -32 -33 34 -35 36 -37 38 -39 -40 -41 42 43 -44 -45 -46 -47 48 49 50
0xe1161469d55329df 15661 1 2 3 4 5 -6 -7 -8 9 -10 11 -12 13 14 15 -16 17 -18 -19 20 -21 22 23 24 25 -26 -27 28 29 30 -31 -32 -33 34 -35 36 -37 38 -39 -40 -41 42 43 -44 -45 -46 -47 48 49 50
0xeb24793fc191d7a6 15661 1 2 3 4 5 -6 -7 -8 9 -10 11 -12 13 14 15 -16 17 -18 -19 20 -21 22 23 24 25 -26 -27 28 29 30 -31 -32 -33 34 -35 36 -37 38 -39 -40 -41 42 43 -44 -45 -46 -47 48 49 50
0x5bc8b80b8544b080 15661 1 2 3 4 5 -6 -7 -8 9 -10 11 -12 13 14 15 -16 17 -18 -19 20 -21 22 23 24 25 -26 -27 28 29 30 -31 -32 -33 34 -35 36 -37 38 -39 -40 -41 42 43 -44 -45 -46 -47 48 49 50
0xa98547cc495128eb 15661 1 2 3 4 5 -6 -7 -8 9 -10 11 -12 13 14 15 -16 17 -18 -19 20 -21 22 23 24 25 -26 -27 28 29 30 -31 -32 -33 34 -35 36 -37 38 -39 -40 -41 42 43 -44 -45 -46 -47 48 49 50
0xc481a4cf0619722a 15661 1 2 3 4 5 -6 -7 -8 9 -10 11 -12 13 14 15 -16 17 -18 -19 20 -21 22 23 24 25 -26 -27 28 29 30 -31 -32 -33 34 -35 36 -37 38 -39 -40 -41 42 43 -44 -45 -46 -47 48 49 50
0xb69cc438b91ca7c3 15661 1 2 3 4 5 -6 -7 -8 9 -10 11 -12 13 14 15 -16 17 -18 -19 20 -21 22 23 24 25 -26 -27 28 29 30 -31 -32 -33 34 -35 36 -37 38 -39 -40 -41 42 43 -44 -45 -46 -47 48 49 50
0xa52a578167318d00 15661 1 2 3 4 5 -6 -7 -8 9 -10 11 -12 13 14 15 -16 17 -18 -19 20 -21 22 23 24 25 -26 -27 28 29 30 -31 -32 -33 34 -35 36 -37 38 -39 -40 -41 42 43 -44 -45 -46 -47 48 49 50
0xc7b8dff41e61da71 15661 1 2 3 4 5 -6 -7 -8 9 -10 11 -12 13 14 15 -16 17 -18 -19 20 -21 22 23 24 25 -26 -27 28 29 30 -31 -32 -33 34 -35 36 -37 38 -39 -40 -41 42 43 -44 -45 -46 -47 48 49 50
0x387e923242ac1b66 15661 1 2 3 4 5 -6 -7 -8 9 -10 11 -12 13 14 15 -16 17 -18 -19 20 -21 22 23 24 25 -26 -27 28 29 30 -31 -32 -33 34 -35 36 -37 38 -39 -40 -41 42 43 -44 -45 -46 -47 48 49 50
0x8c4b09ade1321b77 15661 1 2 3 4 5 -6 -7 -8 9 -10 11 -12 13 14 15 -16 17 -18 -19 20 -21 22 23 24 25 -26 -27 28 29 30 -31 -32 -33 34 -35 36 -37 38 -39 -40 -41 42 43 -44 -45 -46 -47 48 49 50
0xe11bcc2f8d99e3fe 15661 1 2 3 4 5 -6 -7 -8 9 -10 11 -12 13 14 15 -16 17 -18 -19 20 -21 22 23 24 25 -26 -27 28 29 30 -31 -32 -33 34 -35 36 -37 38 -39 -40 -41 42 43 -44 -45 -46 -47 48 49 50
0x8bb19d546da7499a 15661 1 2 3 4 5 -6 -7 -8 9 -10 11 -12 13 14 15 -16 17 -18 -19 20 -21 22 23 24 25 -26 -27 28 29 30 -31 -32 -33 34 -35 36 -37 38 -39 -40 -41 42 43 -44 -45 -46 -47 48 49 50
0xbdc4a20a8f5409ac 15661 1 2 3 4 5 -6 -7 -8 9 -10 11 -12 13 14 15 -16 17 -18 -19 20 -21 22 23 24 25 -26 -27 28 29 30 -31 -32 -33 34 -35 36 -37 38 -39 -40 -41 42 43 -44 -45 -46 -47 48 49 50
0x67b5541775ec77db 15661 1 2 3 4 5 -6 -7 -8 9 -10 11 -12 13 14 15 -16 17 -18 -19 20 -21 22 23 24 25 -26 -27 28 29 30 -31 -32 -33 34 -35 36 -37 38 -39 -40 -41 42 43 -44 -45 -46 -47 48 49 50
0x39d84590f2f6bb92 15661 1 2 3 4 5 -6 -7 -8 9 -10 11 -12 13 14 15 -16 17 -18 -19 20 -21 22 23 24 25 -26 -27 28 29 30 -31 -32 -33 34 -35 36 -37 38 -39 -40 -41 42 43 -44 -45 -46 -47 48 49 50
0x2bab463dfea9d7f 15661 1 2 3 4 5 -6 -7 -8 9 -10 11 -12 13 14 15 -16 17 -18 -19 20 -21 22 23 24 25 -26 -27 28 29 30 -31 -32 -33 34 -35 36 -37 38 -39 -40 -41 42 43 -44 -45 -46 -47 48 49 50
0x7a9c03ace366bfe0 15661 1 2 3 4 5 -6 -7 -8 9 -10 11 -12 13 14 15 -16 17 -18 -19 20 -21 22 23 24 25 -26 -27 28 29 30 -31 -32 -33 34 -35 36 -37 38 -39 -40 -41 42 43 -44 -45 -46 -47 48 49 50
0x48a781eab1994607 15661 1 2 3 4 5 -6 -7 -8 9 -10 11 -12 13 14 15 -16 17 -18 -19 20 -21 22 23 24 25 -26 -27 28 29 30 -31 -32 -33 34 -35 36 -37 38 -39 -40 -41 42 43 -44 -45 -46 -47 48 49 50
0xbd04471b7711ddd3 15661 1 2 3 4 5 -6 -7 -8 9 -10 11 -12 13 14 15 -16 17 -18 -19 20 -21 22 23 24 25 -26 -27 28 29 30 -31 -32 -33 34 -35 36 -37 38 -39 -40 -41 42 43 -44 -45 -46 -47 48 49 50
0xb6ba269803494fde 15661 1 2 3 4 5 -6 -7 -8 9 -10 11 -12 13 14 15 -16 17 -18 -19 20 -21 22 23 24 25 -26 -27 28 29 30 -31 -32 -33 34 -35 36 -37 38 -39 -40 -41 42 43 -44 -45 -46 -47 48 49 50
0x32b0215b9157e295 15661 1 2 3 4 5 -6 -7 -8 9 -10 11 -12 13 14 15 -16 17 -18 -19 20 -21 22 23 24 25 -26 -27 28 29 30 -31 -32 -33 34 -35 36 -37 38 -39 -40 -41 42 43 -44 -45 -46 -47 48 49 50