0x3b0d767831539d87 15725 1 -2 3 4 -5 6 7 8 -9 10 -11 12 13 -14 -15 16 -17 18 -19 -20 21 22 -23 24 25 26 27 28 -29 -30 31 -32 -33 34 35 -36 37 -38 -39 -40 41 42 -43 44 -45 -46 -47 48 -49 50
0x7ad73a7902dfcc05 15725 1 -2 3 4 -5 6 7 8 -9 10 -11 12 13 -14 -15 16 -17 18 -19 -20 21 22 -23 24 25 26 27 28 -29 -30 31 -32 -33 34 35 -36 37 -38 -39 -40 41 42 -43 44 -45 -46 -47 48 -49 50
0x95154aa3127494d9 15725 1 -2 3 4 -5 6 7 8 -9 10 -11 12 13 -14 -15 16 -17 18 -19 -20 21 22 -23 24 25 26 27 28 -29 -30 31 -32 -33 34 35 -36 37 -38 -39 -40 41 42 -43 44 -45 -46 -47 48 -49 50
0x7144517008d77394 15725 1 -2 3 4 -5 6 7 8 -9 10 -11 12 13 -14 -15 16 -17 18 -19 -20 21 22 -23 24 25 26 27 28 -29 -30 31 -32 -33 34 35 -36 37 -38 -39 -40 41 42 -43 44 -45 -46 -47 48 -49 50
0x3819254ee825d2ac 15725 1 -2 3 4 -5 6 7 8 -9 10 -11 12 13 -14 -15 16 -17 18 -19 -20 21 22 -23 24 25 26 27 28 -29 -30 31 -32 -33 34 35 -36 37 -38 -39 -40 41 42 -43 44 -45 -46 -47 48 -49 50
0x80a15822cd9f24fa 15725 1 -2 3 4 -5 6 7 8 -9 10 -11 12 13 -14 -15 16 -17 18 -19 -20 21 22 -23 24 25 26 27 28 -29 -30 31 -32 -33 34 35 -36 37 -38 -39 -40 41 42 -43 44 -45 -46 -47 48 -49 50
0xf8d516c1d08e0f3b 15725 1 -2 3 4 -5 6 7 8 -9 10 -11 12 13 -14 -15 16 -17 18 -19 -20 21 22 -23 24 25 26 27 28 -29 -30 31 -32 -33 34 35 -36 37 -38 -39 -40 41 42 -43 44 -45 -46 -47 48 -49 50
0x51e858785b86a191 15725 1 -2 3 4 -5 6 7 8 -9 10 -11 12 13 -14 -15 16 -17 18 -19 -20 21 22 -23 24 25 26 27 28 -29 -30 31 -32 -33 34 35 -36 37 -38 -39 -40 41 42 -43 44 -45 -46 -47 48 -49 50
0xd3e95e82f76fa100 15725 1 -2 3 4 -5 6 7 8 -9 10 -11 12 13 -14 -15 16 -17 18 -19 -20 21 22 -23 24 25 26 27 28 -29 -30 31 -32 -33 34 35 -36 37 -38 -39 -40 41 42 -43 44 -45 -46 -47 48 -49 50
0xf7a8397320ce0f3 15725 1 -2 3 4 -5 6 7 8 -9 10 -11 12 13 -14 -15 16 -17 18 -19 -20 21 22 -23 24 25 26 27 28 -29 -30 31 -32 -33 34 35 -36 37 -38 -39 -40 41 42 -43 44 -45 -46 -47 48 -49 50
0xafb55b591400acb7 15725 1 -2 3 4 -5 6 7 8 -9 10 -11 12 13 -14 -15 16 -17 18 -19 -20 21 22 -23 24 25 26 27 28 -29 -30 31 -32 -33 34 35 -36 37 -38 -39 -40 41 42 -43 44 -45 -46 -47 48 -49 50
0x718521e67c7a40fd 15725 1 -2 3 4 -5 6 7 8 -9 10 -11 12 13 -14 -15 16 -17 18 -19 -20 21 22 -23 24 25 26 27 28 -29 -30 31 -32 -33 34 35 -36 37 -38 -39 -40 41 42 -43 44 -45 -46 -47 48 -49 50
0xc1067b4bb307555a 15725 1 -2 3 4 -5 6 7 8 -9 10 -11 12 13 -14 -15 16 -17 18 -19 -20 21 22 -23 24 25 26 27 28 -29 -30 31 -32 -33 34 35 -36 37 -38 -39 -40 41 42 -43 44 -45 -46 -47 48 -49 50
0x70ba830c923eb5c8 15725 1 -2 3 4 -5 6 7 8 -9 10 -11 12 13 -14 -15 16 -17 18 -19 -20 21 22 -23 24 25 26 27 28 -29 -30 31 -32 -33 34 35 -36 37 -38 -39 -40 41 42 -43 44 -45 -46 -47 48 -49 50
0x699b2ba0d839ec25 15725 1 -2 3 4 -5 6 7 8 -9 10 -11 12 13 -14 -15 16 -17 18 -19 -20 21 22 -23 24 25 26 27 28 -29 -30 31 -32 -33 34 35 -36 37 -38 -39 -40 41 42 -43 44 -45 -46 -47 48 -49 50
0x165eedf26c13f9b1 15725 1 -2 3 4 -5 6 7 8 -9 10 -11 12 13 -14 -15 16 -17 18 -19 -20 21 22 -23 24 25 26 27 28 -29 -30 31 -32 -33 34 35 -36 37 -38 -39 -40 41 42 -43 44 -45 -46 -47 48 -49 50
0xa779c8dfc1e32092 15725 1 -2 3 4 -5 6 7 8 -9 10 -11 12 13 -14 -15 16 -17 18 -19 -20 21 22 -23 24 25 26 27 28 -29 -30 31 -32 -33 34 35 -36 37 -38 -39 -40 41 42 -43 44 -45 -46 -47 48 -49 50
0x20a990bcf8e3bd51 15725 1 -2 3 4 -5 6 7 8 -9 10 -11 12 13 -14 -15 16 -17 18 -19 -20 21 22 -23 24 25 26 27 28 -29 -30 31 -32 -33 34 35 -36 37 -38 -39 -40 41 42 -43 44 -45 -46 -47 48 -49 50
0x6c1b8ed0d9ca305d 15725 1 -2 3 4 -5 6 7 8 -9 10 -11 12 13 -14 -15 16 -17 18 -19 -20 21 22 -23 24 25 26 27 28 -29 -30 31 -32 -33 34 35 -36 37 -38 -39 -40 41 42 -43 44 -45 -46 -47 48 -49 50
0x727970d57d71d785 15725 1 -2 3 4 -5 6 7 8 -9 10 -11 12 13 -14 -15 16 -17 18 -19 -20 21 22 -23 24 25 26 27 28 -29 -30 31 -32 -33 34 35 -36 37 -38 -39 -40 41 42 -43 44 -45 -46 -47 48 -49 50
0x726b88791e5f1780 15725 1 -2 3 4 -5 6 7 8 -9 10 -11 12 13 -14 -15 16 -17 18 -19 -20 21 22 -23 24 25 26 27 28 -29 -30 31 -32 -33 34 35 -36 37 -38 -39 -40 41 42 -43 44 -45 -46 -47 48 -49 50
0x855e5ae069ca7567 15725 1 -2 3 4 -5 6 7 8 -9 10 -11 12 13 -14 -15 16 -17 18 -19 -20 21 22 -23 24 25 26 27 28 -29 -30 31 -32 -33 34 35 -36 37 -38 -39 -40 41 42 -43 44 -45 -46 -47 48 -49 50
0x6a9980208f2ac037 15725 1 -2 3 4 -5 6 7 8 -9 10 -11 12 13 -14 -15 16 -17 18 -19 -20 21 22 -23 24 25 26 27 28 -29 -30 31 -32 -33 34 35 -36 37 -38 -39 -40 41 42 -43 44 -45 -46 -47 48 -49 50
0x54f5d2c64f744a51 15725 1 -2 3 4 -5 6 7 8 -9 10 -11 12 13 -14 -15 16 -17 18 -19 -20 21 22 -23 24 25 26 27 28 -29 -30 31 -32 -33 34 35 -36 37 -38 -39 -40 41 42 -43 44 -45 -46 -47 48 -49 50
0xa3e4287885aa029e 15725 1 -2 3 4 -5 6 7 8 -9 10 -11 12 13 -14 -15 16 -17 18 -19 -20 21 22 -23 24 25 26 27 28 -29 -30 31 -32 -33 34 35 -36 37 -38 -39 -40 41 42 -43 44 -45 -46 -47 48 -49 50
0x8c7384428d967d57 15725 1 -2 3 4 -5 6 7 8 -9 10 -11 12 13 -14 -15 16 -17 18 -19 -20 21 22 -23 24 25 26 27 28 -29 -30 31 -32 -33 34 35 -36 37 -38 -39 -40 41 42 -43 44 -45 -46 -47 48 -49 50
0x6b7c371301140e1f 15725 1 -2 3 4 -5 6 7 8 -9 10 -11 12 13 -14 -15 16 -17 18 -19 -20 21 22 -23 24 25 26 27 28 -29 -30 31 -32 -33 34 35 -36 37 -38 -39 -40 41 42 -43 44 -45 -46 -47 48 -49 50
0x7070affd36c425ee 15725 1 -2 3 4 -5 6 7 8 -9 10 -11 12 13 -14 -15 16 -17 18 -19 -20 21 22 -23 24 25 26 27 28 -29 -30 31 -32 -33 34 35 -36 37 -38 -39 -40 41 42 -43 44 -45 -46 -47 48 -49 50
0x997c2d9b8ef34137 15459 1 -2 3 4 -5 6 7 8 -9 10 -11 -12 13 -14 -15 16 -17 18 -19 -20 21 22 -23 24 25 26 27 28 -29 -30 31 -32 -33 34 35 -36 37 -38 -39 -40 41 42 -43 44 -45 -46 -47 48 -49 50
0x24f4e2fca7da19b4 15725 1 -2 3 4 -5 6 7 8 -9 10 -11 12 13 -14 -15 16 -17 18 -19 -20 21 22 -23 24 25 26 27 28 -29 -30 31 -32 -33 34 35 -36 37 -38 -39 -40 41 42 -43 44 -45 -46 -47 48 -49 50