0xc81a7e39614cc872 14796 1 2 3 4 5 -6 -7 8 -9 10 -11 12 13 14 -15 -16 17 -18 19 20 21 22 -23 -24 25 26 -27 28 29 -30 -31 -32 -33 34 35 36 37 38 39 -40 -41 42 -43 44 -45 46 -47 48 49 50
0xa42c1823f95c508f 14796 1 2 3 4 5 -6 -7 8 -9 10 -11 12 13 14 -15 -16 17 -18 19 20 21 22 -23 -24 25 26 -27 28 29 -30 -31 -32 -33 34 35 36 37 38 39 -40 -41 42 -43 44 -45 46 -47 48 49 50
0xec02b4124b936564 14796 1 2 3 4 5 -6 -7 8 -9 10 -11 12 13 14 -15 -16 17 -18 19 20 21 22 -23 -24 25 26 -27 28 29 -30 -31 -32 -33 34 35 36 37 38 39 -40 -41 42 -43 44 -45 46 -47 48 49 50
0xf6f38d02dbae9a4e 14796 1 2 3 4 5 -6 -7 8 -9 10 -11 12 13 14 -15 -16 17 -18 19 20 21 22 -23 -24 25 26 -27 28 29 -30 -31 -32 -33 34 35 36 37 38 39 -40 -41 42 -43 44 -45 46 -47 48 49 50
0xd5a2153c74c97233 14796 1 2 3 4 5 -6 -7 8 -9 10 -11 12 13 14 -15 -16 17 -18 19 20 21 22 -23 -24 25 26 -27 28 29 -30 -31 -32 -33 34 35 36 37 38 39 -40 -41 42 -43 44 -45 46 -47 48 49 50
0x3ee5ff8c796a85fc 14796 1 2 3 4 5 -6 -7 8 -9 10 -11 12 13 14 -15 -16 17 -18 19 20 21 22 -23 -24 25 26 -27 28 29 -30 -31 -32 -33 34 35 36 37 38 39 -40 -41 42 -43 44 -45 46 -47 48 49 50
0x15bae6131b14e800 14796 1 2 3 4 5 -6 -7 8 -9 10 -11 12 13 14 -15 -16 17 -18 19 20 21 22 -23 -24 25 26 -27 28 29 -30 -31 -32 -33 34 35 36 37 38 39 -40 -41 42 -43 44 -45 46 -47 48 49 50
0xc2b458223901d165 14796 1 2 3 4 5 -6 -7 8 -9 10 -11 12 13 14 -15 -16 17 -18 19 20 21 22 -23 -24 25 26 -27 28 29 -30 -31 -32 -33 34 35 36 37 38 39 -40 -41 42 -43 44 -45 46 -47 48 49 50
0x8af3e0587151cbe3 14796 1 2 3 4 5 -6 -7 8 -9 10 -11 12 13 14 -15 -16 17 -18 19 20 21 22 -23 -24 25 26 -27 28 29 -30 -31 -32 -33 34 35 36 37 38 39 -40 -41 42 -43 44 -45 46 -47 48 49 50
0xa5c865b64b367c19 14796 1 2 3 4 5 -6 -7 8 -9 10 -11 12 13 14 -15 -16 17 -18 19 20 21 22 -23 -24 25 26 -27 28 29 -30 -31 -32 -33 34 35 36 37 38 39 -40 -41 42 -43 44 -45 46 -47 48 49 50
0x807e236f9c5518cb 14796 1 2 3 4 5 -6 -7 8 -9 10 -11 12 13 14 -15 -16 17 -18 19 20 21 22 -23 -24 25 26 -27 28 29 -30 -31 -32 -33 34 35 36 37 38 39 -40 -41 42 -43 44 -45 46 -47 48 49 50
0x64c0906ec072fc60 14796 1 2 3 4 5 -6 -7 8 -9 10 -11 12 13 14 -15 -16 17 -18 19 20 21 22 -23 -24 25 26 -27 28 29 -30 -31 -32 -33 34 35 36 37 38 39 -40 -41 42 -43 44 -45 46 -47 48 49 50
0xde0696d12c664664 14796 1 2 3 4 5 -6 -7 8 -9 10 -11 12 13 14 -15 -16 17 -18 19 20 21 22 -23 -24 25 26 -27 28 29 -30 -31 -32 -33 34 35 36 37 38 39 -40 -41 42 -43 44 -45 46 -47 48 49 50
0x7b8fa489774cc04c 14796 1 2 3 4 5 -6 -7 8 -9 10 -11 12 13 14 -15 -16 17 -18 19 20 21 22 -23 -24 25 26 -27 28 29 -30 -31 -32 -33 34 35 36 37 38 39 -40 -41 42 -43 44 -45 46 -47 48 49 50
0xabf63dbb2efc51ff 14796 1 2 3 4 5 -6 -7 8 -9 10 -11 12 13 14 -15 -16 17 -18 19 20 21 22 -23 -24 25 26 -27 28 29 -30 -31 -32 -33 34 35 36 37 38 39 -40 -41 42 -43 44 -45 46 -47 48 49 50
0xc19acd9da8a6285 14796 1 2 3 4 5 -6 -7 8 -9 10 -11 12 13 14 -15 -16 17 -18 19 20 21 22 -23 -24 25 26 -27 28 29 -30 -31 -32 -33 34 35 36 37 38 39 -40 -41 42 -43 44 -45 46 -47 48 49 50
0x4c9630100b3188f2 14796 1 2 3 4 5 -6 -7 8 -9 10 -11 12 13 14 -15 -16 17 -18 19 20 21 22 -23 -24 25 26 -27 28 29 -30 -31 -32 -33 34 35 36 37 38 39 -40 -41 42 -43 44 -45 46 -47 48 49 50
0x45271a1c37551760 14796 1 2 3 4 5 -6 -7 8 -9 10 -11 12 13 14 -15 -16 17 -18 19 20 21 22 -23 -24 25 26 -27 28 29 -30 -31 -32 -33 34 35 36 37 38 39 -40 -41 42 -43 44 -45 46 -47 48 49 50
0x17503dcecd38e069 14796 1 2 3 4 5 -6 -7 8 -9 10 -11 12 13 14 -15 -16 17 -18 19 20 21 22 -23 -24 25 26 -27 28 29 -30 -31 -32 -33 34 35 36 37 38 39 -40 -41 42 -43 44 -45 46 -47 48 49 50
0x5d07298ef6848caf 14796 1 2 3 4 5 -6 -7 8 -9 10 -11 12 13 14 -15 -16 17 -18 19 20 21 22 -23 -24 25 26 -27 28 29 -30 -31 -32 -33 34 35 36 37 38 39 -40 -41 42 -43 44 -45 46 -47 48 49 50
0xf39a32d62af88056 14796 1 2 3 4 5 -6 -7 8 -9 10 -11 12 13 14 -15 -16 17 -18 19 20 21 22 -23 -24 25 26 -27 28 29 -30 -31 -32 -33 34 35 36 37 38 39 -40 -41 42 -43 44 -45 46 -47 48 49 50
0xf85351b26cfa5086 14796 1 2 3 4 5 -6 -7 8 -9 10 -11 12 13 14 -15 -16 17 -18 19 20 21 22 -23 -24 25 26 -27 28 29 -30 -31 -32 -33 34 35 36 37 38 39 -40 -41 42 -43 44 -45 46 -47 48 49 50
0xc994cc439edec8ec 14796 1 2 3 4 5 -6 -7 8 -9 10 -11 12 13 14 -15 -16 17 -18 19 20 21 22 -23 -24 25 26 -27 28 29 -30 -31 -32 -33 34 35 36 37 38 39 -40 -41 42 -43 44 -45 46 -47 48 49 50
0x546db242cc178138 14796 1 2 3 4 5 -6 -7 8 -9 10 -11 12 13 14 -15 -16 17 -18 19 20 21 22 -23 -24 25 26 -27 28 29 -30 -31 -32 -33 34 35 36 37 38 39 -40 -41 42 -43 44 -45 46 -47 48 49 50
0x92c0ef4e678332fc 14796 1 2 3 4 5 -6 -7 8 -9 10 -11 12 13 14 -15 -16 17 -18 19 20 21 22 -23 -24 25 26 -27 28 29 -30 -31 -32 -33 34 35 36 37 38 39 -40 -41 42 -43 44 -45 46 -47 48 49 50
0xb8fdedd125ffe513 14796 1 2 3 4 5 -6 -7 8 -9 10 -11 12 13 14 -15 -16 17 -18 19 20 21 22 -23 -24 25 26 -27 28 29 -30 -31 -32 -33 34 35 36 37 38 39 -40 -41 42 -43 44 -45 46 -47 48 49 50
0x25b2a43b0a673ee8 14796 1 2 3 4 5 -6 -7 8 -9 10 -11 12 13 14 -15 -16 17 -18 19 20 21 22 -23 -24 25 26 -27 28 29 -30 -31 -32 -33 34 35 36 37 38 39 -40 -41 42 -43 44 -45 46 -47 48 49 50
0xabef5eece4288765 14796 1 2 3 4 5 -6 -7 8 -9 10 -11 12 13 14 -15 -16 17 -18 19 20 21 22 -23 -24 25 26 -27 28 29 -30 -31 -32 -33 34 35 36 37 38 39 -40 -41 42 -43 44 -45 46 -47 48 49 50
0x2601de9274b7f90a 14796 1 2 3 4 5 -6 -7 8 -9 10 -11 12 13 14 -15 -16 17 -18 19 20 21 22 -23 -24 25 26 -27 28 29 -30 -31 -32 -33 34 35 36 37 38 39 -40 -41 42 -43 44 -45 46 -47 48 49 50
0xc7db4d7d864b5b39 14796 1 2 3 4 5 -6 -7 8 -9 10 -11 12 13 14 -15 -16 17 -18 19 20 21 22 -23 -24 25 26 -27 28 29 -30 -31 -32 -33 34 35 36 37 38 39 -40 -41 42 -43 44 -45 46 -47 48 49 50