0x38f93513ef1c4ee9 14056 1 -2 3 4 -5 -6 -7 -8 -9 -10 11 12 13 -14 15 16 17 -18 -19 20 21 -22 23 24 25 26 -27 28 -29 30 -31 -32 -33 -34 -35 36 37 38 39 40 41 42 -43 44 45 -46 -47 48 49 50
0x6ad1da8a28c000d6 14056 1 -2 3 4 -5 -6 -7 -8 -9 -10 11 12 13 -14 15 16 17 -18 -19 20 21 -22 23 24 25 26 -27 28 -29 30 -31 -32 -33 -34 -35 36 37 38 39 40 41 42 -43 44 45 -46 -47 48 49 50
0xeff7eaca0f69fd8b 14056 1 -2 3 4 -5 -6 -7 -8 -9 -10 11 12 13 -14 15 16 17 -18 -19 20 21 -22 23 24 25 26 -27 28 -29 30 -31 -32 -33 -34 -35 36 37 38 39 40 41 42 -43 44 45 -46 -47 48 49 50
0x13b6203a6c19d5cf 14056 1 -2 3 4 -5 -6 -7 -8 -9 -10 11 12 13 -14 15 16 17 -18 -19 20 21 -22 23 24 25 26 -27 28 -29 30 -31 -32 -33 -34 -35 36 37 38 39 40 41 42 -43 44 45 -46 -47 48 49 50
0xfebcc14e0d44de2f 14056 1 -2 3 4 -5 -6 -7 -8 -9 -10 11 12 13 -14 15 16 17 -18 -19 20 21 -22 23 24 25 26 -27 28 -29 30 -31 -32 -33 -34 -35 36 37 38 39 40 41 42 -43 44 45 -46 -47 48 49 50
0x8d963e2fac88fcfe 14056 1 -2 3 4 -5 -6 -7 -8 -9 -10 11 12 13 -14 15 16 17 -18 -19 20 21 -22 23 24 25 26 -27 28 -29 30 -31 -32 -33 -34 -35 36 37 38 39 40 41 42 -43 44 45 -46 -47 48 49 50
0xa69950490a36be53 14056 1 -2 3 4 -5 -6 -7 -8 -9 -10 11 12 13 -14 15 16 17 -18 -19 20 21 -22 23 24 25 26 -27 28 -29 30 -31 -32 -33 -34 -35 36 37 38 39 40 41 42 -43 44 45 -46 -47 48 49 50
0xa27311bb3a14ab08 14056 1 -2 3 4 -5 -6 -7 -8 -9 -10 11 12 13 -14 15 16 17 -18 -19 20 21 -22 23 24 25 26 -27 28 -29 30 -31 -32 -33 -34 -35 36 37 38 39 40 41 42 -43 44 45 -46 -47 48 49 50
0xfe3206e0972e297c 14056 1 -2 3 4 -5 -6 -7 -8 -9 -10 11 12 13 -14 15 16 17 -18 -19 20 21 -22 23 24 25 26 -27 28 -29 30 -31 -32 -33 -34 -35 36 37 38 39 40 41 42 -43 44 45 -46 -47 48 49 50
0xd4831d6add12f0d0 14056 1 -2 3 4 -5 -6 -7 -8 -9 -10 11 12 13 -14 15 16 17 -18 -19 20 21 -22 23 24 25 26 -27 28 -29 30 -31 -32 -33 -34 -35 36 37 38 39 40 41 42 -43 44 45 -46 -47 48 49 50
0x3a4d9fdd2d02b66b 14056 1 -2 3 4 -5 -6 -7 -8 -9 -10 11 12 13 -14 15 16 17 -18 -19 20 21 -22 23 24 25 26 -27 28 -29 30 -31 -32 -33 -34 -35 36 37 38 39 40 41 42 -43 44 45 -46 -47 48 49 50
0xcb0092d780b2751c 14056 1 -2 3 4 -5 -6 -7 -8 -9 -10 11 12 13 -14 15 16 17 -18 -19 20 21 -22 23 24 25 26 -27 28 -29 30 -31 -32 -33 -34 -35 36 37 38 39 40 41 42 -43 44 45 -46 -47 48 49 50
0x918ffdc312f1bd91 14056 1 -2 3 4 -5 -6 -7 -8 -9 -10 11 12 13 -14 15 16 17 -18 -19 20 21 -22 23 24 25 26 -27 28 -29 30 -31 -32 -33 -34 -35 36 37 38 39 40 41 42 -43 44 45 -46 -47 48 49 50
0x4e8eaa32e7039163 14056 1 -2 3 4 -5 -6 -7 -8 -9 -10 11 12 13 -14 15 16 17 -18 -19 20 21 -22 23 24 25 26 -27 28 -29 30 -31 -32 -33 -34 -35 36 37 38 39 40 41 42 -43 44 45 -46 -47 48 49 50
0x7800465bc1346b0e 14056 1 -2 3 4 -5 -6 -7 -8 -9 -10 11 12 13 -14 15 16 17 -18 -19 20 21 -22 23 24 25 26 -27 28 -29 30 -31 -32 -33 -34 -35 36 37 38 39 40 41 42 -43 44 45 -46 -47 48 49 50
0xbee0019b666f13 14056 1 -2 3 4 -5 -6 -7 -8 -9 -10 11 12 13 -14 15 16 17 -18 -19 20 21 -22 23 24 25 26 -27 28 -29 30 -31 -32 -33 -34 -35 36 37 38 39 40 41 42 -43 44 45 -46 -47 48 49 50
0x8282dc100c07d1ee 14056 1 -2 3 4 -5 -6 -7 -8 -9 -10 11 12 13 -14 15 16 17 -18 -19 20 21 -22 23 24 25 26 -27 28 -29 30 -31 -32 -33 -34 -35 36 37 38 39 40 41 42 -43 44 45 -46 -47 48 49 50
0x30a8812624a19ca6 14056 1 -2 3 4 -5 -6 -7 -8 -9 -10 11 12 13 -14 15 16 17 -18 -19 20 21 -22 23 24 25 26 -27 28 -29 30 -31 -32 -33 -34 -35 36 37 38 39 40 41 42 -43 44 45 -46 -47 48 49 50
0x62135dfbb6aab3d1 14056 1 -2 3 4 -5 -6 -7 -8 -9 -10 11 12 13 -14 15 16 17 -18 -19 20 21 -22 23 24 25 26 -27 28 -29 30 -31 -32 -33 -34 -35 36 37 38 39 40 41 42 -43 44 45 -46 -47 48 49 50
0x1bfc4f6fd74771f3 14056 1 -2 3 4 -5 -6 -7 -8 -9 -10 11 12 13 -14 15 16 17 -18 -19 20 21 -22 23 24 25 26 -27 28 -29 30 -31 -32 -33 -34 -35 36 37 38 39 40 41 42 -43 44 45 -46 -47 48 49 50
0x2753b2e10542f511 14056 1 -2 3 4 -5 -6 -7 -8 -9 -10 11 12 13 -14 15 16 17 -18 -19 20 21 -22 23 24 25 26 -27 28 -29 30 -31 -32 -33 -34 -35 36 37 38 39 40 41 42 -43 44 45 -46 -47 48 49 50
0x8c52e8fe7ed76d34 14056 1 -2 3 4 -5 -6 -7 -8 -9 -10 11 12 13 -14 15 16 17 -18 -19 20 21 -22 23 24 25 26 -27 28 -29 30 -31 -32 -33 -34 -35 36 37 38 39 40 41 42 -43 44 45 -46 -47 48 49 50
0x83f847fbc87ef235 14056 1 -2 3 4 -5 -6 -7 -8 -9 -10 11 12 13 -14 15 16 17 -18 -19 20 21 -22 23 24 25 26 -27 28 -29 30 -31 -32 -33 -34 -35 36 37 38 39 40 41 42 -43 44 45 -46 -47 48 49 50
0x7321d81948ff232f 14056 1 -2 3 4 -5 -6 -7 -8 -9 -10 11 12 13 -14 15 16 17 -18 -19 20 21 -22 23 24 25 26 -27 28 -29 30 -31 -32 -33 -34 -35 36 37 38 39 40 41 42 -43 44 45 -46 -47 48 49 50
0xcc0129861a08d134 14056 1 -2 3 4 -5 -6 -7 -8 -9 -10 11 12 13 -14 15 16 17 -18 -19 20 21 -22 23 24 25 26 -27 28 -29 30 -31 -32 -33 -34 -35 36 37 38 39 40 41 42 -43 44 45 -46 -47 48 49 50
0xde535a3aa3a6d95f 14056 1 -2 3 4 -5 -6 -7 -8 -9 -10 11 12 13 -14 15 16 17 -18 -19 20 21 -22 23 24 25 26 -27 28 -29 30 -31 -32 -33 -34 -35 36 37 38 39 40 41 42 -43 44 45 -46 -47 48 49 50
0xc09886991f72da2f 14056 1 -2 3 4 -5 -6 -7 -8 -9 -10 11 12 13 -14 15 16 17 -18 -19 20 21 -22 23 24 25 26 -27 28 -29 30 -31 -32 -33 -34 -35 36 37 38 39 40 41 42 -43 44 45 -46 -47 48 49 50
0x2346646eac09242 14056 1 -2 3 4 -5 -6 -7 -8 -9 -10 11 12 13 -14 15 16 17 -18 -19 20 21 -22 23 24 25 26 -27 28 -29 30 -31 -32 -33 -34 -35 36 37 38 39 40 41 42 -43 44 45 -46 -47 48 49 50
0xce0ec1dafa8dcb3e 14056 1 -2 3 4 -5 -6 -7 -8 -9 -10 11 12 13 -14 15 16 17 -18 -19 20 21 -22 23 24 25 26 -27 28 -29 30 -31 -32 -33 -34 -35 36 37 38 39 40 41 42 -43 44 45 -46 -47 48 49 50
0xa3b935721f1bb119 14056 1 -2 3 4 -5 -6 -7 -8 -9 -10 11 12 13 -14 15 16 17 -18 -19 20 21 -22 23 24 25 26 -27 28 -29 30 -31 -32 -33 -34 -35 36 37 38 39 40 41 42 -43 44 45 -46 -47 48 49 50