0x5abb724a7253678e 13638 -1 -2 3 4 5 6 -7 8 9 10 11 12 13 14 15 -16 -17 -18 19 20 21 -22 -23 -24 25 -26 27 28 29 30 31 -32 33 -34 -35 36 -37 38 39 -40 41 -42 43 44 45 46 47 -48 49 -50
0x932f42314cba9390 13650 -1 -2 3 -4 5 6 -7 8 9 10 11 12 13 14 -15 -16 -17 -18 19 20 21 -22 -23 -24 25 -26 27 28 29 30 31 -32 33 -34 -35 36 -37 38 39 40 41 -42 43 44 45 46 47 -48 49 -50
0x4eb20e635eb177e1 13650 -1 -2 3 -4 5 6 -7 8 9 10 11 12 13 14 -15 -16 -17 -18 19 20 21 -22 -23 -24 25 -26 27 28 29 30 31 -32 33 -34 -35 36 -37 38 39 40 41 -42 43 44 45 46 47 -48 49 -50
0x816c05010e784cb 13650 -1 -2 3 -4 5 6 -7 8 9 10 11 12 13 14 -15 -16 -17 -18 19 20 21 -22 -23 -24 25 -26 27 28 29 30 31 -32 33 -34 -35 36 -37 38 39 40 41 -42 43 44 45 46 47 -48 49 -50
0xa51e10691a4097b9 13650 -1 -2 3 -4 5 6 -7 8 9 10 11 12 13 14 -15 -16 -17 -18 19 20 21 -22 -23 -24 25 -26 27 28 29 30 31 -32 33 -34 -35 36 -37 38 39 40 41 -42 43 44 45 46 47 -48 49 -50
0x5ff05fdce08e7bb9 13650 -1 -2 3 -4 5 6 -7 8 9 10 11 12 13 14 -15 -16 -17 -18 19 20 21 -22 -23 -24 25 -26 27 28 29 30 31 -32 33 -34 -35 36 -37 38 39 40 41 -42 43 44 45 46 47 -48 49 -50
0x255e14d45022cd14 13650 -1 -2 3 -4 5 6 -7 8 9 10 11 12 13 14 -15 -16 -17 -18 19 20 21 -22 -23 -24 25 -26 27 28 29 30 31 -32 33 -34 -35 36 -37 38 39 40 41 -42 43 44 45 46 47 -48 49 -50
0xa097af8bfc5232ed 13650 -1 -2 3 -4 5 6 -7 8 9 10 11 12 13 14 -15 -16 -17 -18 19 20 21 -22 -23 -24 25 -26 27 28 29 30 31 -32 33 -34 -35 36 -37 38 39 40 41 -42 43 44 45 46 47 -48 49 -50
0x7a0c073b51d5bc79 13650 -1 -2 3 -4 5 6 -7 8 9 10 11 12 13 14 -15 -16 -17 -18 19 20 21 -22 -23 -24 25 -26 27 28 29 30 31 -32 33 -34 -35 36 -37 38 39 40 41 -42 43 44 45 46 47 -48 49 -50
0x24714c017b453db3 13650 -1 -2 3 -4 5 6 -7 8 9 10 11 12 13 14 -15 -16 -17 -18 19 20 21 -22 -23 -24 25 -26 27 28 29 30 31 -32 33 -34 -35 36 -37 38 39 40 41 -42 43 44 45 46 47 -48 49 -50
0x811d920efea69f15 13650 -1 -2 3 -4 5 6 -7 8 9 10 11 12 13 14 -15 -16 -17 -18 19 20 21 -22 -23 -24 25 -26 27 28 29 30 31 -32 33 -34 -35 36 -37 38 39 40 41 -42 43 44 45 46 47 -48 49 -50
0xac798d2ab8bcb321 13650 -1 -2 3 -4 5 6 -7 8 9 10 11 12 13 14 -15 -16 -17 -18 19 20 21 -22 -23 -24 25 -26 27 28 29 30 31 -32 33 -34 -35 36 -37 38 39 40 41 -42 43 44 45 46 47 -48 49 -50
0x17c11c2f6b579bdb 13650 -1 -2 3 -4 5 6 -7 8 9 10 11 12 13 14 -15 -16 -17 -18 19 20 21 -22 -23 -24 25 -26 27 28 29 30 31 -32 33 -34 -35 36 -37 38 39 40 41 -42 43 44 45 46 47 -48 49 -50
0xb71b6674608d06 13650 -1 -2 3 -4 5 6 -7 8 9 10 11 12 13 14 -15 -16 -17 -18 19 20 21 -22 -23 -24 25 -26 27 28 29 30 31 -32 33 -34 -35 36 -37 38 39 40 41 -42 43 44 45 46 47 -48 49 -50
0x94f3d5336be99e99 13650 -1 -2 3 -4 5 6 -7 8 9 10 11 12 13 14 -15 -16 -17 -18 19 20 21 -22 -23 -24 25 -26 27 28 29 30 31 -32 33 -34 -35 36 -37 38 39 40 41 -42 43 44 45 46 47 -48 49 -50
0xfe3874f02c205314 13650 -1 -2 3 -4 5 6 -7 8 9 10 11 12 13 14 -15 -16 -17 -18 19 20 21 -22 -23 -24 25 -26 27 28 29 30 31 -32 33 -34 -35 36 -37 38 39 40 41 -42 43 44 45 46 47 -48 49 -50
0x883c1c8a8b176d94 13650 -1 -2 3 -4 5 6 -7 8 9 10 11 12 13 14 -15 -16 -17 -18 19 20 21 -22 -23 -24 25 -26 27 28 29 30 31 -32 33 -34 -35 36 -37 38 39 40 41 -42 43 44 45 46 47 -48 49 -50
0x88c326a4e5648dd7 13638 -1 -2 3 4 5 6 -7 8 9 10 11 12 13 14 15 -16 -17 -18 19 20 21 -22 -23 -24 25 -26 27 28 29 30 31 -32 33 -34 -35 36 -37 38 39 -40 41 -42 43 44 45 46 47 -48 49 -50
0x854f3e12093731c1 13650 -1 -2 3 -4 5 6 -7 8 9 10 11 12 13 14 -15 -16 -17 -18 19 20 21 -22 -23 -24 25 -26 27 28 29 30 31 -32 33 -34 -35 36 -37 38 39 40 41 -42 43 44 45 46 47 -48 49 -50
0x42dbc55b988dc6da 13650 -1 -2 3 -4 5 6 -7 8 9 10 11 12 13 14 -15 -16 -17 -18 19 20 21 -22 -23 -24 25 -26 27 28 29 30 31 -32 33 -34 -35 36 -37 38 39 40 41 -42 43 44 45 46 47 -48 49 -50
0x55148e3f565ecbcb 13650 -1 -2 3 -4 5 6 -7 8 9 10 11 12 13 14 -15 -16 -17 -18 19 20 21 -22 -23 -24 25 -26 27 28 29 30 31 -32 33 -34 -35 36 -37 38 39 40 41 -42 43 44 45 46 47 -48 49 -50
0x69b4e12b88cc01e6 13650 -1 -2 3 -4 5 6 -7 8 9 10 11 12 13 14 -15 -16 -17 -18 19 20 21 -22 -23 -24 25 -26 27 28 29 30 31 -32 33 -34 -35 36 -37 38 39 40 41 -42 43 44 45 46 47 -48 49 -50
0x2bfcd4c7e8b5ae9d 13650 -1 -2 3 -4 5 6 -7 8 9 10 11 12 13 14 -15 -16 -17 -18 19 20 21 -22 -23 -24 25 -26 27 28 29 30 31 -32 33 -34 -35 36 -37 38 39 40 41 -42 43 44 45 46 47 -48 49 -50
0x336af56b7d43ed08 13650 -1 -2 3 -4 5 6 -7 8 9 10 11 12 13 14 -15 -16 -17 -18 19 20 21 -22 -23 -24 25 -26 27 28 29 30 31 -32 33 -34 -35 36 -37 38 39 40 41 -42 43 44 45 46 47 -48 49 -50
0x283ca4403c0f62 13650 -1 -2 3 -4 5 6 -7 8 9 10 11 12 13 14 -15 -16 -17 -18 19 20 21 -22 -23 -24 25 -26 27 28 29 30 31 -32 33 -34 -35 36 -37 38 39 40 41 -42 43 44 45 46 47 -48 49 -50
0x8ed458b27e38108a 13650 -1 -2 3 -4 5 6 -7 8 9 10 11 12 13 14 -15 -16 -17 -18 19 20 21 -22 -23 -24 25 -26 27 28 29 30 31 -32 33 -34 -35 36 -37 38 39 40 41 -42 43 44 45 46 47 -48 49 -50
0x8ca0440994161584 13650 -1 -2 3 -4 5 6 -7 8 9 10 11 12 13 14 -15 -16 -17 -18 19 20 21 -22 -23 -24 25 -26 27 28 29 30 31 -32 33 -34 -35 36 -37 38 39 40 41 -42 43 44 45 46 47 -48 49 -50
0xabe52cd5f135fef7 13650 -1 -2 3 -4 5 6 -7 8 9 10 11 12 13 14 -15 -16 -17 -18 19 20 21 -22 -23 -24 25 -26 27 28 29 30 31 -32 33 -34 -35 36 -37 38 39 40 41 -42 43 44 45 46 47 -48 49 -50
0x2c6128f062621462 13650 -1 -2 3 -4 5 6 -7 8 9 10 11 12 13 14 -15 -16 -17 -18 19 20 21 -22 -23 -24 25 -26 27 28 29 30 31 -32 33 -34 -35 36 -37 38 39 40 41 -42 43 44 45 46 47 -48 49 -50
0x60387ec5c737b36a 13650 -1 -2 3 -4 5 6 -7 8 9 10 11 12 13 14 -15 -16 -17 -18 19 20 21 -22 -23 -24 25 -26 27 28 29 30 31 -32 33 -34 -35 36 -37 38 39 40 41 -42 43 44 45 46 47 -48 49 -50