0x1380a544008492a6 3693 1 2 -3 -4 5 -6 7 -8 -9 -10 11 12 -13 14 15 -16 17 -18 19 20 21 22 23 24 -25 26 27 28 29 30 -31 32 33 -34 -35 36 37 38 39 -40 -41 42 43 44 -45 -46 47 -48 -49 -50
0xa06b6b47f5ab0656 3693 1 2 -3 -4 5 -6 7 -8 -9 -10 11 12 -13 14 15 -16 17 -18 19 20 21 22 23 24 -25 26 27 28 29 30 -31 32 33 -34 -35 36 37 38 39 -40 -41 42 43 44 -45 -46 47 -48 -49 -50
0x1c7ca5849ed4806 3693 1 2 -3 -4 5 -6 7 -8 -9 -10 11 12 -13 14 15 -16 17 -18 19 20 21 22 23 24 -25 26 27 28 29 30 -31 32 33 -34 -35 36 37 38 39 -40 -41 42 43 44 -45 -46 47 -48 -49 -50
0xf402dca28e193ba1 3693 1 2 -3 -4 5 -6 7 -8 -9 -10 11 12 -13 14 15 -16 17 -18 19 20 21 22 23 24 -25 26 27 28 29 30 -31 32 33 -34 -35 36 37 38 39 -40 -41 42 43 44 -45 -46 47 -48 -49 -50
0xb61f65c87167df5b 3693 1 2 -3 -4 5 -6 7 -8 -9 -10 11 12 -13 14 15 -16 17 -18 19 20 21 22 23 24 -25 26 27 28 29 30 -31 32 33 -34 -35 36 37 38 39 -40 -41 42 43 44 -45 -46 47 -48 -49 -50
0xb139a28b54498dda 3693 1 2 -3 -4 5 -6 7 -8 -9 -10 11 12 -13 14 15 -16 17 -18 19 20 21 22 23 24 -25 26 27 28 29 30 -31 32 33 -34 -35 36 37 38 39 -40 -41 42 43 44 -45 -46 47 -48 -49 -50
0xc5860802d48a1588 3693 1 2 -3 -4 5 -6 7 -8 -9 -10 11 12 -13 14 15 -16 17 -18 19 20 21 22 23 24 -25 26 27 28 29 30 -31 32 33 -34 -35 36 37 38 39 -40 -41 42 43 44 -45 -46 47 -48 -49 -50
0xf41d71dc6448614 3693 1 2 -3 -4 5 -6 7 -8 -9 -10 11 12 -13 14 15 -16 17 -18 19 20 21 22 23 24 -25 26 27 28 29 30 -31 32 33 -34 -35 36 37 38 39 -40 -41 42 43 44 -45 -46 47 -48 -49 -50
0x63ba8018cd6d8df1 3693 1 2 -3 -4 5 -6 7 -8 -9 -10 11 12 -13 14 15 -16 17 -18 19 20 21 22 23 24 -25 26 27 28 29 30 -31 32 33 -34 -35 36 37 38 39 -40 -41 42 43 44 -45 -46 47 -48 -49 -50
0xce49d609a57a67d4 3693 1 2 -3 -4 5 -6 7 -8 -9 -10 11 12 -13 14 15 -16 17 -18 19 20 21 22 23 24 -25 26 27 28 29 30 -31 32 33 -34 -35 36 37 38 39 -40 -41 42 43 44 -45 -46 47 -48 -49 -50
0xd6651258acea5838 3693 1 2 -3 -4 5 -6 7 -8 -9 -10 11 12 -13 14 15 -16 17 -18 19 20 21 22 23 24 -25 26 27 28 29 30 -31 32 33 -34 -35 36 37 38 39 -40 -41 42 43 44 -45 -46 47 -48 -49 -50
0xe746ab8896450a04 3693 1 2 -3 -4 5 -6 7 -8 -9 -10 11 12 -13 14 15 -16 17 -18 19 20 21 22 23 24 -25 26 27 28 29 30 -31 32 33 -34 -35 36 37 38 39 -40 -41 42 43 44 -45 -46 47 -48 -49 -50
0x6d7e6a55e9755b65 3693 1 2 -3 -4 5 -6 7 -8 -9 -10 11 12 -13 14 15 -16 17 -18 19 20 21 22 23 24 -25 26 27 28 29 30 -31 32 33 -34 -35 36 37 38 39 -40 -41 42 43 44 -45 -46 47 -48 -49 -50
0x1a18043d223c9ca8 3693 1 2 -3 -4 5 -6 7 -8 -9 -10 11 12 -13 14 15 -16 17 -18 19 20 21 22 23 24 -25 26 27 28 29 30 -31 32 33 -34 -35 36 37 38 39 -40 -41 42 43 44 -45 -46 47 -48 -49 -50
0x229d5869b5812841 3693 1 2 -3 -4 5 -6 7 -8 -9 -10 11 12 -13 14 15 -16 17 -18 19 20 21 22 23 24 -25 26 27 28 29 30 -31 32 33 -34 -35 36 37 38 39 -40 -41 42 43 44 -45 -46 47 -48 -49 -50
0x4ce47c4298d3d1d6 3693 1 2 -3 -4 5 -6 7 -8 -9 -10 11 12 -13 14 15 -16 17 -18 19 20 21 22 23 24 -25 26 27 28 29 30 -31 32 33 -34 -35 36 37 38 39 -40 -41 42 43 44 -45 -46 47 -48 -49 -50
0x966af543af353dee 3693 1 2 -3 -4 5 -6 7 -8 -9 -10 11 12 -13 14 15 -16 17 -18 19 20 21 22 23 24 -25 26 27 28 29 30 -31 32 33 -34 -35 36 37 38 39 -40 -41 42 43 44 -45 -46 47 -48 -49 -50
0x956370011b69d175 3693 1 2 -3 -4 5 -6 7 -8 -9 -10 11 12 -13 14 15 -16 17 -18 19 20 21 22 23 24 -25 26 27 28 29 30 -31 32 33 -34 -35 36 37 38 39 -40 -41 42 43 44 -45 -46 47 -48 -49 -50
0x44bb8e0ed5f1f865 3693 1 2 -3 -4 5 -6 7 -8 -9 -10 11 12 -13 14 15 -16 17 -18 19 20 21 22 23 24 -25 26 27 28 29 30 -31 32 33 -34 -35 36 37 38 39 -40 -41 42 43 44 -45 -46 47 -48 -49 -50
0x33a2ec437982666e 3693 1 2 -3 -4 5 -6 7 -8 -9 -10 11 12 -13 14 15 -16 17 -18 19 20 21 22 23 24 -25 26 27 28 29 30 -31 32 33 -34 -35 36 37 38 39 -40 -41 42 43 44 -45 -46 47 -48 -49 -50
0x2de6778f38436d96 3693 1 2 -3 -4 5 -6 7 -8 -9 -10 11 12 -13 14 15 -16 17 -18 19 20 21 22 23 24 -25 26 27 28 29 30 -31 32 33 -34 -35 36 37 38 39 -40 -41 42 43 44 -45 -46 47 -48 -49 -50
0xcc53f2a887eb3bf3 3693 1 2 -3 -4 5 -6 7 -8 -9 -10 11 12 -13 14 15 -16 17 -18 19 20 21 22 23 24 -25 26 27 28 29 30 -31 32 33 -34 -35 36 37 38 39 -40 -41 42 43 44 -45 -46 47 -48 -49 -50
0x672745625954b494 3693 1 2 -3 -4 5 -6 7 -8 -9 -10 11 12 -13 14 15 -16 17 -18 19 20 21 22 23 24 -25 26 27 28 29 30 -31 32 33 -34 -35 36 37 38 39 -40 -41 42 43 44 -45 -46 47 -48 -49 -50
0x4e70dab04987ab66 3693 1 2 -3 -4 5 -6 7 -8 -9 -10 11 12 -13 14 15 -16 17 -18 19 20 21 22 23 24 -25 26 27 28 29 30 -31 32 33 -34 -35 36 37 38 39 -40 -41 42 43 44 -45 -46 47 -48 -49 -50
0x5b750799fa48d24 3693 1 2 -3 -4 5 -6 7 -8 -9 -10 11 12 -13 14 15 -16 17 -18 19 20 21 22 23 24 -25 26 27 28 29 30 -31 32 33 -34 -35 36 37 38 39 -40 -41 42 43 44 -45 -46 47 -48 -49 -50
0xaeb55c6b01b3aabe 3693 1 2 -3 -4 5 -6 7 -8 -9 -10 11 12 -13 14 15 -16 17 -18 19 20 21 22 23 24 -25 26 27 28 29 30 -31 32 33 -34 -35 36 37 38 39 -40 -41 42 43 44 -45 -46 47 -48 -49 -50
0x38ed621929a534a9 3693 1 2 -3 -4 5 -6 7 -8 -9 -10 11 12 -13 14 15 -16 17 -18 19 20 21 22 23 24 -25 26 27 28 29 30 -31 32 33 -34 -35 36 37 38 39 -40 -41 42 43 44 -45 -46 47 -48 -49 -50
0x6ad3ff8f9746a5ae 3693 1 2 -3 -4 5 -6 7 -8 -9 -10 11 12 -13 14 15 -16 17 -18 19 20 21 22 23 24 -25 26 27 28 29 30 -31 32 33 -34 -35 36 37 38 39 -40 -41 42 43 44 -45 -46 47 -48 -49 -50
0x902e595b2aa3d22d 3693 1 2 -3 -4 5 -6 7 -8 -9 -10 11 12 -13 14 15 -16 17 -18 19 20 21 22 23 24 -25 26 27 28 29 30 -31 32 33 -34 -35 36 37 38 39 -40 -41 42 43 44 -45 -46 47 -48 -49 -50
0x9bac15f9eb531b6c 3693 1 2 -3 -4 5 -6 7 -8 -9 -10 11 12 -13 14 15 -16 17 -18 19 20 21 22 23 24 -25 26 27 28 29 30 -31 32 33 -34 -35 36 37 38 39 -40 -41 42 43 44 -45 -46 47 -48 -49 -50