0x44752e4c144a7208 3968 -1 -2 3 -4 -5 -6 7 8 -9 -10 11 12 13 14 15 -16 -17 18 19 20 21 -22 -23 24 25 26 -27 -28 29 -30 -31 -32 -33 -34 35 -36 37 38 -39 -40 41 -42 -43 44 45 46 47 48 49 50
0x5216d095da9d6803 3968 -1 -2 3 -4 -5 -6 7 8 -9 -10 11 12 13 14 15 -16 -17 18 19 20 21 -22 -23 24 25 26 -27 -28 29 -30 -31 -32 -33 -34 35 -36 37 38 -39 -40 41 -42 -43 44 45 46 47 48 49 50
0x22ea430f19e7754e 3968 -1 -2 3 -4 -5 -6 7 8 -9 -10 11 12 13 14 15 -16 -17 18 19 20 21 -22 -23 24 25 26 -27 -28 29 -30 -31 -32 -33 -34 35 -36 37 38 -39 -40 41 -42 -43 44 45 46 47 48 49 50
0x55915f5ae5edffee 3968 -1 -2 3 -4 -5 -6 7 8 -9 -10 11 12 13 14 15 -16 -17 18 19 20 21 -22 -23 24 25 26 -27 -28 29 -30 -31 -32 -33 -34 35 -36 37 38 -39 -40 41 -42 -43 44 45 46 47 48 49 50
0x9190eb70b0d885af 3968 -1 -2 3 -4 -5 -6 7 8 -9 -10 11 12 13 14 15 -16 -17 18 19 20 21 -22 -23 24 25 26 -27 -28 29 -30 -31 -32 -33 -34 35 -36 37 38 -39 -40 41 -42 -43 44 45 46 47 48 49 50
0x1518ad1e64e5e99f 3968 -1 -2 3 -4 -5 -6 7 8 -9 -10 11 12 13 14 15 -16 -17 18 19 20 21 -22 -23 24 25 26 -27 -28 29 -30 -31 -32 -33 -34 35 -36 37 38 -39 -40 41 -42 -43 44 45 46 47 48 49 50
0xf324d81a4c85190 3968 -1 -2 3 -4 -5 -6 7 8 -9 -10 11 12 13 14 15 -16 -17 18 19 20 21 -22 -23 24 25 26 -27 -28 29 -30 -31 -32 -33 -34 35 -36 37 38 -39 -40 41 -42 -43 44 45 46 47 48 49 50
0x7c350c90162d9399 3968 -1 -2 3 -4 -5 -6 7 8 -9 -10 11 12 13 14 15 -16 -17 18 19 20 21 -22 -23 24 25 26 -27 -28 29 -30 -31 -32 -33 -34 35 -36 37 38 -39 -40 41 -42 -43 44 45 46 47 48 49 50
0xfb9c4490623a3394 3968 -1 -2 3 -4 -5 -6 7 8 -9 -10 11 12 13 14 15 -16 -17 18 19 20 21 -22 -23 24 25 26 -27 -28 29 -30 -31 -32 -33 -34 35 -36 37 38 -39 -40 41 -42 -43 44 45 46 47 48 49 50
0x8f9ebd9eb7fcf09f 3968 -1 -2 3 -4 -5 -6 7 8 -9 -10 11 12 13 14 15 -16 -17 18 19 20 21 -22 -23 24 25 26 -27 -28 29 -30 -31 -32 -33 -34 35 -36 37 38 -39 -40 41 -42 -43 44 45 46 47 48 49 50
0x6824d12b1520e29d 3968 -1 -2 3 -4 -5 -6 7 8 -9 -10 11 12 13 14 15 -16 -17 18 19 20 21 -22 -23 24 25 26 -27 -28 29 -30 -31 -32 -33 -34 35 -36 37 38 -39 -40 41 -42 -43 44 45 46 47 48 49 50
0xc3fb5d79696427b3 3968 -1 -2 3 -4 -5 -6 7 8 -9 -10 11 12 13 14 15 -16 -17 18 19 20 21 -22 -23 24 25 26 -27 -28 29 -30 -31 -32 -33 -34 35 -36 37 38 -39 -40 41 -42 -43 44 45 46 47 48 49 50
0x94618920d19921ce 3968 -1 -2 3 -4 -5 -6 7 8 -9 -10 11 12 13 14 15 -16 -17 18 19 20 21 -22 -23 24 25 26 -27 -28 29 -30 -31 -32 -33 -34 35 -36 37 38 -39 -40 41 -42 -43 44 45 46 47 48 49 50
0xe84f568ea738441a 3968 -1 -2 3 -4 -5 -6 7 8 -9 -10 11 12 13 14 15 -16 -17 18 19 20 21 -22 -23 24 25 26 -27 -28 29 -30 -31 -32 -33 -34 35 -36 37 38 -39 -40 41 -42 -43 44 45 46 47 48 49 50
0x36130781f9c8708a 3968 -1 -2 3 -4 -5 -6 7 8 -9 -10 11 12 13 14 15 -16 -17 18 19 20 21 -22 -23 24 25 26 -27 -28 29 -30 -31 -32 -33 -34 35 -36 37 38 -39 -40 41 -42 -43 44 45 46 47 48 49 50
0x6323508f37a3e555 3968 -1 -2 3 -4 -5 -6 7 8 -9 -10 11 12 13 14 15 -16 -17 18 19 20 21 -22 -23 24 25 26 -27 -28 29 -30 -31 -32 -33 -34 35 -36 37 38 -39 -40 41 -42 -43 44 45 46 47 48 49 50
0xeb445c9c53dfba75 3968 -1 -2 3 -4 -5 -6 7 8 -9 -10 11 12 13 14 15 -16 -17 18 19 20 21 -22 -23 24 25 26 -27 -28 29 -30 -31 -32 -33 -34 35 -36 37 38 -39 -40 41 -42 -43 44 45 46 47 48 49 50
0xc15da066975bef29 3968 -1 -2 3 -4 -5 -6 7 8 -9 -10 11 12 13 14 15 -16 -17 18 19 20 21 -22 -23 24 25 26 -27 -28 29 -30 -31 -32 -33 -34 35 -36 37 38 -39 -40 41 -42 -43 44 45 46 47 48 49 50
0x759e7dfe83420772 3968 -1 -2 3 -4 -5 -6 7 8 -9 -10 11 12 13 14 15 -16 -17 18 19 20 21 -22 -23 24 25 26 -27 -28 29 -30 -31 -32 -33 -34 35 -36 37 38 -39 -40 41 -42 -43 44 45 46 47 48 49 50
0xd5cfb846bb783997 3968 -1 -2 3 -4 -5 -6 7 8 -9 -10 11 12 13 14 15 -16 -17 18 19 20 21 -22 -23 24 25 26 -27 -28 29 -30 -31 -32 -33 -34 35 -36 37 38 -39 -40 41 -42 -43 44 45 46 47 48 49 50
0x9defb678d7cf2ba3 3968 -1 -2 3 -4 -5 -6 7 8 -9 -10 11 12 13 14 15 -16 -17 18 19 20 21 -22 -23 24 25 26 -27 -28 29 -30 -31 -32 -33 -34 35 -36 37 38 -39 -40 41 -42 -43 44 45 46 47 48 49 50
0xe877979f3af040e3 3968 -1 -2 3 -4 -5 -6 7 8 -9 -10 11 12 13 14 15 -16 -17 18 19 20 21 -22 -23 24 25 26 -27 -28 29 -30 -31 -32 -33 -34 35 -36 37 38 -39 -40 41 -42 -43 44 45 46 47 48 49 50
0xfccd254e0b4d57b2 3968 -1 -2 3 -4 -5 -6 7 8 -9 -10 11 12 13 14 15 -16 -17 18 19 20 21 -22 -23 24 25 26 -27 -28 29 -30 -31 -32 -33 -34 35 -36 37 38 -39 -40 41 -42 -43 44 45 46 47 48 49 50
0x52949c2dc5a12717 3968 -1 -2 3 -4 -5 -6 7 8 -9 -10 11 12 13 14 15 -16 -17 18 19 20 21 -22 -23 24 25 26 -27 -28 29 -30 -31 -32 -33 -34 35 -36 37 38 -39 -40 41 -42 -43 44 45 46 47 48 49 50
0x6f18dfeff136c447 3968 -1 -2 3 -4 -5 -6 7 8 -9 -10 11 12 13 14 15 -16 -17 18 19 20 21 -22 -23 24 25 26 -27 -28 29 -30 -31 -32 -33 -34 35 -36 37 38 -39 -40 41 -42 -43 44 45 46 47 48 49 50
0x317a5b8b3ad59bce 3968 -1 -2 3 -4 -5 -6 7 8 -9 -10 11 12 13 14 15 -16 -17 18 19 20 21 -22 -23 24 25 26 -27 -28 29 -30 -31 -32 -33 -34 35 -36 37 38 -39 -40 41 -42 -43 44 45 46 47 48 49 50
0xe63b0b4d41f38b2 3968 -1 -2 3 -4 -5 -6 7 8 -9 -10 11 12 13 14 15 -16 -17 18 19 20 21 -22 -23 24 25 26 -27 -28 29 -30 -31 -32 -33 -34 35 -36 37 38 -39 -40 41 -42 -43 44 45 46 47 48 49 50
0x8cc69c889cc1a3a3 3968 -1 -2 3 -4 -5 -6 7 8 -9 -10 11 12 13 14 15 -16 -17 18 19 20 21 -22 -23 24 25 26 -27 -28 29 -30 -31 -32 -33 -34 35 -36 37 38 -39 -40 41 -42 -43 44 45 46 47 48 49 50
0xbfc5f31e7e4e047b 3968 -1 -2 3 -4 -5 -6 7 8 -9 -10 11 12 13 14 15 -16 -17 18 19 20 21 -22 -23 24 25 26 -27 -28 29 -30 -31 -32 -33 -34 35 -36 37 38 -39 -40 41 -42 -43 44 45 46 47 48 49 50
0x7c679dc099024233 3968 -1 -2 3 -4 -5 -6 7 8 -9 -10 11 12 13 14 15 -16 -17 18 19 20 21 -22 -23 24 25 26 -27 -28 29 -30 -31 -32 -33 -34 35 -36 37 38 -39 -40 41 -42 -43 44 45 46 47 48 49 50