0x7f7db1a0dc3c57ce 4369 1 2 -3 4 -5 -6 7 8 9 -10 -11 12 13 -14 -15 16 17 -18 -19 20 21 -22 23 24 -25 26 -27 28 29 -30 31 -32 33 34 -35 -36 -37 -38 -39 -40 41 42 43 44 -45 46 47 48 49 50
0xd1d0bbf587d66d2 4369 1 2 -3 4 -5 -6 7 8 9 -10 -11 12 13 -14 -15 16 17 -18 -19 20 21 -22 23 24 -25 26 -27 28 29 -30 31 -32 33 34 -35 -36 -37 -38 -39 -40 41 42 43 44 -45 46 47 48 49 50
0x52c4d4d7a0e15f04 4369 1 2 -3 4 -5 -6 7 8 9 -10 -11 12 13 -14 -15 16 17 -18 -19 20 21 -22 23 24 -25 26 -27 28 29 -30 31 -32 33 34 -35 -36 -37 -38 -39 -40 41 42 43 44 -45 46 47 48 49 50
0x2016abd0da6ec55a 4369 1 2 -3 4 -5 -6 7 8 9 -10 -11 12 13 -14 -15 16 17 -18 -19 20 21 -22 23 24 -25 26 -27 28 29 -30 31 -32 33 34 -35 -36 -37 -38 -39 -40 41 42 43 44 -45 46 47 48 49 50
0x23afe900158026a4 4369 1 2 -3 4 -5 -6 7 8 9 -10 -11 12 13 -14 -15 16 17 -18 -19 20 21 -22 23 24 -25 26 -27 28 29 -30 31 -32 33 34 -35 -36 -37 -38 -39 -40 41 42 43 44 -45 46 47 48 49 50
0xa6624547884903b2 4369 1 2 -3 4 -5 -6 7 8 9 -10 -11 12 13 -14 -15 16 17 -18 -19 20 21 -22 23 24 -25 26 -27 28 29 -30 31 -32 33 34 -35 -36 -37 -38 -39 -40 41 42 43 44 -45 46 47 48 49 50
0x9f659bca8e7a1e59 4369 1 2 -3 4 -5 -6 7 8 9 -10 -11 12 13 -14 -15 16 17 -18 -19 20 21 -22 23 24 -25 26 -27 28 29 -30 31 -32 33 34 -35 -36 -37 -38 -39 -40 41 42 43 44 -45 46 47 48 49 50
0x1f52a7c62c807dbb 4369 1 2 -3 4 -5 -6 7 8 9 -10 -11 12 13 -14 -15 16 17 -18 -19 20 21 -22 23 24 -25 26 -27 28 29 -30 31 -32 33 34 -35 -36 -37 -38 -39 -40 41 42 43 44 -45 46 47 48 49 50
0x4717f57921a779c9 4369 1 2 -3 4 -5 -6 7 8 9 -10 -11 12 13 -14 -15 16 17 -18 -19 20 21 -22 23 24 -25 26 -27 28 29 -30 31 -32 33 34 -35 -36 -37 -38 -39 -40 41 42 43 44 -45 46 47 48 49 50
0x4e45e21c1f3fc6ef 4369 1 2 -3 4 -5 -6 7 8 9 -10 -11 12 13 -14 -15 16 17 -18 -19 20 21 -22 23 24 -25 26 -27 28 29 -30 31 -32 33 34 -35 -36 -37 -38 -39 -40 41 42 43 44 -45 46 47 48 49 50
0xf42b0e6f9d7c5532 4369 1 2 -3 4 -5 -6 7 8 9 -10 -11 12 13 -14 -15 16 17 -18 -19 20 21 -22 23 24 -25 26 -27 28 29 -30 31 -32 33 34 -35 -36 -37 -38 -39 -40 41 42 43 44 -45 46 47 48 49 50
0x1ea9148cda3f4fc3 4369 1 2 -3 4 -5 -6 7 8 9 -10 -11 12 13 -14 -15 16 17 -18 -19 20 21 -22 23 24 -25 26 -27 28 29 -30 31 -32 33 34 -35 -36 -37 -38 -39 -40 41 42 43 44 -45 46 47 48 49 50
0x8db3c8c26235ac9d 4369 1 2 -3 4 -5 -6 7 8 9 -10 -11 12 13 -14 -15 16 17 -18 -19 20 21 -22 23 24 -25 26 -27 28 29 -30 31 -32 33 34 -35 -36 -37 -38 -39 -40 41 42 43 44 -45 46 47 48 49 50
0x9707c0dc3183260 4369 1 2 -3 4 -5 -6 7 8 9 -10 -11 12 13 -14 -15 16 17 -18 -19 20 21 -22 23 24 -25 26 -27 28 29 -30 31 -32 33 34 -35 -36 -37 -38 -39 -40 41 42 43 44 -45 46 47 48 49 50
0x826393a6df31f9cf 4369 1 2 -3 4 -5 -6 7 8 9 -10 -11 12 13 -14 -15 16 17 -18 -19 20 21 -22 23 24 -25 26 -27 28 29 -30 31 -32 33 34 -35 -36 -37 -38 -39 -40 41 42 43 44 -45 46 47 48 49 50
0x643a7074fd54ff50 4369 1 2 -3 4 -5 -6 7 8 9 -10 -11 12 13 -14 -15 16 17 -18 -19 20 21 -22 23 24 -25 26 -27 28 29 -30 31 -32 33 34 -35 -36 -37 -38 -39 -40 41 42 43 44 -45 46 47 48 49 50
0xc5e9270f3cf5d3b8 4369 1 2 -3 4 -5 -6 7 8 9 -10 -11 12 13 -14 -15 16 17 -18 -19 20 21 -22 23 24 -25 26 -27 28 29 -30 31 -32 33 34 -35 -36 -37 -38 -39 -40 41 42 43 44 -45 46 47 48 49 50
0x8ec784d7dd4f015f 4369 1 2 -3 4 -5 -6 7 8 9 -10 -11 12 13 -14 -15 16 17 -18 -19 20 21 -22 23 24 -25 26 -27 28 29 -30 31 -32 33 34 -35 -36 -37 -38 -39 -40 41 42 43 44 -45 46 47 48 49 50
0x636131cda7ea5aa3 4369 1 2 -3 4 -5 -6 7 8 9 -10 -11 12 13 -14 -15 16 17 -18 -19 20 21 -22 23 24 -25 26 -27 28 29 -30 31 -32 33 34 -35 -36 -37 -38 -39 -40 41 42 43 44 -45 46 47 48 49 50
0x460f1d8288d35a71 4369 1 2 -3 4 -5 -6 7 8 9 -10 -11 12 13 -14 -15 16 17 -18 -19 20 21 -22 23 24 -25 26 -27 28 29 -30 31 -32 33 34 -35 -36 -37 -38 -39 -40 41 42 43 44 -45 46 47 48 49 50
0x914ad972c13f9202 4369 1 2 -3 4 -5 -6 7 8 9 -10 -11 12 13 -14 -15 16 17 -18 -19 20 21 -22 23 24 -25 26 -27 28 29 -30 31 -32 33 34 -35 -36 -37 -38 -39 -40 41 42 43 44 -45 46 47 48 49 50
0x5f9ac890ccfcd7d6 4369 1 2 -3 4 -5 -6 7 8 9 -10 -11 12 13 -14 -15 16 17 -18 -19 20 21 -22 23 24 -25 26 -27 28 29 -30 31 -32 33 34 -35 -36 -37 -38 -39 -40 41 42 43 44 -45 46 47 48 49 50
0x932edafd77b2d369 4369 1 2 -3 4 -5 -6 7 8 9 -10 -11 12 13 -14 -15 16 17 -18 -19 20 21 -22 23 24 -25 26 -27 28 29 -30 31 -32 33 34 -35 -36 -37 -38 -39 -40 41 42 43 44 -45 46 47 48 49 50
0x8b794916a8ce55a5 4369 1 2 -3 4 -5 -6 7 8 9 -10 -11 12 13 -14 -15 16 17 -18 -19 20 21 -22 23 24 -25 26 -27 28 29 -30 31 -32 33 34 -35 -36 -37 -38 -39 -40 41 42 43 44 -45 46 47 48 49 50
0x7ea77e3cbb7bd7ef 4369 1 2 -3 4 -5 -6 7 8 9 -10 -11 12 13 -14 -15 16 17 -18 -19 20 21 -22 23 24 -25 26 -27 28 29 -30 31 -32 33 34 -35 -36 -37 -38 -39 -40 41 42 43 44 -45 46 47 48 49 50
0x2b489820772d5268 4369 1 2 -3 4 -5 -6 7 8 9 -10 -11 12 13 -14 -15 16 17 -18 -19 20 21 -22 23 24 -25 26 -27 28 29 -30 31 -32 33 34 -35 -36 -37 -38 -39 -40 41 42 43 44 -45 46 47 48 49 50
0xa6f0a103d12ee49b 4369 1 2 -3 4 -5 -6 7 8 9 -10 -11 12 13 -14 -15 16 17 -18 -19 20 21 -22 23 24 -25 26 -27 28 29 -30 31 -32 33 34 -35 -36 -37 -38 -39 -40 41 42 43 44 -45 46 47 48 49 50
0xcf4baac672c9ad6c 4369 1 2 -3 4 -5 -6 7 8 9 -10 -11 12 13 -14 -15 16 17 -18 -19 20 21 -22 23 24 -25 26 -27 28 29 -30 31 -32 33 34 -35 -36 -37 -38 -39 -40 41 42 43 44 -45 46 47 48 49 50
0x760c4455c7f20ff2 4369 1 2 -3 4 -5 -6 7 8 9 -10 -11 12 13 -14 -15 16 17 -18 -19 20 21 -22 23 24 -25 26 -27 28 29 -30 31 -32 33 34 -35 -36 -37 -38 -39 -40 41 42 43 44 -45 46 47 48 49 50
0x5511755e8798fc9c 4369 1 2 -3 4 -5 -6 7 8 9 -10 -11 12 13 -14 -15 16 17 -18 -19 20 21 -22 23 24 -25 26 -27 28 29 -30 31 -32 33 34 -35 -36 -37 -38 -39 -40 41 42 43 44 -45 46 47 48 49 50