0xdafb3b1cafb2954e 4970 -1 2 3 -4 5 -6 7 -8 9 10 -11 12 -13 14 15 16 17 -18 19 -20 21 22 23 24 25 26 -27 28 -29 30 -31 -32 33 34 35 36 37 -38 -39 40 -41 42 43 44 45 -46 47 48 -49 50
0xe4769469a86cc5d4 4970 -1 2 3 -4 5 -6 7 -8 9 10 -11 12 -13 14 15 16 17 -18 19 -20 21 22 23 24 25 26 -27 28 -29 30 -31 -32 33 34 35 36 37 -38 -39 40 -41 42 43 44 45 -46 47 48 -49 50
0xab0506ddd1620347 4970 -1 2 3 -4 5 -6 7 -8 9 10 -11 12 -13 14 15 16 17 -18 19 -20 21 22 23 24 25 26 -27 28 -29 30 -31 -32 33 34 35 36 37 -38 -39 40 -41 42 43 44 45 -46 47 48 -49 50
0x687d3d70ba696604 4970 -1 2 3 -4 5 -6 7 -8 9 10 -11 12 -13 14 15 16 17 -18 19 -20 21 22 23 24 25 26 -27 28 -29 30 -31 -32 33 34 35 36 37 -38 -39 40 -41 42 43 44 45 -46 47 48 -49 50
0x691cc31415e7bbea 4970 -1 2 3 -4 5 -6 7 -8 9 10 -11 12 -13 14 15 16 17 -18 19 -20 21 22 23 24 25 26 -27 28 -29 30 -31 -32 33 34 35 36 37 -38 -39 40 -41 42 43 44 45 -46 47 48 -49 50
0xd14025072de63d31 4970 -1 2 3 -4 5 -6 7 -8 9 10 -11 12 -13 14 15 16 17 -18 19 -20 21 22 23 24 25 26 -27 28 -29 30 -31 -32 33 34 35 36 37 -38 -39 40 -41 42 43 44 45 -46 47 48 -49 50
0x1531857a303b42b4 4970 -1 2 3 -4 5 -6 7 -8 9 10 -11 12 -13 14 15 16 17 -18 19 -20 21 22 23 24 25 26 -27 28 -29 30 -31 -32 33 34 35 36 37 -38 -39 40 -41 42 43 44 45 -46 47 48 -49 50
0x528223c1f25cd18f 4970 -1 2 3 -4 5 -6 7 -8 9 10 -11 12 -13 14 15 16 17 -18 19 -20 21 22 23 24 25 26 -27 28 -29 30 -31 -32 33 34 35 36 37 -38 -39 40 -41 42 43 44 45 -46 47 48 -49 50
0x745e2ac188ce34e3 4970 -1 2 3 -4 5 -6 7 -8 9 10 -11 12 -13 14 15 16 17 -18 19 -20 21 22 23 24 25 26 -27 28 -29 30 -31 -32 33 34 35 36 37 -38 -39 40 -41 42 43 44 45 -46 47 48 -49 50
0xee95bc74a44ee353 4970 -1 2 3 -4 5 -6 7 -8 9 10 -11 12 -13 14 15 16 17 -18 19 -20 21 22 23 24 25 26 -27 28 -29 30 -31 -32 33 34 35 36 37 -38 -39 40 -41 42 43 44 45 -46 47 48 -49 50
0x2921cd6910a0f489 4970 -1 2 3 -4 5 -6 7 -8 9 10 -11 12 -13 14 15 16 17 -18 19 -20 21 22 23 24 25 26 -27 28 -29 30 -31 -32 33 34 35 36 37 -38 -39 40 -41 42 43 44 45 -46 47 48 -49 50
0xb6e2d03f6bcd26b0 4970 -1 2 3 -4 5 -6 7 -8 9 10 -11 12 -13 14 15 16 17 -18 19 -20 21 22 23 24 25 26 -27 28 -29 30 -31 -32 33 34 35 36 37 -38 -39 40 -41 42 43 44 45 -46 47 48 -49 50
0xe797312e990a73fa 4970 -1 2 3 -4 5 -6 7 -8 9 10 -11 12 -13 14 15 16 17 -18 19 -20 21 22 23 24 25 26 -27 28 -29 30 -31 -32 33 34 35 36 37 -38 -39 40 -41 42 43 44 45 -46 47 48 -49 50
0xf247a17fb6af381a 4970 -1 2 3 -4 5 -6 7 -8 9 10 -11 12 -13 14 15 16 17 -18 19 -20 21 22 23 24 25 26 -27 28 -29 30 -31 -32 33 34 35 36 37 -38 -39 40 -41 42 43 44 45 -46 47 48 -49 50
0x1f07980c7eef3a9e 4970 -1 2 3 -4 5 -6 7 -8 9 10 -11 12 -13 14 15 16 17 -18 19 -20 21 22 23 24 25 26 -27 28 -29 30 -31 -32 33 34 35 36 37 -38 -39 40 -41 42 43 44 45 -46 47 48 -49 50
0x634d2fb68d48d0fa 4970 -1 2 3 -4 5 -6 7 -8 9 10 -11 12 -13 14 15 16 17 -18 19 -20 21 22 23 24 25 26 -27 28 -29 30 -31 -32 33 34 35 36 37 -38 -39 40 -41 42 43 44 45 -46 47 48 -49 50
0x486baf4593de9be9 4970 -1 2 3 -4 5 -6 7 -8 9 10 -11 12 -13 14 15 16 17 -18 19 -20 21 22 23 24 25 26 -27 28 -29 30 -31 -32 33 34 35 36 37 -38 -39 40 -41 42 43 44 45 -46 47 48 -49 50
0x59d54e87c96cbbc2 4970 -1 2 3 -4 5 -6 7 -8 9 10 -11 12 -13 14 15 16 17 -18 19 -20 21 22 23 24 25 26 -27 28 -29 30 -31 -32 33 34 35 36 37 -38 -39 40 -41 42 43 44 45 -46 47 48 -49 50
0x8441e4bff3866d3e 4970 -1 2 3 -4 5 -6 7 -8 9 10 -11 12 -13 14 15 16 17 -18 19 -20 21 22 23 24 25 26 -27 28 -29 30 -31 -32 33 34 35 36 37 -38 -39 40 -41 42 43 44 45 -46 47 48 -49 50
0x559a48241f9ab2fa 4970 -1 2 3 -4 5 -6 7 -8 9 10 -11 12 -13 14 15 16 17 -18 19 -20 21 22 23 24 25 26 -27 28 -29 30 -31 -32 33 34 35 36 37 -38 -39 40 -41 42 43 44 45 -46 47 48 -49 50
0xd7b2fd60481e0ef8 4970 -1 2 3 -4 5 -6 7 -8 9 10 -11 12 -13 14 15 16 17 -18 19 -20 21 22 23 24 25 26 -27 28 -29 30 -31 -32 33 34 35 36 37 -38 -39 40 -41 42 43 44 45 -46 47 48 -49 50
0x9f643711db4f4c1d 4970 -1 2 3 -4 5 -6 7 -8 9 10 -11 12 -13 14 15 16 17 -18 19 -20 21 22 23 24 25 26 -27 28 -29 30 -31 -32 33 34 35 36 37 -38 -39 40 -41 42 43 44 45 -46 47 48 -49 50
0xdee71618a652776b 4970 -1 2 3 -4 5 -6 7 -8 9 10 -11 12 -13 14 15 16 17 -18 19 -20 21 22 23 24 25 26 -27 28 -29 30 -31 -32 33 34 35 36 37 -38 -39 40 -41 42 43 44 45 -46 47 48 -49 50
0xb4753b1c32bbd590 4970 -1 2 3 -4 5 -6 7 -8 9 10 -11 12 -13 14 15 16 17 -18 19 -20 21 22 23 24 25 26 -27 28 -29 30 -31 -32 33 34 35 36 37 -38 -39 40 -41 42 43 44 45 -46 47 48 -49 50
0x3603e22e9d15676d 4970 -1 2 3 -4 5 -6 7 -8 9 10 -11 12 -13 14 15 16 17 -18 19 -20 21 22 23 24 25 26 -27 28 -29 30 -31 -32 33 34 35 36 37 -38 -39 40 -41 42 43 44 45 -46 47 48 -49 50
0x33b40caf7797cc61 4970 -1 2 3 -4 5 -6 7 -8 9 10 -11 12 -13 14 15 16 17 -18 19 -20 21 22 23 24 25 26 -27 28 -29 30 -31 -32 33 34 35 36 37 -38 -39 40 -41 42 43 44 45 -46 47 48 -49 50
0xb9b90549c796548d 4970 -1 2 3 -4 5 -6 7 -8 9 10 -11 12 -13 14 15 16 17 -18 19 -20 21 22 23 24 25 26 -27 28 -29 30 -31 -32 33 34 35 36 37 -38 -39 40 -41 42 43 44 45 -46 47 48 -49 50
0x183f01cf4663af92 4970 -1 2 3 -4 5 -6 7 -8 9 10 -11 12 -13 14 15 16 17 -18 19 -20 21 22 23 24 25 26 -27 28 -29 30 -31 -32 33 34 35 36 37 -38 -39 40 -41 42 43 44 45 -46 47 48 -49 50
0x1b946f2ef7c05bae 4970 -1 2 3 -4 5 -6 7 -8 9 10 -11 12 -13 14 15 16 17 -18 19 -20 21 22 23 24 25 26 -27 28 -29 30 -31 -32 33 34 35 36 37 -38 -39 40 -41 42 43 44 45 -46 47 48 -49 50
0xa3a1504be664942c 4970 -1 2 3 -4 5 -6 7 -8 9 10 -11 12 -13 14 15 16 17 -18 19 -20 21 22 23 24 25 26 -27 28 -29 30 -31 -32 33 34 35 36 37 -38 -39 40 -41 42 43 44 45 -46 47 48 -49 50