0xecff59ec8e6a5fea 3558 1 -2 -3 4 -5 -6 7 -8 -9 10 11 12 -13 -14 -15 -16 17 18 19 20 21 22 23 24 25 26 27 28 -29 -30 31 32 -33 34 35 36 37 38 39 -40 41 42 43 44 45 46 -47 48 -49 -50
0x86478264dcdb3976 3558 1 -2 -3 4 -5 -6 7 -8 -9 10 11 12 -13 -14 -15 -16 17 18 19 20 21 22 23 24 25 26 27 28 -29 -30 31 32 -33 34 35 36 37 38 39 -40 41 42 43 44 45 46 -47 48 -49 -50
0x49e97dc03ed21d5f 3558 1 -2 -3 4 -5 -6 7 -8 -9 10 11 12 -13 -14 -15 -16 17 18 19 20 21 22 23 24 25 26 27 28 -29 -30 31 32 -33 34 35 36 37 38 39 -40 41 42 43 44 45 46 -47 48 -49 -50
0x6d72a6512ec15560 3558 1 -2 -3 4 -5 -6 7 -8 -9 10 11 12 -13 -14 -15 -16 17 18 19 20 21 22 23 24 25 26 27 28 -29 -30 31 32 -33 34 35 36 37 38 39 -40 41 42 43 44 45 46 -47 48 -49 -50
0x311aedc8106333ca 3558 1 -2 -3 4 -5 -6 7 -8 -9 10 11 12 -13 -14 -15 -16 17 18 19 20 21 22 23 24 25 26 27 28 -29 -30 31 32 -33 34 35 36 37 38 39 -40 41 42 43 44 45 46 -47 48 -49 -50
0x7f82364fef0fa68d 3535 1 -2 -3 4 -5 -6 7 -8 -9 10 -11 12 -13 -14 -15 -16 17 18 19 20 21 22 23 24 25 26 27 28 -29 -30 31 32 -33 34 35 36 37 38 39 -40 41 42 43 44 45 46 -47 48 -49 -50
0xab45c7f1030b05d6 3558 1 -2 -3 4 -5 -6 7 -8 -9 10 11 12 -13 -14 -15 -16 17 18 19 20 21 22 23 24 25 26 27 28 -29 -30 31 32 -33 34 35 36 37 38 39 -40 41 42 43 44 45 46 -47 48 -49 -50
0xafeb97240d8b4f36 3530 1 -2 -3 4 -5 -6 7 -8 -9 10 11 12 -13 -14 -15 -16 17 18 19 20 21 22 23 24 25 26 27 28 -29 -30 31 32 -33 34 35 36 37 38 39 -40 41 42 43 44 -45 46 -47 48 -49 -50
0xa587845897212f22 3558 1 -2 -3 4 -5 -6 7 -8 -9 10 11 12 -13 -14 -15 -16 17 18 19 20 21 22 23 24 25 26 27 28 -29 -30 31 32 -33 34 35 36 37 38 39 -40 41 42 43 44 45 46 -47 48 -49 -50
0x9c3eb74034a1a74 3558 1 -2 -3 4 -5 -6 7 -8 -9 10 11 12 -13 -14 -15 -16 17 18 19 20 21 22 23 24 25 26 27 28 -29 -30 31 32 -33 34 35 36 37 38 39 -40 41 42 43 44 45 46 -47 48 -49 -50
0x9185f56e938120b 3558 1 -2 -3 4 -5 -6 7 -8 -9 10 11 12 -13 -14 -15 -16 17 18 19 20 21 22 23 24 25 26 27 28 -29 -30 31 32 -33 34 35 36 37 38 39 -40 41 42 43 44 45 46 -47 48 -49 -50
0xf609f90e4b836b78 3558 1 -2 -3 4 -5 -6 7 -8 -9 10 11 12 -13 -14 -15 -16 17 18 19 20 21 22 23 24 25 26 27 28 -29 -30 31 32 -33 34 35 36 37 38 39 -40 41 42 43 44 45 46 -47 48 -49 -50
0x1b3147ac07680a64 3558 1 -2 -3 4 -5 -6 7 -8 -9 10 11 12 -13 -14 -15 -16 17 18 19 20 21 22 23 24 25 26 27 28 -29 -30 31 32 -33 34 35 36 37 38 39 -40 41 42 43 44 45 46 -47 48 -49 -50
0xe121fd60f3d7945f 3558 1 -2 -3 4 -5 -6 7 -8 -9 10 11 12 -13 -14 -15 -16 17 18 19 20 21 22 23 24 25 26 27 28 -29 -30 31 32 -33 34 35 36 37 38 39 -40 41 42 43 44 45 46 -47 48 -49 -50
0xf1c3a619f78dd018 3558 1 -2 -3 4 -5 -6 7 -8 -9 10 11 12 -13 -14 -15 -16 17 18 19 20 21 22 23 24 25 26 27 28 -29 -30 31 32 -33 34 35 36 37 38 39 -40 41 42 43 44 45 46 -47 48 -49 -50
0xdd64d48e7d07b882 3558 1 -2 -3 4 -5 -6 7 -8 -9 10 11 12 -13 -14 -15 -16 17 18 19 20 21 22 23 24 25 26 27 28 -29 -30 31 32 -33 34 35 36 37 38 39 -40 41 42 43 44 45 46 -47 48 -49 -50
0xb2cf36c9be7c4734 3558 1 -2 -3 4 -5 -6 7 -8 -9 10 11 12 -13 -14 -15 -16 17 18 19 20 21 22 23 24 25 26 27 28 -29 -30 31 32 -33 34 35 36 37 38 39 -40 41 42 43 44 45 46 -47 48 -49 -50
0x99aeb25083364a27 3558 1 -2 -3 4 -5 -6 7 -8 -9 10 11 12 -13 -14 -15 -16 17 18 19 20 21 22 23 24 25 26 27 28 -29 -30 31 32 -33 34 35 36 37 38 39 -40 41 42 43 44 45 46 -47 48 -49 -50
0xb58dc39b8cd60d38 3507 1 -2 -3 4 -5 -6 7 -8 -9 10 -11 12 -13 -14 -15 -16 17 18 19 20 21 22 23 24 25 26 27 28 -29 -30 31 32 -33 34 35 36 37 38 39 -40 41 42 43 44 -45 46 -47 48 -49 -50
0x3012d93cc9813a8 3530 1 -2 -3 4 -5 -6 7 -8 -9 10 11 12 -13 -14 -15 -16 17 18 19 20 21 22 23 24 25 26 27 28 -29 -30 31 32 -33 34 35 36 37 38 39 -40 41 42 43 44 -45 46 -47 48 -49 -50
0xec90f917aa16e19e 3558 1 -2 -3 4 -5 -6 7 -8 -9 10 11 12 -13 -14 -15 -16 17 18 19 20 21 22 23 24 25 26 27 28 -29 -30 31 32 -33 34 35 36 37 38 39 -40 41 42 43 44 45 46 -47 48 -49 -50
0x282cc47c173dd5a2 3558 1 -2 -3 4 -5 -6 7 -8 -9 10 11 12 -13 -14 -15 -16 17 18 19 20 21 22 23 24 25 26 27 28 -29 -30 31 32 -33 34 35 36 37 38 39 -40 41 42 43 44 45 46 -47 48 -49 -50
0xb9396305b7631222 3558 1 -2 -3 4 -5 -6 7 -8 -9 10 11 12 -13 -14 -15 -16 17 18 19 20 21 22 23 24 25 26 27 28 -29 -30 31 32 -33 34 35 36 37 38 39 -40 41 42 43 44 45 46 -47 48 -49 -50
0xb685cc7001be76ee 3558 1 -2 -3 4 -5 -6 7 -8 -9 10 11 12 -13 -14 -15 -16 17 18 19 20 21 22 23 24 25 26 27 28 -29 -30 31 32 -33 34 35 36 37 38 39 -40 41 42 43 44 45 46 -47 48 -49 -50
0xc6a4163bf791cff4 3558 1 -2 -3 4 -5 -6 7 -8 -9 10 11 12 -13 -14 -15 -16 17 18 19 20 21 22 23 24 25 26 27 28 -29 -30 31 32 -33 34 35 36 37 38 39 -40 41 42 43 44 45 46 -47 48 -49 -50
0x2c212dd256eaeb63 3558 1 -2 -3 4 -5 -6 7 -8 -9 10 11 12 -13 -14 -15 -16 17 18 19 20 21 22 23 24 25 26 27 28 -29 -30 31 32 -33 34 35 36 37 38 39 -40 41 42 43 44 45 46 -47 48 -49 -50
0x2646568c28db9d17 3558 1 -2 -3 4 -5 -6 7 -8 -9 10 11 12 -13 -14 -15 -16 17 18 19 20 21 22 23 24 25 26 27 28 -29 -30 31 32 -33 34 35 36 37 38 39 -40 41 42 43 44 45 46 -47 48 -49 -50
0xfda93db8481d4c6f 3535 1 -2 -3 4 -5 -6 7 -8 -9 10 -11 12 -13 -14 -15 -16 17 18 19 20 21 22 23 24 25 26 27 28 -29 -30 31 32 -33 34 35 36 37 38 39 -40 41 42 43 44 45 46 -47 48 -49 -50
0x80143e2810ed37be 3558 1 -2 -3 4 -5 -6 7 -8 -9 10 11 12 -13 -14 -15 -16 17 18 19 20 21 22 23 24 25 26 27 28 -29 -30 31 32 -33 34 35 36 37 38 39 -40 41 42 43 44 45 46 -47 48 -49 -50
0x4b32189cb580d00f 3558 1 -2 -3 4 -5 -6 7 -8 -9 10 11 12 -13 -14 -15 -16 17 18 19 20 21 22 23 24 25 26 27 28 -29 -30 31 32 -33 34 35 36 37 38 39 -40 41 42 43 44 45 46 -47 48 -49 -50