0x28ab1cc8078a2ebb 29468 1 2 -3 4 -5 6 7 8 9 -10 11 -12 13 14 15 -16 17 18 -19 20 21 -22 -23 24 -25 26 -27 -28 -29 30 31 -32 -33 34 -35 -36 37 38 -39 40 -41 42 43 44 45 46 -47 48 49 -50
0xa51dc3a10a9ce378 29468 1 2 -3 4 -5 6 7 8 9 -10 11 -12 13 14 15 -16 17 18 -19 20 21 -22 -23 24 -25 26 -27 -28 -29 30 31 -32 -33 34 -35 -36 37 38 -39 40 -41 42 43 44 45 46 -47 48 49 -50
0x9b3b67330eaf1a90 29468 1 2 -3 4 -5 6 7 8 9 -10 11 -12 13 14 15 -16 17 18 -19 20 21 -22 -23 24 -25 26 -27 -28 -29 30 31 -32 -33 34 -35 -36 37 38 -39 40 -41 42 43 44 45 46 -47 48 49 -50
0x461ce378fcbf9b74 29468 1 2 -3 4 -5 6 7 8 9 -10 11 -12 13 14 15 -16 17 18 -19 20 21 -22 -23 24 -25 26 -27 -28 -29 30 31 -32 -33 34 -35 -36 37 38 -39 40 -41 42 43 44 45 46 -47 48 49 -50
0xcc040f2d15f89186 29468 1 2 -3 4 -5 6 7 8 9 -10 11 -12 13 14 15 -16 17 18 -19 20 21 -22 -23 24 -25 26 -27 -28 -29 30 31 -32 -33 34 -35 -36 37 38 -39 40 -41 42 43 44 45 46 -47 48 49 -50
0x1516f4f69fd09bc 29468 1 2 -3 4 -5 6 7 8 9 -10 11 -12 13 14 15 -16 17 18 -19 20 21 -22 -23 24 -25 26 -27 -28 -29 30 31 -32 -33 34 -35 -36 37 38 -39 40 -41 42 43 44 45 46 -47 48 49 -50
0xdbaecde5cdc96440 29468 1 2 -3 4 -5 6 7 8 9 -10 11 -12 13 14 15 -16 17 18 -19 20 21 -22 -23 24 -25 26 -27 -28 -29 30 31 -32 -33 34 -35 -36 37 38 -39 40 -41 42 43 44 45 46 -47 48 49 -50
0xf072d8210c4c9197 29468 1 2 -3 4 -5 6 7 8 9 -10 11 -12 13 14 15 -16 17 18 -19 20 21 -22 -23 24 -25 26 -27 -28 -29 30 31 -32 -33 34 -35 -36 37 38 -39 40 -41 42 43 44 45 46 -47 48 49 -50
0x9b77f078593a0e21 29468 1 2 -3 4 -5 6 7 8 9 -10 11 -12 13 14 15 -16 17 18 -19 20 21 -22 -23 24 -25 26 -27 -28 -29 30 31 -32 -33 34 -35 -36 37 38 -39 40 -41 42 43 44 45 46 -47 48 49 -50
0x43c011b3cbf87d6a 29468 1 2 -3 4 -5 6 7 8 9 -10 11 -12 13 14 15 -16 17 18 -19 20 21 -22 -23 24 -25 26 -27 -28 -29 30 31 -32 -33 34 -35 -36 37 38 -39 40 -41 42 43 44 45 46 -47 48 49 -50
0x235b8349742177ea 29468 1 2 -3 4 -5 6 7 8 9 -10 11 -12 13 14 15 -16 17 18 -19 20 21 -22 -23 24 -25 26 -27 -28 -29 30 31 -32 -33 34 -35 -36 37 38 -39 40 -41 42 43 44 45 46 -47 48 49 -50
0xe8528d25fb66d9a4 29468 1 2 -3 4 -5 6 7 8 9 -10 11 -12 13 14 15 -16 17 18 -19 20 21 -22 -23 24 -25 26 -27 -28 -29 30 31 -32 -33 34 -35 -36 37 38 -39 40 -41 42 43 44 45 46 -47 48 49 -50
0x6a7d5447304f46a8 29468 1 2 -3 4 -5 6 7 8 9 -10 11 -12 13 14 15 -16 17 18 -19 20 21 -22 -23 24 -25 26 -27 -28 -29 30 31 -32 -33 34 -35 -36 37 38 -39 40 -41 42 43 44 45 46 -47 48 49 -50
0xa463c1b4138df463 29468 1 2 -3 4 -5 6 7 8 9 -10 11 -12 13 14 15 -16 17 18 -19 20 21 -22 -23 24 -25 26 -27 -28 -29 30 31 -32 -33 34 -35 -36 37 38 -39 40 -41 42 43 44 45 46 -47 48 49 -50
0x7023e7fc4cd6deea 29468 1 2 -3 4 -5 6 7 8 9 -10 11 -12 13 14 15 -16 17 18 -19 20 21 -22 -23 24 -25 26 -27 -28 -29 30 31 -32 -33 34 -35 -36 37 38 -39 40 -41 42 43 44 45 46 -47 48 49 -50
0x54489ac6e255135 29468 1 2 -3 4 -5 6 7 8 9 -10 11 -12 13 14 15 -16 17 18 -19 20 21 -22 -23 24 -25 26 -27 -28 -29 30 31 -32 -33 34 -35 -36 37 38 -39 40 -41 42 43 44 45 46 -47 48 49 -50
0x3d6797bd9461b1c0 29468 1 2 -3 4 -5 6 7 8 9 -10 11 -12 13 14 15 -16 17 18 -19 20 21 -22 -23 24 -25 26 -27 -28 -29 30 31 -32 -33 34 -35 -36 37 38 -39 40 -41 42 43 44 45 46 -47 48 49 -50
0x652bc882accde3d0 29468 1 2 -3 4 -5 6 7 8 9 -10 11 -12 13 14 15 -16 17 18 -19 20 21 -22 -23 24 -25 26 -27 -28 -29 30 31 -32 -33 34 -35 -36 37 38 -39 40 -41 42 43 44 45 46 -47 48 49 -50
0x8ae70b1ff82d74e9 29468 1 2 -3 4 -5 6 7 8 9 -10 11 -12 13 14 15 -16 17 18 -19 20 21 -22 -23 24 -25 26 -27 -28 -29 30 31 -32 -33 34 -35 -36 37 38 -39 40 -41 42 43 44 45 46 -47 48 49 -50
0x960bcb0b35885a57 29468 1 2 -3 4 -5 6 7 8 9 -10 11 -12 13 14 15 -16 17 18 -19 20 21 -22 -23 24 -25 26 -27 -28 -29 30 31 -32 -33 34 -35 -36 37 38 -39 40 -41 42 43 44 45 46 -47 48 49 -50
0x5a97038fc78e3ea8 29468 1 2 -3 4 -5 6 7 8 9 -10 11 -12 13 14 15 -16 17 18 -19 20 21 -22 -23 24 -25 26 -27 -28 -29 30 31 -32 -33 34 -35 -36 37 38 -39 40 -41 42 43 44 45 46 -47 48 49 -50
0x2d2523503fe05f2e 29468 1 2 -3 4 -5 6 7 8 9 -10 11 -12 13 14 15 -16 17 18 -19 20 21 -22 -23 24 -25 26 -27 -28 -29 30 31 -32 -33 34 -35 -36 37 38 -39 40 -41 42 43 44 45 46 -47 48 49 -50
0x858bbfbf2bc7f97f 29468 1 2 -3 4 -5 6 7 8 9 -10 11 -12 13 14 15 -16 17 18 -19 20 21 -22 -23 24 -25 26 -27 -28 -29 30 31 -32 -33 34 -35 -36 37 38 -39 40 -41 42 43 44 45 46 -47 48 49 -50
0xdc1b760c9ef1a1a4 29468 1 2 -3 4 -5 6 7 8 9 -10 11 -12 13 14 15 -16 17 18 -19 20 21 -22 -23 24 -25 26 -27 -28 -29 30 31 -32 -33 34 -35 -36 37 38 -39 40 -41 42 43 44 45 46 -47 48 49 -50
0x917687447369a9a8 29468 1 2 -3 4 -5 6 7 8 9 -10 11 -12 13 14 15 -16 17 18 -19 20 21 -22 -23 24 -25 26 -27 -28 -29 30 31 -32 -33 34 -35 -36 37 38 -39 40 -41 42 43 44 45 46 -47 48 49 -50
0x91e862bb5c2d943c 29468 1 2 -3 4 -5 6 7 8 9 -10 11 -12 13 14 15 -16 17 18 -19 20 21 -22 -23 24 -25 26 -27 -28 -29 30 31 -32 -33 34 -35 -36 37 38 -39 40 -41 42 43 44 45 46 -47 48 49 -50
0x742ea854cc160f0 29468 1 2 -3 4 -5 6 7 8 9 -10 11 -12 13 14 15 -16 17 18 -19 20 21 -22 -23 24 -25 26 -27 -28 -29 30 31 -32 -33 34 -35 -36 37 38 -39 40 -41 42 43 44 45 46 -47 48 49 -50
0xc72cd2f6edd607e9 29468 1 2 -3 4 -5 6 7 8 9 -10 11 -12 13 14 15 -16 17 18 -19 20 21 -22 -23 24 -25 26 -27 -28 -29 30 31 -32 -33 34 -35 -36 37 38 -39 40 -41 42 43 44 45 46 -47 48 49 -50
0x25451d638da98bbc 29468 1 2 -3 4 -5 6 7 8 9 -10 11 -12 13 14 15 -16 17 18 -19 20 21 -22 -23 24 -25 26 -27 -28 -29 30 31 -32 -33 34 -35 -36 37 38 -39 40 -41 42 43 44 45 46 -47 48 49 -50
0xd5cba92b6add4666 29468 1 2 -3 4 -5 6 7 8 9 -10 11 -12 13 14 15 -16 17 18 -19 20 21 -22 -23 24 -25 26 -27 -28 -29 30 31 -32 -33 34 -35 -36 37 38 -39 40 -41 42 43 44 45 46 -47 48 49 -50