0x2b9ff5f1f240e374 28783 -1 2 3 4 5 6 7 8 -9 -10 -11 -12 -13 14 15 -16 -17 -18 19 20 -21 -22 -23 24 25 -26 27 -28 -29 30 -31 -32 33 34 35 36 -37 38 -39 40 41 42 -43 44 -45 46 47 48 49 -50
0xf934a387060cce3 28783 -1 2 3 4 5 6 7 8 -9 -10 -11 -12 -13 14 15 -16 -17 -18 19 20 -21 -22 -23 24 25 -26 27 -28 -29 30 -31 -32 33 34 35 36 -37 38 -39 40 41 42 -43 44 -45 46 47 48 49 -50
0xadf713af83d2c9ea 28783 -1 2 3 4 5 6 7 8 -9 -10 -11 -12 -13 14 15 -16 -17 -18 19 20 -21 -22 -23 24 25 -26 27 -28 -29 30 -31 -32 33 34 35 36 -37 38 -39 40 41 42 -43 44 -45 46 47 48 49 -50
0x3db2ed0cde6a0787 28783 -1 2 3 4 5 6 7 8 -9 -10 -11 -12 -13 14 15 -16 -17 -18 19 20 -21 -22 -23 24 25 -26 27 -28 -29 30 -31 -32 33 34 35 36 -37 38 -39 40 41 42 -43 44 -45 46 47 48 49 -50
0xb29e00939368ccba 28783 -1 2 3 4 5 6 7 8 -9 -10 -11 -12 -13 14 15 -16 -17 -18 19 20 -21 -22 -23 24 25 -26 27 -28 -29 30 -31 -32 33 34 35 36 -37 38 -39 40 41 42 -43 44 -45 46 47 48 49 -50
0x7489939e1a52e006 28783 -1 2 3 4 5 6 7 8 -9 -10 -11 -12 -13 14 15 -16 -17 -18 19 20 -21 -22 -23 24 25 -26 27 -28 -29 30 -31 -32 33 34 35 36 -37 38 -39 40 41 42 -43 44 -45 46 47 48 49 -50
0xc4d7621b00277cf4 28783 -1 2 3 4 5 6 7 8 -9 -10 -11 -12 -13 14 15 -16 -17 -18 19 20 -21 -22 -23 24 25 -26 27 -28 -29 30 -31 -32 33 34 35 36 -37 38 -39 40 41 42 -43 44 -45 46 47 48 49 -50
0xc359ca0b7be8d991 28783 -1 2 3 4 5 6 7 8 -9 -10 -11 -12 -13 14 15 -16 -17 -18 19 20 -21 -22 -23 24 25 -26 27 -28 -29 30 -31 -32 33 34 35 36 -37 38 -39 40 41 42 -43 44 -45 46 47 48 49 -50
0xb87bc704c7973bed 28783 -1 2 3 4 5 6 7 8 -9 -10 -11 -12 -13 14 15 -16 -17 -18 19 20 -21 -22 -23 24 25 -26 27 -28 -29 30 -31 -32 33 34 35 36 -37 38 -39 40 41 42 -43 44 -45 46 47 48 49 -50
0x37eebdb1a3059f9d 28783 -1 2 3 4 5 6 7 8 -9 -10 -11 -12 -13 14 15 -16 -17 -18 19 20 -21 -22 -23 24 25 -26 27 -28 -29 30 -31 -32 33 34 35 36 -37 38 -39 40 41 42 -43 44 -45 46 47 48 49 -50
0xd45c174fc22deb38 28783 -1 2 3 4 5 6 7 8 -9 -10 -11 -12 -13 14 15 -16 -17 -18 19 20 -21 -22 -23 24 25 -26 27 -28 -29 30 -31 -32 33 34 35 36 -37 38 -39 40 41 42 -43 44 -45 46 47 48 49 -50
0x79d8ad321ceab5dc 28783 -1 2 3 4 5 6 7 8 -9 -10 -11 -12 -13 14 15 -16 -17 -18 19 20 -21 -22 -23 24 25 -26 27 -28 -29 30 -31 -32 33 34 35 36 -37 38 -39 40 41 42 -43 44 -45 46 47 48 49 -50
0x55abdd7b366f2ec0 28783 -1 2 3 4 5 6 7 8 -9 -10 -11 -12 -13 14 15 -16 -17 -18 19 20 -21 -22 -23 24 25 -26 27 -28 -29 30 -31 -32 33 34 35 36 -37 38 -39 40 41 42 -43 44 -45 46 47 48 49 -50
0xda2e61363709fb41 28783 -1 2 3 4 5 6 7 8 -9 -10 -11 -12 -13 14 15 -16 -17 -18 19 20 -21 -22 -23 24 25 -26 27 -28 -29 30 -31 -32 33 34 35 36 -37 38 -39 40 41 42 -43 44 -45 46 47 48 49 -50
0xaeb73875a8322ab7 28783 -1 2 3 4 5 6 7 8 -9 -10 -11 -12 -13 14 15 -16 -17 -18 19 20 -21 -22 -23 24 25 -26 27 -28 -29 30 -31 -32 33 34 35 36 -37 38 -39 40 41 42 -43 44 -45 46 47 48 49 -50
0x898e461c64e5b15 28783 -1 2 3 4 5 6 7 8 -9 -10 -11 -12 -13 14 15 -16 -17 -18 19 20 -21 -22 -23 24 25 -26 27 -28 -29 30 -31 -32 33 34 35 36 -37 38 -39 40 41 42 -43 44 -45 46 47 48 49 -50
0x6e1acbd1265aaff3 28783 -1 2 3 4 5 6 7 8 -9 -10 -11 -12 -13 14 15 -16 -17 -18 19 20 -21 -22 -23 24 25 -26 27 -28 -29 30 -31 -32 33 34 35 36 -37 38 -39 40 41 42 -43 44 -45 46 47 48 49 -50
0x773f32d0d090340c 28783 -1 2 3 4 5 6 7 8 -9 -10 -11 -12 -13 14 15 -16 -17 -18 19 20 -21 -22 -23 24 25 -26 27 -28 -29 30 -31 -32 33 34 35 36 -37 38 -39 40 41 42 -43 44 -45 46 47 48 49 -50
0x31a9822197ae4abf 28783 -1 2 3 4 5 6 7 8 -9 -10 -11 -12 -13 14 15 -16 -17 -18 19 20 -21 -22 -23 24 25 -26 27 -28 -29 30 -31 -32 33 34 35 36 -37 38 -39 40 41 42 -43 44 -45 46 47 48 49 -50
0x5892debb563c3191 28783 -1 2 3 4 5 6 7 8 -9 -10 -11 -12 -13 14 15 -16 -17 -18 19 20 -21 -22 -23 24 25 -26 27 -28 -29 30 -31 -32 33 34 35 36 -37 38 -39 40 41 42 -43 44 -45 46 47 48 49 -50
0x8fb1142015891a7 28783 -1 2 3 4 5 6 7 8 -9 -10 -11 -12 -13 14 15 -16 -17 -18 19 20 -21 -22 -23 24 25 -26 27 -28 -29 30 -31 -32 33 34 35 36 -37 38 -39 40 41 42 -43 44 -45 46 47 48 49 -50
0x983bd965eed214e 28783 -1 2 3 4 5 6 7 8 -9 -10 -11 -12 -13 14 15 -16 -17 -18 19 20 -21 -22 -23 24 25 -26 27 -28 -29 30 -31 -32 33 34 35 36 -37 38 -39 40 41 42 -43 44 -45 46 47 48 49 -50
0x24a3ea45a35c5575 28783 -1 2 3 4 5 6 7 8 -9 -10 -11 -12 -13 14 15 -16 -17 -18 19 20 -21 -22 -23 24 25 -26 27 -28 -29 30 -31 -32 33 34 35 36 -37 38 -39 40 41 42 -43 44 -45 46 47 48 49 -50
0xd9af634b9be24e2f 28783 -1 2 3 4 5 6 7 8 -9 -10 -11 -12 -13 14 15 -16 -17 -18 19 20 -21 -22 -23 24 25 -26 27 -28 -29 30 -31 -32 33 34 35 36 -37 38 -39 40 41 42 -43 44 -45 46 47 48 49 -50
0x593cbafa3aff9b88 28783 -1 2 3 4 5 6 7 8 -9 -10 -11 -12 -13 14 15 -16 -17 -18 19 20 -21 -22 -23 24 25 -26 27 -28 -29 30 -31 -32 33 34 35 36 -37 38 -39 40 41 42 -43 44 -45 46 47 48 49 -50
0x18f407730c9d68f2 28783 -1 2 3 4 5 6 7 8 -9 -10 -11 -12 -13 14 15 -16 -17 -18 19 20 -21 -22 -23 24 25 -26 27 -28 -29 30 -31 -32 33 34 35 36 -37 38 -39 40 41 42 -43 44 -45 46 47 48 49 -50
0xfaa1806febc2880a 28783 -1 2 3 4 5 6 7 8 -9 -10 -11 -12 -13 14 15 -16 -17 -18 19 20 -21 -22 -23 24 25 -26 27 -28 -29 30 -31 -32 33 34 35 36 -37 38 -39 40 41 42 -43 44 -45 46 47 48 49 -50
0xb7693764fb5ce970 28783 -1 2 3 4 5 6 7 8 -9 -10 -11 -12 -13 14 15 -16 -17 -18 19 20 -21 -22 -23 24 25 -26 27 -28 -29 30 -31 -32 33 34 35 36 -37 38 -39 40 41 42 -43 44 -45 46 47 48 49 -50
0x413e74417fc782b4 28783 -1 2 3 4 5 6 7 8 -9 -10 -11 -12 -13 14 15 -16 -17 -18 19 20 -21 -22 -23 24 25 -26 27 -28 -29 30 -31 -32 33 34 35 36 -37 38 -39 40 41 42 -43 44 -45 46 47 48 49 -50
0x2023062b52ae8c24 28783 -1 2 3 4 5 6 7 8 -9 -10 -11 -12 -13 14 15 -16 -17 -18 19 20 -21 -22 -23 24 25 -26 27 -28 -29 30 -31 -32 33 34 35 36 -37 38 -39 40 41 42 -43 44 -45 46 47 48 49 -50