0x13462b2cdbd01978 30744 1 2 3 4 -5 6 7 -8 9 -10 -11 -12 -13 14 15 16 17 18 19 20 21 22 23 -24 -25 -26 -27 -28 -29 30 -31 32 33 -34 35 -36 37 -38 -39 40 -41 42 -43 44 45 46 47 48 -49 50
0x342b73d15c1251c 30744 1 2 3 4 -5 6 7 -8 9 -10 -11 -12 -13 14 15 16 17 18 19 20 21 22 23 -24 -25 -26 -27 -28 -29 30 -31 32 33 -34 35 -36 37 -38 -39 40 -41 42 -43 44 45 46 47 48 -49 50
0x447e024eed741eb2 30744 1 2 3 4 -5 6 7 -8 9 -10 -11 -12 -13 14 15 16 17 18 19 20 21 22 23 -24 -25 -26 -27 -28 -29 30 -31 32 33 -34 35 -36 37 -38 -39 40 -41 42 -43 44 45 46 47 48 -49 50
0xa4c5d0649399aa47 30744 1 2 3 4 -5 6 7 -8 9 -10 -11 -12 -13 14 15 16 17 18 19 20 21 22 23 -24 -25 -26 -27 -28 -29 30 -31 32 33 -34 35 -36 37 -38 -39 40 -41 42 -43 44 45 46 47 48 -49 50
0x8884198e38036dcd 30744 1 2 3 4 -5 6 7 -8 9 -10 -11 -12 -13 14 15 16 17 18 19 20 21 22 23 -24 -25 -26 -27 -28 -29 30 -31 32 33 -34 35 -36 37 -38 -39 40 -41 42 -43 44 45 46 47 48 -49 50
0xf05fb29313bdcb47 30744 1 2 3 4 -5 6 7 -8 9 -10 -11 -12 -13 14 15 16 17 18 19 20 21 22 23 -24 -25 -26 -27 -28 -29 30 -31 32 33 -34 35 -36 37 -38 -39 40 -41 42 -43 44 45 46 47 48 -49 50
0x2115a5531888397b 30744 1 2 3 4 -5 6 7 -8 9 -10 -11 -12 -13 14 15 16 17 18 19 20 21 22 23 -24 -25 -26 -27 -28 -29 30 -31 32 33 -34 35 -36 37 -38 -39 40 -41 42 -43 44 45 46 47 48 -49 50
0x77e2b39508f06757 30744 1 2 3 4 -5 6 7 -8 9 -10 -11 -12 -13 14 15 16 17 18 19 20 21 22 23 -24 -25 -26 -27 -28 -29 30 -31 32 33 -34 35 -36 37 -38 -39 40 -41 42 -43 44 45 46 47 48 -49 50
0x9459b394af7af12c 30744 1 2 3 4 -5 6 7 -8 9 -10 -11 -12 -13 14 15 16 17 18 19 20 21 22 23 -24 -25 -26 -27 -28 -29 30 -31 32 33 -34 35 -36 37 -38 -39 40 -41 42 -43 44 45 46 47 48 -49 50
0x26b7cf7ff38f6a2f 30744 1 2 3 4 -5 6 7 -8 9 -10 -11 -12 -13 14 15 16 17 18 19 20 21 22 23 -24 -25 -26 -27 -28 -29 30 -31 32 33 -34 35 -36 37 -38 -39 40 -41 42 -43 44 45 46 47 48 -49 50
0x1c3c14f9afad75fb 30744 1 2 3 4 -5 6 7 -8 9 -10 -11 -12 -13 14 15 16 17 18 19 20 21 22 23 -24 -25 -26 -27 -28 -29 30 -31 32 33 -34 35 -36 37 -38 -39 40 -41 42 -43 44 45 46 47 48 -49 50
0x4a905499efe0f20b 30744 1 2 3 4 -5 6 7 -8 9 -10 -11 -12 -13 14 15 16 17 18 19 20 21 22 23 -24 -25 -26 -27 -28 -29 30 -31 32 33 -34 35 -36 37 -38 -39 40 -41 42 -43 44 45 46 47 48 -49 50
0x5e91516a41ab2f42 30744 1 2 3 4 -5 6 7 -8 9 -10 -11 -12 -13 14 15 16 17 18 19 20 21 22 23 -24 -25 -26 -27 -28 -29 30 -31 32 33 -34 35 -36 37 -38 -39 40 -41 42 -43 44 45 46 47 48 -49 50
0xee044069d8d73b66 30744 1 2 3 4 -5 6 7 -8 9 -10 -11 -12 -13 14 15 16 17 18 19 20 21 22 23 -24 -25 -26 -27 -28 -29 30 -31 32 33 -34 35 -36 37 -38 -39 40 -41 42 -43 44 45 46 47 48 -49 50
0xdaa733127ad1e5c8 30744 1 2 3 4 -5 6 7 -8 9 -10 -11 -12 -13 14 15 16 17 18 19 20 21 22 23 -24 -25 -26 -27 -28 -29 30 -31 32 33 -34 35 -36 37 -38 -39 40 -41 42 -43 44 45 46 47 48 -49 50
0x512543d5ce7f4c42 30744 1 2 3 4 -5 6 7 -8 9 -10 -11 -12 -13 14 15 16 17 18 19 20 21 22 23 -24 -25 -26 -27 -28 -29 30 -31 32 33 -34 35 -36 37 -38 -39 40 -41 42 -43 44 45 46 47 48 -49 50
0x22af39524bac6cc8 30744 1 2 3 4 -5 6 7 -8 9 -10 -11 -12 -13 14 15 16 17 18 19 20 21 22 23 -24 -25 -26 -27 -28 -29 30 -31 32 33 -34 35 -36 37 -38 -39 40 -41 42 -43 44 45 46 47 48 -49 50
0x5a600c1fe649e01d 30744 1 2 3 4 -5 6 7 -8 9 -10 -11 -12 -13 14 15 16 17 18 19 20 21 22 23 -24 -25 -26 -27 -28 -29 30 -31 32 33 -34 35 -36 37 -38 -39 40 -41 42 -43 44 45 46 47 48 -49 50
0xfc9ba36d851ecc0a 30744 1 2 3 4 -5 6 7 -8 9 -10 -11 -12 -13 14 15 16 17 18 19 20 21 22 23 -24 -25 -26 -27 -28 -29 30 -31 32 33 -34 35 -36 37 -38 -39 40 -41 42 -43 44 45 46 47 48 -49 50
0x4054007ca35168dd 30744 1 2 3 4 -5 6 7 -8 9 -10 -11 -12 -13 14 15 16 17 18 19 20 21 22 23 -24 -25 -26 -27 -28 -29 30 -31 32 33 -34 35 -36 37 -38 -39 40 -41 42 -43 44 45 46 47 48 -49 50
0x60763a243fc316e4 30744 1 2 3 4 -5 6 7 -8 9 -10 -11 -12 -13 14 15 16 17 18 19 20 21 22 23 -24 -25 -26 -27 -28 -29 30 -31 32 33 -34 35 -36 37 -38 -39 40 -41 42 -43 44 45 46 47 48 -49 50
0x8cbd484d63a603f4 30744 1 2 3 4 -5 6 7 -8 9 -10 -11 -12 -13 14 15 16 17 18 19 20 21 22 23 -24 -25 -26 -27 -28 -29 30 -31 32 33 -34 35 -36 37 -38 -39 40 -41 42 -43 44 45 46 47 48 -49 50
0x26689f7565f260e7 30744 1 2 3 4 -5 6 7 -8 9 -10 -11 -12 -13 14 15 16 17 18 19 20 21 22 23 -24 -25 -26 -27 -28 -29 30 -31 32 33 -34 35 -36 37 -38 -39 40 -41 42 -43 44 45 46 47 48 -49 50
0x4d09519d9742ae5 30744 1 2 3 4 -5 6 7 -8 9 -10 -11 -12 -13 14 15 16 17 18 19 20 21 22 23 -24 -25 -26 -27 -28 -29 30 -31 32 33 -34 35 -36 37 -38 -39 40 -41 42 -43 44 45 46 47 48 -49 50
0x132be9e00d26de7 30744 1 2 3 4 -5 6 7 -8 9 -10 -11 -12 -13 14 15 16 17 18 19 20 21 22 23 -24 -25 -26 -27 -28 -29 30 -31 32 33 -34 35 -36 37 -38 -39 40 -41 42 -43 44 45 46 47 48 -49 50
0xff312b40a0ec314e 30744 1 2 3 4 -5 6 7 -8 9 -10 -11 -12 -13 14 15 16 17 18 19 20 21 22 23 -24 -25 -26 -27 -28 -29 30 -31 32 33 -34 35 -36 37 -38 -39 40 -41 42 -43 44 45 46 47 48 -49 50
0xdd153c1d82c761f6 30744 1 2 3 4 -5 6 7 -8 9 -10 -11 -12 -13 14 15 16 17 18 19 20 21 22 23 -24 -25 -26 -27 -28 -29 30 -31 32 33 -34 35 -36 37 -38 -39 40 -41 42 -43 44 45 46 47 48 -49 50
0xd175c0df7481b58b 30744 1 2 3 4 -5 6 7 -8 9 -10 -11 -12 -13 14 15 16 17 18 19 20 21 22 23 -24 -25 -26 -27 -28 -29 30 -31 32 33 -34 35 -36 37 -38 -39 40 -41 42 -43 44 45 46 47 48 -49 50
0x722fe5b532497168 30744 1 2 3 4 -5 6 7 -8 9 -10 -11 -12 -13 14 15 16 17 18 19 20 21 22 23 -24 -25 -26 -27 -28 -29 30 -31 32 33 -34 35 -36 37 -38 -39 40 -41 42 -43 44 45 46 47 48 -49 50
0xdeb7c92c8b59f581 30744 1 2 3 4 -5 6 7 -8 9 -10 -11 -12 -13 14 15 16 17 18 19 20 21 22 23 -24 -25 -26 -27 -28 -29 30 -31 32 33 -34 35 -36 37 -38 -39 40 -41 42 -43 44 45 46 47 48 -49 50