0x293c5b86aa01d744 25256 1 -2 -3 -4 -5 6 -7 -8 9 10 -11 -12 13 -14 15 16 17 18 19 -20 -21 22 -23 -24 -25 26 -27 28 -29 -30 -31 -32 33 34 35 36 -37 -38 -39 40 41 -42 -43 -44 45 46 47 48 -49 -50
0x5af820355591118 25256 1 -2 -3 -4 -5 6 -7 -8 9 10 -11 -12 13 -14 15 16 17 18 19 -20 -21 22 -23 -24 -25 26 -27 28 -29 -30 -31 -32 33 34 35 36 -37 -38 -39 40 41 -42 -43 -44 45 46 47 48 -49 -50
0x1ef1bb1b607bc49a 25256 1 -2 -3 -4 -5 6 -7 -8 9 10 -11 -12 13 -14 15 16 17 18 19 -20 -21 22 -23 -24 -25 26 -27 28 -29 -30 -31 -32 33 34 35 36 -37 -38 -39 40 41 -42 -43 -44 45 46 47 48 -49 -50
0x680b6df56802eabe 25256 1 -2 -3 -4 -5 6 -7 -8 9 10 -11 -12 13 -14 15 16 17 18 19 -20 -21 22 -23 -24 -25 26 -27 28 -29 -30 -31 -32 33 34 35 36 -37 -38 -39 40 41 -42 -43 -44 45 46 47 48 -49 -50
0x4f98982d3ac9fc69 25256 1 -2 -3 -4 -5 6 -7 -8 9 10 -11 -12 13 -14 15 16 17 18 19 -20 -21 22 -23 -24 -25 26 -27 28 -29 -30 -31 -32 33 34 35 36 -37 -38 -39 40 41 -42 -43 -44 45 46 47 48 -49 -50
0x513c7e8321c7d4c9 25256 1 -2 -3 -4 -5 6 -7 -8 9 10 -11 -12 13 -14 15 16 17 18 19 -20 -21 22 -23 -24 -25 26 -27 28 -29 -30 -31 -32 33 34 35 36 -37 -38 -39 40 41 -42 -43 -44 45 46 47 48 -49 -50
0x363f4086330161df 25256 1 -2 -3 -4 -5 6 -7 -8 9 10 -11 -12 13 -14 15 16 17 18 19 -20 -21 22 -23 -24 -25 26 -27 28 -29 -30 -31 -32 33 34 35 36 -37 -38 -39 40 41 -42 -43 -44 45 46 47 48 -49 -50
0xfaf1b9d44cd1e773 25256 1 -2 -3 -4 -5 6 -7 -8 9 10 -11 -12 13 -14 15 16 17 18 19 -20 -21 22 -23 -24 -25 26 -27 28 -29 -30 -31 -32 33 34 35 36 -37 -38 -39 40 41 -42 -43 -44 45 46 47 48 -49 -50
0x9c9c0f3f6f2ecfe0 25256 1 -2 -3 -4 -5 6 -7 -8 9 10 -11 -12 13 -14 15 16 17 18 19 -20 -21 22 -23 -24 -25 26 -27 28 -29 -30 -31 -32 33 34 35 36 -37 -38 -39 40 41 -42 -43 -44 45 46 47 48 -49 -50
0xa6bebc7f50b67baf 25256 1 -2 -3 -4 -5 6 -7 -8 9 10 -11 -12 13 -14 15 16 17 18 19 -20 -21 22 -23 -24 -25 26 -27 28 -29 -30 -31 -32 33 34 35 36 -37 -38 -39 40 41 -42 -43 -44 45 46 47 48 -49 -50
0xff25251ef5a478af 25256 1 -2 -3 -4 -5 6 -7 -8 9 10 -11 -12 13 -14 15 16 17 18 19 -20 -21 22 -23 -24 -25 26 -27 28 -29 -30 -31 -32 33 34 35 36 -37 -38 -39 40 41 -42 -43 -44 45 46 47 48 -49 -50
0x443377fe8b605f73 25256 1 -2 -3 -4 -5 6 -7 -8 9 10 -11 -12 13 -14 15 16 17 18 19 -20 -21 22 -23 -24 -25 26 -27 28 -29 -30 -31 -32 33 34 35 36 -37 -38 -39 40 41 -42 -43 -44 45 46 47 48 -49 -50
0xb01962d42c5940d0 25256 1 -2 -3 -4 -5 6 -7 -8 9 10 -11 -12 13 -14 15 16 17 18 19 -20 -21 22 -23 -24 -25 26 -27 28 -29 -30 -31 -32 33 34 35 36 -37 -38 -39 40 41 -42 -43 -44 45 46 47 48 -49 -50
0x940795a5a3f3a361 25256 1 -2 -3 -4 -5 6 -7 -8 9 10 -11 -12 13 -14 15 16 17 18 19 -20 -21 22 -23 -24 -25 26 -27 28 -29 -30 -31 -32 33 34 35 36 -37 -38 -39 40 41 -42 -43 -44 45 46 47 48 -49 -50
0x6bfe828dae3755cb 25256 1 -2 -3 -4 -5 6 -7 -8 9 10 -11 -12 13 -14 15 16 17 18 19 -20 -21 22 -23 -24 -25 26 -27 28 -29 -30 -31 -32 33 34 35 36 -37 -38 -39 40 41 -42 -43 -44 45 46 47 48 -49 -50
0xce3f128f5a852574 25256 1 -2 -3 -4 -5 6 -7 -8 9 10 -11 -12 13 -14 15 16 17 18 19 -20 -21 22 -23 -24 -25 26 -27 28 -29 -30 -31 -32 33 34 35 36 -37 -38 -39 40 41 -42 -43 -44 45 46 47 48 -49 -50
0x2f8bdf0f4d2581b4 25256 1 -2 -3 -4 -5 6 -7 -8 9 10 -11 -12 13 -14 15 16 17 18 19 -20 -21 22 -23 -24 -25 26 -27 28 -29 -30 -31 -32 33 34 35 36 -37 -38 -39 40 41 -42 -43 -44 45 46 47 48 -49 -50
0xf34554175a9d5d68 25256 1 -2 -3 -4 -5 6 -7 -8 9 10 -11 -12 13 -14 15 16 17 18 19 -20 -21 22 -23 -24 -25 26 -27 28 -29 -30 -31 -32 33 34 35 36 -37 -38 -39 40 41 -42 -43 -44 45 46 47 48 -49 -50
0xf19fe3ea79e9897b 25256 1 -2 -3 -4 -5 6 -7 -8 9 10 -11 -12 13 -14 15 16 17 18 19 -20 -21 22 -23 -24 -25 26 -27 28 -29 -30 -31 -32 33 34 35 36 -37 -38 -39 40 41 -42 -43 -44 45 46 47 48 -49 -50
0xc7543d28532af4ff 25256 1 -2 -3 -4 -5 6 -7 -8 9 10 -11 -12 13 -14 15 16 17 18 19 -20 -21 22 -23 -24 -25 26 -27 28 -29 -30 -31 -32 33 34 35 36 -37 -38 -39 40 41 -42 -43 -44 45 46 47 48 -49 -50
0x712a8781937ed5f0 25256 1 -2 -3 -4 -5 6 -7 -8 9 10 -11 -12 13 -14 15 16 17 18 19 -20 -21 22 -23 -24 -25 26 -27 28 -29 -30 -31 -32 33 34 35 36 -37 -38 -39 40 41 -42 -43 -44 45 46 47 48 -49 -50
0x4d245a3e1c25dc4f 25256 1 -2 -3 -4 -5 6 -7 -8 9 10 -11 -12 13 -14 15 16 17 18 19 -20 -21 22 -23 -24 -25 26 -27 28 -29 -30 -31 -32 33 34 35 36 -37 -38 -39 40 41 -42 -43 -44 45 46 47 48 -49 -50
0x521b47b5bc5a979f 25256 1 -2 -3 -4 -5 6 -7 -8 9 10 -11 -12 13 -14 15 16 17 18 19 -20 -21 22 -23 -24 -25 26 -27 28 -29 -30 -31 -32 33 34 35 36 -37 -38 -39 40 41 -42 -43 -44 45 46 47 48 -49 -50
0xe16b38d6df0f6c6a 25256 1 -2 -3 -4 -5 6 -7 -8 9 10 -11 -12 13 -14 15 16 17 18 19 -20 -21 22 -23 -24 -25 26 -27 28 -29 -30 -31 -32 33 34 35 36 -37 -38 -39 40 41 -42 -43 -44 45 46 47 48 -49 -50
0x99c5245990834653 25256 1 -2 -3 -4 -5 6 -7 -8 9 10 -11 -12 13 -14 15 16 17 18 19 -20 -21 22 -23 -24 -25 26 -27 28 -29 -30 -31 -32 33 34 35 36 -37 -38 -39 40 41 -42 -43 -44 45 46 47 48 -49 -50
0x1363eec93283c68b 25256 1 -2 -3 -4 -5 6 -7 -8 9 10 -11 -12 13 -14 15 16 17 18 19 -20 -21 22 -23 -24 -25 26 -27 28 -29 -30 -31 -32 33 34 35 36 -37 -38 -39 40 41 -42 -43 -44 45 46 47 48 -49 -50
0x47a389eefdc893b7 25256 1 -2 -3 -4 -5 6 -7 -8 9 10 -11 -12 13 -14 15 16 17 18 19 -20 -21 22 -23 -24 -25 26 -27 28 -29 -30 -31 -32 33 34 35 36 -37 -38 -39 40 41 -42 -43 -44 45 46 47 48 -49 -50
0x8a5ac72245b0aaf 25256 1 -2 -3 -4 -5 6 -7 -8 9 10 -11 -12 13 -14 15 16 17 18 19 -20 -21 22 -23 -24 -25 26 -27 28 -29 -30 -31 -32 33 34 35 36 -37 -38 -39 40 41 -42 -43 -44 45 46 47 48 -49 -50
0xf3a74eef2f47851b 25256 1 -2 -3 -4 -5 6 -7 -8 9 10 -11 -12 13 -14 15 16 17 18 19 -20 -21 22 -23 -24 -25 26 -27 28 -29 -30 -31 -32 33 34 35 36 -37 -38 -39 40 41 -42 -43 -44 45 46 47 48 -49 -50
0xd1d3be025c725231 25256 1 -2 -3 -4 -5 6 -7 -8 9 10 -11 -12 13 -14 15 16 17 18 19 -20 -21 22 -23 -24 -25 26 -27 28 -29 -30 -31 -32 33 34 35 36 -37 -38 -39 40 41 -42 -43 -44 45 46 47 48 -49 -50