0x4907957ad9eb9697 24491 -1 -2 -3 4 -5 6 7 -8 9 10 11 12 13 14 -15 -16 -17 18 -19 -20 21 22 23 -24 25 -26 27 -28 -29 -30 31 -32 33 -34 -35 36 -37 -38 -39 40 -41 42 43 -44 -45 46 47 -48 -49 50
0x8d1f89a9600e43d0 24491 -1 2 -3 4 -5 6 7 -8 9 10 11 12 -13 14 -15 -16 -17 18 -19 -20 21 22 23 -24 25 -26 27 -28 -29 -30 31 -32 33 -34 -35 36 -37 -38 -39 40 -41 42 43 -44 -45 46 47 -48 -49 50
0x5c9d7ac99c1fc87d 24491 -1 2 -3 4 -5 6 7 -8 9 10 11 12 -13 14 -15 -16 -17 18 -19 -20 21 22 23 -24 25 -26 27 -28 -29 -30 31 -32 33 -34 -35 36 -37 -38 -39 40 -41 42 43 -44 -45 46 47 -48 -49 50
0x9a229142c02cd22f 24491 -1 -2 -3 4 -5 6 7 -8 9 10 11 12 13 14 -15 -16 -17 18 -19 -20 21 22 23 -24 25 -26 27 -28 -29 -30 31 -32 33 -34 -35 36 -37 -38 -39 40 -41 42 43 -44 -45 46 47 -48 -49 50
0x5c1c64ca215a368c 24491 -1 2 -3 4 -5 6 7 -8 9 10 11 12 -13 14 -15 -16 -17 18 -19 -20 21 22 23 -24 25 -26 27 -28 -29 -30 31 -32 33 -34 -35 36 -37 -38 -39 40 -41 42 43 -44 -45 46 47 -48 -49 50
0x25548f9e3c21fc04 24491 -1 2 -3 4 -5 6 7 -8 9 10 11 12 -13 14 -15 -16 -17 18 -19 -20 21 22 23 -24 25 -26 27 -28 -29 -30 31 -32 33 -34 -35 36 -37 -38 -39 40 -41 42 43 -44 -45 46 47 -48 -49 50
0xfcb84ca5362ed3bb 24491 -1 2 -3 4 -5 6 7 -8 9 10 11 12 -13 14 -15 -16 -17 18 -19 -20 21 22 23 -24 25 -26 27 -28 -29 -30 31 -32 33 -34 -35 36 -37 -38 -39 40 -41 42 43 -44 -45 46 47 -48 -49 50
0xe1247ac9580e2fbc 24491 -1 2 -3 4 -5 6 7 -8 9 10 11 12 -13 14 -15 -16 -17 18 -19 -20 21 22 23 -24 25 -26 27 -28 -29 -30 31 -32 33 -34 -35 36 -37 -38 -39 40 -41 42 43 -44 -45 46 47 -48 -49 50
0xfdb6348690433256 24491 -1 2 -3 4 -5 6 7 -8 9 10 11 12 -13 14 -15 -16 -17 18 -19 -20 21 22 23 -24 25 -26 27 -28 -29 -30 31 -32 33 -34 -35 36 -37 -38 -39 40 -41 42 43 -44 -45 46 47 -48 -49 50
0xa38e70380bda9e 24491 -1 -2 -3 4 -5 6 7 -8 9 10 11 12 13 14 -15 -16 -17 18 -19 -20 21 22 23 -24 25 -26 27 -28 -29 -30 31 -32 33 -34 -35 36 -37 -38 -39 40 -41 42 43 -44 -45 46 47 -48 -49 50
0xa2c736ad1ff9c313 24491 -1 -2 -3 4 -5 6 7 -8 9 10 11 12 13 14 -15 -16 -17 18 -19 -20 21 22 23 -24 25 -26 27 -28 -29 -30 31 -32 33 -34 -35 36 -37 -38 -39 40 -41 42 43 -44 -45 46 47 -48 -49 50
0xb861223b8dff23f1 24491 -1 2 -3 4 -5 6 7 -8 9 10 11 12 -13 14 -15 -16 -17 18 -19 -20 21 22 23 -24 25 -26 27 -28 -29 -30 31 -32 33 -34 -35 36 -37 -38 -39 40 -41 42 43 -44 -45 46 47 -48 -49 50
0xc7e7bd8436ca624d 24491 -1 2 -3 4 -5 6 7 -8 9 10 11 12 -13 14 -15 -16 -17 18 -19 -20 21 22 23 -24 25 -26 27 -28 -29 -30 31 -32 33 -34 -35 36 -37 -38 -39 40 -41 42 43 -44 -45 46 47 -48 -49 50
0xbbf424ae605b4ad2 24491 -1 -2 -3 4 -5 6 7 -8 9 10 11 12 13 14 -15 -16 -17 18 -19 -20 21 22 23 -24 25 -26 27 -28 -29 -30 31 -32 33 -34 -35 36 -37 -38 -39 40 -41 42 43 -44 -45 46 47 -48 -49 50
0xbcf7c477376f4461 24491 -1 2 -3 4 -5 6 7 -8 9 10 11 12 -13 14 -15 -16 -17 18 -19 -20 21 22 23 -24 25 -26 27 -28 -29 -30 31 -32 33 -34 -35 36 -37 -38 -39 40 -41 42 43 -44 -45 46 47 -48 -49 50
0x617919ccd9550d77 24491 -1 2 -3 4 -5 6 7 -8 9 10 11 12 -13 14 -15 -16 -17 18 -19 -20 21 22 23 -24 25 -26 27 -28 -29 -30 31 -32 33 -34 -35 36 -37 -38 -39 40 -41 42 43 -44 -45 46 47 -48 -49 50
0x4f831ea54efbbddc 24491 -1 -2 -3 4 -5 6 7 -8 9 10 11 12 13 14 -15 -16 -17 18 -19 -20 21 22 23 -24 25 -26 27 -28 -29 -30 31 -32 33 -34 -35 36 -37 -38 -39 40 -41 42 43 -44 -45 46 47 -48 -49 50
0x9b8be01fc9cdd88e 24491 -1 -2 -3 4 -5 6 7 -8 9 10 11 12 13 14 -15 -16 -17 18 -19 -20 21 22 23 -24 25 -26 27 -28 -29 -30 31 -32 33 -34 -35 36 -37 -38 -39 40 -41 42 43 -44 -45 46 47 -48 -49 50
0x42adf9ddd3cf79ed 24491 -1 2 -3 4 -5 6 7 -8 9 10 11 12 -13 14 -15 -16 -17 18 -19 -20 21 22 23 -24 25 -26 27 -28 -29 -30 31 -32 33 -34 -35 36 -37 -38 -39 40 -41 42 43 -44 -45 46 47 -48 -49 50
0x6003f2a1c488ee28 24491 -1 2 -3 4 -5 6 7 -8 9 10 11 12 -13 14 -15 -16 -17 18 -19 -20 21 22 23 -24 25 -26 27 -28 -29 -30 31 -32 33 -34 -35 36 -37 -38 -39 40 -41 42 43 -44 -45 46 47 -48 -49 50
0x83b62743c53be7 24491 -1 -2 -3 4 -5 6 7 -8 9 10 11 12 13 14 -15 -16 -17 18 -19 -20 21 22 23 -24 25 -26 27 -28 -29 -30 31 -32 33 -34 -35 36 -37 -38 -39 40 -41 42 43 -44 -45 46 47 -48 -49 50
0xcb23a84216566f3a 24491 -1 2 -3 4 -5 6 7 -8 9 10 11 12 -13 14 -15 -16 -17 18 -19 -20 21 22 23 -24 25 -26 27 -28 -29 -30 31 -32 33 -34 -35 36 -37 -38 -39 40 -41 42 43 -44 -45 46 47 -48 -49 50
0x9d9a0d38d027b0c2 24491 -1 2 -3 4 -5 6 7 -8 9 10 11 12 -13 14 -15 -16 -17 18 -19 -20 21 22 23 -24 25 -26 27 -28 -29 -30 31 -32 33 -34 -35 36 -37 -38 -39 40 -41 42 43 -44 -45 46 47 -48 -49 50
0x5eac3634e27751f 24491 -1 2 -3 4 -5 6 7 -8 9 10 11 12 -13 14 -15 -16 -17 18 -19 -20 21 22 23 -24 25 -26 27 -28 -29 -30 31 -32 33 -34 -35 36 -37 -38 -39 40 -41 42 43 -44 -45 46 47 -48 -49 50
0x67768a0052425099 24491 -1 -2 -3 4 -5 6 7 -8 9 10 11 12 13 14 -15 -16 -17 18 -19 -20 21 22 23 -24 25 -26 27 -28 -29 -30 31 -32 33 -34 -35 36 -37 -38 -39 40 -41 42 43 -44 -45 46 47 -48 -49 50
0x1c9a515b18013b12 24491 -1 2 -3 4 -5 6 7 -8 9 10 11 12 -13 14 -15 -16 -17 18 -19 -20 21 22 23 -24 25 -26 27 -28 -29 -30 31 -32 33 -34 -35 36 -37 -38 -39 40 -41 42 43 -44 -45 46 47 -48 -49 50
0xfd64501ed9a4502c 24491 -1 2 -3 4 -5 6 7 -8 9 10 11 12 -13 14 -15 -16 -17 18 -19 -20 21 22 23 -24 25 -26 27 -28 -29 -30 31 -32 33 -34 -35 36 -37 -38 -39 40 -41 42 43 -44 -45 46 47 -48 -49 50
0x15b7d9f5b00557b6 24491 -1 2 -3 4 -5 6 7 -8 9 10 11 12 -13 14 -15 -16 -17 18 -19 -20 21 22 23 -24 25 -26 27 -28 -29 -30 31 -32 33 -34 -35 36 -37 -38 -39 40 -41 42 43 -44 -45 46 47 -48 -49 50
0xb2a83367f36ba25d 24491 -1 -2 -3 4 -5 6 7 -8 9 10 11 12 13 14 -15 -16 -17 18 -19 -20 21 22 23 -24 25 -26 27 -28 -29 -30 31 -32 33 -34 -35 36 -37 -38 -39 40 -41 42 43 -44 -45 46 47 -48 -49 50
0x351ddef1cd050691 24491 -1 2 -3 4 -5 6 7 -8 9 10 11 12 -13 14 -15 -16 -17 18 -19 -20 21 22 23 -24 25 -26 27 -28 -29 -30 31 -32 33 -34 -35 36 -37 -38 -39 40 -41 42 43 -44 -45 46 47 -48 -49 50