0xb80a40df46568ba 15984 1 2 3 -4 5 6 -7 8 -9 -10 -11 12 -13 -14 15 -16 -17 -18 -19 20 -21 -22 -23 24 -25 26 27 28 29 30 31 32 33 34 35 36 -37 38 39 40 -41 -42 -43 -44 45 46 47 -48 -49 50
0x125be0311fd8369b 15984 1 2 3 -4 5 6 -7 8 -9 -10 -11 12 -13 -14 15 -16 -17 -18 -19 20 -21 -22 -23 24 -25 26 27 28 29 30 31 32 33 34 35 36 -37 38 39 40 -41 -42 -43 -44 45 46 47 -48 -49 50
0x26b41e5dabbacb59 15984 1 2 3 -4 5 6 -7 8 -9 -10 -11 12 -13 -14 15 -16 -17 -18 -19 20 -21 -22 -23 24 -25 26 27 28 29 30 31 32 33 34 35 36 -37 38 39 40 -41 -42 -43 -44 45 46 47 -48 -49 50
0x51b78787a2ac1bc5 15984 1 2 3 -4 5 6 -7 8 -9 -10 -11 12 -13 -14 15 -16 -17 -18 -19 20 -21 -22 -23 24 -25 26 27 28 29 30 31 32 33 34 35 36 -37 38 39 40 -41 -42 -43 -44 45 46 47 -48 -49 50
0xf35d07bdc78506ff 15984 1 2 3 -4 5 6 -7 8 -9 -10 -11 12 -13 -14 15 -16 -17 -18 -19 20 -21 -22 -23 24 -25 26 27 28 29 30 31 32 33 34 35 36 -37 38 39 40 -41 -42 -43 -44 45 46 47 -48 -49 50
0x8ca2603498113e3c 15984 1 2 3 -4 5 6 -7 8 -9 -10 -11 12 -13 -14 15 -16 -17 -18 -19 20 -21 -22 -23 24 -25 26 27 28 29 30 31 32 33 34 35 36 -37 38 39 40 -41 -42 -43 -44 45 46 47 -48 -49 50
0x250ba30826d1dbc7 15984 1 2 3 -4 5 6 -7 8 -9 -10 -11 12 -13 -14 15 -16 -17 -18 -19 20 -21 -22 -23 24 -25 26 27 28 29 30 31 32 33 34 35 36 -37 38 39 40 -41 -42 -43 -44 45 46 47 -48 -49 50
0x7db2a2338e960c58 15984 1 2 3 -4 5 6 -7 8 -9 -10 -11 12 -13 -14 15 -16 -17 -18 -19 20 -21 -22 -23 24 -25 26 27 28 29 30 31 32 33 34 35 36 -37 38 39 40 -41 -42 -43 -44 45 46 47 -48 -49 50
0xc887edd3c4e1369a 15984 1 2 3 -4 5 6 -7 8 -9 -10 -11 12 -13 -14 15 -16 -17 -18 -19 20 -21 -22 -23 24 -25 26 27 28 29 30 31 32 33 34 35 36 -37 38 39 40 -41 -42 -43 -44 45 46 47 -48 -49 50
0x47743d99263a4cf7 15984 1 2 3 -4 5 6 -7 8 -9 -10 -11 12 -13 -14 15 -16 -17 -18 -19 20 -21 -22 -23 24 -25 26 27 28 29 30 31 32 33 34 35 36 -37 38 39 40 -41 -42 -43 -44 45 46 47 -48 -49 50
0x1a92618d487035a7 15984 1 2 3 -4 5 6 -7 8 -9 -10 -11 12 -13 -14 15 -16 -17 -18 -19 20 -21 -22 -23 24 -25 26 27 28 29 30 31 32 33 34 35 36 -37 38 39 40 -41 -42 -43 -44 45 46 47 -48 -49 50
0x95ff160930db74f9 15984 1 2 3 -4 5 6 -7 8 -9 -10 -11 12 -13 -14 15 -16 -17 -18 -19 20 -21 -22 -23 24 -25 26 27 28 29 30 31 32 33 34 35 36 -37 38 39 40 -41 -42 -43 -44 45 46 47 -48 -49 50
0x9fd56f3f1ed85e0 15984 1 2 3 -4 5 6 -7 8 -9 -10 -11 12 -13 -14 15 -16 -17 -18 -19 20 -21 -22 -23 24 -25 26 27 28 29 30 31 32 33 34 35 36 -37 38 39 40 -41 -42 -43 -44 45 46 47 -48 -49 50
0xeaab0e3e4a328cc1 15984 1 2 3 -4 5 6 -7 8 -9 -10 -11 12 -13 -14 15 -16 -17 -18 -19 20 -21 -22 -23 24 -25 26 27 28 29 30 31 32 33 34 35 36 -37 38 39 40 -41 -42 -43 -44 45 46 47 -48 -49 50
0x827b399c318a507c 15984 1 2 3 -4 5 6 -7 8 -9 -10 -11 12 -13 -14 15 -16 -17 -18 -19 20 -21 -22 -23 24 -25 26 27 28 29 30 31 32 33 34 35 36 -37 38 39 40 -41 -42 -43 -44 45 46 47 -48 -49 50
0xbb5fe3854609a5b9 15984 1 2 3 -4 5 6 -7 8 -9 -10 -11 12 -13 -14 15 -16 -17 -18 -19 20 -21 -22 -23 24 -25 26 27 28 29 30 31 32 33 34 35 36 -37 38 39 40 -41 -42 -43 -44 45 46 47 -48 -49 50
0x513f8b6de2edb875 15984 1 2 3 -4 5 6 -7 8 -9 -10 -11 12 -13 -14 15 -16 -17 -18 -19 20 -21 -22 -23 24 -25 26 27 28 29 30 31 32 33 34 35 36 -37 38 39 40 -41 -42 -43 -44 45 46 47 -48 -49 50
0xcc3ed941e78edfcc 15984 1 2 3 -4 5 6 -7 8 -9 -10 -11 12 -13 -14 15 -16 -17 -18 -19 20 -21 -22 -23 24 -25 26 27 28 29 30 31 32 33 34 35 36 -37 38 39 40 -41 -42 -43 -44 45 46 47 -48 -49 50
0xadd0b8240c90e809 15984 1 2 3 -4 5 6 -7 8 -9 -10 -11 12 -13 -14 15 -16 -17 -18 -19 20 -21 -22 -23 24 -25 26 27 28 29 30 31 32 33 34 35 36 -37 38 39 40 -41 -42 -43 -44 45 46 47 -48 -49 50
0x1fa4346840eafeec 15984 1 2 3 -4 5 6 -7 8 -9 -10 -11 12 -13 -14 15 -16 -17 -18 -19 20 -21 -22 -23 24 -25 26 27 28 29 30 31 32 33 34 35 36 -37 38 39 40 -41 -42 -43 -44 45 46 47 -48 -49 50
0x62a8b8d03909ae3b 15984 1 2 3 -4 5 6 -7 8 -9 -10 -11 12 -13 -14 15 -16 -17 -18 -19 20 -21 -22 -23 24 -25 26 27 28 29 30 31 32 33 34 35 36 -37 38 39 40 -41 -42 -43 -44 45 46 47 -48 -49 50
0x5be8703de81908b 15984 1 2 3 -4 5 6 -7 8 -9 -10 -11 12 -13 -14 15 -16 -17 -18 -19 20 -21 -22 -23 24 -25 26 27 28 29 30 31 32 33 34 35 36 -37 38 39 40 -41 -42 -43 -44 45 46 47 -48 -49 50
0x3a82875410c9ac50 15984 1 2 3 -4 5 6 -7 8 -9 -10 -11 12 -13 -14 15 -16 -17 -18 -19 20 -21 -22 -23 24 -25 26 27 28 29 30 31 32 33 34 35 36 -37 38 39 40 -41 -42 -43 -44 45 46 47 -48 -49 50
0x3a39cbb17d80a124 15984 1 2 3 -4 5 6 -7 8 -9 -10 -11 12 -13 -14 15 -16 -17 -18 -19 20 -21 -22 -23 24 -25 26 27 28 29 30 31 32 33 34 35 36 -37 38 39 40 -41 -42 -43 -44 45 46 47 -48 -49 50
0xb87261e8c3181355 15984 1 2 3 -4 5 6 -7 8 -9 -10 -11 12 -13 -14 15 -16 -17 -18 -19 20 -21 -22 -23 24 -25 26 27 28 29 30 31 32 33 34 35 36 -37 38 39 40 -41 -42 -43 -44 45 46 47 -48 -49 50
0x9bbc512281a601b2 15984 1 2 3 -4 5 6 -7 8 -9 -10 -11 12 -13 -14 15 -16 -17 -18 -19 20 -21 -22 -23 24 -25 26 27 28 29 30 31 32 33 34 35 36 -37 38 39 40 -41 -42 -43 -44 45 46 47 -48 -49 50
0x3a26de9b0d4bf196 15984 1 2 3 -4 5 6 -7 8 -9 -10 -11 12 -13 -14 15 -16 -17 -18 -19 20 -21 -22 -23 24 -25 26 27 28 29 30 31 32 33 34 35 36 -37 38 39 40 -41 -42 -43 -44 45 46 47 -48 -49 50
0xde33759eaa601d35 15984 1 2 3 -4 5 6 -7 8 -9 -10 -11 12 -13 -14 15 -16 -17 -18 -19 20 -21 -22 -23 24 -25 26 27 28 29 30 31 32 33 34 35 36 -37 38 39 40 -41 -42 -43 -44 45 46 47 -48 -49 50
0x74f0cec9478d1027 15984 1 2 3 -4 5 6 -7 8 -9 -10 -11 12 -13 -14 15 -16 -17 -18 -19 20 -21 -22 -23 24 -25 26 27 28 29 30 31 32 33 34 35 36 -37 38 39 40 -41 -42 -43 -44 45 46 47 -48 -49 50
0xa62e327dabb05e32 15984 1 2 3 -4 5 6 -7 8 -9 -10 -11 12 -13 -14 15 -16 -17 -18 -19 20 -21 -22 -23 24 -25 26 27 28 29 30 31 32 33 34 35 36 -37 38 39 40 -41 -42 -43 -44 45 46 47 -48 -49 50