0xd8fed1a3c7d29fad 14133 1 -2 -3 -4 5 -6 7 8 9 -10 11 12 13 14 -15 16 17 -18 19 20 21 22 23 -24 -25 -26 27 -28 -29 30 31 32 -33 34 -35 36 -37 38 -39 -40 41 -42 43 44 45 -46 47 48 -49 50
0xda126a926b688ace 14133 1 -2 -3 -4 5 -6 7 8 9 -10 11 12 13 14 -15 16 17 -18 19 20 21 22 23 -24 -25 -26 27 -28 -29 30 31 32 -33 34 -35 36 -37 38 -39 -40 41 -42 43 44 45 -46 47 48 -49 50
0xda35b4e671682535 14133 1 -2 -3 -4 5 -6 7 8 9 -10 11 12 13 14 -15 16 17 -18 19 20 21 22 23 -24 -25 -26 27 -28 -29 30 31 32 -33 34 -35 36 -37 38 -39 -40 41 -42 43 44 45 -46 47 48 -49 50
0x56c64753f027da00 14133 1 -2 -3 -4 5 -6 7 8 9 -10 11 12 13 14 -15 16 17 -18 19 20 21 22 23 -24 -25 -26 27 -28 -29 30 31 32 -33 34 -35 36 -37 38 -39 -40 41 -42 43 44 45 -46 47 48 -49 50
0x60c5f3ba24e2feb7 14133 1 -2 -3 -4 5 -6 7 8 9 -10 11 12 13 14 -15 16 17 -18 19 20 21 22 23 -24 -25 -26 27 -28 -29 30 31 32 -33 34 -35 36 -37 38 -39 -40 41 -42 43 44 45 -46 47 48 -49 50
0xc9cf9660a9b9b40b 14133 1 -2 -3 -4 5 -6 7 8 9 -10 11 12 13 14 -15 16 17 -18 19 20 21 22 23 -24 -25 -26 27 -28 -29 30 31 32 -33 34 -35 36 -37 38 -39 -40 41 -42 43 44 45 -46 47 48 -49 50
0x56b62e1b74e751c6 14133 1 -2 -3 -4 5 -6 7 8 9 -10 11 12 13 14 -15 16 17 -18 19 20 21 22 23 -24 -25 -26 27 -28 -29 30 31 32 -33 34 -35 36 -37 38 -39 -40 41 -42 43 44 45 -46 47 48 -49 50
0x19af399b257ccef1 14133 1 -2 -3 -4 5 -6 7 8 9 -10 11 12 13 14 -15 16 17 -18 19 20 21 22 23 -24 -25 -26 27 -28 -29 30 31 32 -33 34 -35 36 -37 38 -39 -40 41 -42 43 44 45 -46 47 48 -49 50
0xac69561491527244 14133 1 -2 -3 -4 5 -6 7 8 9 -10 11 12 13 14 -15 16 17 -18 19 20 21 22 23 -24 -25 -26 27 -28 -29 30 31 32 -33 34 -35 36 -37 38 -39 -40 41 -42 43 44 45 -46 47 48 -49 50
0x815f5b16874256d3 14133 1 -2 -3 -4 5 -6 7 8 9 -10 11 12 13 14 -15 16 17 -18 19 20 21 22 23 -24 -25 -26 27 -28 -29 30 31 32 -33 34 -35 36 -37 38 -39 -40 41 -42 43 44 45 -46 47 48 -49 50
0x33836fa72dc790f6 14133 1 -2 -3 -4 5 -6 7 8 9 -10 11 12 13 14 -15 16 17 -18 19 20 21 22 23 -24 -25 -26 27 -28 -29 30 31 32 -33 34 -35 36 -37 38 -39 -40 41 -42 43 44 45 -46 47 48 -49 50
0x8544d49d2113ff79 14133 1 -2 -3 -4 5 -6 7 8 9 -10 11 12 13 14 -15 16 17 -18 19 20 21 22 23 -24 -25 -26 27 -28 -29 30 31 32 -33 34 -35 36 -37 38 -39 -40 41 -42 43 44 45 -46 47 48 -49 50
0x4936604250d11505 14133 1 -2 -3 -4 5 -6 7 8 9 -10 11 12 13 14 -15 16 17 -18 19 20 21 22 23 -24 -25 -26 27 -28 -29 30 31 32 -33 34 -35 36 -37 38 -39 -40 41 -42 43 44 45 -46 47 48 -49 50
0x587ae729c54e25cf 14133 1 -2 -3 -4 5 -6 7 8 9 -10 11 12 13 14 -15 16 17 -18 19 20 21 22 23 -24 -25 -26 27 -28 -29 30 31 32 -33 34 -35 36 -37 38 -39 -40 41 -42 43 44 45 -46 47 48 -49 50
0xe2d80e4e9a190580 14133 1 -2 -3 -4 5 -6 7 8 9 -10 11 12 13 14 -15 16 17 -18 19 20 21 22 23 -24 -25 -26 27 -28 -29 30 31 32 -33 34 -35 36 -37 38 -39 -40 41 -42 43 44 45 -46 47 48 -49 50
0x2327426f21240164 14133 1 -2 -3 -4 5 -6 7 8 9 -10 11 12 13 14 -15 16 17 -18 19 20 21 22 23 -24 -25 -26 27 -28 -29 30 31 32 -33 34 -35 36 -37 38 -39 -40 41 -42 43 44 45 -46 47 48 -49 50
0xee0fd0a7d1ee82d6 14133 1 -2 -3 -4 5 -6 7 8 9 -10 11 12 13 14 -15 16 17 -18 19 20 21 22 23 -24 -25 -26 27 -28 -29 30 31 32 -33 34 -35 36 -37 38 -39 -40 41 -42 43 44 45 -46 47 48 -49 50
0xb9c45c513be3e5eb 14133 1 -2 -3 -4 5 -6 7 8 9 -10 11 12 13 14 -15 16 17 -18 19 20 21 22 23 -24 -25 -26 27 -28 -29 30 31 32 -33 34 -35 36 -37 38 -39 -40 41 -42 43 44 45 -46 47 48 -49 50
0xf1292e1c0e8e505e 14133 1 -2 -3 -4 5 -6 7 8 9 -10 11 12 13 14 -15 16 17 -18 19 20 21 22 23 -24 -25 -26 27 -28 -29 30 31 32 -33 34 -35 36 -37 38 -39 -40 41 -42 43 44 45 -46 47 48 -49 50
0x6c9018689d9194bc 14133 1 -2 -3 -4 5 -6 7 8 9 -10 11 12 13 14 -15 16 17 -18 19 20 21 22 23 -24 -25 -26 27 -28 -29 30 31 32 -33 34 -35 36 -37 38 -39 -40 41 -42 43 44 45 -46 47 48 -49 50
0x4b59eced4de46dd0 14133 1 -2 -3 -4 5 -6 7 8 9 -10 11 12 13 14 -15 16 17 -18 19 20 21 22 23 -24 -25 -26 27 -28 -29 30 31 32 -33 34 -35 36 -37 38 -39 -40 41 -42 43 44 45 -46 47 48 -49 50
0xa58cbf839dac9e52 14133 1 -2 -3 -4 5 -6 7 8 9 -10 11 12 13 14 -15 16 17 -18 19 20 21 22 23 -24 -25 -26 27 -28 -29 30 31 32 -33 34 -35 36 -37 38 -39 -40 41 -42 43 44 45 -46 47 48 -49 50
0x600972530cbcc0cb 14133 1 -2 -3 -4 5 -6 7 8 9 -10 11 12 13 14 -15 16 17 -18 19 20 21 22 23 -24 -25 -26 27 -28 -29 30 31 32 -33 34 -35 36 -37 38 -39 -40 41 -42 43 44 45 -46 47 48 -49 50
0x12c24721f138d3cc 14133 1 -2 -3 -4 5 -6 7 8 9 -10 11 12 13 14 -15 16 17 -18 19 20 21 22 23 -24 -25 -26 27 -28 -29 30 31 32 -33 34 -35 36 -37 38 -39 -40 41 -42 43 44 45 -46 47 48 -49 50
0x5b6771f92698ce50 14133 1 -2 -3 -4 5 -6 7 8 9 -10 11 12 13 14 -15 16 17 -18 19 20 21 22 23 -24 -25 -26 27 -28 -29 30 31 32 -33 34 -35 36 -37 38 -39 -40 41 -42 43 44 45 -46 47 48 -49 50
0x19ade8f8bd5ec86e 14133 1 -2 -3 -4 5 -6 7 8 9 -10 11 12 13 14 -15 16 17 -18 19 20 21 22 23 -24 -25 -26 27 -28 -29 30 31 32 -33 34 -35 36 -37 38 -39 -40 41 -42 43 44 45 -46 47 48 -49 50
0x19dfed7d23a08443 14133 1 -2 -3 -4 5 -6 7 8 9 -10 11 12 13 14 -15 16 17 -18 19 20 21 22 23 -24 -25 -26 27 -28 -29 30 31 32 -33 34 -35 36 -37 38 -39 -40 41 -42 43 44 45 -46 47 48 -49 50
0x480e0a713a3a631f 14133 1 -2 -3 -4 5 -6 7 8 9 -10 11 12 13 14 -15 16 17 -18 19 20 21 22 23 -24 -25 -26 27 -28 -29 30 31 32 -33 34 -35 36 -37 38 -39 -40 41 -42 43 44 45 -46 47 48 -49 50
0xf3a83f20c6412ef 14133 1 -2 -3 -4 5 -6 7 8 9 -10 11 12 13 14 -15 16 17 -18 19 20 21 22 23 -24 -25 -26 27 -28 -29 30 31 32 -33 34 -35 36 -37 38 -39 -40 41 -42 43 44 45 -46 47 48 -49 50
0x657874284fad7feb 14133 1 -2 -3 -4 5 -6 7 8 9 -10 11 12 13 14 -15 16 17 -18 19 20 21 22 23 -24 -25 -26 27 -28 -29 30 31 32 -33 34 -35 36 -37 38 -39 -40 41 -42 43 44 45 -46 47 48 -49 50