0xfdd21208e65f04c2 16132 -1 -2 3 4 5 -6 -7 -8 -9 10 11 12 13 14 -15 -16 -17 -18 19 20 -21 22 23 24 -25 -26 27 28 -29 -30 -31 32 33 34 35 -36 37 -38 39 40 -41 -42 -43 44 45 46 47 -48 49 50
0x3ebad5087017f6f1 16132 -1 -2 3 4 5 -6 -7 -8 -9 10 11 12 13 14 -15 -16 -17 -18 19 20 -21 22 23 24 -25 -26 27 28 -29 -30 -31 32 33 34 35 -36 37 -38 39 40 -41 -42 -43 44 45 46 47 -48 49 50
0x39d68bcbe46e8e5c 16132 -1 -2 3 4 5 -6 -7 -8 -9 10 11 12 13 14 -15 -16 -17 -18 19 20 -21 22 23 24 -25 -26 27 28 -29 -30 -31 32 33 34 35 -36 37 -38 39 40 -41 -42 -43 44 45 46 47 -48 49 50
0xa6ab4ff8a78bfd09 16132 -1 -2 3 4 5 -6 -7 -8 -9 10 11 12 13 14 -15 -16 -17 -18 19 20 -21 22 23 24 -25 -26 27 28 -29 -30 -31 32 33 34 35 -36 37 -38 39 40 -41 -42 -43 44 45 46 47 -48 49 50
0x6b1640f09622307 16007 1 -2 3 4 5 -6 -7 -8 -9 10 11 12 13 14 -15 -16 -17 -18 19 20 -21 22 23 -24 25 -26 27 28 -29 -30 -31 32 33 34 35 -36 37 -38 39 40 -41 -42 -43 44 45 46 47 -48 49 50
0x25c6810a4881db3b 16132 -1 -2 3 4 5 -6 -7 -8 -9 10 11 12 13 14 -15 -16 -17 -18 19 20 -21 22 23 24 -25 -26 27 28 -29 -30 -31 32 33 34 35 -36 37 -38 39 40 -41 -42 -43 44 45 46 47 -48 49 50
0xcedfd1ddc824772b 16132 -1 -2 3 4 5 -6 -7 -8 -9 10 11 12 13 14 -15 -16 -17 -18 19 20 -21 22 23 24 -25 -26 27 28 -29 -30 -31 32 33 34 35 -36 37 -38 39 40 -41 -42 -43 44 45 46 47 -48 49 50
0x218fd634d1323107 16132 -1 -2 3 4 5 -6 -7 -8 -9 10 11 12 13 14 -15 -16 -17 -18 19 20 -21 22 23 24 -25 -26 27 28 -29 -30 -31 32 33 34 35 -36 37 -38 39 40 -41 -42 -43 44 45 46 47 -48 49 50
0x71ff886c53c7bff9 16132 -1 -2 3 4 5 -6 -7 -8 -9 10 11 12 13 14 -15 -16 -17 -18 19 20 -21 22 23 24 -25 -26 27 28 -29 -30 -31 32 33 34 35 -36 37 -38 39 40 -41 -42 -43 44 45 46 47 -48 49 50
0x59b62cb8ae57aaf 16007 1 -2 3 4 5 -6 -7 -8 -9 10 11 12 13 14 -15 -16 -17 -18 19 20 -21 22 23 -24 25 -26 27 28 -29 -30 -31 32 33 34 35 -36 37 -38 39 40 -41 -42 -43 44 45 46 47 -48 49 50
0x9922005cba6b426 16007 1 -2 3 4 5 -6 -7 -8 -9 10 11 12 13 14 -15 -16 -17 -18 19 20 -21 22 23 -24 25 -26 27 28 -29 -30 -31 32 33 34 35 -36 37 -38 39 40 -41 -42 -43 44 45 46 47 -48 49 50
0xf89c52f116e03eb9 16007 1 -2 3 4 5 -6 -7 -8 -9 10 11 12 13 14 -15 -16 -17 -18 19 20 -21 22 23 -24 25 -26 27 28 -29 -30 -31 32 33 34 35 -36 37 -38 39 40 -41 -42 -43 44 45 46 47 -48 49 50
0x929931870d914169 16132 -1 -2 3 4 5 -6 -7 -8 -9 10 11 12 13 14 -15 -16 -17 -18 19 20 -21 22 23 24 -25 -26 27 28 -29 -30 -31 32 33 34 35 -36 37 -38 39 40 -41 -42 -43 44 45 46 47 -48 49 50
0x2d9e2f1db069cb6f 16007 1 -2 3 4 5 -6 -7 -8 -9 10 11 12 13 14 -15 -16 -17 -18 19 20 -21 22 23 -24 25 -26 27 28 -29 -30 -31 32 33 34 35 -36 37 -38 39 40 -41 -42 -43 44 45 46 47 -48 49 50
0xc46441e3470ed200 16007 1 -2 3 4 5 -6 -7 -8 -9 10 11 12 13 14 -15 -16 -17 -18 19 20 -21 22 23 -24 25 -26 27 28 -29 -30 -31 32 33 34 35 -36 37 -38 39 40 -41 -42 -43 44 45 46 47 -48 49 50
0xd4c6ef9c06f38460 16132 -1 -2 3 4 5 -6 -7 -8 -9 10 11 12 13 14 -15 -16 -17 -18 19 20 -21 22 23 24 -25 -26 27 28 -29 -30 -31 32 33 34 35 -36 37 -38 39 40 -41 -42 -43 44 45 46 47 -48 49 50
0x198e7d9e99dc222a 16132 -1 -2 3 4 5 -6 -7 -8 -9 10 11 12 13 14 -15 -16 -17 -18 19 20 -21 22 23 24 -25 -26 27 28 -29 -30 -31 32 33 34 35 -36 37 -38 39 40 -41 -42 -43 44 45 46 47 -48 49 50
0x3fe00daba6bfde 16132 -1 -2 3 4 5 -6 -7 -8 -9 10 11 12 13 14 -15 -16 -17 -18 19 20 -21 22 23 24 -25 -26 27 28 -29 -30 -31 32 33 34 35 -36 37 -38 39 40 -41 -42 -43 44 45 46 47 -48 49 50
0x9d6a4454cc0aa5ac 16132 -1 -2 3 4 5 -6 -7 -8 -9 10 11 12 13 14 -15 -16 -17 -18 19 20 -21 22 23 24 -25 -26 27 28 -29 -30 -31 32 33 34 35 -36 37 -38 39 40 -41 -42 -43 44 45 46 47 -48 49 50
0xdb2352e57ddf3480 16132 -1 -2 3 4 5 -6 -7 -8 -9 10 11 12 13 14 -15 -16 -17 -18 19 20 -21 22 23 24 -25 -26 27 28 -29 -30 -31 32 33 34 35 -36 37 -38 39 40 -41 -42 -43 44 45 46 47 -48 49 50
0xd558843278677d4e 15937 -1 -2 3 4 5 -6 -7 -8 -9 10 11 12 13 14 -15 -16 -17 -18 19 20 -21 22 23 -24 25 -26 27 28 -29 -30 -31 32 33 34 35 -36 37 -38 39 40 -41 -42 -43 44 45 46 47 -48 49 50
0x518d24eb4a57f6a0 16132 -1 -2 3 4 5 -6 -7 -8 -9 10 11 12 13 14 -15 -16 -17 -18 19 20 -21 22 23 24 -25 -26 27 28 -29 -30 -31 32 33 34 35 -36 37 -38 39 40 -41 -42 -43 44 45 46 47 -48 49 50
0x1ac9e579880ffc5d 15884 -1 -2 -3 4 5 -6 -7 -8 -9 10 11 12 13 14 -15 -16 -17 -18 19 20 -21 22 23 24 -25 -26 27 28 -29 -30 -31 32 33 34 35 -36 37 -38 39 40 -41 -42 -43 44 45 46 47 -48 49 50
0xc22c10baf11105dc 16132 -1 -2 3 4 5 -6 -7 -8 -9 10 11 12 13 14 -15 -16 -17 -18 19 20 -21 22 23 24 -25 -26 27 28 -29 -30 -31 32 33 34 35 -36 37 -38 39 40 -41 -42 -43 44 45 46 47 -48 49 50
0xefe7c5ffea59be29 16132 -1 -2 3 4 5 -6 -7 -8 -9 10 11 12 13 14 -15 -16 -17 -18 19 20 -21 22 23 24 -25 -26 27 28 -29 -30 -31 32 33 34 35 -36 37 -38 39 40 -41 -42 -43 44 45 46 47 -48 49 50
0x82f1d244de336a97 16007 1 -2 3 4 5 -6 -7 -8 -9 10 11 12 13 14 -15 -16 -17 -18 19 20 -21 22 23 -24 25 -26 27 28 -29 -30 -31 32 33 34 35 -36 37 -38 39 40 -41 -42 -43 44 45 46 47 -48 49 50
0x462304b084744b87 16132 -1 -2 3 4 5 -6 -7 -8 -9 10 11 12 13 14 -15 -16 -17 -18 19 20 -21 22 23 24 -25 -26 27 28 -29 -30 -31 32 33 34 35 -36 37 -38 39 40 -41 -42 -43 44 45 46 47 -48 49 50
0xebc01a4d7279e377 16007 1 -2 3 4 5 -6 -7 -8 -9 10 11 12 13 14 -15 -16 -17 -18 19 20 -21 22 23 -24 25 -26 27 28 -29 -30 -31 32 33 34 35 -36 37 -38 39 40 -41 -42 -43 44 45 46 47 -48 49 50
0x53269d082e6a504e 16132 -1 -2 3 4 5 -6 -7 -8 -9 10 11 12 13 14 -15 -16 -17 -18 19 20 -21 22 23 24 -25 -26 27 28 -29 -30 -31 32 33 34 35 -36 37 -38 39 40 -41 -42 -43 44 45 46 47 -48 49 50
0x3b3051eb1fe422e6 16132 -1 -2 3 4 5 -6 -7 -8 -9 10 11 12 13 14 -15 -16 -17 -18 19 20 -21 22 23 24 -25 -26 27 28 -29 -30 -31 32 33 34 35 -36 37 -38 39 40 -41 -42 -43 44 45 46 47 -48 49 50