0x966d2f717782dfff 14537 1 2 3 4 -5 6 -7 8 9 10 11 12 13 -14 -15 -16 -17 -18 -19 -20 21 22 23 -24 25 26 27 -28 29 -30 -31 32 -33 -34 35 -36 -37 38 -39 40 41 42 -43 44 -45 -46 -47 48 -49 -50
0x19542263181e90d0 14537 1 2 3 4 -5 6 -7 8 9 10 11 12 13 -14 -15 -16 -17 -18 -19 -20 21 22 23 -24 25 26 27 -28 29 -30 -31 32 -33 -34 35 -36 -37 38 -39 40 41 42 -43 44 -45 -46 -47 48 -49 -50
0x645ba846e51bd8da 14537 1 2 3 4 -5 6 -7 8 9 10 11 12 13 -14 -15 -16 -17 -18 -19 -20 21 22 23 -24 25 26 27 -28 29 -30 -31 32 -33 -34 35 -36 -37 38 -39 40 41 42 -43 44 -45 -46 -47 48 -49 -50
0x8b3d2c885cf1c6cf 14537 1 2 3 4 -5 6 -7 8 9 10 11 12 13 -14 -15 -16 -17 -18 -19 -20 21 22 23 -24 25 26 27 -28 29 -30 -31 32 -33 -34 35 -36 -37 38 -39 40 41 42 -43 44 -45 -46 -47 48 -49 -50
0x43e8e572d9dce3db 14537 1 2 3 4 -5 6 -7 8 9 10 11 12 13 -14 -15 -16 -17 -18 -19 -20 21 22 23 -24 25 26 27 -28 29 -30 -31 32 -33 -34 35 -36 -37 38 -39 40 41 42 -43 44 -45 -46 -47 48 -49 -50
0x324b626413f82500 14537 1 2 3 4 -5 6 -7 8 9 10 11 12 13 -14 -15 -16 -17 -18 -19 -20 21 22 23 -24 25 26 27 -28 29 -30 -31 32 -33 -34 35 -36 -37 38 -39 40 41 42 -43 44 -45 -46 -47 48 -49 -50
0xd1c2430757ded7a7 14537 1 2 3 4 -5 6 -7 8 9 10 11 12 13 -14 -15 -16 -17 -18 -19 -20 21 22 23 -24 25 26 27 -28 29 -30 -31 32 -33 -34 35 -36 -37 38 -39 40 41 42 -43 44 -45 -46 -47 48 -49 -50
0x2e7409cfea7ca867 14537 1 2 3 4 -5 6 -7 8 9 10 11 12 13 -14 -15 -16 -17 -18 -19 -20 21 22 23 -24 25 26 27 -28 29 -30 -31 32 -33 -34 35 -36 -37 38 -39 40 41 42 -43 44 -45 -46 -47 48 -49 -50
0xe54425b84604b014 14537 1 2 3 4 -5 6 -7 8 9 10 11 12 13 -14 -15 -16 -17 -18 -19 -20 21 22 23 -24 25 26 27 -28 29 -30 -31 32 -33 -34 35 -36 -37 38 -39 40 41 42 -43 44 -45 -46 -47 48 -49 -50
0xaa918f39fa74b30c 14537 1 2 3 4 -5 6 -7 8 9 10 11 12 13 -14 -15 -16 -17 -18 -19 -20 21 22 23 -24 25 26 27 -28 29 -30 -31 32 -33 -34 35 -36 -37 38 -39 40 41 42 -43 44 -45 -46 -47 48 -49 -50
0x6b5f948cc2c1febe 14537 1 2 3 4 -5 6 -7 8 9 10 11 12 13 -14 -15 -16 -17 -18 -19 -20 21 22 23 -24 25 26 27 -28 29 -30 -31 32 -33 -34 35 -36 -37 38 -39 40 41 42 -43 44 -45 -46 -47 48 -49 -50
0x9935b1231d11917c 14537 1 2 3 4 -5 6 -7 8 9 10 11 12 13 -14 -15 -16 -17 -18 -19 -20 21 22 23 -24 25 26 27 -28 29 -30 -31 32 -33 -34 35 -36 -37 38 -39 40 41 42 -43 44 -45 -46 -47 48 -49 -50
0xd22c8c62626d7882 14537 1 2 3 4 -5 6 -7 8 9 10 11 12 13 -14 -15 -16 -17 -18 -19 -20 21 22 23 -24 25 26 27 -28 29 -30 -31 32 -33 -34 35 -36 -37 38 -39 40 41 42 -43 44 -45 -46 -47 48 -49 -50
0x73837ba1df859046 14537 1 2 3 4 -5 6 -7 8 9 10 11 12 13 -14 -15 -16 -17 -18 -19 -20 21 22 23 -24 25 26 27 -28 29 -30 -31 32 -33 -34 35 -36 -37 38 -39 40 41 42 -43 44 -45 -46 -47 48 -49 -50
0xb0fb2366de721303 14537 1 2 3 4 -5 6 -7 8 9 10 11 12 13 -14 -15 -16 -17 -18 -19 -20 21 22 23 -24 25 26 27 -28 29 -30 -31 32 -33 -34 35 -36 -37 38 -39 40 41 42 -43 44 -45 -46 -47 48 -49 -50
0x154f13e06762a181 14537 1 2 3 4 -5 6 -7 8 9 10 11 12 13 -14 -15 -16 -17 -18 -19 -20 21 22 23 -24 25 26 27 -28 29 -30 -31 32 -33 -34 35 -36 -37 38 -39 40 41 42 -43 44 -45 -46 -47 48 -49 -50
0xcdae51b48154c74 14537 1 2 3 4 -5 6 -7 8 9 10 11 12 13 -14 -15 -16 -17 -18 -19 -20 21 22 23 -24 25 26 27 -28 29 -30 -31 32 -33 -34 35 -36 -37 38 -39 40 41 42 -43 44 -45 -46 -47 48 -49 -50
0xa3b6d66dfeb4a0aa 14537 1 2 3 4 -5 6 -7 8 9 10 11 12 13 -14 -15 -16 -17 -18 -19 -20 21 22 23 -24 25 26 27 -28 29 -30 -31 32 -33 -34 35 -36 -37 38 -39 40 41 42 -43 44 -45 -46 -47 48 -49 -50
0x72048b6568446598 14537 1 2 3 4 -5 6 -7 8 9 10 11 12 13 -14 -15 -16 -17 -18 -19 -20 21 22 23 -24 25 26 27 -28 29 -30 -31 32 -33 -34 35 -36 -37 38 -39 40 41 42 -43 44 -45 -46 -47 48 -49 -50
0x2cf82a289a28a94 14537 1 2 3 4 -5 6 -7 8 9 10 11 12 13 -14 -15 -16 -17 -18 -19 -20 21 22 23 -24 25 26 27 -28 29 -30 -31 32 -33 -34 35 -36 -37 38 -39 40 41 42 -43 44 -45 -46 -47 48 -49 -50
0x17aa2b5da559b56 14537 1 2 3 4 -5 6 -7 8 9 10 11 12 13 -14 -15 -16 -17 -18 -19 -20 21 22 23 -24 25 26 27 -28 29 -30 -31 32 -33 -34 35 -36 -37 38 -39 40 41 42 -43 44 -45 -46 -47 48 -49 -50
0x3ff7e730fe4888e4 14537 1 2 3 4 -5 6 -7 8 9 10 11 12 13 -14 -15 -16 -17 -18 -19 -20 21 22 23 -24 25 26 27 -28 29 -30 -31 32 -33 -34 35 -36 -37 38 -39 40 41 42 -43 44 -45 -46 -47 48 -49 -50
0xead6464847779efe 14537 1 2 3 4 -5 6 -7 8 9 10 11 12 13 -14 -15 -16 -17 -18 -19 -20 21 22 23 -24 25 26 27 -28 29 -30 -31 32 -33 -34 35 -36 -37 38 -39 40 41 42 -43 44 -45 -46 -47 48 -49 -50
0x9818a4c77386a34d 14537 1 2 3 4 -5 6 -7 8 9 10 11 12 13 -14 -15 -16 -17 -18 -19 -20 21 22 23 -24 25 26 27 -28 29 -30 -31 32 -33 -34 35 -36 -37 38 -39 40 41 42 -43 44 -45 -46 -47 48 -49 -50
0x85e3766bf690c489 14537 1 2 3 4 -5 6 -7 8 9 10 11 12 13 -14 -15 -16 -17 -18 -19 -20 21 22 23 -24 25 26 27 -28 29 -30 -31 32 -33 -34 35 -36 -37 38 -39 40 41 42 -43 44 -45 -46 -47 48 -49 -50
0xe0232f8730e921eb 14537 1 2 3 4 -5 6 -7 8 9 10 11 12 13 -14 -15 -16 -17 -18 -19 -20 21 22 23 -24 25 26 27 -28 29 -30 -31 32 -33 -34 35 -36 -37 38 -39 40 41 42 -43 44 -45 -46 -47 48 -49 -50
0x4bd6c3d1669c76d3 14537 1 2 3 4 -5 6 -7 8 9 10 11 12 13 -14 -15 -16 -17 -18 -19 -20 21 22 23 -24 25 26 27 -28 29 -30 -31 32 -33 -34 35 -36 -37 38 -39 40 41 42 -43 44 -45 -46 -47 48 -49 -50
0xf784ae89a85eb6b9 14537 1 2 3 4 -5 6 -7 8 9 10 11 12 13 -14 -15 -16 -17 -18 -19 -20 21 22 23 -24 25 26 27 -28 29 -30 -31 32 -33 -34 35 -36 -37 38 -39 40 41 42 -43 44 -45 -46 -47 48 -49 -50
0xbe583fd63355a559 14537 1 2 3 4 -5 6 -7 8 9 10 11 12 13 -14 -15 -16 -17 -18 -19 -20 21 22 23 -24 25 26 27 -28 29 -30 -31 32 -33 -34 35 -36 -37 38 -39 40 41 42 -43 44 -45 -46 -47 48 -49 -50
0xbbb82b594c23b71b 14537 1 2 3 4 -5 6 -7 8 9 10 11 12 13 -14 -15 -16 -17 -18 -19 -20 21 22 23 -24 25 26 27 -28 29 -30 -31 32 -33 -34 35 -36 -37 38 -39 40 41 42 -43 44 -45 -46 -47 48 -49 -50