0x2a61ddba364874fb 17847 -1 -2 3 4 5 6 7 8 9 10 11 -12 13 14 -15 16 -17 -18 19 -20 -21 -22 23 24 -25 26 27 -28 29 -30 -31 -32 -33 34 -35 36 37 -38 39 40 41 -42 -43 -44 -45 46 -47 48 49 50
0x600d6ed90b1e6f76 17847 -1 -2 3 4 5 6 7 8 9 10 11 -12 13 14 -15 16 -17 -18 19 -20 -21 -22 23 24 -25 26 27 -28 29 -30 -31 -32 -33 34 -35 36 37 -38 39 40 41 -42 -43 -44 -45 46 -47 48 49 50
0xb580840a642e7a 17847 -1 -2 3 4 5 6 7 8 9 10 11 -12 13 14 -15 16 -17 -18 19 -20 -21 -22 23 24 -25 26 27 -28 29 -30 -31 -32 -33 34 -35 36 37 -38 39 40 41 -42 -43 -44 -45 46 -47 48 49 50
0x24486d7dc0ae9bd9 17847 -1 -2 3 4 5 6 7 8 9 10 11 -12 13 14 -15 16 -17 -18 19 -20 -21 -22 23 24 -25 26 27 -28 29 -30 -31 -32 -33 34 -35 36 37 -38 39 40 41 -42 -43 -44 -45 46 -47 48 49 50
0xcdcedcc7d0bc286 17847 -1 -2 3 4 5 6 7 8 9 10 11 -12 13 14 -15 16 -17 -18 19 -20 -21 -22 23 24 -25 26 27 -28 29 -30 -31 -32 -33 34 -35 36 37 -38 39 40 41 -42 -43 -44 -45 46 -47 48 49 50
0xf6c03753f022d905 17847 -1 -2 3 4 5 6 7 8 9 10 11 -12 13 14 -15 16 -17 -18 19 -20 -21 -22 23 24 -25 26 27 -28 29 -30 -31 -32 -33 34 -35 36 37 -38 39 40 41 -42 -43 -44 -45 46 -47 48 49 50
0xa7c8fbb5916e0013 17847 -1 -2 3 4 5 6 7 8 9 10 11 -12 13 14 -15 16 -17 -18 19 -20 -21 -22 23 24 -25 26 27 -28 29 -30 -31 -32 -33 34 -35 36 37 -38 39 40 41 -42 -43 -44 -45 46 -47 48 49 50
0xf49cbf6b3fd38191 17847 -1 -2 3 4 5 6 7 8 9 10 11 -12 13 14 -15 16 -17 -18 19 -20 -21 -22 23 24 -25 26 27 -28 29 -30 -31 -32 -33 34 -35 36 37 -38 39 40 41 -42 -43 -44 -45 46 -47 48 49 50
0xc7dc461ce5ba9bb7 17847 -1 -2 3 4 5 6 7 8 9 10 11 -12 13 14 -15 16 -17 -18 19 -20 -21 -22 23 24 -25 26 27 -28 29 -30 -31 -32 -33 34 -35 36 37 -38 39 40 41 -42 -43 -44 -45 46 -47 48 49 50
0x6dcf1045d7ba2476 17847 -1 -2 3 4 5 6 7 8 9 10 11 -12 13 14 -15 16 -17 -18 19 -20 -21 -22 23 24 -25 26 27 -28 29 -30 -31 -32 -33 34 -35 36 37 -38 39 40 41 -42 -43 -44 -45 46 -47 48 49 50
0x65260c386d912e 17847 -1 -2 3 4 5 6 7 8 9 10 11 -12 13 14 -15 16 -17 -18 19 -20 -21 -22 23 24 -25 26 27 -28 29 -30 -31 -32 -33 34 -35 36 37 -38 39 40 41 -42 -43 -44 -45 46 -47 48 49 50
0x881ab5c78172e92 17847 -1 -2 3 4 5 6 7 8 9 10 11 -12 13 14 -15 16 -17 -18 19 -20 -21 -22 23 24 -25 26 27 -28 29 -30 -31 -32 -33 34 -35 36 37 -38 39 40 41 -42 -43 -44 -45 46 -47 48 49 50
0x7bb7f9456bbc94d7 17847 -1 -2 3 4 5 6 7 8 9 10 11 -12 13 14 -15 16 -17 -18 19 -20 -21 -22 23 24 -25 26 27 -28 29 -30 -31 -32 -33 34 -35 36 37 -38 39 40 41 -42 -43 -44 -45 46 -47 48 49 50
0x9e383896e19ca424 17847 -1 -2 3 4 5 6 7 8 9 10 11 -12 13 14 -15 16 -17 -18 19 -20 -21 -22 23 24 -25 26 27 -28 29 -30 -31 -32 -33 34 -35 36 37 -38 39 40 41 -42 -43 -44 -45 46 -47 48 49 50
0x70d7b9bbc07c9537 17847 -1 -2 3 4 5 6 7 8 9 10 11 -12 13 14 -15 16 -17 -18 19 -20 -21 -22 23 24 -25 26 27 -28 29 -30 -31 -32 -33 34 -35 36 37 -38 39 40 41 -42 -43 -44 -45 46 -47 48 49 50
0xe02c85d6e893ea54 17847 -1 -2 3 4 5 6 7 8 9 10 11 -12 13 14 -15 16 -17 -18 19 -20 -21 -22 23 24 -25 26 27 -28 29 -30 -31 -32 -33 34 -35 36 37 -38 39 40 41 -42 -43 -44 -45 46 -47 48 49 50
0x43c17c9fe5e4b226 17847 -1 -2 3 4 5 6 7 8 9 10 11 -12 13 14 -15 16 -17 -18 19 -20 -21 -22 23 24 -25 26 27 -28 29 -30 -31 -32 -33 34 -35 36 37 -38 39 40 41 -42 -43 -44 -45 46 -47 48 49 50
0xf701539bf0389243 17847 -1 -2 3 4 5 6 7 8 9 10 11 -12 13 14 -15 16 -17 -18 19 -20 -21 -22 23 24 -25 26 27 -28 29 -30 -31 -32 -33 34 -35 36 37 -38 39 40 41 -42 -43 -44 -45 46 -47 48 49 50
0x377ab43e6b58e1d9 17847 -1 -2 3 4 5 6 7 8 9 10 11 -12 13 14 -15 16 -17 -18 19 -20 -21 -22 23 24 -25 26 27 -28 29 -30 -31 -32 -33 34 -35 36 37 -38 39 40 41 -42 -43 -44 -45 46 -47 48 49 50
0x62fd34a5c058d029 17847 -1 -2 3 4 5 6 7 8 9 10 11 -12 13 14 -15 16 -17 -18 19 -20 -21 -22 23 24 -25 26 27 -28 29 -30 -31 -32 -33 34 -35 36 37 -38 39 40 41 -42 -43 -44 -45 46 -47 48 49 50
0xf299a6e0b36b3645 17847 -1 -2 3 4 5 6 7 8 9 10 11 -12 13 14 -15 16 -17 -18 19 -20 -21 -22 23 24 -25 26 27 -28 29 -30 -31 -32 -33 34 -35 36 37 -38 39 40 41 -42 -43 -44 -45 46 -47 48 49 50
0xd9850c667ee5bed3 17847 -1 -2 3 4 5 6 7 8 9 10 11 -12 13 14 -15 16 -17 -18 19 -20 -21 -22 23 24 -25 26 27 -28 29 -30 -31 -32 -33 34 -35 36 37 -38 39 40 41 -42 -43 -44 -45 46 -47 48 49 50
0xaedeed9515f583e0 17847 -1 -2 3 4 5 6 7 8 9 10 11 -12 13 14 -15 16 -17 -18 19 -20 -21 -22 23 24 -25 26 27 -28 29 -30 -31 -32 -33 34 -35 36 37 -38 39 40 41 -42 -43 -44 -45 46 -47 48 49 50
0xa35d9754b9939d67 17847 -1 -2 3 4 5 6 7 8 9 10 11 -12 13 14 -15 16 -17 -18 19 -20 -21 -22 23 24 -25 26 27 -28 29 -30 -31 -32 -33 34 -35 36 37 -38 39 40 41 -42 -43 -44 -45 46 -47 48 49 50
0xd14878d467a5f260 17847 -1 -2 3 4 5 6 7 8 9 10 11 -12 13 14 -15 16 -17 -18 19 -20 -21 -22 23 24 -25 26 27 -28 29 -30 -31 -32 -33 34 -35 36 37 -38 39 40 41 -42 -43 -44 -45 46 -47 48 49 50
0x98acd48124c0fc0c 17847 -1 -2 3 4 5 6 7 8 9 10 11 -12 13 14 -15 16 -17 -18 19 -20 -21 -22 23 24 -25 26 27 -28 29 -30 -31 -32 -33 34 -35 36 37 -38 39 40 41 -42 -43 -44 -45 46 -47 48 49 50
0xec606045e18be77f 17847 -1 -2 3 4 5 6 7 8 9 10 11 -12 13 14 -15 16 -17 -18 19 -20 -21 -22 23 24 -25 26 27 -28 29 -30 -31 -32 -33 34 -35 36 37 -38 39 40 41 -42 -43 -44 -45 46 -47 48 49 50
0x5ed2b10ab4ccc16e 17847 -1 -2 3 4 5 6 7 8 9 10 11 -12 13 14 -15 16 -17 -18 19 -20 -21 -22 23 24 -25 26 27 -28 29 -30 -31 -32 -33 34 -35 36 37 -38 39 40 41 -42 -43 -44 -45 46 -47 48 49 50
0x60978d680ff2983b 17847 -1 -2 3 4 5 6 7 8 9 10 11 -12 13 14 -15 16 -17 -18 19 -20 -21 -22 23 24 -25 26 27 -28 29 -30 -31 -32 -33 34 -35 36 37 -38 39 40 41 -42 -43 -44 -45 46 -47 48 49 50
0xd53983a91bcfc03f 17847 -1 -2 3 4 5 6 7 8 9 10 11 -12 13 14 -15 16 -17 -18 19 -20 -21 -22 23 24 -25 26 27 -28 29 -30 -31 -32 -33 34 -35 36 37 -38 39 40 41 -42 -43 -44 -45 46 -47 48 49 50