0x14a145a39c8f5312 15940 1 -2 3 4 -5 -6 7 -8 -9 10 11 12 13 14 15 16 17 -18 -19 20 -21 -22 -23 24 -25 -26 27 28 29 30 -31 -32 33 34 -35 -36 -37 38 39 -40 -41 -42 -43 44 -45 46 -47 -48 -49 -50
0x2187e274e29b746c 15940 1 -2 3 4 -5 -6 7 -8 -9 10 11 12 13 14 15 16 17 -18 -19 20 -21 -22 -23 24 -25 -26 27 28 29 30 -31 -32 33 34 -35 -36 -37 38 39 -40 -41 -42 -43 44 -45 46 -47 -48 -49 -50
0xb66018b198d8a232 15940 1 -2 3 4 -5 -6 7 -8 -9 10 11 12 13 14 15 16 17 -18 -19 20 -21 -22 -23 24 -25 -26 27 28 29 30 -31 -32 33 34 -35 -36 -37 38 39 -40 -41 -42 -43 44 -45 46 -47 -48 -49 -50
0x4dbafb6cef8064e9 15940 1 -2 3 4 -5 -6 7 -8 -9 10 11 12 13 14 15 16 17 -18 -19 20 -21 -22 -23 24 -25 -26 27 28 29 30 -31 -32 33 34 -35 -36 -37 38 39 -40 -41 -42 -43 44 -45 46 -47 -48 -49 -50
0x76904b8d91e32efe 15940 1 -2 3 4 -5 -6 7 -8 -9 10 11 12 13 14 15 16 17 -18 -19 20 -21 -22 -23 24 -25 -26 27 28 29 30 -31 -32 33 34 -35 -36 -37 38 39 -40 -41 -42 -43 44 -45 46 -47 -48 -49 -50
0xbf4afe91d9da2111 15940 1 -2 3 4 -5 -6 7 -8 -9 10 11 12 13 14 15 16 17 -18 -19 20 -21 -22 -23 24 -25 -26 27 28 29 30 -31 -32 33 34 -35 -36 -37 38 39 -40 -41 -42 -43 44 -45 46 -47 -48 -49 -50
0xec50be25afee875f 15940 1 -2 3 4 -5 -6 7 -8 -9 10 11 12 13 14 15 16 17 -18 -19 20 -21 -22 -23 24 -25 -26 27 28 29 30 -31 -32 33 34 -35 -36 -37 38 39 -40 -41 -42 -43 44 -45 46 -47 -48 -49 -50
0x89c0150098709b6f 15940 1 -2 3 4 -5 -6 7 -8 -9 10 11 12 13 14 15 16 17 -18 -19 20 -21 -22 -23 24 -25 -26 27 28 29 30 -31 -32 33 34 -35 -36 -37 38 39 -40 -41 -42 -43 44 -45 46 -47 -48 -49 -50
0x4569c502afce5601 15940 1 -2 3 4 -5 -6 7 -8 -9 10 11 12 13 14 15 16 17 -18 -19 20 -21 -22 -23 24 -25 -26 27 28 29 30 -31 -32 33 34 -35 -36 -37 38 39 -40 -41 -42 -43 44 -45 46 -47 -48 -49 -50
0xb3a1028c0d615d34 15940 1 -2 3 4 -5 -6 7 -8 -9 10 11 12 13 14 15 16 17 -18 -19 20 -21 -22 -23 24 -25 -26 27 28 29 30 -31 -32 33 34 -35 -36 -37 38 39 -40 -41 -42 -43 44 -45 46 -47 -48 -49 -50
0x4771911db7fd5af6 15940 1 -2 3 4 -5 -6 7 -8 -9 10 11 12 13 14 15 16 17 -18 -19 20 -21 -22 -23 24 -25 -26 27 28 29 30 -31 -32 33 34 -35 -36 -37 38 39 -40 -41 -42 -43 44 -45 46 -47 -48 -49 -50
0x2e59fd35a30647b2 15940 1 -2 3 4 -5 -6 7 -8 -9 10 11 12 13 14 15 16 17 -18 -19 20 -21 -22 -23 24 -25 -26 27 28 29 30 -31 -32 33 34 -35 -36 -37 38 39 -40 -41 -42 -43 44 -45 46 -47 -48 -49 -50
0x76136f6832007534 15940 1 -2 3 4 -5 -6 7 -8 -9 10 11 12 13 14 15 16 17 -18 -19 20 -21 -22 -23 24 -25 -26 27 28 29 30 -31 -32 33 34 -35 -36 -37 38 39 -40 -41 -42 -43 44 -45 46 -47 -48 -49 -50
0xf177d4ba73a265e0 15940 1 -2 3 4 -5 -6 7 -8 -9 10 11 12 13 14 15 16 17 -18 -19 20 -21 -22 -23 24 -25 -26 27 28 29 30 -31 -32 33 34 -35 -36 -37 38 39 -40 -41 -42 -43 44 -45 46 -47 -48 -49 -50
0xfd7a5841a0b2bc14 15940 1 -2 3 4 -5 -6 7 -8 -9 10 11 12 13 14 15 16 17 -18 -19 20 -21 -22 -23 24 -25 -26 27 28 29 30 -31 -32 33 34 -35 -36 -37 38 39 -40 -41 -42 -43 44 -45 46 -47 -48 -49 -50
0xd1a56a02b6aacddb 15940 1 -2 3 4 -5 -6 7 -8 -9 10 11 12 13 14 15 16 17 -18 -19 20 -21 -22 -23 24 -25 -26 27 28 29 30 -31 -32 33 34 -35 -36 -37 38 39 -40 -41 -42 -43 44 -45 46 -47 -48 -49 -50
0xedeccf041670a8d3 15940 1 -2 3 4 -5 -6 7 -8 -9 10 11 12 13 14 15 16 17 -18 -19 20 -21 -22 -23 24 -25 -26 27 28 29 30 -31 -32 33 34 -35 -36 -37 38 39 -40 -41 -42 -43 44 -45 46 -47 -48 -49 -50
0x731976b184c19261 15940 1 -2 3 4 -5 -6 7 -8 -9 10 11 12 13 14 15 16 17 -18 -19 20 -21 -22 -23 24 -25 -26 27 28 29 30 -31 -32 33 34 -35 -36 -37 38 39 -40 -41 -42 -43 44 -45 46 -47 -48 -49 -50
0x78e8117870585013 15940 1 -2 3 4 -5 -6 7 -8 -9 10 11 12 13 14 15 16 17 -18 -19 20 -21 -22 -23 24 -25 -26 27 28 29 30 -31 -32 33 34 -35 -36 -37 38 39 -40 -41 -42 -43 44 -45 46 -47 -48 -49 -50
0x7662a49cf1b8c455 15940 1 -2 3 4 -5 -6 7 -8 -9 10 11 12 13 14 15 16 17 -18 -19 20 -21 -22 -23 24 -25 -26 27 28 29 30 -31 -32 33 34 -35 -36 -37 38 39 -40 -41 -42 -43 44 -45 46 -47 -48 -49 -50
0x7b48975e1614ab59 15940 1 -2 3 4 -5 -6 7 -8 -9 10 11 12 13 14 15 16 17 -18 -19 20 -21 -22 -23 24 -25 -26 27 28 29 30 -31 -32 33 34 -35 -36 -37 38 39 -40 -41 -42 -43 44 -45 46 -47 -48 -49 -50
0xb5bff54d02338440 15940 1 -2 3 4 -5 -6 7 -8 -9 10 11 12 13 14 15 16 17 -18 -19 20 -21 -22 -23 24 -25 -26 27 28 29 30 -31 -32 33 34 -35 -36 -37 38 39 -40 -41 -42 -43 44 -45 46 -47 -48 -49 -50
0xb34de1e7afe9f28e 15940 1 -2 3 4 -5 -6 7 -8 -9 10 11 12 13 14 15 16 17 -18 -19 20 -21 -22 -23 24 -25 -26 27 28 29 30 -31 -32 33 34 -35 -36 -37 38 39 -40 -41 -42 -43 44 -45 46 -47 -48 -49 -50
0x1873797d20bb23cd 15940 1 -2 3 4 -5 -6 7 -8 -9 10 11 12 13 14 15 16 17 -18 -19 20 -21 -22 -23 24 -25 -26 27 28 29 30 -31 -32 33 34 -35 -36 -37 38 39 -40 -41 -42 -43 44 -45 46 -47 -48 -49 -50
0x8c879b3e0ef90580 15940 1 -2 3 4 -5 -6 7 -8 -9 10 11 12 13 14 15 16 17 -18 -19 20 -21 -22 -23 24 -25 -26 27 28 29 30 -31 -32 33 34 -35 -36 -37 38 39 -40 -41 -42 -43 44 -45 46 -47 -48 -49 -50
0x28bd58a06c5e574a 15940 1 -2 3 4 -5 -6 7 -8 -9 10 11 12 13 14 15 16 17 -18 -19 20 -21 -22 -23 24 -25 -26 27 28 29 30 -31 -32 33 34 -35 -36 -37 38 39 -40 -41 -42 -43 44 -45 46 -47 -48 -49 -50
0x6efa05f965efe560 15940 1 -2 3 4 -5 -6 7 -8 -9 10 11 12 13 14 15 16 17 -18 -19 20 -21 -22 -23 24 -25 -26 27 28 29 30 -31 -32 33 34 -35 -36 -37 38 39 -40 -41 -42 -43 44 -45 46 -47 -48 -49 -50
0x386d28588930772c 15940 1 -2 3 4 -5 -6 7 -8 -9 10 11 12 13 14 15 16 17 -18 -19 20 -21 -22 -23 24 -25 -26 27 28 29 30 -31 -32 33 34 -35 -36 -37 38 39 -40 -41 -42 -43 44 -45 46 -47 -48 -49 -50
0xfa07bca8ea9d3e43 15940 1 -2 3 4 -5 -6 7 -8 -9 10 11 12 13 14 15 16 17 -18 -19 20 -21 -22 -23 24 -25 -26 27 28 29 30 -31 -32 33 34 -35 -36 -37 38 39 -40 -41 -42 -43 44 -45 46 -47 -48 -49 -50
0x77379402813ed18a 15940 1 -2 3 4 -5 -6 7 -8 -9 10 11 12 13 14 15 16 17 -18 -19 20 -21 -22 -23 24 -25 -26 27 28 29 30 -31 -32 33 34 -35 -36 -37 38 39 -40 -41 -42 -43 44 -45 46 -47 -48 -49 -50