0xb80cd886d2a1c420 15394 -1 -2 3 -4 -5 6 7 -8 -9 -10 11 12 13 -14 -15 16 17 -18 -19 20 -21 -22 23 -24 -25 26 -27 -28 29 -30 31 -32 -33 -34 35 -36 37 38 39 40 -41 -42 43 44 45 46 47 48 -49 -50
0xc5a320d454a20c47 15394 -1 -2 3 -4 -5 6 7 -8 -9 -10 11 12 13 -14 -15 16 17 -18 -19 20 -21 -22 23 -24 -25 26 -27 -28 29 -30 31 -32 -33 -34 35 -36 37 38 39 40 -41 -42 43 44 45 46 47 48 -49 -50
0x53720ed8ce144b0 15394 -1 -2 3 -4 -5 6 7 -8 -9 -10 11 12 13 -14 -15 16 17 -18 -19 20 -21 -22 23 -24 -25 26 -27 -28 29 -30 31 -32 -33 -34 35 -36 37 38 39 40 -41 -42 43 44 45 46 47 48 -49 -50
0x692ab143d12b72f8 15394 -1 -2 3 -4 -5 6 7 -8 -9 -10 11 12 13 -14 -15 16 17 -18 -19 20 -21 -22 23 -24 -25 26 -27 -28 29 -30 31 -32 -33 -34 35 -36 37 38 39 40 -41 -42 43 44 45 46 47 48 -49 -50
0x4581b7e9e9396a04 15394 -1 -2 3 -4 -5 6 7 -8 -9 -10 11 12 13 -14 -15 16 17 -18 -19 20 -21 -22 23 -24 -25 26 -27 -28 29 -30 31 -32 -33 -34 35 -36 37 38 39 40 -41 -42 43 44 45 46 47 48 -49 -50
0xe0f063a065cd9ad2 15394 -1 -2 3 -4 -5 6 7 -8 -9 -10 11 12 13 -14 -15 16 17 -18 -19 20 -21 -22 23 -24 -25 26 -27 -28 29 -30 31 -32 -33 -34 35 -36 37 38 39 40 -41 -42 43 44 45 46 47 48 -49 -50
0xc05ce229a8b62965 15394 -1 -2 3 -4 -5 6 7 -8 -9 -10 11 12 13 -14 -15 16 17 -18 -19 20 -21 -22 23 -24 -25 26 -27 -28 29 -30 31 -32 -33 -34 35 -36 37 38 39 40 -41 -42 43 44 45 46 47 48 -49 -50
0x924d019383ea415c 15394 -1 -2 3 -4 -5 6 7 -8 -9 -10 11 12 13 -14 -15 16 17 -18 -19 20 -21 -22 23 -24 -25 26 -27 -28 29 -30 31 -32 -33 -34 35 -36 37 38 39 40 -41 -42 43 44 45 46 47 48 -49 -50
0x28e5d30b557b6bec 15394 -1 -2 3 -4 -5 6 7 -8 -9 -10 11 12 13 -14 -15 16 17 -18 -19 20 -21 -22 23 -24 -25 26 -27 -28 29 -30 31 -32 -33 -34 35 -36 37 38 39 40 -41 -42 43 44 45 46 47 48 -49 -50
0x101f06c8220af7a2 15394 -1 -2 3 -4 -5 6 7 -8 -9 -10 11 12 13 -14 -15 16 17 -18 -19 20 -21 -22 23 -24 -25 26 -27 -28 29 -30 31 -32 -33 -34 35 -36 37 38 39 40 -41 -42 43 44 45 46 47 48 -49 -50
0xaa8cca5aedf710ca 15394 -1 -2 3 -4 -5 6 7 -8 -9 -10 11 12 13 -14 -15 16 17 -18 -19 20 -21 -22 23 -24 -25 26 -27 -28 29 -30 31 -32 -33 -34 35 -36 37 38 39 40 -41 -42 43 44 45 46 47 48 -49 -50
0x9f722e21bea5f29 15394 -1 -2 3 -4 -5 6 7 -8 -9 -10 11 12 13 -14 -15 16 17 -18 -19 20 -21 -22 23 -24 -25 26 -27 -28 29 -30 31 -32 -33 -34 35 -36 37 38 39 40 -41 -42 43 44 45 46 47 48 -49 -50
0x658cbbe6e127c1b2 15394 -1 -2 3 -4 -5 6 7 -8 -9 -10 11 12 13 -14 -15 16 17 -18 -19 20 -21 -22 23 -24 -25 26 -27 -28 29 -30 31 -32 -33 -34 35 -36 37 38 39 40 -41 -42 43 44 45 46 47 48 -49 -50
0x61cf3f79be24fa6d 15394 -1 -2 3 -4 -5 6 7 -8 -9 -10 11 12 13 -14 -15 16 17 -18 -19 20 -21 -22 23 -24 -25 26 -27 -28 29 -30 31 -32 -33 -34 35 -36 37 38 39 40 -41 -42 43 44 45 46 47 48 -49 -50
0x4286f3907b7556a4 15394 -1 -2 3 -4 -5 6 7 -8 -9 -10 11 12 13 -14 -15 16 17 -18 -19 20 -21 -22 23 -24 -25 26 -27 -28 29 -30 31 -32 -33 -34 35 -36 37 38 39 40 -41 -42 43 44 45 46 47 48 -49 -50
0xf65e989aa4f79f4f 15394 -1 -2 3 -4 -5 6 7 -8 -9 -10 11 12 13 -14 -15 16 17 -18 -19 20 -21 -22 23 -24 -25 26 -27 -28 29 -30 31 -32 -33 -34 35 -36 37 38 39 40 -41 -42 43 44 45 46 47 48 -49 -50
0xc6b7c569a898ddc2 15394 -1 -2 3 -4 -5 6 7 -8 -9 -10 11 12 13 -14 -15 16 17 -18 -19 20 -21 -22 23 -24 -25 26 -27 -28 29 -30 31 -32 -33 -34 35 -36 37 38 39 40 -41 -42 43 44 45 46 47 48 -49 -50
0xc2133c429f07c096 15394 -1 -2 3 -4 -5 6 7 -8 -9 -10 11 12 13 -14 -15 16 17 -18 -19 20 -21 -22 23 -24 -25 26 -27 -28 29 -30 31 -32 -33 -34 35 -36 37 38 39 40 -41 -42 43 44 45 46 47 48 -49 -50
0x9d4ff53e2baaacd5 15394 -1 -2 3 -4 -5 6 7 -8 -9 -10 11 12 13 -14 -15 16 17 -18 -19 20 -21 -22 23 -24 -25 26 -27 -28 29 -30 31 -32 -33 -34 35 -36 37 38 39 40 -41 -42 43 44 45 46 47 48 -49 -50
0x6d46d9e4aa4cc76a 15394 -1 -2 3 -4 -5 6 7 -8 -9 -10 11 12 13 -14 -15 16 17 -18 -19 20 -21 -22 23 -24 -25 26 -27 -28 29 -30 31 -32 -33 -34 35 -36 37 38 39 40 -41 -42 43 44 45 46 47 48 -49 -50
0xe0286e0a348482c8 15394 -1 -2 3 -4 -5 6 7 -8 -9 -10 11 12 13 -14 -15 16 17 -18 -19 20 -21 -22 23 -24 -25 26 -27 -28 29 -30 31 -32 -33 -34 35 -36 37 38 39 40 -41 -42 43 44 45 46 47 48 -49 -50
0x61bce1e79b107cd9 15394 -1 -2 3 -4 -5 6 7 -8 -9 -10 11 12 13 -14 -15 16 17 -18 -19 20 -21 -22 23 -24 -25 26 -27 -28 29 -30 31 -32 -33 -34 35 -36 37 38 39 40 -41 -42 43 44 45 46 47 48 -49 -50
0x307e497dc08db929 15394 -1 -2 3 -4 -5 6 7 -8 -9 -10 11 12 13 -14 -15 16 17 -18 -19 20 -21 -22 23 -24 -25 26 -27 -28 29 -30 31 -32 -33 -34 35 -36 37 38 39 40 -41 -42 43 44 45 46 47 48 -49 -50
0xf0b7f5275f3c8353 15394 -1 -2 3 -4 -5 6 7 -8 -9 -10 11 12 13 -14 -15 16 17 -18 -19 20 -21 -22 23 -24 -25 26 -27 -28 29 -30 31 -32 -33 -34 35 -36 37 38 39 40 -41 -42 43 44 45 46 47 48 -49 -50
0xcfa5277e034785ad 15394 -1 -2 3 -4 -5 6 7 -8 -9 -10 11 12 13 -14 -15 16 17 -18 -19 20 -21 -22 23 -24 -25 26 -27 -28 29 -30 31 -32 -33 -34 35 -36 37 38 39 40 -41 -42 43 44 45 46 47 48 -49 -50
0x1834a4724a6ae030 15394 -1 -2 3 -4 -5 6 7 -8 -9 -10 11 12 13 -14 -15 16 17 -18 -19 20 -21 -22 23 -24 -25 26 -27 -28 29 -30 31 -32 -33 -34 35 -36 37 38 39 40 -41 -42 43 44 45 46 47 48 -49 -50
0xfeddd5a5792f4baa 15394 -1 -2 3 -4 -5 6 7 -8 -9 -10 11 12 13 -14 -15 16 17 -18 -19 20 -21 -22 23 -24 -25 26 -27 -28 29 -30 31 -32 -33 -34 35 -36 37 38 39 40 -41 -42 43 44 45 46 47 48 -49 -50
0xe717800a696f9527 15394 -1 -2 3 -4 -5 6 7 -8 -9 -10 11 12 13 -14 -15 16 17 -18 -19 20 -21 -22 23 -24 -25 26 -27 -28 29 -30 31 -32 -33 -34 35 -36 37 38 39 40 -41 -42 43 44 45 46 47 48 -49 -50
0xfcbf46be45ccfd9c 15394 -1 -2 3 -4 -5 6 7 -8 -9 -10 11 12 13 -14 -15 16 17 -18 -19 20 -21 -22 23 -24 -25 26 -27 -28 29 -30 31 -32 -33 -34 35 -36 37 38 39 40 -41 -42 43 44 45 46 47 48 -49 -50
0xb0411f66502e09b4 15394 -1 -2 3 -4 -5 6 7 -8 -9 -10 11 12 13 -14 -15 16 17 -18 -19 20 -21 -22 23 -24 -25 26 -27 -28 29 -30 31 -32 -33 -34 35 -36 37 38 39 40 -41 -42 43 44 45 46 47 48 -49 -50