0xf7a71e08f741aa28 21489 -1 -2 3 -4 -5 -6 7 -8 -9 -10 11 -12 13 14 -15 -16 17 18 -19 -20 21 -22 23 -24 25 26 27 28 29 30 -31 32 -33 -34 35 36
0x9de550457af156d7 21489 -1 -2 3 -4 -5 -6 7 -8 -9 -10 11 -12 13 14 -15 -16 17 18 -19 -20 21 -22 23 -24 25 26 27 28 29 30 -31 32 -33 -34 35 36
0x6b5310dd363116f 21489 -1 -2 3 -4 -5 -6 7 -8 -9 -10 11 12 13 14 -15 -16 17 18 -19 -20 21 22 23 -24 25 26 27 28 -29 30 -31 32 -33 -34 35 36
0x45863767046a8aa8 21489 -1 -2 3 -4 -5 -6 7 -8 -9 -10 11 -12 13 14 -15 -16 17 18 -19 -20 21 -22 23 -24 25 26 27 28 29 30 -31 32 -33 -34 35 36
0x2a37bfe86724d5f2 21489 -1 -2 3 -4 -5 -6 7 -8 -9 -10 11 12 13 14 -15 -16 17 18 -19 -20 21 22 23 -24 25 26 27 28 -29 30 -31 32 -33 -34 35 36
0x5e26d41e6157337 21489 -1 -2 3 -4 -5 -6 7 -8 -9 -10 11 -12 13 14 -15 -16 17 18 -19 -20 21 -22 23 -24 25 26 27 28 29 30 -31 32 -33 -34 35 36
0x8f2d6eebf06516c1 21489 -1 -2 3 -4 -5 -6 7 -8 -9 -10 11 12 13 14 -15 -16 17 18 -19 -20 21 22 23 -24 25 26 27 28 -29 30 -31 32 -33 -34 35 36
0x9deff808f58ffcfd 21489 -1 -2 3 -4 -5 -6 7 -8 -9 -10 11 -12 13 14 -15 -16 17 18 -19 -20 21 -22 23 -24 25 26 27 28 29 30 -31 32 -33 -34 35 36
0xca46d34beba67b46 21489 -1 -2 3 -4 -5 -6 7 -8 -9 -10 11 12 13 14 -15 -16 17 18 -19 -20 21 22 23 -24 25 26 27 28 -29 30 -31 32 -33 -34 35 36
0x41a9d9e90380b795 21489 -1 -2 3 -4 -5 -6 7 -8 -9 -10 11 12 13 14 -15 -16 17 18 -19 -20 21 22 23 -24 25 26 27 28 -29 30 -31 32 -33 -34 35 36
0x5c21aeb0292f0843 21489 -1 -2 3 -4 -5 -6 7 -8 -9 -10 11 -12 13 14 -15 -16 17 18 -19 -20 21 -22 23 -24 25 26 27 28 29 30 -31 32 -33 -34 35 36
0x59f312ae0681e3b6 21489 -1 -2 3 -4 -5 -6 7 -8 -9 -10 11 12 13 14 -15 -16 17 18 -19 -20 21 22 23 -24 25 26 27 28 -29 30 -31 32 -33 -34 35 36
0x6b15a40c36c90104 21489 -1 -2 3 -4 -5 -6 7 -8 -9 -10 11 12 13 14 -15 -16 17 18 -19 -20 21 22 23 -24 25 26 27 28 -29 30 -31 32 -33 -34 35 36
0x8e243e963c8f1a8a 21489 -1 -2 3 -4 -5 -6 7 -8 -9 -10 11 -12 13 14 -15 -16 17 18 -19 -20 21 -22 23 -24 25 26 27 28 29 30 -31 32 -33 -34 35 36
0xeee860c62ab4d644 21489 -1 -2 3 -4 -5 -6 7 -8 -9 -10 11 12 13 14 -15 -16 17 18 -19 -20 21 22 23 -24 25 26 27 28 -29 30 -31 32 -33 -34 35 36
0xa9e6de6e63f7a6f6 21489 -1 -2 3 -4 -5 -6 7 -8 -9 -10 11 -12 13 14 -15 -16 17 18 -19 -20 21 -22 23 -24 25 26 27 28 29 30 -31 32 -33 -34 35 36
0xde64c698c1e7c772 21489 -1 -2 3 -4 -5 -6 7 -8 -9 -10 11 -12 13 14 -15 -16 17 18 -19 -20 21 -22 23 -24 25 26 27 28 29 30 -31 32 -33 -34 35 36
0xd313fe720e1d7319 21489 -1 -2 3 -4 -5 -6 7 -8 -9 -10 11 12 13 14 -15 -16 17 18 -19 -20 21 22 23 -24 25 26 27 28 -29 30 -31 32 -33 -34 35 36
0x11ecf0eb82116bc7 21489 -1 -2 3 -4 -5 -6 7 -8 -9 -10 11 -12 13 14 -15 -16 17 18 -19 -20 21 -22 23 -24 25 26 27 28 29 30 -31 32 -33 -34 35 36
0xe3b96148d3708a3a 21489 -1 -2 3 -4 -5 -6 7 -8 -9 -10 11 -12 13 14 -15 -16 17 18 -19 -20 21 -22 23 -24 25 26 27 28 29 30 -31 32 -33 -34 35 36
0x4aadc0e030497dac 21489 -1 -2 3 -4 -5 -6 7 -8 -9 -10 11 -12 13 14 -15 -16 17 18 -19 -20 21 -22 23 -24 25 26 27 28 29 30 -31 32 -33 -34 35 36
0x2376c4bd733900fe 21489 -1 -2 3 -4 -5 -6 7 -8 -9 -10 11 12 13 14 -15 -16 17 18 -19 -20 21 22 23 -24 25 26 27 28 -29 30 -31 32 -33 -34 35 36
0x81a8520d1f964668 21489 -1 -2 3 -4 -5 -6 7 -8 -9 -10 11 -12 13 14 -15 -16 17 18 -19 -20 21 -22 23 -24 25 26 27 28 29 30 -31 32 -33 -34 35 36
0xbcd15172f6a33081 21489 -1 -2 3 -4 -5 -6 7 -8 -9 -10 11 -12 13 14 -15 -16 17 18 -19 -20 21 -22 23 -24 25 26 27 28 29 30 -31 32 -33 -34 35 36
0xf708e87b09c7bc7 21489 -1 -2 3 -4 -5 -6 7 -8 -9 -10 11 -12 13 14 -15 -16 17 18 -19 -20 21 -22 23 -24 25 26 27 28 29 30 -31 32 -33 -34 35 36
0x39c8e754bdbef81c 21489 -1 -2 3 -4 -5 -6 7 -8 -9 -10 11 -12 13 14 -15 -16 17 18 -19 -20 21 -22 23 -24 25 26 27 28 29 30 -31 32 -33 -34 35 36
0xb822cbd8c2b7d245 21489 -1 -2 3 -4 -5 -6 7 -8 -9 -10 11 12 13 14 -15 -16 17 18 -19 -20 21 22 23 -24 25 26 27 28 -29 30 -31 32 -33 -34 35 36
0xaf490d87b635ed6c 21489 -1 -2 3 -4 -5 -6 7 -8 -9 -10 11 12 13 14 -15 -16 17 18 -19 -20 21 22 23 -24 25 26 27 28 -29 30 -31 32 -33 -34 35 36
0xbd4efec7cf924c9d 21489 -1 -2 3 -4 -5 -6 7 -8 -9 -10 11 12 13 14 -15 -16 17 18 -19 -20 21 22 23 -24 25 26 27 28 -29 30 -31 32 -33 -34 35 36
0x5fede273d8c58c4a 21489 -1 -2 3 -4 -5 -6 7 -8 -9 -10 11 -12 13 14 -15 -16 17 18 -19 -20 21 -22 23 -24 25 26 27 28 29 30 -31 32 -33 -34 35 36