0x89525a0f6738eddf 22271 1 2 3 4 5 6 7 -8 -9 -10 11 12 13 14 15 -16 -17 -18 19 -20 21 -22 -23 -24 25 26 27 28 -29 -30 31 32 -33 -34 -35 -36
0xef3434b97ead3a95 22271 1 2 3 4 5 6 7 -8 -9 -10 11 12 13 14 15 -16 -17 -18 19 -20 21 -22 -23 -24 25 26 27 28 -29 -30 31 32 -33 -34 -35 -36
0x1f11b0149fa5aed1 22271 1 2 3 4 5 6 7 -8 -9 -10 11 12 13 14 15 -16 -17 -18 19 -20 21 -22 -23 -24 25 26 27 28 -29 -30 31 32 -33 -34 -35 -36
0xef3d72062537126b 22271 1 2 3 4 5 6 7 -8 -9 -10 11 12 13 14 15 -16 -17 -18 19 -20 21 -22 -23 -24 25 26 27 28 -29 -30 31 32 -33 -34 -35 -36
0x9d13162184189870 22271 1 2 3 4 5 6 7 -8 -9 -10 11 12 13 14 15 -16 -17 -18 19 -20 21 -22 -23 -24 25 26 27 28 -29 -30 31 32 -33 -34 -35 -36
0x2bdcc739ae751648 22271 1 2 3 4 5 6 7 -8 -9 -10 11 12 13 14 15 -16 -17 -18 19 -20 21 -22 -23 -24 25 26 27 28 -29 -30 31 32 -33 -34 -35 -36
0x3819f784fdee3a8e 22271 1 2 3 4 5 6 7 -8 -9 -10 11 12 13 14 15 -16 -17 -18 19 -20 21 -22 -23 -24 25 26 27 28 -29 -30 31 32 -33 -34 -35 -36
0x7a2edb3084b9b90 22271 1 2 3 4 5 6 7 -8 -9 -10 11 12 13 14 15 -16 -17 -18 19 -20 21 -22 -23 -24 25 26 27 28 -29 -30 31 32 -33 -34 -35 -36
0xbe101453a3bf2ed 22271 1 2 3 4 5 6 7 -8 -9 -10 11 12 13 14 15 -16 -17 -18 19 -20 21 -22 -23 -24 25 26 27 28 -29 -30 31 32 -33 -34 -35 -36
0x52abb07d222b08df 22271 1 2 3 4 5 6 7 -8 -9 -10 11 12 13 14 15 -16 -17 -18 19 -20 21 -22 -23 -24 25 26 27 28 -29 -30 31 32 -33 -34 -35 -36
0x58334e41aa23cdc0 22271 1 2 3 4 5 6 7 -8 -9 -10 11 12 13 14 15 -16 -17 -18 19 -20 21 -22 -23 -24 25 26 27 28 -29 -30 31 32 -33 -34 -35 -36
0xab9d4fd40cfbde39 22271 1 2 3 4 5 6 7 -8 -9 -10 11 12 13 14 15 -16 -17 -18 19 -20 21 -22 -23 -24 25 26 27 28 -29 -30 31 32 -33 -34 -35 -36
0xedafc47a2d04b243 22271 1 2 3 4 5 6 7 -8 -9 -10 11 12 13 14 15 -16 -17 -18 19 -20 21 -22 -23 -24 25 26 27 28 -29 -30 31 32 -33 -34 -35 -36
0x39088c3f2fae7e93 22271 1 2 3 4 5 6 7 -8 -9 -10 11 12 13 14 15 -16 -17 -18 19 -20 21 -22 -23 -24 25 26 27 28 -29 -30 31 32 -33 -34 -35 -36
0xea315eafb47d483f 22271 1 2 3 4 5 6 7 -8 -9 -10 11 12 13 14 15 -16 -17 -18 19 -20 21 -22 -23 -24 25 26 27 28 -29 -30 31 32 -33 -34 -35 -36
0x7b5f3ad15604b8bf 22271 1 2 3 4 5 6 7 -8 -9 -10 11 12 13 14 15 -16 -17 -18 19 -20 21 -22 -23 -24 25 26 27 28 -29 -30 31 32 -33 -34 -35 -36
0x7fa054314f27f9a7 22271 1 2 3 4 5 6 7 -8 -9 -10 11 12 13 14 15 -16 -17 -18 19 -20 21 -22 -23 -24 25 26 27 28 -29 -30 31 32 -33 -34 -35 -36
0x12fa46466047303c 22271 1 2 3 4 5 6 7 -8 -9 -10 11 12 13 14 15 -16 -17 -18 19 -20 21 -22 -23 -24 25 26 27 28 -29 -30 31 32 -33 -34 -35 -36
0x3d89661b9a521461 22271 1 2 3 4 5 6 7 -8 -9 -10 11 12 13 14 15 -16 -17 -18 19 -20 21 -22 -23 -24 25 26 27 28 -29 -30 31 32 -33 -34 -35 -36
0x36dff475db895ee6 22271 1 2 3 4 5 6 7 -8 -9 -10 11 12 13 14 15 -16 -17 -18 19 -20 21 -22 -23 -24 25 26 27 28 -29 -30 31 32 -33 -34 -35 -36
0x2b633e5fe7bf3c46 22271 1 2 3 4 5 6 7 -8 -9 -10 11 12 13 14 15 -16 -17 -18 19 -20 21 -22 -23 -24 25 26 27 28 -29 -30 31 32 -33 -34 -35 -36
0xc82f8b811633883d 22271 1 2 3 4 5 6 7 -8 -9 -10 11 12 13 14 15 -16 -17 -18 19 -20 21 -22 -23 -24 25 26 27 28 -29 -30 31 32 -33 -34 -35 -36
0xf15a23568c6e58fc 22271 1 2 3 4 5 6 7 -8 -9 -10 11 12 13 14 15 -16 -17 -18 19 -20 21 -22 -23 -24 25 26 27 28 -29 -30 31 32 -33 -34 -35 -36
0xe1330c38b39e0855 22271 1 2 3 4 5 6 7 -8 -9 -10 11 12 13 14 15 -16 -17 -18 19 -20 21 -22 -23 -24 25 26 27 28 -29 -30 31 32 -33 -34 -35 -36
0x924fabb7fba5f0e5 22271 1 2 3 4 5 6 7 -8 -9 -10 11 12 13 14 15 -16 -17 -18 19 -20 21 -22 -23 -24 25 26 27 28 -29 -30 31 32 -33 -34 -35 -36
0xe9ee0b4e6b67dbdf 22271 1 2 3 4 5 6 7 -8 -9 -10 11 12 13 14 15 -16 -17 -18 19 -20 21 -22 -23 -24 25 26 27 28 -29 -30 31 32 -33 -34 -35 -36
0xd621103a7a1e496b 22271 1 2 3 4 5 6 7 -8 -9 -10 11 12 13 14 15 -16 -17 -18 19 -20 21 -22 -23 -24 25 26 27 28 -29 -30 31 32 -33 -34 -35 -36
0x77cee5e1fdceb803 22271 1 2 3 4 5 6 7 -8 -9 -10 11 12 13 14 15 -16 -17 -18 19 -20 21 -22 -23 -24 25 26 27 28 -29 -30 31 32 -33 -34 -35 -36
0xecef62df17328265 22271 1 2 3 4 5 6 7 -8 -9 -10 11 12 13 14 15 -16 -17 -18 19 -20 21 -22 -23 -24 25 26 27 28 -29 -30 31 32 -33 -34 -35 -36
0x17fb2611e723530b 22271 1 2 3 4 5 6 7 -8 -9 -10 11 12 13 14 15 -16 -17 -18 19 -20 21 -22 -23 -24 25 26 27 28 -29 -30 31 32 -33 -34 -35 -36