0xbbf9ec9ce093631a 30737 -1 2 -3 4 5 6 7 8 9 10 -11 12 13 -14 15 -16 -17 18 19 20 21 -22 23 24 25 -26 27 28 29 -30 31 -32 33 34 -35 36
0x2bd67e98be16b90b 30737 -1 2 -3 4 5 6 7 8 9 10 -11 12 13 -14 15 -16 -17 18 19 20 21 -22 23 24 25 -26 27 28 29 -30 31 -32 33 34 -35 36
0x11e44c0622222c6 30737 -1 2 -3 4 5 6 7 8 9 10 -11 12 13 -14 15 -16 -17 18 19 20 21 -22 23 24 25 -26 27 28 29 -30 31 -32 33 34 -35 36
0xeefd05ef0fd409cf 30737 -1 2 -3 4 5 6 7 8 9 10 -11 12 13 -14 15 -16 -17 18 19 20 21 -22 23 24 25 -26 27 28 29 -30 31 -32 33 34 -35 36
0xc648f3945c52b12e 30737 -1 2 -3 4 5 6 7 8 9 10 -11 12 13 -14 15 -16 -17 18 19 20 21 -22 23 24 25 -26 27 28 29 -30 31 -32 33 34 -35 36
0x8e067130f1dda670 30737 -1 2 -3 4 5 6 7 8 9 10 -11 12 13 -14 15 -16 -17 18 19 20 21 -22 23 24 25 -26 27 28 29 -30 31 -32 33 34 -35 36
0x48b60fdb7bf6d725 30737 -1 2 -3 4 5 6 7 8 9 10 -11 12 13 -14 15 -16 -17 18 19 20 21 -22 23 24 25 -26 27 28 29 -30 31 -32 33 34 -35 36
0xd66859bc4ca53662 30737 -1 2 -3 4 5 6 7 8 9 10 -11 12 13 -14 15 -16 -17 18 19 20 21 -22 23 24 25 -26 27 28 29 -30 31 -32 33 34 -35 36
0x84156d937476f23e 30737 -1 2 -3 4 5 6 7 8 9 10 -11 12 13 -14 15 -16 -17 18 19 20 21 -22 23 24 25 -26 27 28 29 -30 31 -32 33 34 -35 36
0x35f66a313b293956 30737 -1 2 -3 4 5 6 7 8 9 10 -11 12 13 -14 15 -16 -17 18 19 20 21 -22 23 24 25 -26 27 28 29 -30 31 -32 33 34 -35 36
0xafdea9fbf31b904b 30737 -1 2 -3 4 5 6 7 8 9 10 -11 12 13 -14 15 -16 -17 18 19 20 21 -22 23 24 25 -26 27 28 29 -30 31 -32 33 34 -35 36
0x7201957f8ca71b13 30737 -1 2 -3 4 5 6 7 8 9 10 -11 12 13 -14 15 -16 -17 18 19 20 21 -22 23 24 25 -26 27 28 29 -30 31 -32 33 34 -35 36
0x63d1fc7a416acd91 30737 -1 2 -3 4 5 6 7 8 9 10 -11 12 13 -14 15 -16 -17 18 19 20 21 -22 23 24 25 -26 27 28 29 -30 31 -32 33 34 -35 36
0x45c4786cdfc3d498 30737 -1 2 -3 4 5 6 7 8 9 10 -11 12 13 -14 15 -16 -17 18 19 20 21 -22 23 24 25 -26 27 28 29 -30 31 -32 33 34 -35 36
0xd361cfe4f995fe89 30737 -1 2 -3 4 5 6 7 8 9 10 -11 12 13 -14 15 -16 -17 18 19 20 21 -22 23 24 25 -26 27 28 29 -30 31 -32 33 34 -35 36
0x5c6c0b61135766ab 30737 -1 2 -3 4 5 6 7 8 9 10 -11 12 13 -14 15 -16 -17 18 19 20 21 -22 23 24 25 -26 27 28 29 -30 31 -32 33 34 -35 36
0x33ed44d285cbcea6 30737 -1 2 -3 4 5 6 7 8 9 10 -11 12 13 -14 15 -16 -17 18 19 20 21 -22 23 24 25 -26 27 28 29 -30 31 -32 33 34 -35 36
0x18966b4ce097ce04 30737 -1 2 -3 4 5 6 7 8 9 10 -11 12 13 -14 15 -16 -17 18 19 20 21 -22 23 24 25 -26 27 28 29 -30 31 -32 33 34 -35 36
0xd7c79b33b53b534b 30737 -1 2 -3 4 5 6 7 8 9 10 -11 12 13 -14 15 -16 -17 18 19 20 21 -22 23 24 25 -26 27 28 29 -30 31 -32 33 34 -35 36
0xa3d5de9fa9ce0d9f 30737 -1 2 -3 4 5 6 7 8 9 10 -11 12 13 -14 15 -16 -17 18 19 20 21 -22 23 24 25 -26 27 28 29 -30 31 -32 33 34 -35 36
0x7447fc6f3d837eac 30737 -1 2 -3 4 5 6 7 8 9 10 -11 12 13 -14 15 -16 -17 18 19 20 21 -22 23 24 25 -26 27 28 29 -30 31 -32 33 34 -35 36
0xf8c9c78604e84501 30737 -1 2 -3 4 5 6 7 8 9 10 -11 12 13 -14 15 -16 -17 18 19 20 21 -22 23 24 25 -26 27 28 29 -30 31 -32 33 34 -35 36
0x754231b2cf902938 30737 -1 2 -3 4 5 6 7 8 9 10 -11 12 13 -14 15 -16 -17 18 19 20 21 -22 23 24 25 -26 27 28 29 -30 31 -32 33 34 -35 36
0x8fd1fb1dbff0a829 30737 -1 2 -3 4 5 6 7 8 9 10 -11 12 13 -14 15 -16 -17 18 19 20 21 -22 23 24 25 -26 27 28 29 -30 31 -32 33 34 -35 36
0x5cfab4999aad4e2c 30737 -1 2 -3 4 5 6 7 8 9 10 -11 12 13 -14 15 -16 -17 18 19 20 21 -22 23 24 25 -26 27 28 29 -30 31 -32 33 34 -35 36
0x5e1c1107fd45f0a8 30737 -1 2 -3 4 5 6 7 8 9 10 -11 12 13 -14 15 -16 -17 18 19 20 21 -22 23 24 25 -26 27 28 29 -30 31 -32 33 34 -35 36
0x55b319d0c07881fb 30737 -1 2 -3 4 5 6 7 8 9 10 -11 12 13 -14 15 -16 -17 18 19 20 21 -22 23 24 25 -26 27 28 29 -30 31 -32 33 34 -35 36
0x19da84052c8751dd 30737 -1 2 -3 4 5 6 7 8 9 10 -11 12 13 -14 15 -16 -17 18 19 20 21 -22 23 24 25 -26 27 28 29 -30 31 -32 33 34 -35 36
0x7d792c0e36430e78 30737 -1 2 -3 4 5 6 7 8 9 10 -11 12 13 -14 15 -16 -17 18 19 20 21 -22 23 24 25 -26 27 28 29 -30 31 -32 33 34 -35 36
0x4c0f16d31ce3d5a6 30737 -1 2 -3 4 5 6 7 8 9 10 -11 12 13 -14 15 -16 -17 18 19 20 21 -22 23 24 25 -26 27 28 29 -30 31 -32 33 34 -35 36