0xe656295566a4a33b 22833 1 -2 3 4 5 6 -7 8 -9 -10 11 12 13 -14 15 16 17 -18 19 20 -21 -22 -23 -24 -25 -26 -27 28 29 -30 31 -32 -33 34 35 -36
0x80f78c5ccb7a5483 22833 -1 2 -3 -4 5 -6 -7 8 -9 10 11 12 13 -14 15 16 17 -18 19 20 -21 -22 -23 -24 25 26 -27 28 29 -30 31 -32 -33 34 35 -36
0x2cfeaedfa83132df 22833 1 -2 3 4 5 6 -7 8 -9 -10 11 12 13 -14 15 16 17 -18 19 20 -21 -22 -23 -24 -25 -26 -27 28 29 -30 31 -32 -33 34 35 -36
0x2a5df6e3e021e14a 22833 1 -2 3 4 5 6 -7 8 -9 -10 11 12 13 -14 15 16 17 -18 19 20 -21 -22 -23 -24 -25 -26 -27 28 29 -30 31 -32 -33 34 35 -36
0x4991f53c254031f2 22833 -1 2 -3 -4 5 -6 -7 8 -9 10 11 12 13 -14 15 16 17 -18 19 20 -21 -22 -23 -24 25 26 -27 28 29 -30 31 -32 -33 34 35 -36
0x397e8ceb8f48af2c 22833 1 -2 3 4 5 6 -7 8 -9 -10 11 12 13 -14 15 16 17 -18 19 20 -21 -22 -23 -24 -25 -26 -27 28 29 -30 31 -32 -33 34 35 -36
0xd03e1aac23716cef 22833 -1 2 -3 -4 5 -6 -7 8 -9 10 11 12 13 -14 15 16 17 -18 19 20 -21 -22 -23 -24 25 26 -27 28 29 -30 31 -32 -33 34 35 -36
0xdb32ec6b4736ea56 22833 1 -2 3 4 5 6 -7 8 -9 -10 11 12 13 -14 15 16 17 -18 19 20 -21 -22 -23 -24 -25 -26 -27 28 29 -30 31 -32 -33 34 35 -36
0xa60908c6bf5b0320 22833 1 -2 3 4 5 6 -7 8 -9 -10 11 12 13 -14 15 16 17 -18 19 20 -21 -22 -23 -24 -25 -26 -27 28 29 -30 31 -32 -33 34 35 -36
0x27964697ca6bf131 22833 1 -2 3 4 5 6 -7 8 -9 -10 11 12 13 -14 15 16 17 -18 19 20 -21 -22 -23 -24 -25 -26 -27 28 29 -30 31 -32 -33 34 35 -36
0x7ac6b4646c695e10 22833 1 -2 3 4 5 6 -7 8 -9 -10 11 12 13 -14 15 16 17 -18 19 20 -21 -22 -23 -24 -25 -26 -27 28 29 -30 31 -32 -33 34 35 -36
0xf9034fea1f5d8469 22833 1 -2 3 4 5 6 -7 8 -9 -10 11 12 13 -14 15 16 17 -18 19 20 -21 -22 -23 -24 -25 -26 -27 28 29 -30 31 -32 -33 34 35 -36
0xf2c10d99d300618b 22833 1 -2 3 4 5 6 -7 8 -9 -10 11 12 13 -14 15 16 17 -18 19 20 -21 -22 -23 -24 -25 -26 -27 28 29 -30 31 -32 -33 34 35 -36
0xa226301973baf6e9 22833 -1 2 -3 -4 5 -6 -7 8 -9 10 11 12 13 -14 15 16 17 -18 19 20 -21 -22 -23 -24 25 26 -27 28 29 -30 31 -32 -33 34 35 -36
0x8af3efc017a09b9a 22833 1 -2 3 4 5 6 -7 8 -9 -10 11 12 13 -14 15 16 17 -18 19 20 -21 -22 -23 -24 -25 -26 -27 28 29 -30 31 -32 -33 34 35 -36
0xff1578ec22bd57e3 22833 -1 2 -3 -4 5 -6 -7 8 -9 10 11 12 13 -14 15 16 17 -18 19 20 -21 -22 -23 -24 25 26 -27 28 29 -30 31 -32 -33 34 35 -36
0x7bcef057c99bf3b1 22833 1 -2 3 4 5 6 -7 8 -9 -10 11 12 13 -14 15 16 17 -18 19 20 -21 -22 -23 -24 -25 -26 -27 28 29 -30 31 -32 -33 34 35 -36
0xed54e798445c9ccc 22833 -1 2 -3 -4 5 -6 -7 8 -9 10 11 12 13 -14 15 16 17 -18 19 20 -21 -22 -23 -24 25 26 -27 28 29 -30 31 -32 -33 34 35 -36
0x4bff1e2c6ba37ec3 22833 -1 2 -3 -4 5 -6 -7 8 -9 10 11 12 13 -14 15 16 17 -18 19 20 -21 -22 -23 -24 25 26 -27 28 29 -30 31 -32 -33 34 35 -36
0x6741a65f079228b6 22833 -1 2 -3 -4 5 -6 -7 8 -9 10 11 12 13 -14 15 16 17 -18 19 20 -21 -22 -23 -24 25 26 -27 28 29 -30 31 -32 -33 34 35 -36
0x197f4471819a7f4b 22833 -1 2 -3 -4 5 -6 -7 8 -9 10 11 12 13 -14 15 16 17 -18 19 20 -21 -22 -23 -24 25 26 -27 28 29 -30 31 -32 -33 34 35 -36
0x2cbad60eacb2130c 22833 -1 2 -3 -4 5 -6 -7 8 -9 10 11 12 13 -14 15 16 17 -18 19 20 -21 -22 -23 -24 25 26 -27 28 29 -30 31 -32 -33 34 35 -36
0xde2f41e5e0d59026 22833 -1 2 -3 -4 5 -6 -7 8 -9 10 11 12 13 -14 15 16 17 -18 19 20 -21 -22 -23 -24 25 26 -27 28 29 -30 31 -32 -33 34 35 -36
0x1f8d171060ed31a9 22833 -1 2 -3 -4 5 -6 -7 8 -9 10 11 12 13 -14 15 16 17 -18 19 20 -21 -22 -23 -24 25 26 -27 28 29 -30 31 -32 -33 34 35 -36
0x7ebc6dcf821ea39a 22833 1 -2 3 4 5 6 -7 8 -9 -10 11 12 13 -14 15 16 17 -18 19 20 -21 -22 -23 -24 -25 -26 -27 28 29 -30 31 -32 -33 34 35 -36
0xc5797084adb4692e 22833 -1 2 -3 -4 5 -6 -7 8 -9 10 11 12 13 -14 15 16 17 -18 19 20 -21 -22 -23 -24 25 26 -27 28 29 -30 31 -32 -33 34 35 -36
0xb9378ed8d1cde32d 22833 -1 2 -3 -4 5 -6 -7 8 -9 10 11 12 13 -14 15 16 17 -18 19 20 -21 -22 -23 -24 25 26 -27 28 29 -30 31 -32 -33 34 35 -36
0x5ea0a6b65daed6fb 22833 -1 2 -3 -4 5 -6 -7 8 -9 10 11 12 13 -14 15 16 17 -18 19 20 -21 -22 -23 -24 25 26 -27 28 29 -30 31 -32 -33 34 35 -36
0x75fc17cc771abc30 22833 1 -2 3 4 5 6 -7 8 -9 -10 11 12 13 -14 15 16 17 -18 19 20 -21 -22 -23 -24 -25 -26 -27 28 29 -30 31 -32 -33 34 35 -36
0x6eb0995284271261 22833 -1 2 -3 -4 5 -6 -7 8 -9 10 11 12 13 -14 15 16 17 -18 19 20 -21 -22 -23 -24 25 26 -27 28 29 -30 31 -32 -33 34 35 -36