0x9b27c51a11732573 12527 -1 2 -3 4 -5 -6 7 8 -9 -10 -11 12 -13 -14 15 -16 17 18 19 -20 21 -22 23 24 25 -26 -27 -28 -29 30 31 -32 33 34 -35 36
0xb8aeff81cad095c4 12527 -1 2 -3 4 -5 -6 7 8 -9 -10 -11 12 -13 -14 15 -16 17 18 19 -20 21 -22 23 24 25 -26 -27 -28 -29 30 31 -32 33 34 -35 36
0xc69e73e126e3fc2e 12527 -1 2 -3 4 -5 -6 7 8 -9 -10 -11 12 -13 -14 15 -16 17 18 19 -20 21 -22 23 24 25 -26 -27 -28 -29 30 31 -32 33 34 -35 36
0x5982391b8e12bbf8 12527 -1 2 -3 4 -5 -6 7 8 -9 -10 -11 12 -13 -14 15 -16 17 18 19 -20 21 -22 23 24 25 -26 -27 -28 -29 30 31 -32 33 34 -35 36
0x7b5493b55ee9ff82 12527 -1 2 -3 4 -5 -6 7 8 -9 -10 -11 12 -13 -14 15 -16 17 18 19 -20 21 -22 23 24 25 -26 -27 -28 -29 30 31 -32 33 34 -35 36
0xa1d809d5ffe0544e 12527 -1 2 -3 4 -5 -6 7 8 -9 -10 -11 12 -13 -14 15 -16 17 18 19 -20 21 -22 23 24 25 -26 -27 -28 -29 30 31 -32 33 34 -35 36
0xe1712ff9d0c974b1 12527 -1 2 -3 4 -5 -6 7 8 -9 -10 -11 12 -13 -14 15 -16 17 18 19 -20 21 -22 23 24 25 -26 -27 -28 -29 30 31 -32 33 34 -35 36
0x58ba28daed27ae09 12527 -1 2 -3 4 -5 -6 7 8 -9 -10 -11 12 -13 -14 15 -16 17 18 19 -20 21 -22 23 24 25 -26 -27 -28 -29 30 31 -32 33 34 -35 36
0x7d75b4cafc57d8df 12527 -1 2 -3 4 -5 -6 7 8 -9 -10 -11 12 -13 -14 15 -16 17 18 19 -20 21 -22 23 24 25 -26 -27 -28 -29 30 31 -32 33 34 -35 36
0xc17a8911513951a2 12527 -1 2 -3 4 -5 -6 7 8 -9 -10 -11 12 -13 -14 15 -16 17 18 19 -20 21 -22 23 24 25 -26 -27 -28 -29 30 31 -32 33 34 -35 36
0x1fc7f35d4b15f424 12527 -1 2 -3 4 -5 -6 7 8 -9 -10 -11 12 -13 -14 15 -16 17 18 19 -20 21 -22 23 24 25 -26 -27 -28 -29 30 31 -32 33 34 -35 36
0xf37252fc244a861f 12527 -1 2 -3 4 -5 -6 7 8 -9 -10 -11 12 -13 -14 15 -16 17 18 19 -20 21 -22 23 24 25 -26 -27 -28 -29 30 31 -32 33 34 -35 36
0xb023874cb6facd30 12527 -1 2 -3 4 -5 -6 7 8 -9 -10 -11 12 -13 -14 15 -16 17 18 19 -20 21 -22 23 24 25 -26 -27 -28 -29 30 31 -32 33 34 -35 36
0xac1696144e48b8fe 12527 -1 2 -3 4 -5 -6 7 8 -9 -10 -11 12 -13 -14 15 -16 17 18 19 -20 21 -22 23 24 25 -26 -27 -28 -29 30 31 -32 33 34 -35 36
0x7d8802c35d92a01d 12527 -1 2 -3 4 -5 -6 7 8 -9 -10 -11 12 -13 -14 15 -16 17 18 19 -20 21 -22 23 24 25 -26 -27 -28 -29 30 31 -32 33 34 -35 36
0x4f49e738137eadbf 12527 -1 2 -3 4 -5 -6 7 8 -9 -10 -11 12 -13 -14 15 -16 17 18 19 -20 21 -22 23 24 25 -26 -27 -28 -29 30 31 -32 33 34 -35 36
0x9bc44633ab4c4687 12527 -1 2 -3 4 -5 -6 7 8 -9 -10 -11 12 -13 -14 15 -16 17 18 19 -20 21 -22 23 24 25 -26 -27 -28 -29 30 31 -32 33 34 -35 36
0x89b06a151532cfe6 12527 -1 2 -3 4 -5 -6 7 8 -9 -10 -11 12 -13 -14 15 -16 17 18 19 -20 21 -22 23 24 25 -26 -27 -28 -29 30 31 -32 33 34 -35 36
0xb814219ea3425a71 12527 -1 2 -3 4 -5 -6 7 8 -9 -10 -11 12 -13 -14 15 -16 17 18 19 -20 21 -22 23 24 25 -26 -27 -28 -29 30 31 -32 33 34 -35 36
0x272bfb68f46f9a0e 12527 -1 2 -3 4 -5 -6 7 8 -9 -10 -11 12 -13 -14 15 -16 17 18 19 -20 21 -22 23 24 25 -26 -27 -28 -29 30 31 -32 33 34 -35 36
0xa49244f2fbb20cd4 12527 -1 2 -3 4 -5 -6 7 8 -9 -10 -11 12 -13 -14 15 -16 17 18 19 -20 21 -22 23 24 25 -26 -27 -28 -29 30 31 -32 33 34 -35 36
0xe20080fda374ae3c 12527 -1 2 -3 4 -5 -6 7 8 -9 -10 -11 12 -13 -14 15 -16 17 18 19 -20 21 -22 23 24 25 -26 -27 -28 -29 30 31 -32 33 34 -35 36
0x952784838df52be8 12527 -1 2 -3 4 -5 -6 7 8 -9 -10 -11 12 -13 -14 15 -16 17 18 19 -20 21 -22 23 24 25 -26 -27 -28 -29 30 31 -32 33 34 -35 36
0xff4f171263177481 12527 -1 2 -3 4 -5 -6 7 8 -9 -10 -11 12 -13 -14 15 -16 17 18 19 -20 21 -22 23 24 25 -26 -27 -28 -29 30 31 -32 33 34 -35 36
0x80809e4be9a5bd35 12527 -1 2 -3 4 -5 -6 7 8 -9 -10 -11 12 -13 -14 15 -16 17 18 19 -20 21 -22 23 24 25 -26 -27 -28 -29 30 31 -32 33 34 -35 36
0x7a699965f6b41732 12527 -1 2 -3 4 -5 -6 7 8 -9 -10 -11 12 -13 -14 15 -16 17 18 19 -20 21 -22 23 24 25 -26 -27 -28 -29 30 31 -32 33 34 -35 36
0xf033ecaa6a8d952d 12527 -1 2 -3 4 -5 -6 7 8 -9 -10 -11 12 -13 -14 15 -16 17 18 19 -20 21 -22 23 24 25 -26 -27 -28 -29 30 31 -32 33 34 -35 36
0x35d1fcf58ed100e0 12527 -1 2 -3 4 -5 -6 7 8 -9 -10 -11 12 -13 -14 15 -16 17 18 19 -20 21 -22 23 24 25 -26 -27 -28 -29 30 31 -32 33 34 -35 36
0x27b4e3f9cd88ffff 12527 -1 2 -3 4 -5 -6 7 8 -9 -10 -11 12 -13 -14 15 -16 17 18 19 -20 21 -22 23 24 25 -26 -27 -28 -29 30 31 -32 33 34 -35 36
0x663312dadf6de802 12527 -1 2 -3 4 -5 -6 7 8 -9 -10 -11 12 -13 -14 15 -16 17 18 19 -20 21 -22 23 24 25 -26 -27 -28 -29 30 31 -32 33 34 -35 36