0x6f9b4adef44a1081 15552 -1 2 3 -4 -5 -6 -7 8 -9 10 -11 -12 -13 -14 -15 16 17 18 19 -20 21 -22 -23 24 25 -26 -27 -28 -29 30 31 -32 33 34 -35 36
0x24bf7084114bd022 15552 -1 2 3 -4 -5 -6 -7 8 -9 10 -11 -12 -13 -14 -15 16 17 18 19 -20 21 -22 -23 24 25 -26 -27 -28 -29 30 31 -32 33 34 -35 36
0x87a51f4e66ba8d80 15552 -1 2 3 -4 -5 -6 -7 8 -9 10 -11 -12 -13 -14 -15 16 17 18 19 -20 21 -22 -23 24 25 -26 -27 -28 -29 30 31 -32 33 34 -35 36
0xaf613c5762287436 15552 -1 2 3 -4 -5 -6 -7 8 -9 10 -11 -12 -13 -14 -15 16 17 18 19 -20 21 -22 -23 24 25 -26 -27 -28 -29 30 31 -32 33 34 -35 36
0xe3d3b1da6dd7a290 15552 -1 2 3 -4 -5 -6 -7 8 -9 10 -11 -12 -13 -14 -15 16 17 18 19 -20 21 -22 -23 24 25 -26 -27 -28 -29 30 31 -32 33 34 -35 36
0xb1900e422e4327bb 15552 -1 2 3 -4 -5 -6 -7 8 -9 10 -11 -12 -13 -14 -15 16 17 18 19 -20 21 -22 -23 24 25 -26 -27 -28 -29 30 31 -32 33 34 -35 36
0x4a409f513beb01aa 15552 -1 2 3 -4 -5 -6 -7 8 -9 10 -11 -12 -13 -14 -15 16 17 18 19 -20 21 -22 -23 24 25 -26 -27 -28 -29 30 31 -32 33 34 -35 36
0x4928a59843090a94 15552 -1 2 3 -4 -5 -6 -7 8 -9 10 -11 -12 -13 -14 -15 16 17 18 19 -20 21 -22 -23 24 25 -26 -27 -28 -29 30 31 -32 33 34 -35 36
0x88f95800aa687673 15552 -1 2 3 -4 -5 -6 -7 8 -9 10 -11 -12 -13 -14 -15 16 17 18 19 -20 21 -22 -23 24 25 -26 -27 -28 -29 30 31 -32 33 34 -35 36
0x6557b746af65e086 15552 -1 2 3 -4 -5 -6 -7 8 -9 10 -11 -12 -13 -14 -15 16 17 18 19 -20 21 -22 -23 24 25 -26 -27 -28 -29 30 31 -32 33 34 -35 36
0xb3b131791d5de8ce 15552 -1 2 3 -4 -5 -6 -7 8 -9 10 -11 -12 -13 -14 -15 16 17 18 19 -20 21 -22 -23 24 25 -26 -27 -28 -29 30 31 -32 33 34 -35 36
0x683d157d57106192 15552 -1 2 3 -4 -5 -6 -7 8 -9 10 -11 -12 -13 -14 -15 16 17 18 19 -20 21 -22 -23 24 25 -26 -27 -28 -29 30 31 -32 33 34 -35 36
0x3d48d68950be0cdc 15552 -1 2 3 -4 -5 -6 -7 8 -9 10 -11 -12 -13 -14 -15 16 17 18 19 -20 21 -22 -23 24 25 -26 -27 -28 -29 30 31 -32 33 34 -35 36
0xcc2d1faa5a06e9fc 15552 -1 2 3 -4 -5 -6 -7 8 -9 10 -11 -12 -13 -14 -15 16 17 18 19 -20 21 -22 -23 24 25 -26 -27 -28 -29 30 31 -32 33 34 -35 36
0x5889b7402ecf1303 15552 -1 2 3 -4 -5 -6 -7 8 -9 10 -11 -12 -13 -14 -15 16 17 18 19 -20 21 -22 -23 24 25 -26 -27 -28 -29 30 31 -32 33 34 -35 36
0x17a6327db6b02a47 15552 -1 2 3 -4 -5 -6 -7 8 -9 10 -11 -12 -13 -14 -15 16 17 18 19 -20 21 -22 -23 24 25 -26 -27 -28 -29 30 31 -32 33 34 -35 36
0xa22721b6e345ddb 15552 -1 2 3 -4 -5 -6 -7 8 -9 10 -11 -12 -13 -14 -15 16 17 18 19 -20 21 -22 -23 24 25 -26 -27 -28 -29 30 31 -32 33 34 -35 36
0x5edd116c2610748b 15552 -1 2 3 -4 -5 -6 -7 8 -9 10 -11 -12 -13 -14 -15 16 17 18 19 -20 21 -22 -23 24 25 -26 -27 -28 -29 30 31 -32 33 34 -35 36
0xf5ccf426a9c5c0ac 15552 -1 2 3 -4 -5 -6 -7 8 -9 10 -11 -12 -13 -14 -15 16 17 18 19 -20 21 -22 -23 24 25 -26 -27 -28 -29 30 31 -32 33 34 -35 36
0xd2ab77120dff59cc 15552 -1 2 3 -4 -5 -6 -7 8 -9 10 -11 -12 -13 -14 -15 16 17 18 19 -20 21 -22 -23 24 25 -26 -27 -28 -29 30 31 -32 33 34 -35 36
0x84f9d7b555864905 15552 -1 2 3 -4 -5 -6 -7 8 -9 10 -11 -12 -13 -14 -15 16 17 18 19 -20 21 -22 -23 24 25 -26 -27 -28 -29 30 31 -32 33 34 -35 36
0x863dd5f52ae90777 15552 -1 2 3 -4 -5 -6 -7 8 -9 10 -11 -12 -13 -14 -15 16 17 18 19 -20 21 -22 -23 24 25 -26 -27 -28 -29 30 31 -32 33 34 -35 36
0x2ade717b33fb72d1 15552 -1 2 3 -4 -5 -6 -7 8 -9 10 -11 -12 -13 -14 -15 16 17 18 19 -20 21 -22 -23 24 25 -26 -27 -28 -29 30 31 -32 33 34 -35 36
0x3fa19e3f95e6854a 15552 -1 2 3 -4 -5 -6 -7 8 -9 10 -11 -12 -13 -14 -15 16 17 18 19 -20 21 -22 -23 24 25 -26 -27 -28 -29 30 31 -32 33 34 -35 36
0xa887397174f03c3d 15552 -1 2 3 -4 -5 -6 -7 8 -9 10 -11 -12 -13 -14 -15 16 17 18 19 -20 21 -22 -23 24 25 -26 -27 -28 -29 30 31 -32 33 34 -35 36
0x65447b5b61b3f327 15552 -1 2 3 -4 -5 -6 -7 8 -9 10 -11 -12 -13 -14 -15 16 17 18 19 -20 21 -22 -23 24 25 -26 -27 -28 -29 30 31 -32 33 34 -35 36
0x9da141aad49c9bd5 15552 -1 2 3 -4 -5 -6 -7 8 -9 10 -11 -12 -13 -14 -15 16 17 18 19 -20 21 -22 -23 24 25 -26 -27 -28 -29 30 31 -32 33 34 -35 36
0x83a18026720c1885 15552 -1 2 3 -4 -5 -6 -7 8 -9 10 -11 -12 -13 -14 -15 16 17 18 19 -20 21 -22 -23 24 25 -26 -27 -28 -29 30 31 -32 33 34 -35 36
0xda68049ee0039538 15552 -1 2 3 -4 -5 -6 -7 8 -9 10 -11 -12 -13 -14 -15 16 17 18 19 -20 21 -22 -23 24 25 -26 -27 -28 -29 30 31 -32 33 34 -35 36
0xbd7440c7b8ecaae 15552 -1 2 3 -4 -5 -6 -7 8 -9 10 -11 -12 -13 -14 -15 16 17 18 19 -20 21 -22 -23 24 25 -26 -27 -28 -29 30 31 -32 33 34 -35 36