0xfae88f436416a844 18574 -1 -2 -3 -4 5 -6 7 8 9 -10 11 -12 13 14 15 16 17 -18 19 20 -21 22 23 24 25 -26 -27 28 -29 30 31 32 -33 34 35 36
0x54223f6994f01263 18574 -1 -2 -3 -4 5 -6 7 8 9 -10 11 -12 13 14 15 16 17 -18 19 20 -21 22 23 24 25 -26 -27 28 -29 30 31 32 -33 34 35 36
0x7bd87961a81c1661 18574 -1 -2 -3 -4 5 -6 7 8 9 -10 11 -12 13 14 15 16 17 -18 19 20 -21 22 23 24 25 -26 -27 28 -29 30 31 32 -33 34 35 36
0x3aa59039ae2226b5 18574 -1 -2 -3 -4 5 -6 7 8 9 -10 11 -12 13 14 15 16 17 -18 19 20 -21 22 23 24 25 -26 -27 28 -29 30 31 32 -33 34 35 36
0x8b6d0cba0dd6c736 18574 -1 -2 -3 -4 5 -6 7 8 9 -10 11 -12 13 14 15 16 17 -18 19 20 -21 22 23 24 25 -26 -27 28 -29 30 31 32 -33 34 35 36
0xf1d46fde6490d56e 18574 -1 -2 -3 -4 5 -6 7 8 9 -10 11 -12 13 14 15 16 17 -18 19 20 -21 22 23 24 25 -26 -27 28 -29 30 31 32 -33 34 35 36
0x6c832002008fc5ea 18574 -1 -2 -3 -4 5 -6 7 8 9 -10 11 -12 13 14 15 16 17 -18 19 20 -21 22 23 24 25 -26 -27 28 -29 30 31 32 -33 34 35 36
0x650f2a7014dbed3a 18574 -1 -2 -3 -4 5 -6 7 8 9 -10 11 -12 13 14 15 16 17 -18 19 20 -21 22 23 24 25 -26 -27 28 -29 30 31 32 -33 34 35 36
0x59f6cfc782e8f2ae 18574 -1 -2 -3 -4 5 -6 7 8 9 -10 11 -12 13 14 15 16 17 -18 19 20 -21 22 23 24 25 -26 -27 28 -29 30 31 32 -33 34 35 36
0x6342377f14b43dde 18574 -1 -2 -3 -4 5 -6 7 8 9 -10 11 -12 13 14 15 16 17 -18 19 20 -21 22 23 24 25 -26 -27 28 -29 30 31 32 -33 34 35 36
0xe0f03f68c34cf221 18574 -1 -2 -3 -4 5 -6 7 8 9 -10 11 -12 13 14 15 16 17 -18 19 20 -21 22 23 24 25 -26 -27 28 -29 30 31 32 -33 34 35 36
0x4bd2ce6e05f4b741 18574 -1 -2 -3 -4 5 -6 7 8 9 -10 11 -12 13 14 15 16 17 -18 19 20 -21 22 23 24 25 -26 -27 28 -29 30 31 32 -33 34 35 36
0x745b9b94d51f1f60 18574 -1 -2 -3 -4 5 -6 7 8 9 -10 11 -12 13 14 15 16 17 -18 19 20 -21 22 23 24 25 -26 -27 28 -29 30 31 32 -33 34 35 36
0x7552a3929d02f055 18574 -1 -2 -3 -4 5 -6 7 8 9 -10 11 -12 13 14 15 16 17 -18 19 20 -21 22 23 24 25 -26 -27 28 -29 30 31 32 -33 34 35 36
0xab26c21cf6239dd0 18574 -1 -2 -3 -4 5 -6 7 8 9 -10 11 -12 13 14 15 16 17 -18 19 20 -21 22 23 24 25 -26 -27 28 -29 30 31 32 -33 34 35 36
0xc5d667fcd3870d05 18574 -1 -2 -3 -4 5 -6 7 8 9 -10 11 -12 13 14 15 16 17 -18 19 20 -21 22 23 24 25 -26 -27 28 -29 30 31 32 -33 34 35 36
0xba1db691fa0c4a2d 18574 -1 -2 -3 -4 5 -6 7 8 9 -10 11 -12 13 14 15 16 17 -18 19 20 -21 22 23 24 25 -26 -27 28 -29 30 31 32 -33 34 35 36
0x5c4fc7227a970808 18574 -1 -2 -3 -4 5 -6 7 8 9 -10 11 -12 13 14 15 16 17 -18 19 20 -21 22 23 24 25 -26 -27 28 -29 30 31 32 -33 34 35 36
0x29cd7da8fddc6dc2 18574 -1 -2 -3 -4 5 -6 7 8 9 -10 11 -12 13 14 15 16 17 -18 19 20 -21 22 23 24 25 -26 -27 28 -29 30 31 32 -33 34 35 36
0x8fc4b3b699616da9 18574 -1 -2 -3 -4 5 -6 7 8 9 -10 11 -12 13 14 15 16 17 -18 19 20 -21 22 23 24 25 -26 -27 28 -29 30 31 32 -33 34 35 36
0x670d70230692fa49 18574 -1 -2 -3 -4 5 -6 7 8 9 -10 11 -12 13 14 15 16 17 -18 19 20 -21 22 23 24 25 -26 -27 28 -29 30 31 32 -33 34 35 36
0xa980d2e37e4b67d2 18574 -1 -2 -3 -4 5 -6 7 8 9 -10 11 -12 13 14 15 16 17 -18 19 20 -21 22 23 24 25 -26 -27 28 -29 30 31 32 -33 34 35 36
0x2461d77874d0eab4 18574 -1 -2 -3 -4 5 -6 7 8 9 -10 11 -12 13 14 15 16 17 -18 19 20 -21 22 23 24 25 -26 -27 28 -29 30 31 32 -33 34 35 36
0xd10d489e77859993 18574 -1 -2 -3 -4 5 -6 7 8 9 -10 11 -12 13 14 15 16 17 -18 19 20 -21 22 23 24 25 -26 -27 28 -29 30 31 32 -33 34 35 36
0xa73fd0ed964b89a9 18574 -1 -2 -3 -4 5 -6 7 8 9 -10 11 -12 13 14 15 16 17 -18 19 20 -21 22 23 24 25 -26 -27 28 -29 30 31 32 -33 34 35 36
0xd061bacc24d055b2 18574 -1 -2 -3 -4 5 -6 7 8 9 -10 11 -12 13 14 15 16 17 -18 19 20 -21 22 23 24 25 -26 -27 28 -29 30 31 32 -33 34 35 36
0x898a7cd4d2319020 18574 -1 -2 -3 -4 5 -6 7 8 9 -10 11 -12 13 14 15 16 17 -18 19 20 -21 22 23 24 25 -26 -27 28 -29 30 31 32 -33 34 35 36
0xd85b65860209cd9d 18574 -1 -2 -3 -4 5 -6 7 8 9 -10 11 -12 13 14 15 16 17 -18 19 20 -21 22 23 24 25 -26 -27 28 -29 30 31 32 -33 34 35 36
0x8cfd7b1780cca883 18574 -1 -2 -3 -4 5 -6 7 8 9 -10 11 -12 13 14 15 16 17 -18 19 20 -21 22 23 24 25 -26 -27 28 -29 30 31 32 -33 34 35 36
0xc28504003fe2526 18574 -1 -2 -3 -4 5 -6 7 8 9 -10 11 -12 13 14 15 16 17 -18 19 20 -21 22 23 24 25 -26 -27 28 -29 30 31 32 -33 34 35 36