0xa6222aead8b2001c 16662 -1 2 3 4 -5 6 -7 8 -9 10 11 12 13 14 15 -16 -17 18 -19 20 21 22 23 24 -25 26 -27 -28 29 -30 -31 -32 -33 -34 35 -36
0xb0d5282624a5cc67 16662 -1 2 3 4 -5 6 -7 8 -9 10 11 12 13 14 15 -16 -17 18 -19 20 21 22 23 24 -25 26 -27 -28 29 -30 -31 -32 -33 -34 35 -36
0x30cd2e2bca43c0c3 16662 -1 2 3 4 -5 6 -7 8 -9 10 11 12 13 14 15 -16 -17 18 -19 20 21 22 23 24 -25 26 -27 -28 29 -30 -31 -32 -33 -34 35 -36
0x9ab174be63526b77 16662 -1 2 3 4 -5 6 -7 8 -9 10 11 12 13 14 15 -16 -17 18 -19 20 21 22 23 24 -25 26 -27 -28 29 -30 -31 -32 -33 -34 35 -36
0x18ea4b8f67d00eba 16662 -1 2 3 4 -5 6 -7 8 -9 10 11 12 13 14 15 -16 -17 18 -19 20 21 22 23 24 -25 26 -27 -28 29 -30 -31 -32 -33 -34 35 -36
0x18a09e234612b8a5 16662 -1 2 3 4 -5 6 -7 8 -9 10 11 12 13 14 15 -16 -17 18 -19 20 21 22 23 24 -25 26 -27 -28 29 -30 -31 -32 -33 -34 35 -36
0x4ad455b1950404f 16662 -1 2 3 4 -5 6 -7 8 -9 10 11 12 13 14 15 -16 -17 18 -19 20 21 22 23 24 -25 26 -27 -28 29 -30 -31 -32 -33 -34 35 -36
0xe8ec861872a180ce 16662 -1 2 3 4 -5 6 -7 8 -9 10 11 12 13 14 15 -16 -17 18 -19 20 21 22 23 24 -25 26 -27 -28 29 -30 -31 -32 -33 -34 35 -36
0x6748a6cd78ece767 16662 -1 2 3 4 -5 6 -7 8 -9 10 11 12 13 14 15 -16 -17 18 -19 20 21 22 23 24 -25 26 -27 -28 29 -30 -31 -32 -33 -34 35 -36
0x5f687249da62ec21 16662 -1 2 3 4 -5 6 -7 8 -9 10 11 12 13 14 15 -16 -17 18 -19 20 21 22 23 24 -25 26 -27 -28 29 -30 -31 -32 -33 -34 35 -36
0xdbaded19874bf163 16662 -1 2 3 4 -5 6 -7 8 -9 10 11 12 13 14 15 -16 -17 18 -19 20 21 22 23 24 -25 26 -27 -28 29 -30 -31 -32 -33 -34 35 -36
0xa0f913a6490cf961 16662 -1 2 3 4 -5 6 -7 8 -9 10 11 12 13 14 15 -16 -17 18 -19 20 21 22 23 24 -25 26 -27 -28 29 -30 -31 -32 -33 -34 35 -36
0xc2834ca1ca5bc060 16662 -1 2 3 4 -5 6 -7 8 -9 10 11 12 13 14 15 -16 -17 18 -19 20 21 22 23 24 -25 26 -27 -28 29 -30 -31 -32 -33 -34 35 -36
0x6f0d0a76a4e1b645 16662 -1 2 3 4 -5 6 -7 8 -9 10 11 12 13 14 15 -16 -17 18 -19 20 21 22 23 24 -25 26 -27 -28 29 -30 -31 -32 -33 -34 35 -36
0xe9db1d68dba68cf4 16662 -1 2 3 4 -5 6 -7 8 -9 10 11 12 13 14 15 -16 -17 18 -19 20 21 22 23 24 -25 26 -27 -28 29 -30 -31 -32 -33 -34 35 -36
0x80b9b5d4b09d4997 16662 -1 2 3 4 -5 6 -7 8 -9 10 11 12 13 14 15 -16 -17 18 -19 20 21 22 23 24 -25 26 -27 -28 29 -30 -31 -32 -33 -34 35 -36
0xfa104cc061f1fed3 16662 -1 2 3 4 -5 6 -7 8 -9 10 11 12 13 14 15 -16 -17 18 -19 20 21 22 23 24 -25 26 -27 -28 29 -30 -31 -32 -33 -34 35 -36
0x28c3a017386cc463 16662 -1 2 3 4 -5 6 -7 8 -9 10 11 12 13 14 15 -16 -17 18 -19 20 21 22 23 24 -25 26 -27 -28 29 -30 -31 -32 -33 -34 35 -36
0xf9d34bbccf08b58 16662 -1 2 3 4 -5 6 -7 8 -9 10 11 12 13 14 15 -16 -17 18 -19 20 21 22 23 24 -25 26 -27 -28 29 -30 -31 -32 -33 -34 35 -36
0x7c1da26be6546568 16662 -1 2 3 4 -5 6 -7 8 -9 10 11 12 13 14 15 -16 -17 18 -19 20 21 22 23 24 -25 26 -27 -28 29 -30 -31 -32 -33 -34 35 -36
0x57efb882265188dd 16662 -1 2 3 4 -5 6 -7 8 -9 10 11 12 13 14 15 -16 -17 18 -19 20 21 22 23 24 -25 26 -27 -28 29 -30 -31 -32 -33 -34 35 -36
0xf778bf40d4001b39 16662 -1 2 3 4 -5 6 -7 8 -9 10 11 12 13 14 15 -16 -17 18 -19 20 21 22 23 24 -25 26 -27 -28 29 -30 -31 -32 -33 -34 35 -36
0x574691420e7f86f6 16662 -1 2 3 4 -5 6 -7 8 -9 10 11 12 13 14 15 -16 -17 18 -19 20 21 22 23 24 -25 26 -27 -28 29 -30 -31 -32 -33 -34 35 -36
0x23216351ef85fe04 16662 -1 2 3 4 -5 6 -7 8 -9 10 11 12 13 14 15 -16 -17 18 -19 20 21 22 23 24 -25 26 -27 -28 29 -30 -31 -32 -33 -34 35 -36
0xde1b7c38e81be9e4 16662 -1 2 3 4 -5 6 -7 8 -9 10 11 12 13 14 15 -16 -17 18 -19 20 21 22 23 24 -25 26 -27 -28 29 -30 -31 -32 -33 -34 35 -36
0x71421dc504a6fd54 16662 -1 2 3 4 -5 6 -7 8 -9 10 11 12 13 14 15 -16 -17 18 -19 20 21 22 23 24 -25 26 -27 -28 29 -30 -31 -32 -33 -34 35 -36
0xdfecb8f58c16c0fb 16662 -1 2 3 4 -5 6 -7 8 -9 10 11 12 13 14 15 -16 -17 18 -19 20 21 22 23 24 -25 26 -27 -28 29 -30 -31 -32 -33 -34 35 -36
0x197b84d7504615a4 16662 -1 2 3 4 -5 6 -7 8 -9 10 11 12 13 14 15 -16 -17 18 -19 20 21 22 23 24 -25 26 -27 -28 29 -30 -31 -32 -33 -34 35 -36
0x37d5a0e328db3a27 16662 -1 2 3 4 -5 6 -7 8 -9 10 11 12 13 14 15 -16 -17 18 -19 20 21 22 23 24 -25 26 -27 -28 29 -30 -31 -32 -33 -34 35 -36
0xad7ac511d78c75b3 16662 -1 2 3 4 -5 6 -7 8 -9 10 11 12 13 14 15 -16 -17 18 -19 20 21 22 23 24 -25 26 -27 -28 29 -30 -31 -32 -33 -34 35 -36