0x5cdb78a92c0466af 18360 1 -2 3 4 -5 6 -7 -8 -9 10 11 12 13 14 -15 -16 17 18 -19 20 21 22 23 -24 25 26 27 28 -29 30 -31 32 33 -34 -35 -36
0x7c3e7aed65df339f 18360 1 -2 3 4 -5 6 -7 -8 -9 10 11 12 13 14 -15 -16 17 18 -19 20 21 22 23 -24 25 26 27 28 -29 30 -31 32 33 -34 -35 -36
0xbcac520a6b9f9528 18360 1 -2 3 4 -5 6 -7 -8 -9 10 11 12 13 14 -15 -16 17 18 -19 20 21 22 23 -24 25 26 27 28 -29 30 -31 32 33 -34 -35 -36
0x46a6326cc192af7a 18360 1 -2 3 4 -5 6 -7 -8 -9 10 11 12 13 14 -15 -16 17 18 -19 20 21 22 23 -24 25 26 27 28 -29 30 -31 32 33 -34 -35 -36
0x6ece3a6a682c91db 18360 1 -2 3 4 -5 6 -7 -8 -9 10 11 12 13 14 -15 -16 17 18 -19 20 21 22 23 -24 25 26 27 28 -29 30 -31 32 33 -34 -35 -36
0x1faf9c5d28a9e175 18360 1 -2 3 4 -5 6 -7 -8 -9 10 11 12 13 14 -15 -16 17 18 -19 20 21 22 23 -24 25 26 27 28 -29 30 -31 32 33 -34 -35 -36
0x52bbed11d3deffc4 18360 1 -2 3 4 -5 6 -7 -8 -9 10 11 12 13 14 -15 -16 17 18 -19 20 21 22 23 -24 25 26 27 28 -29 30 -31 32 33 -34 -35 -36
0x88026ff05ff08cd7 18360 1 -2 3 4 -5 6 -7 -8 -9 10 11 12 13 14 -15 -16 17 18 -19 20 21 22 23 -24 25 26 27 28 -29 30 -31 32 33 -34 -35 -36
0x8d7d9977170001bc 18360 1 -2 3 4 -5 6 -7 -8 -9 10 11 12 13 14 -15 -16 17 18 -19 20 21 22 23 -24 25 26 27 28 -29 30 -31 32 33 -34 -35 -36
0xbb1be46fd3544160 18360 1 -2 3 4 -5 6 -7 -8 -9 10 11 12 13 14 -15 -16 17 18 -19 20 21 22 23 -24 25 26 27 28 -29 30 -31 32 33 -34 -35 -36
0xb2bb6708863dbe3d 18360 1 -2 3 4 -5 6 -7 -8 -9 10 11 12 13 14 -15 -16 17 18 -19 20 21 22 23 -24 25 26 27 28 -29 30 -31 32 33 -34 -35 -36
0x4e996e82e83a0c9e 18360 1 -2 3 4 -5 6 -7 -8 -9 10 11 12 13 14 -15 -16 17 18 -19 20 21 22 23 -24 25 26 27 28 -29 30 -31 32 33 -34 -35 -36
0x1256ddb4860068d4 18360 1 -2 3 4 -5 6 -7 -8 -9 10 11 12 13 14 -15 -16 17 18 -19 20 21 22 23 -24 25 26 27 28 -29 30 -31 32 33 -34 -35 -36
0x9f7af88979075cb4 18360 1 -2 3 4 -5 6 -7 -8 -9 10 11 12 13 14 -15 -16 17 18 -19 20 21 22 23 -24 25 26 27 28 -29 30 -31 32 33 -34 -35 -36
0xc0dfbf6c0c941810 18360 1 -2 3 4 -5 6 -7 -8 -9 10 11 12 13 14 -15 -16 17 18 -19 20 21 22 23 -24 25 26 27 28 -29 30 -31 32 33 -34 -35 -36
0xf5c2db69e3b10efa 18360 1 -2 3 4 -5 6 -7 -8 -9 10 11 12 13 14 -15 -16 17 18 -19 20 21 22 23 -24 25 26 27 28 -29 30 -31 32 33 -34 -35 -36
0xad86109465d3ffb3 18360 1 -2 3 4 -5 6 -7 -8 -9 10 11 12 13 14 -15 -16 17 18 -19 20 21 22 23 -24 25 26 27 28 -29 30 -31 32 33 -34 -35 -36
0x1efa17e5b99fd736 18360 1 -2 3 4 -5 6 -7 -8 -9 10 11 12 13 14 -15 -16 17 18 -19 20 21 22 23 -24 25 26 27 28 -29 30 -31 32 33 -34 -35 -36
0x4b412a909eb2a220 18360 1 -2 3 4 -5 6 -7 -8 -9 10 11 12 13 14 -15 -16 17 18 -19 20 21 22 23 -24 25 26 27 28 -29 30 -31 32 33 -34 -35 -36
0xdff94ce9f1ec83bf 18360 1 -2 3 4 -5 6 -7 -8 -9 10 11 12 13 14 -15 -16 17 18 -19 20 21 22 23 -24 25 26 27 28 -29 30 -31 32 33 -34 -35 -36
0xc6ea121140ba4821 18360 1 -2 3 4 -5 6 -7 -8 -9 10 11 12 13 14 -15 -16 17 18 -19 20 21 22 23 -24 25 26 27 28 -29 30 -31 32 33 -34 -35 -36
0xc49f7f077b81073 18360 1 -2 3 4 -5 6 -7 -8 -9 10 11 12 13 14 -15 -16 17 18 -19 20 21 22 23 -24 25 26 27 28 -29 30 -31 32 33 -34 -35 -36
0x4dff9f24a475447e 18360 1 -2 3 4 -5 6 -7 -8 -9 10 11 12 13 14 -15 -16 17 18 -19 20 21 22 23 -24 25 26 27 28 -29 30 -31 32 33 -34 -35 -36
0x664b04204c5f6323 18360 1 -2 3 4 -5 6 -7 -8 -9 10 11 12 13 14 -15 -16 17 18 -19 20 21 22 23 -24 25 26 27 28 -29 30 -31 32 33 -34 -35 -36
0x96c8c824fedc918a 18360 1 -2 3 4 -5 6 -7 -8 -9 10 11 12 13 14 -15 -16 17 18 -19 20 21 22 23 -24 25 26 27 28 -29 30 -31 32 33 -34 -35 -36
0x862bf4cc7d08d89c 18360 1 -2 3 4 -5 6 -7 -8 -9 10 11 12 13 14 -15 -16 17 18 -19 20 21 22 23 -24 25 26 27 28 -29 30 -31 32 33 -34 -35 -36
0xe2308f809883f288 18360 1 -2 3 4 -5 6 -7 -8 -9 10 11 12 13 14 -15 -16 17 18 -19 20 21 22 23 -24 25 26 27 28 -29 30 -31 32 33 -34 -35 -36
0xec64fd01ce95a840 18360 1 -2 3 4 -5 6 -7 -8 -9 10 11 12 13 14 -15 -16 17 18 -19 20 21 22 23 -24 25 26 27 28 -29 30 -31 32 33 -34 -35 -36
0x1a834e5d52ebefb 18360 1 -2 3 4 -5 6 -7 -8 -9 10 11 12 13 14 -15 -16 17 18 -19 20 21 22 23 -24 25 26 27 28 -29 30 -31 32 33 -34 -35 -36
0xa8e63e21b11f99dc 18360 1 -2 3 4 -5 6 -7 -8 -9 10 11 12 13 14 -15 -16 17 18 -19 20 21 22 23 -24 25 26 27 28 -29 30 -31 32 33 -34 -35 -36