0x186e128baa35f149 22064 1 2 3 -4 5 -6 7 8 -9 -10 11 12 -13 14 -15 16 17 18 19 20 21 22 -23 24 -25 26 27 28 29 30 -31 -32 33 -34 35 36
0xf4b7a7f8aeb2f6d2 22064 1 2 3 -4 5 -6 7 8 -9 -10 11 12 -13 14 -15 16 17 18 19 20 21 22 -23 24 -25 26 27 28 29 30 -31 -32 33 -34 35 36
0x9316fff5ed533247 22064 1 2 3 -4 5 -6 7 8 -9 -10 11 12 -13 14 -15 16 17 18 19 20 21 22 -23 24 -25 26 27 28 29 30 -31 -32 33 -34 35 36
0x59f92bb0612e7f88 22064 1 2 3 -4 5 -6 7 8 -9 -10 11 12 -13 14 -15 16 17 18 19 20 21 22 -23 24 -25 26 27 28 29 30 -31 -32 33 -34 35 36
0x2461ffd4998643a2 22064 1 2 3 -4 5 -6 7 8 -9 -10 11 12 -13 14 -15 16 17 18 19 20 21 22 -23 24 -25 26 27 28 29 30 -31 -32 33 -34 35 36
0x8473ebd906d7b89d 22064 1 2 3 -4 5 -6 7 8 -9 -10 11 12 -13 14 -15 16 17 18 19 20 21 22 -23 24 -25 26 27 28 29 30 -31 -32 33 -34 35 36
0x1f5fe73af4cc993f 22064 1 2 3 -4 5 -6 7 8 -9 -10 11 12 -13 14 -15 16 17 18 19 20 21 22 -23 24 -25 26 27 28 29 30 -31 -32 33 -34 35 36
0xf549028d77c321f8 22064 1 2 3 -4 5 -6 7 8 -9 -10 11 12 -13 14 -15 16 17 18 19 20 21 22 -23 24 -25 26 27 28 29 30 -31 -32 33 -34 35 36
0xd41660b4e9bd4f7b 22064 1 2 3 -4 5 -6 7 8 -9 -10 11 12 -13 14 -15 16 17 18 19 20 21 22 -23 24 -25 26 27 28 29 30 -31 -32 33 -34 35 36
0x4f5f135f87b2ccb1 22064 1 2 3 -4 5 -6 7 8 -9 -10 11 12 -13 14 -15 16 17 18 19 20 21 22 -23 24 -25 26 27 28 29 30 -31 -32 33 -34 35 36
0xf5958cde67351893 22064 1 2 3 -4 5 -6 7 8 -9 -10 11 12 -13 14 -15 16 17 18 19 20 21 22 -23 24 -25 26 27 28 29 30 -31 -32 33 -34 35 36
0xa37452e6bd693886 22064 1 2 3 -4 5 -6 7 8 -9 -10 11 12 -13 14 -15 16 17 18 19 20 21 22 -23 24 -25 26 27 28 29 30 -31 -32 33 -34 35 36
0xdca4d92c1fa1be86 22064 1 2 3 -4 5 -6 7 8 -9 -10 11 12 -13 14 -15 16 17 18 19 20 21 22 -23 24 -25 26 27 28 29 30 -31 -32 33 -34 35 36
0x89b282f349133693 22064 1 2 3 -4 5 -6 7 8 -9 -10 11 12 -13 14 -15 16 17 18 19 20 21 22 -23 24 -25 26 27 28 29 30 -31 -32 33 -34 35 36
0x4b592e95be9a8c33 22064 1 2 3 -4 5 -6 7 8 -9 -10 11 12 -13 14 -15 16 17 18 19 20 21 22 -23 24 -25 26 27 28 29 30 -31 -32 33 -34 35 36
0xf9df9102906affec 22064 1 2 3 -4 5 -6 7 8 -9 -10 11 12 -13 14 -15 16 17 18 19 20 21 22 -23 24 -25 26 27 28 29 30 -31 -32 33 -34 35 36
0xd13b613abe89accd 22064 1 2 3 -4 5 -6 7 8 -9 -10 11 12 -13 14 -15 16 17 18 19 20 21 22 -23 24 -25 26 27 28 29 30 -31 -32 33 -34 35 36
0x7ffd53d5713c9de4 22064 1 2 3 -4 5 -6 7 8 -9 -10 11 12 -13 14 -15 16 17 18 19 20 21 22 -23 24 -25 26 27 28 29 30 -31 -32 33 -34 35 36
0x67debb9fb36bd6f 22064 1 2 3 -4 5 -6 7 8 -9 -10 11 12 -13 14 -15 16 17 18 19 20 21 22 -23 24 -25 26 27 28 29 30 -31 -32 33 -34 35 36
0xd310ef9ad116cf34 22064 1 2 3 -4 5 -6 7 8 -9 -10 11 12 -13 14 -15 16 17 18 19 20 21 22 -23 24 -25 26 27 28 29 30 -31 -32 33 -34 35 36
0x40c0240e7fe921f7 22064 1 2 3 -4 5 -6 7 8 -9 -10 11 12 -13 14 -15 16 17 18 19 20 21 22 -23 24 -25 26 27 28 29 30 -31 -32 33 -34 35 36
0xafa265f941e04fad 22064 1 2 3 -4 5 -6 7 8 -9 -10 11 12 -13 14 -15 16 17 18 19 20 21 22 -23 24 -25 26 27 28 29 30 -31 -32 33 -34 35 36
0x889458e985a677a2 22064 1 2 3 -4 5 -6 7 8 -9 -10 11 12 -13 14 -15 16 17 18 19 20 21 22 -23 24 -25 26 27 28 29 30 -31 -32 33 -34 35 36
0x8c8d7d90d354cd9b 22064 1 2 3 -4 5 -6 7 8 -9 -10 11 12 -13 14 -15 16 17 18 19 20 21 22 -23 24 -25 26 27 28 29 30 -31 -32 33 -34 35 36
0x3e2ba463f162715d 22064 1 2 3 -4 5 -6 7 8 -9 -10 11 12 -13 14 -15 16 17 18 19 20 21 22 -23 24 -25 26 27 28 29 30 -31 -32 33 -34 35 36
0xb5620372aa029fb6 22064 1 2 3 -4 5 -6 7 8 -9 -10 11 12 -13 14 -15 16 17 18 19 20 21 22 -23 24 -25 26 27 28 29 30 -31 -32 33 -34 35 36
0x8af86a6994368fd4 22064 1 2 3 -4 5 -6 7 8 -9 -10 11 12 -13 14 -15 16 17 18 19 20 21 22 -23 24 -25 26 27 28 29 30 -31 -32 33 -34 35 36
0xa83da2ba0a67fff7 22064 1 2 3 -4 5 -6 7 8 -9 -10 11 12 -13 14 -15 16 17 18 19 20 21 22 -23 24 -25 26 27 28 29 30 -31 -32 33 -34 35 36
0x42f2db5a21b4ab77 22064 1 2 3 -4 5 -6 7 8 -9 -10 11 12 -13 14 -15 16 17 18 19 20 21 22 -23 24 -25 26 27 28 29 30 -31 -32 33 -34 35 36
0xb570c34e12ef1239 22064 1 2 3 -4 5 -6 7 8 -9 -10 11 12 -13 14 -15 16 17 18 19 20 21 22 -23 24 -25 26 27 28 29 30 -31 -32 33 -34 35 36