0xc0b788a0132f4e99 15761 1 2 -3 4 5 6 7 -8 -9 -10 11 -12 -13 14 -15 -16 17 18 19 20 21 22 23 -24 25 -26 27 28 -29 30 -31 -32 33 34 35 36
0x24032238ced8ccbe 15761 1 2 -3 4 5 6 7 -8 -9 -10 11 -12 -13 14 -15 -16 17 18 19 20 21 22 23 -24 25 -26 27 28 -29 30 -31 -32 33 34 35 36
0x9d8b5c6d73edf55b 15761 1 2 -3 4 5 6 7 -8 -9 -10 11 -12 -13 14 -15 -16 17 18 19 20 21 22 23 -24 25 -26 27 28 -29 30 -31 -32 33 34 35 36
0x6229b0d4cb482804 15761 1 2 -3 4 5 6 7 -8 -9 -10 11 -12 -13 14 -15 -16 17 18 19 20 21 22 23 -24 25 -26 27 28 -29 30 -31 -32 33 34 35 36
0x943ee7166d7ed0e7 15761 1 2 -3 4 5 6 7 -8 -9 -10 11 -12 -13 14 -15 -16 17 18 19 20 21 22 23 -24 25 -26 27 28 -29 30 -31 -32 33 34 35 36
0x32d2d3e39c60ebe1 15761 1 2 -3 4 5 6 7 -8 -9 -10 11 -12 -13 14 -15 -16 17 18 19 20 21 22 23 -24 25 -26 27 28 -29 30 -31 -32 33 34 35 36
0xdbb4c41714c3fff 15761 1 2 -3 4 5 6 7 -8 -9 -10 11 -12 -13 14 -15 -16 17 18 19 20 21 22 23 -24 25 -26 27 28 -29 30 -31 -32 33 34 35 36
0x75e9d2efb5b0fd88 15761 1 2 -3 4 5 6 7 -8 -9 -10 11 -12 -13 14 -15 -16 17 18 19 20 21 22 23 -24 25 -26 27 28 -29 30 -31 -32 33 34 35 36
0xfecbb8d26fa2a21d 15761 1 2 -3 4 5 6 7 -8 -9 -10 11 -12 -13 14 -15 -16 17 18 19 20 21 22 23 -24 25 -26 27 28 -29 30 -31 -32 33 34 35 36
0x1fc06b86dee55bed 15761 1 2 -3 4 5 6 7 -8 -9 -10 11 -12 -13 14 -15 -16 17 18 19 20 21 22 23 -24 25 -26 27 28 -29 30 -31 -32 33 34 35 36
0x2a834b51615a7300 15761 1 2 -3 4 5 6 7 -8 -9 -10 11 -12 -13 14 -15 -16 17 18 19 20 21 22 23 -24 25 -26 27 28 -29 30 -31 -32 33 34 35 36
0x41cc9a694bc9e5f4 15761 1 2 -3 4 5 6 7 -8 -9 -10 11 -12 -13 14 -15 -16 17 18 19 20 21 22 23 -24 25 -26 27 28 -29 30 -31 -32 33 34 35 36
0x5454c97863bbb2c8 15761 1 2 -3 4 5 6 7 -8 -9 -10 11 -12 -13 14 -15 -16 17 18 19 20 21 22 23 -24 25 -26 27 28 -29 30 -31 -32 33 34 35 36
0x3c1c771d6aaca064 15761 1 2 -3 4 5 6 7 -8 -9 -10 11 -12 -13 14 -15 -16 17 18 19 20 21 22 23 -24 25 -26 27 28 -29 30 -31 -32 33 34 35 36
0x7d9ff7c06e9f515 15761 1 2 -3 4 5 6 7 -8 -9 -10 11 -12 -13 14 -15 -16 17 18 19 20 21 22 23 -24 25 -26 27 28 -29 30 -31 -32 33 34 35 36
0xa5a217673c5b8ec8 15761 1 2 -3 4 5 6 7 -8 -9 -10 11 -12 -13 14 -15 -16 17 18 19 20 21 22 23 -24 25 -26 27 28 -29 30 -31 -32 33 34 35 36
0x464348bcc8dcf7cc 15761 1 2 -3 4 5 6 7 -8 -9 -10 11 -12 -13 14 -15 -16 17 18 19 20 21 22 23 -24 25 -26 27 28 -29 30 -31 -32 33 34 35 36
0x78bc6b065639f320 15761 1 2 -3 4 5 6 7 -8 -9 -10 11 -12 -13 14 -15 -16 17 18 19 20 21 22 23 -24 25 -26 27 28 -29 30 -31 -32 33 34 35 36
0x3c42e679bad373c7 15761 1 2 -3 4 5 6 7 -8 -9 -10 11 -12 -13 14 -15 -16 17 18 19 20 21 22 23 -24 25 -26 27 28 -29 30 -31 -32 33 34 35 36
0x84de6ed3e1c751f3 15761 1 2 -3 4 5 6 7 -8 -9 -10 11 -12 -13 14 -15 -16 17 18 19 20 21 22 23 -24 25 -26 27 28 -29 30 -31 -32 33 34 35 36
0x9a7a8d97b96ff3b0 15761 1 2 -3 4 5 6 7 -8 -9 -10 11 -12 -13 14 -15 -16 17 18 19 20 21 22 23 -24 25 -26 27 28 -29 30 -31 -32 33 34 35 36
0xb4405865f9befaca 15761 1 2 -3 4 5 6 7 -8 -9 -10 11 -12 -13 14 -15 -16 17 18 19 20 21 22 23 -24 25 -26 27 28 -29 30 -31 -32 33 34 35 36
0x4945b44eee293eb8 15761 1 2 -3 4 5 6 7 -8 -9 -10 11 -12 -13 14 -15 -16 17 18 19 20 21 22 23 -24 25 -26 27 28 -29 30 -31 -32 33 34 35 36
0x714c7859fc9ff5cb 15761 1 2 -3 4 5 6 7 -8 -9 -10 11 -12 -13 14 -15 -16 17 18 19 20 21 22 23 -24 25 -26 27 28 -29 30 -31 -32 33 34 35 36
0xd19c21283cd717fe 15761 1 2 -3 4 5 6 7 -8 -9 -10 11 -12 -13 14 -15 -16 17 18 19 20 21 22 23 -24 25 -26 27 28 -29 30 -31 -32 33 34 35 36
0xd709f691525995e9 15761 1 2 -3 4 5 6 7 -8 -9 -10 11 -12 -13 14 -15 -16 17 18 19 20 21 22 23 -24 25 -26 27 28 -29 30 -31 -32 33 34 35 36
0xfde37da401d12748 15761 1 2 -3 4 5 6 7 -8 -9 -10 11 -12 -13 14 -15 -16 17 18 19 20 21 22 23 -24 25 -26 27 28 -29 30 -31 -32 33 34 35 36
0x138c01ef9e3bc78 15761 1 2 -3 4 5 6 7 -8 -9 -10 11 -12 -13 14 -15 -16 17 18 19 20 21 22 23 -24 25 -26 27 28 -29 30 -31 -32 33 34 35 36
0x1e7c9b3d1da32085 15761 1 2 -3 4 5 6 7 -8 -9 -10 11 -12 -13 14 -15 -16 17 18 19 20 21 22 23 -24 25 -26 27 28 -29 30 -31 -32 33 34 35 36
0x6f60c004061c8c5e 15373 1 2 -3 4 5 6 7 -8 -9 -10 11 -12 -13 14 -15 -16 17 18 19 20 21 22 23 -24 25 -26 27 -28 -29 30 -31 -32 33 34 35 36