0xa38794016676aaa 15164 1 2 3 4 -5 6 -7 8 -9 10 -11 -12 13 -14 15 16 17 18 -19 20 21 22 23 -24 -25 26 27 28 29 -30 31 -32 33 34 -35 -36
0x8dfb4d6f0b65ac49 15164 1 2 3 4 -5 6 -7 8 -9 10 -11 -12 13 -14 15 16 17 18 -19 20 21 22 23 -24 -25 26 27 28 29 -30 31 -32 33 34 -35 -36
0x9f7c7a747cf87485 15164 1 2 3 4 -5 6 -7 8 -9 10 -11 -12 13 -14 15 16 17 18 -19 20 21 22 23 -24 -25 26 27 28 29 -30 31 -32 33 34 -35 -36
0x28c064c75f9870cc 15164 1 2 3 4 -5 6 -7 8 -9 10 -11 -12 13 -14 15 16 17 18 -19 20 21 22 23 -24 -25 26 27 28 29 -30 31 -32 33 34 -35 -36
0x53a3d82873a550d9 15164 1 2 3 4 -5 6 -7 8 -9 10 -11 -12 13 -14 15 16 17 18 -19 20 21 22 23 -24 -25 26 27 28 29 -30 31 -32 33 34 -35 -36
0xf52adb466327fd13 15164 1 2 3 4 -5 6 -7 8 -9 10 -11 -12 13 -14 15 16 17 18 -19 20 21 22 23 -24 -25 26 27 28 29 -30 31 -32 33 34 -35 -36
0xda419666f3dc1f39 15164 1 2 3 4 -5 6 -7 8 -9 10 -11 -12 13 -14 15 16 17 18 -19 20 21 22 23 -24 -25 26 27 28 29 -30 31 -32 33 34 -35 -36
0x6d7a501e06a1da41 15164 1 2 3 4 -5 6 -7 8 -9 10 -11 -12 13 -14 15 16 17 18 -19 20 21 22 23 -24 -25 26 27 28 29 -30 31 -32 33 34 -35 -36
0xc39beb2a9dadfd22 15164 1 2 3 4 -5 6 -7 8 -9 10 -11 -12 13 -14 15 16 17 18 -19 20 21 22 23 -24 -25 26 27 28 29 -30 31 -32 33 34 -35 -36
0x252db7274f02e499 14942 1 2 3 4 -5 6 -7 8 -9 -10 -11 -12 13 -14 15 16 17 18 -19 20 21 22 23 -24 -25 26 27 28 29 -30 31 -32 33 34 -35 -36
0x6b3abdd374944be5 15164 1 2 3 4 -5 6 -7 8 -9 10 -11 -12 13 -14 15 16 17 18 -19 20 21 22 23 -24 -25 26 27 28 29 -30 31 -32 33 34 -35 -36
0x4ed51d58b59710a5 15164 1 2 3 4 -5 6 -7 8 -9 10 -11 -12 13 -14 15 16 17 18 -19 20 21 22 23 -24 -25 26 27 28 29 -30 31 -32 33 34 -35 -36
0xee1e823b45abb244 15164 1 2 3 4 -5 6 -7 8 -9 10 -11 -12 13 -14 15 16 17 18 -19 20 21 22 23 -24 -25 26 27 28 29 -30 31 -32 33 34 -35 -36
0xa8657a957086867a 15164 1 2 3 4 -5 6 -7 8 -9 10 -11 -12 13 -14 15 16 17 18 -19 20 21 22 23 -24 -25 26 27 28 29 -30 31 -32 33 34 -35 -36
0xc8f164c6c5e445c5 15164 1 2 3 4 -5 6 -7 8 -9 10 -11 -12 13 -14 15 16 17 18 -19 20 21 22 23 -24 -25 26 27 28 29 -30 31 -32 33 34 -35 -36
0xc79d9b1fc1928755 15164 1 2 3 4 -5 6 -7 8 -9 10 -11 -12 13 -14 15 16 17 18 -19 20 21 22 23 -24 -25 26 27 28 29 -30 31 -32 33 34 -35 -36
0x45ed179b4e5106d3 15164 1 2 3 4 -5 6 -7 8 -9 10 -11 -12 13 -14 15 16 17 18 -19 20 21 22 23 -24 -25 26 27 28 29 -30 31 -32 33 34 -35 -36
0x87370265e42ea74 14942 1 2 3 4 -5 6 -7 8 -9 -10 -11 -12 13 -14 15 16 17 18 -19 20 21 22 23 -24 -25 26 27 28 29 -30 31 -32 33 34 -35 -36
0x427bfc3459253226 15164 1 2 3 4 -5 6 -7 8 -9 10 -11 -12 13 -14 15 16 17 18 -19 20 21 22 23 -24 -25 26 27 28 29 -30 31 -32 33 34 -35 -36
0x6bc802bd7c549c44 15164 1 2 3 4 -5 6 -7 8 -9 10 -11 -12 13 -14 15 16 17 18 -19 20 21 22 23 -24 -25 26 27 28 29 -30 31 -32 33 34 -35 -36
0x8aee661e8087db50 15164 1 2 3 4 -5 6 -7 8 -9 10 -11 -12 13 -14 15 16 17 18 -19 20 21 22 23 -24 -25 26 27 28 29 -30 31 -32 33 34 -35 -36
0x8a4c5448fc87e47d 15164 1 2 3 4 -5 6 -7 8 -9 10 -11 -12 13 -14 15 16 17 18 -19 20 21 22 23 -24 -25 26 27 28 29 -30 31 -32 33 34 -35 -36
0x678f123f0984ea3d 15164 1 2 3 4 -5 6 -7 8 -9 10 -11 -12 13 -14 15 16 17 18 -19 20 21 22 23 -24 -25 26 27 28 29 -30 31 -32 33 34 -35 -36
0x1ddc589a199a1fe1 15164 1 2 3 4 -5 6 -7 8 -9 10 -11 -12 13 -14 15 16 17 18 -19 20 21 22 23 -24 -25 26 27 28 29 -30 31 -32 33 34 -35 -36
0xd22ae941b0fdced0 15164 1 2 3 4 -5 6 -7 8 -9 10 -11 -12 13 -14 15 16 17 18 -19 20 21 22 23 -24 -25 26 27 28 29 -30 31 -32 33 34 -35 -36
0xd0fc19557617a595 15164 1 2 3 4 -5 6 -7 8 -9 10 -11 -12 13 -14 15 16 17 18 -19 20 21 22 23 -24 -25 26 27 28 29 -30 31 -32 33 34 -35 -36
0x94c58a18da76960 15164 1 2 3 4 -5 6 -7 8 -9 10 -11 -12 13 -14 15 16 17 18 -19 20 21 22 23 -24 -25 26 27 28 29 -30 31 -32 33 34 -35 -36
0x83aa09307f1bb785 15164 1 2 3 4 -5 6 -7 8 -9 10 -11 -12 13 -14 15 16 17 18 -19 20 21 22 23 -24 -25 26 27 28 29 -30 31 -32 33 34 -35 -36
0x3ad115de61d46599 15164 1 2 3 4 -5 6 -7 8 -9 10 -11 -12 13 -14 15 16 17 18 -19 20 21 22 23 -24 -25 26 27 28 29 -30 31 -32 33 34 -35 -36
0xf97af0585511b069 15164 1 2 3 4 -5 6 -7 8 -9 10 -11 -12 13 -14 15 16 17 18 -19 20 21 22 23 -24 -25 26 27 28 29 -30 31 -32 33 34 -35 -36