0xec46938149a9cda4 11460 -1 -2 3 4 5 6 -7 -8 -9 -10 11 -12 -13 14 -15 -16 17 -18 19 20 21 22 -23 -24 25 -26 27 28 -29 -30 31 32 -33 34 35 36
0x28ab1cc8078a2ebb 11460 -1 -2 3 4 5 6 -7 -8 -9 -10 11 -12 -13 14 -15 -16 17 -18 19 20 21 22 -23 -24 25 -26 27 28 -29 -30 31 32 -33 34 35 36
0xa51dc3a10a9ce378 11460 -1 -2 3 4 5 6 -7 -8 -9 -10 11 -12 -13 14 -15 -16 17 -18 19 20 21 22 -23 -24 25 -26 27 28 -29 -30 31 32 -33 34 35 36
0x550ef53e25029fc4 11460 -1 -2 3 4 5 6 -7 -8 -9 -10 11 -12 -13 14 -15 -16 17 -18 19 20 21 22 -23 -24 25 -26 27 28 -29 -30 31 32 -33 34 35 36
0x2b63c7c616433f6d 11460 -1 -2 3 4 5 6 -7 -8 -9 -10 11 -12 -13 14 -15 -16 17 -18 19 20 21 22 -23 -24 25 -26 27 28 -29 -30 31 32 -33 34 35 36
0xcfca69d5666e3fa4 11460 -1 -2 3 4 5 6 -7 -8 -9 -10 11 -12 -13 14 -15 -16 17 -18 19 20 21 22 -23 -24 25 -26 27 28 -29 -30 31 32 -33 34 35 36
0x41d3e1f7841e487e 11460 -1 -2 3 4 5 6 -7 -8 -9 -10 11 -12 -13 14 -15 -16 17 -18 19 20 21 22 -23 -24 25 -26 27 28 -29 -30 31 32 -33 34 35 36
0x85a11e331015c676 11460 -1 -2 3 4 5 6 -7 -8 -9 -10 11 -12 -13 14 -15 -16 17 -18 19 20 21 22 -23 -24 25 -26 27 28 -29 -30 31 32 -33 34 35 36
0xe131537c6b6a93e7 11460 -1 -2 3 4 5 6 -7 -8 -9 -10 11 -12 -13 14 -15 -16 17 -18 19 20 21 22 -23 -24 25 -26 27 28 -29 -30 31 32 -33 34 35 36
0x149fad3edf76b294 11460 -1 -2 3 4 5 6 -7 -8 -9 -10 11 -12 -13 14 -15 -16 17 -18 19 20 21 22 -23 -24 25 -26 27 28 -29 -30 31 32 -33 34 35 36
0x52de4cdb11041523 11460 -1 -2 3 4 5 6 -7 -8 -9 -10 11 -12 -13 14 -15 -16 17 -18 19 20 21 22 -23 -24 25 -26 27 28 -29 -30 31 32 -33 34 35 36
0x93bc9921e269789b 11460 -1 -2 3 4 5 6 -7 -8 -9 -10 11 -12 -13 14 -15 -16 17 -18 19 20 21 22 -23 -24 25 -26 27 28 -29 -30 31 32 -33 34 35 36
0x2346dddb728e4dec 11460 -1 -2 3 4 5 6 -7 -8 -9 -10 11 -12 -13 14 -15 -16 17 -18 19 20 21 22 -23 -24 25 -26 27 28 -29 -30 31 32 -33 34 35 36
0x15cd3b3f890bb365 11460 -1 -2 3 4 5 6 -7 -8 -9 -10 11 -12 -13 14 -15 -16 17 -18 19 20 21 22 -23 -24 25 -26 27 28 -29 -30 31 32 -33 34 35 36
0x831fe58279e07e3d 11460 -1 -2 3 4 5 6 -7 -8 -9 -10 11 -12 -13 14 -15 -16 17 -18 19 20 21 22 -23 -24 25 -26 27 28 -29 -30 31 32 -33 34 35 36
0x3a6878489841424f 11460 -1 -2 3 4 5 6 -7 -8 -9 -10 11 -12 -13 14 -15 -16 17 -18 19 20 21 22 -23 -24 25 -26 27 28 -29 -30 31 32 -33 34 35 36
0x898e461c64e5b15 11460 -1 -2 3 4 5 6 -7 -8 -9 -10 11 -12 -13 14 -15 -16 17 -18 19 20 21 22 -23 -24 25 -26 27 28 -29 -30 31 32 -33 34 35 36
0x6e1acbd1265aaff3 11460 -1 -2 3 4 5 6 -7 -8 -9 -10 11 -12 -13 14 -15 -16 17 -18 19 20 21 22 -23 -24 25 -26 27 28 -29 -30 31 32 -33 34 35 36
0xbc6807bf9e661a8a 11460 -1 -2 3 4 5 6 -7 -8 -9 -10 11 -12 -13 14 -15 -16 17 -18 19 20 21 22 -23 -24 25 -26 27 28 -29 -30 31 32 -33 34 35 36
0x62135dfbb6aab3d1 11460 -1 -2 3 4 5 6 -7 -8 -9 -10 11 -12 -13 14 -15 -16 17 -18 19 20 21 22 -23 -24 25 -26 27 28 -29 -30 31 32 -33 34 35 36
0x755101d9fd818b93 11460 -1 -2 3 4 5 6 -7 -8 -9 -10 11 -12 -13 14 -15 -16 17 -18 19 20 21 22 -23 -24 25 -26 27 28 -29 -30 31 32 -33 34 35 36
0x2753b2e10542f511 11460 -1 -2 3 4 5 6 -7 -8 -9 -10 11 -12 -13 14 -15 -16 17 -18 19 20 21 22 -23 -24 25 -26 27 28 -29 -30 31 32 -33 34 35 36
0x6fe783a99ea39b0f 11460 -1 -2 3 4 5 6 -7 -8 -9 -10 11 -12 -13 14 -15 -16 17 -18 19 20 21 22 -23 -24 25 -26 27 28 -29 -30 31 32 -33 34 35 36
0x24a3ea45a35c5575 11460 -1 -2 3 4 5 6 -7 -8 -9 -10 11 -12 -13 14 -15 -16 17 -18 19 20 21 22 -23 -24 25 -26 27 28 -29 -30 31 32 -33 34 35 36
0x789ea7090b7c627a 11460 -1 -2 3 4 5 6 -7 -8 -9 -10 11 -12 -13 14 -15 -16 17 -18 19 20 21 22 -23 -24 25 -26 27 28 -29 -30 31 32 -33 34 35 36
0x4dccb09f76d18c6a 11460 -1 -2 3 4 5 6 -7 -8 -9 -10 11 -12 -13 14 -15 -16 17 -18 19 20 21 22 -23 -24 25 -26 27 28 -29 -30 31 32 -33 34 35 36
0xcf40a73af3cfac44 11460 -1 -2 3 4 5 6 -7 -8 -9 -10 11 -12 -13 14 -15 -16 17 -18 19 20 21 22 -23 -24 25 -26 27 28 -29 -30 31 32 -33 34 35 36
0x35ddbd433282fdd4 11407 -1 -2 3 4 5 6 -7 -8 -9 10 11 -12 -13 14 -15 -16 17 -18 19 20 21 22 -23 -24 25 -26 27 28 -29 -30 -31 32 -33 34 35 36
0xe5daae417fd29994 11460 -1 -2 3 4 5 6 -7 -8 -9 -10 11 -12 -13 14 -15 -16 17 -18 19 20 21 22 -23 -24 25 -26 27 28 -29 -30 31 32 -33 34 35 36
0xa97cac5a916bc459 11460 -1 -2 3 4 5 6 -7 -8 -9 -10 11 -12 -13 14 -15 -16 17 -18 19 20 21 22 -23 -24 25 -26 27 28 -29 -30 31 32 -33 34 35 36