0xc34a6be3cc7c6866 13604 -1 2 -3 -4 -5 6 7 -8 9 -10 11 12 -13 14 15 16 -17 18 19 20 21 22 23 24 25 26 27 28 29 -30 31 32 -33 34 -35 -36
0x3eba6d22df80771a 13604 -1 2 -3 -4 -5 6 7 -8 9 -10 11 12 -13 14 15 16 -17 18 19 20 21 22 23 24 25 26 27 28 29 -30 31 32 -33 34 -35 -36
0x2acefe04d50be6c0 13604 -1 2 -3 -4 -5 6 7 -8 9 -10 11 12 -13 14 15 16 -17 18 19 20 21 22 23 24 25 26 27 28 29 -30 31 32 -33 34 -35 -36
0xaf9c520ccaf56220 13604 -1 2 -3 -4 -5 6 7 -8 9 -10 11 12 -13 14 15 16 -17 18 19 20 21 22 23 24 25 26 27 28 29 -30 31 32 -33 34 -35 -36
0xb61f65c87167df5b 13604 -1 2 -3 -4 -5 6 7 -8 9 -10 11 12 -13 14 15 16 -17 18 19 20 21 22 23 24 25 26 27 28 29 -30 31 32 -33 34 -35 -36
0x1062f716d36a765b 13604 -1 2 -3 -4 -5 6 7 -8 9 -10 11 12 -13 14 15 16 -17 18 19 20 21 22 23 24 25 26 27 28 29 -30 31 32 -33 34 -35 -36
0x5acfd0b7b3858e93 13604 -1 2 -3 -4 -5 6 7 -8 9 -10 11 12 -13 14 15 16 -17 18 19 20 21 22 23 24 25 26 27 28 29 -30 31 32 -33 34 -35 -36
0xc90e2dc6517f3443 13604 -1 2 -3 -4 -5 6 7 -8 9 -10 11 12 -13 14 15 16 -17 18 19 20 21 22 23 24 25 26 27 28 29 -30 31 32 -33 34 -35 -36
0xdfb7973151e76c15 13604 -1 2 -3 -4 -5 6 7 -8 9 -10 11 12 -13 14 15 16 -17 18 19 20 21 22 23 24 25 26 27 28 29 -30 31 32 -33 34 -35 -36
0xe9d666e26c026a96 13604 -1 2 -3 -4 -5 6 7 -8 9 -10 11 12 -13 14 15 16 -17 18 19 20 21 22 23 24 25 26 27 28 29 -30 31 32 -33 34 -35 -36
0x9b31373314140db6 13604 -1 2 -3 -4 -5 6 7 -8 9 -10 11 12 -13 14 15 16 -17 18 19 20 21 22 23 24 25 26 27 28 29 -30 31 32 -33 34 -35 -36
0x7d263dfd1934591d 13604 -1 2 -3 -4 -5 6 7 -8 9 -10 11 12 -13 14 15 16 -17 18 19 20 21 22 23 24 25 26 27 28 29 -30 31 32 -33 34 -35 -36
0xa72ba2add527d3c9 13604 -1 2 -3 -4 -5 6 7 -8 9 -10 11 12 -13 14 15 16 -17 18 19 20 21 22 23 24 25 26 27 28 29 -30 31 32 -33 34 -35 -36
0x2c464dbbf1c3e9c5 13604 -1 2 -3 -4 -5 6 7 -8 9 -10 11 12 -13 14 15 16 -17 18 19 20 21 22 23 24 25 26 27 28 29 -30 31 32 -33 34 -35 -36
0x89de8c7cad572fe2 13604 -1 2 -3 -4 -5 6 7 -8 9 -10 11 12 -13 14 15 16 -17 18 19 20 21 22 23 24 25 26 27 28 29 -30 31 32 -33 34 -35 -36
0xdeded94454cb55b0 13604 -1 2 -3 -4 -5 6 7 -8 9 -10 11 12 -13 14 15 16 -17 18 19 20 21 22 23 24 25 26 27 28 29 -30 31 32 -33 34 -35 -36
0xa6e611d6ede7c3df 13604 -1 2 -3 -4 -5 6 7 -8 9 -10 11 12 -13 14 15 16 -17 18 19 20 21 22 23 24 25 26 27 28 29 -30 31 32 -33 34 -35 -36
0xd6e4a0b28b07ca72 13604 -1 2 -3 -4 -5 6 7 -8 9 -10 11 12 -13 14 15 16 -17 18 19 20 21 22 23 24 25 26 27 28 29 -30 31 32 -33 34 -35 -36
0x8ae70b1ff82d74e9 13604 -1 2 -3 -4 -5 6 7 -8 9 -10 11 12 -13 14 15 16 -17 18 19 20 21 22 23 24 25 26 27 28 29 -30 31 32 -33 34 -35 -36
0x960bcb0b35885a57 13604 -1 2 -3 -4 -5 6 7 -8 9 -10 11 12 -13 14 15 16 -17 18 19 20 21 22 23 24 25 26 27 28 29 -30 31 32 -33 34 -35 -36
0xec90f917aa16e19e 13604 -1 2 -3 -4 -5 6 7 -8 9 -10 11 12 -13 14 15 16 -17 18 19 20 21 22 23 24 25 26 27 28 29 -30 31 32 -33 34 -35 -36
0x282cc47c173dd5a2 13604 -1 2 -3 -4 -5 6 7 -8 9 -10 11 12 -13 14 15 16 -17 18 19 20 21 22 23 24 25 26 27 28 29 -30 31 32 -33 34 -35 -36
0xb9396305b7631222 13604 -1 2 -3 -4 -5 6 7 -8 9 -10 11 12 -13 14 15 16 -17 18 19 20 21 22 23 24 25 26 27 28 29 -30 31 32 -33 34 -35 -36
0xb685cc7001be76ee 13604 -1 2 -3 -4 -5 6 7 -8 9 -10 11 12 -13 14 15 16 -17 18 19 20 21 22 23 24 25 26 27 28 29 -30 31 32 -33 34 -35 -36
0xaeb55c6b01b3aabe 13604 -1 2 -3 -4 -5 6 7 -8 9 -10 11 12 -13 14 15 16 -17 18 19 20 21 22 23 24 25 26 27 28 29 -30 31 32 -33 34 -35 -36
0x38ed621929a534a9 13604 -1 2 -3 -4 -5 6 7 -8 9 -10 11 12 -13 14 15 16 -17 18 19 20 21 22 23 24 25 26 27 28 29 -30 31 32 -33 34 -35 -36
0x93e7e7ef33cf0beb 13604 -1 2 -3 -4 -5 6 7 -8 9 -10 11 12 -13 14 15 16 -17 18 19 20 21 22 23 24 25 26 27 28 29 -30 31 32 -33 34 -35 -36
0xfda93db8481d4c6f 13604 -1 2 -3 -4 -5 6 7 -8 9 -10 11 12 -13 14 15 16 -17 18 19 20 21 22 23 24 25 26 27 28 29 -30 31 32 -33 34 -35 -36
0x80143e2810ed37be 13604 -1 2 -3 -4 -5 6 7 -8 9 -10 11 12 -13 14 15 16 -17 18 19 20 21 22 23 24 25 26 27 28 29 -30 31 32 -33 34 -35 -36
0x4b32189cb580d00f 13604 -1 2 -3 -4 -5 6 7 -8 9 -10 11 12 -13 14 15 16 -17 18 19 20 21 22 23 24 25 26 27 28 29 -30 31 32 -33 34 -35 -36