0x549392ba91030f79 13642 1 -2 3 4 5 6 7 -8 9 10 11 12 13 14 15 16 -17 18 19 -20 -21 22 23 24 -25 -26 -27 28 29 -30 -31 32 33 -34 -35 -36
0x61f266f74c2be027 13642 1 -2 3 4 5 6 7 -8 9 10 11 12 13 14 15 16 -17 18 19 -20 -21 22 23 24 -25 -26 -27 28 29 -30 -31 32 33 -34 -35 -36
0xc693d82b407ec83b 13642 1 -2 3 4 5 6 7 -8 9 10 11 12 13 14 15 16 -17 18 19 -20 -21 22 23 24 -25 -26 -27 28 29 -30 -31 32 33 -34 -35 -36
0x4177c50c8a0a4d3c 13642 1 -2 3 4 5 6 7 -8 9 10 11 12 13 14 15 16 -17 18 19 -20 -21 22 23 24 -25 -26 -27 28 29 -30 -31 32 33 -34 -35 -36
0x2f4e0045af268306 13515 1 -2 3 4 5 6 7 -8 9 10 11 12 13 14 15 -16 -17 18 19 20 -21 22 -23 24 -25 26 27 28 29 -30 -31 32 33 -34 -35 -36
0xf6b19b42106c8c7e 13642 1 -2 3 4 5 6 7 -8 9 10 11 12 13 14 15 16 -17 18 19 -20 -21 22 23 24 -25 -26 -27 28 29 -30 -31 32 33 -34 -35 -36
0x8c618a9b5dce01b1 13642 1 -2 3 4 5 6 7 -8 9 10 11 12 13 14 15 16 -17 18 19 -20 -21 22 23 24 -25 -26 -27 28 29 -30 -31 32 33 -34 -35 -36
0x4d7f2da29af1a14e 13642 1 -2 3 4 5 6 7 -8 9 10 11 12 13 14 15 16 -17 18 19 -20 -21 22 23 24 -25 -26 -27 28 29 -30 -31 32 33 -34 -35 -36
0x113325df66001228 13642 1 -2 3 4 5 6 7 -8 9 10 11 12 13 14 15 16 -17 18 19 -20 -21 22 23 24 -25 -26 -27 28 29 -30 -31 32 33 -34 -35 -36
0xce49d609a57a67d4 13642 1 -2 3 4 5 6 7 -8 9 10 11 12 13 14 15 16 -17 18 19 -20 -21 22 23 24 -25 -26 -27 28 29 -30 -31 32 33 -34 -35 -36
0xd6651258acea5838 13642 1 -2 3 4 5 6 7 -8 9 10 11 12 13 14 15 16 -17 18 19 -20 -21 22 23 24 -25 -26 -27 28 29 -30 -31 32 33 -34 -35 -36
0x911ca8402ab8badc 13642 1 -2 3 4 5 6 7 -8 9 10 11 12 13 14 15 16 -17 18 19 -20 -21 22 23 24 -25 -26 -27 28 29 -30 -31 32 33 -34 -35 -36
0x71aae850fbfda041 13642 1 -2 3 4 5 6 7 -8 9 10 11 12 13 14 15 16 -17 18 19 -20 -21 22 23 24 -25 -26 -27 28 29 -30 -31 32 33 -34 -35 -36
0x75ef73ede842fb2e 13642 1 -2 3 4 5 6 7 -8 9 10 11 12 13 14 15 16 -17 18 19 -20 -21 22 23 24 -25 -26 -27 28 29 -30 -31 32 33 -34 -35 -36
0xacf580cfc3545e2e 13642 1 -2 3 4 5 6 7 -8 9 10 11 12 13 14 15 16 -17 18 19 -20 -21 22 23 24 -25 -26 -27 28 29 -30 -31 32 33 -34 -35 -36
0x2ee2ec82c38f490f 13642 1 -2 3 4 5 6 7 -8 9 10 11 12 13 14 15 16 -17 18 19 -20 -21 22 23 24 -25 -26 -27 28 29 -30 -31 32 33 -34 -35 -36
0x6eee1fe60bfa0662 13642 1 -2 3 4 5 6 7 -8 9 10 11 12 13 14 15 16 -17 18 19 -20 -21 22 23 24 -25 -26 -27 28 29 -30 -31 32 33 -34 -35 -36
0x5938c2ad59a71900 13642 1 -2 3 4 5 6 7 -8 9 10 11 12 13 14 15 16 -17 18 19 -20 -21 22 23 24 -25 -26 -27 28 29 -30 -31 32 33 -34 -35 -36
0xefad3ee10c2b3981 13642 1 -2 3 4 5 6 7 -8 9 10 11 12 13 14 15 16 -17 18 19 -20 -21 22 23 24 -25 -26 -27 28 29 -30 -31 32 33 -34 -35 -36
0x123d145d612be3c5 13642 1 -2 3 4 5 6 7 -8 9 10 11 12 13 14 15 16 -17 18 19 -20 -21 22 23 24 -25 -26 -27 28 29 -30 -31 32 33 -34 -35 -36
0xd01dfc50b34c746d 13642 1 -2 3 4 5 6 7 -8 9 10 11 12 13 14 15 16 -17 18 19 -20 -21 22 23 24 -25 -26 -27 28 29 -30 -31 32 33 -34 -35 -36
0x8fb1142015891a7 13642 1 -2 3 4 5 6 7 -8 9 10 11 12 13 14 15 16 -17 18 19 -20 -21 22 23 24 -25 -26 -27 28 29 -30 -31 32 33 -34 -35 -36
0x983bd965eed214e 13642 1 -2 3 4 5 6 7 -8 9 10 11 12 13 14 15 16 -17 18 19 -20 -21 22 23 24 -25 -26 -27 28 29 -30 -31 32 33 -34 -35 -36
0x52b5356234977555 13642 1 -2 3 4 5 6 7 -8 9 10 11 12 13 14 15 16 -17 18 19 -20 -21 22 23 24 -25 -26 -27 28 29 -30 -31 32 33 -34 -35 -36
0xd9af634b9be24e2f 13642 1 -2 3 4 5 6 7 -8 9 10 11 12 13 14 15 16 -17 18 19 -20 -21 22 23 24 -25 -26 -27 28 29 -30 -31 32 33 -34 -35 -36
0x7ea77e3cbb7bd7ef 13642 1 -2 3 4 5 6 7 -8 9 10 11 12 13 14 15 16 -17 18 19 -20 -21 22 23 24 -25 -26 -27 28 29 -30 -31 32 33 -34 -35 -36
0x2b489820772d5268 13642 1 -2 3 4 5 6 7 -8 9 10 11 12 13 14 15 16 -17 18 19 -20 -21 22 23 24 -25 -26 -27 28 29 -30 -31 32 33 -34 -35 -36
0x9bf5ff73220ec073 13515 1 -2 3 4 5 6 7 -8 9 10 11 12 13 14 15 -16 -17 18 19 20 -21 22 -23 24 -25 26 27 28 29 -30 -31 32 33 -34 -35 -36
0xcf4baac672c9ad6c 13642 1 -2 3 4 5 6 7 -8 9 10 11 12 13 14 15 16 -17 18 19 -20 -21 22 23 24 -25 -26 -27 28 29 -30 -31 32 33 -34 -35 -36
0x413e74417fc782b4 13642 1 -2 3 4 5 6 7 -8 9 10 11 12 13 14 15 16 -17 18 19 -20 -21 22 23 24 -25 -26 -27 28 29 -30 -31 32 33 -34 -35 -36