0x38f93513ef1c4ee9 16863 -1 2 -3 -4 5 6 7 8 9 10 11 12 -13 -14 15 -16 -17 -18 19 -20 -21 22 -23 24 25 26 27 28 -29 30 31 -32 -33 34 35 -36
0xa06b6b47f5ab0656 16863 -1 2 -3 -4 5 6 7 8 9 10 11 12 -13 -14 15 -16 -17 -18 19 -20 -21 22 -23 24 25 26 27 28 -29 30 31 -32 -33 34 35 -36
0xaacaf133560d7b0 16863 -1 2 -3 -4 5 6 7 8 9 10 11 12 -13 -14 15 -16 -17 -18 19 -20 -21 22 -23 24 25 26 27 28 -29 30 31 -32 -33 34 35 -36
0x2c4f6d2cf0c32192 16863 -1 2 -3 -4 5 6 7 8 9 10 11 12 -13 -14 15 -16 -17 -18 19 -20 -21 22 -23 24 25 26 27 28 -29 30 31 -32 -33 34 35 -36
0xbe2ac9612693ad55 16863 -1 2 -3 -4 5 6 7 8 9 10 11 12 -13 -14 15 -16 -17 -18 19 -20 -21 22 -23 24 25 26 27 28 -29 30 31 -32 -33 34 35 -36
0xb139a28b54498dda 16863 -1 2 -3 -4 5 6 7 8 9 10 11 12 -13 -14 15 -16 -17 -18 19 -20 -21 22 -23 24 25 26 27 28 -29 30 31 -32 -33 34 35 -36
0xc5860802d48a1588 16863 -1 2 -3 -4 5 6 7 8 9 10 11 12 -13 -14 15 -16 -17 -18 19 -20 -21 22 -23 24 25 26 27 28 -29 30 31 -32 -33 34 35 -36
0xf41d71dc6448614 16863 -1 2 -3 -4 5 6 7 8 9 10 11 12 -13 -14 15 -16 -17 -18 19 -20 -21 22 -23 24 25 26 27 28 -29 30 31 -32 -33 34 35 -36
0x63ba8018cd6d8df1 16863 -1 2 -3 -4 5 6 7 8 9 10 11 12 -13 -14 15 -16 -17 -18 19 -20 -21 22 -23 24 25 26 27 28 -29 30 31 -32 -33 34 35 -36
0x72e67e895576b4b7 16863 -1 2 -3 -4 5 6 7 8 9 10 11 12 -13 -14 15 -16 -17 -18 19 -20 -21 22 -23 24 25 26 27 28 -29 30 31 -32 -33 34 35 -36
0x257e240bffd68495 16863 -1 2 -3 -4 5 6 7 8 9 10 11 12 -13 -14 15 -16 -17 -18 19 -20 -21 22 -23 24 25 26 27 28 -29 30 31 -32 -33 34 35 -36
0xe746ab8896450a04 16863 -1 2 -3 -4 5 6 7 8 9 10 11 12 -13 -14 15 -16 -17 -18 19 -20 -21 22 -23 24 25 26 27 28 -29 30 31 -32 -33 34 35 -36
0x6d7e6a55e9755b65 16863 -1 2 -3 -4 5 6 7 8 9 10 11 12 -13 -14 15 -16 -17 -18 19 -20 -21 22 -23 24 25 26 27 28 -29 30 31 -32 -33 34 35 -36
0x55abdd7b366f2ec0 16863 -1 2 -3 -4 5 6 7 8 9 10 11 12 -13 -14 15 -16 -17 -18 19 -20 -21 22 -23 24 25 26 27 28 -29 30 31 -32 -33 34 35 -36
0xda2e61363709fb41 16863 -1 2 -3 -4 5 6 7 8 9 10 11 12 -13 -14 15 -16 -17 -18 19 -20 -21 22 -23 24 25 26 27 28 -29 30 31 -32 -33 34 35 -36
0xaeb73875a8322ab7 16863 -1 2 -3 -4 5 6 7 8 9 10 11 12 -13 -14 15 -16 -17 -18 19 -20 -21 22 -23 24 25 26 27 28 -29 30 31 -32 -33 34 35 -36
0x1dc707a777d3aff 16863 -1 2 -3 -4 5 6 7 8 9 10 11 12 -13 -14 15 -16 -17 -18 19 -20 -21 22 -23 24 25 26 27 28 -29 30 31 -32 -33 34 35 -36
0x8282dc100c07d1ee 16863 -1 2 -3 -4 5 6 7 8 9 10 11 12 -13 -14 15 -16 -17 -18 19 -20 -21 22 -23 24 25 26 27 28 -29 30 31 -32 -33 34 35 -36
0x30a8812624a19ca6 16863 -1 2 -3 -4 5 6 7 8 9 10 11 12 -13 -14 15 -16 -17 -18 19 -20 -21 22 -23 24 25 26 27 28 -29 30 31 -32 -33 34 35 -36
0x23cca60432513fe6 16863 -1 2 -3 -4 5 6 7 8 9 10 11 12 -13 -14 15 -16 -17 -18 19 -20 -21 22 -23 24 25 26 27 28 -29 30 31 -32 -33 34 35 -36
0x460f1d8288d35a71 16863 -1 2 -3 -4 5 6 7 8 9 10 11 12 -13 -14 15 -16 -17 -18 19 -20 -21 22 -23 24 25 26 27 28 -29 30 31 -32 -33 34 35 -36
0x48dbcbe655be0207 16863 -1 2 -3 -4 5 6 7 8 9 10 11 12 -13 -14 15 -16 -17 -18 19 -20 -21 22 -23 24 25 26 27 28 -29 30 31 -32 -33 34 35 -36
0x5f9ac890ccfcd7d6 16863 -1 2 -3 -4 5 6 7 8 9 10 11 12 -13 -14 15 -16 -17 -18 19 -20 -21 22 -23 24 25 26 27 28 -29 30 31 -32 -33 34 35 -36
0x83f847fbc87ef235 16863 -1 2 -3 -4 5 6 7 8 9 10 11 12 -13 -14 15 -16 -17 -18 19 -20 -21 22 -23 24 25 26 27 28 -29 30 31 -32 -33 34 35 -36
0x8b794916a8ce55a5 16863 -1 2 -3 -4 5 6 7 8 9 10 11 12 -13 -14 15 -16 -17 -18 19 -20 -21 22 -23 24 25 26 27 28 -29 30 31 -32 -33 34 35 -36
0x593cbafa3aff9b88 16863 -1 2 -3 -4 5 6 7 8 9 10 11 12 -13 -14 15 -16 -17 -18 19 -20 -21 22 -23 24 25 26 27 28 -29 30 31 -32 -33 34 35 -36
0xae62da41b8f9d0c1 16863 -1 2 -3 -4 5 6 7 8 9 10 11 12 -13 -14 15 -16 -17 -18 19 -20 -21 22 -23 24 25 26 27 28 -29 30 31 -32 -33 34 35 -36
0xa6f0a103d12ee49b 16863 -1 2 -3 -4 5 6 7 8 9 10 11 12 -13 -14 15 -16 -17 -18 19 -20 -21 22 -23 24 25 26 27 28 -29 30 31 -32 -33 34 35 -36
0x2346646eac09242 16863 -1 2 -3 -4 5 6 7 8 9 10 11 12 -13 -14 15 -16 -17 -18 19 -20 -21 22 -23 24 25 26 27 28 -29 30 31 -32 -33 34 35 -36
0xfeb1cd838c225a49 16863 -1 2 -3 -4 5 6 7 8 9 10 11 12 -13 -14 15 -16 -17 -18 19 -20 -21 22 -23 24 25 26 27 28 -29 30 31 -32 -33 34 35 -36