0x1380a544008492a6 11615 -1 -2 3 -4 -5 -6 -7 -8 9 10 11 12 13 -14 -15 -16 -17 -18 19 -20 21 22 23 24 25 26 27 -28 29 30 -31 32 -33 34 -35 -36
0x6ad1da8a28c000d6 11615 -1 -2 3 -4 -5 -6 -7 -8 9 10 11 12 13 -14 -15 -16 -17 -18 19 -20 21 22 23 24 25 26 27 -28 29 30 -31 32 -33 34 -35 -36
0xeff7eaca0f69fd8b 11615 -1 -2 3 -4 -5 -6 -7 -8 9 10 11 12 13 -14 -15 -16 -17 -18 19 -20 21 22 23 24 25 26 27 -28 29 30 -31 32 -33 34 -35 -36
0x13b6203a6c19d5cf 11615 -1 -2 3 -4 -5 -6 -7 -8 9 10 11 12 13 -14 -15 -16 -17 -18 19 -20 21 22 23 24 25 26 27 -28 29 30 -31 32 -33 34 -35 -36
0xfebcc14e0d44de2f 11615 -1 -2 3 -4 -5 -6 -7 -8 9 10 11 12 13 -14 -15 -16 -17 -18 19 -20 21 22 23 24 25 26 27 -28 29 30 -31 32 -33 34 -35 -36
0x723ef298fea9a618 11615 -1 -2 3 -4 -5 -6 -7 -8 9 10 11 12 13 -14 -15 -16 -17 -18 19 -20 21 22 23 24 25 26 27 -28 29 30 -31 32 -33 34 -35 -36
0x5eed15c29e8ad217 11615 -1 -2 3 -4 -5 -6 -7 -8 9 10 11 12 13 -14 -15 -16 -17 -18 19 -20 21 22 23 24 25 26 27 -28 29 30 -31 32 -33 34 -35 -36
0x96f631eb5def1459 11615 -1 -2 3 -4 -5 -6 -7 -8 9 10 11 12 13 -14 -15 -16 -17 -18 19 -20 21 22 23 24 25 26 27 -28 29 30 -31 32 -33 34 -35 -36
0x9d40ef6f331af416 11615 -1 -2 3 -4 -5 -6 -7 -8 9 10 11 12 13 -14 -15 -16 -17 -18 19 -20 21 22 23 24 25 26 27 -28 29 30 -31 32 -33 34 -35 -36
0xaca332c20f99850a 11615 -1 -2 3 -4 -5 -6 -7 -8 9 10 11 12 13 -14 -15 -16 -17 -18 19 -20 21 22 23 24 25 26 27 -28 29 30 -31 32 -33 34 -35 -36
0x8dd3ac74e4f09e43 11615 -1 -2 3 -4 -5 -6 -7 -8 9 10 11 12 13 -14 -15 -16 -17 -18 19 -20 21 22 23 24 25 26 27 -28 29 30 -31 32 -33 34 -35 -36
0x8bfba2727bae664d 11615 -1 -2 3 -4 -5 -6 -7 -8 9 10 11 12 13 -14 -15 -16 -17 -18 19 -20 21 22 23 24 25 26 27 -28 29 30 -31 32 -33 34 -35 -36
0xa5ba52641eb95192 11615 -1 -2 3 -4 -5 -6 -7 -8 9 10 11 12 13 -14 -15 -16 -17 -18 19 -20 21 22 23 24 25 26 27 -28 29 30 -31 32 -33 34 -35 -36
0x84685fbdbe2922a3 11615 -1 -2 3 -4 -5 -6 -7 -8 9 10 11 12 13 -14 -15 -16 -17 -18 19 -20 21 22 23 24 25 26 27 -28 29 30 -31 32 -33 34 -35 -36
0x322c01ab6b9a5c02 11615 -1 -2 3 -4 -5 -6 -7 -8 9 10 11 12 13 -14 -15 -16 -17 -18 19 -20 21 22 23 24 25 26 27 -28 29 30 -31 32 -33 34 -35 -36
0x7f288d4b23487914 11615 -1 -2 3 -4 -5 -6 -7 -8 9 10 11 12 13 -14 -15 -16 -17 -18 19 -20 21 22 23 24 25 26 27 -28 29 30 -31 32 -33 34 -35 -36
0x8a3bc5306415c7a2 11615 -1 -2 3 -4 -5 -6 -7 -8 9 10 11 12 13 -14 -15 -16 -17 -18 19 -20 21 22 23 24 25 26 27 -28 29 30 -31 32 -33 34 -35 -36
0xdab478e23f9a515a 11615 -1 -2 3 -4 -5 -6 -7 -8 9 10 11 12 13 -14 -15 -16 -17 -18 19 -20 21 22 23 24 25 26 27 -28 29 30 -31 32 -33 34 -35 -36
0xae50745a7e6fd54d 11615 -1 -2 3 -4 -5 -6 -7 -8 9 10 11 12 13 -14 -15 -16 -17 -18 19 -20 21 22 23 24 25 26 27 -28 29 30 -31 32 -33 34 -35 -36
0x31a9822197ae4abf 11615 -1 -2 3 -4 -5 -6 -7 -8 9 10 11 12 13 -14 -15 -16 -17 -18 19 -20 21 22 23 24 25 26 27 -28 29 30 -31 32 -33 34 -35 -36
0x5892debb563c3191 11615 -1 -2 3 -4 -5 -6 -7 -8 9 10 11 12 13 -14 -15 -16 -17 -18 19 -20 21 22 23 24 25 26 27 -28 29 30 -31 32 -33 34 -35 -36
0x8e3dcbfdcffd661 11615 -1 -2 3 -4 -5 -6 -7 -8 9 10 11 12 13 -14 -15 -16 -17 -18 19 -20 21 22 23 24 25 26 27 -28 29 30 -31 32 -33 34 -35 -36
0x45958c038804c04a 11615 -1 -2 3 -4 -5 -6 -7 -8 9 10 11 12 13 -14 -15 -16 -17 -18 19 -20 21 22 23 24 25 26 27 -28 29 30 -31 32 -33 34 -35 -36
0x8b1a644732928217 11615 -1 -2 3 -4 -5 -6 -7 -8 9 10 11 12 13 -14 -15 -16 -17 -18 19 -20 21 22 23 24 25 26 27 -28 29 30 -31 32 -33 34 -35 -36
0x7321d81948ff232f 11615 -1 -2 3 -4 -5 -6 -7 -8 9 10 11 12 13 -14 -15 -16 -17 -18 19 -20 21 22 23 24 25 26 27 -28 29 30 -31 32 -33 34 -35 -36
0xcc0129861a08d134 11615 -1 -2 3 -4 -5 -6 -7 -8 9 10 11 12 13 -14 -15 -16 -17 -18 19 -20 21 22 23 24 25 26 27 -28 29 30 -31 32 -33 34 -35 -36
0xde535a3aa3a6d95f 11615 -1 -2 3 -4 -5 -6 -7 -8 9 10 11 12 13 -14 -15 -16 -17 -18 19 -20 21 22 23 24 25 26 27 -28 29 30 -31 32 -33 34 -35 -36
0xc09886991f72da2f 11615 -1 -2 3 -4 -5 -6 -7 -8 9 10 11 12 13 -14 -15 -16 -17 -18 19 -20 21 22 23 24 25 26 27 -28 29 30 -31 32 -33 34 -35 -36
0x9e83344e8c9848 11615 -1 -2 3 -4 -5 -6 -7 -8 9 10 11 12 13 -14 -15 -16 -17 -18 19 -20 21 22 23 24 25 26 27 -28 29 30 -31 32 -33 34 -35 -36
0x760c4455c7f20ff2 11615 -1 -2 3 -4 -5 -6 -7 -8 9 10 11 12 13 -14 -15 -16 -17 -18 19 -20 21 22 23 24 25 26 27 -28 29 30 -31 32 -33 34 -35 -36