0x9d07ab59f0206bc9 15606 -1 -2 -3 4 5 6 7 8 9 -10 -11 -12 -13 -14 15 -16 -17 18 19 20 21 22 23 -24 -25 26 27 28 29 -30 -31 -32 -33 34 -35 36
0xd1d0bbf587d66d2 15606 -1 -2 -3 4 5 6 7 8 9 -10 -11 -12 -13 -14 15 -16 -17 18 19 20 21 22 23 -24 -25 26 27 28 29 -30 -31 -32 -33 34 -35 36
0x52c4d4d7a0e15f04 15606 -1 -2 -3 4 5 6 7 8 9 -10 -11 -12 -13 -14 15 -16 -17 18 19 20 21 22 23 -24 -25 26 27 28 29 -30 -31 -32 -33 34 -35 36
0x6d72a6512ec15560 15606 -1 -2 -3 4 5 6 7 8 9 -10 -11 -12 -13 -14 15 -16 -17 18 19 20 21 22 23 -24 -25 26 27 28 29 -30 -31 -32 -33 34 -35 36
0x311aedc8106333ca 15606 -1 -2 -3 4 5 6 7 8 9 -10 -11 -12 -13 -14 15 -16 -17 18 19 20 21 22 23 -24 -25 26 27 28 29 -30 -31 -32 -33 34 -35 36
0x1516f4f69fd09bc 15606 -1 -2 -3 4 5 6 7 8 9 -10 -11 -12 -13 -14 15 -16 -17 18 19 20 21 22 23 -24 -25 26 27 28 29 -30 -31 -32 -33 34 -35 36
0x9f659bca8e7a1e59 15606 -1 -2 -3 4 5 6 7 8 9 -10 -11 -12 -13 -14 15 -16 -17 18 19 20 21 22 23 -24 -25 26 27 28 29 -30 -31 -32 -33 34 -35 36
0xafeb97240d8b4f36 15606 -1 -2 -3 4 5 6 7 8 9 -10 -11 -12 -13 -14 15 -16 -17 18 19 20 21 22 23 -24 -25 26 27 28 29 -30 -31 -32 -33 34 -35 36
0xa587845897212f22 15606 -1 -2 -3 4 5 6 7 8 9 -10 -11 -12 -13 -14 15 -16 -17 18 19 20 21 22 23 -24 -25 26 27 28 29 -30 -31 -32 -33 34 -35 36
0x9c3eb74034a1a74 15606 -1 -2 -3 4 5 6 7 8 9 -10 -11 -12 -13 -14 15 -16 -17 18 19 20 21 22 23 -24 -25 26 27 28 29 -30 -31 -32 -33 34 -35 36
0x235b8349742177ea 15606 -1 -2 -3 4 5 6 7 8 9 -10 -11 -12 -13 -14 15 -16 -17 18 19 20 21 22 23 -24 -25 26 27 28 29 -30 -31 -32 -33 34 -35 36
0xe8528d25fb66d9a4 15606 -1 -2 -3 4 5 6 7 8 9 -10 -11 -12 -13 -14 15 -16 -17 18 19 20 21 22 23 -24 -25 26 27 28 29 -30 -31 -32 -33 34 -35 36
0x918ffdc312f1bd91 15606 -1 -2 -3 4 5 6 7 8 9 -10 -11 -12 -13 -14 15 -16 -17 18 19 20 21 22 23 -24 -25 26 27 28 29 -30 -31 -32 -33 34 -35 36
0x241db739a4ffb88 15606 -1 -2 -3 4 5 6 7 8 9 -10 -11 -12 -13 -14 15 -16 -17 18 19 20 21 22 23 -24 -25 26 27 28 29 -30 -31 -32 -33 34 -35 36
0x826393a6df31f9cf 15606 -1 -2 -3 4 5 6 7 8 9 -10 -11 -12 -13 -14 15 -16 -17 18 19 20 21 22 23 -24 -25 26 27 28 29 -30 -31 -32 -33 34 -35 36
0x643a7074fd54ff50 15606 -1 -2 -3 4 5 6 7 8 9 -10 -11 -12 -13 -14 15 -16 -17 18 19 20 21 22 23 -24 -25 26 27 28 29 -30 -31 -32 -33 34 -35 36
0xf69fa694d712c471 15606 -1 -2 -3 4 5 6 7 8 9 -10 -11 -12 -13 -14 15 -16 -17 18 19 20 21 22 23 -24 -25 26 27 28 29 -30 -31 -32 -33 34 -35 36
0x8ec784d7dd4f015f 15606 -1 -2 -3 4 5 6 7 8 9 -10 -11 -12 -13 -14 15 -16 -17 18 19 20 21 22 23 -24 -25 26 27 28 29 -30 -31 -32 -33 34 -35 36
0x33a2ec437982666e 15606 -1 -2 -3 4 5 6 7 8 9 -10 -11 -12 -13 -14 15 -16 -17 18 19 20 21 22 23 -24 -25 26 27 28 29 -30 -31 -32 -33 34 -35 36
0x2de6778f38436d96 15606 -1 -2 -3 4 5 6 7 8 9 -10 -11 -12 -13 -14 15 -16 -17 18 19 20 21 22 23 -24 -25 26 27 28 29 -30 -31 -32 -33 34 -35 36
0xcc53f2a887eb3bf3 15606 -1 -2 -3 4 5 6 7 8 9 -10 -11 -12 -13 -14 15 -16 -17 18 19 20 21 22 23 -24 -25 26 27 28 29 -30 -31 -32 -33 34 -35 36
0x6bf422310c6c9342 15606 -1 -2 -3 4 5 6 7 8 9 -10 -11 -12 -13 -14 15 -16 -17 18 19 20 21 22 23 -24 -25 26 27 28 29 -30 -31 -32 -33 34 -35 36
0x932edafd77b2d369 15606 -1 -2 -3 4 5 6 7 8 9 -10 -11 -12 -13 -14 15 -16 -17 18 19 20 21 22 23 -24 -25 26 27 28 29 -30 -31 -32 -33 34 -35 36
0xa5ef69955c1f0bee 15606 -1 -2 -3 4 5 6 7 8 9 -10 -11 -12 -13 -14 15 -16 -17 18 19 20 21 22 23 -24 -25 26 27 28 29 -30 -31 -32 -33 34 -35 36
0x684349b68cf91d7c 15606 -1 -2 -3 4 5 6 7 8 9 -10 -11 -12 -13 -14 15 -16 -17 18 19 20 21 22 23 -24 -25 26 27 28 29 -30 -31 -32 -33 34 -35 36
0x2c212dd256eaeb63 15606 -1 -2 -3 4 5 6 7 8 9 -10 -11 -12 -13 -14 15 -16 -17 18 19 20 21 22 23 -24 -25 26 27 28 29 -30 -31 -32 -33 34 -35 36
0x2646568c28db9d17 15606 -1 -2 -3 4 5 6 7 8 9 -10 -11 -12 -13 -14 15 -16 -17 18 19 20 21 22 23 -24 -25 26 27 28 29 -30 -31 -32 -33 34 -35 36
0xfd583a3f2bc0efae 15606 -1 -2 -3 4 5 6 7 8 9 -10 -11 -12 -13 -14 15 -16 -17 18 19 20 21 22 23 -24 -25 26 27 28 29 -30 -31 -32 -33 34 -35 36
0x35b87c75c63c9764 15606 -1 -2 -3 4 5 6 7 8 9 -10 -11 -12 -13 -14 15 -16 -17 18 19 20 21 22 23 -24 -25 26 27 28 29 -30 -31 -32 -33 34 -35 36
0xa3b935721f1bb119 15606 -1 -2 -3 4 5 6 7 8 9 -10 -11 -12 -13 -14 15 -16 -17 18 19 20 21 22 23 -24 -25 26 27 28 29 -30 -31 -32 -33 34 -35 36