0xe8bb16e4a659142f 12720 1 -2 3 4 -5 -6 7 -8 9 10 11 12 13 -14 15 16 17 18 -19 20 -21 -22 -23 -24 25 26 27 -28 -29 -30 -31 32 33 34 35 36
0xfcdf5a0cafceb4c1 12720 1 -2 3 4 -5 -6 7 -8 9 10 11 12 13 -14 15 16 17 18 -19 20 -21 -22 -23 -24 25 26 27 -28 -29 -30 -31 32 33 34 35 36
0x49e97dc03ed21d5f 12720 1 -2 3 4 -5 -6 7 -8 9 10 11 12 13 -14 15 16 17 18 -19 20 -21 -22 -23 -24 25 26 27 -28 -29 -30 -31 32 33 34 35 36
0x2016abd0da6ec55a 12720 1 -2 3 4 -5 -6 7 -8 9 10 11 12 13 -14 15 16 17 18 -19 20 -21 -22 -23 -24 25 26 27 -28 -29 -30 -31 32 33 34 35 36
0xcc040f2d15f89186 12720 1 -2 3 4 -5 -6 7 -8 9 10 11 12 13 -14 15 16 17 18 -19 20 -21 -22 -23 -24 25 26 27 -28 -29 -30 -31 32 33 34 35 36
0x7f82364fef0fa68d 12720 1 -2 3 4 -5 -6 7 -8 9 10 11 12 13 -14 15 16 17 18 -19 20 -21 -22 -23 -24 25 26 27 -28 -29 -30 -31 32 33 34 35 36
0xab45c7f1030b05d6 12720 1 -2 3 4 -5 -6 7 -8 9 10 11 12 13 -14 15 16 17 18 -19 20 -21 -22 -23 -24 25 26 27 -28 -29 -30 -31 32 33 34 35 36
0xa27311bb3a14ab08 12720 1 -2 3 4 -5 -6 7 -8 9 10 11 12 13 -14 15 16 17 18 -19 20 -21 -22 -23 -24 25 26 27 -28 -29 -30 -31 32 33 34 35 36
0xfe3206e0972e297c 12720 1 -2 3 4 -5 -6 7 -8 9 10 11 12 13 -14 15 16 17 18 -19 20 -21 -22 -23 -24 25 26 27 -28 -29 -30 -31 32 33 34 35 36
0xd4831d6add12f0d0 12720 1 -2 3 4 -5 -6 7 -8 9 10 11 12 13 -14 15 16 17 18 -19 20 -21 -22 -23 -24 25 26 27 -28 -29 -30 -31 32 33 34 35 36
0x3a4d9fdd2d02b66b 12720 1 -2 3 4 -5 -6 7 -8 9 10 11 12 13 -14 15 16 17 18 -19 20 -21 -22 -23 -24 25 26 27 -28 -29 -30 -31 32 33 34 35 36
0xf609f90e4b836b78 12720 1 -2 3 4 -5 -6 7 -8 9 10 11 12 13 -14 15 16 17 18 -19 20 -21 -22 -23 -24 25 26 27 -28 -29 -30 -31 32 33 34 35 36
0x1b3147ac07680a64 12720 1 -2 3 4 -5 -6 7 -8 9 10 11 12 13 -14 15 16 17 18 -19 20 -21 -22 -23 -24 25 26 27 -28 -29 -30 -31 32 33 34 35 36
0xa463c1b4138df463 12720 1 -2 3 4 -5 -6 7 -8 9 10 11 12 13 -14 15 16 17 18 -19 20 -21 -22 -23 -24 25 26 27 -28 -29 -30 -31 32 33 34 35 36
0x7023e7fc4cd6deea 12720 1 -2 3 4 -5 -6 7 -8 9 10 11 12 13 -14 15 16 17 18 -19 20 -21 -22 -23 -24 25 26 27 -28 -29 -30 -31 32 33 34 35 36
0x54489ac6e255135 12720 1 -2 3 4 -5 -6 7 -8 9 10 11 12 13 -14 15 16 17 18 -19 20 -21 -22 -23 -24 25 26 27 -28 -29 -30 -31 32 33 34 35 36
0x3d6797bd9461b1c0 12720 1 -2 3 4 -5 -6 7 -8 9 10 11 12 13 -14 15 16 17 18 -19 20 -21 -22 -23 -24 25 26 27 -28 -29 -30 -31 32 33 34 35 36
0x652bc882accde3d0 12720 1 -2 3 4 -5 -6 7 -8 9 10 11 12 13 -14 15 16 17 18 -19 20 -21 -22 -23 -24 25 26 27 -28 -29 -30 -31 32 33 34 35 36
0x4465aaa196e50c33 12720 1 -2 3 4 -5 -6 7 -8 9 10 11 12 13 -14 15 16 17 18 -19 20 -21 -22 -23 -24 25 26 27 -28 -29 -30 -31 32 33 34 35 36
0x1e89db9fb44c750a 12720 1 -2 3 4 -5 -6 7 -8 9 10 11 12 13 -14 15 16 17 18 -19 20 -21 -22 -23 -24 25 26 27 -28 -29 -30 -31 32 33 34 35 36
0x74276e5d8a7e6b89 12720 1 -2 3 4 -5 -6 7 -8 9 10 11 12 13 -14 15 16 17 18 -19 20 -21 -22 -23 -24 25 26 27 -28 -29 -30 -31 32 33 34 35 36
0xc36083bfa4cf1262 12720 1 -2 3 4 -5 -6 7 -8 9 10 11 12 13 -14 15 16 17 18 -19 20 -21 -22 -23 -24 25 26 27 -28 -29 -30 -31 32 33 34 35 36
0x1be447768d663971 12720 1 -2 3 4 -5 -6 7 -8 9 10 11 12 13 -14 15 16 17 18 -19 20 -21 -22 -23 -24 25 26 27 -28 -29 -30 -31 32 33 34 35 36
0x6e59a9e1068d7d43 12720 1 -2 3 4 -5 -6 7 -8 9 10 11 12 13 -14 15 16 17 18 -19 20 -21 -22 -23 -24 25 26 27 -28 -29 -30 -31 32 33 34 35 36
0xb55624ca4df26d5f 12720 1 -2 3 4 -5 -6 7 -8 9 10 11 12 13 -14 15 16 17 18 -19 20 -21 -22 -23 -24 25 26 27 -28 -29 -30 -31 32 33 34 35 36
0x2af03f3d910bb899 12720 1 -2 3 4 -5 -6 7 -8 9 10 11 12 13 -14 15 16 17 18 -19 20 -21 -22 -23 -24 25 26 27 -28 -29 -30 -31 32 33 34 35 36
0x742ea854cc160f0 12720 1 -2 3 4 -5 -6 7 -8 9 10 11 12 13 -14 15 16 17 18 -19 20 -21 -22 -23 -24 25 26 27 -28 -29 -30 -31 32 33 34 35 36
0x353f030ec1b35a4e 12720 1 -2 3 4 -5 -6 7 -8 9 10 11 12 13 -14 15 16 17 18 -19 20 -21 -22 -23 -24 25 26 27 -28 -29 -30 -31 32 33 34 35 36
0x25451d638da98bbc 12720 1 -2 3 4 -5 -6 7 -8 9 10 11 12 13 -14 15 16 17 18 -19 20 -21 -22 -23 -24 25 26 27 -28 -29 -30 -31 32 33 34 35 36
0x6e5b00c1b0a1d832 12720 1 -2 3 4 -5 -6 7 -8 9 10 11 12 13 -14 15 16 17 18 -19 20 -21 -22 -23 -24 25 26 27 -28 -29 -30 -31 32 33 34 35 36