0x7f7db1a0dc3c57ce 8788 1 -2 -3 4 5 -6 7 -8 -9 10 -11 -12 -13 14 15 -16 17 18 -19 20 -21 -22 23 -24 -25 26 27 28 29 30 -31 -32 33 34 -35 36
0x86478264dcdb3976 8788 1 -2 -3 4 5 -6 7 -8 -9 10 -11 -12 -13 14 15 -16 17 18 -19 20 -21 -22 23 -24 -25 26 27 28 29 30 -31 -32 33 34 -35 36
0xd2a17751300836a2 8788 1 -2 -3 4 5 -6 7 -8 -9 10 -11 -12 -13 14 15 -16 17 18 -19 20 -21 -22 23 -24 -25 26 27 28 29 30 -31 -32 33 34 -35 36
0x461ce378fcbf9b74 8788 1 -2 -3 4 5 -6 7 -8 -9 10 -11 -12 -13 14 15 -16 17 18 -19 20 -21 -22 23 -24 -25 26 27 28 29 30 -31 -32 33 34 -35 36
0x23afe900158026a4 8788 1 -2 -3 4 5 -6 7 -8 -9 10 -11 -12 -13 14 15 -16 17 18 -19 20 -21 -22 23 -24 -25 26 27 28 29 30 -31 -32 33 34 -35 36
0xa6624547884903b2 8788 1 -2 -3 4 5 -6 7 -8 -9 10 -11 -12 -13 14 15 -16 17 18 -19 20 -21 -22 23 -24 -25 26 27 28 29 30 -31 -32 33 34 -35 36
0xdbaecde5cdc96440 8788 1 -2 -3 4 5 -6 7 -8 -9 10 -11 -12 -13 14 15 -16 17 18 -19 20 -21 -22 23 -24 -25 26 27 28 29 30 -31 -32 33 34 -35 36
0xf072d8210c4c9197 8788 1 -2 -3 4 5 -6 7 -8 -9 10 -11 -12 -13 14 15 -16 17 18 -19 20 -21 -22 23 -24 -25 26 27 28 29 30 -31 -32 33 34 -35 36
0x9b77f078593a0e21 8788 1 -2 -3 4 5 -6 7 -8 -9 10 -11 -12 -13 14 15 -16 17 18 -19 20 -21 -22 23 -24 -25 26 27 28 29 30 -31 -32 33 34 -35 36
0x43c011b3cbf87d6a 8788 1 -2 -3 4 5 -6 7 -8 -9 10 -11 -12 -13 14 15 -16 17 18 -19 20 -21 -22 23 -24 -25 26 27 28 29 30 -31 -32 33 34 -35 36
0x9185f56e938120b 8788 1 -2 -3 4 5 -6 7 -8 -9 10 -11 -12 -13 14 15 -16 17 18 -19 20 -21 -22 23 -24 -25 26 27 28 29 30 -31 -32 33 34 -35 36
0xcb0092d780b2751c 8788 1 -2 -3 4 5 -6 7 -8 -9 10 -11 -12 -13 14 15 -16 17 18 -19 20 -21 -22 23 -24 -25 26 27 28 29 30 -31 -32 33 34 -35 36
0x6a7d5447304f46a8 8788 1 -2 -3 4 5 -6 7 -8 -9 10 -11 -12 -13 14 15 -16 17 18 -19 20 -21 -22 23 -24 -25 26 27 28 29 30 -31 -32 33 34 -35 36
0xe121fd60f3d7945f 8788 1 -2 -3 4 5 -6 7 -8 -9 10 -11 -12 -13 14 15 -16 17 18 -19 20 -21 -22 23 -24 -25 26 27 28 29 30 -31 -32 33 34 -35 36
0xf1c3a619f78dd018 8788 1 -2 -3 4 5 -6 7 -8 -9 10 -11 -12 -13 14 15 -16 17 18 -19 20 -21 -22 23 -24 -25 26 27 28 29 30 -31 -32 33 34 -35 36
0xdd64d48e7d07b882 8788 1 -2 -3 4 5 -6 7 -8 -9 10 -11 -12 -13 14 15 -16 17 18 -19 20 -21 -22 23 -24 -25 26 27 28 29 30 -31 -32 33 34 -35 36
0xb2cf36c9be7c4734 8788 1 -2 -3 4 5 -6 7 -8 -9 10 -11 -12 -13 14 15 -16 17 18 -19 20 -21 -22 23 -24 -25 26 27 28 29 30 -31 -32 33 34 -35 36
0x99aeb25083364a27 8788 1 -2 -3 4 5 -6 7 -8 -9 10 -11 -12 -13 14 15 -16 17 18 -19 20 -21 -22 23 -24 -25 26 27 28 29 30 -31 -32 33 34 -35 36
0xb58dc39b8cd60d38 8788 1 -2 -3 4 5 -6 7 -8 -9 10 -11 -12 -13 14 15 -16 17 18 -19 20 -21 -22 23 -24 -25 26 27 28 29 30 -31 -32 33 34 -35 36
0x3012d93cc9813a8 8788 1 -2 -3 4 5 -6 7 -8 -9 10 -11 -12 -13 14 15 -16 17 18 -19 20 -21 -22 23 -24 -25 26 27 28 29 30 -31 -32 33 34 -35 36
0x5a97038fc78e3ea8 8788 1 -2 -3 4 5 -6 7 -8 -9 10 -11 -12 -13 14 15 -16 17 18 -19 20 -21 -22 23 -24 -25 26 27 28 29 30 -31 -32 33 34 -35 36
0x2d2523503fe05f2e 8788 1 -2 -3 4 5 -6 7 -8 -9 10 -11 -12 -13 14 15 -16 17 18 -19 20 -21 -22 23 -24 -25 26 27 28 29 30 -31 -32 33 34 -35 36
0x858bbfbf2bc7f97f 8788 1 -2 -3 4 5 -6 7 -8 -9 10 -11 -12 -13 14 15 -16 17 18 -19 20 -21 -22 23 -24 -25 26 27 28 29 30 -31 -32 33 34 -35 36
0xdc1b760c9ef1a1a4 8788 1 -2 -3 4 5 -6 7 -8 -9 10 -11 -12 -13 14 15 -16 17 18 -19 20 -21 -22 23 -24 -25 26 27 28 29 30 -31 -32 33 34 -35 36
0x917687447369a9a8 8788 1 -2 -3 4 5 -6 7 -8 -9 10 -11 -12 -13 14 15 -16 17 18 -19 20 -21 -22 23 -24 -25 26 27 28 29 30 -31 -32 33 34 -35 36
0x91e862bb5c2d943c 8788 1 -2 -3 4 5 -6 7 -8 -9 10 -11 -12 -13 14 15 -16 17 18 -19 20 -21 -22 23 -24 -25 26 27 28 29 30 -31 -32 33 34 -35 36
0x899eb8dba81e3747 8788 1 -2 -3 4 5 -6 7 -8 -9 10 -11 -12 -13 14 15 -16 17 18 -19 20 -21 -22 23 -24 -25 26 27 28 29 30 -31 -32 33 34 -35 36
0xc72cd2f6edd607e9 8788 1 -2 -3 4 5 -6 7 -8 -9 10 -11 -12 -13 14 15 -16 17 18 -19 20 -21 -22 23 -24 -25 26 27 28 29 30 -31 -32 33 34 -35 36
0x5822bb82d1ace40c 8788 1 -2 -3 4 5 -6 7 -8 -9 10 -11 -12 -13 14 15 -16 17 18 -19 20 -21 -22 23 -24 -25 26 27 28 29 30 -31 -32 33 34 -35 36
0xd5cba92b6add4666 8788 1 -2 -3 4 5 -6 7 -8 -9 10 -11 -12 -13 14 15 -16 17 18 -19 20 -21 -22 23 -24 -25 26 27 28 29 30 -31 -32 33 34 -35 36