0xecff59ec8e6a5fea 3412 1 -2 -3 4 5 6 -7 8 -9 -10 -11 12 13 -14 15 16 -17 18 -19 20 21 -22 -23 -24 25 -26 -27 28 29 -30 -31 -32 -33 34 35 -36
0xafe5e7dbd7dcd153 3412 1 -2 -3 4 5 6 -7 8 -9 -10 -11 12 13 -14 15 16 -17 18 -19 20 21 -22 -23 -24 25 -26 -27 28 29 -30 -31 -32 -33 34 35 -36
0x9b3b67330eaf1a90 3412 1 -2 -3 4 5 6 -7 8 -9 -10 -11 12 13 -14 15 16 -17 18 -19 20 21 -22 -23 -24 25 -26 -27 28 29 -30 -31 -32 -33 34 35 -36
0x6e53adae5b60432f 3412 1 -2 -3 4 5 6 -7 8 -9 -10 -11 12 13 -14 15 16 -17 18 -19 20 21 -22 -23 -24 25 -26 -27 28 29 -30 -31 -32 -33 34 35 -36
0x203f797ada8c350d 3412 1 -2 -3 4 5 6 -7 8 -9 -10 -11 12 13 -14 15 16 -17 18 -19 20 21 -22 -23 -24 25 -26 -27 28 29 -30 -31 -32 -33 34 35 -36
0x5665401720d2c128 3412 1 -2 -3 4 5 6 -7 8 -9 -10 -11 12 13 -14 15 16 -17 18 -19 20 21 -22 -23 -24 25 -26 -27 28 29 -30 -31 -32 -33 34 35 -36
0x29d26c5302c3a543 3412 1 -2 -3 4 5 6 -7 8 -9 -10 -11 12 13 -14 15 16 -17 18 -19 20 21 -22 -23 -24 25 -26 -27 28 29 -30 -31 -32 -33 34 35 -36
0xdf77d1d0d060b964 3412 1 -2 -3 4 5 6 -7 8 -9 -10 -11 12 13 -14 15 16 -17 18 -19 20 21 -22 -23 -24 25 -26 -27 28 29 -30 -31 -32 -33 34 35 -36
0xcbd0f089c3faad56 3412 1 -2 -3 4 5 6 -7 8 -9 -10 -11 12 13 -14 15 16 -17 18 -19 20 21 -22 -23 -24 25 -26 -27 28 29 -30 -31 -32 -33 34 35 -36
0x5d54084a1f6e5626 3412 1 -2 -3 4 5 6 -7 8 -9 -10 -11 12 13 -14 15 16 -17 18 -19 20 21 -22 -23 -24 25 -26 -27 28 29 -30 -31 -32 -33 34 35 -36
0x9a48fc2f8b088ba8 3412 1 -2 -3 4 5 6 -7 8 -9 -10 -11 12 13 -14 15 16 -17 18 -19 20 21 -22 -23 -24 25 -26 -27 28 29 -30 -31 -32 -33 34 35 -36
0x67e50630b99695f1 3412 1 -2 -3 4 5 6 -7 8 -9 -10 -11 12 13 -14 15 16 -17 18 -19 20 21 -22 -23 -24 25 -26 -27 28 29 -30 -31 -32 -33 34 35 -36
0x8db3c8c26235ac9d 3412 1 -2 -3 4 5 6 -7 8 -9 -10 -11 12 13 -14 15 16 -17 18 -19 20 21 -22 -23 -24 25 -26 -27 28 29 -30 -31 -32 -33 34 35 -36
0x4e8eaa32e7039163 3412 1 -2 -3 4 5 6 -7 8 -9 -10 -11 12 13 -14 15 16 -17 18 -19 20 21 -22 -23 -24 25 -26 -27 28 29 -30 -31 -32 -33 34 35 -36
0x7800465bc1346b0e 3412 1 -2 -3 4 5 6 -7 8 -9 -10 -11 12 13 -14 15 16 -17 18 -19 20 21 -22 -23 -24 25 -26 -27 28 29 -30 -31 -32 -33 34 35 -36
0xbee0019b666f13 3412 1 -2 -3 4 5 6 -7 8 -9 -10 -11 12 13 -14 15 16 -17 18 -19 20 21 -22 -23 -24 25 -26 -27 28 29 -30 -31 -32 -33 34 35 -36
0x956370011b69d175 3412 1 -2 -3 4 5 6 -7 8 -9 -10 -11 12 13 -14 15 16 -17 18 -19 20 21 -22 -23 -24 25 -26 -27 28 29 -30 -31 -32 -33 34 35 -36
0x48fa35c57ffccb3e 3412 1 -2 -3 4 5 6 -7 8 -9 -10 -11 12 13 -14 15 16 -17 18 -19 20 21 -22 -23 -24 25 -26 -27 28 29 -30 -31 -32 -33 34 35 -36
0x5a40e2d091591ffa 3412 1 -2 -3 4 5 6 -7 8 -9 -10 -11 12 13 -14 15 16 -17 18 -19 20 21 -22 -23 -24 25 -26 -27 28 29 -30 -31 -32 -33 34 35 -36
0x6f6c963ace753338 3412 1 -2 -3 4 5 6 -7 8 -9 -10 -11 12 13 -14 15 16 -17 18 -19 20 21 -22 -23 -24 25 -26 -27 28 29 -30 -31 -32 -33 34 35 -36
0x93b5a82b945eae0e 3412 1 -2 -3 4 5 6 -7 8 -9 -10 -11 12 13 -14 15 16 -17 18 -19 20 21 -22 -23 -24 25 -26 -27 28 29 -30 -31 -32 -33 34 35 -36
0x672745625954b494 3412 1 -2 -3 4 5 6 -7 8 -9 -10 -11 12 13 -14 15 16 -17 18 -19 20 21 -22 -23 -24 25 -26 -27 28 29 -30 -31 -32 -33 34 35 -36
0x4e70dab04987ab66 3412 1 -2 -3 4 5 6 -7 8 -9 -10 -11 12 13 -14 15 16 -17 18 -19 20 21 -22 -23 -24 25 -26 -27 28 29 -30 -31 -32 -33 34 35 -36
0x5b750799fa48d24 3412 1 -2 -3 4 5 6 -7 8 -9 -10 -11 12 13 -14 15 16 -17 18 -19 20 21 -22 -23 -24 25 -26 -27 28 29 -30 -31 -32 -33 34 35 -36
0xc6a4163bf791cff4 3412 1 -2 -3 4 5 6 -7 8 -9 -10 -11 12 13 -14 15 16 -17 18 -19 20 21 -22 -23 -24 25 -26 -27 28 29 -30 -31 -32 -33 34 35 -36
0x372ffe019603dafc 3412 1 -2 -3 4 5 6 -7 8 -9 -10 -11 12 13 -14 15 16 -17 18 -19 20 21 -22 -23 -24 25 -26 -27 28 29 -30 -31 -32 -33 34 35 -36
0x6ad3ff8f9746a5ae 3412 1 -2 -3 4 5 6 -7 8 -9 -10 -11 12 13 -14 15 16 -17 18 -19 20 21 -22 -23 -24 25 -26 -27 28 29 -30 -31 -32 -33 34 35 -36
0x902e595b2aa3d22d 3412 1 -2 -3 4 5 6 -7 8 -9 -10 -11 12 13 -14 15 16 -17 18 -19 20 21 -22 -23 -24 25 -26 -27 28 29 -30 -31 -32 -33 34 35 -36
0x9bac15f9eb531b6c 3412 1 -2 -3 4 5 6 -7 8 -9 -10 -11 12 13 -14 15 16 -17 18 -19 20 21 -22 -23 -24 25 -26 -27 28 29 -30 -31 -32 -33 34 35 -36
0x5bae2d606988c914 3412 1 -2 -3 4 5 6 -7 8 -9 -10 -11 12 13 -14 15 16 -17 18 -19 20 21 -22 -23 -24 25 -26 -27 28 29 -30 -31 -32 -33 34 35 -36