0x2b9ff5f1f240e374 3360 -1 -2 -3 4 -5 -6 7 8 9 -10 -11 12 13 -14 15 16 17 18 -19 -20 -21 22 23 -24 25 -26 27 -28 29 -30 -31 -32 -33 34 35 -36
0xf934a387060cce3 3360 -1 -2 -3 4 -5 -6 7 8 9 -10 -11 12 13 -14 15 16 17 18 -19 -20 -21 22 23 -24 25 -26 27 -28 29 -30 -31 -32 -33 34 35 -36
0xadf713af83d2c9ea 3360 -1 -2 -3 4 -5 -6 7 8 9 -10 -11 12 13 -14 15 16 17 18 -19 -20 -21 22 23 -24 25 -26 27 -28 29 -30 -31 -32 -33 34 35 -36
0x3db2ed0cde6a0787 3360 -1 -2 -3 4 -5 -6 7 8 9 -10 -11 12 13 -14 15 16 17 18 -19 -20 -21 22 23 -24 25 -26 27 -28 29 -30 -31 -32 -33 34 35 -36
0xb29e00939368ccba 3360 -1 -2 -3 4 -5 -6 7 8 9 -10 -11 12 13 -14 15 16 17 18 -19 -20 -21 22 23 -24 25 -26 27 -28 29 -30 -31 -32 -33 34 35 -36
0x7489939e1a52e006 3360 -1 -2 -3 4 -5 -6 7 8 9 -10 -11 12 13 -14 15 16 17 18 -19 -20 -21 22 23 -24 25 -26 27 -28 29 -30 -31 -32 -33 34 35 -36
0xc4d7621b00277cf4 3360 -1 -2 -3 4 -5 -6 7 8 9 -10 -11 12 13 -14 15 16 17 18 -19 -20 -21 22 23 -24 25 -26 27 -28 29 -30 -31 -32 -33 34 35 -36
0xc359ca0b7be8d991 3360 -1 -2 -3 4 -5 -6 7 8 9 -10 -11 12 13 -14 15 16 17 18 -19 -20 -21 22 23 -24 25 -26 27 -28 29 -30 -31 -32 -33 34 35 -36
0xb87bc704c7973bed 3360 -1 -2 -3 4 -5 -6 7 8 9 -10 -11 12 13 -14 15 16 17 18 -19 -20 -21 22 23 -24 25 -26 27 -28 29 -30 -31 -32 -33 34 35 -36
0x37eebdb1a3059f9d 3360 -1 -2 -3 4 -5 -6 7 8 9 -10 -11 12 13 -14 15 16 17 18 -19 -20 -21 22 23 -24 25 -26 27 -28 29 -30 -31 -32 -33 34 35 -36
0xd45c174fc22deb38 3360 -1 -2 -3 4 -5 -6 7 8 9 -10 -11 12 13 -14 15 16 17 18 -19 -20 -21 22 23 -24 25 -26 27 -28 29 -30 -31 -32 -33 34 35 -36
0x79d8ad321ceab5dc 3360 -1 -2 -3 4 -5 -6 7 8 9 -10 -11 12 13 -14 15 16 17 18 -19 -20 -21 22 23 -24 25 -26 27 -28 29 -30 -31 -32 -33 34 35 -36
0x1a18043d223c9ca8 3360 -1 -2 -3 4 -5 -6 7 8 9 -10 -11 12 13 -14 15 16 17 18 -19 -20 -21 22 23 -24 25 -26 27 -28 29 -30 -31 -32 -33 34 35 -36
0x229d5869b5812841 3360 -1 -2 -3 4 -5 -6 7 8 9 -10 -11 12 13 -14 15 16 17 18 -19 -20 -21 22 23 -24 25 -26 27 -28 29 -30 -31 -32 -33 34 35 -36
0x1eceb4435d6e540d 3360 -1 -2 -3 4 -5 -6 7 8 9 -10 -11 12 13 -14 15 16 17 18 -19 -20 -21 22 23 -24 25 -26 27 -28 29 -30 -31 -32 -33 34 35 -36
0xee7a021963b5d452 3360 -1 -2 -3 4 -5 -6 7 8 9 -10 -11 12 13 -14 15 16 17 18 -19 -20 -21 22 23 -24 25 -26 27 -28 29 -30 -31 -32 -33 34 35 -36
0xc5e9270f3cf5d3b8 3360 -1 -2 -3 4 -5 -6 7 8 9 -10 -11 12 13 -14 15 16 17 18 -19 -20 -21 22 23 -24 25 -26 27 -28 29 -30 -31 -32 -33 34 35 -36
0x44bb8e0ed5f1f865 3360 -1 -2 -3 4 -5 -6 7 8 9 -10 -11 12 13 -14 15 16 17 18 -19 -20 -21 22 23 -24 25 -26 27 -28 29 -30 -31 -32 -33 34 35 -36
0x636131cda7ea5aa3 3360 -1 -2 -3 4 -5 -6 7 8 9 -10 -11 12 13 -14 15 16 17 18 -19 -20 -21 22 23 -24 25 -26 27 -28 29 -30 -31 -32 -33 34 35 -36
0x1bfc4f6fd74771f3 3360 -1 -2 -3 4 -5 -6 7 8 9 -10 -11 12 13 -14 15 16 17 18 -19 -20 -21 22 23 -24 25 -26 27 -28 29 -30 -31 -32 -33 34 35 -36
0x914ad972c13f9202 3360 -1 -2 -3 4 -5 -6 7 8 9 -10 -11 12 13 -14 15 16 17 18 -19 -20 -21 22 23 -24 25 -26 27 -28 29 -30 -31 -32 -33 34 35 -36
0x8c52e8fe7ed76d34 3360 -1 -2 -3 4 -5 -6 7 8 9 -10 -11 12 13 -14 15 16 17 18 -19 -20 -21 22 23 -24 25 -26 27 -28 29 -30 -31 -32 -33 34 35 -36
0x5d3986eaac1861ef 3360 -1 -2 -3 4 -5 -6 7 8 9 -10 -11 12 13 -14 15 16 17 18 -19 -20 -21 22 23 -24 25 -26 27 -28 29 -30 -31 -32 -33 34 35 -36
0xa77ad1663540d895 3360 -1 -2 -3 4 -5 -6 7 8 9 -10 -11 12 13 -14 15 16 17 18 -19 -20 -21 22 23 -24 25 -26 27 -28 29 -30 -31 -32 -33 34 35 -36
0x630fc9399f7c13d1 3360 -1 -2 -3 4 -5 -6 7 8 9 -10 -11 12 13 -14 15 16 17 18 -19 -20 -21 22 23 -24 25 -26 27 -28 29 -30 -31 -32 -33 34 35 -36
0x18f407730c9d68f2 3360 -1 -2 -3 4 -5 -6 7 8 9 -10 -11 12 13 -14 15 16 17 18 -19 -20 -21 22 23 -24 25 -26 27 -28 29 -30 -31 -32 -33 34 35 -36
0xfaa1806febc2880a 3360 -1 -2 -3 4 -5 -6 7 8 9 -10 -11 12 13 -14 15 16 17 18 -19 -20 -21 22 23 -24 25 -26 27 -28 29 -30 -31 -32 -33 34 35 -36
0xb7693764fb5ce970 3360 -1 -2 -3 4 -5 -6 7 8 9 -10 -11 12 13 -14 15 16 17 18 -19 -20 -21 22 23 -24 25 -26 27 -28 29 -30 -31 -32 -33 34 35 -36
0xce0ec1dafa8dcb3e 3360 -1 -2 -3 4 -5 -6 7 8 9 -10 -11 12 13 -14 15 16 17 18 -19 -20 -21 22 23 -24 25 -26 27 -28 29 -30 -31 -32 -33 34 35 -36
0x3f049b2bb9dabed2 3360 -1 -2 -3 4 -5 -6 7 8 9 -10 -11 12 13 -14 15 16 17 18 -19 -20 -21 22 23 -24 25 -26 27 -28 29 -30 -31 -32 -33 34 35 -36