0x1964d3ee5100a4be 4124 -1 -2 3 4 -5 6 -7 -8 9 10 11 12 -13 14 -15 16 -17 18 19 20 21 -22 23 -24 -25 26 27 28 29 30 -31 -32 -33 34 -35 -36
0x1c7ca5849ed4806 4124 -1 -2 3 4 -5 6 -7 -8 9 10 11 12 -13 14 -15 16 -17 18 19 20 21 -22 23 -24 -25 26 27 28 29 30 -31 -32 -33 34 -35 -36
0xf402dca28e193ba1 4124 -1 -2 3 4 -5 6 -7 -8 9 10 11 12 -13 14 -15 16 -17 18 19 20 21 -22 23 -24 -25 26 27 28 29 30 -31 -32 -33 34 -35 -36
0xc5fa9ce668fd33ef 4124 -1 -2 3 4 -5 6 -7 -8 9 10 11 12 -13 14 -15 16 -17 18 19 20 21 -22 23 -24 -25 26 27 28 29 30 -31 -32 -33 34 -35 -36
0xdd4697eb525fdeb8 4124 -1 -2 3 4 -5 6 -7 -8 9 10 11 12 -13 14 -15 16 -17 18 19 20 21 -22 23 -24 -25 26 27 28 29 30 -31 -32 -33 34 -35 -36
0x58967a9748f2975c 4124 -1 -2 3 4 -5 6 -7 -8 9 10 11 12 -13 14 -15 16 -17 18 19 20 21 -22 23 -24 -25 26 27 28 29 30 -31 -32 -33 34 -35 -36
0x2dfd4de075e36958 4124 -1 -2 3 4 -5 6 -7 -8 9 10 11 12 -13 14 -15 16 -17 18 19 20 21 -22 23 -24 -25 26 27 28 29 30 -31 -32 -33 34 -35 -36
0x355dcb06e139fe8a 4124 -1 -2 3 4 -5 6 -7 -8 9 10 11 12 -13 14 -15 16 -17 18 19 20 21 -22 23 -24 -25 26 27 28 29 30 -31 -32 -33 34 -35 -36
0xa793177fe5eacaf6 4124 -1 -2 3 4 -5 6 -7 -8 9 10 11 12 -13 14 -15 16 -17 18 19 20 21 -22 23 -24 -25 26 27 28 29 30 -31 -32 -33 34 -35 -36
0xb2dd7e93bf03cf6 4124 -1 -2 3 4 -5 6 -7 -8 9 10 11 12 -13 14 -15 16 -17 18 19 20 21 -22 23 -24 -25 26 27 28 29 30 -31 -32 -33 34 -35 -36
0xf97e8e40918a453c 4124 -1 -2 3 4 -5 6 -7 -8 9 10 11 12 -13 14 -15 16 -17 18 19 20 21 -22 23 -24 -25 26 27 28 29 30 -31 -32 -33 34 -35 -36
0xb00d3f702b23b52 4124 -1 -2 3 4 -5 6 -7 -8 9 10 11 12 -13 14 -15 16 -17 18 19 20 21 -22 23 -24 -25 26 27 28 29 30 -31 -32 -33 34 -35 -36
0x2dc17edac4266c17 4124 -1 -2 3 4 -5 6 -7 -8 9 10 11 12 -13 14 -15 16 -17 18 19 20 21 -22 23 -24 -25 26 27 28 29 30 -31 -32 -33 34 -35 -36
0x4641a1e5c79604c2 4124 -1 -2 3 4 -5 6 -7 -8 9 10 11 12 -13 14 -15 16 -17 18 19 20 21 -22 23 -24 -25 26 27 28 29 30 -31 -32 -33 34 -35 -36
0x20d97d5c5c9d3875 4124 -1 -2 3 4 -5 6 -7 -8 9 10 11 12 -13 14 -15 16 -17 18 19 20 21 -22 23 -24 -25 26 27 28 29 30 -31 -32 -33 34 -35 -36
0x8059ab56a475c8d6 4124 -1 -2 3 4 -5 6 -7 -8 9 10 11 12 -13 14 -15 16 -17 18 19 20 21 -22 23 -24 -25 26 27 28 29 30 -31 -32 -33 34 -35 -36
0xe3e1797e35219ee0 4124 -1 -2 3 4 -5 6 -7 -8 9 10 11 12 -13 14 -15 16 -17 18 19 20 21 -22 23 -24 -25 26 27 28 29 30 -31 -32 -33 34 -35 -36
0xebd55e79352ac676 4124 -1 -2 3 4 -5 6 -7 -8 9 10 11 12 -13 14 -15 16 -17 18 19 20 21 -22 23 -24 -25 26 27 28 29 30 -31 -32 -33 34 -35 -36
0xe49bf000ee5e7efa 4124 -1 -2 3 4 -5 6 -7 -8 9 10 11 12 -13 14 -15 16 -17 18 19 20 21 -22 23 -24 -25 26 27 28 29 30 -31 -32 -33 34 -35 -36
0x75d9be628b7eb0d5 4124 -1 -2 3 4 -5 6 -7 -8 9 10 11 12 -13 14 -15 16 -17 18 19 20 21 -22 23 -24 -25 26 27 28 29 30 -31 -32 -33 34 -35 -36
0x50870001c990f2f4 4124 -1 -2 3 4 -5 6 -7 -8 9 10 11 12 -13 14 -15 16 -17 18 19 20 21 -22 23 -24 -25 26 27 28 29 30 -31 -32 -33 34 -35 -36
0x67dd0cd36bf12048 4124 -1 -2 3 4 -5 6 -7 -8 9 10 11 12 -13 14 -15 16 -17 18 19 20 21 -22 23 -24 -25 26 27 28 29 30 -31 -32 -33 34 -35 -36
0xcb80fe6218aeb83c 4124 -1 -2 3 4 -5 6 -7 -8 9 10 11 12 -13 14 -15 16 -17 18 19 20 21 -22 23 -24 -25 26 27 28 29 30 -31 -32 -33 34 -35 -36
0x90bc3e79795b00df 4124 -1 -2 3 4 -5 6 -7 -8 9 10 11 12 -13 14 -15 16 -17 18 19 20 21 -22 23 -24 -25 26 27 28 29 30 -31 -32 -33 34 -35 -36
0xc9052ce2a9355227 4124 -1 -2 3 4 -5 6 -7 -8 9 10 11 12 -13 14 -15 16 -17 18 19 20 21 -22 23 -24 -25 26 27 28 29 30 -31 -32 -33 34 -35 -36
0x75f8fbb014bf8ca0 4124 -1 -2 3 4 -5 6 -7 -8 9 10 11 12 -13 14 -15 16 -17 18 19 20 21 -22 23 -24 -25 26 27 28 29 30 -31 -32 -33 34 -35 -36
0xee9ef4b884bd5f1c 4124 -1 -2 3 4 -5 6 -7 -8 9 10 11 12 -13 14 -15 16 -17 18 19 20 21 -22 23 -24 -25 26 27 28 29 30 -31 -32 -33 34 -35 -36
0x50cc9d87d7450ca0 4124 -1 -2 3 4 -5 6 -7 -8 9 10 11 12 -13 14 -15 16 -17 18 19 20 21 -22 23 -24 -25 26 27 28 29 30 -31 -32 -33 34 -35 -36
0x62b6ba2f4912fdec 4124 -1 -2 3 4 -5 6 -7 -8 9 10 11 12 -13 14 -15 16 -17 18 19 20 21 -22 23 -24 -25 26 27 28 29 30 -31 -32 -33 34 -35 -36
0x443033dbb684b5a0 4124 -1 -2 3 4 -5 6 -7 -8 9 10 11 12 -13 14 -15 16 -17 18 19 20 21 -22 23 -24 -25 26 27 28 29 30 -31 -32 -33 34 -35 -36