0x611c616244b5c305 4868 -1 2 3 4 5 -6 -7 8 -9 10 -11 -12 13 14 15 16 17 18 19 20 21 22 23 24 25 -26 27 28 29 30 -31 32 33 -34 -35 -36
0x15df7094f57052b7 4868 -1 2 3 4 5 -6 -7 8 -9 10 -11 -12 13 14 15 16 17 18 19 20 21 22 23 24 25 -26 27 28 29 30 -31 32 33 -34 -35 -36
0xcca19f67b3c90baa 4868 -1 2 3 4 5 -6 -7 8 -9 10 -11 -12 13 14 15 16 17 18 19 20 21 22 23 24 25 -26 27 28 29 30 -31 32 33 -34 -35 -36
0xc81870a47d155026 4868 -1 2 3 4 5 -6 -7 8 -9 10 -11 -12 13 14 15 16 17 18 19 20 21 22 23 24 25 -26 27 28 29 30 -31 32 33 -34 -35 -36
0x8d963e2fac88fcfe 4868 -1 2 3 4 5 -6 -7 8 -9 10 -11 -12 13 14 15 16 17 18 19 20 21 22 23 24 25 -26 27 28 29 30 -31 32 33 -34 -35 -36
0xa69950490a36be53 4868 -1 2 3 4 5 -6 -7 8 -9 10 -11 -12 13 14 15 16 17 18 19 20 21 22 23 24 25 -26 27 28 29 30 -31 32 33 -34 -35 -36
0x1f52a7c62c807dbb 4868 -1 2 3 4 5 -6 -7 8 -9 10 -11 -12 13 14 15 16 17 18 19 20 21 22 23 24 25 -26 27 28 29 30 -31 32 33 -34 -35 -36
0x4717f57921a779c9 4868 -1 2 3 4 5 -6 -7 8 -9 10 -11 -12 13 14 15 16 17 18 19 20 21 22 23 24 25 -26 27 28 29 30 -31 32 33 -34 -35 -36
0x4e45e21c1f3fc6ef 4868 -1 2 3 4 5 -6 -7 8 -9 10 -11 -12 13 14 15 16 17 18 19 20 21 22 23 24 25 -26 27 28 29 30 -31 32 33 -34 -35 -36
0xf42b0e6f9d7c5532 4868 -1 2 3 4 5 -6 -7 8 -9 10 -11 -12 13 14 15 16 17 18 19 20 21 22 23 24 25 -26 27 28 29 30 -31 32 33 -34 -35 -36
0x1ea9148cda3f4fc3 4868 -1 2 3 4 5 -6 -7 8 -9 10 -11 -12 13 14 15 16 17 18 19 20 21 22 23 24 25 -26 27 28 29 30 -31 32 33 -34 -35 -36
0xb1c93a941d692adc 4868 -1 2 3 4 5 -6 -7 8 -9 10 -11 -12 13 14 15 16 17 18 19 20 21 22 23 24 25 -26 27 28 29 30 -31 32 33 -34 -35 -36
0x9707c0dc3183260 4868 -1 2 3 4 5 -6 -7 8 -9 10 -11 -12 13 14 15 16 17 18 19 20 21 22 23 24 25 -26 27 28 29 30 -31 32 33 -34 -35 -36
0x4ce47c4298d3d1d6 4868 -1 2 3 4 5 -6 -7 8 -9 10 -11 -12 13 14 15 16 17 18 19 20 21 22 23 24 25 -26 27 28 29 30 -31 32 33 -34 -35 -36
0x966af543af353dee 4868 -1 2 3 4 5 -6 -7 8 -9 10 -11 -12 13 14 15 16 17 18 19 20 21 22 23 24 25 -26 27 28 29 30 -31 32 33 -34 -35 -36
0x4de07333f9c5e81 4868 -1 2 3 4 5 -6 -7 8 -9 10 -11 -12 13 14 15 16 17 18 19 20 21 22 23 24 25 -26 27 28 29 30 -31 32 33 -34 -35 -36
0x773f32d0d090340c 4868 -1 2 3 4 5 -6 -7 8 -9 10 -11 -12 13 14 15 16 17 18 19 20 21 22 23 24 25 -26 27 28 29 30 -31 32 33 -34 -35 -36
0xda0fbf87af30d171 4868 -1 2 3 4 5 -6 -7 8 -9 10 -11 -12 13 14 15 16 17 18 19 20 21 22 23 24 25 -26 27 28 29 30 -31 32 33 -34 -35 -36
0xcfab2dcf48e09c1e 4868 -1 2 3 4 5 -6 -7 8 -9 10 -11 -12 13 14 15 16 17 18 19 20 21 22 23 24 25 -26 27 28 29 30 -31 32 33 -34 -35 -36
0x4bc3d8673b28d93 4868 -1 2 3 4 5 -6 -7 8 -9 10 -11 -12 13 14 15 16 17 18 19 20 21 22 23 24 25 -26 27 28 29 30 -31 32 33 -34 -35 -36
0xe9ddca60d81c99ec 4868 -1 2 3 4 5 -6 -7 8 -9 10 -11 -12 13 14 15 16 17 18 19 20 21 22 23 24 25 -26 27 28 29 30 -31 32 33 -34 -35 -36
0xff1618a2c61f48f7 4868 -1 2 3 4 5 -6 -7 8 -9 10 -11 -12 13 14 15 16 17 18 19 20 21 22 23 24 25 -26 27 28 29 30 -31 32 33 -34 -35 -36
0x7ec26b9a52731433 4868 -1 2 3 4 5 -6 -7 8 -9 10 -11 -12 13 14 15 16 17 18 19 20 21 22 23 24 25 -26 27 28 29 30 -31 32 33 -34 -35 -36
0x791e17935da2ca96 4868 -1 2 3 4 5 -6 -7 8 -9 10 -11 -12 13 14 15 16 17 18 19 20 21 22 23 24 25 -26 27 28 29 30 -31 32 33 -34 -35 -36
0x3a9e9050f08531c5 4868 -1 2 3 4 5 -6 -7 8 -9 10 -11 -12 13 14 15 16 17 18 19 20 21 22 23 24 25 -26 27 28 29 30 -31 32 33 -34 -35 -36
0xb69521ede957a32d 4868 -1 2 3 4 5 -6 -7 8 -9 10 -11 -12 13 14 15 16 17 18 19 20 21 22 23 24 25 -26 27 28 29 30 -31 32 33 -34 -35 -36
0xba1b845430fdd97a 4868 -1 2 3 4 5 -6 -7 8 -9 10 -11 -12 13 14 15 16 17 18 19 20 21 22 23 24 25 -26 27 28 29 30 -31 32 33 -34 -35 -36
0x71973ec359584e1f 4868 -1 2 3 4 5 -6 -7 8 -9 10 -11 -12 13 14 15 16 17 18 19 20 21 22 23 24 25 -26 27 28 29 30 -31 32 33 -34 -35 -36
0xf8b1db50623726d3 4868 -1 2 3 4 5 -6 -7 8 -9 10 -11 -12 13 14 15 16 17 18 19 20 21 22 23 24 25 -26 27 28 29 30 -31 32 33 -34 -35 -36
0x1edb5125b6e7d2c4 4868 -1 2 3 4 5 -6 -7 8 -9 10 -11 -12 13 14 15 16 17 18 19 20 21 22 23 24 25 -26 27 28 29 30 -31 32 33 -34 -35 -36