0x2023062b52ae8c24 13118 -1 2 3 -4 5 -6 7 -8 -9 -10 -11 -12 -13 14 -15 -16 17 18 19 20 21 -22 23 24 25 -26 27 -28 29 -30 31 32 -33 34 35 36
0xb80cd886d2a1c420 13118 -1 2 3 -4 5 -6 7 -8 -9 -10 -11 -12 -13 14 -15 -16 17 18 19 20 21 -22 23 24 25 -26 27 -28 29 -30 31 32 -33 34 35 36
0x5c9d7ac99c1fc87d 13118 -1 2 3 -4 5 -6 7 -8 -9 -10 -11 -12 -13 14 -15 -16 17 18 19 20 21 -22 23 24 25 -26 27 -28 29 -30 31 32 -33 34 35 36
0x9a229142c02cd22f 13118 -1 2 3 -4 5 -6 7 -8 -9 -10 -11 -12 -13 14 -15 -16 17 18 19 20 21 -22 23 24 25 -26 27 -28 29 -30 31 32 -33 34 35 36
0x5c1c64ca215a368c 13118 -1 2 3 -4 5 -6 7 -8 -9 -10 -11 -12 -13 14 -15 -16 17 18 19 20 21 -22 23 24 25 -26 27 -28 29 -30 31 32 -33 34 35 36
0x25548f9e3c21fc04 13118 -1 2 3 -4 5 -6 7 -8 -9 -10 -11 -12 -13 14 -15 -16 17 18 19 20 21 -22 23 24 25 -26 27 -28 29 -30 31 32 -33 34 35 36
0xfcb84ca5362ed3bb 13118 -1 2 3 -4 5 -6 7 -8 -9 -10 -11 -12 -13 14 -15 -16 17 18 19 20 21 -22 23 24 25 -26 27 -28 29 -30 31 32 -33 34 35 36
0xe1247ac9580e2fbc 13118 -1 2 3 -4 5 -6 7 -8 -9 -10 -11 -12 -13 14 -15 -16 17 18 19 20 21 -22 23 24 25 -26 27 -28 29 -30 31 32 -33 34 35 36
0xc83f63cb9f753924 13118 -1 2 3 -4 5 -6 7 -8 -9 -10 -11 -12 -13 14 -15 -16 17 18 19 20 21 -22 23 24 25 -26 27 -28 29 -30 31 32 -33 34 35 36
0x7d87e731f6b1f4d5 13118 -1 2 3 -4 5 -6 7 -8 -9 -10 -11 -12 -13 14 -15 -16 17 18 19 20 21 -22 23 24 25 -26 27 -28 29 -30 31 32 -33 34 35 36
0xa43676a16697a8aa 13118 -1 2 3 -4 5 -6 7 -8 -9 -10 -11 -12 -13 14 -15 -16 17 18 19 20 21 -22 23 24 25 -26 27 -28 29 -30 31 32 -33 34 35 36
0x93a7d7960c6ddbad 13118 -1 2 3 -4 5 -6 7 -8 -9 -10 -11 -12 -13 14 -15 -16 17 18 19 20 21 -22 23 24 25 -26 27 -28 29 -30 31 32 -33 34 35 36
0x149fd1cec405aa2d 13118 -1 2 3 -4 5 -6 7 -8 -9 -10 -11 -12 -13 14 -15 -16 17 18 19 20 21 -22 23 24 25 -26 27 -28 29 -30 31 32 -33 34 35 36
0x1f8231dc2c1c2aeb 13118 -1 2 3 -4 5 -6 7 -8 -9 -10 -11 -12 -13 14 -15 -16 17 18 19 20 21 -22 23 24 25 -26 27 -28 29 -30 31 32 -33 34 35 36
0x98423e6a8880b4bc 13118 -1 2 3 -4 5 -6 7 -8 -9 -10 -11 -12 -13 14 -15 -16 17 18 19 20 21 -22 23 24 25 -26 27 -28 29 -30 31 32 -33 34 35 36
0x6d088c81ce4a1360 13118 -1 2 3 -4 5 -6 7 -8 -9 -10 -11 -12 -13 14 -15 -16 17 18 19 20 21 -22 23 24 25 -26 27 -28 29 -30 31 32 -33 34 35 36
0x83d47e712285bfa4 13118 -1 2 3 -4 5 -6 7 -8 -9 -10 -11 -12 -13 14 -15 -16 17 18 19 20 21 -22 23 24 25 -26 27 -28 29 -30 31 32 -33 34 35 36
0xadd1c35645f0575e 13118 -1 2 3 -4 5 -6 7 -8 -9 -10 -11 -12 -13 14 -15 -16 17 18 19 20 21 -22 23 24 25 -26 27 -28 29 -30 31 32 -33 34 35 36
0x4a3f6aa7ed8ff03e 13118 -1 2 3 -4 5 -6 7 -8 -9 -10 -11 -12 -13 14 -15 -16 17 18 19 20 21 -22 23 24 25 -26 27 -28 29 -30 31 32 -33 34 35 36
0x7b18ed18e573dcd6 13118 -1 2 3 -4 5 -6 7 -8 -9 -10 -11 -12 -13 14 -15 -16 17 18 19 20 21 -22 23 24 25 -26 27 -28 29 -30 31 32 -33 34 35 36
0x486e6b5042f44aa3 13118 -1 2 3 -4 5 -6 7 -8 -9 -10 -11 -12 -13 14 -15 -16 17 18 19 20 21 -22 23 24 25 -26 27 -28 29 -30 31 32 -33 34 35 36
0xf0616fe2e5e9425a 13118 -1 2 3 -4 5 -6 7 -8 -9 -10 -11 -12 -13 14 -15 -16 17 18 19 20 21 -22 23 24 25 -26 27 -28 29 -30 31 32 -33 34 35 36
0x2342d096950f7674 13118 -1 2 3 -4 5 -6 7 -8 -9 -10 -11 -12 -13 14 -15 -16 17 18 19 20 21 -22 23 24 25 -26 27 -28 29 -30 31 32 -33 34 35 36
0x316b8adc23c58bfc 13118 -1 2 3 -4 5 -6 7 -8 -9 -10 -11 -12 -13 14 -15 -16 17 18 19 20 21 -22 23 24 25 -26 27 -28 29 -30 31 32 -33 34 35 36
0x6003b783030cc998 13118 -1 2 3 -4 5 -6 7 -8 -9 -10 -11 -12 -13 14 -15 -16 17 18 19 20 21 -22 23 24 25 -26 27 -28 29 -30 31 32 -33 34 35 36
0x3a3ff1c27b8458d7 13118 -1 2 3 -4 5 -6 7 -8 -9 -10 -11 -12 -13 14 -15 -16 17 18 19 20 21 -22 23 24 25 -26 27 -28 29 -30 31 32 -33 34 35 36
0xa8eecd69d42e85ba 13118 -1 2 3 -4 5 -6 7 -8 -9 -10 -11 -12 -13 14 -15 -16 17 18 19 20 21 -22 23 24 25 -26 27 -28 29 -30 31 32 -33 34 35 36
0x61bd38668873a886 13118 -1 2 3 -4 5 -6 7 -8 -9 -10 -11 -12 -13 14 -15 -16 17 18 19 20 21 -22 23 24 25 -26 27 -28 29 -30 31 32 -33 34 35 36
0x35a1e378c146a5c8 13118 -1 2 3 -4 5 -6 7 -8 -9 -10 -11 -12 -13 14 -15 -16 17 18 19 20 21 -22 23 24 25 -26 27 -28 29 -30 31 32 -33 34 35 36
0x61a50e30cfcb30a9 13118 -1 2 3 -4 5 -6 7 -8 -9 -10 -11 -12 -13 14 -15 -16 17 18 19 20 21 -22 23 24 25 -26 27 -28 29 -30 31 32 -33 34 35 36