0xfe1a251badb16d2e 10990 1 2 -3 4 5 -6 7 -8 -9 10 -11 12 13 -14 -15 -16 -17 -18 -19 20 21 -22 23 -24 -25 -26 -27 28 29 -30 -31 -32 33 34 -35 36
0x89170872130172b4 10990 1 2 -3 4 5 -6 7 -8 -9 10 -11 12 13 -14 -15 -16 -17 -18 -19 20 21 -22 23 -24 -25 -26 -27 28 29 -30 -31 -32 33 34 -35 36
0x2311b22a2af2f9ed 10990 1 2 -3 4 5 -6 7 -8 -9 10 -11 12 13 -14 -15 -16 -17 -18 -19 20 21 -22 23 -24 -25 -26 -27 28 29 -30 -31 -32 33 34 -35 36
0x53720ed8ce144b0 10990 1 2 -3 4 5 -6 7 -8 -9 10 -11 12 13 -14 -15 -16 -17 -18 -19 20 21 -22 23 -24 -25 -26 -27 28 29 -30 -31 -32 33 34 -35 36
0x692ab143d12b72f8 10990 1 2 -3 4 5 -6 7 -8 -9 10 -11 12 13 -14 -15 -16 -17 -18 -19 20 21 -22 23 -24 -25 -26 -27 28 29 -30 -31 -32 33 34 -35 36
0x4581b7e9e9396a04 10990 1 2 -3 4 5 -6 7 -8 -9 10 -11 12 13 -14 -15 -16 -17 -18 -19 20 21 -22 23 -24 -25 -26 -27 28 29 -30 -31 -32 33 34 -35 36
0xe0f063a065cd9ad2 10990 1 2 -3 4 5 -6 7 -8 -9 10 -11 12 13 -14 -15 -16 -17 -18 -19 20 21 -22 23 -24 -25 -26 -27 28 29 -30 -31 -32 33 34 -35 36
0xc05ce229a8b62965 10990 1 2 -3 4 5 -6 7 -8 -9 10 -11 12 13 -14 -15 -16 -17 -18 -19 20 21 -22 23 -24 -25 -26 -27 28 29 -30 -31 -32 33 34 -35 36
0xfdb6348690433256 10990 1 2 -3 4 5 -6 7 -8 -9 10 -11 12 13 -14 -15 -16 -17 -18 -19 20 21 -22 23 -24 -25 -26 -27 28 29 -30 -31 -32 33 34 -35 36
0xa38e70380bda9e 10990 1 2 -3 4 5 -6 7 -8 -9 10 -11 12 13 -14 -15 -16 -17 -18 -19 20 21 -22 23 -24 -25 -26 -27 28 29 -30 -31 -32 33 34 -35 36
0x58ca5d14101c15a2 10990 1 2 -3 4 5 -6 7 -8 -9 10 -11 12 13 -14 -15 -16 -17 -18 -19 20 21 -22 23 -24 -25 -26 -27 28 29 -30 -31 -32 33 34 -35 36
0x3ce511170414d80 10990 1 2 -3 4 5 -6 7 -8 -9 10 -11 12 13 -14 -15 -16 -17 -18 -19 20 21 -22 23 -24 -25 -26 -27 28 29 -30 -31 -32 33 34 -35 36
0x2a9007b583145999 10990 1 2 -3 4 5 -6 7 -8 -9 10 -11 12 13 -14 -15 -16 -17 -18 -19 20 21 -22 23 -24 -25 -26 -27 28 29 -30 -31 -32 33 34 -35 36
0x68cc2f77e9d36f5f 10990 1 2 -3 4 5 -6 7 -8 -9 10 -11 12 13 -14 -15 -16 -17 -18 -19 20 21 -22 23 -24 -25 -26 -27 28 29 -30 -31 -32 33 34 -35 36
0xeb5643b3795ef961 10990 1 2 -3 4 5 -6 7 -8 -9 10 -11 12 13 -14 -15 -16 -17 -18 -19 20 21 -22 23 -24 -25 -26 -27 28 29 -30 -31 -32 33 34 -35 36
0x22ff3ba27ff88095 10990 1 2 -3 4 5 -6 7 -8 -9 10 -11 12 13 -14 -15 -16 -17 -18 -19 20 21 -22 23 -24 -25 -26 -27 28 29 -30 -31 -32 33 34 -35 36
0xd809c8a0e4fb13e5 10990 1 2 -3 4 5 -6 7 -8 -9 10 -11 12 13 -14 -15 -16 -17 -18 -19 20 21 -22 23 -24 -25 -26 -27 28 29 -30 -31 -32 33 34 -35 36
0x131affa255e8d9fc 10990 1 2 -3 4 5 -6 7 -8 -9 10 -11 12 13 -14 -15 -16 -17 -18 -19 20 21 -22 23 -24 -25 -26 -27 28 29 -30 -31 -32 33 34 -35 36
0x701f89ed7119b952 10990 1 2 -3 4 5 -6 7 -8 -9 10 -11 12 13 -14 -15 -16 -17 -18 -19 20 21 -22 23 -24 -25 -26 -27 28 29 -30 -31 -32 33 34 -35 36
0xfce2b91c3c534276 10990 1 2 -3 4 5 -6 7 -8 -9 10 -11 12 13 -14 -15 -16 -17 -18 -19 20 21 -22 23 -24 -25 -26 -27 28 29 -30 -31 -32 33 34 -35 36
0x13561a5626da489c 10990 1 2 -3 4 5 -6 7 -8 -9 10 -11 12 13 -14 -15 -16 -17 -18 -19 20 21 -22 23 -24 -25 -26 -27 28 29 -30 -31 -32 33 34 -35 36
0x9e0564cab962d467 10990 1 2 -3 4 5 -6 7 -8 -9 10 -11 12 13 -14 -15 -16 -17 -18 -19 20 21 -22 23 -24 -25 -26 -27 28 29 -30 -31 -32 33 34 -35 36
0xaf2bdf70f4e35cf8 10990 1 2 -3 4 5 -6 7 -8 -9 10 -11 12 13 -14 -15 -16 -17 -18 -19 20 21 -22 23 -24 -25 -26 -27 28 29 -30 -31 -32 33 34 -35 36
0x2f9599fd31fc7337 10990 1 2 -3 4 5 -6 7 -8 -9 10 -11 12 13 -14 -15 -16 -17 -18 -19 20 21 -22 23 -24 -25 -26 -27 28 29 -30 -31 -32 33 34 -35 36
0xed281525379e4b61 10990 1 2 -3 4 5 -6 7 -8 -9 10 -11 12 13 -14 -15 -16 -17 -18 -19 20 21 -22 23 -24 -25 -26 -27 28 29 -30 -31 -32 33 34 -35 36
0x58db3613c719d0d3 10990 1 2 -3 4 5 -6 7 -8 -9 10 -11 12 13 -14 -15 -16 -17 -18 -19 20 21 -22 23 -24 -25 -26 -27 28 29 -30 -31 -32 33 34 -35 36
0x8c54a12e401b3016 10990 1 2 -3 4 5 -6 7 -8 -9 10 -11 12 13 -14 -15 -16 -17 -18 -19 20 21 -22 23 -24 -25 -26 -27 28 29 -30 -31 -32 33 34 -35 36
0x8f7cd8056668032b 10990 1 2 -3 4 5 -6 7 -8 -9 10 -11 12 13 -14 -15 -16 -17 -18 -19 20 21 -22 23 -24 -25 -26 -27 28 29 -30 -31 -32 33 34 -35 36
0x8186b69c0fe38c18 10990 1 2 -3 4 5 -6 7 -8 -9 10 -11 12 13 -14 -15 -16 -17 -18 -19 20 21 -22 23 -24 -25 -26 -27 28 29 -30 -31 -32 33 34 -35 36
0xe3f2bdb518fa9b3 10990 1 2 -3 4 5 -6 7 -8 -9 10 -11 12 13 -14 -15 -16 -17 -18 -19 20 21 -22 23 -24 -25 -26 -27 28 29 -30 -31 -32 33 34 -35 36