0x4907957ad9eb9697 14535 -1 -2 -3 -4 5 -6 7 8 9 -10 11 12 13 14 15 -16 17 18 19 20 -21 22 -23 -24 25 -26 27 28 29 30 -31 -32 -33 -34 35 36
0x8d1f89a9600e43d0 14535 -1 -2 -3 -4 5 -6 7 8 9 -10 11 12 13 14 15 -16 17 18 19 20 -21 22 -23 -24 25 -26 27 28 29 30 -31 -32 -33 -34 35 36
0xf82ba739d5307783 14535 -1 -2 -3 -4 5 -6 7 8 9 -10 11 12 13 14 15 -16 17 18 19 20 -21 22 -23 -24 25 -26 27 28 29 30 -31 -32 -33 -34 35 36
0xa21549f7a3ec021b 14535 -1 -2 -3 -4 5 -6 7 8 9 -10 11 12 13 14 15 -16 17 18 19 20 -21 22 -23 -24 25 -26 27 28 29 30 -31 -32 -33 -34 35 36
0xcb4af38800abfe73 14535 -1 -2 -3 -4 5 -6 7 8 9 -10 11 12 13 14 15 -16 17 18 19 20 -21 22 -23 -24 25 -26 27 28 29 30 -31 -32 -33 -34 35 36
0xf381e2cd4319ee60 14535 -1 -2 -3 -4 5 -6 7 8 9 -10 11 12 13 14 15 -16 17 18 19 20 -21 22 -23 -24 25 -26 27 28 29 30 -31 -32 -33 -34 35 36
0x90ac3c137d876f4 14535 -1 -2 -3 -4 5 -6 7 8 9 -10 11 12 13 14 15 -16 17 18 19 20 -21 22 -23 -24 25 -26 27 28 29 30 -31 -32 -33 -34 35 36
0xd220a8363fec308d 14535 -1 -2 -3 -4 5 -6 7 8 9 -10 11 12 13 14 15 -16 17 18 19 20 -21 22 -23 -24 25 -26 27 28 29 30 -31 -32 -33 -34 35 36
0x924d019383ea415c 14535 -1 -2 -3 -4 5 -6 7 8 9 -10 11 12 13 14 15 -16 17 18 19 20 -21 22 -23 -24 25 -26 27 28 29 30 -31 -32 -33 -34 35 36
0x28e5d30b557b6bec 14535 -1 -2 -3 -4 5 -6 7 8 9 -10 11 12 13 14 15 -16 17 18 19 20 -21 22 -23 -24 25 -26 27 28 29 30 -31 -32 -33 -34 35 36
0x101f06c8220af7a2 14535 -1 -2 -3 -4 5 -6 7 8 9 -10 11 12 13 14 15 -16 17 18 19 20 -21 22 -23 -24 25 -26 27 28 29 30 -31 -32 -33 -34 35 36
0xaa8cca5aedf710ca 14535 -1 -2 -3 -4 5 -6 7 8 9 -10 11 12 13 14 15 -16 17 18 19 20 -21 22 -23 -24 25 -26 27 28 29 30 -31 -32 -33 -34 35 36
0x9f722e21bea5f29 14535 -1 -2 -3 -4 5 -6 7 8 9 -10 11 12 13 14 15 -16 17 18 19 20 -21 22 -23 -24 25 -26 27 28 29 30 -31 -32 -33 -34 35 36
0x658cbbe6e127c1b2 14535 -1 -2 -3 -4 5 -6 7 8 9 -10 11 12 13 14 15 -16 17 18 19 20 -21 22 -23 -24 25 -26 27 28 29 30 -31 -32 -33 -34 35 36
0x61cf3f79be24fa6d 14535 -1 -2 -3 -4 5 -6 7 8 9 -10 11 12 13 14 15 -16 17 18 19 20 -21 22 -23 -24 25 -26 27 28 29 30 -31 -32 -33 -34 35 36
0x4286f3907b7556a4 14535 -1 -2 -3 -4 5 -6 7 8 9 -10 11 12 13 14 15 -16 17 18 19 20 -21 22 -23 -24 25 -26 27 28 29 30 -31 -32 -33 -34 35 36
0xf65e989aa4f79f4f 14535 -1 -2 -3 -4 5 -6 7 8 9 -10 11 12 13 14 15 -16 17 18 19 20 -21 22 -23 -24 25 -26 27 28 29 30 -31 -32 -33 -34 35 36
0xc6b7c569a898ddc2 14535 -1 -2 -3 -4 5 -6 7 8 9 -10 11 12 13 14 15 -16 17 18 19 20 -21 22 -23 -24 25 -26 27 28 29 30 -31 -32 -33 -34 35 36
0xc2133c429f07c096 14535 -1 -2 -3 -4 5 -6 7 8 9 -10 11 12 13 14 15 -16 17 18 19 20 -21 22 -23 -24 25 -26 27 28 29 30 -31 -32 -33 -34 35 36
0x9d4ff53e2baaacd5 14535 -1 -2 -3 -4 5 -6 7 8 9 -10 11 12 13 14 15 -16 17 18 19 20 -21 22 -23 -24 25 -26 27 28 29 30 -31 -32 -33 -34 35 36
0x6d46d9e4aa4cc76a 14535 -1 -2 -3 -4 5 -6 7 8 9 -10 11 12 13 14 15 -16 17 18 19 20 -21 22 -23 -24 25 -26 27 28 29 30 -31 -32 -33 -34 35 36
0x15b1bf86a3882425 14535 -1 -2 -3 -4 5 -6 7 8 9 -10 11 12 13 14 15 -16 17 18 19 20 -21 22 -23 -24 25 -26 27 28 29 30 -31 -32 -33 -34 35 36
0x419d86c81e80beb1 14535 -1 -2 -3 -4 5 -6 7 8 9 -10 11 12 13 14 15 -16 17 18 19 20 -21 22 -23 -24 25 -26 27 28 29 30 -31 -32 -33 -34 35 36
0x65ce21ef5b22d9c0 14535 -1 -2 -3 -4 5 -6 7 8 9 -10 11 12 13 14 15 -16 17 18 19 20 -21 22 -23 -24 25 -26 27 28 29 30 -31 -32 -33 -34 35 36
0x6b037c7823346fdc 14535 -1 -2 -3 -4 5 -6 7 8 9 -10 11 12 13 14 15 -16 17 18 19 20 -21 22 -23 -24 25 -26 27 28 29 30 -31 -32 -33 -34 35 36
0x3d03ca0b94d8ab5b 14535 -1 -2 -3 -4 5 -6 7 8 9 -10 11 12 13 14 15 -16 17 18 19 20 -21 22 -23 -24 25 -26 27 28 29 30 -31 -32 -33 -34 35 36
0x21f8545a2f25e55d 14535 -1 -2 -3 -4 5 -6 7 8 9 -10 11 12 13 14 15 -16 17 18 19 20 -21 22 -23 -24 25 -26 27 28 29 30 -31 -32 -33 -34 35 36
0x2529eab83161a2b9 14535 -1 -2 -3 -4 5 -6 7 8 9 -10 11 12 13 14 15 -16 17 18 19 20 -21 22 -23 -24 25 -26 27 28 29 30 -31 -32 -33 -34 35 36
0x7c17d580653ada27 14535 -1 -2 -3 -4 5 -6 7 8 9 -10 11 12 13 14 15 -16 17 18 19 20 -21 22 -23 -24 25 -26 27 28 29 30 -31 -32 -33 -34 35 36
0xe1b72aac269522ad 14535 -1 -2 -3 -4 5 -6 7 8 9 -10 11 12 13 14 15 -16 17 18 19 20 -21 22 -23 -24 25 -26 27 28 29 30 -31 -32 -33 -34 35 36