0x5511755e8798fc9c 7441 1 2 3 4 -5 -6 -7 -8 9 -10 -11 -12 13 -14 -15 -16 -17 18 19 20 21 22 23 24 25 26 27 28 29 -30 31 -32 -33 -34 -35 36
0x34e7480a3380c64f 7441 1 2 3 4 -5 -6 -7 -8 9 -10 -11 -12 13 -14 -15 -16 -17 18 19 20 21 22 23 24 25 26 27 28 29 -30 31 -32 -33 -34 -35 36
0xa146f9fb5152cff4 7441 1 2 3 4 -5 -6 -7 -8 9 -10 -11 -12 13 -14 -15 -16 -17 18 19 20 21 22 23 24 25 26 27 28 29 -30 31 -32 -33 -34 -35 36
0x3f2712366b451ea1 7441 1 2 3 4 -5 -6 -7 -8 9 -10 -11 -12 13 -14 -15 -16 -17 18 19 20 21 22 23 24 25 26 27 28 29 -30 31 -32 -33 -34 -35 36
0x5a6ee90e0cfdfaa5 7441 1 2 3 4 -5 -6 -7 -8 9 -10 -11 -12 13 -14 -15 -16 -17 18 19 20 21 22 23 24 25 26 27 28 29 -30 31 -32 -33 -34 -35 36
0x4c4c9bbd1a065e22 7441 1 2 3 4 -5 -6 -7 -8 9 -10 -11 -12 13 -14 -15 -16 -17 18 19 20 21 22 23 24 25 26 27 28 29 -30 31 -32 -33 -34 -35 36
0x88690358908f3b11 7441 1 2 3 4 -5 -6 -7 -8 9 -10 -11 -12 13 -14 -15 -16 -17 18 19 20 21 22 23 24 25 26 27 28 29 -30 31 -32 -33 -34 -35 36
0x5a8311eff80f4834 7441 1 2 3 4 -5 -6 -7 -8 9 -10 -11 -12 13 -14 -15 -16 -17 18 19 20 21 22 23 24 25 26 27 28 29 -30 31 -32 -33 -34 -35 36
0xeaf364e43796fa3f 7441 1 2 3 4 -5 -6 -7 -8 9 -10 -11 -12 13 -14 -15 -16 -17 18 19 20 21 22 23 24 25 26 27 28 29 -30 31 -32 -33 -34 -35 36
0x26e60883f7f6f543 7441 1 2 3 4 -5 -6 -7 -8 9 -10 -11 -12 13 -14 -15 -16 -17 18 19 20 21 22 23 24 25 26 27 28 29 -30 31 -32 -33 -34 -35 36
0xc77a8ec18e3825b 7441 1 2 3 4 -5 -6 -7 -8 9 -10 -11 -12 13 -14 -15 -16 -17 18 19 20 21 22 23 24 25 26 27 28 29 -30 31 -32 -33 -34 -35 36
0xc41eac1f49f9d59a 7441 1 2 3 4 -5 -6 -7 -8 9 -10 -11 -12 13 -14 -15 -16 -17 18 19 20 21 22 23 24 25 26 27 28 29 -30 31 -32 -33 -34 -35 36
0xb91ff16189323033 7441 1 2 3 4 -5 -6 -7 -8 9 -10 -11 -12 13 -14 -15 -16 -17 18 19 20 21 22 23 24 25 26 27 28 29 -30 31 -32 -33 -34 -35 36
0x1ab49f89209e7750 7441 1 2 3 4 -5 -6 -7 -8 9 -10 -11 -12 13 -14 -15 -16 -17 18 19 20 21 22 23 24 25 26 27 28 29 -30 31 -32 -33 -34 -35 36
0x3a3028f8578da8da 7441 1 2 3 4 -5 -6 -7 -8 9 -10 -11 -12 13 -14 -15 -16 -17 18 19 20 21 22 23 24 25 26 27 28 29 -30 31 -32 -33 -34 -35 36
0x5ba12707278f593c 7441 1 2 3 4 -5 -6 -7 -8 9 -10 -11 -12 13 -14 -15 -16 -17 18 19 20 21 22 23 24 25 26 27 28 29 -30 31 -32 -33 -34 -35 36
0xbffb895142822be1 7441 1 2 3 4 -5 -6 -7 -8 9 -10 -11 -12 13 -14 -15 -16 -17 18 19 20 21 22 23 24 25 26 27 28 29 -30 31 -32 -33 -34 -35 36
0x8cc8bb603778afb4 7441 1 2 3 4 -5 -6 -7 -8 9 -10 -11 -12 13 -14 -15 -16 -17 18 19 20 21 22 23 24 25 26 27 28 29 -30 31 -32 -33 -34 -35 36
0x1ec5a5248ebefbf6 7441 1 2 3 4 -5 -6 -7 -8 9 -10 -11 -12 13 -14 -15 -16 -17 18 19 20 21 22 23 24 25 26 27 28 29 -30 31 -32 -33 -34 -35 36
0x75a582b7a2f3733f 7441 1 2 3 4 -5 -6 -7 -8 9 -10 -11 -12 13 -14 -15 -16 -17 18 19 20 21 22 23 24 25 26 27 28 29 -30 31 -32 -33 -34 -35 36
0x74c5ef5097ddd8d2 7441 1 2 3 4 -5 -6 -7 -8 9 -10 -11 -12 13 -14 -15 -16 -17 18 19 20 21 22 23 24 25 26 27 28 29 -30 31 -32 -33 -34 -35 36
0xe0286e0a348482c8 7441 1 2 3 4 -5 -6 -7 -8 9 -10 -11 -12 13 -14 -15 -16 -17 18 19 20 21 22 23 24 25 26 27 28 29 -30 31 -32 -33 -34 -35 36
0x61bce1e79b107cd9 7441 1 2 3 4 -5 -6 -7 -8 9 -10 -11 -12 13 -14 -15 -16 -17 18 19 20 21 22 23 24 25 26 27 28 29 -30 31 -32 -33 -34 -35 36
0x307e497dc08db929 7441 1 2 3 4 -5 -6 -7 -8 9 -10 -11 -12 13 -14 -15 -16 -17 18 19 20 21 22 23 24 25 26 27 28 29 -30 31 -32 -33 -34 -35 36
0xf0b7f5275f3c8353 7441 1 2 3 4 -5 -6 -7 -8 9 -10 -11 -12 13 -14 -15 -16 -17 18 19 20 21 22 23 24 25 26 27 28 29 -30 31 -32 -33 -34 -35 36
0xcfa5277e034785ad 7441 1 2 3 4 -5 -6 -7 -8 9 -10 -11 -12 13 -14 -15 -16 -17 18 19 20 21 22 23 24 25 26 27 28 29 -30 31 -32 -33 -34 -35 36
0x1834a4724a6ae030 7441 1 2 3 4 -5 -6 -7 -8 9 -10 -11 -12 13 -14 -15 -16 -17 18 19 20 21 22 23 24 25 26 27 28 29 -30 31 -32 -33 -34 -35 36
0xfeddd5a5792f4baa 7441 1 2 3 4 -5 -6 -7 -8 9 -10 -11 -12 13 -14 -15 -16 -17 18 19 20 21 22 23 24 25 26 27 28 29 -30 31 -32 -33 -34 -35 36
0xe717800a696f9527 7441 1 2 3 4 -5 -6 -7 -8 9 -10 -11 -12 13 -14 -15 -16 -17 18 19 20 21 22 23 24 25 26 27 28 29 -30 31 -32 -33 -34 -35 36
0xfcbf46be45ccfd9c 7441 1 2 3 4 -5 -6 -7 -8 9 -10 -11 -12 13 -14 -15 -16 -17 18 19 20 21 22 23 24 25 26 27 28 29 -30 31 -32 -33 -34 -35 36