0xef64de851ab9b007 6966 1 -2 3 4 5 -6 -7 -8 -9 10 -11 -12 13 14 15 16 17 -18 19 -20 21 22 23 -24 -25 26 27 28 29 -30 -31 -32 -33 34 -35 36
0x695d5b1f3be45fad 6966 1 -2 3 4 5 -6 -7 -8 -9 10 -11 -12 13 14 15 16 17 -18 19 -20 21 22 23 -24 -25 26 27 28 29 -30 -31 -32 -33 34 -35 36
0x2de3ea61eaafb310 6966 1 -2 3 4 5 -6 -7 -8 -9 10 -11 -12 13 14 15 16 17 -18 19 -20 21 22 23 -24 -25 26 27 28 29 -30 -31 -32 -33 34 -35 36
0xfda3024106d757e2 6966 1 -2 3 4 5 -6 -7 -8 -9 10 -11 -12 13 14 15 16 17 -18 19 -20 21 22 23 -24 -25 26 27 28 29 -30 -31 -32 -33 34 -35 36
0x3bf0d634f4da7994 6966 1 -2 3 4 5 -6 -7 -8 -9 10 -11 -12 13 14 15 16 17 -18 19 -20 21 22 23 -24 -25 26 27 28 29 -30 -31 -32 -33 34 -35 36
0x664233e1905174f7 6966 1 -2 3 4 5 -6 -7 -8 -9 10 -11 -12 13 14 15 16 17 -18 19 -20 21 22 23 -24 -25 26 27 28 29 -30 -31 -32 -33 34 -35 36
0x3cf186589a3fd5e2 6966 1 -2 3 4 5 -6 -7 -8 -9 10 -11 -12 13 14 15 16 17 -18 19 -20 21 22 23 -24 -25 26 27 28 29 -30 -31 -32 -33 34 -35 36
0x341b1e940a4e9bf9 6966 1 -2 3 4 5 -6 -7 -8 -9 10 -11 -12 13 14 15 16 17 -18 19 -20 21 22 23 -24 -25 26 27 28 29 -30 -31 -32 -33 34 -35 36
0x3cbd3319f7925c0 6966 1 -2 3 4 5 -6 -7 -8 -9 10 -11 -12 13 14 15 16 17 -18 19 -20 21 22 23 -24 -25 26 27 28 29 -30 -31 -32 -33 34 -35 36
0x33d653751abfede0 6966 1 -2 3 4 5 -6 -7 -8 -9 10 -11 -12 13 14 15 16 17 -18 19 -20 21 22 23 -24 -25 26 27 28 29 -30 -31 -32 -33 34 -35 36
0x7a34c977bdcc86b8 6966 1 -2 3 4 5 -6 -7 -8 -9 10 -11 -12 13 14 15 16 17 -18 19 -20 21 22 23 -24 -25 26 27 28 29 -30 -31 -32 -33 34 -35 36
0xbca9a7b56b568028 6966 1 -2 3 4 5 -6 -7 -8 -9 10 -11 -12 13 14 15 16 17 -18 19 -20 21 22 23 -24 -25 26 27 28 29 -30 -31 -32 -33 34 -35 36
0x1a9bbdb6b9c9239a 6966 1 -2 3 4 5 -6 -7 -8 -9 10 -11 -12 13 14 15 16 17 -18 19 -20 21 22 23 -24 -25 26 27 28 29 -30 -31 -32 -33 34 -35 36
0x4a2ef01af0663251 6966 1 -2 3 4 5 -6 -7 -8 -9 10 -11 -12 13 14 15 16 17 -18 19 -20 21 22 23 -24 -25 26 27 28 29 -30 -31 -32 -33 34 -35 36
0xde9c2fcdf62a11f6 6966 1 -2 3 4 5 -6 -7 -8 -9 10 -11 -12 13 14 15 16 17 -18 19 -20 21 22 23 -24 -25 26 27 28 29 -30 -31 -32 -33 34 -35 36
0xb9b596c92fef91cb 6966 1 -2 3 4 5 -6 -7 -8 -9 10 -11 -12 13 14 15 16 17 -18 19 -20 21 22 23 -24 -25 26 27 28 29 -30 -31 -32 -33 34 -35 36
0x735015dfb094668d 6966 1 -2 3 4 5 -6 -7 -8 -9 10 -11 -12 13 14 15 16 17 -18 19 -20 21 22 23 -24 -25 26 27 28 29 -30 -31 -32 -33 34 -35 36
0x96a4af6aa8b19b35 6966 1 -2 3 4 5 -6 -7 -8 -9 10 -11 -12 13 14 15 16 17 -18 19 -20 21 22 23 -24 -25 26 27 28 29 -30 -31 -32 -33 34 -35 36
0x44b87acdb98da361 6966 1 -2 3 4 5 -6 -7 -8 -9 10 -11 -12 13 14 15 16 17 -18 19 -20 21 22 23 -24 -25 26 27 28 29 -30 -31 -32 -33 34 -35 36
0xd3da87371eb97604 6966 1 -2 3 4 5 -6 -7 -8 -9 10 -11 -12 13 14 15 16 17 -18 19 -20 21 22 23 -24 -25 26 27 28 29 -30 -31 -32 -33 34 -35 36
0xb06a34f5bf9d4197 6966 1 -2 3 4 5 -6 -7 -8 -9 10 -11 -12 13 14 15 16 17 -18 19 -20 21 22 23 -24 -25 26 27 28 29 -30 -31 -32 -33 34 -35 36
0x37891018e76aa87c 6966 1 -2 3 4 5 -6 -7 -8 -9 10 -11 -12 13 14 15 16 17 -18 19 -20 21 22 23 -24 -25 26 27 28 29 -30 -31 -32 -33 34 -35 36
0x6e4684b233211b3 6966 1 -2 3 4 5 -6 -7 -8 -9 10 -11 -12 13 14 15 16 17 -18 19 -20 21 22 23 -24 -25 26 27 28 29 -30 -31 -32 -33 34 -35 36
0xf1d1e417975e17f7 6966 1 -2 3 4 5 -6 -7 -8 -9 10 -11 -12 13 14 15 16 17 -18 19 -20 21 22 23 -24 -25 26 27 28 29 -30 -31 -32 -33 34 -35 36
0xab7cf20e79d7bbd3 6966 1 -2 3 4 5 -6 -7 -8 -9 10 -11 -12 13 14 15 16 17 -18 19 -20 21 22 23 -24 -25 26 27 28 29 -30 -31 -32 -33 34 -35 36
0xfce5760bed515706 6966 1 -2 3 4 5 -6 -7 -8 -9 10 -11 -12 13 14 15 16 17 -18 19 -20 21 22 23 -24 -25 26 27 28 29 -30 -31 -32 -33 34 -35 36
0x7fb7aabdffc855fe 6966 1 -2 3 4 5 -6 -7 -8 -9 10 -11 -12 13 14 15 16 17 -18 19 -20 21 22 23 -24 -25 26 27 28 29 -30 -31 -32 -33 34 -35 36
0x195cc1d64af509e8 6966 1 -2 3 4 5 -6 -7 -8 -9 10 -11 -12 13 14 15 16 17 -18 19 -20 21 22 23 -24 -25 26 27 28 29 -30 -31 -32 -33 34 -35 36
0xe6437906385c7ff9 6966 1 -2 3 4 5 -6 -7 -8 -9 10 -11 -12 13 14 15 16 17 -18 19 -20 21 22 23 -24 -25 26 27 28 29 -30 -31 -32 -33 34 -35 36
0xf2f15e3f404876f8 6966 1 -2 3 4 5 -6 -7 -8 -9 10 -11 -12 13 14 15 16 17 -18 19 -20 21 22 23 -24 -25 26 27 28 29 -30 -31 -32 -33 34 -35 36