0x1f31e1ca74d4119a 7100 1 2 3 -4 -5 -6 7 8 -9 -10 -11 12 13 14 15 -16 -17 18 -19 -20 -21 -22 23 -24 -25 26 27 -28 -29 30 -31 -32 -33 -34 35 36
0xc5a320d454a20c47 7100 -1 2 3 -4 -5 -6 7 8 -9 -10 -11 12 13 14 15 -16 -17 18 -19 -20 -21 -22 23 -24 -25 26 27 28 -29 30 -31 -32 -33 -34 35 36
0x4971f08cd5f9793b 7100 1 2 3 -4 -5 -6 7 8 -9 -10 -11 12 13 14 15 -16 -17 18 -19 -20 -21 -22 23 -24 -25 26 27 -28 -29 30 -31 -32 -33 -34 35 36
0xb402c6c562351d35 7100 1 2 3 -4 -5 -6 7 8 -9 -10 -11 12 13 14 15 -16 -17 18 -19 -20 -21 -22 23 -24 -25 26 27 -28 -29 30 -31 -32 -33 -34 35 36
0xb8ffcefde6a79080 7100 1 2 3 -4 -5 -6 7 8 -9 -10 -11 12 13 14 15 -16 -17 18 -19 -20 -21 -22 23 -24 -25 26 27 -28 -29 30 -31 -32 -33 -34 35 36
0x4644568f6e79339 7100 -1 2 3 -4 -5 -6 7 8 -9 -10 -11 12 13 14 15 -16 -17 18 -19 -20 -21 -22 23 -24 -25 26 27 28 -29 30 -31 -32 -33 -34 35 36
0x84773c890df058bc 7100 -1 2 3 -4 -5 -6 7 8 -9 -10 -11 12 13 14 15 -16 -17 18 -19 -20 -21 -22 23 -24 -25 26 27 28 -29 30 -31 -32 -33 -34 35 36
0xad7a300b6237b74e 7100 1 2 3 -4 -5 -6 7 8 -9 -10 -11 12 13 14 15 -16 -17 18 -19 -20 -21 -22 23 -24 -25 26 27 -28 -29 30 -31 -32 -33 -34 35 36
0x8585e0e49249080c 7100 1 2 3 -4 -5 -6 7 8 -9 -10 -11 12 13 14 15 -16 -17 18 -19 -20 -21 -22 23 -24 -25 26 27 -28 -29 30 -31 -32 -33 -34 35 36
0xa2c736ad1ff9c313 7100 -1 2 3 -4 -5 -6 7 8 -9 -10 -11 12 13 14 15 -16 -17 18 -19 -20 -21 -22 23 -24 -25 26 27 28 -29 30 -31 -32 -33 -34 35 36
0xb861223b8dff23f1 7100 1 2 3 -4 -5 -6 7 8 -9 -10 -11 12 13 14 15 -16 -17 18 -19 -20 -21 -22 23 -24 -25 26 27 -28 -29 30 -31 -32 -33 -34 35 36
0xc7e7bd8436ca624d 7100 1 2 3 -4 -5 -6 7 8 -9 -10 -11 12 13 14 15 -16 -17 18 -19 -20 -21 -22 23 -24 -25 26 27 -28 -29 30 -31 -32 -33 -34 35 36
0xbbf424ae605b4ad2 7100 1 2 3 -4 -5 -6 7 8 -9 -10 -11 12 13 14 15 -16 -17 18 -19 -20 -21 -22 23 -24 -25 26 27 -28 -29 30 -31 -32 -33 -34 35 36
0xbcf7c477376f4461 7100 -1 2 3 -4 -5 -6 7 8 -9 -10 -11 12 13 14 15 -16 -17 18 -19 -20 -21 -22 23 -24 -25 26 27 28 -29 30 -31 -32 -33 -34 35 36
0x617919ccd9550d77 7100 -1 2 3 -4 -5 -6 7 8 -9 -10 -11 12 13 14 15 -16 -17 18 -19 -20 -21 -22 23 -24 -25 26 27 28 -29 30 -31 -32 -33 -34 35 36
0x4f831ea54efbbddc 7100 -1 2 3 -4 -5 -6 7 8 -9 -10 -11 12 13 14 15 -16 -17 18 -19 -20 -21 -22 23 -24 -25 26 27 28 -29 30 -31 -32 -33 -34 35 36
0x9b8be01fc9cdd88e 7100 1 2 3 -4 -5 -6 7 8 -9 -10 -11 12 13 14 15 -16 -17 18 -19 -20 -21 -22 23 -24 -25 26 27 -28 -29 30 -31 -32 -33 -34 35 36
0x42adf9ddd3cf79ed 7100 1 2 3 -4 -5 -6 7 8 -9 -10 -11 12 13 14 15 -16 -17 18 -19 -20 -21 -22 23 -24 -25 26 27 -28 -29 30 -31 -32 -33 -34 35 36
0x6003f2a1c488ee28 7100 1 2 3 -4 -5 -6 7 8 -9 -10 -11 12 13 14 15 -16 -17 18 -19 -20 -21 -22 23 -24 -25 26 27 -28 -29 30 -31 -32 -33 -34 35 36
0x83b62743c53be7 7100 1 2 3 -4 -5 -6 7 8 -9 -10 -11 12 13 14 15 -16 -17 18 -19 -20 -21 -22 23 -24 -25 26 27 -28 -29 30 -31 -32 -33 -34 35 36
0xcb23a84216566f3a 7100 1 2 3 -4 -5 -6 7 8 -9 -10 -11 12 13 14 15 -16 -17 18 -19 -20 -21 -22 23 -24 -25 26 27 -28 -29 30 -31 -32 -33 -34 35 36
0x9d9a0d38d027b0c2 7100 1 2 3 -4 -5 -6 7 8 -9 -10 -11 12 13 14 15 -16 -17 18 -19 -20 -21 -22 23 -24 -25 26 27 -28 -29 30 -31 -32 -33 -34 35 36
0x5eac3634e27751f 7100 -1 2 3 -4 -5 -6 7 8 -9 -10 -11 12 13 14 15 -16 -17 18 -19 -20 -21 -22 23 -24 -25 26 27 28 -29 30 -31 -32 -33 -34 35 36
0x67768a0052425099 7100 1 2 3 -4 -5 -6 7 8 -9 -10 -11 12 13 14 15 -16 -17 18 -19 -20 -21 -22 23 -24 -25 26 27 -28 -29 30 -31 -32 -33 -34 35 36
0x1c9a515b18013b12 7100 1 2 3 -4 -5 -6 7 8 -9 -10 -11 12 13 14 15 -16 -17 18 -19 -20 -21 -22 23 -24 -25 26 27 -28 -29 30 -31 -32 -33 -34 35 36
0xfd64501ed9a4502c 7100 -1 2 3 -4 -5 -6 7 8 -9 -10 -11 12 13 14 15 -16 -17 18 -19 -20 -21 -22 23 -24 -25 26 27 28 -29 30 -31 -32 -33 -34 35 36
0x15b7d9f5b00557b6 7100 1 2 3 -4 -5 -6 7 8 -9 -10 -11 12 13 14 15 -16 -17 18 -19 -20 -21 -22 23 -24 -25 26 27 -28 -29 30 -31 -32 -33 -34 35 36
0xb2a83367f36ba25d 7100 1 2 3 -4 -5 -6 7 8 -9 -10 -11 12 13 14 15 -16 -17 18 -19 -20 -21 -22 23 -24 -25 26 27 -28 -29 30 -31 -32 -33 -34 35 36
0x351ddef1cd050691 7100 -1 2 3 -4 -5 -6 7 8 -9 -10 -11 12 13 14 15 -16 -17 18 -19 -20 -21 -22 23 -24 -25 26 27 28 -29 30 -31 -32 -33 -34 35 36
0xb0411f66502e09b4 7100 1 2 3 -4 -5 -6 7 8 -9 -10 -11 12 13 14 15 -16 -17 18 -19 -20 -21 -22 23 -24 -25 26 27 -28 -29 30 -31 -32 -33 -34 35 36