0x1c4bcca44ce43ff9 21210 -1 -2 -3 -4 -5 6 7 -8 9 -10 11 -12 -13 14 15 16 17 18 -19 20
0x1ef0fa7901381e2b 21210 -1 -2 -3 -4 -5 6 7 -8 9 -10 11 -12 -13 14 15 16 17 18 -19 20
0x1d9cd2583ba16378 21210 -1 -2 -3 -4 -5 6 7 -8 9 -10 11 -12 -13 14 15 16 17 18 -19 20
0x7b1fce9db88f1dc2 21210 -1 -2 -3 -4 -5 6 7 -8 9 -10 11 -12 -13 14 15 16 17 18 -19 20
0xdab8cf8d968abdd 21210 -1 -2 -3 -4 -5 6 7 -8 9 -10 11 -12 -13 14 15 16 17 18 -19 20
0xf09d2218a1e9c4b1 21210 -1 -2 -3 -4 -5 6 7 8 9 -10 11 -12 -13 14 15 16 17 18 -19 -20
0xb7e2568254b7334d 21210 -1 -2 -3 -4 -5 6 7 8 9 -10 11 -12 -13 14 15 16 17 18 -19 -20
0xa12aba03f3859475 21210 -1 -2 -3 -4 -5 6 7 8 9 -10 11 -12 -13 14 15 16 17 18 -19 -20
0xca3c2fe493850dbd 21210 -1 -2 -3 -4 -5 6 7 8 9 -10 11 -12 -13 14 15 16 17 18 -19 -20
0xeebd6d1be8f6c65b 21210 -1 -2 -3 -4 -5 6 7 8 9 -10 11 -12 -13 14 15 16 17 18 -19 -20
0xd4406fd6d8fec8ab 21210 -1 -2 -3 -4 -5 6 7 8 9 -10 11 -12 -13 14 15 16 17 18 -19 -20
0x4b9d46f58687f3ac 21210 -1 -2 -3 -4 -5 6 7 -8 9 -10 11 -12 -13 14 15 16 17 18 -19 20
0x4b0c38f3e534f4f 21210 -1 -2 -3 -4 -5 6 7 -8 9 -10 11 -12 -13 14 15 16 17 18 -19 20
0x2575b98248b5f3b3 21210 -1 -2 -3 -4 -5 6 7 -8 9 -10 11 -12 -13 14 15 16 17 18 -19 20
0x5a0f45b1ba47c8f6 21210 -1 -2 -3 -4 -5 6 7 8 9 -10 11 -12 -13 14 15 16 17 18 -19 -20
0xa86eca6c812c2180 21210 -1 -2 -3 -4 -5 6 7 8 9 -10 11 -12 -13 14 15 16 17 18 -19 -20
0x807f576df85fcbdc 21210 -1 -2 -3 -4 -5 6 7 -8 9 -10 11 -12 -13 14 15 16 17 18 -19 20
0x9bc4f9bb015f56d9 21210 -1 -2 -3 -4 -5 6 7 8 9 -10 11 -12 -13 14 15 16 17 18 -19 -20
0x7725c242ea5bc373 21210 -1 -2 -3 -4 -5 6 7 8 9 -10 11 -12 -13 14 15 16 17 18 -19 -20
0x585fd38729580bc9 21210 -1 -2 -3 -4 -5 6 7 8 9 -10 11 -12 -13 14 15 16 17 18 -19 -20
0xf7ac743b0d3c4c20 21210 -1 -2 -3 -4 -5 6 7 -8 9 -10 11 -12 -13 14 15 16 17 18 -19 20
0x139ff6c84828545d 21210 -1 -2 -3 -4 -5 6 7 -8 9 -10 11 -12 -13 14 15 16 17 18 -19 20
0x153f0cc694a498e 21210 -1 -2 -3 -4 -5 6 7 -8 9 -10 11 -12 -13 14 15 16 17 18 -19 20
0xf8a1cf123c701fea 21210 -1 -2 -3 -4 -5 6 7 -8 9 -10 11 -12 -13 14 15 16 17 18 -19 20
0xdeadb6421ccb6463 21210 -1 -2 -3 -4 -5 6 7 -8 9 -10 11 -12 -13 14 15 16 17 18 -19 20
0x925bfb0fab30498d 21210 -1 -2 -3 -4 -5 6 7 -8 9 -10 11 -12 -13 14 15 16 17 18 -19 20
0x46c14871b8164d8d 21210 -1 -2 -3 -4 -5 6 7 8 9 -10 11 -12 -13 14 15 16 17 18 -19 -20
0x54b4135866f1be6c 21210 -1 -2 -3 -4 -5 6 7 8 9 -10 11 -12 -13 14 15 16 17 18 -19 -20
0xd5f107d99ad5cccb 21210 -1 -2 -3 -4 -5 6 7 -8 9 -10 11 -12 -13 14 15 16 17 18 -19 20
0x5d9bc3dd41f3baca 21210 -1 -2 -3 -4 -5 6 7 -8 9 -10 11 -12 -13 14 15 16 17 18 -19 20