0xf88cf250016e448a 27212 1 2 3 -4 5 6 -7 -8 9 10 -11 12 13 -14 -15 16 17 18 -19 -20
0x2f79f8749ff8fbdd 27212 1 2 3 -4 5 6 -7 -8 9 10 -11 12 13 -14 -15 16 17 18 -19 -20
0x1b6d3bb9f0d440ea 27212 1 2 3 -4 5 6 -7 -8 9 10 -11 12 13 -14 -15 16 17 18 -19 -20
0x3e4cd65d02b7c1c3 27212 1 2 3 -4 5 6 -7 -8 9 10 -11 12 13 -14 -15 16 17 18 -19 -20
0x423c8f7ca35ed3aa 27212 1 2 3 -4 5 6 -7 -8 9 10 -11 12 13 -14 -15 16 17 18 -19 -20
0xcee2dd742a9d3532 27212 1 2 3 -4 5 6 -7 -8 9 10 -11 12 13 -14 -15 16 17 18 -19 -20
0x8c766c34b749b872 27212 1 2 3 -4 5 6 -7 -8 9 10 -11 12 13 -14 -15 16 17 18 -19 -20
0x4c668207ed6c5d44 27212 1 2 3 -4 5 6 -7 -8 9 10 -11 12 13 -14 -15 16 17 18 -19 -20
0x61702c20c0fbf412 27212 1 2 3 -4 5 6 -7 -8 9 10 -11 12 13 -14 -15 16 17 18 -19 -20
0x81b7c6f6fcbff743 27212 1 2 3 -4 5 6 -7 -8 9 10 -11 12 13 -14 -15 16 17 18 -19 -20
0xde5ace3084f487f7 27212 1 2 3 -4 5 6 -7 -8 9 10 -11 12 13 -14 -15 16 17 18 -19 -20
0x661137ed91e9e1ba 27212 1 2 3 -4 5 6 -7 -8 9 10 -11 12 13 -14 -15 16 17 18 -19 -20
0xadd374fd499236ba 27212 1 2 3 -4 5 6 -7 -8 9 10 -11 12 13 -14 -15 16 17 18 -19 -20
0xbe554865446c714c 27212 1 2 3 -4 5 6 -7 -8 9 10 -11 12 13 -14 -15 16 17 18 -19 -20
0xd054eede42b50567 27212 1 2 3 -4 5 6 -7 -8 9 10 -11 12 13 -14 -15 16 17 18 -19 -20
0x2e1796b3f0774f28 27212 1 2 3 -4 5 6 -7 -8 9 10 -11 12 13 -14 -15 16 17 18 -19 -20
0x96b3808294d6f59c 27212 1 2 3 -4 5 6 -7 -8 9 10 -11 12 13 -14 -15 16 17 18 -19 -20
0xfc5c48189495784d 27212 1 2 3 -4 5 6 -7 -8 9 10 -11 12 13 -14 -15 16 17 18 -19 -20
0x60540d767904c9e8 27212 1 2 3 -4 5 6 -7 -8 9 10 -11 12 13 -14 -15 16 17 18 -19 -20
0xc7dab794d8e9fa27 27212 1 2 3 -4 5 6 -7 -8 9 10 -11 12 13 -14 -15 16 17 18 -19 -20
0xc7e8922d9437975e 27212 1 2 3 -4 5 6 -7 -8 9 10 -11 12 13 -14 -15 16 17 18 -19 -20
0xbe95803aa184617d 27212 1 2 3 -4 5 6 -7 -8 9 10 -11 12 13 -14 -15 16 17 18 -19 -20
0xe2bff6f0a2e75ad9 27212 1 2 3 -4 5 6 -7 -8 9 10 -11 12 13 -14 -15 16 17 18 -19 -20
0x7e05bdd6d7550b8d 27212 1 2 3 -4 5 6 -7 -8 9 10 -11 12 13 -14 -15 16 17 18 -19 -20
0xc6884249303c0ef8 27212 1 2 3 -4 5 6 -7 -8 9 10 -11 12 13 -14 -15 16 17 18 -19 -20
0x49efbaf86dc0313b 27212 1 2 3 -4 5 6 -7 -8 9 10 -11 12 13 -14 -15 16 17 18 -19 -20
0x88b1b65da1a1cbe 27212 1 2 3 -4 5 6 -7 -8 9 10 -11 12 13 -14 -15 16 17 18 -19 -20
0x80aad76ae4e197aa 27212 1 2 3 -4 5 6 -7 -8 9 10 -11 12 13 -14 -15 16 17 18 -19 -20
0xc39476b4df48516d 27212 1 2 3 -4 5 6 -7 -8 9 10 -11 12 13 -14 -15 16 17 18 -19 -20
0x3eacf842728b403b 27212 1 2 3 -4 5 6 -7 -8 9 10 -11 12 13 -14 -15 16 17 18 -19 -20