0x6009ca9a8a717691 21609 -1 2 -3 -4 -5 6 -7 -8 -9 10 11 12 13 -14 15 -16 -17 18 19 -20
0x2930f66a4672c8fa 21609 -1 2 -3 -4 -5 6 -7 -8 -9 10 11 12 13 -14 15 -16 -17 18 19 -20
0x62125264d5b1e81d 21609 -1 2 -3 -4 -5 6 -7 -8 -9 10 11 12 13 -14 15 -16 -17 18 19 -20
0x104510f0f0abf180 21609 -1 2 -3 -4 -5 6 -7 -8 -9 10 11 12 13 -14 15 -16 -17 18 19 -20
0xe06277221345a9d9 21609 -1 2 -3 -4 -5 6 -7 -8 -9 10 11 12 13 -14 15 -16 -17 18 19 -20
0x632bf0611e5b9fa4 21609 -1 2 -3 -4 -5 6 -7 -8 -9 10 11 12 13 -14 15 -16 -17 18 19 -20
0xce92e1e88a1c389e 21609 -1 2 -3 -4 -5 6 -7 -8 -9 10 11 12 13 -14 15 -16 -17 18 19 -20
0x18cf4e49ff904f4a 21609 -1 2 -3 -4 -5 6 -7 -8 -9 10 11 12 13 -14 15 -16 -17 18 19 -20
0x2a6348e837d8606d 21609 -1 2 -3 -4 -5 6 -7 -8 -9 10 11 12 13 -14 15 -16 -17 18 19 -20
0xbb995801a92782ee 21609 -1 2 -3 -4 -5 6 -7 -8 -9 10 11 12 13 -14 15 -16 -17 18 19 -20
0x2ac82d8f5afbb3f7 21609 -1 2 -3 -4 -5 6 -7 -8 -9 10 11 12 13 -14 15 -16 -17 18 19 -20
0xac8334f6869bb357 21609 -1 2 -3 -4 -5 6 -7 -8 -9 10 11 12 13 -14 15 -16 -17 18 19 -20
0xc9a977136f1f9ea8 21609 -1 2 -3 -4 -5 6 -7 -8 -9 10 11 12 13 -14 15 -16 -17 18 19 -20
0xda399f013643aa3 21609 -1 2 -3 -4 -5 6 -7 -8 -9 10 11 12 13 -14 15 -16 -17 18 19 -20
0x7492284d95fc64a9 21609 -1 2 -3 -4 -5 6 -7 -8 -9 10 11 12 13 -14 15 -16 -17 18 19 -20
0x108a2921b21a943d 21609 -1 2 -3 -4 -5 6 -7 -8 -9 10 11 12 13 -14 15 -16 -17 18 19 -20
0x126e461668df950a 21609 -1 2 -3 -4 -5 6 -7 -8 -9 10 11 12 13 -14 15 -16 -17 18 19 -20
0xe6d428fbf41b5e5a 21609 -1 2 -3 -4 -5 6 -7 -8 -9 10 11 12 13 -14 15 -16 -17 18 19 -20
0x104cbe9542fe78e8 21609 -1 2 -3 -4 -5 6 -7 -8 -9 10 11 12 13 -14 15 -16 -17 18 19 -20
0x9c294a10131e0fc4 21609 -1 2 -3 -4 -5 6 -7 -8 -9 10 11 12 13 -14 15 -16 -17 18 19 -20
0x91eaa1458d75e067 21609 -1 2 -3 -4 -5 6 -7 -8 -9 10 11 12 13 -14 15 -16 -17 18 19 -20
0xf9ab58644443b71f 21609 -1 2 -3 -4 -5 6 -7 -8 -9 10 11 12 13 -14 15 -16 -17 18 19 -20
0xa90cafe75e848370 21609 -1 2 -3 -4 -5 6 -7 -8 -9 10 11 12 13 -14 15 -16 -17 18 19 -20
0xb4441bb44db16e7e 21609 -1 2 -3 -4 -5 6 -7 -8 -9 10 11 12 13 -14 15 -16 -17 18 19 -20
0xd096aefad6282762 21609 -1 2 -3 -4 -5 6 -7 -8 -9 10 11 12 13 -14 15 -16 -17 18 19 -20
0x834a2fb2d02f18d 21609 -1 2 -3 -4 -5 6 -7 -8 -9 10 11 12 13 -14 15 -16 -17 18 19 -20
0xbe0e14f386a64dbb 21609 -1 2 -3 -4 -5 6 -7 -8 -9 10 11 12 13 -14 15 -16 -17 18 19 -20
0x9ee451e6613ad356 21609 -1 2 -3 -4 -5 6 -7 -8 -9 10 11 12 13 -14 15 -16 -17 18 19 -20
0xb5579874d6ebeb1b 21609 -1 2 -3 -4 -5 6 -7 -8 -9 10 11 12 13 -14 15 -16 -17 18 19 -20
0xa40697bd31454c9 21609 -1 2 -3 -4 -5 6 -7 -8 -9 10 11 12 13 -14 15 -16 -17 18 19 -20