0x1b2781e434d3bdc7 19727 1 2 -3 4 5 -6 7 8 -9 10 -11 12 13 -14 -15 16 -17 -18 19 -20
0x610d3173e23ac854 19727 1 2 -3 4 5 -6 7 8 -9 10 -11 12 13 -14 -15 16 -17 -18 19 -20
0xe562f8eb1e193c2a 19727 1 2 -3 4 5 -6 7 8 -9 10 -11 12 13 -14 -15 16 -17 -18 19 -20
0x30433bf3c7151419 19727 1 2 -3 4 5 -6 7 8 -9 10 -11 12 13 -14 -15 16 -17 -18 19 -20
0xb0e5b98a544acbc7 19727 1 2 -3 4 5 -6 7 8 -9 10 -11 12 13 -14 -15 16 -17 -18 19 -20
0xedc2dc14c4e6d51 19727 1 2 -3 4 5 -6 7 8 -9 10 -11 12 13 -14 -15 16 -17 -18 19 -20
0x4aa203eb15d2b9d3 19727 1 2 -3 4 5 -6 7 8 -9 10 -11 12 13 -14 -15 16 -17 -18 19 -20
0xb52a12ee297a386d 19727 1 2 -3 4 5 -6 7 8 -9 10 -11 12 13 -14 -15 16 -17 -18 19 -20
0xce31441c57d19fcf 19727 1 2 -3 4 5 -6 7 8 -9 10 -11 12 13 -14 -15 16 -17 -18 19 -20
0x11163d60b0c89b09 19727 1 2 -3 4 5 -6 7 8 -9 10 -11 12 13 -14 -15 16 -17 -18 19 -20
0x499e93521bd85d0 19727 1 2 -3 4 5 -6 7 8 -9 10 -11 12 13 -14 -15 16 -17 -18 19 -20
0x73624aa6c8b8bce1 19727 1 2 -3 4 5 -6 7 8 -9 10 -11 12 13 -14 -15 16 -17 -18 19 -20
0x23ba679a94207467 19727 1 2 -3 4 5 -6 7 8 -9 10 -11 12 13 -14 -15 16 -17 -18 19 -20
0x9936fdeffda95b1d 19727 1 2 -3 4 5 -6 7 8 -9 10 -11 12 13 -14 -15 16 -17 -18 19 -20
0x4755979746f0fc3e 19727 1 2 -3 4 5 -6 7 8 -9 10 -11 12 13 -14 -15 16 -17 -18 19 -20
0xae0e0715cd086c86 19727 1 2 -3 4 5 -6 7 8 -9 10 -11 12 13 -14 -15 16 -17 -18 19 -20
0xaf30c80612025dcf 19727 1 2 -3 4 5 -6 7 8 -9 10 -11 12 13 -14 -15 16 -17 -18 19 -20
0xbc1194837c8d5709 19727 1 2 -3 4 5 -6 7 8 -9 10 -11 12 13 -14 -15 16 -17 -18 19 -20
0xa4da910a852a43b4 19727 1 2 -3 4 5 -6 7 8 -9 10 -11 12 13 -14 -15 16 -17 -18 19 -20
0x1138fc34ea7cb882 19727 1 2 -3 4 5 -6 7 8 -9 10 -11 12 13 -14 -15 16 -17 -18 19 -20
0x57bb47ff9f3d55fa 19727 1 2 -3 4 5 -6 7 8 -9 10 -11 12 13 -14 -15 16 -17 -18 19 -20
0x442694eafdd688f4 19727 1 2 -3 4 5 -6 7 8 -9 10 -11 12 13 -14 -15 16 -17 -18 19 -20
0xeac96b87012606cb 19727 1 2 -3 4 5 -6 7 8 -9 10 -11 12 13 -14 -15 16 -17 -18 19 -20
0xd0a3f7fa5d1322e1 19727 1 2 -3 4 5 -6 7 8 -9 10 -11 12 13 -14 -15 16 -17 -18 19 -20
0x166e157dd876b41a 19727 1 2 -3 4 5 -6 7 8 -9 10 -11 12 13 -14 -15 16 -17 -18 19 -20
0x9ed348bd599f4351 19727 1 2 -3 4 5 -6 7 8 -9 10 -11 12 13 -14 -15 16 -17 -18 19 -20
0xc9c9c5e8779f3c62 19727 1 2 -3 4 5 -6 7 8 -9 10 -11 12 13 -14 -15 16 -17 -18 19 -20
0xb704a1045236b133 19727 1 2 -3 4 5 -6 7 8 -9 10 -11 12 13 -14 -15 16 -17 -18 19 -20
0x2bb5775b2556ac9d 19727 1 2 -3 4 5 -6 7 8 -9 10 -11 12 13 -14 -15 16 -17 -18 19 -20
0xc35d74097dac14c0 19727 1 2 -3 4 5 -6 7 8 -9 10 -11 12 13 -14 -15 16 -17 -18 19 -20