0x80a9bb66ab41545d 15368 -1 2 3 -4 -5 -6 -7 -8 9 10 -11 -12 13 -14 -15 -16 17 18 19 -20
0x9473088664a0b587 15368 -1 2 3 -4 -5 -6 -7 -8 9 10 -11 -12 13 -14 -15 -16 17 18 19 -20
0xa2b634d15301d115 15368 -1 2 3 -4 -5 -6 -7 -8 9 10 -11 -12 13 -14 -15 -16 17 18 19 -20
0x8030535b776a9cfc 15368 -1 2 3 -4 -5 -6 -7 -8 9 10 -11 -12 13 -14 -15 -16 17 18 19 -20
0x13d0a51c8bc46bf6 15368 -1 2 3 -4 -5 -6 -7 -8 9 10 -11 -12 13 -14 -15 -16 17 18 19 -20
0x28428beced3e3c3c 15368 -1 2 3 -4 -5 -6 -7 -8 9 10 -11 -12 13 -14 -15 -16 17 18 19 -20
0x1f12ebb7e7a86040 15368 -1 2 3 -4 -5 -6 -7 -8 9 10 -11 -12 13 -14 -15 -16 17 18 19 -20
0xbd37fac8a5bf87fd 15368 -1 2 3 -4 -5 -6 -7 -8 9 10 -11 -12 13 -14 -15 -16 17 18 19 -20
0x19225308bd21dec6 15368 -1 2 3 -4 -5 -6 -7 -8 9 10 -11 -12 13 -14 -15 -16 17 18 19 -20
0x133f24a889bdd0db 15368 -1 2 3 -4 -5 -6 -7 -8 9 10 -11 -12 13 -14 -15 -16 17 18 19 -20
0xe6db412985b14da9 15368 -1 2 3 -4 -5 -6 -7 -8 9 10 -11 -12 13 -14 -15 -16 17 18 19 -20
0x455bbb253ffc331a 15368 -1 2 3 -4 -5 -6 -7 -8 9 10 -11 -12 13 -14 -15 -16 17 18 19 -20
0x28e30105e02ef05d 15368 -1 2 3 -4 -5 -6 -7 -8 9 10 -11 -12 13 -14 -15 -16 17 18 19 -20
0xb81e408c6642e365 15368 -1 2 3 -4 -5 -6 -7 -8 9 10 -11 -12 13 -14 -15 -16 17 18 19 -20
0x6a479a4b73cf4667 15368 -1 2 3 -4 -5 -6 -7 -8 9 10 -11 -12 13 -14 -15 -16 17 18 19 -20
0x602c96545cb2d226 15368 -1 2 3 -4 -5 -6 -7 -8 9 10 -11 -12 13 -14 -15 -16 17 18 19 -20
0xc85425694f361348 15368 -1 2 3 -4 -5 -6 -7 -8 9 10 -11 -12 13 -14 -15 -16 17 18 19 -20
0x51c152f1739f62b1 15368 -1 2 3 -4 -5 -6 -7 -8 9 10 -11 -12 13 -14 -15 -16 17 18 19 -20
0x78fe27dbc3e9bbda 15368 -1 2 3 -4 -5 -6 -7 -8 9 10 -11 -12 13 -14 -15 -16 17 18 19 -20
0x10bd32b3124ae399 15368 -1 2 3 -4 -5 -6 -7 -8 9 10 -11 -12 13 -14 -15 -16 17 18 19 -20
0x448d971a83480d13 15368 -1 2 3 -4 -5 -6 -7 -8 9 10 -11 -12 13 -14 -15 -16 17 18 19 -20
0xb85b5d524547a7c9 15368 -1 2 3 -4 -5 -6 -7 -8 9 10 -11 -12 13 -14 -15 -16 17 18 19 -20
0x572b9db0e1836ad3 15368 -1 2 3 -4 -5 -6 -7 -8 9 10 -11 -12 13 -14 -15 -16 17 18 19 -20
0x8d8e5dc39e68c46c 15368 -1 2 3 -4 -5 -6 -7 -8 9 10 -11 -12 13 -14 -15 -16 17 18 19 -20
0xe61ad7ccb2c04b73 15368 -1 2 3 -4 -5 -6 -7 -8 9 10 -11 -12 13 -14 -15 -16 17 18 19 -20
0xb83a1241600d40ec 15368 -1 2 3 -4 -5 -6 -7 -8 9 10 -11 -12 13 -14 -15 -16 17 18 19 -20
0x296dc7469bbb217e 15368 -1 2 3 -4 -5 -6 -7 -8 9 10 -11 -12 13 -14 -15 -16 17 18 19 -20
0x30819c3dccef46f5 15368 -1 2 3 -4 -5 -6 -7 -8 9 10 -11 -12 13 -14 -15 -16 17 18 19 -20
0xb154a9359b1499c0 15368 -1 2 3 -4 -5 -6 -7 -8 9 10 -11 -12 13 -14 -15 -16 17 18 19 -20
0xa1eaaadf0dea9113 15368 -1 2 3 -4 -5 -6 -7 -8 9 10 -11 -12 13 -14 -15 -16 17 18 19 -20