0x731eee3735086310 19966 1 2 3 -4 -5 -6 7 8 9 10 -11 12 -13 14 -15 -16 17 18 19 20
0x7b73c86cb33c4e5d 19966 1 2 3 -4 -5 -6 7 8 9 10 -11 12 -13 14 -15 -16 17 18 19 20
0xf3b579c1f03cf5ae 19966 1 2 3 -4 -5 -6 7 8 9 10 -11 12 -13 14 -15 -16 17 18 19 20
0x99cfaa13389adba1 19966 1 2 3 -4 -5 -6 7 8 9 10 -11 12 -13 14 -15 -16 17 18 19 20
0x631a3f4308c9396a 19966 1 2 3 -4 -5 -6 7 8 9 10 -11 12 -13 14 -15 -16 17 18 19 20
0xa16b214daeacec8d 19966 1 2 3 -4 -5 -6 7 8 9 10 -11 12 -13 14 -15 -16 17 18 19 20
0x6ada5dfab87afff8 19966 1 2 3 -4 -5 -6 7 8 9 10 -11 12 -13 14 -15 -16 17 18 19 20
0xe33e97863addebfc 19966 1 2 3 -4 -5 -6 7 8 9 10 -11 12 -13 14 -15 -16 17 18 19 20
0xce17a8c38a761bc5 19966 1 2 3 -4 -5 -6 7 8 9 10 -11 12 -13 14 -15 -16 17 18 19 20
0xb47365fa9abcb782 19966 1 2 3 -4 -5 -6 7 8 9 10 -11 12 -13 14 -15 -16 17 18 19 20
0x6349fec2b101729 19966 1 2 3 -4 -5 -6 7 8 9 10 -11 12 -13 14 -15 -16 17 18 19 20
0x252efac76fa9410f 19966 1 2 3 -4 -5 -6 7 8 9 10 -11 12 -13 14 -15 -16 17 18 19 20
0xa068cef1aa0d8281 19966 1 2 3 -4 -5 -6 7 8 9 10 -11 12 -13 14 -15 -16 17 18 19 20
0x2a275edf3b93dba9 19966 1 2 3 -4 -5 -6 7 8 9 10 -11 12 -13 14 -15 -16 17 18 19 20
0x1f7bcdf5636d4c93 19966 1 2 3 -4 -5 -6 7 8 9 10 -11 12 -13 14 -15 -16 17 18 19 20
0xda44900f3d6e4eb2 19966 1 2 3 -4 -5 -6 7 8 9 10 -11 12 -13 14 -15 -16 17 18 19 20
0xa4932e06a82b7a46 19966 1 2 3 -4 -5 -6 7 8 9 10 -11 12 -13 14 -15 -16 17 18 19 20
0x4d0b3bfe94ae9445 19966 1 2 3 -4 -5 -6 7 8 9 10 -11 12 -13 14 -15 -16 17 18 19 20
0x7f3eb4d9e0c4f10 19966 1 2 3 -4 -5 -6 7 8 9 10 -11 12 -13 14 -15 -16 17 18 19 20
0x2a2c879525dcecbd 19966 1 2 3 -4 -5 -6 7 8 9 10 -11 12 -13 14 -15 -16 17 18 19 20
0x8af8f7249419430 19966 1 2 3 -4 -5 -6 7 8 9 10 -11 12 -13 14 -15 -16 17 18 19 20
0x18c6fef890da0eb5 19966 1 2 3 -4 -5 -6 7 8 9 10 -11 12 -13 14 -15 -16 17 18 19 20
0xf938ef2ffa11b176 19966 1 2 3 -4 -5 -6 7 8 9 10 -11 12 -13 14 -15 -16 17 18 19 20
0x61fb859179e95708 19966 1 2 3 -4 -5 -6 7 8 9 10 -11 12 -13 14 -15 -16 17 18 19 20
0x70fe338d07b468dd 19966 1 2 3 -4 -5 -6 7 8 9 10 -11 12 -13 14 -15 -16 17 18 19 20
0xfdd64604907ef8d1 19966 1 2 3 -4 -5 -6 7 8 9 10 -11 12 -13 14 -15 -16 17 18 19 20
0xaeabd103d5d6741b 19966 1 2 3 -4 -5 -6 7 8 9 10 -11 12 -13 14 -15 -16 17 18 19 20
0x6e178cf2ac0bbc96 19966 1 2 3 -4 -5 -6 7 8 9 10 -11 12 -13 14 -15 -16 17 18 19 20
0x54a156718631df8d 19966 1 2 3 -4 -5 -6 7 8 9 10 -11 12 -13 14 -15 -16 17 18 19 20
0x7678df1fe64a85a5 19966 1 2 3 -4 -5 -6 7 8 9 10 -11 12 -13 14 -15 -16 17 18 19 20