0x779b6b2d8bb7b67c 13910 -1 -2 -3 4 -5 6 -7 8 9 -10 -11 12 -13 -14 -15 -16 17 18 19 -20
0x5be6b99842f30e39 13910 -1 -2 -3 4 -5 6 -7 8 9 -10 -11 12 -13 -14 -15 -16 17 18 19 -20
0x200f1cf344175dab 13910 -1 -2 -3 4 -5 6 -7 8 9 -10 -11 12 -13 -14 -15 -16 17 18 19 -20
0xe287f62d4be35e97 13910 -1 -2 -3 4 -5 6 -7 8 9 -10 -11 12 -13 -14 -15 -16 17 18 19 -20
0xeb39b3fa5e2cd0b8 13910 -1 -2 -3 4 -5 6 -7 8 9 -10 -11 12 -13 -14 -15 -16 17 18 19 -20
0xd753d26e4df9b9ff 13910 -1 -2 -3 4 -5 6 -7 8 9 -10 -11 12 -13 -14 -15 -16 17 18 19 -20
0xf307ddaae6db8b65 13910 -1 -2 -3 4 -5 6 -7 8 9 -10 -11 12 -13 -14 -15 -16 17 18 19 -20
0xd3a8653581a3f232 13910 -1 -2 -3 4 -5 6 -7 8 9 -10 -11 12 -13 -14 -15 -16 17 18 19 -20
0x3c70fec50fbea09d 13910 -1 -2 -3 4 -5 6 -7 8 9 -10 -11 12 -13 -14 -15 -16 17 18 19 -20
0x4efde916e193f7c7 13910 -1 -2 -3 4 -5 6 -7 8 9 -10 -11 12 -13 -14 -15 -16 17 18 19 -20
0x3f04bb4a97f18d13 13910 -1 -2 -3 4 -5 6 -7 8 9 -10 -11 12 -13 -14 -15 -16 17 18 19 -20
0xc63f86011c2c4fe5 13910 -1 -2 -3 4 -5 6 -7 8 9 -10 -11 12 -13 -14 -15 -16 17 18 19 -20
0xb92e1688fbb69079 13910 -1 -2 -3 4 -5 6 -7 8 9 -10 -11 12 -13 -14 -15 -16 17 18 19 -20
0xcc793f371fd8b49c 13910 -1 -2 -3 4 -5 6 -7 8 9 -10 -11 12 -13 -14 -15 -16 17 18 19 -20
0xa60c5dba3c8e96ba 13910 -1 -2 -3 4 -5 6 -7 8 9 -10 -11 12 -13 -14 -15 -16 17 18 19 -20
0xaa79278602c163d2 13910 -1 -2 -3 4 -5 6 -7 8 9 -10 -11 12 -13 -14 -15 -16 17 18 19 -20
0x4923dcf0f8450e22 13910 -1 -2 -3 4 -5 6 -7 8 9 -10 -11 12 -13 -14 -15 -16 17 18 19 -20
0x629358c6e05d834a 13910 -1 -2 -3 4 -5 6 -7 8 9 -10 -11 12 -13 -14 -15 -16 17 18 19 -20
0x499c1b1629526d07 13910 -1 -2 -3 4 -5 6 -7 8 9 -10 -11 12 -13 -14 -15 -16 17 18 19 -20
0xce158e692679cdf1 13910 -1 -2 -3 4 -5 6 -7 8 9 -10 -11 12 -13 -14 -15 -16 17 18 19 -20
0x6609e33f764ef557 13910 -1 -2 -3 4 -5 6 -7 8 9 -10 -11 12 -13 -14 -15 -16 17 18 19 -20
0x7f25c6410d78b9f4 13910 -1 -2 -3 4 -5 6 -7 8 9 -10 -11 12 -13 -14 -15 -16 17 18 19 -20
0xc4e907e8030b9a6d 13910 -1 -2 -3 4 -5 6 -7 8 9 -10 -11 12 -13 -14 -15 -16 17 18 19 -20
0x88769a40042d74c9 13910 -1 -2 -3 4 -5 6 -7 8 9 -10 -11 12 -13 -14 -15 -16 17 18 19 -20
0x6cc1084df5eb0825 13910 -1 -2 -3 4 -5 6 -7 8 9 -10 -11 12 -13 -14 -15 -16 17 18 19 -20
0x105a14d3c2ef1e12 13910 -1 -2 -3 4 -5 6 -7 8 9 -10 -11 12 -13 -14 -15 -16 17 18 19 -20
0xa7a7b90e4e24ba4 13910 -1 -2 -3 4 -5 6 -7 8 9 -10 -11 12 -13 -14 -15 -16 17 18 19 -20
0x6feebf55ea607d5e 13910 -1 -2 -3 4 -5 6 -7 8 9 -10 -11 12 -13 -14 -15 -16 17 18 19 -20
0x735fe32674434ca8 13910 -1 -2 -3 4 -5 6 -7 8 9 -10 -11 12 -13 -14 -15 -16 17 18 19 -20
0x6ac0383a2038b4d3 13910 -1 -2 -3 4 -5 6 -7 8 9 -10 -11 12 -13 -14 -15 -16 17 18 19 -20