0x748539c35f04b08a 106041 -1 2 3 4 -5 -6 7 -8 9 10 11 -12 13 -14 15 16 -17 -18 19 20
0x79df2f2b98cae5d7 106041 -1 2 3 4 -5 -6 7 -8 9 10 11 -12 13 -14 15 16 -17 -18 19 20
0x3a06facf088f097f 106041 -1 2 3 4 -5 -6 7 -8 9 10 11 -12 13 -14 15 16 -17 -18 19 20
0x6d79eb12518c53ab 106041 -1 2 3 4 -5 -6 7 -8 9 10 11 -12 13 -14 15 16 -17 -18 19 20
0x1dafea373e8f31c6 106041 -1 2 3 4 -5 -6 7 -8 9 10 11 -12 13 -14 15 16 -17 -18 19 20
0xe3131e2bfa5f0cf1 106041 -1 2 3 4 -5 -6 7 -8 9 10 11 -12 13 -14 15 16 -17 -18 19 20
0x5b8e633fa2e11002 106041 -1 2 3 4 -5 -6 7 -8 9 10 11 -12 13 -14 15 16 -17 -18 19 20
0x4d661333cad8753f 106041 -1 2 3 4 -5 -6 7 -8 9 10 11 -12 13 -14 15 16 -17 -18 19 20
0xfe8e4ccb1c1ede5a 106041 -1 2 3 4 -5 -6 7 -8 9 10 11 -12 13 -14 15 16 -17 -18 19 20
0x5f3929c53bdc4586 106041 -1 2 3 4 -5 -6 7 -8 9 10 11 -12 13 -14 15 16 -17 -18 19 20
0x1ddcda8c73bce717 106041 -1 2 3 4 -5 -6 7 -8 9 10 11 -12 13 -14 15 16 -17 -18 19 20
0xb16039f4e63f884c 106041 -1 2 3 4 -5 -6 7 -8 9 10 11 -12 13 -14 15 16 -17 -18 19 20
0x768ef69ac7b78d1f 106041 -1 2 3 4 -5 -6 7 -8 9 10 11 -12 13 -14 15 16 -17 -18 19 20
0x47533d2d0c4a55e1 106041 -1 2 3 4 -5 -6 7 -8 9 10 11 -12 13 -14 15 16 -17 -18 19 20
0xc5476bca4c0e25fb 106041 -1 2 3 4 -5 -6 7 -8 9 10 11 -12 13 -14 15 16 -17 -18 19 20
0x39440d8dac24276a 106041 -1 2 3 4 -5 -6 7 -8 9 10 11 -12 13 -14 15 16 -17 -18 19 20
0x59c57a7e7663cf14 106041 -1 2 3 4 -5 -6 7 -8 9 10 11 -12 13 -14 15 16 -17 -18 19 20
0x9f27baf1debe1da4 106041 -1 2 3 4 -5 -6 7 -8 9 10 11 -12 13 -14 15 16 -17 -18 19 20
0xa1ed8fc63a4df5d0 106041 -1 2 3 4 -5 -6 7 -8 9 10 11 -12 13 -14 15 16 -17 -18 19 20
0xb5cf6020a3a9369d 106041 -1 2 3 4 -5 -6 7 -8 9 10 11 -12 13 -14 15 16 -17 -18 19 20
0x228db0feea591e7f 106041 -1 2 3 4 -5 -6 7 -8 9 10 11 -12 13 -14 15 16 -17 -18 19 20
0x6b2de1fc7c9307a7 106041 -1 2 3 4 -5 -6 7 -8 9 10 11 -12 13 -14 15 16 -17 -18 19 20
0x815195e9d53d21c6 106041 -1 2 3 4 -5 -6 7 -8 9 10 11 -12 13 -14 15 16 -17 -18 19 20
0xd2a50608f922ff91 106041 -1 2 3 4 -5 -6 7 -8 9 10 11 -12 13 -14 15 16 -17 -18 19 20
0x2a27934384a82059 106041 -1 2 3 4 -5 -6 7 -8 9 10 11 -12 13 -14 15 16 -17 -18 19 20
0xf2f57f8f08bd63ec 106041 -1 2 3 4 -5 -6 7 -8 9 10 11 -12 13 -14 15 16 -17 -18 19 20
0x57f929dfaefa8a5f 106041 -1 2 3 4 -5 -6 7 -8 9 10 11 -12 13 -14 15 16 -17 -18 19 20
0x495cc4d09e12ea9f 106041 -1 2 3 4 -5 -6 7 -8 9 10 11 -12 13 -14 15 16 -17 -18 19 20
0x818ba23bfed22d6b 106041 -1 2 3 4 -5 -6 7 -8 9 10 11 -12 13 -14 15 16 -17 -18 19 20
0xc6d70a785728c53f 106041 -1 2 3 4 -5 -6 7 -8 9 10 11 -12 13 -14 15 16 -17 -18 19 20