0x7983f8f4313d1caa 132550 1 -2 3 4 -5 6 -7 -8 -9 10 11 -12 -13 14 15 16 -17 -18 -19 20
0xeef7441854f946e8 132550 1 -2 3 4 -5 6 -7 -8 -9 10 11 -12 -13 14 15 16 -17 -18 -19 20
0x22268edb4e5aaa53 132550 1 -2 3 4 -5 6 -7 -8 -9 10 11 -12 -13 14 15 16 -17 -18 -19 20
0x1108bb60e2eb31de 132550 1 -2 3 4 -5 6 -7 -8 -9 10 11 -12 -13 14 15 16 -17 -18 -19 20
0x2b36f1835edc2e22 132550 1 -2 3 4 -5 6 -7 -8 -9 10 11 -12 -13 14 15 16 -17 -18 -19 20
0x595c2454b415147e 132550 1 -2 3 4 -5 6 -7 -8 -9 10 11 -12 -13 14 15 16 -17 -18 -19 20
0xedc8221cd5d268b9 132550 1 -2 3 4 -5 6 -7 -8 -9 10 11 -12 -13 14 15 16 -17 -18 -19 20
0x2b126534c49c5951 132550 1 -2 3 4 -5 6 -7 -8 -9 10 11 -12 -13 14 15 16 -17 -18 -19 20
0xfb7a7ca0ebd2c62c 132550 1 -2 3 4 -5 6 -7 -8 -9 10 11 -12 -13 14 15 16 -17 -18 -19 20
0x5ca347b917ba3af4 132550 1 -2 3 4 -5 6 -7 -8 -9 10 11 -12 -13 14 15 16 -17 -18 -19 20
0x2f89481c8a8e6c9b 132550 1 -2 3 4 -5 6 -7 -8 -9 10 11 -12 -13 14 15 16 -17 -18 -19 20
0xd442c34a3b3e7f42 132550 1 -2 3 4 -5 6 -7 -8 -9 10 11 -12 -13 14 15 16 -17 -18 -19 20
0xcfa95e6d81ef0154 132550 1 -2 3 4 -5 6 -7 -8 -9 10 11 -12 -13 14 15 16 -17 -18 -19 20
0x66b4c01d29f15997 132550 1 -2 3 4 -5 6 -7 -8 -9 10 11 -12 -13 14 15 16 -17 -18 -19 20
0xd9bfefdc9bc38f32 132550 1 -2 3 4 -5 6 -7 -8 -9 10 11 -12 -13 14 15 16 -17 -18 -19 20
0xae0a15b58dd65a52 132550 1 -2 3 4 -5 6 -7 -8 -9 10 11 -12 -13 14 15 16 -17 -18 -19 20
0xb4f06217b90188a 132550 1 -2 3 4 -5 6 -7 -8 -9 10 11 -12 -13 14 15 16 -17 -18 -19 20
0x7aec818f0935d64e 132550 1 -2 3 4 -5 6 -7 -8 -9 10 11 -12 -13 14 15 16 -17 -18 -19 20
0xe94fdc45ff582faa 132550 1 -2 3 4 -5 6 -7 -8 -9 10 11 -12 -13 14 15 16 -17 -18 -19 20
0x50f56e303c135b5d 132550 1 -2 3 4 -5 6 -7 -8 -9 10 11 -12 -13 14 15 16 -17 -18 -19 20
0x7870dbd9d5f39782 132550 1 -2 3 4 -5 6 -7 -8 -9 10 11 -12 -13 14 15 16 -17 -18 -19 20
0x7a46d11bd9896b36 132550 1 -2 3 4 -5 6 -7 -8 -9 10 11 -12 -13 14 15 16 -17 -18 -19 20
0xaa805a57adeb2dca 132550 1 -2 3 4 -5 6 -7 -8 -9 10 11 -12 -13 14 15 16 -17 -18 -19 20
0xf63559f21bd5930 132550 1 -2 3 4 -5 6 -7 -8 -9 10 11 -12 -13 14 15 16 -17 -18 -19 20
0xd68d4e172de1db60 132550 1 -2 3 4 -5 6 -7 -8 -9 10 11 -12 -13 14 15 16 -17 -18 -19 20
0x3aad045a700ba843 132550 1 -2 3 4 -5 6 -7 -8 -9 10 11 -12 -13 14 15 16 -17 -18 -19 20
0xb0add4d2452c8507 132550 1 -2 3 4 -5 6 -7 -8 -9 10 11 -12 -13 14 15 16 -17 -18 -19 20
0x1c7d1b4052e565a0 132550 1 -2 3 4 -5 6 -7 -8 -9 10 11 -12 -13 14 15 16 -17 -18 -19 20
0x5b0466358b535a44 132550 1 -2 3 4 -5 6 -7 -8 -9 10 11 -12 -13 14 15 16 -17 -18 -19 20
0x614497229aec929b 132550 1 -2 3 4 -5 6 -7 -8 -9 10 11 -12 -13 14 15 16 -17 -18 -19 20