0xa609235c2d336471 98087 -1 2 -3 -4 -5 -6 -7 -8 9 10 -11 -12 13 14 -15 -16 17 18 19 20
0x54054b6beddc5562 98087 -1 2 -3 -4 -5 -6 -7 -8 9 10 -11 -12 13 14 -15 -16 17 18 19 20
0x5dda69cd042673be 98087 -1 2 -3 -4 -5 -6 -7 -8 9 10 -11 -12 13 14 -15 -16 17 18 19 20
0x98bd8f709a7619 98087 -1 2 -3 -4 -5 -6 -7 -8 9 10 -11 -12 13 14 -15 -16 17 18 19 20
0xb1621d351840c76d 98087 -1 2 -3 -4 -5 -6 -7 -8 9 10 -11 -12 13 14 -15 -16 17 18 19 20
0xa08fd8e98ab62d56 98087 -1 2 -3 -4 -5 -6 -7 -8 9 10 -11 -12 13 14 -15 -16 17 18 19 20
0x44e266697b6fcc63 98087 -1 2 -3 -4 -5 -6 -7 -8 9 10 -11 -12 13 14 -15 -16 17 18 19 20
0x959b225ae834e74b 98087 -1 2 -3 -4 -5 -6 -7 -8 9 10 -11 -12 13 14 -15 -16 17 18 19 20
0x47f42dc8aa29fb9d 98087 -1 2 -3 -4 -5 -6 -7 -8 9 10 -11 -12 13 14 -15 -16 17 18 19 20
0x8d13ac690baf9f16 98087 -1 2 -3 -4 -5 -6 -7 -8 9 10 -11 -12 13 14 -15 -16 17 18 19 20
0xab8f6e821d035394 98087 -1 2 -3 -4 -5 -6 -7 -8 9 10 -11 -12 13 14 -15 -16 17 18 19 20
0x31bc60c2fc697ccd 98087 -1 2 -3 -4 -5 -6 -7 -8 9 10 -11 -12 13 14 -15 -16 17 18 19 20
0xc0c34da3313ed9 98087 -1 2 -3 -4 -5 -6 -7 -8 9 10 -11 -12 13 14 -15 -16 17 18 19 20
0x6283e65d82173a4c 98087 -1 2 -3 -4 -5 -6 -7 -8 9 10 -11 -12 13 14 -15 -16 17 18 19 20
0xc98cf04f670d9912 98087 -1 2 -3 -4 -5 -6 -7 -8 9 10 -11 -12 13 14 -15 -16 17 18 19 20
0x3ade48e1579561b7 98087 -1 2 -3 -4 -5 -6 -7 -8 9 10 -11 -12 13 14 -15 -16 17 18 19 20
0x132cdb43fdcac33e 98087 -1 2 -3 -4 -5 -6 -7 -8 9 10 -11 -12 13 14 -15 -16 17 18 19 20
0x4c6ac3e0ccfd6879 98087 -1 2 -3 -4 -5 -6 -7 -8 9 10 -11 -12 13 14 -15 -16 17 18 19 20
0xe47663ef783e95c6 98087 -1 2 -3 -4 -5 -6 -7 -8 9 10 -11 -12 13 14 -15 -16 17 18 19 20
0x5e998302ddf95058 98087 -1 2 -3 -4 -5 -6 -7 -8 9 10 -11 -12 13 14 -15 -16 17 18 19 20
0x6b0a23ef7c213e87 98087 -1 2 -3 -4 -5 -6 -7 -8 9 10 -11 -12 13 14 -15 -16 17 18 19 20
0xbaa45c6fde33119d 98087 -1 2 -3 -4 -5 -6 -7 -8 9 10 -11 -12 13 14 -15 -16 17 18 19 20
0xdbf8e62f9ba8263d 98087 -1 2 -3 -4 -5 -6 -7 -8 9 10 -11 -12 13 14 -15 -16 17 18 19 20
0x9684a0acd210cd00 98087 -1 2 -3 -4 -5 -6 -7 -8 9 10 -11 -12 13 14 -15 -16 17 18 19 20
0x9e61dbf7f15db387 98087 -1 2 -3 -4 -5 -6 -7 -8 9 10 -11 -12 13 14 -15 -16 17 18 19 20
0x3fa1f8e6753da157 98087 -1 2 -3 -4 -5 -6 -7 -8 9 10 -11 -12 13 14 -15 -16 17 18 19 20
0x9f698dd853218584 98087 -1 2 -3 -4 -5 -6 -7 -8 9 10 -11 -12 13 14 -15 -16 17 18 19 20
0x78988457881f0ba0 98087 -1 2 -3 -4 -5 -6 -7 -8 9 10 -11 -12 13 14 -15 -16 17 18 19 20
0xe1144cb1f9d77c14 98087 -1 2 -3 -4 -5 -6 -7 -8 9 10 -11 -12 13 14 -15 -16 17 18 19 20
0x4449fd494a53cdcb 98087 -1 2 -3 -4 -5 -6 -7 -8 9 10 -11 -12 13 14 -15 -16 17 18 19 20