0x75614a70d34fd394 115510 1 2 3 -4 5 6 7 8 9 10 11 -12 -13 -14 -15 16 17 -18 19 -20
0x17427f79de993e3b 115510 1 2 3 -4 5 6 7 8 9 10 11 -12 -13 -14 -15 16 17 -18 19 -20
0x8905d0591bc4ceb3 115510 1 2 3 -4 5 6 7 8 9 10 11 -12 -13 -14 -15 16 17 -18 19 -20
0x93dfaee6998b3e00 115510 1 2 3 -4 5 6 7 8 9 10 11 -12 -13 -14 -15 16 17 -18 19 -20
0xba6339411922a2c 115510 1 2 3 -4 5 6 7 8 9 10 11 -12 -13 -14 -15 16 17 -18 19 -20
0x988a563651373097 115510 1 2 3 -4 5 6 7 8 9 10 11 -12 -13 -14 -15 16 17 -18 19 -20
0xa28ea6e1f5d51b55 115510 1 2 3 -4 5 6 7 8 9 10 11 -12 -13 -14 -15 16 17 -18 19 -20
0xa1fd9ec2a87256f6 115510 1 2 3 -4 5 6 7 8 9 10 11 -12 -13 -14 -15 16 17 -18 19 -20
0x7d56b64264ef57bf 115510 1 2 3 -4 5 6 7 8 9 10 11 -12 -13 -14 -15 16 17 -18 19 -20
0xaa771330482a474c 115510 1 2 3 -4 5 6 7 8 9 10 11 -12 -13 -14 -15 16 17 -18 19 -20
0x9df7b6f370b4c53e 115510 1 2 3 -4 5 6 7 8 9 10 11 -12 -13 -14 -15 16 17 -18 19 -20
0xc1008a03e004ccb9 115510 1 2 3 -4 5 6 7 8 9 10 11 -12 -13 -14 -15 16 17 -18 19 -20
0x7d5737734ffd29e5 115510 1 2 3 -4 5 6 7 8 9 10 11 -12 -13 -14 -15 16 17 -18 19 -20
0x6267d85fdbb37f6e 115510 1 2 3 -4 5 6 7 8 9 10 11 -12 -13 -14 -15 16 17 -18 19 -20
0x4bf008167771e8c7 115510 1 2 3 -4 5 6 7 8 9 10 11 -12 -13 -14 -15 16 17 -18 19 -20
0xbae2775a8615a050 115510 1 2 3 -4 5 6 7 8 9 10 11 -12 -13 -14 -15 16 17 -18 19 -20
0x67484054839ca2ab 115510 1 2 3 -4 5 6 7 8 9 10 11 -12 -13 -14 -15 16 17 -18 19 -20
0x16961be7649c3552 115510 1 2 3 -4 5 6 7 8 9 10 11 -12 -13 -14 -15 16 17 -18 19 -20
0x5ec005702323e54b 115510 1 2 3 -4 5 6 7 8 9 10 11 -12 -13 -14 -15 16 17 -18 19 -20
0xd70db1e3350180de 115510 1 2 3 -4 5 6 7 8 9 10 11 -12 -13 -14 -15 16 17 -18 19 -20
0xd7a9146c4f75e35b 115510 1 2 3 -4 5 6 7 8 9 10 11 -12 -13 -14 -15 16 17 -18 19 -20
0x69969d8bdf597599 115510 1 2 3 -4 5 6 7 8 9 10 11 -12 -13 -14 -15 16 17 -18 19 -20
0xa96b40db17e03e78 115510 1 2 3 -4 5 6 7 8 9 10 11 -12 -13 -14 -15 16 17 -18 19 -20
0x212cde0612860971 115510 1 2 3 -4 5 6 7 8 9 10 11 -12 -13 -14 -15 16 17 -18 19 -20
0x13cf07e14d4787dd 115510 1 2 3 -4 5 6 7 8 9 10 11 -12 -13 -14 -15 16 17 -18 19 -20
0xc58a462014349c92 115510 1 2 3 -4 5 6 7 8 9 10 11 -12 -13 -14 -15 16 17 -18 19 -20
0x3cc8e056c3b257a1 115510 1 2 3 -4 5 6 7 8 9 10 11 -12 -13 -14 -15 16 17 -18 19 -20
0xa86d99bd75c9919d 115510 1 2 3 -4 5 6 7 8 9 10 11 -12 -13 -14 -15 16 17 -18 19 -20
0x9582c33bf4226323 115510 1 2 3 -4 5 6 7 8 9 10 11 -12 -13 -14 -15 16 17 -18 19 -20
0xab13bb2b43ac8470 115510 1 2 3 -4 5 6 7 8 9 10 11 -12 -13 -14 -15 16 17 -18 19 -20