0x71119407228bea96 78988 1 2 3 4 5 6 7 8 9 10 -11 12 13 14 -15 -16 17 18 19 20
0x700ca6d9ab93618d 78988 1 2 3 4 5 6 7 8 9 10 -11 12 13 14 -15 -16 17 18 19 20
0x210f810e801e6752 78988 1 2 3 4 5 6 7 8 9 10 -11 12 13 14 -15 -16 17 18 19 20
0xb5a82aa5ce1224b3 78988 1 2 3 4 5 6 7 8 9 10 -11 12 13 14 -15 -16 17 18 19 20
0xa5a809662277e978 78988 1 2 3 4 5 6 7 8 9 10 -11 12 13 14 -15 -16 17 18 19 20
0x7cb76a4ecc822e8d 78988 1 2 3 4 5 6 7 8 9 10 -11 12 13 14 -15 -16 17 18 19 20
0x159890f0300c781 78988 1 2 3 4 5 6 7 8 9 10 -11 12 13 14 -15 -16 17 18 19 20
0x3ee6e78bb8952407 78988 1 2 3 4 5 6 7 8 9 10 -11 12 13 14 -15 -16 17 18 19 20
0xd9abf55f613ca177 78988 1 2 3 4 5 6 7 8 9 10 -11 12 13 14 -15 -16 17 18 19 20
0x239a0754ea06ec4b 78988 1 2 3 4 5 6 7 8 9 10 -11 12 13 14 -15 -16 17 18 19 20
0x561706865d503ce3 78988 1 2 3 4 5 6 7 8 9 10 -11 12 13 14 -15 -16 17 18 19 20
0x85770a235d01d5b5 78988 1 2 3 4 5 6 7 8 9 10 -11 12 13 14 -15 -16 17 18 19 20
0xa6b7093ba55aa7b7 78988 1 2 3 4 5 6 7 8 9 10 -11 12 13 14 -15 -16 17 18 19 20
0xdb456f81c699dc06 78988 1 2 3 4 5 6 7 8 9 10 -11 12 13 14 -15 -16 17 18 19 20
0xcacb9388c9d421e8 78988 1 2 3 4 5 6 7 8 9 10 -11 12 13 14 -15 -16 17 18 19 20
0xc8efb01da8af7234 78988 1 2 3 4 5 6 7 8 9 10 -11 12 13 14 -15 -16 17 18 19 20
0x174ea6696c3106c0 78988 1 2 3 4 5 6 7 8 9 10 -11 12 13 14 -15 -16 17 18 19 20
0x341f19467d38f2db 78988 1 2 3 4 5 6 7 8 9 10 -11 12 13 14 -15 -16 17 18 19 20
0xd087accabde2952c 78988 1 2 3 4 5 6 7 8 9 10 -11 12 13 14 -15 -16 17 18 19 20
0x3c84c1382caddf9a 78988 1 2 3 4 5 6 7 8 9 10 -11 12 13 14 -15 -16 17 18 19 20
0x58d37d3995b1db7 78988 1 2 3 4 5 6 7 8 9 10 -11 12 13 14 -15 -16 17 18 19 20
0x93060396ebdfdcba 78988 1 2 3 4 5 6 7 8 9 10 -11 12 13 14 -15 -16 17 18 19 20
0x9a857056b164639f 78988 1 2 3 4 5 6 7 8 9 10 -11 12 13 14 -15 -16 17 18 19 20
0xc28acbe0c7359042 78988 1 2 3 4 5 6 7 8 9 10 -11 12 13 14 -15 -16 17 18 19 20
0x90ba8f1f77a6ef6a 78988 1 2 3 4 5 6 7 8 9 10 -11 12 13 14 -15 -16 17 18 19 20
0xa0718932bca96e9b 78988 1 2 3 4 5 6 7 8 9 10 -11 12 13 14 -15 -16 17 18 19 20
0x8413a13087c9951c 78988 1 2 3 4 5 6 7 8 9 10 -11 12 13 14 -15 -16 17 18 19 20
0x40a8df92ad52d78a 78988 1 2 3 4 5 6 7 8 9 10 -11 12 13 14 -15 -16 17 18 19 20
0x201465cb10996928 78988 1 2 3 4 5 6 7 8 9 10 -11 12 13 14 -15 -16 17 18 19 20
0x848c0db212b0b592 78988 1 2 3 4 5 6 7 8 9 10 -11 12 13 14 -15 -16 17 18 19 20