0xdcd76fb8dccfb903 66559 -1 -2 -3 4 5 -6 7 -8 9 10 11 -12 13 -14 -15 16 17 18 19 20
0xf21c210dcf357db2 66559 -1 -2 -3 4 5 -6 7 -8 9 10 11 -12 13 -14 -15 16 17 18 19 20
0xf59515cb56d4a805 66559 -1 -2 -3 4 5 -6 7 -8 9 10 11 -12 13 -14 -15 16 17 18 19 20
0xf89ff7126eb99c4b 66559 -1 -2 -3 4 5 -6 7 -8 9 10 11 -12 13 -14 -15 16 17 18 19 20
0x496e2584d4111593 66559 -1 -2 -3 4 5 -6 7 -8 9 10 11 -12 13 -14 -15 16 17 18 19 20
0xa3a2afdd0e1dd843 66559 -1 -2 -3 4 5 -6 7 -8 9 10 11 -12 13 -14 -15 16 17 18 19 20
0x7acff6860f631c2 66559 -1 -2 -3 4 5 -6 7 -8 9 10 11 -12 13 -14 -15 16 17 18 19 20
0x9ba283873446fdfc 66559 -1 -2 -3 4 5 -6 7 -8 9 10 11 -12 13 -14 -15 16 17 18 19 20
0x84702d30dc5a3ce2 66559 -1 -2 -3 4 5 -6 7 -8 9 10 11 -12 13 -14 -15 16 17 18 19 20
0xa1ba6ea8c737e9 66559 -1 -2 -3 4 5 -6 7 -8 9 10 11 -12 13 -14 -15 16 17 18 19 20
0x733cd1dfb8723789 66559 -1 -2 -3 4 5 -6 7 -8 9 10 11 -12 13 -14 -15 16 17 18 19 20
0xaa6dee3386c1c8bd 66559 -1 -2 -3 4 5 -6 7 -8 9 10 11 -12 13 -14 -15 16 17 18 19 20
0x830519b3722f9288 66559 -1 -2 -3 4 5 -6 7 -8 9 10 11 -12 13 -14 -15 16 17 18 19 20
0xc631c7ed284a896a 66559 -1 -2 -3 4 5 -6 7 -8 9 10 11 -12 13 -14 -15 16 17 18 19 20
0x377cfdee2fd41fdd 66559 -1 -2 -3 4 5 -6 7 -8 9 10 11 -12 13 -14 -15 16 17 18 19 20
0x6f8d3ae43524c217 66559 -1 -2 -3 4 5 -6 7 -8 9 10 11 -12 13 -14 -15 16 17 18 19 20
0xfb5aa3dd0d19fb09 66559 -1 -2 -3 4 5 -6 7 -8 9 10 11 -12 13 -14 -15 16 17 18 19 20
0xf8b30f4d2fb03e09 66559 -1 -2 -3 4 5 -6 7 -8 9 10 11 -12 13 -14 -15 16 17 18 19 20
0x45d889ab1f6384a2 66559 -1 -2 -3 4 5 -6 7 -8 9 10 11 -12 13 -14 -15 16 17 18 19 20
0x2224bf23f8a1e103 66559 -1 -2 -3 4 5 -6 7 -8 9 10 11 -12 13 -14 -15 16 17 18 19 20
0x370292fa2f39e997 66559 -1 -2 -3 4 5 -6 7 -8 9 10 11 -12 13 -14 -15 16 17 18 19 20
0xed5c62ef2d1edfc8 66559 -1 -2 -3 4 5 -6 7 -8 9 10 11 -12 13 -14 -15 16 17 18 19 20
0x95bf823fd07b408f 66559 -1 -2 -3 4 5 -6 7 -8 9 10 11 -12 13 -14 -15 16 17 18 19 20
0x3869c3c65ebd7869 66559 -1 -2 -3 4 5 -6 7 -8 9 10 11 -12 13 -14 -15 16 17 18 19 20
0x9dad9b9dac3168e1 66559 -1 -2 -3 4 5 -6 7 -8 9 10 11 -12 13 -14 -15 16 17 18 19 20
0x369802d3f5f7ce3c 66559 -1 -2 -3 4 5 -6 7 -8 9 10 11 -12 13 -14 -15 16 17 18 19 20
0x8b4b66d925a0da90 66559 -1 -2 -3 4 5 -6 7 -8 9 10 11 -12 13 -14 -15 16 17 18 19 20
0x47a2639cd69d666 66559 -1 -2 -3 4 5 -6 7 -8 9 10 11 -12 13 -14 -15 16 17 18 19 20
0x8ed97922fdcbcad4 66559 -1 -2 -3 4 5 -6 7 -8 9 10 11 -12 13 -14 -15 16 17 18 19 20
0xbc1fd988a05eb3c6 66559 -1 -2 -3 4 5 -6 7 -8 9 10 11 -12 13 -14 -15 16 17 18 19 20