0xbb6f737c528dc87e 64853 1 -2 3 4 5 -6 7 8 9 10 -11 -12 -13 14 -15 -16 17 -18 19 20
0x9848a2934c8bb5e8 64853 1 -2 3 4 5 -6 7 8 9 10 -11 -12 -13 14 -15 -16 17 -18 19 20
0x9eb4b45e1b02f805 64853 1 -2 3 4 5 -6 7 8 9 10 -11 -12 -13 14 -15 -16 17 -18 19 20
0x6ffef263517d8029 64853 1 -2 3 4 5 -6 7 8 9 10 -11 -12 -13 14 -15 -16 17 -18 19 20
0x62d348dffa6d9bc3 64853 1 -2 3 4 5 -6 7 8 9 10 -11 -12 -13 14 -15 -16 17 -18 19 20
0xd866dc7c6acb91d9 64853 1 -2 3 4 5 -6 7 8 9 10 -11 -12 -13 14 -15 -16 17 -18 19 20
0x6d5bc9e74a91ac58 64853 1 -2 3 4 5 -6 7 8 9 10 -11 -12 -13 14 -15 -16 17 -18 19 20
0x526e445fa65d5060 64853 1 -2 3 4 5 -6 7 8 9 10 -11 -12 -13 14 -15 -16 17 -18 19 20
0x31e58ae99ebdba39 64853 1 -2 3 4 5 -6 7 8 9 10 -11 -12 -13 14 -15 -16 17 -18 19 20
0x17a0bec31744b530 64853 1 -2 3 4 5 -6 7 8 9 10 -11 -12 -13 14 -15 -16 17 -18 19 20
0x6f389eedba0e71a5 64853 1 -2 3 4 5 -6 7 8 9 10 -11 -12 -13 14 -15 -16 17 -18 19 20
0x1dc501dfc208e0c6 64853 1 -2 3 4 5 -6 7 8 9 10 -11 -12 -13 14 -15 -16 17 -18 19 20
0xdcae21936605bc96 64853 1 -2 3 4 5 -6 7 8 9 10 -11 -12 -13 14 -15 -16 17 -18 19 20
0x75dad2a46b30fd21 64853 1 -2 3 4 5 -6 7 8 9 10 -11 -12 -13 14 -15 -16 17 -18 19 20
0x7d68546409afc116 64853 1 -2 3 4 5 -6 7 8 9 10 -11 -12 -13 14 -15 -16 17 -18 19 20
0x6cf2858d0ed0f48 64853 1 -2 3 4 5 -6 7 8 9 10 -11 -12 -13 14 -15 -16 17 -18 19 20
0xb4c51203c8fc7e1c 64853 1 -2 3 4 5 -6 7 8 9 10 -11 -12 -13 14 -15 -16 17 -18 19 20
0x442769a8f315fb63 64853 1 -2 3 4 5 -6 7 8 9 10 -11 -12 -13 14 -15 -16 17 -18 19 20
0x445c712e9c4b5dbf 64853 1 -2 3 4 5 -6 7 8 9 10 -11 -12 -13 14 -15 -16 17 -18 19 20
0x68db3a1fbaf6cee8 64853 1 -2 3 4 5 -6 7 8 9 10 -11 -12 -13 14 -15 -16 17 -18 19 20
0xb13f24eab4dff9ae 64853 1 -2 3 4 5 -6 7 8 9 10 -11 -12 -13 14 -15 -16 17 -18 19 20
0x25336d627b962001 64853 1 -2 3 4 5 -6 7 8 9 10 -11 -12 -13 14 -15 -16 17 -18 19 20
0xef092c82e474ad44 64853 1 -2 3 4 5 -6 7 8 9 10 -11 -12 -13 14 -15 -16 17 -18 19 20
0x873e214b25766c96 64853 1 -2 3 4 5 -6 7 8 9 10 -11 -12 -13 14 -15 -16 17 -18 19 20
0x480f9bee3eba120 64853 1 -2 3 4 5 -6 7 8 9 10 -11 -12 -13 14 -15 -16 17 -18 19 20
0xae38387eff8812eb 64853 1 -2 3 4 5 -6 7 8 9 10 -11 -12 -13 14 -15 -16 17 -18 19 20
0xc4803a00f3486dd4 64853 1 -2 3 4 5 -6 7 8 9 10 -11 -12 -13 14 -15 -16 17 -18 19 20
0xa8a61be8ed1ca3ba 64853 1 -2 3 4 5 -6 7 8 9 10 -11 -12 -13 14 -15 -16 17 -18 19 20
0xcf72e55f41323691 64853 1 -2 3 4 5 -6 7 8 9 10 -11 -12 -13 14 -15 -16 17 -18 19 20
0x6ff72e79c69f32c2 64853 1 -2 3 4 5 -6 7 8 9 10 -11 -12 -13 14 -15 -16 17 -18 19 20