0xf1caa7e794e479d6 99774 1 2 3 -4 -5 6 7 -8 9 10 11 12 -13 14 15 16 -17 18 19 -20
0x5ca715925742aa95 99774 1 2 3 -4 -5 6 7 -8 9 10 11 12 -13 14 15 16 -17 18 19 -20
0x5859ea9432c4ba5 99774 1 2 3 -4 -5 6 7 -8 9 10 11 12 -13 14 15 16 -17 18 19 -20
0x177814e729500173 99774 1 2 3 -4 -5 6 7 -8 9 10 11 12 -13 14 15 16 -17 18 19 -20
0x3a84420ac971d3ac 99774 1 2 3 -4 -5 6 7 -8 9 10 11 12 -13 14 15 16 -17 18 19 -20
0xcaf46bb63c4e7111 99774 1 2 3 -4 -5 6 7 -8 9 10 11 12 -13 14 15 16 -17 18 19 -20
0x8365d1a53e61b2f1 99774 1 2 3 -4 -5 6 7 -8 9 10 11 12 -13 14 15 16 -17 18 19 -20
0x70fe495cd9578dbe 99774 1 2 3 -4 -5 6 7 -8 9 10 11 12 -13 14 15 16 -17 18 19 -20
0x30bf16e1505f1981 99774 1 2 3 -4 -5 6 7 -8 9 10 11 12 -13 14 15 16 -17 18 19 -20
0xa621eb25d9757677 99774 1 2 3 -4 -5 6 7 -8 9 10 11 12 -13 14 15 16 -17 18 19 -20
0x170079b5a09abb6c 99774 1 2 3 -4 -5 6 7 -8 9 10 11 12 -13 14 15 16 -17 18 19 -20
0xeaa2aa29a201def2 99774 1 2 3 -4 -5 6 7 -8 9 10 11 12 -13 14 15 16 -17 18 19 -20
0x8d2e912068a9328 99774 1 2 3 -4 -5 6 7 -8 9 10 11 12 -13 14 15 16 -17 18 19 -20
0x629c39ba32eca82f 99774 1 2 3 -4 -5 6 7 -8 9 10 11 12 -13 14 15 16 -17 18 19 -20
0xb52c54f54979e766 99774 1 2 3 -4 -5 6 7 -8 9 10 11 12 -13 14 15 16 -17 18 19 -20
0xfe17ef29be48b52c 99774 1 2 3 -4 -5 6 7 -8 9 10 11 12 -13 14 15 16 -17 18 19 -20
0x1beb7a10ac83ddd6 99774 1 2 3 -4 -5 6 7 -8 9 10 11 12 -13 14 15 16 -17 18 19 -20
0xbbfc87a358ed16bf 99774 1 2 3 -4 -5 6 7 -8 9 10 11 12 -13 14 15 16 -17 18 19 -20
0x453036c7e09440f6 99774 1 2 3 -4 -5 6 7 -8 9 10 11 12 -13 14 15 16 -17 18 19 -20
0xedb13bd3a90774bb 99774 1 2 3 -4 -5 6 7 -8 9 10 11 12 -13 14 15 16 -17 18 19 -20
0x534e4fc5926abfb4 99774 1 2 3 -4 -5 6 7 -8 9 10 11 12 -13 14 15 16 -17 18 19 -20
0x5d8aea8bfff56b73 99774 1 2 3 -4 -5 6 7 -8 9 10 11 12 -13 14 15 16 -17 18 19 -20
0x72bed1332ee7f78b 99774 1 2 3 -4 -5 6 7 -8 9 10 11 12 -13 14 15 16 -17 18 19 -20
0xf29d059613d66321 99774 1 2 3 -4 -5 6 7 -8 9 10 11 12 -13 14 15 16 -17 18 19 -20
0xc6b456ecff8a6cea 99774 1 2 3 -4 -5 6 7 -8 9 10 11 12 -13 14 15 16 -17 18 19 -20
0xcaa56c50ab153bf2 99774 1 2 3 -4 -5 6 7 -8 9 10 11 12 -13 14 15 16 -17 18 19 -20
0x979cdc4ae008ec1e 99774 1 2 3 -4 -5 6 7 -8 9 10 11 12 -13 14 15 16 -17 18 19 -20
0x7516537694cc09c8 99774 1 2 3 -4 -5 6 7 -8 9 10 11 12 -13 14 15 16 -17 18 19 -20
0xc76b59f8c29e4ac7 99774 1 2 3 -4 -5 6 7 -8 9 10 11 12 -13 14 15 16 -17 18 19 -20
0x92e17b248e36e010 99774 1 2 3 -4 -5 6 7 -8 9 10 11 12 -13 14 15 16 -17 18 19 -20