0x734d273380f4ced8 70554 -1 2 3 4 5 -6 -7 8 9 10 11 -12 13 -14 15 -16 17 -18 -19 -20
0x92f24c968ba9ee5c 70554 -1 2 3 4 5 -6 -7 8 9 10 11 -12 13 -14 15 -16 17 -18 -19 -20
0xaae46419455b6a49 70554 -1 2 3 4 5 -6 -7 8 9 10 11 -12 13 -14 15 -16 17 -18 -19 -20
0xe76619d368da8946 70554 -1 2 3 4 5 -6 -7 8 9 10 11 -12 13 -14 15 -16 17 -18 -19 -20
0xd6c7251f802ff76a 70554 -1 2 3 4 5 -6 -7 8 9 10 11 -12 13 -14 15 -16 17 -18 -19 -20
0xbcab0bc99a5ab9d 70554 -1 2 3 4 5 -6 -7 8 9 10 11 -12 13 -14 15 -16 17 -18 -19 -20
0xf7b825ee4bbfe2f0 70554 -1 2 3 4 5 -6 -7 8 9 10 11 -12 13 -14 15 -16 17 -18 -19 -20
0xac657b97c0464fae 70554 -1 2 3 4 5 -6 -7 8 9 10 11 -12 13 -14 15 -16 17 -18 -19 -20
0x420cfe250174c038 70554 -1 2 3 4 5 -6 -7 8 9 10 11 -12 13 -14 15 -16 17 -18 -19 -20
0xfd8aa8e22aa3d851 70554 -1 2 3 4 5 -6 -7 8 9 10 11 -12 13 -14 15 -16 17 -18 -19 -20
0x9409f43887e3c8b7 70554 -1 2 3 4 5 -6 -7 8 9 10 11 -12 13 -14 15 -16 17 -18 -19 -20
0x93fb0f2d1e5b30e3 70554 -1 2 3 4 5 -6 -7 8 9 10 11 -12 13 -14 15 -16 17 -18 -19 -20
0x6dd7a016e286171c 70554 -1 2 3 4 5 -6 -7 8 9 10 11 -12 13 -14 15 -16 17 -18 -19 -20
0xd5ce93d51a39c2e4 70554 -1 2 3 4 5 -6 -7 8 9 10 11 -12 13 -14 15 -16 17 -18 -19 -20
0x6206e34baf43902d 70554 -1 2 3 4 5 -6 -7 8 9 10 11 -12 13 -14 15 -16 17 -18 -19 -20
0x44d0a4ea36965666 70554 -1 2 3 4 5 -6 -7 8 9 10 11 -12 13 -14 15 -16 17 -18 -19 -20
0xcebc162e0c5247d6 70554 -1 2 3 4 5 -6 -7 8 9 10 11 -12 13 -14 15 -16 17 -18 -19 -20
0xf2a224d4a176e04f 70554 -1 2 3 4 5 -6 -7 8 9 10 11 -12 13 -14 15 -16 17 -18 -19 -20
0x3fc8b8c9a6cac2cf 70554 -1 2 3 4 5 -6 -7 8 9 10 11 -12 13 -14 15 -16 17 -18 -19 -20
0x90b6de7eec7aa695 70554 -1 2 3 4 5 -6 -7 8 9 10 11 -12 13 -14 15 -16 17 -18 -19 -20
0x144dd72f8a30fec 70554 -1 2 3 4 5 -6 -7 8 9 10 11 -12 13 -14 15 -16 17 -18 -19 -20
0x3c463a222973f165 70554 -1 2 3 4 5 -6 -7 8 9 10 11 -12 13 -14 15 -16 17 -18 -19 -20
0xaca01c7545113afc 70554 -1 2 3 4 5 -6 -7 8 9 10 11 -12 13 -14 15 -16 17 -18 -19 -20
0x398be634e2f2565e 70554 -1 2 3 4 5 -6 -7 8 9 10 11 -12 13 -14 15 -16 17 -18 -19 -20
0x97f142ca30ccae28 70554 -1 2 3 4 5 -6 -7 8 9 10 11 -12 13 -14 15 -16 17 -18 -19 -20
0xf905378ef251827c 70554 -1 2 3 4 5 -6 -7 8 9 10 11 -12 13 -14 15 -16 17 -18 -19 -20
0x123c5158c91d7ae6 70554 -1 2 3 4 5 -6 -7 8 9 10 11 -12 13 -14 15 -16 17 -18 -19 -20
0xc589861ca1ad7b0d 70554 -1 2 3 4 5 -6 -7 8 9 10 11 -12 13 -14 15 -16 17 -18 -19 -20
0x226e0e02d1fd3b9e 70554 -1 2 3 4 5 -6 -7 8 9 10 11 -12 13 -14 15 -16 17 -18 -19 -20
0x4284c6866df578d3 70554 -1 2 3 4 5 -6 -7 8 9 10 11 -12 13 -14 15 -16 17 -18 -19 -20