0xde661a733509d3a0 59867 1 -2 3 -4 -5 6 -7 8 -9 10 11 12 -13 -14 -15 16 17 18 19 -20
0xa719b572fb5e8e9 59867 1 -2 3 -4 -5 6 -7 8 -9 10 11 12 -13 -14 -15 16 17 18 19 -20
0xefa5f70dc1945821 59867 1 -2 3 -4 -5 6 -7 8 -9 10 11 12 -13 -14 -15 16 17 18 19 -20
0xc1ebfe11da763dcf 59867 1 -2 3 -4 -5 6 -7 8 -9 10 11 12 -13 -14 -15 16 17 18 19 -20
0x9cbe7d129123fd1a 59867 1 -2 3 -4 -5 6 -7 8 -9 10 11 12 -13 -14 -15 16 17 18 19 -20
0x8dfb0a6500d87bcf 59867 1 2 3 -4 5 -6 -7 -8 9 -10 -11 -12 13 14 15 16 17 -18 19 -20
0xd9aacdf66348da54 59867 1 -2 3 -4 -5 6 -7 8 -9 10 11 12 -13 -14 -15 16 17 18 19 -20
0x8e3f8da47b2fe8be 59867 1 -2 3 -4 -5 6 -7 8 -9 10 11 12 -13 -14 -15 16 17 18 19 -20
0x9a5c1d6b70601a85 59867 1 2 3 -4 5 -6 -7 -8 9 -10 -11 -12 13 14 15 16 17 -18 19 -20
0x4667030e1fc0654f 59867 1 2 3 -4 5 -6 -7 -8 9 -10 -11 -12 13 14 15 16 17 -18 19 -20
0xf3b54fd7c179de02 59867 1 2 3 -4 5 -6 -7 -8 9 -10 -11 -12 13 14 15 16 17 -18 19 -20
0x45c70d92c1ec880a 59867 1 -2 3 -4 -5 6 -7 8 -9 10 11 12 -13 -14 -15 16 17 18 19 -20
0x1684dac62998c2e8 59867 1 2 3 -4 5 -6 -7 -8 9 -10 -11 -12 13 14 15 16 17 -18 19 -20
0x921b9232c06f01fc 59867 1 -2 3 -4 -5 6 -7 8 -9 10 11 12 -13 -14 -15 16 17 18 19 -20
0xc73c19906a07ba94 59867 1 -2 3 -4 -5 6 -7 8 -9 10 11 12 -13 -14 -15 16 17 18 19 -20
0x746ab383f061b435 59867 1 -2 3 -4 -5 6 -7 8 -9 10 11 12 -13 -14 -15 16 17 18 19 -20
0xd5ea70e4a42d2729 59867 1 -2 3 -4 -5 6 -7 8 -9 10 11 12 -13 -14 -15 16 17 18 19 -20
0x40ee9d31629e554a 59867 1 -2 3 -4 -5 6 -7 8 -9 10 11 12 -13 -14 -15 16 17 18 19 -20
0xe24f2cdc091fee7d 59867 1 2 3 -4 5 -6 -7 -8 9 -10 -11 -12 13 14 15 16 17 -18 19 -20
0x24e846aeb2f0b7cd 59867 1 2 3 -4 5 -6 -7 -8 9 -10 -11 -12 13 14 15 16 17 -18 19 -20
0xc5014dda4d40eaf1 59867 1 -2 3 -4 -5 6 -7 8 -9 10 11 12 -13 -14 -15 16 17 18 19 -20
0xce65820a4ee9e604 59867 1 -2 3 -4 -5 6 -7 8 -9 10 11 12 -13 -14 -15 16 17 18 19 -20
0xadea6911f5e0d930 59867 1 -2 3 -4 -5 6 -7 8 -9 10 11 12 -13 -14 -15 16 17 18 19 -20
0x5f8266042578ef8c 59867 1 -2 3 -4 -5 6 -7 8 -9 10 11 12 -13 -14 -15 16 17 18 19 -20
0x6807ac7cc5915d4f 59867 1 2 3 -4 5 -6 -7 -8 9 -10 -11 -12 13 14 15 16 17 -18 19 -20
0x6a5dc60c58fa7ac2 59867 1 2 3 -4 5 -6 -7 -8 9 -10 -11 -12 13 14 15 16 17 -18 19 -20
0x623d53cfd9f95bad 59867 1 2 3 -4 5 -6 -7 -8 9 -10 -11 -12 13 14 15 16 17 -18 19 -20
0xeca2dd4f9a1f8b02 59867 1 2 3 -4 5 -6 -7 -8 9 -10 -11 -12 13 14 15 16 17 -18 19 -20
0x8d3728a010b1b6c9 59867 1 2 3 -4 5 -6 -7 -8 9 -10 -11 -12 13 14 15 16 17 -18 19 -20
0x2cd48ca53f5a729d 59867 1 2 3 -4 5 -6 -7 -8 9 -10 -11 -12 13 14 15 16 17 -18 19 -20